2023-12-24T21:09:28.467Z INIT_START Runtime Version: nodejs:14.v42	Runtime Version ARN: arn:aws:lambda:us-east-1::runtime:4cb686be08f980f530c1cbdeae970951c08b712057b80e8698cf4641214607d6

2023-12-24T21:09:29.347Z START RequestId: 6e36b93e-50ca-56b7-a33c-e73cf0fd804e Version: $LATEST

2023-12-24T21:09:29.463Z 2023-12-24T21:09:29.463Z	6e36b93e-50ca-56b7-a33c-e73cf0fd804e	INFO	Processing message 0a6efd88-e58e-4d78-aabf-31f2a52b17ba

2023-12-24T21:09:29.496Z 2023-12-24T21:09:29.496Z	6e36b93e-50ca-56b7-a33c-e73cf0fd804e	INFO	Start syncing the balance {
  transaction: {
    id: '01HJETJKH2SRMNXYP0PE23WQ49',
    userId: '0842cf84-a66c-4ef8-af9d-9e806112336a',
    currency: 'SAR',
    amount: 90,
    vat: 0,
    oldBalance: 1340,
    newBalance: 1250
  }
}

2023-12-24T21:09:29.578Z 2023-12-24T21:09:29.578Z	6e36b93e-50ca-56b7-a33c-e73cf0fd804e	INFO	SubscriptionBalanceUpdated event published

2023-12-24T21:09:29.618Z END RequestId: 6e36b93e-50ca-56b7-a33c-e73cf0fd804e

2023-12-24T21:09:29.618Z REPORT RequestId: 6e36b93e-50ca-56b7-a33c-e73cf0fd804e	Duration: 270.99 ms	Billed Duration: 271 ms	Memory Size: 1024 MB	Max Memory Used: 116 MB	Init Duration: 879.05 ms	

2023-12-24T21:09:29.662Z START RequestId: 2ca3f836-08f4-5b8d-a973-a634a8bc3fbf Version: $LATEST

2023-12-24T21:09:29.688Z 2023-12-24T21:09:29.688Z	2ca3f836-08f4-5b8d-a973-a634a8bc3fbf	INFO	Processing message ddd714e2-faba-4844-85b5-7cd0b8360ceb

2023-12-24T21:09:29.695Z 2023-12-24T21:09:29.695Z	2ca3f836-08f4-5b8d-a973-a634a8bc3fbf	INFO	Start syncing the balance {
  transaction: {
    id: '01HJETJN739S5600P75H0T58MM',
    userId: '476664ea-f614-4903-8897-97305d19ac48',
    currency: 'SAR',
    amount: 90,
    vat: 0,
    oldBalance: 411,
    newBalance: 321
  }
}

2023-12-24T21:09:29.738Z 2023-12-24T21:09:29.738Z	2ca3f836-08f4-5b8d-a973-a634a8bc3fbf	INFO	SubscriptionBalanceUpdated event published

2023-12-24T21:09:29.752Z END RequestId: 2ca3f836-08f4-5b8d-a973-a634a8bc3fbf

2023-12-24T21:09:29.752Z REPORT RequestId: 2ca3f836-08f4-5b8d-a973-a634a8bc3fbf	Duration: 90.19 ms	Billed Duration: 91 ms	Memory Size: 1024 MB	Max Memory Used: 116 MB	

2023-12-24T21:09:29.919Z START RequestId: 04cedac2-0ec8-5702-91c1-84c0ae8141fb Version: $LATEST

2023-12-24T21:09:29.946Z 2023-12-24T21:09:29.946Z	04cedac2-0ec8-5702-91c1-84c0ae8141fb	INFO	Processing message 952efd8c-8993-4b1a-adbf-2c7fe06976aa

2023-12-24T21:09:29.953Z 2023-12-24T21:09:29.953Z	04cedac2-0ec8-5702-91c1-84c0ae8141fb	INFO	Start syncing the balance {
  transaction: {
    id: '01HJETJND2MEAN7XZMT252X7X6',
    userId: '954efdec-5815-4925-b0f6-041d83c02b01',
    currency: 'BHD',
    amount: 90,
    vat: 0,
    oldBalance: 1691.5,
    newBalance: 1601.5
  }
}

2023-12-24T21:09:29.991Z 2023-12-24T21:09:29.991Z	04cedac2-0ec8-5702-91c1-84c0ae8141fb	INFO	SubscriptionBalanceUpdated event published

2023-12-24T21:09:30.081Z END RequestId: 04cedac2-0ec8-5702-91c1-84c0ae8141fb

2023-12-24T21:09:30.081Z REPORT RequestId: 04cedac2-0ec8-5702-91c1-84c0ae8141fb	Duration: 161.21 ms	Billed Duration: 162 ms	Memory Size: 1024 MB	Max Memory Used: 116 MB	

2023-12-24T21:09:30.162Z START RequestId: 5a0c2146-9d0d-5e3c-b5dc-7f443d470a0e Version: $LATEST

2023-12-24T21:09:30.188Z 2023-12-24T21:09:30.188Z	5a0c2146-9d0d-5e3c-b5dc-7f443d470a0e	INFO	Processing message 6b962bed-0e35-4927-93ad-59ce680a06f8

2023-12-24T21:09:30.193Z 2023-12-24T21:09:30.193Z	5a0c2146-9d0d-5e3c-b5dc-7f443d470a0e	INFO	Start syncing the balance {
  transaction: {
    id: '01HJETJNNGJN2HDYYBMA4H9SZ5',
    userId: '5def4009-fdba-4a02-9555-9210152eb1f4',
    currency: 'BHD',
    amount: 4,
    vat: 0,
    oldBalance: 992,
    newBalance: 988
  }
}

2023-12-24T21:09:30.230Z 2023-12-24T21:09:30.230Z	5a0c2146-9d0d-5e3c-b5dc-7f443d470a0e	INFO	SubscriptionBalanceUpdated event published

2023-12-24T21:09:30.243Z END RequestId: 5a0c2146-9d0d-5e3c-b5dc-7f443d470a0e

2023-12-24T21:09:30.243Z REPORT RequestId: 5a0c2146-9d0d-5e3c-b5dc-7f443d470a0e	Duration: 81.39 ms	Billed Duration: 82 ms	Memory Size: 1024 MB	Max Memory Used: 116 MB	

2023-12-24T21:09:30.653Z START RequestId: 3f8825cd-602e-5bf9-ae48-7bcfc064efcb Version: $LATEST

2023-12-24T21:09:30.680Z 2023-12-24T21:09:30.680Z	3f8825cd-602e-5bf9-ae48-7bcfc064efcb	INFO	Processing message f2538847-e756-4280-9e3a-8d9362527344

2023-12-24T21:09:30.686Z 2023-12-24T21:09:30.686Z	3f8825cd-602e-5bf9-ae48-7bcfc064efcb	INFO	Start syncing the balance {
  transaction: {
    id: '01HJETJNS0542SK3YRTV7DYTK8',
    userId: 'cac838c5-a9e1-41b1-877e-2587cbea7b20',
    currency: 'BHD',
    amount: 9,
    vat: 0,
    oldBalance: 11626.9303,
    newBalance: 11617.93
  }
}

2023-12-24T21:09:30.724Z 2023-12-24T21:09:30.724Z	3f8825cd-602e-5bf9-ae48-7bcfc064efcb	INFO	SubscriptionBalanceUpdated event published

2023-12-24T21:09:30.738Z 2023-12-24T21:09:30.738Z	3f8825cd-602e-5bf9-ae48-7bcfc064efcb	ERROR	Subscription balance and payment balance are not in sync {
  userId: 'cac838c5-a9e1-41b1-877e-2587cbea7b20',
  subscriptionBalance: 11626.9303,
  paymentBalance: 13387.93
}

2023-12-24T21:09:30.789Z END RequestId: 3f8825cd-602e-5bf9-ae48-7bcfc064efcb

2023-12-24T21:09:30.789Z REPORT RequestId: 3f8825cd-602e-5bf9-ae48-7bcfc064efcb	Duration: 136.16 ms	Billed Duration: 137 ms	Memory Size: 1024 MB	Max Memory Used: 116 MB	

