2023-12-16T21:02:26.334Z START RequestId: 9f9fdd96-82a9-5da2-a844-806e9020013a Version: $LATEST

2023-12-16T21:02:26.365Z 2023-12-16T21:02:26.365Z	9f9fdd96-82a9-5da2-a844-806e9020013a	INFO	Processing message 8ba3b5d2-05ce-4e91-b77b-ccd38b6aa4e7

2023-12-16T21:02:26.370Z 2023-12-16T21:02:26.370Z	9f9fdd96-82a9-5da2-a844-806e9020013a	INFO	Start syncing the balance {
  transaction: {
    id: '01HHT6ZG2SEGGKDNB2RT4M3ZMP',
    userId: '0cff33de-172f-4546-b1d3-365c6fda2b00',
    currency: 'SAR',
    amount: 60,
    vat: 0,
    oldBalance: 881,
    newBalance: 821
  }
}

2023-12-16T21:02:26.370Z 2023-12-16T21:02:26.370Z	9f9fdd96-82a9-5da2-a844-806e9020013a	INFO	Skipping the process, balance is already synced from other listeners

2023-12-16T21:02:26.405Z END RequestId: 9f9fdd96-82a9-5da2-a844-806e9020013a

2023-12-16T21:02:26.405Z REPORT RequestId: 9f9fdd96-82a9-5da2-a844-806e9020013a	Duration: 70.46 ms	Billed Duration: 71 ms	Memory Size: 1024 MB	Max Memory Used: 119 MB	

2023-12-16T21:02:27.968Z START RequestId: e192921d-9862-5e03-8d92-cfe58aee26cd Version: $LATEST

2023-12-16T21:02:27.996Z 2023-12-16T21:02:27.996Z	e192921d-9862-5e03-8d92-cfe58aee26cd	INFO	Processing message 0bf90f35-192f-469f-8c45-ce38ed0fb9fe

2023-12-16T21:02:28.019Z 2023-12-16T21:02:28.019Z	e192921d-9862-5e03-8d92-cfe58aee26cd	INFO	Start syncing the balance {
  transaction: {
    id: '01HHT6ZH5DHR4D3CJV0BWDXTA4',
    userId: '94e55883-fe72-4243-b801-72206e4cef0a',
    currency: 'SAR',
    amount: 90,
    vat: 0,
    oldBalance: 1170,
    newBalance: 1080
  }
}

2023-12-16T21:02:28.019Z 2023-12-16T21:02:28.019Z	e192921d-9862-5e03-8d92-cfe58aee26cd	INFO	Skipping the process, balance is already synced from other listeners

2023-12-16T21:02:28.049Z 2023-12-16T21:02:28.049Z	e192921d-9862-5e03-8d92-cfe58aee26cd	ERROR	Subscription balance and payment balance are not in sync {
  userId: '94e55883-fe72-4243-b801-72206e4cef0a',
  subscriptionBalance: 1170,
  paymentBalance: 2970
}

2023-12-16T21:02:28.050Z {"_aws":{"Timestamp":1702760548050,"CloudWatchMetrics":[{"Namespace":"apiService","Dimensions":[["service"]],"Metrics":[{"Name":"subBalanceDiscrapancy","Unit":"Count"}]}]},"service":"syncBalanceSQS","subBalanceDiscrapancy":1,"userId":"94e55883-fe72-4243-b801-72206e4cef0a","action":"DELIVERY_DEDUCTION"}

2023-12-16T21:02:28.105Z 2023-12-16T21:02:28.105Z	e192921d-9862-5e03-8d92-cfe58aee26cd	INFO	Processing message a7967ab6-7b03-461c-8bfe-88f9f339d107

2023-12-16T21:02:28.109Z 2023-12-16T21:02:28.109Z	e192921d-9862-5e03-8d92-cfe58aee26cd	INFO	Start syncing the balance {
  transaction: {
    id: '01HHT6ZJH8W0KA9XHNV1ZPQ7H5',
    userId: 'eab26565-2a53-4df2-989c-1ce0eabffd46',
    currency: 'SAR',
    amount: 90,
    vat: 0,
    oldBalance: 270,
    newBalance: 180
  }
}

2023-12-16T21:02:28.109Z 2023-12-16T21:02:28.109Z	e192921d-9862-5e03-8d92-cfe58aee26cd	INFO	Skipping the process, balance is already synced from other listeners

2023-12-16T21:02:28.121Z 2023-12-16T21:02:28.121Z	e192921d-9862-5e03-8d92-cfe58aee26cd	INFO	Processing message a87114a5-3fea-4036-a864-4120f84b701c

2023-12-16T21:02:28.126Z 2023-12-16T21:02:28.126Z	e192921d-9862-5e03-8d92-cfe58aee26cd	INFO	Start syncing the balance {
  transaction: {
    id: '01HHT6ZMH1ZGNHG5V25ENNDAEZ',
    userId: '7c962fba-91b0-45f8-a791-697111e203aa',
    currency: 'SAR',
    amount: 90,
    vat: 0,
    oldBalance: 720,
    newBalance: 630
  }
}

2023-12-16T21:02:28.126Z 2023-12-16T21:02:28.126Z	e192921d-9862-5e03-8d92-cfe58aee26cd	INFO	Skipping the process, balance is already synced from other listeners

2023-12-16T21:02:28.139Z 2023-12-16T21:02:28.139Z	e192921d-9862-5e03-8d92-cfe58aee26cd	INFO	Processing message 84e6b3fd-177b-473d-ab98-07951fec3cae

2023-12-16T21:02:28.144Z 2023-12-16T21:02:28.144Z	e192921d-9862-5e03-8d92-cfe58aee26cd	INFO	Start syncing the balance {
  transaction: {
    id: '01HHT6ZNB6WJ18P066XDKXHJD1',
    userId: 'f34f13a7-5078-44f1-a6b8-b61a00ea5049',
    currency: 'SAR',
    amount: 90,
    vat: 0,
    oldBalance: 990,
    newBalance: 900
  }
}

2023-12-16T21:02:28.144Z 2023-12-16T21:02:28.144Z	e192921d-9862-5e03-8d92-cfe58aee26cd	INFO	Skipping the process, balance is already synced from other listeners

2023-12-16T21:02:28.164Z 2023-12-16T21:02:28.164Z	e192921d-9862-5e03-8d92-cfe58aee26cd	INFO	Processing message d1b5a787-13ae-4a7e-9843-9e9d155e6a6d

2023-12-16T21:02:28.169Z 2023-12-16T21:02:28.169Z	e192921d-9862-5e03-8d92-cfe58aee26cd	INFO	Start syncing the balance {
  transaction: {
    id: '01HHT6ZPPWWPMMW392ZPVQANR7',
    userId: '8517dbf1-c68c-4d63-8f5e-a834eb1bb9a1',
    currency: 'SAR',
    amount: 90,
    vat: 0,
    oldBalance: 270,
    newBalance: 180
  }
}

2023-12-16T21:02:28.169Z 2023-12-16T21:02:28.169Z	e192921d-9862-5e03-8d92-cfe58aee26cd	INFO	Skipping the process, balance is already synced from other listeners

2023-12-16T21:02:28.182Z 2023-12-16T21:02:28.182Z	e192921d-9862-5e03-8d92-cfe58aee26cd	INFO	Processing message a8467362-40ca-4c94-8249-bf5717d56a03

2023-12-16T21:02:28.186Z 2023-12-16T21:02:28.186Z	e192921d-9862-5e03-8d92-cfe58aee26cd	INFO	Start syncing the balance {
  transaction: {
    id: '01HHT6ZQKSP5SYNFWVD6JNHNTN',
    userId: '1306427b-7f89-48fd-8bf0-ee859c8b95d4',
    currency: 'SAR',
    amount: 90,
    vat: 0,
    oldBalance: 57569,
    newBalance: 57479
  }
}

2023-12-16T21:02:28.186Z 2023-12-16T21:02:28.186Z	e192921d-9862-5e03-8d92-cfe58aee26cd	INFO	Skipping the process, balance is already synced from other listeners

2023-12-16T21:02:28.201Z 2023-12-16T21:02:28.201Z	e192921d-9862-5e03-8d92-cfe58aee26cd	INFO	Processing message 96c9caf9-2ee4-49be-a6ef-fd3be8605480

2023-12-16T21:02:28.205Z 2023-12-16T21:02:28.205Z	e192921d-9862-5e03-8d92-cfe58aee26cd	INFO	Start syncing the balance {
  transaction: {
    id: '01HHT6ZRF48D11BGC3RWMTP2QB',
    userId: '4531caaa-fb25-419c-b8cc-1e41df747a6a',
    currency: 'BHD',
    amount: 9,
    vat: 0,
    oldBalance: 291,
    newBalance: 282
  }
}

2023-12-16T21:02:28.205Z 2023-12-16T21:02:28.205Z	e192921d-9862-5e03-8d92-cfe58aee26cd	INFO	Skipping the process, balance is already synced from other listeners

2023-12-16T21:02:28.216Z 2023-12-16T21:02:28.216Z	e192921d-9862-5e03-8d92-cfe58aee26cd	INFO	Processing message 9167fcf2-dcc4-4f6b-a35f-734e0139fba8

2023-12-16T21:02:28.220Z 2023-12-16T21:02:28.220Z	e192921d-9862-5e03-8d92-cfe58aee26cd	INFO	Start syncing the balance {
  transaction: {
    id: '01HHT6ZVC93ET1M33RBD8Q581H',
    userId: '582f1b94-4c13-41e6-81ec-6203bb0f2a06',
    currency: 'BHD',
    amount: 9,
    vat: 0,
    oldBalance: 309,
    newBalance: 300
  }
}

2023-12-16T21:02:28.220Z 2023-12-16T21:02:28.220Z	e192921d-9862-5e03-8d92-cfe58aee26cd	INFO	Skipping the process, balance is already synced from other listeners

2023-12-16T21:02:28.237Z 2023-12-16T21:02:28.237Z	e192921d-9862-5e03-8d92-cfe58aee26cd	INFO	Processing message a0a5af0a-b2d9-40ed-8f6f-f9b064b154c6

2023-12-16T21:02:28.241Z 2023-12-16T21:02:28.241Z	e192921d-9862-5e03-8d92-cfe58aee26cd	INFO	Start syncing the balance {
  transaction: {
    id: '01HHT6ZVZ5H9EK3ANCGD6JD79H',
    userId: '4e84f0ec-7629-49dc-b110-27a6eb9b4d9c',
    currency: 'BHD',
    amount: 9,
    vat: 0,
    oldBalance: 291,
    newBalance: 282
  }
}

2023-12-16T21:02:28.241Z 2023-12-16T21:02:28.241Z	e192921d-9862-5e03-8d92-cfe58aee26cd	INFO	Skipping the process, balance is already synced from other listeners

2023-12-16T21:02:28.253Z 2023-12-16T21:02:28.253Z	e192921d-9862-5e03-8d92-cfe58aee26cd	INFO	Processing message 7d525dc6-e23f-4e5c-87da-9eddacd1ed1e

2023-12-16T21:02:28.258Z 2023-12-16T21:02:28.258Z	e192921d-9862-5e03-8d92-cfe58aee26cd	INFO	Start syncing the balance {
  transaction: {
    id: '01HHT6ZXWDE0X0T5GC9DMSB64R',
    userId: '575e110d-9fbf-4b98-acd0-ff3b6d33a3d1',
    currency: 'BHD',
    amount: 9,
    vat: 0,
    oldBalance: 291,
    newBalance: 282
  }
}

2023-12-16T21:02:28.258Z 2023-12-16T21:02:28.258Z	e192921d-9862-5e03-8d92-cfe58aee26cd	INFO	Skipping the process, balance is already synced from other listeners

2023-12-16T21:02:28.276Z END RequestId: e192921d-9862-5e03-8d92-cfe58aee26cd

2023-12-16T21:02:28.276Z REPORT RequestId: e192921d-9862-5e03-8d92-cfe58aee26cd	Duration: 308.30 ms	Billed Duration: 309 ms	Memory Size: 1024 MB	Max Memory Used: 119 MB	

2023-12-16T21:01:23.074Z INIT_START Runtime Version: nodejs:14.v42	Runtime Version ARN: arn:aws:lambda:us-east-1::runtime:4cb686be08f980f530c1cbdeae970951c08b712057b80e8698cf4641214607d6

2023-12-16T21:01:23.886Z START RequestId: 6fcf3697-3fca-5370-95ce-6b6f2d8f6ddc Version: $LATEST

2023-12-16T21:01:24.009Z 2023-12-16T21:01:24.009Z	6fcf3697-3fca-5370-95ce-6b6f2d8f6ddc	INFO	Processing message 4663ca51-a9b1-4627-829a-32e12890fe66

2023-12-16T21:01:24.047Z 2023-12-16T21:01:24.047Z	6fcf3697-3fca-5370-95ce-6b6f2d8f6ddc	INFO	Start syncing the balance {
  transaction: {
    id: '01HHT6XGKCY0PPJAT8WYDTFRDY',
    userId: '0b99ff14-56e5-4c29-a38e-fb64a7b18e1a',
    currency: 'SAR',
    amount: 90,
    vat: 0,
    oldBalance: 450,
    newBalance: 360
  }
}

2023-12-16T21:01:24.047Z 2023-12-16T21:01:24.047Z	6fcf3697-3fca-5370-95ce-6b6f2d8f6ddc	INFO	Skipping the process, balance is already synced from other listeners

2023-12-16T21:01:24.283Z 2023-12-16T21:01:24.283Z	6fcf3697-3fca-5370-95ce-6b6f2d8f6ddc	INFO	Processing message b0e65a0d-6475-4b6f-881d-91ee69519493

2023-12-16T21:01:24.290Z 2023-12-16T21:01:24.290Z	6fcf3697-3fca-5370-95ce-6b6f2d8f6ddc	INFO	Start syncing the balance {
  transaction: {
    id: '01HHT6XMF8SYSTZ8TG08WN3CTQ',
    userId: '4644dcc3-5505-47d4-ad63-c43f943387a4',
    currency: 'BHD',
    amount: 8,
    vat: 0,
    oldBalance: 157.5,
    newBalance: 149.5
  }
}

2023-12-16T21:01:24.290Z 2023-12-16T21:01:24.290Z	6fcf3697-3fca-5370-95ce-6b6f2d8f6ddc	INFO	Skipping the process, balance is already synced from other listeners

2023-12-16T21:01:24.305Z 2023-12-16T21:01:24.305Z	6fcf3697-3fca-5370-95ce-6b6f2d8f6ddc	INFO	Processing message 2128c430-18dc-4d88-a264-b146dc2f65d9

2023-12-16T21:01:24.311Z 2023-12-16T21:01:24.311Z	6fcf3697-3fca-5370-95ce-6b6f2d8f6ddc	INFO	Start syncing the balance {
  transaction: {
    id: '01HHT6XMEXH2FTJ72PHPXG29RT',
    userId: '6ae6fd3a-d3e9-4732-bb58-d3dd0d546fdf',
    currency: 'BHD',
    amount: 9,
    vat: 0,
    oldBalance: 243,
    newBalance: 234
  }
}

2023-12-16T21:01:24.312Z 2023-12-16T21:01:24.312Z	6fcf3697-3fca-5370-95ce-6b6f2d8f6ddc	INFO	Skipping the process, balance is already synced from other listeners

2023-12-16T21:01:24.329Z 2023-12-16T21:01:24.329Z	6fcf3697-3fca-5370-95ce-6b6f2d8f6ddc	INFO	Processing message 0a5d02b6-1920-4357-b89c-db6de322a6f4

2023-12-16T21:01:24.336Z 2023-12-16T21:01:24.336Z	6fcf3697-3fca-5370-95ce-6b6f2d8f6ddc	INFO	Start syncing the balance {
  transaction: {
    id: '01HHT6XQYYD835DXRNZ2ST98XB',
    userId: '460733e0-3f51-4cb4-b870-9f1a50ffd1a9',
    currency: 'BHD',
    amount: 9,
    vat: 0,
    oldBalance: 322,
    newBalance: 313
  }
}

2023-12-16T21:01:24.336Z 2023-12-16T21:01:24.336Z	6fcf3697-3fca-5370-95ce-6b6f2d8f6ddc	INFO	Skipping the process, balance is already synced from other listeners

2023-12-16T21:01:24.346Z 2023-12-16T21:01:24.346Z	6fcf3697-3fca-5370-95ce-6b6f2d8f6ddc	INFO	Processing message 73f4a44c-df92-49f2-9a78-287d1bdac1f3

2023-12-16T21:01:24.351Z 2023-12-16T21:01:24.351Z	6fcf3697-3fca-5370-95ce-6b6f2d8f6ddc	INFO	Start syncing the balance {
  transaction: {
    id: '01HHT6XYS68SR395NTD7HHRK0G',
    userId: 'f46e0b6a-2cdf-4e6d-95de-e71d1b0394f0',
    currency: 'SAR',
    amount: 90,
    vat: 0,
    oldBalance: 270,
    newBalance: 180
  }
}

2023-12-16T21:01:24.351Z 2023-12-16T21:01:24.351Z	6fcf3697-3fca-5370-95ce-6b6f2d8f6ddc	INFO	Skipping the process, balance is already synced from other listeners

2023-12-16T21:01:24.367Z END RequestId: 6fcf3697-3fca-5370-95ce-6b6f2d8f6ddc

2023-12-16T21:01:24.367Z REPORT RequestId: 6fcf3697-3fca-5370-95ce-6b6f2d8f6ddc	Duration: 481.00 ms	Billed Duration: 482 ms	Memory Size: 1024 MB	Max Memory Used: 116 MB	Init Duration: 811.52 ms	

2023-12-16T21:02:41.644Z START RequestId: 54dbc534-2b9c-5ba7-a7b4-98cc390e273f Version: $LATEST

2023-12-16T21:02:41.674Z 2023-12-16T21:02:41.674Z	54dbc534-2b9c-5ba7-a7b4-98cc390e273f	INFO	Processing message 7ef72040-7fcb-48e2-9830-760bc4dd3003

2023-12-16T21:02:41.681Z 2023-12-16T21:02:41.681Z	54dbc534-2b9c-5ba7-a7b4-98cc390e273f	INFO	Start syncing the balance {
  transaction: {
    id: '01HHT6ZZB7RX32HKB4BZFCR57X',
    userId: '8b293101-dfef-43ed-9095-ac05a1507d34',
    currency: 'BHD',
    amount: 4.5,
    vat: 0,
    oldBalance: 141.862,
    newBalance: 137.362
  }
}

2023-12-16T21:02:41.682Z 2023-12-16T21:02:41.682Z	54dbc534-2b9c-5ba7-a7b4-98cc390e273f	INFO	Skipping the process, balance is already synced from other listeners

2023-12-16T21:02:41.712Z END RequestId: 54dbc534-2b9c-5ba7-a7b4-98cc390e273f

2023-12-16T21:02:41.712Z REPORT RequestId: 54dbc534-2b9c-5ba7-a7b4-98cc390e273f	Duration: 67.89 ms	Billed Duration: 68 ms	Memory Size: 1024 MB	Max Memory Used: 119 MB	

2023-12-16T21:02:42.987Z START RequestId: 1f6fa4f7-edcf-5db2-ae60-f90fff6e4c08 Version: $LATEST

2023-12-16T21:02:43.013Z 2023-12-16T21:02:43.013Z	1f6fa4f7-edcf-5db2-ae60-f90fff6e4c08	INFO	Processing message 71fbed69-b96a-4c05-ad07-8319af1d0153

2023-12-16T21:02:43.018Z 2023-12-16T21:02:43.018Z	1f6fa4f7-edcf-5db2-ae60-f90fff6e4c08	INFO	Start syncing the balance {
  transaction: {
    id: '01HHT700GPAN89VJZ6EEXP40NK',
    userId: '15469d49-7d54-4ea1-833c-708f679471d4',
    currency: 'BHD',
    amount: 8,
    vat: 0,
    oldBalance: 302,
    newBalance: 294
  }
}

2023-12-16T21:02:43.018Z 2023-12-16T21:02:43.018Z	1f6fa4f7-edcf-5db2-ae60-f90fff6e4c08	INFO	Skipping the process, balance is already synced from other listeners

2023-12-16T21:02:43.038Z 2023-12-16T21:02:43.038Z	1f6fa4f7-edcf-5db2-ae60-f90fff6e4c08	INFO	Processing message e8d8cc9d-8b10-4167-9f9c-c8a1caa1f7d4

2023-12-16T21:02:43.043Z 2023-12-16T21:02:43.043Z	1f6fa4f7-edcf-5db2-ae60-f90fff6e4c08	INFO	Start syncing the balance {
  transaction: {
    id: '01HHT70B40R02VGZKD2TAATXV8',
    userId: 'be98bc1b-926c-4c56-a53c-7ccb51fdd41e',
    currency: 'SAR',
    amount: 90,
    vat: 0,
    oldBalance: 1440,
    newBalance: 1350
  }
}

2023-12-16T21:02:43.043Z 2023-12-16T21:02:43.043Z	1f6fa4f7-edcf-5db2-ae60-f90fff6e4c08	INFO	Skipping the process, balance is already synced from other listeners

2023-12-16T21:02:43.060Z END RequestId: 1f6fa4f7-edcf-5db2-ae60-f90fff6e4c08

2023-12-16T21:02:43.060Z REPORT RequestId: 1f6fa4f7-edcf-5db2-ae60-f90fff6e4c08	Duration: 73.42 ms	Billed Duration: 74 ms	Memory Size: 1024 MB	Max Memory Used: 119 MB	
XRAY TraceId: 1-657e1072-ae0e463c66d280ba971fbdf2	SegmentId: 20619034229d88a4	Sampled: true	

2023-12-16T21:04:09.933Z START RequestId: 982513b4-88cd-599c-bbd4-4e4c9a394152 Version: $LATEST

2023-12-16T21:04:09.965Z 2023-12-16T21:04:09.965Z	982513b4-88cd-599c-bbd4-4e4c9a394152	INFO	Processing message 719cdb00-92b8-4ee6-b316-213e5ca44f91

2023-12-16T21:04:09.969Z 2023-12-16T21:04:09.969Z	982513b4-88cd-599c-bbd4-4e4c9a394152	INFO	Start syncing the balance {
  transaction: {
    id: '01HHT72MFHVGGYY2B2M01V5SXW',
    userId: '476664ea-f614-4903-8897-97305d19ac48',
    currency: 'SAR',
    amount: 90,
    vat: 0,
    oldBalance: 771,
    newBalance: 681
  }
}

2023-12-16T21:04:09.970Z 2023-12-16T21:04:09.970Z	982513b4-88cd-599c-bbd4-4e4c9a394152	INFO	Skipping the process, balance is already synced from other listeners

2023-12-16T21:04:10.001Z 2023-12-16T21:04:10.001Z	982513b4-88cd-599c-bbd4-4e4c9a394152	INFO	Processing message a87cf33f-5b19-4de8-a23f-a15227b84cd4

2023-12-16T21:04:10.005Z 2023-12-16T21:04:10.005Z	982513b4-88cd-599c-bbd4-4e4c9a394152	INFO	Start syncing the balance {
  transaction: {
    id: '01HHT72QSC33G33VKFPN7GPTH7',
    userId: 'ebdb2053-3e0f-4979-8c0f-fc39a66007db',
    currency: 'QAR',
    amount: 120,
    vat: 0,
    oldBalance: 800,
    newBalance: 680
  }
}

2023-12-16T21:04:10.005Z 2023-12-16T21:04:10.005Z	982513b4-88cd-599c-bbd4-4e4c9a394152	INFO	Skipping the process, balance is already synced from other listeners

2023-12-16T21:04:10.016Z 2023-12-16T21:04:10.016Z	982513b4-88cd-599c-bbd4-4e4c9a394152	INFO	Processing message a1e296a8-cd84-4089-9adb-7628f466ada3

2023-12-16T21:04:10.021Z 2023-12-16T21:04:10.021Z	982513b4-88cd-599c-bbd4-4e4c9a394152	INFO	Start syncing the balance {
  transaction: {
    id: '01HHT72W8YMRV1DKDSPS9J09ET',
    userId: '53a97579-16a4-47ef-83ec-c7b209e65c4e',
    currency: 'BHD',
    amount: 9,
    vat: 0,
    oldBalance: 243,
    newBalance: 234
  }
}

2023-12-16T21:04:10.021Z 2023-12-16T21:04:10.021Z	982513b4-88cd-599c-bbd4-4e4c9a394152	INFO	Skipping the process, balance is already synced from other listeners

2023-12-16T21:04:10.048Z 2023-12-16T21:04:10.048Z	982513b4-88cd-599c-bbd4-4e4c9a394152	INFO	Processing message cd5f075d-4b6c-432a-8088-7c1b633e245e

2023-12-16T21:04:10.055Z 2023-12-16T21:04:10.055Z	982513b4-88cd-599c-bbd4-4e4c9a394152	INFO	Start syncing the balance {
  transaction: {
    id: '01HHT731EPSMSV5ACTEQWC7HCR',
    userId: 'f0f93bcc-c131-4a3b-ab25-2f23ff4a8f05',
    currency: 'BHD',
    amount: 9,
    vat: 0,
    oldBalance: 243,
    newBalance: 234
  }
}

2023-12-16T21:04:10.055Z 2023-12-16T21:04:10.055Z	982513b4-88cd-599c-bbd4-4e4c9a394152	INFO	Skipping the process, balance is already synced from other listeners

2023-12-16T21:04:10.077Z END RequestId: 982513b4-88cd-599c-bbd4-4e4c9a394152

2023-12-16T21:04:10.077Z REPORT RequestId: 982513b4-88cd-599c-bbd4-4e4c9a394152	Duration: 143.22 ms	Billed Duration: 144 ms	Memory Size: 1024 MB	Max Memory Used: 120 MB	

2023-12-16T21:04:17.000Z START RequestId: 69aa77e8-b224-56f4-87da-2a10a0d63552 Version: $LATEST

2023-12-16T21:04:17.029Z 2023-12-16T21:04:17.029Z	69aa77e8-b224-56f4-87da-2a10a0d63552	INFO	Processing message da7a3221-8627-4a1b-82f0-f3df128c5466

2023-12-16T21:04:17.034Z 2023-12-16T21:04:17.034Z	69aa77e8-b224-56f4-87da-2a10a0d63552	INFO	Start syncing the balance {
  transaction: {
    id: '01HHT72VYCV9GY797VNCGTR5PS',
    userId: '2669d640-a5cb-4d0d-a4b3-e95de0b3f4ad',
    currency: 'BHD',
    amount: 9,
    vat: 0,
    oldBalance: 291,
    newBalance: 282
  }
}

2023-12-16T21:04:17.034Z 2023-12-16T21:04:17.034Z	69aa77e8-b224-56f4-87da-2a10a0d63552	INFO	Skipping the process, balance is already synced from other listeners

2023-12-16T21:04:17.194Z 2023-12-16T21:04:17.194Z	69aa77e8-b224-56f4-87da-2a10a0d63552	INFO	Processing message d472b2b2-f7b0-4df3-83d7-58fc21fb22e4

2023-12-16T21:04:17.198Z 2023-12-16T21:04:17.198Z	69aa77e8-b224-56f4-87da-2a10a0d63552	INFO	Start syncing the balance {
  transaction: {
    id: '01HHT72Z31TENB11JGM3V0DAM5',
    userId: 'a09d7e6f-cd6a-4e47-8fd6-6b9a7dd03d4d',
    currency: 'BHD',
    amount: 9,
    vat: 0,
    oldBalance: 222.5,
    newBalance: 213.5
  }
}

2023-12-16T21:04:17.199Z 2023-12-16T21:04:17.199Z	69aa77e8-b224-56f4-87da-2a10a0d63552	INFO	Skipping the process, balance is already synced from other listeners

2023-12-16T21:04:17.217Z 2023-12-16T21:04:17.217Z	69aa77e8-b224-56f4-87da-2a10a0d63552	INFO	Processing message 5518286b-057f-41f5-beab-1b49feb6709e

2023-12-16T21:04:17.221Z 2023-12-16T21:04:17.221Z	69aa77e8-b224-56f4-87da-2a10a0d63552	INFO	Start syncing the balance {
  transaction: {
    id: '01HHT72ZFFESAZ98CBCPYFJXV7',
    userId: 'a1fcde9e-ddb4-4dcc-8b45-1f150a0948cd',
    currency: 'BHD',
    amount: 9,
    vat: 0,
    oldBalance: 309,
    newBalance: 300
  }
}

2023-12-16T21:04:17.221Z 2023-12-16T21:04:17.221Z	69aa77e8-b224-56f4-87da-2a10a0d63552	INFO	Skipping the process, balance is already synced from other listeners

2023-12-16T21:04:17.237Z 2023-12-16T21:04:17.237Z	69aa77e8-b224-56f4-87da-2a10a0d63552	INFO	Processing message e666a445-861e-4abd-8bd8-40cc977ee8c0

2023-12-16T21:04:17.242Z 2023-12-16T21:04:17.242Z	69aa77e8-b224-56f4-87da-2a10a0d63552	INFO	Start syncing the balance {
  transaction: {
    id: '01HHT732D7CQ3XB9DVX0B0KD2N',
    userId: 'e3a4d046-0a40-4076-a7fb-429d35771d81',
    currency: 'BHD',
    amount: 8,
    vat: 0,
    oldBalance: 121.636,
    newBalance: 113.636
  }
}

2023-12-16T21:04:17.242Z 2023-12-16T21:04:17.242Z	69aa77e8-b224-56f4-87da-2a10a0d63552	INFO	Skipping the process, balance is already synced from other listeners

2023-12-16T21:04:17.255Z 2023-12-16T21:04:17.255Z	69aa77e8-b224-56f4-87da-2a10a0d63552	INFO	Processing message bd5420a6-755a-444d-990e-8a0e9baef8ab

2023-12-16T21:04:17.263Z 2023-12-16T21:04:17.263Z	69aa77e8-b224-56f4-87da-2a10a0d63552	INFO	Start syncing the balance {
  transaction: {
    id: '01HHT7337A08DD50PDWF6VF7XX',
    userId: 'daa2bf74-cf31-4552-9e85-acb48a7c3f90',
    currency: 'BHD',
    amount: 9,
    vat: 0,
    oldBalance: 459.091,
    newBalance: 450.091
  }
}

2023-12-16T21:04:17.263Z 2023-12-16T21:04:17.263Z	69aa77e8-b224-56f4-87da-2a10a0d63552	INFO	Skipping the process, balance is already synced from other listeners

2023-12-16T21:04:17.278Z 2023-12-16T21:04:17.278Z	69aa77e8-b224-56f4-87da-2a10a0d63552	ERROR	Subscription balance and payment balance are not in sync {
  userId: 'daa2bf74-cf31-4552-9e85-acb48a7c3f90',
  subscriptionBalance: 459.091,
  paymentBalance: 876.091
}

2023-12-16T21:04:17.278Z {"_aws":{"Timestamp":1702760657278,"CloudWatchMetrics":[{"Namespace":"apiService","Dimensions":[["service"]],"Metrics":[{"Name":"subBalanceDiscrapancy","Unit":"Count"}]}]},"service":"syncBalanceSQS","subBalanceDiscrapancy":1,"userId":"daa2bf74-cf31-4552-9e85-acb48a7c3f90","action":"DELIVERY_DEDUCTION"}

2023-12-16T21:04:17.344Z 2023-12-16T21:04:17.344Z	69aa77e8-b224-56f4-87da-2a10a0d63552	INFO	Processing message 0eb8b1de-1218-4b03-8fc0-3b38c4aed23f

2023-12-16T21:04:17.350Z 2023-12-16T21:04:17.350Z	69aa77e8-b224-56f4-87da-2a10a0d63552	INFO	Start syncing the balance {
  transaction: {
    id: '01HHT73527EK0XYQTGQFZMRTYK',
    userId: '8cfb0a41-4446-43f9-8ace-c17b9c9a9c7e',
    currency: 'SAR',
    amount: 60,
    vat: 0,
    oldBalance: 19405,
    newBalance: 19345
  }
}

2023-12-16T21:04:17.350Z 2023-12-16T21:04:17.350Z	69aa77e8-b224-56f4-87da-2a10a0d63552	INFO	Skipping the process, balance is already synced from other listeners

2023-12-16T21:04:17.364Z END RequestId: 69aa77e8-b224-56f4-87da-2a10a0d63552

2023-12-16T21:04:17.364Z REPORT RequestId: 69aa77e8-b224-56f4-87da-2a10a0d63552	Duration: 363.93 ms	Billed Duration: 364 ms	Memory Size: 1024 MB	Max Memory Used: 120 MB	

2023-12-16T21:01:39.930Z START RequestId: 13beb3d3-62b9-5e23-8d91-ee2b70e6c6ed Version: $LATEST

2023-12-16T21:01:40.024Z 2023-12-16T21:01:40.024Z	13beb3d3-62b9-5e23-8d91-ee2b70e6c6ed	INFO	Processing message f5a36966-2798-4c7b-8340-b866ba95d696

2023-12-16T21:01:40.057Z 2023-12-16T21:01:40.057Z	13beb3d3-62b9-5e23-8d91-ee2b70e6c6ed	INFO	Start syncing the balance {
  transaction: {
    id: '01HHT6Y14KBTABQQPYCYA9VV3T',
    userId: 'c6a1f70f-8d35-4e95-a4b5-e946b4c3944d',
    currency: 'SAR',
    amount: 100,
    vat: 0,
    oldBalance: 500,
    newBalance: 400
  }
}

2023-12-16T21:01:40.057Z 2023-12-16T21:01:40.057Z	13beb3d3-62b9-5e23-8d91-ee2b70e6c6ed	INFO	Skipping the process, balance is already synced from other listeners

2023-12-16T21:01:40.088Z 2023-12-16T21:01:40.088Z	13beb3d3-62b9-5e23-8d91-ee2b70e6c6ed	INFO	Processing message f5fba45f-be01-4f3c-a6ea-0616bdc1770e

2023-12-16T21:01:40.093Z 2023-12-16T21:01:40.093Z	13beb3d3-62b9-5e23-8d91-ee2b70e6c6ed	INFO	Start syncing the balance {
  transaction: {
    id: '01HHT6Y595Q7CRH14AM9Y83JHS',
    userId: 'c06b6e73-2183-49c1-ba4b-78c66dab5f0d',
    currency: 'BHD',
    amount: 4,
    vat: 0,
    oldBalance: 294.6,
    newBalance: 290.6
  }
}

2023-12-16T21:01:40.093Z 2023-12-16T21:01:40.093Z	13beb3d3-62b9-5e23-8d91-ee2b70e6c6ed	INFO	Skipping the process, balance is already synced from other listeners

2023-12-16T21:01:40.105Z 2023-12-16T21:01:40.105Z	13beb3d3-62b9-5e23-8d91-ee2b70e6c6ed	INFO	Processing message 7a176bd3-7cf1-4fef-ab0f-34e66cc34465

2023-12-16T21:01:40.110Z 2023-12-16T21:01:40.110Z	13beb3d3-62b9-5e23-8d91-ee2b70e6c6ed	INFO	Start syncing the balance {
  transaction: {
    id: '01HHT6Y72MY31DXCHGZ4H5Y1E2',
    userId: '79725ee0-4e1b-4f2e-9edf-ccbec4fc184a',
    currency: 'SAR',
    amount: 90,
    vat: 0,
    oldBalance: 270,
    newBalance: 180
  }
}

2023-12-16T21:01:40.110Z 2023-12-16T21:01:40.110Z	13beb3d3-62b9-5e23-8d91-ee2b70e6c6ed	INFO	Skipping the process, balance is already synced from other listeners

2023-12-16T21:01:40.123Z 2023-12-16T21:01:40.123Z	13beb3d3-62b9-5e23-8d91-ee2b70e6c6ed	INFO	Processing message e4efd7b8-3e2d-4124-bfb5-3e224b2faed2

2023-12-16T21:01:40.128Z 2023-12-16T21:01:40.128Z	13beb3d3-62b9-5e23-8d91-ee2b70e6c6ed	INFO	Start syncing the balance {
  transaction: {
    id: '01HHT6YBPPHGCKSDFJJ8XEDKGB',
    userId: 'fb387231-a328-4c4d-8d82-dda7943af9e7',
    currency: 'SAR',
    amount: 100,
    vat: 0,
    oldBalance: 41654,
    newBalance: 41554
  }
}

2023-12-16T21:01:40.129Z 2023-12-16T21:01:40.129Z	13beb3d3-62b9-5e23-8d91-ee2b70e6c6ed	INFO	Skipping the process, balance is already synced from other listeners

2023-12-16T21:01:40.139Z 2023-12-16T21:01:40.139Z	13beb3d3-62b9-5e23-8d91-ee2b70e6c6ed	INFO	Processing message 59f58cc0-9663-4ee9-a708-b715302e7abb

2023-12-16T21:01:40.144Z 2023-12-16T21:01:40.144Z	13beb3d3-62b9-5e23-8d91-ee2b70e6c6ed	INFO	Start syncing the balance {
  transaction: {
    id: '01HHT6YBTC6V9ZD4WX3373G0GZ',
    userId: 'd660234f-ebd5-41da-919b-b125cfe67889',
    currency: 'BHD',
    amount: 9,
    vat: 0,
    oldBalance: 282,
    newBalance: 273
  }
}

2023-12-16T21:01:40.144Z 2023-12-16T21:01:40.144Z	13beb3d3-62b9-5e23-8d91-ee2b70e6c6ed	INFO	Skipping the process, balance is already synced from other listeners

2023-12-16T21:01:40.159Z END RequestId: 13beb3d3-62b9-5e23-8d91-ee2b70e6c6ed

2023-12-16T21:01:40.159Z REPORT RequestId: 13beb3d3-62b9-5e23-8d91-ee2b70e6c6ed	Duration: 229.00 ms	Billed Duration: 229 ms	Memory Size: 1024 MB	Max Memory Used: 119 MB	
XRAY TraceId: 1-657e1033-2aba876d670465eea2d3b7a2	SegmentId: 224f59ef3870d0db	Sampled: true	

2023-12-16T21:03:32.463Z START RequestId: da4f9d26-db16-54a7-8a31-c0dec9d7fcd2 Version: $LATEST

2023-12-16T21:03:32.494Z 2023-12-16T21:03:32.494Z	da4f9d26-db16-54a7-8a31-c0dec9d7fcd2	INFO	Processing message 2adc3cbc-9945-4c33-90d5-93abc27ca86c

2023-12-16T21:03:32.499Z 2023-12-16T21:03:32.499Z	da4f9d26-db16-54a7-8a31-c0dec9d7fcd2	INFO	Start syncing the balance {
  transaction: {
    id: '01HHT71GF3PAP338V3W9PPR46X',
    userId: 'ef949991-e8a5-4f14-9f66-915f761ae0f8',
    currency: 'BHD',
    amount: 9,
    vat: 0,
    oldBalance: 234,
    newBalance: 225
  }
}

2023-12-16T21:03:32.499Z 2023-12-16T21:03:32.499Z	da4f9d26-db16-54a7-8a31-c0dec9d7fcd2	INFO	Skipping the process, balance is already synced from other listeners

2023-12-16T21:03:32.536Z 2023-12-16T21:03:32.536Z	da4f9d26-db16-54a7-8a31-c0dec9d7fcd2	INFO	Processing message 21bd4a54-69e9-40ed-8f04-d98fa5757033

2023-12-16T21:03:32.541Z 2023-12-16T21:03:32.541Z	da4f9d26-db16-54a7-8a31-c0dec9d7fcd2	INFO	Start syncing the balance {
  transaction: {
    id: '01HHT71VPBY7C7VDMXA6KTTYEJ',
    userId: '4fc86d01-309d-4534-9db4-73bdd8aabf80',
    currency: 'SAR',
    amount: 90,
    vat: 0,
    oldBalance: 720,
    newBalance: 630
  }
}

2023-12-16T21:03:32.541Z 2023-12-16T21:03:32.541Z	da4f9d26-db16-54a7-8a31-c0dec9d7fcd2	INFO	Skipping the process, balance is already synced from other listeners

2023-12-16T21:03:32.553Z END RequestId: da4f9d26-db16-54a7-8a31-c0dec9d7fcd2

2023-12-16T21:03:32.553Z REPORT RequestId: da4f9d26-db16-54a7-8a31-c0dec9d7fcd2	Duration: 89.72 ms	Billed Duration: 90 ms	Memory Size: 1024 MB	Max Memory Used: 119 MB	

2023-12-16T21:01:30.916Z START RequestId: 3e6cf408-46b2-5617-876c-a9f054fcd86a Version: $LATEST

2023-12-16T21:01:30.949Z 2023-12-16T21:01:30.949Z	3e6cf408-46b2-5617-876c-a9f054fcd86a	INFO	Processing message 89bac239-2b80-447d-98e5-65340e4d4d46

2023-12-16T21:01:30.955Z 2023-12-16T21:01:30.955Z	3e6cf408-46b2-5617-876c-a9f054fcd86a	INFO	Start syncing the balance {
  transaction: {
    id: '01HHT6XRHHJ2MNCVPJB311J60D',
    userId: '8fd614d8-9638-4c66-8345-319280777aae',
    currency: 'BHD',
    amount: 5.5,
    vat: 0,
    oldBalance: 219,
    newBalance: 213.5
  }
}

2023-12-16T21:01:30.955Z 2023-12-16T21:01:30.955Z	3e6cf408-46b2-5617-876c-a9f054fcd86a	INFO	Skipping the process, balance is already synced from other listeners

2023-12-16T21:01:30.985Z 2023-12-16T21:01:30.985Z	3e6cf408-46b2-5617-876c-a9f054fcd86a	INFO	Processing message 6509193a-a17f-42f9-83df-4aa6fa8b5017

2023-12-16T21:01:30.991Z 2023-12-16T21:01:30.991Z	3e6cf408-46b2-5617-876c-a9f054fcd86a	INFO	Start syncing the balance {
  transaction: {
    id: '01HHT6XT2EN6NHB57XVE63EKTZ',
    userId: '804d97c8-bf70-4f6d-ad3b-8b63bb543104',
    currency: 'BHD',
    amount: 9,
    vat: 0,
    oldBalance: 291,
    newBalance: 282
  }
}

2023-12-16T21:01:30.991Z 2023-12-16T21:01:30.991Z	3e6cf408-46b2-5617-876c-a9f054fcd86a	INFO	Skipping the process, balance is already synced from other listeners

2023-12-16T21:01:31.005Z 2023-12-16T21:01:31.005Z	3e6cf408-46b2-5617-876c-a9f054fcd86a	INFO	Processing message 6e1952fa-6746-45f0-bbbb-ab5d61d0318f

2023-12-16T21:01:31.010Z 2023-12-16T21:01:31.010Z	3e6cf408-46b2-5617-876c-a9f054fcd86a	INFO	Start syncing the balance {
  transaction: {
    id: '01HHT6XWTQ4VH2PKHYJH35MW8T',
    userId: '1b5748cb-c677-44ab-9d61-940e554fc014',
    currency: 'KWD',
    amount: 7.5,
    vat: 0,
    oldBalance: 213.5,
    newBalance: 206
  }
}

2023-12-16T21:01:31.010Z 2023-12-16T21:01:31.010Z	3e6cf408-46b2-5617-876c-a9f054fcd86a	INFO	Skipping the process, balance is already synced from other listeners

2023-12-16T21:01:31.024Z 2023-12-16T21:01:31.024Z	3e6cf408-46b2-5617-876c-a9f054fcd86a	INFO	Processing message 38a9928f-a8d3-4ce9-9a90-8da82308800e

2023-12-16T21:01:31.034Z 2023-12-16T21:01:31.034Z	3e6cf408-46b2-5617-876c-a9f054fcd86a	INFO	Start syncing the balance {
  transaction: {
    id: '01HHT6Y18XKZENM40CPMQ2312T',
    userId: 'e2ba0d37-98ed-4a9f-a668-b8b97d667977',
    currency: 'SAR',
    amount: 90,
    vat: 0,
    oldBalance: 1170,
    newBalance: 1080
  }
}

2023-12-16T21:01:31.035Z 2023-12-16T21:01:31.035Z	3e6cf408-46b2-5617-876c-a9f054fcd86a	INFO	Skipping the process, balance is already synced from other listeners

2023-12-16T21:01:31.053Z 2023-12-16T21:01:31.053Z	3e6cf408-46b2-5617-876c-a9f054fcd86a	INFO	Processing message bffdf3f3-08e1-4129-b62c-7b32fe77909c

2023-12-16T21:01:31.058Z 2023-12-16T21:01:31.058Z	3e6cf408-46b2-5617-876c-a9f054fcd86a	INFO	Start syncing the balance {
  transaction: {
    id: '01HHT6Y385KE4DEBQ2XNWK3TMW',
    userId: 'e0576404-a8b9-4bbf-857a-a68adf9999fd',
    currency: 'BHD',
    amount: 9,
    vat: 0,
    oldBalance: 225,
    newBalance: 216
  }
}

2023-12-16T21:01:31.058Z 2023-12-16T21:01:31.058Z	3e6cf408-46b2-5617-876c-a9f054fcd86a	INFO	Skipping the process, balance is already synced from other listeners

2023-12-16T21:01:31.077Z END RequestId: 3e6cf408-46b2-5617-876c-a9f054fcd86a

2023-12-16T21:01:31.077Z REPORT RequestId: 3e6cf408-46b2-5617-876c-a9f054fcd86a	Duration: 161.43 ms	Billed Duration: 162 ms	Memory Size: 1024 MB	Max Memory Used: 117 MB	
XRAY TraceId: 1-657e102a-7314bf9660b1961733688cf3	SegmentId: 795a6cd8170f42cd	Sampled: true	

2023-12-16T21:01:51.615Z START RequestId: 88fc7cdc-5d47-5abe-b04b-21244f2534c3 Version: $LATEST

2023-12-16T21:01:51.698Z 2023-12-16T21:01:51.698Z	88fc7cdc-5d47-5abe-b04b-21244f2534c3	INFO	Processing message c197f99e-ec4a-4a76-ba24-d2bb8d7a1a0d

2023-12-16T21:01:51.704Z 2023-12-16T21:01:51.704Z	88fc7cdc-5d47-5abe-b04b-21244f2534c3	INFO	Start syncing the balance {
  transaction: {
    id: '01HHT6Y94RJJJZ0TWH7ZH3D8NQ',
    userId: 'd9e8cfc2-2de6-4ea9-976c-f7fcd4e44b13',
    currency: 'SAR',
    amount: 90,
    vat: 0,
    oldBalance: 2730,
    newBalance: 2640
  }
}

2023-12-16T21:01:51.704Z 2023-12-16T21:01:51.704Z	88fc7cdc-5d47-5abe-b04b-21244f2534c3	INFO	Skipping the process, balance is already synced from other listeners

2023-12-16T21:01:51.736Z 2023-12-16T21:01:51.736Z	88fc7cdc-5d47-5abe-b04b-21244f2534c3	INFO	Processing message ee3a2ca9-c3e7-422b-bcd5-a184869768c9

2023-12-16T21:01:51.741Z 2023-12-16T21:01:51.741Z	88fc7cdc-5d47-5abe-b04b-21244f2534c3	INFO	Start syncing the balance {
  transaction: {
    id: '01HHT6Y9JH3RHM29ZE8TWY4PWZ',
    userId: '049bb6da-aa2e-4b69-93b4-8bcf19b74875',
    currency: 'BHD',
    amount: 26.5,
    vat: 0,
    oldBalance: 810,
    newBalance: 783.5
  }
}

2023-12-16T21:01:51.741Z 2023-12-16T21:01:51.741Z	88fc7cdc-5d47-5abe-b04b-21244f2534c3	INFO	Skipping the process, balance is already synced from other listeners

2023-12-16T21:01:51.753Z 2023-12-16T21:01:51.753Z	88fc7cdc-5d47-5abe-b04b-21244f2534c3	INFO	Processing message 9d71cc0b-848a-437e-924a-bc11a2b87152

2023-12-16T21:01:51.758Z 2023-12-16T21:01:51.758Z	88fc7cdc-5d47-5abe-b04b-21244f2534c3	INFO	Start syncing the balance {
  transaction: {
    id: '01HHT6YDZVHR5MH8FQ843RM8WZ',
    userId: '711054ac-6b25-48a2-ad87-86831cebe8b2',
    currency: 'BHD',
    amount: 8,
    vat: 0,
    oldBalance: 44,
    newBalance: 36
  }
}

2023-12-16T21:01:51.758Z 2023-12-16T21:01:51.758Z	88fc7cdc-5d47-5abe-b04b-21244f2534c3	INFO	Skipping the process, balance is already synced from other listeners

2023-12-16T21:01:51.768Z 2023-12-16T21:01:51.768Z	88fc7cdc-5d47-5abe-b04b-21244f2534c3	INFO	Processing message c4702567-ec46-4ee1-8fb9-c2f9e7190e66

2023-12-16T21:01:51.772Z 2023-12-16T21:01:51.772Z	88fc7cdc-5d47-5abe-b04b-21244f2534c3	INFO	Start syncing the balance {
  transaction: {
    id: '01HHT6YEE74H0FFAHE364T5RJF',
    userId: 'f6749e52-c04c-4955-b695-94e3fc02488a',
    currency: 'SAR',
    amount: 90,
    vat: 0,
    oldBalance: 720,
    newBalance: 630
  }
}

2023-12-16T21:01:51.772Z 2023-12-16T21:01:51.772Z	88fc7cdc-5d47-5abe-b04b-21244f2534c3	INFO	Skipping the process, balance is already synced from other listeners

2023-12-16T21:01:51.784Z 2023-12-16T21:01:51.784Z	88fc7cdc-5d47-5abe-b04b-21244f2534c3	INFO	Processing message 9b033c15-968e-416f-9fd2-1b1fa9b37f98

2023-12-16T21:01:51.789Z 2023-12-16T21:01:51.789Z	88fc7cdc-5d47-5abe-b04b-21244f2534c3	INFO	Start syncing the balance {
  transaction: {
    id: '01HHT6YPPQSZPTTZHXM7QBCEM7',
    userId: '1f977617-30ad-4677-a0ac-0e8d12ba54d0',
    currency: 'BHD',
    amount: 9,
    vat: 0,
    oldBalance: 243,
    newBalance: 234
  }
}

2023-12-16T21:01:51.789Z 2023-12-16T21:01:51.789Z	88fc7cdc-5d47-5abe-b04b-21244f2534c3	INFO	Skipping the process, balance is already synced from other listeners

2023-12-16T21:01:51.806Z 2023-12-16T21:01:51.806Z	88fc7cdc-5d47-5abe-b04b-21244f2534c3	INFO	Processing message 25d0498f-59a6-4d16-aed1-6893c085d298

2023-12-16T21:01:51.810Z 2023-12-16T21:01:51.810Z	88fc7cdc-5d47-5abe-b04b-21244f2534c3	INFO	Start syncing the balance {
  transaction: {
    id: '01HHT6YQ7EE70ZD7J6Q9BM58RW',
    userId: '8c5e33e3-3618-4d09-8e79-c8d42c74731d',
    currency: 'BHD',
    amount: 9,
    vat: 0,
    oldBalance: 309,
    newBalance: 300
  }
}

2023-12-16T21:01:51.810Z 2023-12-16T21:01:51.810Z	88fc7cdc-5d47-5abe-b04b-21244f2534c3	INFO	Skipping the process, balance is already synced from other listeners

2023-12-16T21:01:51.824Z END RequestId: 88fc7cdc-5d47-5abe-b04b-21244f2534c3

2023-12-16T21:01:51.824Z REPORT RequestId: 88fc7cdc-5d47-5abe-b04b-21244f2534c3	Duration: 209.11 ms	Billed Duration: 210 ms	Memory Size: 1024 MB	Max Memory Used: 119 MB	
XRAY TraceId: 1-657e103f-71b1f6866ebc350e66c2b977	SegmentId: 3d165bd4552c9baa	Sampled: true	

2023-12-16T21:01:56.695Z START RequestId: 1656cd8e-70b2-53e4-9ce3-907662df1d3c Version: $LATEST

2023-12-16T21:01:56.725Z 2023-12-16T21:01:56.725Z	1656cd8e-70b2-53e4-9ce3-907662df1d3c	INFO	Processing message b56dc15f-0012-46c6-a4ed-5327c3e44b55

2023-12-16T21:01:56.730Z 2023-12-16T21:01:56.730Z	1656cd8e-70b2-53e4-9ce3-907662df1d3c	INFO	Start syncing the balance {
  transaction: {
    id: '01HHT6YHS10BNPJV528X1JF398',
    userId: '1b7eebb3-02fc-4cd8-aabe-8d1db4d14c4e',
    currency: 'KWD',
    amount: 7.5,
    vat: 0,
    oldBalance: 45,
    newBalance: 37.5
  }
}

2023-12-16T21:01:56.730Z 2023-12-16T21:01:56.730Z	1656cd8e-70b2-53e4-9ce3-907662df1d3c	INFO	Skipping the process, balance is already synced from other listeners

2023-12-16T21:01:56.740Z 2023-12-16T21:01:56.740Z	1656cd8e-70b2-53e4-9ce3-907662df1d3c	INFO	Processing message 66ba745b-cb23-42a1-a822-f51e743fe562

2023-12-16T21:01:56.745Z 2023-12-16T21:01:56.745Z	1656cd8e-70b2-53e4-9ce3-907662df1d3c	INFO	Start syncing the balance {
  transaction: {
    id: '01HHT6YJTSDJKVMRG875FST72C',
    userId: '2c2a8830-b2f7-4b3e-a180-7a5654eee40c',
    currency: 'SAR',
    amount: 90,
    vat: 0,
    oldBalance: 41546.39,
    newBalance: 41456.39
  }
}

2023-12-16T21:01:56.745Z 2023-12-16T21:01:56.745Z	1656cd8e-70b2-53e4-9ce3-907662df1d3c	INFO	Skipping the process, balance is already synced from other listeners

2023-12-16T21:01:56.759Z 2023-12-16T21:01:56.759Z	1656cd8e-70b2-53e4-9ce3-907662df1d3c	INFO	Processing message b2a8fcd6-1f1a-4097-b8a4-183fbc918cc8

2023-12-16T21:01:56.764Z 2023-12-16T21:01:56.764Z	1656cd8e-70b2-53e4-9ce3-907662df1d3c	INFO	Start syncing the balance {
  transaction: {
    id: '01HHT6YKTS3ETX81F5G8VBSNR7',
    userId: 'e55755fa-20dd-410d-af94-d4ced92039be',
    currency: 'BHD',
    amount: 9,
    vat: 0,
    oldBalance: 291,
    newBalance: 282
  }
}

2023-12-16T21:01:56.764Z 2023-12-16T21:01:56.764Z	1656cd8e-70b2-53e4-9ce3-907662df1d3c	INFO	Skipping the process, balance is already synced from other listeners

2023-12-16T21:01:56.775Z 2023-12-16T21:01:56.775Z	1656cd8e-70b2-53e4-9ce3-907662df1d3c	INFO	Processing message 19cd60b1-884d-481a-b531-0fa7dbe9b352

2023-12-16T21:01:56.780Z 2023-12-16T21:01:56.780Z	1656cd8e-70b2-53e4-9ce3-907662df1d3c	INFO	Start syncing the balance {
  transaction: {
    id: '01HHT6YRZ2QG26GEPAZNQKF97M',
    userId: '67305f3f-628b-4997-83f9-1247a896127a',
    currency: 'BHD',
    amount: 9,
    vat: 0,
    oldBalance: 3177,
    newBalance: 3168
  }
}

2023-12-16T21:01:56.780Z 2023-12-16T21:01:56.780Z	1656cd8e-70b2-53e4-9ce3-907662df1d3c	INFO	Skipping the process, balance is already synced from other listeners

2023-12-16T21:01:56.789Z 2023-12-16T21:01:56.789Z	1656cd8e-70b2-53e4-9ce3-907662df1d3c	INFO	Processing message b4309428-a98a-41b5-9fcf-5da8fa098450

2023-12-16T21:01:56.793Z 2023-12-16T21:01:56.793Z	1656cd8e-70b2-53e4-9ce3-907662df1d3c	INFO	Start syncing the balance {
  transaction: {
    id: '01HHT6YZJ0SBP60WFW1PVSV8H5',
    userId: 'cdd0df27-94a4-4f72-9e67-6f435cce0485',
    currency: 'BHD',
    amount: 9,
    vat: 0,
    oldBalance: 300,
    newBalance: 291
  }
}

2023-12-16T21:01:56.793Z 2023-12-16T21:01:56.793Z	1656cd8e-70b2-53e4-9ce3-907662df1d3c	INFO	Skipping the process, balance is already synced from other listeners

2023-12-16T21:01:56.811Z 2023-12-16T21:01:56.811Z	1656cd8e-70b2-53e4-9ce3-907662df1d3c	INFO	Processing message 8d9f0904-df0b-42f0-bc33-f3c18b121011

2023-12-16T21:01:56.815Z 2023-12-16T21:01:56.815Z	1656cd8e-70b2-53e4-9ce3-907662df1d3c	INFO	Start syncing the balance {
  transaction: {
    id: '01HHT6YZZEH5HJYCF3EJDYET6Z',
    userId: '4e9fc563-f427-44bc-974e-75b89833018f',
    currency: 'BHD',
    amount: 9,
    vat: 0,
    oldBalance: 291,
    newBalance: 282
  }
}

2023-12-16T21:01:56.815Z 2023-12-16T21:01:56.815Z	1656cd8e-70b2-53e4-9ce3-907662df1d3c	INFO	Skipping the process, balance is already synced from other listeners

2023-12-16T21:01:56.829Z END RequestId: 1656cd8e-70b2-53e4-9ce3-907662df1d3c

2023-12-16T21:01:56.829Z REPORT RequestId: 1656cd8e-70b2-53e4-9ce3-907662df1d3c	Duration: 133.58 ms	Billed Duration: 134 ms	Memory Size: 1024 MB	Max Memory Used: 119 MB	

2023-12-16T21:03:53.606Z START RequestId: d279a3fb-9d6b-5807-acf8-fe038fb4e9bd Version: $LATEST

2023-12-16T21:03:53.635Z 2023-12-16T21:03:53.635Z	d279a3fb-9d6b-5807-acf8-fe038fb4e9bd	INFO	Processing message 221bbef4-2596-4eb2-9002-3abb92cd9c16

2023-12-16T21:03:53.640Z 2023-12-16T21:03:53.640Z	d279a3fb-9d6b-5807-acf8-fe038fb4e9bd	INFO	Start syncing the balance {
  transaction: {
    id: '01HHT725RZ05NCGG5R4K2EMAEQ',
    userId: '47d03621-dec7-4429-bee2-02be753fcdc4',
    currency: 'BHD',
    amount: 9,
    vat: 0,
    oldBalance: 291,
    newBalance: 282
  }
}

2023-12-16T21:03:53.640Z 2023-12-16T21:03:53.640Z	d279a3fb-9d6b-5807-acf8-fe038fb4e9bd	INFO	Skipping the process, balance is already synced from other listeners

2023-12-16T21:03:53.677Z 2023-12-16T21:03:53.677Z	d279a3fb-9d6b-5807-acf8-fe038fb4e9bd	INFO	Processing message d2e0839c-5381-4e88-b23a-e721106fb81c

2023-12-16T21:03:53.681Z 2023-12-16T21:03:53.681Z	d279a3fb-9d6b-5807-acf8-fe038fb4e9bd	INFO	Start syncing the balance {
  transaction: {
    id: '01HHT727KA1HBRZZ0TD21BKRR4',
    userId: '789e2517-7115-46a9-a260-717333a06b69',
    currency: 'BHD',
    amount: 9,
    vat: 0,
    oldBalance: 309,
    newBalance: 300
  }
}

2023-12-16T21:03:53.681Z 2023-12-16T21:03:53.681Z	d279a3fb-9d6b-5807-acf8-fe038fb4e9bd	INFO	Skipping the process, balance is already synced from other listeners

2023-12-16T21:03:53.700Z 2023-12-16T21:03:53.700Z	d279a3fb-9d6b-5807-acf8-fe038fb4e9bd	INFO	Processing message 81c9b55f-c4f3-48b9-ad15-307f8fb4dcb6

2023-12-16T21:03:53.707Z 2023-12-16T21:03:53.707Z	d279a3fb-9d6b-5807-acf8-fe038fb4e9bd	INFO	Start syncing the balance {
  transaction: {
    id: '01HHT728WVG5M7VY6WFWER0292',
    userId: '95548cdd-9c30-4a34-8e13-6b526f0426da',
    currency: 'BHD',
    amount: 8,
    vat: 0,
    oldBalance: 393.267,
    newBalance: 385.267
  }
}

2023-12-16T21:03:53.708Z 2023-12-16T21:03:53.708Z	d279a3fb-9d6b-5807-acf8-fe038fb4e9bd	INFO	Skipping the process, balance is already synced from other listeners

2023-12-16T21:03:53.720Z 2023-12-16T21:03:53.720Z	d279a3fb-9d6b-5807-acf8-fe038fb4e9bd	INFO	Processing message 3d34d1a9-6ba1-43b5-9031-dd8bab9edd88

2023-12-16T21:03:53.725Z 2023-12-16T21:03:53.725Z	d279a3fb-9d6b-5807-acf8-fe038fb4e9bd	INFO	Start syncing the balance {
  transaction: {
    id: '01HHT72AB7NZ69MVZ1K81GJMZN',
    userId: '33f0b266-7eeb-42fe-bfb0-6bdf7ecae9f7',
    currency: 'SAR',
    amount: 42,
    vat: 0,
    oldBalance: 210,
    newBalance: 168
  }
}

2023-12-16T21:03:53.725Z 2023-12-16T21:03:53.725Z	d279a3fb-9d6b-5807-acf8-fe038fb4e9bd	INFO	Skipping the process, balance is already synced from other listeners

2023-12-16T21:03:53.739Z 2023-12-16T21:03:53.739Z	d279a3fb-9d6b-5807-acf8-fe038fb4e9bd	INFO	Processing message f3ce47bc-15e7-493e-a217-a27c80f6e25d

2023-12-16T21:03:53.744Z 2023-12-16T21:03:53.744Z	d279a3fb-9d6b-5807-acf8-fe038fb4e9bd	INFO	Start syncing the balance {
  transaction: {
    id: '01HHT72GW04PACTG6TAWBYCE58',
    userId: '34ba33ca-e3cd-4897-b0b0-771c0ea7407a',
    currency: 'SAR',
    amount: 90,
    vat: 0,
    oldBalance: 2080,
    newBalance: 1990
  }
}

2023-12-16T21:03:53.744Z 2023-12-16T21:03:53.744Z	d279a3fb-9d6b-5807-acf8-fe038fb4e9bd	INFO	Skipping the process, balance is already synced from other listeners

2023-12-16T21:03:53.759Z END RequestId: d279a3fb-9d6b-5807-acf8-fe038fb4e9bd

2023-12-16T21:03:53.759Z REPORT RequestId: d279a3fb-9d6b-5807-acf8-fe038fb4e9bd	Duration: 152.55 ms	Billed Duration: 153 ms	Memory Size: 1024 MB	Max Memory Used: 119 MB	
XRAY TraceId: 1-657e10b9-cebe103320b85df78750008a	SegmentId: 2050e68065f531b6	Sampled: true	

2023-12-16T21:04:01.253Z START RequestId: 93cec4f4-f59e-51f6-9faa-990ce76ec8b6 Version: $LATEST

2023-12-16T21:04:01.281Z 2023-12-16T21:04:01.281Z	93cec4f4-f59e-51f6-9faa-990ce76ec8b6	INFO	Processing message 8774e967-b9ea-4ab2-a205-b5d3276b6f14

2023-12-16T21:04:01.285Z 2023-12-16T21:04:01.285Z	93cec4f4-f59e-51f6-9faa-990ce76ec8b6	INFO	Start syncing the balance {
  transaction: {
    id: '01HHT72D4TGVTVXV0YBJECT65T',
    userId: '20f25ac8-8c5b-4ddf-a655-12257aed6fff',
    currency: 'BHD',
    amount: 9,
    vat: 0,
    oldBalance: 309,
    newBalance: 300
  }
}

2023-12-16T21:04:01.286Z 2023-12-16T21:04:01.286Z	93cec4f4-f59e-51f6-9faa-990ce76ec8b6	INFO	Skipping the process, balance is already synced from other listeners

2023-12-16T21:04:01.323Z 2023-12-16T21:04:01.323Z	93cec4f4-f59e-51f6-9faa-990ce76ec8b6	INFO	Processing message 92d12615-79c4-4c02-a79e-21e487bd74e4

2023-12-16T21:04:01.327Z 2023-12-16T21:04:01.327Z	93cec4f4-f59e-51f6-9faa-990ce76ec8b6	INFO	Start syncing the balance {
  transaction: {
    id: '01HHT72DDARE76X03V8RRAAGQP',
    userId: '75e32016-3c6f-475a-9c40-35e9d30eb4ed',
    currency: 'SAR',
    amount: 90,
    vat: 0,
    oldBalance: 2420,
    newBalance: 2330
  }
}

2023-12-16T21:04:01.328Z 2023-12-16T21:04:01.328Z	93cec4f4-f59e-51f6-9faa-990ce76ec8b6	INFO	Skipping the process, balance is already synced from other listeners

2023-12-16T21:04:01.343Z 2023-12-16T21:04:01.343Z	93cec4f4-f59e-51f6-9faa-990ce76ec8b6	INFO	Processing message affe7fd3-9b5f-4b47-a400-e157584d7a13

2023-12-16T21:04:01.370Z 2023-12-16T21:04:01.370Z	93cec4f4-f59e-51f6-9faa-990ce76ec8b6	INFO	Start syncing the balance {
  transaction: {
    id: '01HHT72ER2SR71C6N6EPXAMVFN',
    userId: '0842cf84-a66c-4ef8-af9d-9e806112336a',
    currency: 'SAR',
    amount: 90,
    vat: 0,
    oldBalance: 1790,
    newBalance: 1700
  }
}

2023-12-16T21:04:01.371Z 2023-12-16T21:04:01.371Z	93cec4f4-f59e-51f6-9faa-990ce76ec8b6	INFO	Skipping the process, balance is already synced from other listeners

2023-12-16T21:04:01.383Z 2023-12-16T21:04:01.383Z	93cec4f4-f59e-51f6-9faa-990ce76ec8b6	INFO	Processing message 3121d9e7-f386-45c0-b383-2e907b964a80

2023-12-16T21:04:01.400Z 2023-12-16T21:04:01.400Z	93cec4f4-f59e-51f6-9faa-990ce76ec8b6	INFO	Start syncing the balance {
  transaction: {
    id: '01HHT72FBQHCSWWDSVGP3ZRDZX',
    userId: '7967661b-9d88-4089-9047-81e9928af941',
    currency: 'SAR',
    amount: 90,
    vat: 0,
    oldBalance: 180,
    newBalance: 90
  }
}

2023-12-16T21:04:01.400Z 2023-12-16T21:04:01.400Z	93cec4f4-f59e-51f6-9faa-990ce76ec8b6	INFO	Skipping the process, balance is already synced from other listeners

2023-12-16T21:04:01.412Z 2023-12-16T21:04:01.412Z	93cec4f4-f59e-51f6-9faa-990ce76ec8b6	INFO	Processing message e49c556d-6496-4e91-9ba5-585a8217fffe

2023-12-16T21:04:01.417Z 2023-12-16T21:04:01.417Z	93cec4f4-f59e-51f6-9faa-990ce76ec8b6	INFO	Start syncing the balance {
  transaction: {
    id: '01HHT72K1PSJ5CXT5T1C565V52',
    userId: '26d31238-b7a4-4e7b-a52e-faa96846333c',
    currency: 'BHD',
    amount: 9,
    vat: 0,
    oldBalance: 282,
    newBalance: 273
  }
}

2023-12-16T21:04:01.417Z 2023-12-16T21:04:01.417Z	93cec4f4-f59e-51f6-9faa-990ce76ec8b6	INFO	Skipping the process, balance is already synced from other listeners

2023-12-16T21:04:01.433Z 2023-12-16T21:04:01.433Z	93cec4f4-f59e-51f6-9faa-990ce76ec8b6	INFO	Processing message a09416b0-a102-438f-ab90-1b2fa09aa89a

2023-12-16T21:04:01.439Z 2023-12-16T21:04:01.439Z	93cec4f4-f59e-51f6-9faa-990ce76ec8b6	INFO	Start syncing the balance {
  transaction: {
    id: '01HHT72QY86DT7VGWPGA100VDK',
    userId: 'eefb84af-6a9b-435b-b589-5c9734648a74',
    currency: 'BHD',
    amount: 4,
    vat: 0,
    oldBalance: 478.909,
    newBalance: 474.909
  }
}

2023-12-16T21:04:01.439Z 2023-12-16T21:04:01.439Z	93cec4f4-f59e-51f6-9faa-990ce76ec8b6	INFO	Skipping the process, balance is already synced from other listeners

2023-12-16T21:04:01.451Z END RequestId: 93cec4f4-f59e-51f6-9faa-990ce76ec8b6

2023-12-16T21:04:01.451Z REPORT RequestId: 93cec4f4-f59e-51f6-9faa-990ce76ec8b6	Duration: 197.50 ms	Billed Duration: 198 ms	Memory Size: 1024 MB	Max Memory Used: 120 MB	

2023-12-16T21:02:10.626Z START RequestId: d9fddfc9-2103-52ec-b5da-8231337bae74 Version: $LATEST

2023-12-16T21:02:10.654Z 2023-12-16T21:02:10.654Z	d9fddfc9-2103-52ec-b5da-8231337bae74	INFO	Processing message 8d8de309-7192-484a-9a05-9c90e6d680ab

2023-12-16T21:02:10.659Z 2023-12-16T21:02:10.659Z	d9fddfc9-2103-52ec-b5da-8231337bae74	INFO	Start syncing the balance {
  transaction: {
    id: '01HHT6YXB4GPRZGHSE9K9KY543',
    userId: 'bd7971c8-c11b-46ab-96c7-105eb10b444e',
    currency: 'BHD',
    amount: 9,
    vat: 0,
    oldBalance: 291,
    newBalance: 282
  }
}

2023-12-16T21:02:10.659Z 2023-12-16T21:02:10.659Z	d9fddfc9-2103-52ec-b5da-8231337bae74	INFO	Skipping the process, balance is already synced from other listeners

2023-12-16T21:02:10.694Z 2023-12-16T21:02:10.694Z	d9fddfc9-2103-52ec-b5da-8231337bae74	INFO	Processing message 6cc9f989-d3f1-4f0b-aef1-827b9a2d7921

2023-12-16T21:02:10.699Z 2023-12-16T21:02:10.699Z	d9fddfc9-2103-52ec-b5da-8231337bae74	INFO	Start syncing the balance {
  transaction: {
    id: '01HHT6Z4AYJRT8M3R98PCKCQE7',
    userId: 'ca4da5ef-df7d-417f-8098-80c027212092',
    currency: 'SAR',
    amount: 20,
    vat: 0,
    oldBalance: 980.62,
    newBalance: 960.62
  }
}

2023-12-16T21:02:10.699Z 2023-12-16T21:02:10.699Z	d9fddfc9-2103-52ec-b5da-8231337bae74	INFO	Skipping the process, balance is already synced from other listeners

2023-12-16T21:02:10.714Z 2023-12-16T21:02:10.714Z	d9fddfc9-2103-52ec-b5da-8231337bae74	INFO	Processing message af20fc97-3786-4639-bc72-618de2405463

2023-12-16T21:02:10.720Z 2023-12-16T21:02:10.720Z	d9fddfc9-2103-52ec-b5da-8231337bae74	INFO	Start syncing the balance {
  transaction: {
    id: '01HHT6Z74R1MVCS3DXA294NNXY',
    userId: '445abd69-0816-4fba-826c-feb24281a3e5',
    currency: 'SAR',
    amount: 90,
    vat: 0,
    oldBalance: 450,
    newBalance: 360
  }
}

2023-12-16T21:02:10.720Z 2023-12-16T21:02:10.720Z	d9fddfc9-2103-52ec-b5da-8231337bae74	INFO	Skipping the process, balance is already synced from other listeners

2023-12-16T21:02:10.739Z 2023-12-16T21:02:10.739Z	d9fddfc9-2103-52ec-b5da-8231337bae74	INFO	Processing message ecb5af8b-2eff-4336-a12e-afaf000f5379

2023-12-16T21:02:10.744Z 2023-12-16T21:02:10.744Z	d9fddfc9-2103-52ec-b5da-8231337bae74	INFO	Start syncing the balance {
  transaction: {
    id: '01HHT6Z9H3CCTV2PHR97T7NX3J',
    userId: '7ea81f9e-1a24-4664-bd94-4d88dc6fd07d',
    currency: 'BHD',
    amount: 8,
    vat: 0,
    oldBalance: 88.5,
    newBalance: 80.5
  }
}

2023-12-16T21:02:10.744Z 2023-12-16T21:02:10.744Z	d9fddfc9-2103-52ec-b5da-8231337bae74	INFO	Skipping the process, balance is already synced from other listeners

2023-12-16T21:02:10.755Z 2023-12-16T21:02:10.755Z	d9fddfc9-2103-52ec-b5da-8231337bae74	INFO	Processing message 3165f9db-9a9f-40ac-a834-44b0de046cc8

2023-12-16T21:02:10.760Z 2023-12-16T21:02:10.760Z	d9fddfc9-2103-52ec-b5da-8231337bae74	INFO	Start syncing the balance {
  transaction: {
    id: '01HHT6ZBS2HXT15PYCGJG59BFA',
    userId: 'd435bc53-d96a-4b30-be32-9e8fbbe3878b',
    currency: 'BHD',
    amount: 9,
    vat: 0,
    oldBalance: 300,
    newBalance: 291
  }
}

2023-12-16T21:02:10.760Z 2023-12-16T21:02:10.760Z	d9fddfc9-2103-52ec-b5da-8231337bae74	INFO	Skipping the process, balance is already synced from other listeners

2023-12-16T21:02:10.779Z END RequestId: d9fddfc9-2103-52ec-b5da-8231337bae74

2023-12-16T21:02:10.779Z REPORT RequestId: d9fddfc9-2103-52ec-b5da-8231337bae74	Duration: 153.08 ms	Billed Duration: 154 ms	Memory Size: 1024 MB	Max Memory Used: 119 MB	

2023-12-16T21:02:11.943Z START RequestId: 5354f86d-18fc-55a5-bfb2-a5950a7e8b7d Version: $LATEST

2023-12-16T21:02:11.963Z 2023-12-16T21:02:11.963Z	5354f86d-18fc-55a5-bfb2-a5950a7e8b7d	INFO	Processing message 0a34a03e-87e5-4df6-8682-12d9033c4d9d

2023-12-16T21:02:11.967Z 2023-12-16T21:02:11.967Z	5354f86d-18fc-55a5-bfb2-a5950a7e8b7d	INFO	Start syncing the balance {
  transaction: {
    id: '01HHT6Z2DGKDYGXMTB5191P7KC',
    userId: 'f1a91257-52d5-4b76-b2ce-a28ed5f2e5c7',
    currency: 'BHD',
    amount: 9,
    vat: 0,
    oldBalance: 72,
    newBalance: 63
  }
}

2023-12-16T21:02:11.967Z 2023-12-16T21:02:11.967Z	5354f86d-18fc-55a5-bfb2-a5950a7e8b7d	INFO	Skipping the process, balance is already synced from other listeners

2023-12-16T21:02:11.980Z 2023-12-16T21:02:11.980Z	5354f86d-18fc-55a5-bfb2-a5950a7e8b7d	INFO	Processing message 546af789-af1d-4e55-9171-c8b2f0ab3943

2023-12-16T21:02:11.985Z 2023-12-16T21:02:11.985Z	5354f86d-18fc-55a5-bfb2-a5950a7e8b7d	INFO	Start syncing the balance {
  transaction: {
    id: '01HHT6Z9MDFRX3QCZYX0NNKS5B',
    userId: 'cc209dc1-65cd-413e-8deb-9a8e37b333ad',
    currency: 'SAR',
    amount: 90,
    vat: 0,
    oldBalance: 2730,
    newBalance: 2640
  }
}

2023-12-16T21:02:11.985Z 2023-12-16T21:02:11.985Z	5354f86d-18fc-55a5-bfb2-a5950a7e8b7d	INFO	Skipping the process, balance is already synced from other listeners

2023-12-16T21:02:12.004Z 2023-12-16T21:02:12.004Z	5354f86d-18fc-55a5-bfb2-a5950a7e8b7d	INFO	Processing message ba605dda-2e6b-4aef-8d3e-53aefb1a7ca9

2023-12-16T21:02:12.009Z 2023-12-16T21:02:12.009Z	5354f86d-18fc-55a5-bfb2-a5950a7e8b7d	INFO	Start syncing the balance {
  transaction: {
    id: '01HHT6ZDWP2Z89MSTEVN62QZN4',
    userId: 'efa6426b-5dc2-42b8-ac5d-e40d81dda0a1',
    currency: 'BHD',
    amount: 9,
    vat: 0,
    oldBalance: 222.5,
    newBalance: 213.5
  }
}

2023-12-16T21:02:12.010Z 2023-12-16T21:02:12.010Z	5354f86d-18fc-55a5-bfb2-a5950a7e8b7d	INFO	Skipping the process, balance is already synced from other listeners

2023-12-16T21:02:12.030Z END RequestId: 5354f86d-18fc-55a5-bfb2-a5950a7e8b7d

2023-12-16T21:02:12.030Z REPORT RequestId: 5354f86d-18fc-55a5-bfb2-a5950a7e8b7d	Duration: 86.66 ms	Billed Duration: 87 ms	Memory Size: 1024 MB	Max Memory Used: 119 MB	

2023-12-16T21:03:01.078Z START RequestId: 9f79f5ba-a768-54df-8fcd-a842b5da9d39 Version: $LATEST

2023-12-16T21:03:01.107Z 2023-12-16T21:03:01.107Z	9f79f5ba-a768-54df-8fcd-a842b5da9d39	INFO	Processing message 20d9ae9f-ae39-47fa-96d0-4be561631842

2023-12-16T21:03:01.112Z 2023-12-16T21:03:01.112Z	9f79f5ba-a768-54df-8fcd-a842b5da9d39	INFO	Start syncing the balance {
  transaction: {
    id: '01HHT70J86TFGFB923TT5ZQP2T',
    userId: 'c2ea7768-6df8-4dd0-b08c-e23ece7f807b',
    currency: 'SAR',
    amount: 100,
    vat: 0,
    oldBalance: 600,
    newBalance: 500
  }
}

2023-12-16T21:03:01.112Z 2023-12-16T21:03:01.112Z	9f79f5ba-a768-54df-8fcd-a842b5da9d39	INFO	Skipping the process, balance is already synced from other listeners

2023-12-16T21:03:01.146Z 2023-12-16T21:03:01.146Z	9f79f5ba-a768-54df-8fcd-a842b5da9d39	INFO	Processing message 094881aa-d28f-4fcb-b4fa-4d2e5b8bf6cb

2023-12-16T21:03:01.152Z 2023-12-16T21:03:01.152Z	9f79f5ba-a768-54df-8fcd-a842b5da9d39	INFO	Start syncing the balance {
  transaction: {
    id: '01HHT70M0ZD297M5RF7J0RJ8FE',
    userId: '53fbb8f0-608a-43af-b8c0-ba03894e147a',
    currency: 'BHD',
    amount: 9,
    vat: 0,
    oldBalance: 282,
    newBalance: 273
  }
}

2023-12-16T21:03:01.152Z 2023-12-16T21:03:01.152Z	9f79f5ba-a768-54df-8fcd-a842b5da9d39	INFO	Skipping the process, balance is already synced from other listeners

2023-12-16T21:03:01.167Z 2023-12-16T21:03:01.167Z	9f79f5ba-a768-54df-8fcd-a842b5da9d39	INFO	Processing message 55eb21eb-076b-4e89-856d-179c5ceb4e0f

2023-12-16T21:03:01.172Z 2023-12-16T21:03:01.172Z	9f79f5ba-a768-54df-8fcd-a842b5da9d39	INFO	Start syncing the balance {
  transaction: {
    id: '01HHT70MHY6DK0B55NB3AFVK7C',
    userId: 'dad65afc-5053-4bfb-bab4-c4238e52842d',
    currency: 'BHD',
    amount: 9,
    vat: 0,
    oldBalance: 291,
    newBalance: 282
  }
}

2023-12-16T21:03:01.172Z 2023-12-16T21:03:01.172Z	9f79f5ba-a768-54df-8fcd-a842b5da9d39	INFO	Skipping the process, balance is already synced from other listeners

2023-12-16T21:03:01.191Z 2023-12-16T21:03:01.191Z	9f79f5ba-a768-54df-8fcd-a842b5da9d39	INFO	Processing message 66a53c79-0d38-418c-a365-ee806137f3c7

2023-12-16T21:03:01.196Z 2023-12-16T21:03:01.196Z	9f79f5ba-a768-54df-8fcd-a842b5da9d39	INFO	Start syncing the balance {
  transaction: {
    id: '01HHT70Q9M2APVT7N0XC3BPCMW',
    userId: '35d6378d-dd42-42e6-8e21-1656572aca3f',
    currency: 'BHD',
    amount: 9,
    vat: 0,
    oldBalance: 291,
    newBalance: 282
  }
}

2023-12-16T21:03:01.196Z 2023-12-16T21:03:01.196Z	9f79f5ba-a768-54df-8fcd-a842b5da9d39	INFO	Skipping the process, balance is already synced from other listeners

2023-12-16T21:03:01.208Z 2023-12-16T21:03:01.208Z	9f79f5ba-a768-54df-8fcd-a842b5da9d39	INFO	Processing message 246cb886-1429-4893-bbec-2dccefaf4f99

2023-12-16T21:03:01.213Z 2023-12-16T21:03:01.213Z	9f79f5ba-a768-54df-8fcd-a842b5da9d39	INFO	Start syncing the balance {
  transaction: {
    id: '01HHT70RKVDACH0FNTSP24H5FS',
    userId: '954efdec-5815-4925-b0f6-041d83c02b01',
    currency: 'BHD',
    amount: 90,
    vat: 0,
    oldBalance: 2056,
    newBalance: 1966
  }
}

2023-12-16T21:03:01.213Z 2023-12-16T21:03:01.213Z	9f79f5ba-a768-54df-8fcd-a842b5da9d39	INFO	Skipping the process, balance is already synced from other listeners

2023-12-16T21:03:01.230Z 2023-12-16T21:03:01.230Z	9f79f5ba-a768-54df-8fcd-a842b5da9d39	INFO	Processing message bf7b12b4-3923-47d7-8436-1b8658c6d782

2023-12-16T21:03:01.235Z 2023-12-16T21:03:01.235Z	9f79f5ba-a768-54df-8fcd-a842b5da9d39	INFO	Start syncing the balance {
  transaction: {
    id: '01HHT70Z2V37CFP91XJSE6VF67',
    userId: 'e86bf810-ce46-40cb-b7d0-fbc8517fe1a1',
    currency: 'SAR',
    amount: 90,
    vat: 0,
    oldBalance: 1530,
    newBalance: 1440
  }
}

2023-12-16T21:03:01.235Z 2023-12-16T21:03:01.235Z	9f79f5ba-a768-54df-8fcd-a842b5da9d39	INFO	Skipping the process, balance is already synced from other listeners

2023-12-16T21:03:01.277Z END RequestId: 9f79f5ba-a768-54df-8fcd-a842b5da9d39

2023-12-16T21:03:01.277Z REPORT RequestId: 9f79f5ba-a768-54df-8fcd-a842b5da9d39	Duration: 199.65 ms	Billed Duration: 200 ms	Memory Size: 1024 MB	Max Memory Used: 119 MB	
XRAY TraceId: 1-657e1085-5e41a8a001bf3dbe69d79c32	SegmentId: 1ed05a53714363c7	Sampled: true	

2023-12-16T21:03:01.710Z START RequestId: edcdc2c3-ca70-5ceb-aa37-9f3bd8da2f4d Version: $LATEST

2023-12-16T21:03:01.739Z 2023-12-16T21:03:01.739Z	edcdc2c3-ca70-5ceb-aa37-9f3bd8da2f4d	INFO	Processing message 817bbc5c-a4ea-42d4-b777-92bbf288f10a

2023-12-16T21:03:01.744Z 2023-12-16T21:03:01.744Z	edcdc2c3-ca70-5ceb-aa37-9f3bd8da2f4d	INFO	Start syncing the balance {
  transaction: {
    id: '01HHT70E0J2CXV0F6NVRPNGF0J',
    userId: 'd4f9f25d-cda7-49fc-a9fd-126b455f6c81',
    currency: 'AED',
    amount: 117,
    vat: 0,
    oldBalance: 901,
    newBalance: 784
  }
}

2023-12-16T21:03:01.744Z 2023-12-16T21:03:01.744Z	edcdc2c3-ca70-5ceb-aa37-9f3bd8da2f4d	INFO	Skipping the process, balance is already synced from other listeners

2023-12-16T21:03:01.756Z 2023-12-16T21:03:01.756Z	edcdc2c3-ca70-5ceb-aa37-9f3bd8da2f4d	INFO	Processing message 8fe2f76a-347a-47d6-a2b5-d19dfb1ce310

2023-12-16T21:03:01.764Z 2023-12-16T21:03:01.764Z	edcdc2c3-ca70-5ceb-aa37-9f3bd8da2f4d	INFO	Start syncing the balance {
  transaction: {
    id: '01HHT70DTWNVM5XEF5DMXT38TP',
    userId: 'cfee18c3-4c5c-43d6-8333-459ced998886',
    currency: 'SAR',
    amount: 100,
    vat: 0,
    oldBalance: 1400,
    newBalance: 1300
  }
}

2023-12-16T21:03:01.764Z 2023-12-16T21:03:01.764Z	edcdc2c3-ca70-5ceb-aa37-9f3bd8da2f4d	INFO	Skipping the process, balance is already synced from other listeners

2023-12-16T21:03:01.775Z 2023-12-16T21:03:01.775Z	edcdc2c3-ca70-5ceb-aa37-9f3bd8da2f4d	INFO	Processing message db031d59-c211-4443-a65b-adc99aeca0ad

2023-12-16T21:03:01.780Z 2023-12-16T21:03:01.780Z	edcdc2c3-ca70-5ceb-aa37-9f3bd8da2f4d	INFO	Start syncing the balance {
  transaction: {
    id: '01HHT70FTS1N3S78BCA51RM28S',
    userId: 'e43c3e20-d78b-4fdc-b46a-9d72e46f393a',
    currency: 'BHD',
    amount: 4,
    vat: 0,
    oldBalance: 1991.2,
    newBalance: 1987.2
  }
}

2023-12-16T21:03:01.780Z 2023-12-16T21:03:01.780Z	edcdc2c3-ca70-5ceb-aa37-9f3bd8da2f4d	INFO	Skipping the process, balance is already synced from other listeners

2023-12-16T21:03:01.792Z END RequestId: edcdc2c3-ca70-5ceb-aa37-9f3bd8da2f4d

2023-12-16T21:03:01.792Z REPORT RequestId: edcdc2c3-ca70-5ceb-aa37-9f3bd8da2f4d	Duration: 82.68 ms	Billed Duration: 83 ms	Memory Size: 1024 MB	Max Memory Used: 119 MB	

2023-12-16T21:03:44.067Z START RequestId: a2640320-dc94-563d-958b-5ed8ce428f7d Version: $LATEST

2023-12-16T21:03:44.087Z 2023-12-16T21:03:44.087Z	a2640320-dc94-563d-958b-5ed8ce428f7d	INFO	Processing message 6562c141-d3f0-4e19-b2e3-f908cafdbfcb

2023-12-16T21:03:44.092Z 2023-12-16T21:03:44.092Z	a2640320-dc94-563d-958b-5ed8ce428f7d	INFO	Start syncing the balance {
  transaction: {
    id: '01HHT71Q340JG0F4TJZPTQBH4K',
    userId: '66a734f3-a86b-477a-929e-50e078195a91',
    currency: 'BHD',
    amount: 9,
    vat: 0,
    oldBalance: 282,
    newBalance: 273
  }
}

2023-12-16T21:03:44.092Z 2023-12-16T21:03:44.092Z	a2640320-dc94-563d-958b-5ed8ce428f7d	INFO	Skipping the process, balance is already synced from other listeners

2023-12-16T21:03:44.128Z 2023-12-16T21:03:44.128Z	a2640320-dc94-563d-958b-5ed8ce428f7d	INFO	Processing message 4204d0eb-4d59-4272-8b98-5b59a174d1a6

2023-12-16T21:03:44.133Z 2023-12-16T21:03:44.133Z	a2640320-dc94-563d-958b-5ed8ce428f7d	INFO	Start syncing the balance {
  transaction: {
    id: '01HHT71X0ZEJJW6KEBD4M3PYEC',
    userId: 'fe34a324-49e4-4375-a0a6-30db0ad725c0',
    currency: 'BHD',
    amount: 9,
    vat: 0,
    oldBalance: 142,
    newBalance: 133
  }
}

2023-12-16T21:03:44.133Z 2023-12-16T21:03:44.133Z	a2640320-dc94-563d-958b-5ed8ce428f7d	INFO	Skipping the process, balance is already synced from other listeners

2023-12-16T21:03:44.152Z 2023-12-16T21:03:44.152Z	a2640320-dc94-563d-958b-5ed8ce428f7d	INFO	Processing message 75b54c4e-1da4-43b5-b0e9-573719bc213c

2023-12-16T21:03:44.159Z 2023-12-16T21:03:44.159Z	a2640320-dc94-563d-958b-5ed8ce428f7d	INFO	Start syncing the balance {
  transaction: {
    id: '01HHT71XP33H63YV26C3MFBP48',
    userId: 'b66d065b-3a4b-4871-9d0c-99701e74c8e9',
    currency: 'SAR',
    amount: 90,
    vat: 0,
    oldBalance: 25572,
    newBalance: 25482
  }
}

2023-12-16T21:03:44.159Z 2023-12-16T21:03:44.159Z	a2640320-dc94-563d-958b-5ed8ce428f7d	INFO	Skipping the process, balance is already synced from other listeners

2023-12-16T21:03:44.177Z 2023-12-16T21:03:44.177Z	a2640320-dc94-563d-958b-5ed8ce428f7d	INFO	Processing message d1592042-7104-466c-81ec-b6a291a6d47a

2023-12-16T21:03:44.182Z 2023-12-16T21:03:44.182Z	a2640320-dc94-563d-958b-5ed8ce428f7d	INFO	Start syncing the balance {
  transaction: {
    id: '01HHT71Z5AST268XEW2P9ZTK36',
    userId: '5fd7a797-569b-483e-9e96-9361757e3749',
    currency: 'BHD',
    amount: 9,
    vat: 0,
    oldBalance: 291,
    newBalance: 282
  }
}

2023-12-16T21:03:44.182Z 2023-12-16T21:03:44.182Z	a2640320-dc94-563d-958b-5ed8ce428f7d	INFO	Skipping the process, balance is already synced from other listeners

2023-12-16T21:03:44.199Z 2023-12-16T21:03:44.199Z	a2640320-dc94-563d-958b-5ed8ce428f7d	INFO	Processing message 3d0e9c58-b4da-4c6b-96b2-09a281f4b721

2023-12-16T21:03:44.204Z 2023-12-16T21:03:44.204Z	a2640320-dc94-563d-958b-5ed8ce428f7d	INFO	Start syncing the balance {
  transaction: {
    id: '01HHT71Z52PW9Q1W06VV51TAPM',
    userId: '2af65ba7-48fc-4433-be65-5dca7e3094a8',
    currency: 'BHD',
    amount: 22,
    vat: 0,
    oldBalance: 52.682,
    newBalance: 30.682
  }
}

2023-12-16T21:03:44.204Z 2023-12-16T21:03:44.204Z	a2640320-dc94-563d-958b-5ed8ce428f7d	INFO	Skipping the process, balance is already synced from other listeners

2023-12-16T21:03:44.216Z 2023-12-16T21:03:44.216Z	a2640320-dc94-563d-958b-5ed8ce428f7d	INFO	Processing message fd2fbadd-db18-485c-92df-a0217468f20b

2023-12-16T21:03:44.221Z 2023-12-16T21:03:44.221Z	a2640320-dc94-563d-958b-5ed8ce428f7d	INFO	Start syncing the balance {
  transaction: {
    id: '01HHT723S7S7QDYA9E7Q0E9T26',
    userId: 'f5d66611-6d18-4c1d-8542-11e626c99c1e',
    currency: 'QAR',
    amount: 120,
    vat: 0,
    oldBalance: 1040,
    newBalance: 920
  }
}

2023-12-16T21:03:44.221Z 2023-12-16T21:03:44.221Z	a2640320-dc94-563d-958b-5ed8ce428f7d	INFO	Skipping the process, balance is already synced from other listeners

2023-12-16T21:03:44.237Z END RequestId: a2640320-dc94-563d-958b-5ed8ce428f7d

2023-12-16T21:03:44.237Z REPORT RequestId: a2640320-dc94-563d-958b-5ed8ce428f7d	Duration: 170.08 ms	Billed Duration: 171 ms	Memory Size: 1024 MB	Max Memory Used: 119 MB	

2023-12-16T21:04:26.811Z START RequestId: 4ce7a3da-4d76-525f-9fbe-fe225f8fca91 Version: $LATEST

2023-12-16T21:04:26.842Z 2023-12-16T21:04:26.842Z	4ce7a3da-4d76-525f-9fbe-fe225f8fca91	INFO	Processing message 2bd690f3-8b5c-4a49-826a-7397b1731e22

2023-12-16T21:04:26.848Z 2023-12-16T21:04:26.848Z	4ce7a3da-4d76-525f-9fbe-fe225f8fca91	INFO	Start syncing the balance {
  transaction: {
    id: '01HHT734W97PXNP5524YVQ24VG',
    userId: '6f7b9fb3-bc7f-48c0-ab23-e436b3729b55',
    currency: 'SAR',
    amount: 90,
    vat: 0,
    oldBalance: 990,
    newBalance: 900
  }
}

2023-12-16T21:04:26.848Z 2023-12-16T21:04:26.848Z	4ce7a3da-4d76-525f-9fbe-fe225f8fca91	INFO	Skipping the process, balance is already synced from other listeners

2023-12-16T21:04:26.910Z 2023-12-16T21:04:26.910Z	4ce7a3da-4d76-525f-9fbe-fe225f8fca91	INFO	Processing message aa77f0b5-4316-40b7-9bbb-d11866f0ea16

2023-12-16T21:04:26.915Z 2023-12-16T21:04:26.915Z	4ce7a3da-4d76-525f-9fbe-fe225f8fca91	INFO	Start syncing the balance {
  transaction: {
    id: '01HHT736SAV3YE0NH8SG852DT6',
    userId: '3e5d306b-b329-4d4b-98dd-151cf9c831fd',
    currency: 'SAR',
    amount: 90,
    vat: 0,
    oldBalance: 540,
    newBalance: 450
  }
}

2023-12-16T21:04:26.915Z 2023-12-16T21:04:26.915Z	4ce7a3da-4d76-525f-9fbe-fe225f8fca91	INFO	Skipping the process, balance is already synced from other listeners

2023-12-16T21:04:26.928Z 2023-12-16T21:04:26.928Z	4ce7a3da-4d76-525f-9fbe-fe225f8fca91	INFO	Processing message ef04a6da-1eb5-4c31-96d3-97845616a1a5

2023-12-16T21:04:26.933Z 2023-12-16T21:04:26.933Z	4ce7a3da-4d76-525f-9fbe-fe225f8fca91	INFO	Start syncing the balance {
  transaction: {
    id: '01HHT73916MP71952YCVM1SJAS',
    userId: 'eb6875d4-8663-4dc5-8838-1148a2425c13',
    currency: 'BHD',
    amount: 4,
    vat: 0,
    oldBalance: 221.364,
    newBalance: 217.364
  }
}

2023-12-16T21:04:26.933Z 2023-12-16T21:04:26.933Z	4ce7a3da-4d76-525f-9fbe-fe225f8fca91	INFO	Skipping the process, balance is already synced from other listeners

2023-12-16T21:04:26.947Z END RequestId: 4ce7a3da-4d76-525f-9fbe-fe225f8fca91

2023-12-16T21:04:26.947Z REPORT RequestId: 4ce7a3da-4d76-525f-9fbe-fe225f8fca91	Duration: 136.12 ms	Billed Duration: 137 ms	Memory Size: 1024 MB	Max Memory Used: 120 MB	

2023-12-16T21:03:16.835Z START RequestId: 9380d831-5e7d-5b98-b62c-85c94cbe2356 Version: $LATEST

2023-12-16T21:03:16.860Z 2023-12-16T21:03:16.860Z	9380d831-5e7d-5b98-b62c-85c94cbe2356	INFO	Processing message 9f03b9bd-cffd-4d4e-a780-0c9f9de67dad

2023-12-16T21:03:16.865Z 2023-12-16T21:03:16.865Z	9380d831-5e7d-5b98-b62c-85c94cbe2356	INFO	Start syncing the balance {
  transaction: {
    id: '01HHT710V3BBA5ATBK8ZB1HNGV',
    userId: '87c848f8-99e3-4d14-a0a6-117bc5cee05b',
    currency: 'BHD',
    amount: 9,
    vat: 0,
    oldBalance: 291,
    newBalance: 282
  }
}

2023-12-16T21:03:16.865Z 2023-12-16T21:03:16.865Z	9380d831-5e7d-5b98-b62c-85c94cbe2356	INFO	Skipping the process, balance is already synced from other listeners

2023-12-16T21:03:16.900Z 2023-12-16T21:03:16.900Z	9380d831-5e7d-5b98-b62c-85c94cbe2356	INFO	Processing message 590029b9-82f8-4f83-b4e6-73dcab593041

2023-12-16T21:03:16.905Z 2023-12-16T21:03:16.905Z	9380d831-5e7d-5b98-b62c-85c94cbe2356	INFO	Start syncing the balance {
  transaction: {
    id: '01HHT7127GSAKKFKTY806S584R',
    userId: '5e3ad33d-e32c-4a99-984f-8917aa66a953',
    currency: 'SAR',
    amount: 90,
    vat: 0,
    oldBalance: 519.56,
    newBalance: 429.56
  }
}

2023-12-16T21:03:16.905Z 2023-12-16T21:03:16.905Z	9380d831-5e7d-5b98-b62c-85c94cbe2356	INFO	Skipping the process, balance is already synced from other listeners

2023-12-16T21:03:16.915Z 2023-12-16T21:03:16.915Z	9380d831-5e7d-5b98-b62c-85c94cbe2356	INFO	Processing message 7f52f84c-2d4c-4c55-b243-6e841ce0f61a

2023-12-16T21:03:16.920Z 2023-12-16T21:03:16.920Z	9380d831-5e7d-5b98-b62c-85c94cbe2356	INFO	Start syncing the balance {
  transaction: {
    id: '01HHT713PZW7PZQRW8H4RH07K3',
    userId: '8c1ac27b-4b34-4d12-b590-9279bbe32c5d',
    currency: 'BHD',
    amount: 4,
    vat: 0,
    oldBalance: 84.2,
    newBalance: 80.2
  }
}

2023-12-16T21:03:16.920Z 2023-12-16T21:03:16.920Z	9380d831-5e7d-5b98-b62c-85c94cbe2356	INFO	Skipping the process, balance is already synced from other listeners

2023-12-16T21:03:16.930Z 2023-12-16T21:03:16.930Z	9380d831-5e7d-5b98-b62c-85c94cbe2356	INFO	Processing message 4872a577-ee7f-456b-a6b1-85debf9d6df7

2023-12-16T21:03:16.934Z 2023-12-16T21:03:16.934Z	9380d831-5e7d-5b98-b62c-85c94cbe2356	INFO	Start syncing the balance {
  transaction: {
    id: '01HHT716BJW00VGQK1NT6E1TYP',
    userId: 'b11a22a9-3283-4c2a-8530-5f685c1035b4',
    currency: 'BHD',
    amount: 9,
    vat: 0,
    oldBalance: 409,
    newBalance: 400
  }
}

2023-12-16T21:03:16.934Z 2023-12-16T21:03:16.934Z	9380d831-5e7d-5b98-b62c-85c94cbe2356	INFO	Skipping the process, balance is already synced from other listeners

2023-12-16T21:03:16.951Z 2023-12-16T21:03:16.951Z	9380d831-5e7d-5b98-b62c-85c94cbe2356	INFO	Processing message 949b753c-0c64-44d2-bde9-ca2b0853cdef

2023-12-16T21:03:16.956Z 2023-12-16T21:03:16.956Z	9380d831-5e7d-5b98-b62c-85c94cbe2356	INFO	Start syncing the balance {
  transaction: {
    id: '01HHT716MR6XMKAAKWEG3DGH7P',
    userId: 'afad1f0a-8d1a-4883-aa2f-9e3afc02d3b1',
    currency: 'SAR',
    amount: 42,
    vat: 0,
    oldBalance: 1034,
    newBalance: 992
  }
}

2023-12-16T21:03:16.956Z 2023-12-16T21:03:16.956Z	9380d831-5e7d-5b98-b62c-85c94cbe2356	INFO	Skipping the process, balance is already synced from other listeners

2023-12-16T21:03:16.968Z 2023-12-16T21:03:16.968Z	9380d831-5e7d-5b98-b62c-85c94cbe2356	INFO	Processing message 0280f209-c35d-4b4c-ad1e-7394582825d8

2023-12-16T21:03:16.972Z 2023-12-16T21:03:16.972Z	9380d831-5e7d-5b98-b62c-85c94cbe2356	INFO	Start syncing the balance {
  transaction: {
    id: '01HHT71AQH64QZ9TQA1ZFVJN9S',
    userId: '9f4df114-f657-4b93-af46-af0c3922bdef',
    currency: 'BHD',
    amount: 9,
    vat: 0,
    oldBalance: 291,
    newBalance: 282
  }
}

2023-12-16T21:03:16.972Z 2023-12-16T21:03:16.972Z	9380d831-5e7d-5b98-b62c-85c94cbe2356	INFO	Skipping the process, balance is already synced from other listeners

2023-12-16T21:03:16.990Z 2023-12-16T21:03:16.990Z	9380d831-5e7d-5b98-b62c-85c94cbe2356	INFO	Processing message bbec465f-e13b-4dc3-a641-6c1bbd86bc87

2023-12-16T21:03:16.994Z 2023-12-16T21:03:16.994Z	9380d831-5e7d-5b98-b62c-85c94cbe2356	INFO	Start syncing the balance {
  transaction: {
    id: '01HHT71D5FFKZG3YCQWBQ2K26N',
    userId: '709c6d90-afa7-4f96-add9-be439e085a89',
    currency: 'BHD',
    amount: 9,
    vat: 0,
    oldBalance: 205,
    newBalance: 196
  }
}

2023-12-16T21:03:16.994Z 2023-12-16T21:03:16.994Z	9380d831-5e7d-5b98-b62c-85c94cbe2356	INFO	Skipping the process, balance is already synced from other listeners

2023-12-16T21:03:17.011Z 2023-12-16T21:03:17.011Z	9380d831-5e7d-5b98-b62c-85c94cbe2356	INFO	Processing message 347180b4-6c09-4af5-a83f-13edffcfe7a3

2023-12-16T21:03:17.017Z 2023-12-16T21:03:17.017Z	9380d831-5e7d-5b98-b62c-85c94cbe2356	INFO	Start syncing the balance {
  transaction: {
    id: '01HHT71F1BRP37Q7ZXWS5GCBPF',
    userId: 'c7de1ac1-05c8-410e-a7d7-47fb25d705ba',
    currency: 'BHD',
    amount: 8,
    vat: 0,
    oldBalance: 87,
    newBalance: 79
  }
}

2023-12-16T21:03:17.017Z 2023-12-16T21:03:17.017Z	9380d831-5e7d-5b98-b62c-85c94cbe2356	INFO	Skipping the process, balance is already synced from other listeners

2023-12-16T21:03:17.034Z END RequestId: 9380d831-5e7d-5b98-b62c-85c94cbe2356

2023-12-16T21:03:17.034Z REPORT RequestId: 9380d831-5e7d-5b98-b62c-85c94cbe2356	Duration: 198.78 ms	Billed Duration: 199 ms	Memory Size: 1024 MB	Max Memory Used: 119 MB	
XRAY TraceId: 1-657e1094-f698d8bcb255fcd3726c1e1a	SegmentId: 05b5352c461f34f6	Sampled: true	

2023-12-16T21:03:23.746Z START RequestId: 145112ed-c2e4-55e4-94cc-4f15d0231642 Version: $LATEST

2023-12-16T21:03:23.778Z 2023-12-16T21:03:23.778Z	145112ed-c2e4-55e4-94cc-4f15d0231642	INFO	Processing message 1dc93c4d-cbff-43f6-8cd3-8091269dd3a5

2023-12-16T21:03:23.783Z 2023-12-16T21:03:23.783Z	145112ed-c2e4-55e4-94cc-4f15d0231642	INFO	Start syncing the balance {
  transaction: {
    id: '01HHT713G2Q93WMX4DJANN9SC7',
    userId: '36cffa58-f615-4cb9-9e9e-38aed031080d',
    currency: 'SAR',
    amount: 90,
    vat: 0,
    oldBalance: 630,
    newBalance: 540
  }
}

2023-12-16T21:03:23.783Z 2023-12-16T21:03:23.783Z	145112ed-c2e4-55e4-94cc-4f15d0231642	INFO	Skipping the process, balance is already synced from other listeners

2023-12-16T21:03:23.811Z 2023-12-16T21:03:23.811Z	145112ed-c2e4-55e4-94cc-4f15d0231642	INFO	Processing message 7361d80b-0f39-4451-a41d-8268222dbc39

2023-12-16T21:03:23.817Z 2023-12-16T21:03:23.817Z	145112ed-c2e4-55e4-94cc-4f15d0231642	INFO	Start syncing the balance {
  transaction: {
    id: '01HHT71847Y2AMR39R3S91BAJC',
    userId: 'b9c901a6-79c0-4817-a7c3-737d53befd9b',
    currency: 'BHD',
    amount: 4,
    vat: 0,
    oldBalance: 47.9994,
    newBalance: 43.999
  }
}

2023-12-16T21:03:23.817Z 2023-12-16T21:03:23.817Z	145112ed-c2e4-55e4-94cc-4f15d0231642	INFO	Skipping the process, balance is already synced from other listeners

2023-12-16T21:03:23.830Z 2023-12-16T21:03:23.830Z	145112ed-c2e4-55e4-94cc-4f15d0231642	INFO	Processing message 11adbb41-fdd5-445c-b199-ef16cc0eee60

2023-12-16T21:03:23.835Z 2023-12-16T21:03:23.835Z	145112ed-c2e4-55e4-94cc-4f15d0231642	INFO	Start syncing the balance {
  transaction: {
    id: '01HHT7190VSFVH7VNE5B6H11DF',
    userId: '46176cfe-75b8-4dc3-aeba-64e9649f2840',
    currency: 'SAR',
    amount: 90,
    vat: 0,
    oldBalance: 1530,
    newBalance: 1440
  }
}

2023-12-16T21:03:23.835Z 2023-12-16T21:03:23.835Z	145112ed-c2e4-55e4-94cc-4f15d0231642	INFO	Skipping the process, balance is already synced from other listeners

2023-12-16T21:03:23.853Z 2023-12-16T21:03:23.853Z	145112ed-c2e4-55e4-94cc-4f15d0231642	INFO	Processing message 3278a27d-4bfc-4aa4-8f19-6db9372a2c12

2023-12-16T21:03:23.861Z 2023-12-16T21:03:23.861Z	145112ed-c2e4-55e4-94cc-4f15d0231642	INFO	Start syncing the balance {
  transaction: {
    id: '01HHT71J0E0C5X9WAJ9HQKVCX6',
    userId: 'a10e7ad6-a70f-4ffa-bc51-4cfe8d04ee7c',
    currency: 'SAR',
    amount: 90,
    vat: 0,
    oldBalance: 1050,
    newBalance: 960
  }
}

2023-12-16T21:03:23.861Z 2023-12-16T21:03:23.861Z	145112ed-c2e4-55e4-94cc-4f15d0231642	INFO	Skipping the process, balance is already synced from other listeners

2023-12-16T21:03:23.872Z END RequestId: 145112ed-c2e4-55e4-94cc-4f15d0231642

2023-12-16T21:03:23.872Z REPORT RequestId: 145112ed-c2e4-55e4-94cc-4f15d0231642	Duration: 125.54 ms	Billed Duration: 126 ms	Memory Size: 1024 MB	Max Memory Used: 119 MB	

