2023-12-26T21:15:42.369Z INIT_START Runtime Version: nodejs:14.v42	Runtime Version ARN: arn:aws:lambda:us-east-1::runtime:4cb686be08f980f530c1cbdeae970951c08b712057b80e8698cf4641214607d6

2023-12-26T21:15:43.257Z START RequestId: 7c8d1c30-5a25-57cd-ba72-42351e9e7289 Version: $LATEST

2023-12-26T21:15:43.345Z 2023-12-26T21:15:43.345Z	7c8d1c30-5a25-57cd-ba72-42351e9e7289	INFO	Processing message 79fccab6-83de-455e-b463-4d4619c9c96d

2023-12-26T21:15:43.385Z 2023-12-26T21:15:43.385Z	7c8d1c30-5a25-57cd-ba72-42351e9e7289	INFO	Start syncing the balance {
  transaction: {
    id: '01HJKZQENNKHN7M9GDX3B4C0MM',
    type: 'DEBIT',
    source: 'MANUAL_DEDUCTION',
    action: 'DELIVERY_DEDUCTION',
    userId: '1b5748cb-c677-44ab-9d61-940e554fc014',
    paymentBalance: 176,
    updatePaymentBalance: true,
    metadata: '{"walletId":"wallet#1b5748cb-c677-44ab-9d61-940e554fc014","deliveryId":"5521b118-027a-431b-a006-39986610c525","walletSk":"5521b118-027a-431b-a006-39986610c525","version":"syncBalanceSQS"}',
    currency: 'KWD',
    amount: 7.5,
    vat: 0,
    oldBalance: 183.5,
    newBalance: 176
  }
}

2023-12-26T21:15:43.469Z 2023-12-26T21:15:43.469Z	7c8d1c30-5a25-57cd-ba72-42351e9e7289	INFO	SubscriptionBalanceUpdated event published

2023-12-26T21:15:43.507Z END RequestId: 7c8d1c30-5a25-57cd-ba72-42351e9e7289

2023-12-26T21:15:43.507Z REPORT RequestId: 7c8d1c30-5a25-57cd-ba72-42351e9e7289	Duration: 249.84 ms	Billed Duration: 250 ms	Memory Size: 1024 MB	Max Memory Used: 116 MB	Init Duration: 886.90 ms	

2023-12-26T21:15:43.733Z START RequestId: bbe51439-3743-5b21-b487-4a3c73fce8e0 Version: $LATEST

2023-12-26T21:15:43.757Z 2023-12-26T21:15:43.757Z	bbe51439-3743-5b21-b487-4a3c73fce8e0	INFO	Processing message 28fe4901-c59c-4e47-aa66-b705efe87662

2023-12-26T21:15:43.763Z 2023-12-26T21:15:43.763Z	bbe51439-3743-5b21-b487-4a3c73fce8e0	INFO	Start syncing the balance {
  transaction: {
    id: '01HJKZQF0CWQR0CH5J7HERFNZR',
    type: 'DEBIT',
    source: 'MANUAL_DEDUCTION',
    action: 'DELIVERY_DEDUCTION',
    userId: '3da98642-82d9-433f-a525-164b6afcbbe0',
    paymentBalance: 2160,
    updatePaymentBalance: true,
    metadata: '{"walletId":"wallet#3da98642-82d9-433f-a525-164b6afcbbe0","deliveryId":"8f5cbcb9-d6be-4eb0-a5ce-fa26d0c81113","walletSk":"8f5cbcb9-d6be-4eb0-a5ce-fa26d0c81113","version":"syncBalanceSQS"}',
    currency: 'SAR',
    amount: 90,
    vat: 0,
    oldBalance: 2250,
    newBalance: 2160
  }
}

2023-12-26T21:15:43.841Z 2023-12-26T21:15:43.841Z	bbe51439-3743-5b21-b487-4a3c73fce8e0	INFO	SubscriptionBalanceUpdated event published

2023-12-26T21:15:43.855Z END RequestId: bbe51439-3743-5b21-b487-4a3c73fce8e0

2023-12-26T21:15:43.855Z REPORT RequestId: bbe51439-3743-5b21-b487-4a3c73fce8e0	Duration: 122.34 ms	Billed Duration: 123 ms	Memory Size: 1024 MB	Max Memory Used: 116 MB	

2023-12-26T21:15:44.331Z START RequestId: 30564ba6-84f8-5dcf-8179-15a3c047f88b Version: $LATEST

2023-12-26T21:15:44.359Z 2023-12-26T21:15:44.359Z	30564ba6-84f8-5dcf-8179-15a3c047f88b	INFO	Processing message 168f7e36-4f64-45ef-be70-5411eb312d76

2023-12-26T21:15:44.366Z 2023-12-26T21:15:44.366Z	30564ba6-84f8-5dcf-8179-15a3c047f88b	INFO	Start syncing the balance {
  transaction: {
    id: '01HJKZQH1H7XDXT4FJRJA9X5WK',
    type: 'DEBIT',
    source: 'MANUAL_DEDUCTION',
    action: 'DELIVERY_DEDUCTION',
    userId: 'cc209dc1-65cd-413e-8deb-9a8e37b333ad',
    paymentBalance: 2280,
    updatePaymentBalance: true,
    metadata: '{"walletId":"wallet#cc209dc1-65cd-413e-8deb-9a8e37b333ad","deliveryId":"bf362b51-aa29-48ed-a5e5-4862b2e0f9f2","walletSk":"bf362b51-aa29-48ed-a5e5-4862b2e0f9f2","version":"syncBalanceSQS"}',
    currency: 'SAR',
    amount: 90,
    vat: 0,
    oldBalance: 2370,
    newBalance: 2280
  }
}

2023-12-26T21:15:44.408Z 2023-12-26T21:15:44.408Z	30564ba6-84f8-5dcf-8179-15a3c047f88b	INFO	SubscriptionBalanceUpdated event published

2023-12-26T21:15:44.423Z END RequestId: 30564ba6-84f8-5dcf-8179-15a3c047f88b

2023-12-26T21:15:44.423Z REPORT RequestId: 30564ba6-84f8-5dcf-8179-15a3c047f88b	Duration: 91.63 ms	Billed Duration: 92 ms	Memory Size: 1024 MB	Max Memory Used: 116 MB	
XRAY TraceId: 1-658b4280-70092353035d00729d453b2b	SegmentId: 51e4d27f72a1f8a9	Sampled: true	

2023-12-26T21:15:45.476Z START RequestId: 0d22de25-b522-59ea-b93c-8020f1e2aa2b Version: $LATEST

2023-12-26T21:15:45.504Z 2023-12-26T21:15:45.504Z	0d22de25-b522-59ea-b93c-8020f1e2aa2b	INFO	Processing message a500a4d7-9603-42d3-a4ca-e0b9ebeb2bb0

2023-12-26T21:15:45.513Z 2023-12-26T21:15:45.513Z	0d22de25-b522-59ea-b93c-8020f1e2aa2b	INFO	Start syncing the balance {
  transaction: {
    id: '01HJKZQJ3PSJAY6RR80GESPDSM',
    type: 'DEBIT',
    source: 'MANUAL_DEDUCTION',
    action: 'DELIVERY_DEDUCTION',
    userId: '73efb41a-798e-400b-b2ff-45ab7d95d97e',
    paymentBalance: 2160,
    updatePaymentBalance: true,
    metadata: '{"walletId":"wallet#73efb41a-798e-400b-b2ff-45ab7d95d97e","deliveryId":"eac91fa5-e94f-4c1c-adfd-cf621c2d0733","walletSk":"eac91fa5-e94f-4c1c-adfd-cf621c2d0733","version":"syncBalanceSQS"}',
    currency: 'SAR',
    amount: 90,
    vat: 0,
    oldBalance: 2250,
    newBalance: 2160
  }
}

2023-12-26T21:15:45.558Z 2023-12-26T21:15:45.558Z	0d22de25-b522-59ea-b93c-8020f1e2aa2b	INFO	SubscriptionBalanceUpdated event published

2023-12-26T21:15:45.573Z END RequestId: 0d22de25-b522-59ea-b93c-8020f1e2aa2b

2023-12-26T21:15:45.573Z REPORT RequestId: 0d22de25-b522-59ea-b93c-8020f1e2aa2b	Duration: 96.26 ms	Billed Duration: 97 ms	Memory Size: 1024 MB	Max Memory Used: 116 MB	

2023-12-26T21:15:47.473Z START RequestId: adae58ef-1276-57d1-8f09-06ea56b6e295 Version: $LATEST

2023-12-26T21:15:47.504Z 2023-12-26T21:15:47.504Z	adae58ef-1276-57d1-8f09-06ea56b6e295	INFO	Processing message b00ab352-2c9f-42e4-a7b1-c8ef312c1fd6

2023-12-26T21:15:47.509Z 2023-12-26T21:15:47.509Z	adae58ef-1276-57d1-8f09-06ea56b6e295	INFO	Start syncing the balance {
  transaction: {
    id: '01HJKZQM6P47PXGSPY5BB2TDJZ',
    type: 'DEBIT',
    source: 'MANUAL_DEDUCTION',
    action: 'DELIVERY_DEDUCTION',
    userId: 'e0576404-a8b9-4bbf-857a-a68adf9999fd',
    paymentBalance: 180,
    updatePaymentBalance: true,
    metadata: '{"walletId":"wallet#e0576404-a8b9-4bbf-857a-a68adf9999fd","deliveryId":"8a04ea70-7d8f-4aec-a87b-bff9a12e84f4","walletSk":"8a04ea70-7d8f-4aec-a87b-bff9a12e84f4","version":"syncBalanceSQS"}',
    currency: 'BHD',
    amount: 9,
    vat: 0,
    oldBalance: 189,
    newBalance: 180
  }
}

2023-12-26T21:15:47.549Z 2023-12-26T21:15:47.549Z	adae58ef-1276-57d1-8f09-06ea56b6e295	INFO	SubscriptionBalanceUpdated event published

2023-12-26T21:15:47.564Z END RequestId: adae58ef-1276-57d1-8f09-06ea56b6e295

2023-12-26T21:15:47.565Z REPORT RequestId: adae58ef-1276-57d1-8f09-06ea56b6e295	Duration: 91.44 ms	Billed Duration: 92 ms	Memory Size: 1024 MB	Max Memory Used: 116 MB	

2023-12-26T21:15:47.710Z START RequestId: c94adcce-f852-5290-b474-82cbbc93d151 Version: $LATEST

2023-12-26T21:15:47.738Z 2023-12-26T21:15:47.738Z	c94adcce-f852-5290-b474-82cbbc93d151	INFO	Processing message 6b879f78-b568-4949-b084-d65b5359b3a0

2023-12-26T21:15:47.756Z 2023-12-26T21:15:47.756Z	c94adcce-f852-5290-b474-82cbbc93d151	INFO	Start syncing the balance {
  transaction: {
    id: '01HJKZQKZTSSJDCVQX7TJ31A1X',
    type: 'DEBIT',
    source: 'MANUAL_DEDUCTION',
    action: 'DELIVERY_DEDUCTION',
    userId: 'a09d7e6f-cd6a-4e47-8fd6-6b9a7dd03d4d',
    paymentBalance: 177.5,
    updatePaymentBalance: true,
    metadata: '{"walletId":"wallet#a09d7e6f-cd6a-4e47-8fd6-6b9a7dd03d4d","deliveryId":"59ab9a0d-0a72-4f6a-8c90-73db7aff8b1c","walletSk":"59ab9a0d-0a72-4f6a-8c90-73db7aff8b1c","version":"syncBalanceSQS"}',
    currency: 'BHD',
    amount: 9,
    vat: 0,
    oldBalance: 186.5,
    newBalance: 177.5
  }
}

2023-12-26T21:15:47.799Z 2023-12-26T21:15:47.799Z	c94adcce-f852-5290-b474-82cbbc93d151	INFO	SubscriptionBalanceUpdated event published

2023-12-26T21:15:47.814Z END RequestId: c94adcce-f852-5290-b474-82cbbc93d151

2023-12-26T21:15:47.814Z REPORT RequestId: c94adcce-f852-5290-b474-82cbbc93d151	Duration: 103.80 ms	Billed Duration: 104 ms	Memory Size: 1024 MB	Max Memory Used: 117 MB	

2023-12-26T21:15:48.226Z START RequestId: 38e9e057-e566-5c2b-84af-be52a1a5b96f Version: $LATEST

2023-12-26T21:15:48.251Z 2023-12-26T21:15:48.251Z	38e9e057-e566-5c2b-84af-be52a1a5b96f	INFO	Processing message 530fbd1d-c9b2-4e97-8ed0-3630fa32387d

2023-12-26T21:15:48.257Z 2023-12-26T21:15:48.257Z	38e9e057-e566-5c2b-84af-be52a1a5b96f	INFO	Start syncing the balance {
  transaction: {
    id: '01HJKZQMQC8SQSCQ7ZF1YRMW8T',
    type: 'DEBIT',
    source: 'MANUAL_DEDUCTION',
    action: 'DELIVERY_DEDUCTION',
    userId: '47d03621-dec7-4429-bee2-02be753fcdc4',
    paymentBalance: 246,
    updatePaymentBalance: true,
    metadata: '{"walletId":"wallet#47d03621-dec7-4429-bee2-02be753fcdc4","deliveryId":"6d1883fa-0619-4b90-b140-b718d238a658","walletSk":"6d1883fa-0619-4b90-b140-b718d238a658","version":"syncBalanceSQS"}',
    currency: 'BHD',
    amount: 9,
    vat: 0,
    oldBalance: 255,
    newBalance: 246
  }
}

2023-12-26T21:15:48.297Z 2023-12-26T21:15:48.297Z	38e9e057-e566-5c2b-84af-be52a1a5b96f	INFO	SubscriptionBalanceUpdated event published

2023-12-26T21:15:48.311Z END RequestId: 38e9e057-e566-5c2b-84af-be52a1a5b96f

2023-12-26T21:15:48.311Z REPORT RequestId: 38e9e057-e566-5c2b-84af-be52a1a5b96f	Duration: 84.74 ms	Billed Duration: 85 ms	Memory Size: 1024 MB	Max Memory Used: 117 MB	

