2023-12-26T21:15:52.470Z START RequestId: fb908391-c9b8-5702-8f12-dd948d7c2246 Version: $LATEST

2023-12-26T21:15:52.497Z 2023-12-26T21:15:52.497Z	fb908391-c9b8-5702-8f12-dd948d7c2246	INFO	Processing message c2b17f57-1cd6-4933-b054-b6b9760f8d3c

2023-12-26T21:15:52.502Z 2023-12-26T21:15:52.502Z	fb908391-c9b8-5702-8f12-dd948d7c2246	INFO	Start syncing the balance {
  transaction: {
    id: '01HJKZQRVC5W08W61REK4ECFN3',
    type: 'DEBIT',
    source: 'MANUAL_DEDUCTION',
    action: 'DELIVERY_DEDUCTION',
    userId: 'd435bc53-d96a-4b30-be32-9e8fbbe3878b',
    paymentBalance: 255,
    updatePaymentBalance: true,
    metadata: '{"walletId":"wallet#d435bc53-d96a-4b30-be32-9e8fbbe3878b","deliveryId":"8605a991-f674-4035-be8b-32c8daf9ddf1","walletSk":"8605a991-f674-4035-be8b-32c8daf9ddf1","version":"syncBalanceSQS"}',
    currency: 'BHD',
    amount: 9,
    vat: 0,
    oldBalance: 264,
    newBalance: 255
  }
}

2023-12-26T21:15:52.540Z 2023-12-26T21:15:52.540Z	fb908391-c9b8-5702-8f12-dd948d7c2246	INFO	SubscriptionBalanceUpdated event published

2023-12-26T21:15:52.555Z END RequestId: fb908391-c9b8-5702-8f12-dd948d7c2246

2023-12-26T21:15:52.555Z REPORT RequestId: fb908391-c9b8-5702-8f12-dd948d7c2246	Duration: 84.84 ms	Billed Duration: 85 ms	Memory Size: 1024 MB	Max Memory Used: 117 MB	

2023-12-26T21:15:56.729Z START RequestId: 2f138637-2128-50a5-82a3-d83265ec6364 Version: $LATEST

2023-12-26T21:15:56.762Z 2023-12-26T21:15:56.762Z	2f138637-2128-50a5-82a3-d83265ec6364	INFO	Processing message e2d430db-b5f1-4fba-b7fb-8e11d79c5445

2023-12-26T21:15:56.767Z 2023-12-26T21:15:56.767Z	2f138637-2128-50a5-82a3-d83265ec6364	INFO	Start syncing the balance {
  transaction: {
    id: '01HJKZQX96JR7E5ATY1YWT6Y8R',
    type: 'DEBIT',
    source: 'MANUAL_DEDUCTION',
    action: 'DELIVERY_DEDUCTION',
    userId: 'd9e8cfc2-2de6-4ea9-976c-f7fcd4e44b13',
    paymentBalance: 2280,
    updatePaymentBalance: true,
    metadata: '{"walletId":"wallet#d9e8cfc2-2de6-4ea9-976c-f7fcd4e44b13","deliveryId":"097ab855-3fd7-44ac-a4f2-d7cc8adac756","walletSk":"097ab855-3fd7-44ac-a4f2-d7cc8adac756","version":"syncBalanceSQS"}',
    currency: 'SAR',
    amount: 90,
    vat: 0,
    oldBalance: 2370,
    newBalance: 2280
  }
}

2023-12-26T21:15:56.811Z 2023-12-26T21:15:56.811Z	2f138637-2128-50a5-82a3-d83265ec6364	INFO	SubscriptionBalanceUpdated event published

2023-12-26T21:15:56.825Z END RequestId: 2f138637-2128-50a5-82a3-d83265ec6364

2023-12-26T21:15:56.825Z REPORT RequestId: 2f138637-2128-50a5-82a3-d83265ec6364	Duration: 95.62 ms	Billed Duration: 96 ms	Memory Size: 1024 MB	Max Memory Used: 117 MB	
XRAY TraceId: 1-658b428c-b62ffe7fc983219308e45b43	SegmentId: 7fccc6c977237ba6	Sampled: true	

2023-12-26T21:15:42.380Z INIT_START Runtime Version: nodejs:14.v42	Runtime Version ARN: arn:aws:lambda:us-east-1::runtime:4cb686be08f980f530c1cbdeae970951c08b712057b80e8698cf4641214607d6

2023-12-26T21:15:43.258Z START RequestId: c2ff3b45-d738-567e-893e-6540938475bf Version: $LATEST

2023-12-26T21:15:43.364Z 2023-12-26T21:15:43.364Z	c2ff3b45-d738-567e-893e-6540938475bf	INFO	Processing message 27e7c1cd-1cb0-4775-9249-255744a50f55

2023-12-26T21:15:43.403Z 2023-12-26T21:15:43.403Z	c2ff3b45-d738-567e-893e-6540938475bf	INFO	Start syncing the balance {
  transaction: {
    id: '01HJKZQEF16E7MWKYJ2M2KN67V',
    type: 'DEBIT',
    source: 'MANUAL_DEDUCTION',
    action: 'DELIVERY_DEDUCTION',
    userId: '1f977617-30ad-4677-a0ac-0e8d12ba54d0',
    paymentBalance: 198,
    updatePaymentBalance: true,
    metadata: '{"walletId":"wallet#1f977617-30ad-4677-a0ac-0e8d12ba54d0","deliveryId":"acf43a63-94c6-469f-8f69-7879c1563a11","walletSk":"acf43a63-94c6-469f-8f69-7879c1563a11","version":"syncBalanceSQS"}',
    currency: 'BHD',
    amount: 9,
    vat: 0,
    oldBalance: 207,
    newBalance: 198
  }
}

2023-12-26T21:15:43.488Z 2023-12-26T21:15:43.488Z	c2ff3b45-d738-567e-893e-6540938475bf	INFO	SubscriptionBalanceUpdated event published

2023-12-26T21:15:43.526Z END RequestId: c2ff3b45-d738-567e-893e-6540938475bf

2023-12-26T21:15:43.526Z REPORT RequestId: c2ff3b45-d738-567e-893e-6540938475bf	Duration: 268.25 ms	Billed Duration: 269 ms	Memory Size: 1024 MB	Max Memory Used: 116 MB	Init Duration: 866.17 ms	

2023-12-26T21:15:43.552Z START RequestId: b5b83e64-2a71-5721-8a77-60616ece3265 Version: $LATEST

2023-12-26T21:15:43.578Z 2023-12-26T21:15:43.578Z	b5b83e64-2a71-5721-8a77-60616ece3265	INFO	Processing message 10b424a1-ce5a-4013-aa9b-631d59d63005

2023-12-26T21:15:43.584Z 2023-12-26T21:15:43.584Z	b5b83e64-2a71-5721-8a77-60616ece3265	INFO	Start syncing the balance {
  transaction: {
    id: '01HJKZQER3S61HAJAGC0RVK2JN',
    type: 'DEBIT',
    source: 'MANUAL_DEDUCTION',
    action: 'DELIVERY_DEDUCTION',
    userId: '9f4df114-f657-4b93-af46-af0c3922bdef',
    paymentBalance: 246,
    updatePaymentBalance: true,
    metadata: '{"walletId":"wallet#9f4df114-f657-4b93-af46-af0c3922bdef","deliveryId":"a4c6e8f6-e97d-40f9-b341-a2bad264cee2","walletSk":"a4c6e8f6-e97d-40f9-b341-a2bad264cee2","version":"syncBalanceSQS"}',
    currency: 'BHD',
    amount: 9,
    vat: 0,
    oldBalance: 255,
    newBalance: 246
  }
}

2023-12-26T21:15:43.621Z 2023-12-26T21:15:43.621Z	b5b83e64-2a71-5721-8a77-60616ece3265	INFO	SubscriptionBalanceUpdated event published

2023-12-26T21:15:43.633Z 2023-12-26T21:15:43.633Z	b5b83e64-2a71-5721-8a77-60616ece3265	INFO	Processing message 4bfb3e23-ae98-4089-aa9b-13fecb8f9ea5

2023-12-26T21:15:43.639Z 2023-12-26T21:15:43.639Z	b5b83e64-2a71-5721-8a77-60616ece3265	INFO	Start syncing the balance {
  transaction: {
    id: '01HJKZQFCA9Y0CBNVKJB34WW25',
    type: 'DEBIT',
    source: 'MANUAL_DEDUCTION',
    action: 'DELIVERY_DEDUCTION',
    userId: 'ef949991-e8a5-4f14-9f66-915f761ae0f8',
    paymentBalance: 189,
    updatePaymentBalance: true,
    metadata: '{"walletId":"wallet#ef949991-e8a5-4f14-9f66-915f761ae0f8","deliveryId":"6b514df3-c716-4e79-8e6b-58131aa0a760","walletSk":"6b514df3-c716-4e79-8e6b-58131aa0a760","version":"syncBalanceSQS"}',
    currency: 'BHD',
    amount: 9,
    vat: 0,
    oldBalance: 198,
    newBalance: 189
  }
}

2023-12-26T21:15:43.677Z 2023-12-26T21:15:43.677Z	b5b83e64-2a71-5721-8a77-60616ece3265	INFO	SubscriptionBalanceUpdated event published

2023-12-26T21:15:43.690Z 2023-12-26T21:15:43.690Z	b5b83e64-2a71-5721-8a77-60616ece3265	INFO	Processing message 251d0623-cb10-4fca-a4b7-b48f01684072

2023-12-26T21:15:43.695Z 2023-12-26T21:15:43.695Z	b5b83e64-2a71-5721-8a77-60616ece3265	INFO	Start syncing the balance {
  transaction: {
    id: '01HJKZQFS7Q1AF3R6BKGKFDMDC',
    type: 'DEBIT',
    source: 'MANUAL_DEDUCTION',
    action: 'DELIVERY_DEDUCTION',
    userId: 'efa6426b-5dc2-42b8-ac5d-e40d81dda0a1',
    paymentBalance: 166,
    updatePaymentBalance: true,
    metadata: '{"walletId":"wallet#efa6426b-5dc2-42b8-ac5d-e40d81dda0a1","deliveryId":"e99ddd97-9cc6-46cf-93b9-e7636d28268a","walletSk":"e99ddd97-9cc6-46cf-93b9-e7636d28268a","version":"syncBalanceSQS"}',
    currency: 'BHD',
    amount: 9,
    vat: 0,
    oldBalance: 175,
    newBalance: 166
  }
}

2023-12-26T21:15:43.733Z 2023-12-26T21:15:43.733Z	b5b83e64-2a71-5721-8a77-60616ece3265	INFO	SubscriptionBalanceUpdated event published

2023-12-26T21:15:43.752Z END RequestId: b5b83e64-2a71-5721-8a77-60616ece3265

2023-12-26T21:15:43.752Z REPORT RequestId: b5b83e64-2a71-5721-8a77-60616ece3265	Duration: 199.79 ms	Billed Duration: 200 ms	Memory Size: 1024 MB	Max Memory Used: 116 MB	

2023-12-26T21:15:48.235Z START RequestId: 40158ac1-8af3-5a9b-adea-d4c4ce30195a Version: $LATEST

2023-12-26T21:15:48.265Z 2023-12-26T21:15:48.265Z	40158ac1-8af3-5a9b-adea-d4c4ce30195a	INFO	Processing message dc1afd5c-a361-4a5f-b9b7-8d7e1e9b8b7a

2023-12-26T21:15:48.269Z 2023-12-26T21:15:48.269Z	40158ac1-8af3-5a9b-adea-d4c4ce30195a	INFO	Start syncing the balance {
  transaction: {
    id: '01HJKZQMP1ZQMKAAVSZS841AT1',
    type: 'DEBIT',
    source: 'MANUAL_DEDUCTION',
    action: 'DELIVERY_DEDUCTION',
    userId: '7fdb17cc-8581-4dd8-9733-20698a4dbf01',
    paymentBalance: 2160,
    updatePaymentBalance: true,
    metadata: '{"walletId":"wallet#7fdb17cc-8581-4dd8-9733-20698a4dbf01","deliveryId":"7530ed43-4e86-4b9d-ba78-73c323193259","walletSk":"7530ed43-4e86-4b9d-ba78-73c323193259","version":"syncBalanceSQS"}',
    currency: 'SAR',
    amount: 90,
    vat: 0,
    oldBalance: 2250,
    newBalance: 2160
  }
}

2023-12-26T21:15:48.307Z 2023-12-26T21:15:48.307Z	40158ac1-8af3-5a9b-adea-d4c4ce30195a	INFO	SubscriptionBalanceUpdated event published

2023-12-26T21:15:48.321Z END RequestId: 40158ac1-8af3-5a9b-adea-d4c4ce30195a

2023-12-26T21:15:48.321Z REPORT RequestId: 40158ac1-8af3-5a9b-adea-d4c4ce30195a	Duration: 85.39 ms	Billed Duration: 86 ms	Memory Size: 1024 MB	Max Memory Used: 116 MB	

