2023-12-22T21:01:16.586Z START RequestId: 6f446c73-636b-5177-98cb-318c98338396 Version: $LATEST

2023-12-22T21:01:16.616Z 2023-12-22T21:01:16.616Z	6f446c73-636b-5177-98cb-318c98338396	INFO	Processing message 3f7e9820-9f00-4857-8cc3-bfb2f4f6d8d5

2023-12-22T21:01:16.621Z 2023-12-22T21:01:16.621Z	6f446c73-636b-5177-98cb-318c98338396	INFO	Start syncing the balance {
  transaction: {
    id: '01HJ9NA5N3NSFA0645PB4YF53R',
    userId: '0b99ff14-56e5-4c29-a38e-fb64a7b18e1a',
    currency: 'SAR',
    amount: 90,
    vat: 0,
    oldBalance: 180,
    newBalance: 90
  }
}

2023-12-22T21:01:16.664Z 2023-12-22T21:01:16.664Z	6f446c73-636b-5177-98cb-318c98338396	INFO	SubscriptionBalanceUpdated event published

2023-12-22T21:01:16.680Z END RequestId: 6f446c73-636b-5177-98cb-318c98338396

2023-12-22T21:01:16.680Z REPORT RequestId: 6f446c73-636b-5177-98cb-318c98338396	Duration: 93.44 ms	Billed Duration: 94 ms	Memory Size: 1024 MB	Max Memory Used: 121 MB	

2023-12-22T21:01:16.895Z START RequestId: dc312fc7-aa64-5a48-bc79-7238513cdc7b Version: $LATEST

2023-12-22T21:01:16.922Z 2023-12-22T21:01:16.922Z	dc312fc7-aa64-5a48-bc79-7238513cdc7b	INFO	Processing message dd5e5a55-b757-4e78-87d4-36d6ed4302e8

2023-12-22T21:01:16.928Z 2023-12-22T21:01:16.928Z	dc312fc7-aa64-5a48-bc79-7238513cdc7b	INFO	Start syncing the balance {
  transaction: {
    id: '01HJ9NA5Y0PGBF9CGFCHWEQPZ5',
    userId: '445abd69-0816-4fba-826c-feb24281a3e5',
    currency: 'SAR',
    amount: 90,
    vat: 0,
    oldBalance: 180,
    newBalance: 90
  }
}

2023-12-22T21:01:16.968Z 2023-12-22T21:01:16.968Z	dc312fc7-aa64-5a48-bc79-7238513cdc7b	INFO	SubscriptionBalanceUpdated event published

2023-12-22T21:01:16.983Z END RequestId: dc312fc7-aa64-5a48-bc79-7238513cdc7b

2023-12-22T21:01:16.983Z REPORT RequestId: dc312fc7-aa64-5a48-bc79-7238513cdc7b	Duration: 88.03 ms	Billed Duration: 89 ms	Memory Size: 1024 MB	Max Memory Used: 121 MB	

2023-12-22T21:01:19.056Z START RequestId: bb2c436e-1374-5a5f-923c-1e91e82f6ed9 Version: $LATEST

2023-12-22T21:01:19.086Z 2023-12-22T21:01:19.086Z	bb2c436e-1374-5a5f-923c-1e91e82f6ed9	INFO	Processing message 156f3c0f-046a-430a-b003-12ffdbb418e6

2023-12-22T21:01:19.092Z 2023-12-22T21:01:19.092Z	bb2c436e-1374-5a5f-923c-1e91e82f6ed9	INFO	Start syncing the balance {
  transaction: {
    id: '01HJ9NA7TWEV9MHR1YPPZYX67S',
    userId: 'f34f13a7-5078-44f1-a6b8-b61a00ea5049',
    currency: 'SAR',
    amount: 90,
    vat: 0,
    oldBalance: 720,
    newBalance: 630
  }
}

2023-12-22T21:01:19.137Z 2023-12-22T21:01:19.137Z	bb2c436e-1374-5a5f-923c-1e91e82f6ed9	INFO	SubscriptionBalanceUpdated event published

2023-12-22T21:01:19.152Z END RequestId: bb2c436e-1374-5a5f-923c-1e91e82f6ed9

2023-12-22T21:01:19.152Z REPORT RequestId: bb2c436e-1374-5a5f-923c-1e91e82f6ed9	Duration: 96.11 ms	Billed Duration: 97 ms	Memory Size: 1024 MB	Max Memory Used: 121 MB	

2023-12-22T21:01:24.392Z START RequestId: 115694b4-03e6-55e5-a9a7-c94bf8874704 Version: $LATEST

2023-12-22T21:01:24.423Z 2023-12-22T21:01:24.423Z	115694b4-03e6-55e5-a9a7-c94bf8874704	INFO	Processing message 62508f30-8428-41df-94c5-435c7f51ede5

2023-12-22T21:01:24.428Z 2023-12-22T21:01:24.428Z	115694b4-03e6-55e5-a9a7-c94bf8874704	INFO	Start syncing the balance {
  transaction: {
    id: '01HJ9NAD6JQ6DNBZP9T7JR2RNN',
    userId: 'e86bf810-ce46-40cb-b7d0-fbc8517fe1a1',
    currency: 'SAR',
    amount: 90,
    vat: 0,
    oldBalance: 1260,
    newBalance: 1170
  }
}

2023-12-22T21:01:24.470Z 2023-12-22T21:01:24.470Z	115694b4-03e6-55e5-a9a7-c94bf8874704	INFO	SubscriptionBalanceUpdated event published

2023-12-22T21:01:24.484Z END RequestId: 115694b4-03e6-55e5-a9a7-c94bf8874704

2023-12-22T21:01:24.484Z REPORT RequestId: 115694b4-03e6-55e5-a9a7-c94bf8874704	Duration: 98.63 ms	Billed Duration: 99 ms	Memory Size: 1024 MB	Max Memory Used: 121 MB	
XRAY TraceId: 1-6585f924-4e35e579898858a0cc23d08f	SegmentId: 0fcccd147d76228c	Sampled: true	

2023-12-22T21:01:25.588Z START RequestId: a39f7e68-6da9-54a9-ab17-239796ca429a Version: $LATEST

2023-12-22T21:01:25.620Z 2023-12-22T21:01:25.620Z	a39f7e68-6da9-54a9-ab17-239796ca429a	INFO	Processing message 8ed45412-99b5-485e-ad59-ba041f4720e3

2023-12-22T21:01:25.626Z 2023-12-22T21:01:25.626Z	a39f7e68-6da9-54a9-ab17-239796ca429a	INFO	Start syncing the balance {
  transaction: {
    id: '01HJ9NAEE70MWX05AGXNY8FB3Z',
    userId: 'c7de1ac1-05c8-410e-a7d7-47fb25d705ba',
    currency: 'BHD',
    amount: 5,
    vat: 0,
    oldBalance: 87,
    newBalance: 82
  }
}

2023-12-22T21:01:25.665Z 2023-12-22T21:01:25.665Z	a39f7e68-6da9-54a9-ab17-239796ca429a	INFO	SubscriptionBalanceUpdated event published

2023-12-22T21:01:25.796Z END RequestId: a39f7e68-6da9-54a9-ab17-239796ca429a

2023-12-22T21:01:25.796Z REPORT RequestId: a39f7e68-6da9-54a9-ab17-239796ca429a	Duration: 208.02 ms	Billed Duration: 209 ms	Memory Size: 1024 MB	Max Memory Used: 121 MB	

2023-12-22T21:01:26.388Z START RequestId: 12619241-44c3-5ce6-95c8-cfbebfa08860 Version: $LATEST

2023-12-22T21:01:26.415Z 2023-12-22T21:01:26.415Z	12619241-44c3-5ce6-95c8-cfbebfa08860	INFO	Processing message fd77e59d-92ca-4d81-a82b-defc361d322d

2023-12-22T21:01:26.420Z 2023-12-22T21:01:26.420Z	12619241-44c3-5ce6-95c8-cfbebfa08860	INFO	Start syncing the balance {
  transaction: {
    id: '01HJ9NAF560B226Y64H1A6M3ZA',
    userId: '0cff33de-172f-4546-b1d3-365c6fda2b00',
    currency: 'SAR',
    amount: 60,
    vat: 0,
    oldBalance: 701,
    newBalance: 641
  }
}

2023-12-22T21:01:26.461Z 2023-12-22T21:01:26.461Z	12619241-44c3-5ce6-95c8-cfbebfa08860	INFO	SubscriptionBalanceUpdated event published

2023-12-22T21:01:26.477Z END RequestId: 12619241-44c3-5ce6-95c8-cfbebfa08860

2023-12-22T21:01:26.477Z REPORT RequestId: 12619241-44c3-5ce6-95c8-cfbebfa08860	Duration: 88.89 ms	Billed Duration: 89 ms	Memory Size: 1024 MB	Max Memory Used: 121 MB	

2023-12-22T21:01:27.597Z START RequestId: 50bcf9c0-cc40-5e8c-95bd-a43f37241b12 Version: $LATEST

2023-12-22T21:01:27.627Z 2023-12-22T21:01:27.627Z	50bcf9c0-cc40-5e8c-95bd-a43f37241b12	INFO	Processing message 69203697-14fa-4185-b16b-39497f2da13c

2023-12-22T21:01:27.632Z 2023-12-22T21:01:27.632Z	50bcf9c0-cc40-5e8c-95bd-a43f37241b12	INFO	Start syncing the balance {
  transaction: {
    id: '01HJ9NAG2V6844VH6E37WSTCDD',
    userId: '957d2c1a-b2ba-425e-8e77-49e25444b094',
    currency: 'BHD',
    amount: 6.5,
    vat: 0,
    oldBalance: 32.5,
    newBalance: 26
  }
}

2023-12-22T21:01:27.666Z 2023-12-22T21:01:27.666Z	50bcf9c0-cc40-5e8c-95bd-a43f37241b12	INFO	SubscriptionBalanceUpdated event published

2023-12-22T21:01:27.689Z END RequestId: 50bcf9c0-cc40-5e8c-95bd-a43f37241b12

2023-12-22T21:01:27.689Z REPORT RequestId: 50bcf9c0-cc40-5e8c-95bd-a43f37241b12	Duration: 91.81 ms	Billed Duration: 92 ms	Memory Size: 1024 MB	Max Memory Used: 121 MB	
XRAY TraceId: 1-6585f927-e5abc77795f2952303867314	SegmentId: 011afad23e5ec796	Sampled: true	

2023-12-22T21:01:27.858Z START RequestId: 9b4da637-74b3-5d24-ac6e-fbc88fd72fc5 Version: $LATEST

2023-12-22T21:01:27.889Z 2023-12-22T21:01:27.889Z	9b4da637-74b3-5d24-ac6e-fbc88fd72fc5	INFO	Processing message fb580332-8a94-4eea-b719-921462a30836

2023-12-22T21:01:27.894Z 2023-12-22T21:01:27.894Z	9b4da637-74b3-5d24-ac6e-fbc88fd72fc5	INFO	Start syncing the balance {
  transaction: {
    id: '01HJ9NAGEFM5STQ1CGKKVCKBRQ',
    userId: '36cffa58-f615-4cb9-9e9e-38aed031080d',
    currency: 'SAR',
    amount: 90,
    vat: 0,
    oldBalance: 360,
    newBalance: 270
  }
}

2023-12-22T21:01:27.943Z 2023-12-22T21:01:27.943Z	9b4da637-74b3-5d24-ac6e-fbc88fd72fc5	INFO	SubscriptionBalanceUpdated event published

2023-12-22T21:01:27.961Z END RequestId: 9b4da637-74b3-5d24-ac6e-fbc88fd72fc5

2023-12-22T21:01:27.961Z REPORT RequestId: 9b4da637-74b3-5d24-ac6e-fbc88fd72fc5	Duration: 103.42 ms	Billed Duration: 104 ms	Memory Size: 1024 MB	Max Memory Used: 121 MB	

2023-12-22T21:01:28.346Z START RequestId: 62545a42-156c-51ec-b3c8-07bdee092b09 Version: $LATEST

2023-12-22T21:01:28.361Z 2023-12-22T21:01:28.361Z	62545a42-156c-51ec-b3c8-07bdee092b09	INFO	Processing message 4dd6a57c-bd67-49bc-b225-305c6f50d2bd

2023-12-22T21:01:28.368Z 2023-12-22T21:01:28.368Z	62545a42-156c-51ec-b3c8-07bdee092b09	INFO	Start syncing the balance {
  transaction: {
    id: '01HJ9NAH63H052ZAM4FXES8Y7X',
    userId: '5e3ad33d-e32c-4a99-984f-8917aa66a953',
    currency: 'SAR',
    amount: 90,
    vat: 0,
    oldBalance: 249.56,
    newBalance: 159.56
  }
}

2023-12-22T21:01:28.409Z 2023-12-22T21:01:28.409Z	62545a42-156c-51ec-b3c8-07bdee092b09	INFO	SubscriptionBalanceUpdated event published

2023-12-22T21:01:28.423Z END RequestId: 62545a42-156c-51ec-b3c8-07bdee092b09

2023-12-22T21:01:28.423Z REPORT RequestId: 62545a42-156c-51ec-b3c8-07bdee092b09	Duration: 77.59 ms	Billed Duration: 78 ms	Memory Size: 1024 MB	Max Memory Used: 121 MB	

2023-12-22T21:01:28.581Z START RequestId: 9eb825bb-ffa2-579d-8194-784404c7297e Version: $LATEST

2023-12-22T21:01:28.608Z 2023-12-22T21:01:28.608Z	9eb825bb-ffa2-579d-8194-784404c7297e	INFO	Processing message e27c87f8-ba6c-46ca-bfd4-9777befd6996

2023-12-22T21:01:28.614Z 2023-12-22T21:01:28.614Z	9eb825bb-ffa2-579d-8194-784404c7297e	INFO	Start syncing the balance {
  transaction: {
    id: '01HJ9NAHE6136ANTM1GJFKZH9K',
    userId: 'eefb84af-6a9b-435b-b589-5c9734648a74',
    currency: 'BHD',
    amount: 4,
    vat: 0,
    oldBalance: 466.909,
    newBalance: 462.909
  }
}

2023-12-22T21:01:28.656Z 2023-12-22T21:01:28.656Z	9eb825bb-ffa2-579d-8194-784404c7297e	INFO	SubscriptionBalanceUpdated event published

2023-12-22T21:01:28.671Z END RequestId: 9eb825bb-ffa2-579d-8194-784404c7297e

2023-12-22T21:01:28.671Z REPORT RequestId: 9eb825bb-ffa2-579d-8194-784404c7297e	Duration: 89.80 ms	Billed Duration: 90 ms	Memory Size: 1024 MB	Max Memory Used: 121 MB	

2023-12-22T21:01:28.856Z START RequestId: b688c280-35d8-5083-ad00-9f7fcebff51d Version: $LATEST

2023-12-22T21:01:28.884Z 2023-12-22T21:01:28.884Z	b688c280-35d8-5083-ad00-9f7fcebff51d	INFO	Processing message a9125075-4ad2-4226-8a95-299ecade9675

2023-12-22T21:01:28.890Z 2023-12-22T21:01:28.890Z	b688c280-35d8-5083-ad00-9f7fcebff51d	INFO	Start syncing the balance {
  transaction: {
    id: '01HJ9NAHN2B865PNBM6DX9DH4Z',
    userId: 'ffdf3f81-ae2a-49ea-a0d8-0bd54889f19e',
    currency: 'BHD',
    amount: 8,
    vat: 0,
    oldBalance: 160,
    newBalance: 152
  }
}

2023-12-22T21:01:28.930Z 2023-12-22T21:01:28.930Z	b688c280-35d8-5083-ad00-9f7fcebff51d	INFO	SubscriptionBalanceUpdated event published

2023-12-22T21:01:28.944Z END RequestId: b688c280-35d8-5083-ad00-9f7fcebff51d

2023-12-22T21:01:28.944Z REPORT RequestId: b688c280-35d8-5083-ad00-9f7fcebff51d	Duration: 88.24 ms	Billed Duration: 89 ms	Memory Size: 1024 MB	Max Memory Used: 121 MB	

2023-12-22T21:01:29.089Z START RequestId: 2faa8fbf-834e-5a76-9ce0-d24078261093 Version: $LATEST

2023-12-22T21:01:29.110Z 2023-12-22T21:01:29.110Z	2faa8fbf-834e-5a76-9ce0-d24078261093	INFO	Processing message 7950a030-9e4d-485b-b1bd-0b0a48311c18

2023-12-22T21:01:29.116Z 2023-12-22T21:01:29.116Z	2faa8fbf-834e-5a76-9ce0-d24078261093	INFO	Start syncing the balance {
  transaction: {
    id: '01HJ9NAHXEY4QEJQEMG2WED4C4',
    userId: 'a10fe6c3-67ff-490a-be6c-17ab2332ca1f',
    currency: 'BHD',
    amount: 8,
    vat: 0,
    oldBalance: 160,
    newBalance: 152
  }
}

2023-12-22T21:01:29.155Z 2023-12-22T21:01:29.155Z	2faa8fbf-834e-5a76-9ce0-d24078261093	INFO	SubscriptionBalanceUpdated event published

2023-12-22T21:01:29.173Z END RequestId: 2faa8fbf-834e-5a76-9ce0-d24078261093

2023-12-22T21:01:29.173Z REPORT RequestId: 2faa8fbf-834e-5a76-9ce0-d24078261093	Duration: 83.98 ms	Billed Duration: 84 ms	Memory Size: 1024 MB	Max Memory Used: 121 MB	

2023-12-22T21:01:33.894Z START RequestId: 60ebba2b-cfdf-5765-a43f-e7d434b71156 Version: $LATEST

2023-12-22T21:01:33.923Z 2023-12-22T21:01:33.923Z	60ebba2b-cfdf-5765-a43f-e7d434b71156	INFO	Processing message 2484b05c-b4bd-4ac2-86fb-680562ed6add

2023-12-22T21:01:33.928Z 2023-12-22T21:01:33.928Z	60ebba2b-cfdf-5765-a43f-e7d434b71156	INFO	Start syncing the balance {
  transaction: {
    id: '01HJ9NAPHKNS6TM5Q9VH4SMW8X',
    userId: '8fd614d8-9638-4c66-8345-319280777aae',
    currency: 'BHD',
    amount: 5.5,
    vat: 0,
    oldBalance: 202.5,
    newBalance: 197
  }
}

2023-12-22T21:01:33.967Z 2023-12-22T21:01:33.967Z	60ebba2b-cfdf-5765-a43f-e7d434b71156	INFO	SubscriptionBalanceUpdated event published

2023-12-22T21:01:33.982Z END RequestId: 60ebba2b-cfdf-5765-a43f-e7d434b71156

2023-12-22T21:01:33.982Z REPORT RequestId: 60ebba2b-cfdf-5765-a43f-e7d434b71156	Duration: 87.80 ms	Billed Duration: 88 ms	Memory Size: 1024 MB	Max Memory Used: 121 MB	

2023-12-22T21:01:35.089Z START RequestId: 8c15de94-25aa-5e5a-ade2-836bdec2aadc Version: $LATEST

2023-12-22T21:01:35.116Z 2023-12-22T21:01:35.116Z	8c15de94-25aa-5e5a-ade2-836bdec2aadc	INFO	Processing message 68ad887a-8f99-452b-ad7d-66e7217dd488

2023-12-22T21:01:35.121Z 2023-12-22T21:01:35.121Z	8c15de94-25aa-5e5a-ade2-836bdec2aadc	INFO	Start syncing the balance {
  transaction: {
    id: '01HJ9NAQKVYXT4T16AF2BGPTFK',
    userId: 'fea429d5-4080-4d96-98b6-5bf8af8cc498',
    currency: 'BHD',
    amount: 8,
    vat: 0,
    oldBalance: 160,
    newBalance: 152
  }
}

2023-12-22T21:01:35.165Z 2023-12-22T21:01:35.165Z	8c15de94-25aa-5e5a-ade2-836bdec2aadc	INFO	SubscriptionBalanceUpdated event published

2023-12-22T21:01:35.177Z END RequestId: 8c15de94-25aa-5e5a-ade2-836bdec2aadc

2023-12-22T21:01:35.177Z REPORT RequestId: 8c15de94-25aa-5e5a-ade2-836bdec2aadc	Duration: 88.17 ms	Billed Duration: 89 ms	Memory Size: 1024 MB	Max Memory Used: 121 MB	

2023-12-22T21:01:39.638Z START RequestId: 4db8f773-663f-5b8e-94da-aa8c9d57696f Version: $LATEST

2023-12-22T21:01:39.659Z 2023-12-22T21:01:39.659Z	4db8f773-663f-5b8e-94da-aa8c9d57696f	INFO	Processing message aff838bd-af2e-40e1-aea0-3a2e3434154c

2023-12-22T21:01:39.664Z 2023-12-22T21:01:39.664Z	4db8f773-663f-5b8e-94da-aa8c9d57696f	INFO	Start syncing the balance {
  transaction: {
    id: '01HJ9NAQH9NB70TZVH9ZTC32ZC',
    userId: '2c77a724-b701-4868-b804-c96855a3e9d8',
    currency: 'BHD',
    amount: 5,
    vat: 0,
    oldBalance: 1710.3,
    newBalance: 1705.3
  }
}

2023-12-22T21:01:39.712Z 2023-12-22T21:01:39.712Z	4db8f773-663f-5b8e-94da-aa8c9d57696f	INFO	SubscriptionBalanceUpdated event published

2023-12-22T21:01:39.728Z END RequestId: 4db8f773-663f-5b8e-94da-aa8c9d57696f

2023-12-22T21:01:39.728Z REPORT RequestId: 4db8f773-663f-5b8e-94da-aa8c9d57696f	Duration: 89.31 ms	Billed Duration: 90 ms	Memory Size: 1024 MB	Max Memory Used: 121 MB	

2023-12-22T21:01:42.440Z START RequestId: 186576f4-659a-561e-aa16-2b0b9ef7902d Version: $LATEST

2023-12-22T21:01:42.472Z 2023-12-22T21:01:42.472Z	186576f4-659a-561e-aa16-2b0b9ef7902d	INFO	Processing message be6c1353-8bde-4f71-88dc-bbfc2e3bb428

2023-12-22T21:01:42.477Z 2023-12-22T21:01:42.477Z	186576f4-659a-561e-aa16-2b0b9ef7902d	INFO	Start syncing the balance {
  transaction: {
    id: '01HJ9NAYWC4F9GJGY3E0WSKR17',
    userId: '3e5d306b-b329-4d4b-98dd-151cf9c831fd',
    currency: 'SAR',
    amount: 90,
    vat: 0,
    oldBalance: 270,
    newBalance: 180
  }
}

2023-12-22T21:01:42.516Z 2023-12-22T21:01:42.516Z	186576f4-659a-561e-aa16-2b0b9ef7902d	INFO	SubscriptionBalanceUpdated event published

2023-12-22T21:01:42.530Z END RequestId: 186576f4-659a-561e-aa16-2b0b9ef7902d

2023-12-22T21:01:42.530Z REPORT RequestId: 186576f4-659a-561e-aa16-2b0b9ef7902d	Duration: 90.30 ms	Billed Duration: 91 ms	Memory Size: 1024 MB	Max Memory Used: 121 MB	

2023-12-22T21:01:43.645Z START RequestId: d32a057c-cce5-5c99-b727-5883378a3907 Version: $LATEST

2023-12-22T21:01:43.671Z 2023-12-22T21:01:43.671Z	d32a057c-cce5-5c99-b727-5883378a3907	INFO	Processing message ec3bd201-941d-4c2d-8999-0fedd6bc4213

2023-12-22T21:01:43.676Z 2023-12-22T21:01:43.676Z	d32a057c-cce5-5c99-b727-5883378a3907	INFO	Start syncing the balance {
  transaction: {
    id: '01HJ9NAZVE317RX16VHP5XY6MX',
    userId: 'b9c901a6-79c0-4817-a7c3-737d53befd9b',
    currency: 'BHD',
    amount: 4,
    vat: 0,
    oldBalance: 35.9994,
    newBalance: 31.999
  }
}

2023-12-22T21:01:43.721Z 2023-12-22T21:01:43.721Z	d32a057c-cce5-5c99-b727-5883378a3907	INFO	SubscriptionBalanceUpdated event published

2023-12-22T21:01:43.735Z END RequestId: d32a057c-cce5-5c99-b727-5883378a3907

2023-12-22T21:01:43.735Z REPORT RequestId: d32a057c-cce5-5c99-b727-5883378a3907	Duration: 90.39 ms	Billed Duration: 91 ms	Memory Size: 1024 MB	Max Memory Used: 121 MB	

2023-12-22T21:00:43.845Z INIT_START Runtime Version: nodejs:14.v42	Runtime Version ARN: arn:aws:lambda:us-east-1::runtime:4cb686be08f980f530c1cbdeae970951c08b712057b80e8698cf4641214607d6

2023-12-22T21:00:44.732Z START RequestId: 00f834c8-7a43-5074-bab5-693781775a91 Version: $LATEST

2023-12-22T21:00:44.860Z 2023-12-22T21:00:44.860Z	00f834c8-7a43-5074-bab5-693781775a91	INFO	Processing message 8760324d-182c-4222-aae3-37bcf8fc3eaa

2023-12-22T21:00:44.860Z 2023-12-22T21:00:44.860Z	00f834c8-7a43-5074-bab5-693781775a91	INFO	Skipping the balance sync for create subscription, it will be synced from create subscription payment listener

2023-12-22T21:00:44.863Z END RequestId: 00f834c8-7a43-5074-bab5-693781775a91

2023-12-22T21:00:44.863Z REPORT RequestId: 00f834c8-7a43-5074-bab5-693781775a91	Duration: 131.09 ms	Billed Duration: 132 ms	Memory Size: 1024 MB	Max Memory Used: 115 MB	Init Duration: 881.58 ms	

2023-12-22T21:00:56.539Z START RequestId: 5895f515-297b-5389-9bcd-a8ead2427617 Version: $LATEST

2023-12-22T21:00:56.593Z 2023-12-22T21:00:56.593Z	5895f515-297b-5389-9bcd-a8ead2427617	INFO	Processing message c1f8d96a-5770-4898-8f3b-a5704760a9fa

2023-12-22T21:00:56.679Z 2023-12-22T21:00:56.679Z	5895f515-297b-5389-9bcd-a8ead2427617	INFO	Start syncing the balance {
  transaction: {
    id: '01HJ9N9J069GCCWBH6P9H0Q4B5',
    userId: '705f6d18-f5fe-4202-beb9-bc39461813ce',
    currency: 'BHD',
    amount: 8,
    vat: 0,
    oldBalance: 872,
    newBalance: 864
  }
}

2023-12-22T21:00:56.783Z 2023-12-22T21:00:56.783Z	5895f515-297b-5389-9bcd-a8ead2427617	INFO	SubscriptionBalanceUpdated event published

2023-12-22T21:00:56.825Z END RequestId: 5895f515-297b-5389-9bcd-a8ead2427617

2023-12-22T21:00:56.825Z REPORT RequestId: 5895f515-297b-5389-9bcd-a8ead2427617	Duration: 285.74 ms	Billed Duration: 286 ms	Memory Size: 1024 MB	Max Memory Used: 118 MB	

2023-12-22T21:01:00.258Z START RequestId: ccaaf4e0-ff21-5f31-bdd3-a91f041c85d4 Version: $LATEST

2023-12-22T21:01:00.316Z 2023-12-22T21:01:00.316Z	ccaaf4e0-ff21-5f31-bdd3-a91f041c85d4	INFO	Processing message 2caba201-cecc-47f6-8fdf-076089e2f7fc

2023-12-22T21:01:00.339Z 2023-12-22T21:01:00.339Z	ccaaf4e0-ff21-5f31-bdd3-a91f041c85d4	INFO	Start syncing the balance {
  transaction: {
    id: '01HJ9N9NG68R20A0GEP1AQRV9G',
    userId: 'ffc1ae9d-3ae0-4160-94af-31a93bf4bcf4',
    currency: 'BHD',
    amount: 8,
    vat: 0,
    oldBalance: 252,
    newBalance: 244
  }
}

2023-12-22T21:01:00.394Z 2023-12-22T21:01:00.394Z	ccaaf4e0-ff21-5f31-bdd3-a91f041c85d4	INFO	SubscriptionBalanceUpdated event published

2023-12-22T21:01:00.410Z END RequestId: ccaaf4e0-ff21-5f31-bdd3-a91f041c85d4

2023-12-22T21:01:00.410Z REPORT RequestId: ccaaf4e0-ff21-5f31-bdd3-a91f041c85d4	Duration: 152.44 ms	Billed Duration: 153 ms	Memory Size: 1024 MB	Max Memory Used: 118 MB	

2023-12-22T21:01:00.413Z START RequestId: 36dc8781-9485-5968-94ab-da7e6fcc0cf6 Version: $LATEST

2023-12-22T21:01:00.438Z 2023-12-22T21:01:00.438Z	36dc8781-9485-5968-94ab-da7e6fcc0cf6	INFO	Processing message e10e733b-c20c-4300-8af8-069bde84a155

2023-12-22T21:01:00.444Z 2023-12-22T21:01:00.444Z	36dc8781-9485-5968-94ab-da7e6fcc0cf6	INFO	Start syncing the balance {
  transaction: {
    id: '01HJ9N9NJB947NJY47ZT90ZTDE',
    userId: 'afad1f0a-8d1a-4883-aa2f-9e3afc02d3b1',
    currency: 'SAR',
    amount: 42,
    vat: 0,
    oldBalance: 908,
    newBalance: 866
  }
}

2023-12-22T21:01:00.505Z 2023-12-22T21:01:00.505Z	36dc8781-9485-5968-94ab-da7e6fcc0cf6	INFO	SubscriptionBalanceUpdated event published

2023-12-22T21:01:00.520Z END RequestId: 36dc8781-9485-5968-94ab-da7e6fcc0cf6

2023-12-22T21:01:00.520Z REPORT RequestId: 36dc8781-9485-5968-94ab-da7e6fcc0cf6	Duration: 106.52 ms	Billed Duration: 107 ms	Memory Size: 1024 MB	Max Memory Used: 118 MB	

2023-12-22T21:01:00.623Z START RequestId: aeffc08c-b150-549d-9d14-9d734a1c9103 Version: $LATEST

2023-12-22T21:01:00.648Z 2023-12-22T21:01:00.648Z	aeffc08c-b150-549d-9d14-9d734a1c9103	INFO	Processing message e892af2e-aa2c-4ee4-bfa3-6cb79c0410d8

2023-12-22T21:01:00.653Z 2023-12-22T21:01:00.653Z	aeffc08c-b150-549d-9d14-9d734a1c9103	INFO	Start syncing the balance {
  transaction: {
    id: '01HJ9N9NZME8W5VXPHKGAZDRQ4',
    userId: '7c962fba-91b0-45f8-a791-697111e203aa',
    currency: 'SAR',
    amount: 90,
    vat: 0,
    oldBalance: 450,
    newBalance: 360
  }
}

2023-12-22T21:01:00.694Z 2023-12-22T21:01:00.694Z	aeffc08c-b150-549d-9d14-9d734a1c9103	INFO	SubscriptionBalanceUpdated event published

2023-12-22T21:01:00.707Z END RequestId: aeffc08c-b150-549d-9d14-9d734a1c9103

2023-12-22T21:01:00.707Z REPORT RequestId: aeffc08c-b150-549d-9d14-9d734a1c9103	Duration: 84.56 ms	Billed Duration: 85 ms	Memory Size: 1024 MB	Max Memory Used: 118 MB	

2023-12-22T21:01:02.504Z START RequestId: 17206f35-7ccb-5348-8a12-32ca8787a9ad Version: $LATEST

2023-12-22T21:01:02.531Z 2023-12-22T21:01:02.531Z	17206f35-7ccb-5348-8a12-32ca8787a9ad	INFO	Processing message 0f37c7f5-9329-4077-9529-8029a04d8a89

2023-12-22T21:01:02.537Z 2023-12-22T21:01:02.537Z	17206f35-7ccb-5348-8a12-32ca8787a9ad	INFO	Start syncing the balance {
  transaction: {
    id: '01HJ9N9QPCX961D0XB8AV9S9HN',
    userId: 'be98bc1b-926c-4c56-a53c-7ccb51fdd41e',
    currency: 'SAR',
    amount: 90,
    vat: 0,
    oldBalance: 1080,
    newBalance: 990
  }
}

2023-12-22T21:01:02.578Z 2023-12-22T21:01:02.578Z	17206f35-7ccb-5348-8a12-32ca8787a9ad	INFO	SubscriptionBalanceUpdated event published

2023-12-22T21:01:02.591Z END RequestId: 17206f35-7ccb-5348-8a12-32ca8787a9ad

2023-12-22T21:01:02.591Z REPORT RequestId: 17206f35-7ccb-5348-8a12-32ca8787a9ad	Duration: 87.46 ms	Billed Duration: 88 ms	Memory Size: 1024 MB	Max Memory Used: 118 MB	

2023-12-22T21:01:04.265Z START RequestId: 62d3fdbe-5fcb-51fe-851c-a041a4871460 Version: $LATEST

2023-12-22T21:01:04.295Z 2023-12-22T21:01:04.295Z	62d3fdbe-5fcb-51fe-851c-a041a4871460	INFO	Processing message f58dac74-1fc0-4e1e-9ddc-4d0f50aec422

2023-12-22T21:01:04.300Z 2023-12-22T21:01:04.300Z	62d3fdbe-5fcb-51fe-851c-a041a4871460	INFO	Start syncing the balance {
  transaction: {
    id: '01HJ9N9SDHQFAH2WBDSR1WZ3GN',
    userId: 'd7ce460e-e3fa-41f1-9bd7-1151e0cd9e9f',
    currency: 'SAR',
    amount: 90,
    vat: 0,
    oldBalance: 1530,
    newBalance: 1440
  }
}

2023-12-22T21:01:04.346Z 2023-12-22T21:01:04.346Z	62d3fdbe-5fcb-51fe-851c-a041a4871460	INFO	SubscriptionBalanceUpdated event published

2023-12-22T21:01:04.360Z END RequestId: 62d3fdbe-5fcb-51fe-851c-a041a4871460

2023-12-22T21:01:04.360Z REPORT RequestId: 62d3fdbe-5fcb-51fe-851c-a041a4871460	Duration: 95.66 ms	Billed Duration: 96 ms	Memory Size: 1024 MB	Max Memory Used: 118 MB	

2023-12-22T21:01:04.501Z START RequestId: 7f1e3618-1fcf-5908-ad69-6be7e48123ed Version: $LATEST

2023-12-22T21:01:04.527Z 2023-12-22T21:01:04.527Z	7f1e3618-1fcf-5908-ad69-6be7e48123ed	INFO	Processing message 75a8726b-3031-4cf7-acf1-ccef16a172ea

2023-12-22T21:01:04.533Z 2023-12-22T21:01:04.533Z	7f1e3618-1fcf-5908-ad69-6be7e48123ed	INFO	Start syncing the balance {
  transaction: {
    id: '01HJ9N9SWVZC8QCB8AFA8DFX4D',
    userId: '4fc86d01-309d-4534-9db4-73bdd8aabf80',
    currency: 'SAR',
    amount: 90,
    vat: 0,
    oldBalance: 450,
    newBalance: 360
  }
}

2023-12-22T21:01:04.570Z 2023-12-22T21:01:04.570Z	7f1e3618-1fcf-5908-ad69-6be7e48123ed	INFO	SubscriptionBalanceUpdated event published

2023-12-22T21:01:04.588Z END RequestId: 7f1e3618-1fcf-5908-ad69-6be7e48123ed

2023-12-22T21:01:04.588Z REPORT RequestId: 7f1e3618-1fcf-5908-ad69-6be7e48123ed	Duration: 87.01 ms	Billed Duration: 88 ms	Memory Size: 1024 MB	Max Memory Used: 118 MB	

2023-12-22T21:01:04.753Z START RequestId: f74571b1-2098-5f00-8856-2c4edbc84a9e Version: $LATEST

2023-12-22T21:01:04.788Z 2023-12-22T21:01:04.788Z	f74571b1-2098-5f00-8856-2c4edbc84a9e	INFO	Processing message 65971830-0648-43e4-a07d-7a9f1b84631d

2023-12-22T21:01:04.793Z 2023-12-22T21:01:04.793Z	f74571b1-2098-5f00-8856-2c4edbc84a9e	INFO	Start syncing the balance {
  transaction: {
    id: '01HJ9N9T1NT0PNF02SV13E1SN5',
    userId: 'c6a1f70f-8d35-4e95-a4b5-e946b4c3944d',
    currency: 'SAR',
    amount: 100,
    vat: 0,
    oldBalance: 200,
    newBalance: 100
  }
}

2023-12-22T21:01:04.834Z 2023-12-22T21:01:04.834Z	f74571b1-2098-5f00-8856-2c4edbc84a9e	INFO	SubscriptionBalanceUpdated event published

2023-12-22T21:01:04.849Z END RequestId: f74571b1-2098-5f00-8856-2c4edbc84a9e

2023-12-22T21:01:04.849Z REPORT RequestId: f74571b1-2098-5f00-8856-2c4edbc84a9e	Duration: 96.07 ms	Billed Duration: 97 ms	Memory Size: 1024 MB	Max Memory Used: 118 MB	

2023-12-22T21:01:05.025Z START RequestId: 115ab5b0-0834-5ab4-ac20-e84ff3643855 Version: $LATEST

2023-12-22T21:01:05.040Z 2023-12-22T21:01:05.040Z	115ab5b0-0834-5ab4-ac20-e84ff3643855	INFO	Processing message 2d6b98d3-1bee-405d-99f9-4d88995891bf

2023-12-22T21:01:05.046Z 2023-12-22T21:01:05.046Z	115ab5b0-0834-5ab4-ac20-e84ff3643855	INFO	Start syncing the balance {
  transaction: {
    id: '01HJ9N9T1TK9FTE6E1JJYZ5S7R',
    userId: '1b7eebb3-02fc-4cd8-aabe-8d1db4d14c4e',
    currency: 'KWD',
    amount: 7.5,
    vat: 0,
    oldBalance: 22.5,
    newBalance: 15
  }
}

2023-12-22T21:01:05.087Z 2023-12-22T21:01:05.087Z	115ab5b0-0834-5ab4-ac20-e84ff3643855	INFO	SubscriptionBalanceUpdated event published

2023-12-22T21:01:05.102Z END RequestId: 115ab5b0-0834-5ab4-ac20-e84ff3643855

2023-12-22T21:01:05.102Z REPORT RequestId: 115ab5b0-0834-5ab4-ac20-e84ff3643855	Duration: 77.06 ms	Billed Duration: 78 ms	Memory Size: 1024 MB	Max Memory Used: 118 MB	

2023-12-22T21:01:53.961Z START RequestId: 2420c2de-90bd-56bd-a6f0-9f216bc3d323 Version: $LATEST

2023-12-22T21:01:53.993Z 2023-12-22T21:01:53.993Z	2420c2de-90bd-56bd-a6f0-9f216bc3d323	INFO	Processing message a25bd0ea-ed0e-4213-8176-19243875f8ad

2023-12-22T21:01:53.998Z 2023-12-22T21:01:53.998Z	2420c2de-90bd-56bd-a6f0-9f216bc3d323	INFO	Start syncing the balance {
  transaction: {
    id: '01HJ9NB9YA41TKE716BAX6Q5ZW',
    userId: 'e43c3e20-d78b-4fdc-b46a-9d72e46f393a',
    currency: 'BHD',
    amount: 4,
    vat: 0,
    oldBalance: 1983.2,
    newBalance: 1979.2
  }
}

2023-12-22T21:01:54.042Z 2023-12-22T21:01:54.042Z	2420c2de-90bd-56bd-a6f0-9f216bc3d323	INFO	SubscriptionBalanceUpdated event published

2023-12-22T21:01:54.059Z END RequestId: 2420c2de-90bd-56bd-a6f0-9f216bc3d323

2023-12-22T21:01:54.059Z REPORT RequestId: 2420c2de-90bd-56bd-a6f0-9f216bc3d323	Duration: 97.88 ms	Billed Duration: 98 ms	Memory Size: 1024 MB	Max Memory Used: 121 MB	

2023-12-22T21:01:56.712Z START RequestId: 9677fc4c-74b7-56f6-b1bd-a1b38f373c13 Version: $LATEST

2023-12-22T21:01:56.739Z 2023-12-22T21:01:56.739Z	9677fc4c-74b7-56f6-b1bd-a1b38f373c13	INFO	Processing message 44812092-9295-4df8-9062-a9c10304011e

2023-12-22T21:01:56.744Z 2023-12-22T21:01:56.744Z	9677fc4c-74b7-56f6-b1bd-a1b38f373c13	INFO	Start syncing the balance {
  transaction: {
    id: '01HJ9NBCVXVP72PHZDS6R15907',
    userId: 'af4ac79b-a55e-4367-b86d-19818ff3e944',
    currency: 'BHD',
    amount: 6.5,
    vat: 0,
    oldBalance: 45.5,
    newBalance: 39
  }
}

2023-12-22T21:01:56.786Z 2023-12-22T21:01:56.786Z	9677fc4c-74b7-56f6-b1bd-a1b38f373c13	INFO	SubscriptionBalanceUpdated event published

2023-12-22T21:01:56.803Z END RequestId: 9677fc4c-74b7-56f6-b1bd-a1b38f373c13

2023-12-22T21:01:56.803Z REPORT RequestId: 9677fc4c-74b7-56f6-b1bd-a1b38f373c13	Duration: 91.29 ms	Billed Duration: 92 ms	Memory Size: 1024 MB	Max Memory Used: 121 MB	

2023-12-22T21:02:00.446Z START RequestId: 8ba2d7c1-d0da-52e6-ae68-8a3e2b5a9007 Version: $LATEST

2023-12-22T21:02:00.475Z 2023-12-22T21:02:00.475Z	8ba2d7c1-d0da-52e6-ae68-8a3e2b5a9007	INFO	Processing message d9799ce4-1bf5-4fe1-9850-a92ffb5992c8

2023-12-22T21:02:00.483Z 2023-12-22T21:02:00.483Z	8ba2d7c1-d0da-52e6-ae68-8a3e2b5a9007	INFO	Start syncing the balance {
  transaction: {
    id: '01HJ9NBGDFFC8F72DPEC1AYN26',
    userId: 'de547403-dacf-429b-bc0e-4c96c0efc7ea',
    currency: 'BHD',
    amount: 8,
    vat: 0,
    oldBalance: 5000,
    newBalance: 4992
  }
}

2023-12-22T21:02:00.527Z 2023-12-22T21:02:00.527Z	8ba2d7c1-d0da-52e6-ae68-8a3e2b5a9007	INFO	SubscriptionBalanceUpdated event published

2023-12-22T21:02:00.543Z END RequestId: 8ba2d7c1-d0da-52e6-ae68-8a3e2b5a9007

2023-12-22T21:02:00.543Z REPORT RequestId: 8ba2d7c1-d0da-52e6-ae68-8a3e2b5a9007	Duration: 97.14 ms	Billed Duration: 98 ms	Memory Size: 1024 MB	Max Memory Used: 121 MB	
XRAY TraceId: 1-6585f948-2a23a816d2732292b53f483e	SegmentId: 2aa94816078bae1d	Sampled: true	

2023-12-22T21:01:44.905Z START RequestId: d181239c-1a3a-57a8-b403-7e63e155732e Version: $LATEST

2023-12-22T21:01:44.935Z 2023-12-22T21:01:44.935Z	d181239c-1a3a-57a8-b403-7e63e155732e	INFO	Processing message d6a40a4d-8abd-4d64-b743-8945d8dc6bcb

2023-12-22T21:01:44.947Z 2023-12-22T21:01:44.947Z	d181239c-1a3a-57a8-b403-7e63e155732e	INFO	Start syncing the balance {
  transaction: {
    id: '01HJ9NB1A4RPDDMVVKMKS1GECE',
    userId: '133b402d-c353-4365-a759-d84e09c4533d',
    currency: 'BHD',
    amount: 6.5,
    vat: 0,
    oldBalance: 9562.1,
    newBalance: 9555.6
  }
}

2023-12-22T21:01:44.993Z 2023-12-22T21:01:44.993Z	d181239c-1a3a-57a8-b403-7e63e155732e	INFO	SubscriptionBalanceUpdated event published

2023-12-22T21:01:45.006Z END RequestId: d181239c-1a3a-57a8-b403-7e63e155732e

2023-12-22T21:01:45.006Z REPORT RequestId: d181239c-1a3a-57a8-b403-7e63e155732e	Duration: 100.95 ms	Billed Duration: 101 ms	Memory Size: 1024 MB	Max Memory Used: 121 MB	

2023-12-22T21:01:47.186Z START RequestId: 4d13098d-ea9d-5921-92b0-547211f2cbc0 Version: $LATEST

2023-12-22T21:01:47.217Z 2023-12-22T21:01:47.217Z	4d13098d-ea9d-5921-92b0-547211f2cbc0	INFO	Processing message e178d3ee-c940-48ae-bef7-acc76852b2ae

2023-12-22T21:01:47.223Z 2023-12-22T21:01:47.223Z	4d13098d-ea9d-5921-92b0-547211f2cbc0	INFO	Start syncing the balance {
  transaction: {
    id: '01HJ9NB38ZK5KR5A7PGNC619JD',
    userId: 'f6a6021a-b34d-46ee-a05e-c6247daa6cf5',
    currency: 'BHD',
    amount: 8,
    vat: 0,
    oldBalance: 105,
    newBalance: 97
  }
}

2023-12-22T21:01:47.265Z 2023-12-22T21:01:47.265Z	4d13098d-ea9d-5921-92b0-547211f2cbc0	INFO	SubscriptionBalanceUpdated event published

2023-12-22T21:01:47.278Z END RequestId: 4d13098d-ea9d-5921-92b0-547211f2cbc0

2023-12-22T21:01:47.278Z REPORT RequestId: 4d13098d-ea9d-5921-92b0-547211f2cbc0	Duration: 92.55 ms	Billed Duration: 93 ms	Memory Size: 1024 MB	Max Memory Used: 121 MB	

2023-12-22T21:01:49.165Z START RequestId: 1e93916c-ff06-5bc3-b915-cc930475a126 Version: $LATEST

2023-12-22T21:01:49.182Z 2023-12-22T21:01:49.182Z	1e93916c-ff06-5bc3-b915-cc930475a126	INFO	Processing message 05583b56-39c6-481c-9c08-ba0ab07c3a18

2023-12-22T21:01:49.187Z 2023-12-22T21:01:49.187Z	1e93916c-ff06-5bc3-b915-cc930475a126	INFO	Start syncing the balance {
  transaction: {
    id: '01HJ9NB5FGGNZNXNHE8PEA0GZ2',
    userId: 'd4f9f25d-cda7-49fc-a9fd-126b455f6c81',
    currency: 'AED',
    amount: 117,
    vat: 0,
    oldBalance: 550,
    newBalance: 433
  }
}

2023-12-22T21:01:49.258Z 2023-12-22T21:01:49.258Z	1e93916c-ff06-5bc3-b915-cc930475a126	INFO	SubscriptionBalanceUpdated event published

2023-12-22T21:01:49.273Z END RequestId: 1e93916c-ff06-5bc3-b915-cc930475a126

2023-12-22T21:01:49.273Z REPORT RequestId: 1e93916c-ff06-5bc3-b915-cc930475a126	Duration: 107.72 ms	Billed Duration: 108 ms	Memory Size: 1024 MB	Max Memory Used: 121 MB	

2023-12-22T21:01:50.406Z START RequestId: 0f79c112-2ceb-5aba-b0a3-9cedd79d5459 Version: $LATEST

2023-12-22T21:01:50.435Z 2023-12-22T21:01:50.435Z	0f79c112-2ceb-5aba-b0a3-9cedd79d5459	INFO	Processing message 040c89da-0444-4e3d-bb16-d8228cb75396

2023-12-22T21:01:50.441Z 2023-12-22T21:01:50.441Z	0f79c112-2ceb-5aba-b0a3-9cedd79d5459	INFO	Start syncing the balance {
  transaction: {
    id: '01HJ9NB6EPRJ64RPXM8Q9YDC0H',
    userId: 'fb387231-a328-4c4d-8d82-dda7943af9e7',
    currency: 'SAR',
    amount: 100,
    vat: 0,
    oldBalance: 41254,
    newBalance: 41154
  }
}

2023-12-22T21:01:50.479Z 2023-12-22T21:01:50.479Z	0f79c112-2ceb-5aba-b0a3-9cedd79d5459	INFO	SubscriptionBalanceUpdated event published

2023-12-22T21:01:50.493Z END RequestId: 0f79c112-2ceb-5aba-b0a3-9cedd79d5459

2023-12-22T21:01:50.493Z REPORT RequestId: 0f79c112-2ceb-5aba-b0a3-9cedd79d5459	Duration: 87.22 ms	Billed Duration: 88 ms	Memory Size: 1024 MB	Max Memory Used: 121 MB	

2023-12-22T21:01:50.686Z START RequestId: bb9f8344-e718-56ae-bdfd-debb1c6e109d Version: $LATEST

2023-12-22T21:01:50.712Z 2023-12-22T21:01:50.712Z	bb9f8344-e718-56ae-bdfd-debb1c6e109d	INFO	Processing message 04e6a4c9-36cf-4aa3-ae52-c2cebfbf548f

2023-12-22T21:01:50.732Z 2023-12-22T21:01:50.732Z	bb9f8344-e718-56ae-bdfd-debb1c6e109d	INFO	Start syncing the balance {
  transaction: {
    id: '01HJ9NB70VZ3H96VJPTZ6JD1YW',
    userId: '0842cf84-a66c-4ef8-af9d-9e806112336a',
    currency: 'SAR',
    amount: 90,
    vat: 0,
    oldBalance: 1520,
    newBalance: 1430
  }
}

2023-12-22T21:01:50.770Z 2023-12-22T21:01:50.770Z	bb9f8344-e718-56ae-bdfd-debb1c6e109d	INFO	SubscriptionBalanceUpdated event published

2023-12-22T21:01:50.785Z END RequestId: bb9f8344-e718-56ae-bdfd-debb1c6e109d

2023-12-22T21:01:50.785Z REPORT RequestId: bb9f8344-e718-56ae-bdfd-debb1c6e109d	Duration: 98.60 ms	Billed Duration: 99 ms	Memory Size: 1024 MB	Max Memory Used: 121 MB	

2023-12-22T21:01:50.906Z START RequestId: 9922cbdb-d8b0-5814-bb2e-962423c72d8a Version: $LATEST

2023-12-22T21:01:50.931Z 2023-12-22T21:01:50.931Z	9922cbdb-d8b0-5814-bb2e-962423c72d8a	INFO	Processing message 0cfeb91d-60d5-4bf7-b702-ee9ba322bb8e

2023-12-22T21:01:50.936Z 2023-12-22T21:01:50.936Z	9922cbdb-d8b0-5814-bb2e-962423c72d8a	INFO	Start syncing the balance {
  transaction: {
    id: '01HJ9NB6Y9GQH3SDMNTEJYV91F',
    userId: 'a10e7ad6-a70f-4ffa-bc51-4cfe8d04ee7c',
    currency: 'SAR',
    amount: 90,
    vat: 0,
    oldBalance: 780,
    newBalance: 690
  }
}

2023-12-22T21:01:50.977Z 2023-12-22T21:01:50.977Z	9922cbdb-d8b0-5814-bb2e-962423c72d8a	INFO	SubscriptionBalanceUpdated event published

2023-12-22T21:01:50.994Z END RequestId: 9922cbdb-d8b0-5814-bb2e-962423c72d8a

2023-12-22T21:01:50.994Z REPORT RequestId: 9922cbdb-d8b0-5814-bb2e-962423c72d8a	Duration: 88.98 ms	Billed Duration: 89 ms	Memory Size: 1024 MB	Max Memory Used: 121 MB	

2023-12-22T21:01:51.910Z START RequestId: 7170f6f9-4ba4-5416-b72a-ab06b0dc5090 Version: $LATEST

2023-12-22T21:01:51.929Z 2023-12-22T21:01:51.929Z	7170f6f9-4ba4-5416-b72a-ab06b0dc5090	INFO	Processing message 9cd3a724-d07a-4036-aa36-8a1a277980a0

2023-12-22T21:01:51.933Z 2023-12-22T21:01:51.933Z	7170f6f9-4ba4-5416-b72a-ab06b0dc5090	INFO	Start syncing the balance {
  transaction: {
    id: '01HJ9NB850Z0P30FQT871ZSNFY',
    userId: '8c1ac27b-4b34-4d12-b590-9279bbe32c5d',
    currency: 'BHD',
    amount: 4,
    vat: 0,
    oldBalance: 76.2,
    newBalance: 72.2
  }
}

2023-12-22T21:01:51.973Z 2023-12-22T21:01:51.973Z	7170f6f9-4ba4-5416-b72a-ab06b0dc5090	INFO	SubscriptionBalanceUpdated event published

2023-12-22T21:01:51.988Z END RequestId: 7170f6f9-4ba4-5416-b72a-ab06b0dc5090

2023-12-22T21:01:51.988Z REPORT RequestId: 7170f6f9-4ba4-5416-b72a-ab06b0dc5090	Duration: 77.75 ms	Billed Duration: 78 ms	Memory Size: 1024 MB	Max Memory Used: 121 MB	

2023-12-22T21:01:52.673Z START RequestId: 63439b9b-5739-532a-9d98-c664ac4479cf Version: $LATEST

2023-12-22T21:01:52.696Z 2023-12-22T21:01:52.696Z	63439b9b-5739-532a-9d98-c664ac4479cf	INFO	Processing message df28919f-81d0-407d-9548-6a7797710727

2023-12-22T21:01:52.701Z 2023-12-22T21:01:52.701Z	63439b9b-5739-532a-9d98-c664ac4479cf	INFO	Start syncing the balance {
  transaction: {
    id: '01HJ9NB8N371KVKA3KTEWNTA16',
    userId: '46176cfe-75b8-4dc3-aeba-64e9649f2840',
    currency: 'SAR',
    amount: 90,
    vat: 0,
    oldBalance: 1260,
    newBalance: 1170
  }
}

2023-12-22T21:01:52.740Z 2023-12-22T21:01:52.740Z	63439b9b-5739-532a-9d98-c664ac4479cf	INFO	SubscriptionBalanceUpdated event published

2023-12-22T21:01:52.754Z END RequestId: 63439b9b-5739-532a-9d98-c664ac4479cf

2023-12-22T21:01:52.754Z REPORT RequestId: 63439b9b-5739-532a-9d98-c664ac4479cf	Duration: 80.29 ms	Billed Duration: 81 ms	Memory Size: 1024 MB	Max Memory Used: 121 MB	

2023-12-22T21:01:06.005Z START RequestId: ea77e2e0-1f90-5d14-baa3-bf1fe4c0588a Version: $LATEST

2023-12-22T21:01:06.036Z 2023-12-22T21:01:06.036Z	ea77e2e0-1f90-5d14-baa3-bf1fe4c0588a	INFO	Processing message ea9b53ad-bef5-4952-8d27-ac08fe8f96d5

2023-12-22T21:01:06.042Z 2023-12-22T21:01:06.042Z	ea77e2e0-1f90-5d14-baa3-bf1fe4c0588a	INFO	Start syncing the balance {
  transaction: {
    id: '01HJ9N9VBW0K8N681X75MNMPMD',
    userId: 'e2ba0d37-98ed-4a9f-a668-b8b97d667977',
    currency: 'SAR',
    amount: 90,
    vat: 0,
    oldBalance: 900,
    newBalance: 810
  }
}

2023-12-22T21:01:06.081Z 2023-12-22T21:01:06.081Z	ea77e2e0-1f90-5d14-baa3-bf1fe4c0588a	INFO	SubscriptionBalanceUpdated event published

2023-12-22T21:01:06.095Z END RequestId: ea77e2e0-1f90-5d14-baa3-bf1fe4c0588a

2023-12-22T21:01:06.095Z REPORT RequestId: ea77e2e0-1f90-5d14-baa3-bf1fe4c0588a	Duration: 89.68 ms	Billed Duration: 90 ms	Memory Size: 1024 MB	Max Memory Used: 118 MB	

2023-12-22T21:01:10.037Z START RequestId: 8857c72a-2656-52be-9f07-9ad5dd048720 Version: $LATEST

2023-12-22T21:01:10.066Z 2023-12-22T21:01:10.066Z	8857c72a-2656-52be-9f07-9ad5dd048720	INFO	Processing message 237501d0-dc7b-4eb9-beec-48cc99ca597a

2023-12-22T21:01:10.072Z 2023-12-22T21:01:10.072Z	8857c72a-2656-52be-9f07-9ad5dd048720	INFO	Start syncing the balance {
  transaction: {
    id: '01HJ9N9Z1BX57664B64PBCJQ20',
    userId: '34ba33ca-e3cd-4897-b0b0-771c0ea7407a',
    currency: 'SAR',
    amount: 90,
    vat: 0,
    oldBalance: 1810,
    newBalance: 1720
  }
}

2023-12-22T21:01:10.114Z 2023-12-22T21:01:10.114Z	8857c72a-2656-52be-9f07-9ad5dd048720	INFO	SubscriptionBalanceUpdated event published

2023-12-22T21:01:10.127Z END RequestId: 8857c72a-2656-52be-9f07-9ad5dd048720

2023-12-22T21:01:10.127Z REPORT RequestId: 8857c72a-2656-52be-9f07-9ad5dd048720	Duration: 90.00 ms	Billed Duration: 91 ms	Memory Size: 1024 MB	Max Memory Used: 118 MB	

2023-12-22T21:01:11.027Z START RequestId: 7b797f2d-5306-526d-aca2-22d2a854a08c Version: $LATEST

2023-12-22T21:01:11.052Z 2023-12-22T21:01:11.052Z	7b797f2d-5306-526d-aca2-22d2a854a08c	INFO	Processing message 4b0449e2-efa7-42f2-8015-dd464a31a47b

2023-12-22T21:01:11.058Z 2023-12-22T21:01:11.058Z	7b797f2d-5306-526d-aca2-22d2a854a08c	INFO	Start syncing the balance {
  transaction: {
    id: '01HJ9NA02NDH590FTRK60NCW5A',
    userId: 'fe34a324-49e4-4375-a0a6-30db0ad725c0',
    currency: 'BHD',
    amount: 9,
    vat: 0,
    oldBalance: 115,
    newBalance: 106
  }
}

2023-12-22T21:01:11.097Z 2023-12-22T21:01:11.097Z	7b797f2d-5306-526d-aca2-22d2a854a08c	INFO	SubscriptionBalanceUpdated event published

2023-12-22T21:01:11.117Z END RequestId: 7b797f2d-5306-526d-aca2-22d2a854a08c

2023-12-22T21:01:11.117Z REPORT RequestId: 7b797f2d-5306-526d-aca2-22d2a854a08c	Duration: 90.06 ms	Billed Duration: 91 ms	Memory Size: 1024 MB	Max Memory Used: 118 MB	

2023-12-22T21:01:11.532Z START RequestId: 7cc08d49-f928-5957-ac82-d0b6027b2f64 Version: $LATEST

2023-12-22T21:01:11.561Z 2023-12-22T21:01:11.561Z	7cc08d49-f928-5957-ac82-d0b6027b2f64	INFO	Processing message a4aed555-6f0f-41d4-bb44-4486c112551f

2023-12-22T21:01:11.566Z 2023-12-22T21:01:11.566Z	7cc08d49-f928-5957-ac82-d0b6027b2f64	INFO	Start syncing the balance {
  transaction: {
    id: '01HJ9NA0RFHY9ZKZQZ7AK4YGCV',
    userId: '35d743f6-af7e-4adc-b4f6-6220fe00c596',
    currency: 'BHD',
    amount: 8,
    vat: 0,
    oldBalance: 160,
    newBalance: 152
  }
}

2023-12-22T21:01:11.636Z 2023-12-22T21:01:11.636Z	7cc08d49-f928-5957-ac82-d0b6027b2f64	INFO	SubscriptionBalanceUpdated event published

2023-12-22T21:01:11.712Z END RequestId: 7cc08d49-f928-5957-ac82-d0b6027b2f64

2023-12-22T21:01:11.712Z REPORT RequestId: 7cc08d49-f928-5957-ac82-d0b6027b2f64	Duration: 179.75 ms	Billed Duration: 180 ms	Memory Size: 1024 MB	Max Memory Used: 121 MB	

2023-12-22T21:01:11.782Z START RequestId: f577227a-114a-5ca6-96f7-7f85ea1cb820 Version: $LATEST

2023-12-22T21:01:11.808Z 2023-12-22T21:01:11.808Z	f577227a-114a-5ca6-96f7-7f85ea1cb820	INFO	Processing message 31962011-d802-4e12-845c-157644044f87

2023-12-22T21:01:11.814Z 2023-12-22T21:01:11.814Z	f577227a-114a-5ca6-96f7-7f85ea1cb820	INFO	Start syncing the balance {
  transaction: {
    id: '01HJ9NA0QTG1G02TKX6611RRQG',
    userId: 'e6cdbca4-1eac-44a7-b1b3-299757b86a75',
    currency: 'BHD',
    amount: 8,
    vat: 0,
    oldBalance: 192,
    newBalance: 184
  }
}

2023-12-22T21:01:11.903Z 2023-12-22T21:01:11.903Z	f577227a-114a-5ca6-96f7-7f85ea1cb820	INFO	SubscriptionBalanceUpdated event published

2023-12-22T21:01:11.917Z END RequestId: f577227a-114a-5ca6-96f7-7f85ea1cb820

2023-12-22T21:01:11.917Z REPORT RequestId: f577227a-114a-5ca6-96f7-7f85ea1cb820	Duration: 135.09 ms	Billed Duration: 136 ms	Memory Size: 1024 MB	Max Memory Used: 121 MB	

2023-12-22T21:01:12.281Z START RequestId: c40177d6-695c-5e42-9ef4-2a29920aabdc Version: $LATEST

2023-12-22T21:01:12.309Z 2023-12-22T21:01:12.309Z	c40177d6-695c-5e42-9ef4-2a29920aabdc	INFO	Processing message 18a3772a-1038-4b0a-9e00-cc13f195b16e

2023-12-22T21:01:12.317Z 2023-12-22T21:01:12.317Z	c40177d6-695c-5e42-9ef4-2a29920aabdc	INFO	Start syncing the balance {
  transaction: {
    id: '01HJ9NA17SWRNEWXS4DDN9BTCR',
    userId: 'ebdb2053-3e0f-4979-8c0f-fc39a66007db',
    currency: 'QAR',
    amount: 120,
    vat: 0,
    oldBalance: 440,
    newBalance: 320
  }
}

2023-12-22T21:01:12.359Z 2023-12-22T21:01:12.359Z	c40177d6-695c-5e42-9ef4-2a29920aabdc	INFO	SubscriptionBalanceUpdated event published

2023-12-22T21:01:12.372Z END RequestId: c40177d6-695c-5e42-9ef4-2a29920aabdc

2023-12-22T21:01:12.372Z REPORT RequestId: c40177d6-695c-5e42-9ef4-2a29920aabdc	Duration: 91.00 ms	Billed Duration: 91 ms	Memory Size: 1024 MB	Max Memory Used: 121 MB	

2023-12-22T21:01:12.772Z START RequestId: 9239e3a1-7aae-506e-953f-be5e81f9828f Version: $LATEST

2023-12-22T21:01:12.791Z 2023-12-22T21:01:12.791Z	9239e3a1-7aae-506e-953f-be5e81f9828f	INFO	Processing message cb7d603b-0c00-4ce9-92cb-0e9300ea8bb4

2023-12-22T21:01:12.796Z 2023-12-22T21:01:12.796Z	9239e3a1-7aae-506e-953f-be5e81f9828f	INFO	Start syncing the balance {
  transaction: {
    id: '01HJ9NA1QXB9YJFG6YS35PFJ9A',
    userId: '6f7b9fb3-bc7f-48c0-ab23-e436b3729b55',
    currency: 'SAR',
    amount: 90,
    vat: 0,
    oldBalance: 720,
    newBalance: 630
  }
}

2023-12-22T21:01:12.847Z 2023-12-22T21:01:12.847Z	9239e3a1-7aae-506e-953f-be5e81f9828f	INFO	SubscriptionBalanceUpdated event published

2023-12-22T21:01:12.864Z END RequestId: 9239e3a1-7aae-506e-953f-be5e81f9828f

2023-12-22T21:01:12.864Z REPORT RequestId: 9239e3a1-7aae-506e-953f-be5e81f9828f	Duration: 91.66 ms	Billed Duration: 92 ms	Memory Size: 1024 MB	Max Memory Used: 121 MB	

