2023-12-18T21:01:06.276Z INIT_START Runtime Version: nodejs:14.v42	Runtime Version ARN: arn:aws:lambda:us-east-1::runtime:4cb686be08f980f530c1cbdeae970951c08b712057b80e8698cf4641214607d6

2023-12-18T21:01:07.144Z START RequestId: ecf49146-65ac-5b5b-b310-ccbcd0e6ca1a Version: $LATEST

2023-12-18T21:01:07.270Z 2023-12-18T21:01:07.270Z	ecf49146-65ac-5b5b-b310-ccbcd0e6ca1a	INFO	Processing message 1858555e-d0c8-48d3-b120-4aed1b120f83

2023-12-18T21:01:07.310Z 2023-12-18T21:01:07.310Z	ecf49146-65ac-5b5b-b310-ccbcd0e6ca1a	INFO	Start syncing the balance {
  transaction: {
    id: '01HHZBPXJPJMJ26C9DVFE3ZSYJ',
    userId: '77c599c4-2669-4ab9-91b6-2538f18a86da',
    currency: 'BHD',
    amount: 2.8,
    vat: 0,
    oldBalance: 1926.955,
    newBalance: 1924.155
  }
}

2023-12-18T21:01:07.387Z 2023-12-18T21:01:07.387Z	ecf49146-65ac-5b5b-b310-ccbcd0e6ca1a	INFO	SubscriptionBalanceUpdated event published

2023-12-18T21:01:07.450Z END RequestId: ecf49146-65ac-5b5b-b310-ccbcd0e6ca1a

2023-12-18T21:01:07.450Z REPORT RequestId: ecf49146-65ac-5b5b-b310-ccbcd0e6ca1a	Duration: 305.73 ms	Billed Duration: 306 ms	Memory Size: 1024 MB	Max Memory Used: 115 MB	Init Duration: 866.89 ms	

2023-12-18T21:01:07.851Z START RequestId: a42b8569-b3d5-5be8-98ce-d893069f4bf6 Version: $LATEST

2023-12-18T21:01:07.877Z 2023-12-18T21:01:07.877Z	a42b8569-b3d5-5be8-98ce-d893069f4bf6	INFO	Processing message 8e2d73b8-9aa9-4dcd-b36a-23094dadc7d8

2023-12-18T21:01:07.884Z 2023-12-18T21:01:07.884Z	a42b8569-b3d5-5be8-98ce-d893069f4bf6	INFO	Start syncing the balance {
  transaction: {
    id: '01HHZBQ0EBNZ3QBBRPF786NVQF',
    userId: 'be98bc1b-926c-4c56-a53c-7ccb51fdd41e',
    currency: 'SAR',
    amount: 90,
    vat: 0,
    oldBalance: 1350,
    newBalance: 1260
  }
}

2023-12-18T21:01:07.927Z 2023-12-18T21:01:07.927Z	a42b8569-b3d5-5be8-98ce-d893069f4bf6	INFO	SubscriptionBalanceUpdated event published

2023-12-18T21:01:07.942Z END RequestId: a42b8569-b3d5-5be8-98ce-d893069f4bf6

2023-12-18T21:01:07.943Z REPORT RequestId: a42b8569-b3d5-5be8-98ce-d893069f4bf6	Duration: 91.67 ms	Billed Duration: 92 ms	Memory Size: 1024 MB	Max Memory Used: 115 MB	

2023-12-18T21:01:19.186Z START RequestId: 151b46d1-6951-5fe8-82b6-1b2bdc1ad368 Version: $LATEST

2023-12-18T21:01:19.220Z 2023-12-18T21:01:19.220Z	151b46d1-6951-5fe8-82b6-1b2bdc1ad368	INFO	Processing message bceb0297-f83a-4a73-ba1c-ecca36328a7a

2023-12-18T21:01:19.227Z 2023-12-18T21:01:19.227Z	151b46d1-6951-5fe8-82b6-1b2bdc1ad368	INFO	Start syncing the balance {
  transaction: {
    id: '01HHZBQBBP3YTGEMHPJESWSTV9',
    userId: '112d78fc-6053-4268-9312-0524d9746f5a',
    currency: 'BHD',
    amount: 8,
    vat: 0,
    oldBalance: 96,
    newBalance: 88
  }
}

2023-12-18T21:01:19.287Z 2023-12-18T21:01:19.287Z	151b46d1-6951-5fe8-82b6-1b2bdc1ad368	INFO	SubscriptionBalanceUpdated event published

2023-12-18T21:01:19.321Z END RequestId: 151b46d1-6951-5fe8-82b6-1b2bdc1ad368

2023-12-18T21:01:19.321Z REPORT RequestId: 151b46d1-6951-5fe8-82b6-1b2bdc1ad368	Duration: 135.53 ms	Billed Duration: 136 ms	Memory Size: 1024 MB	Max Memory Used: 115 MB	

