2023-12-24T21:01:09.984Z START RequestId: 5e274ebc-799e-5068-91ad-10bee7cb2604 Version: $LATEST

2023-12-24T21:01:10.010Z 2023-12-24T21:01:10.010Z	5e274ebc-799e-5068-91ad-10bee7cb2604	INFO	Processing message 946700ad-5cfb-458d-b1bc-df53e7b304ab

2023-12-24T21:01:10.016Z 2023-12-24T21:01:10.016Z	5e274ebc-799e-5068-91ad-10bee7cb2604	INFO	Start syncing the balance {
  transaction: {
    id: '01HJET3D4EBETJEAYG27R9EEVF',
    userId: '4531caaa-fb25-419c-b8cc-1e41df747a6a',
    currency: 'BHD',
    amount: 9,
    vat: 0,
    oldBalance: 282,
    newBalance: 273
  }
}

2023-12-24T21:01:10.056Z 2023-12-24T21:01:10.056Z	5e274ebc-799e-5068-91ad-10bee7cb2604	INFO	SubscriptionBalanceUpdated event published

2023-12-24T21:01:10.072Z END RequestId: 5e274ebc-799e-5068-91ad-10bee7cb2604

2023-12-24T21:01:10.072Z REPORT RequestId: 5e274ebc-799e-5068-91ad-10bee7cb2604	Duration: 87.97 ms	Billed Duration: 88 ms	Memory Size: 1024 MB	Max Memory Used: 127 MB	

2023-12-24T21:01:10.191Z START RequestId: 50dc1cdc-655b-5972-9552-42defb0e3bb3 Version: $LATEST

2023-12-24T21:01:10.219Z 2023-12-24T21:01:10.219Z	50dc1cdc-655b-5972-9552-42defb0e3bb3	INFO	Processing message 580490d4-0e70-4260-b079-01260cc6f61b

2023-12-24T21:01:10.224Z 2023-12-24T21:01:10.224Z	50dc1cdc-655b-5972-9552-42defb0e3bb3	INFO	Start syncing the balance {
  transaction: {
    id: '01HJET3DCGZ7K6RT8VSRTHGBJR',
    userId: 'cdd0df27-94a4-4f72-9e67-6f435cce0485',
    currency: 'BHD',
    amount: 9,
    vat: 0,
    oldBalance: 279.5,
    newBalance: 270.5
  }
}

2023-12-24T21:01:10.348Z 2023-12-24T21:01:10.348Z	50dc1cdc-655b-5972-9552-42defb0e3bb3	INFO	SubscriptionBalanceUpdated event published

2023-12-24T21:01:10.366Z END RequestId: 50dc1cdc-655b-5972-9552-42defb0e3bb3

2023-12-24T21:01:10.366Z REPORT RequestId: 50dc1cdc-655b-5972-9552-42defb0e3bb3	Duration: 174.08 ms	Billed Duration: 175 ms	Memory Size: 1024 MB	Max Memory Used: 128 MB	

2023-12-24T21:01:10.441Z START RequestId: a4de6e0b-4f60-5921-8253-3009d136abe0 Version: $LATEST

2023-12-24T21:01:10.456Z 2023-12-24T21:01:10.456Z	a4de6e0b-4f60-5921-8253-3009d136abe0	INFO	Processing message 11de7f9f-2ee8-410a-8953-f956b7f866fa

2023-12-24T21:01:10.461Z 2023-12-24T21:01:10.461Z	a4de6e0b-4f60-5921-8253-3009d136abe0	INFO	Start syncing the balance {
  transaction: {
    id: '01HJET3DC8WYV5ESC90YBPHMCB',
    userId: '80ef257d-475d-4adf-9e45-41856f41214e',
    currency: 'BHD',
    amount: 7,
    vat: 0,
    oldBalance: 153,
    newBalance: 146
  }
}

2023-12-24T21:01:10.507Z 2023-12-24T21:01:10.507Z	a4de6e0b-4f60-5921-8253-3009d136abe0	INFO	SubscriptionBalanceUpdated event published

2023-12-24T21:01:10.524Z END RequestId: a4de6e0b-4f60-5921-8253-3009d136abe0

2023-12-24T21:01:10.524Z REPORT RequestId: a4de6e0b-4f60-5921-8253-3009d136abe0	Duration: 83.44 ms	Billed Duration: 84 ms	Memory Size: 1024 MB	Max Memory Used: 129 MB	

2023-12-24T21:01:12.445Z START RequestId: aed7bd6b-eba0-5cbd-8708-e36975f60ad1 Version: $LATEST

2023-12-24T21:01:12.477Z 2023-12-24T21:01:12.477Z	aed7bd6b-eba0-5cbd-8708-e36975f60ad1	INFO	Processing message 8a279b33-6890-4e59-aca6-8763810cbd64

2023-12-24T21:01:12.483Z 2023-12-24T21:01:12.483Z	aed7bd6b-eba0-5cbd-8708-e36975f60ad1	INFO	Start syncing the balance {
  transaction: {
    id: '01HJET3FB1SXFJZAJXG9XVJ2YK',
    userId: 'eefb84af-6a9b-435b-b589-5c9734648a74',
    currency: 'BHD',
    amount: 4,
    vat: 0,
    oldBalance: 458.909,
    newBalance: 454.909
  }
}

2023-12-24T21:01:12.531Z 2023-12-24T21:01:12.531Z	aed7bd6b-eba0-5cbd-8708-e36975f60ad1	INFO	SubscriptionBalanceUpdated event published

2023-12-24T21:01:12.548Z END RequestId: aed7bd6b-eba0-5cbd-8708-e36975f60ad1

2023-12-24T21:01:12.548Z REPORT RequestId: aed7bd6b-eba0-5cbd-8708-e36975f60ad1	Duration: 103.37 ms	Billed Duration: 104 ms	Memory Size: 1024 MB	Max Memory Used: 130 MB	

2023-12-24T21:01:13.708Z START RequestId: 988250de-f87f-56ec-8044-0edc6626a080 Version: $LATEST

2023-12-24T21:01:13.735Z 2023-12-24T21:01:13.735Z	988250de-f87f-56ec-8044-0edc6626a080	INFO	Processing message 0cce23e8-e888-4b90-8046-78a9500b2df0

2023-12-24T21:01:13.747Z 2023-12-24T21:01:13.747Z	988250de-f87f-56ec-8044-0edc6626a080	INFO	Start syncing the balance {
  transaction: {
    id: '01HJET3GHVCEPP3SPHREXPH6BD',
    userId: '804d97c8-bf70-4f6d-ad3b-8b63bb543104',
    currency: 'BHD',
    amount: 9,
    vat: 0,
    oldBalance: 282,
    newBalance: 273
  }
}

2023-12-24T21:01:13.792Z 2023-12-24T21:01:13.792Z	988250de-f87f-56ec-8044-0edc6626a080	INFO	SubscriptionBalanceUpdated event published

2023-12-24T21:01:13.807Z END RequestId: 988250de-f87f-56ec-8044-0edc6626a080

2023-12-24T21:01:13.807Z REPORT RequestId: 988250de-f87f-56ec-8044-0edc6626a080	Duration: 99.63 ms	Billed Duration: 100 ms	Memory Size: 1024 MB	Max Memory Used: 131 MB	

2023-12-24T21:01:13.939Z START RequestId: 9e4b09b6-b6c1-57b8-9ed3-57b428987579 Version: $LATEST

2023-12-24T21:01:13.969Z 2023-12-24T21:01:13.969Z	9e4b09b6-b6c1-57b8-9ed3-57b428987579	INFO	Processing message 33de8b65-c67f-42e1-8a06-ef67c80da5bb

2023-12-24T21:01:13.977Z 2023-12-24T21:01:13.977Z	9e4b09b6-b6c1-57b8-9ed3-57b428987579	INFO	Start syncing the balance {
  transaction: {
    id: '01HJET3GZR7EB6V0PVM21533PJ',
    userId: 'b9c901a6-79c0-4817-a7c3-737d53befd9b',
    currency: 'BHD',
    amount: 4,
    vat: 0,
    oldBalance: 27.9994,
    newBalance: 23.999
  }
}

2023-12-24T21:01:14.013Z 2023-12-24T21:01:14.013Z	9e4b09b6-b6c1-57b8-9ed3-57b428987579	INFO	SubscriptionBalanceUpdated event published

2023-12-24T21:01:14.025Z END RequestId: 9e4b09b6-b6c1-57b8-9ed3-57b428987579

2023-12-24T21:01:14.025Z REPORT RequestId: 9e4b09b6-b6c1-57b8-9ed3-57b428987579	Duration: 86.21 ms	Billed Duration: 87 ms	Memory Size: 1024 MB	Max Memory Used: 132 MB	

2023-12-24T21:01:14.207Z START RequestId: 585984ff-c1d6-5ab4-afb6-dafd5f8cd875 Version: $LATEST

2023-12-24T21:01:14.230Z 2023-12-24T21:01:14.230Z	585984ff-c1d6-5ab4-afb6-dafd5f8cd875	INFO	Processing message 5bb1daa2-0b28-410d-9145-6dfb4dadcd73

2023-12-24T21:01:14.236Z 2023-12-24T21:01:14.236Z	585984ff-c1d6-5ab4-afb6-dafd5f8cd875	INFO	Start syncing the balance {
  transaction: {
    id: '01HJET3H9FTFVY6VPFTNMGWJF9',
    userId: '36cffa58-f615-4cb9-9e9e-38aed031080d',
    currency: 'SAR',
    amount: 90,
    vat: 0,
    oldBalance: 180,
    newBalance: 90
  }
}

2023-12-24T21:01:14.279Z 2023-12-24T21:01:14.279Z	585984ff-c1d6-5ab4-afb6-dafd5f8cd875	INFO	SubscriptionBalanceUpdated event published

2023-12-24T21:01:14.295Z END RequestId: 585984ff-c1d6-5ab4-afb6-dafd5f8cd875

2023-12-24T21:01:14.297Z REPORT RequestId: 585984ff-c1d6-5ab4-afb6-dafd5f8cd875	Duration: 87.74 ms	Billed Duration: 88 ms	Memory Size: 1024 MB	Max Memory Used: 132 MB	

2023-12-24T21:01:14.459Z START RequestId: 8004dfc7-e85a-590b-8872-81c576004bca Version: $LATEST

2023-12-24T21:01:14.482Z 2023-12-24T21:01:14.482Z	8004dfc7-e85a-590b-8872-81c576004bca	INFO	Processing message 648f5a0b-b279-46a1-90fb-ac7b61fa843b

2023-12-24T21:01:14.489Z 2023-12-24T21:01:14.489Z	8004dfc7-e85a-590b-8872-81c576004bca	INFO	Start syncing the balance {
  transaction: {
    id: '01HJET3HHD5RK5D3MD6C4MK1N8',
    userId: 'ca4da5ef-df7d-417f-8098-80c027212092',
    currency: 'SAR',
    amount: 20,
    vat: 0,
    oldBalance: 900.62,
    newBalance: 880.62
  }
}

2023-12-24T21:01:14.538Z 2023-12-24T21:01:14.538Z	8004dfc7-e85a-590b-8872-81c576004bca	INFO	SubscriptionBalanceUpdated event published

2023-12-24T21:01:14.554Z END RequestId: 8004dfc7-e85a-590b-8872-81c576004bca

2023-12-24T21:01:14.554Z REPORT RequestId: 8004dfc7-e85a-590b-8872-81c576004bca	Duration: 94.95 ms	Billed Duration: 95 ms	Memory Size: 1024 MB	Max Memory Used: 132 MB	

2023-12-24T21:01:14.708Z START RequestId: 02e413c8-49fe-5050-9a67-4dcad7a4a291 Version: $LATEST

2023-12-24T21:01:14.734Z 2023-12-24T21:01:14.734Z	02e413c8-49fe-5050-9a67-4dcad7a4a291	INFO	Processing message 03636e56-db1e-482a-81d2-8c6cfdf27dc6

2023-12-24T21:01:14.740Z 2023-12-24T21:01:14.740Z	02e413c8-49fe-5050-9a67-4dcad7a4a291	INFO	Start syncing the balance {
  transaction: {
    id: '01HJET3HSAJSBS14YQHAFQWZM0',
    userId: 'be98bc1b-926c-4c56-a53c-7ccb51fdd41e',
    currency: 'SAR',
    amount: 90,
    vat: 0,
    oldBalance: 900,
    newBalance: 810
  }
}

2023-12-24T21:01:14.781Z 2023-12-24T21:01:14.781Z	02e413c8-49fe-5050-9a67-4dcad7a4a291	INFO	SubscriptionBalanceUpdated event published

2023-12-24T21:01:14.810Z END RequestId: 02e413c8-49fe-5050-9a67-4dcad7a4a291

2023-12-24T21:01:14.810Z REPORT RequestId: 02e413c8-49fe-5050-9a67-4dcad7a4a291	Duration: 102.62 ms	Billed Duration: 103 ms	Memory Size: 1024 MB	Max Memory Used: 132 MB	

2023-12-24T21:01:15.222Z START RequestId: a9668abe-10bb-5dac-bec5-d4bc8ee18f6d Version: $LATEST

2023-12-24T21:01:15.254Z 2023-12-24T21:01:15.254Z	a9668abe-10bb-5dac-bec5-d4bc8ee18f6d	INFO	Processing message 3c320daa-258e-4cac-833f-ac8f610d1f1d

2023-12-24T21:01:15.260Z 2023-12-24T21:01:15.260Z	a9668abe-10bb-5dac-bec5-d4bc8ee18f6d	INFO	Start syncing the balance {
  transaction: {
    id: '01HJET3J8R1SQ0F0DAR9YWGP35',
    userId: '1b5748cb-c677-44ab-9d61-940e554fc014',
    currency: 'KWD',
    amount: 7.5,
    vat: 0,
    oldBalance: 206,
    newBalance: 198.5
  }
}

2023-12-24T21:01:15.298Z 2023-12-24T21:01:15.298Z	a9668abe-10bb-5dac-bec5-d4bc8ee18f6d	INFO	SubscriptionBalanceUpdated event published

2023-12-24T21:01:15.316Z END RequestId: a9668abe-10bb-5dac-bec5-d4bc8ee18f6d

2023-12-24T21:01:15.316Z REPORT RequestId: a9668abe-10bb-5dac-bec5-d4bc8ee18f6d	Duration: 94.18 ms	Billed Duration: 95 ms	Memory Size: 1024 MB	Max Memory Used: 132 MB	

2023-12-24T21:01:15.455Z START RequestId: af95ae75-ac15-506e-be20-f077324e02af Version: $LATEST

2023-12-24T21:01:15.482Z 2023-12-24T21:01:15.482Z	af95ae75-ac15-506e-be20-f077324e02af	INFO	Processing message 971bb4e2-76f4-45cd-a1b7-58bc85301c43

2023-12-24T21:01:15.491Z 2023-12-24T21:01:15.491Z	af95ae75-ac15-506e-be20-f077324e02af	INFO	Start syncing the balance {
  transaction: {
    id: '01HJET3JDJSC4Q5WANVECMZAVD',
    userId: '2af65ba7-48fc-4433-be65-5dca7e3094a8',
    currency: 'BHD',
    amount: 22,
    vat: 0,
    oldBalance: 140.682,
    newBalance: 118.682
  }
}

2023-12-24T21:01:15.530Z 2023-12-24T21:01:15.530Z	af95ae75-ac15-506e-be20-f077324e02af	INFO	SubscriptionBalanceUpdated event published

2023-12-24T21:01:15.546Z END RequestId: af95ae75-ac15-506e-be20-f077324e02af

2023-12-24T21:01:15.546Z REPORT RequestId: af95ae75-ac15-506e-be20-f077324e02af	Duration: 90.96 ms	Billed Duration: 91 ms	Memory Size: 1024 MB	Max Memory Used: 132 MB	
XRAY TraceId: 1-65889c1b-3b32ffe7e87c5db73da8c8cd	SegmentId: 01122a53573aff4b	Sampled: true	

2023-12-24T21:01:15.959Z START RequestId: 00f48983-c4fd-5769-8c5f-d7815aa6a5a8 Version: $LATEST

2023-12-24T21:01:15.983Z 2023-12-24T21:01:15.983Z	00f48983-c4fd-5769-8c5f-d7815aa6a5a8	INFO	Processing message 5f4285d0-d031-496b-a3f5-ec53caafb435

2023-12-24T21:01:15.989Z 2023-12-24T21:01:15.989Z	00f48983-c4fd-5769-8c5f-d7815aa6a5a8	INFO	Start syncing the balance {
  transaction: {
    id: '01HJET3JDXNMJY198GQZRRFCT7',
    userId: 'eb6875d4-8663-4dc5-8838-1148a2425c13',
    currency: 'BHD',
    amount: 4,
    vat: 0,
    oldBalance: 214.364,
    newBalance: 210.364
  }
}

2023-12-24T21:01:16.029Z 2023-12-24T21:01:16.029Z	00f48983-c4fd-5769-8c5f-d7815aa6a5a8	INFO	SubscriptionBalanceUpdated event published

2023-12-24T21:01:16.040Z 2023-12-24T21:01:16.040Z	00f48983-c4fd-5769-8c5f-d7815aa6a5a8	INFO	Processing message d11ee4ae-cbe7-4fa7-adab-9bdcc48ec16e

2023-12-24T21:01:16.046Z 2023-12-24T21:01:16.046Z	00f48983-c4fd-5769-8c5f-d7815aa6a5a8	INFO	Start syncing the balance {
  transaction: {
    id: '01HJET3JKF3T0DJC8BWYRMCK04',
    userId: 'f5d66611-6d18-4c1d-8542-11e626c99c1e',
    currency: 'QAR',
    amount: 120,
    vat: 0,
    oldBalance: 440,
    newBalance: 320
  }
}

2023-12-24T21:01:16.086Z 2023-12-24T21:01:16.086Z	00f48983-c4fd-5769-8c5f-d7815aa6a5a8	INFO	SubscriptionBalanceUpdated event published

2023-12-24T21:01:16.102Z END RequestId: 00f48983-c4fd-5769-8c5f-d7815aa6a5a8

2023-12-24T21:01:16.102Z REPORT RequestId: 00f48983-c4fd-5769-8c5f-d7815aa6a5a8	Duration: 143.70 ms	Billed Duration: 144 ms	Memory Size: 1024 MB	Max Memory Used: 132 MB	
XRAY TraceId: 1-65889c1b-99b250e2133971cc2cf83a1b	SegmentId: 195a73500f8058ee	Sampled: true	

2023-12-24T21:01:16.202Z START RequestId: 99d10c7e-5d73-504a-842e-527cc328a28b Version: $LATEST

2023-12-24T21:01:16.230Z 2023-12-24T21:01:16.230Z	99d10c7e-5d73-504a-842e-527cc328a28b	INFO	Processing message 9ce2a4a6-01cc-4060-a202-71fd9c10c8cf

2023-12-24T21:01:16.236Z 2023-12-24T21:01:16.236Z	99d10c7e-5d73-504a-842e-527cc328a28b	INFO	Start syncing the balance {
  transaction: {
    id: '01HJET3K7W1T4A5C47H3RSPBSQ',
    userId: 'c2ea7768-6df8-4dd0-b08c-e23ece7f807b',
    currency: 'SAR',
    amount: 100,
    vat: 0,
    oldBalance: 200,
    newBalance: 100
  }
}

2023-12-24T21:01:16.275Z 2023-12-24T21:01:16.275Z	99d10c7e-5d73-504a-842e-527cc328a28b	INFO	SubscriptionBalanceUpdated event published

2023-12-24T21:01:16.291Z END RequestId: 99d10c7e-5d73-504a-842e-527cc328a28b

2023-12-24T21:01:16.291Z REPORT RequestId: 99d10c7e-5d73-504a-842e-527cc328a28b	Duration: 88.66 ms	Billed Duration: 89 ms	Memory Size: 1024 MB	Max Memory Used: 132 MB	
XRAY TraceId: 1-65889c1c-5ee76a7a9e7bf009e129d68f	SegmentId: 0057ec621b93ff9c	Sampled: true	

2023-12-24T21:01:16.437Z START RequestId: 4d0fd2ad-93bd-5ad9-b6e7-8caf0de14818 Version: $LATEST

2023-12-24T21:01:16.456Z 2023-12-24T21:01:16.456Z	4d0fd2ad-93bd-5ad9-b6e7-8caf0de14818	INFO	Processing message d0aa1928-1a68-434e-b225-e242c5f411ca

2023-12-24T21:01:16.461Z 2023-12-24T21:01:16.461Z	4d0fd2ad-93bd-5ad9-b6e7-8caf0de14818	INFO	Start syncing the balance {
  transaction: {
    id: '01HJET3KDFD9HMQF1NAJZV9SVW',
    userId: '1512d48d-0511-43c6-9c32-cca80736120d',
    currency: 'BHD',
    amount: 8,
    vat: 0,
    oldBalance: 26,
    newBalance: 18
  }
}

2023-12-24T21:01:16.502Z 2023-12-24T21:01:16.502Z	4d0fd2ad-93bd-5ad9-b6e7-8caf0de14818	INFO	SubscriptionBalanceUpdated event published

2023-12-24T21:01:16.518Z END RequestId: 4d0fd2ad-93bd-5ad9-b6e7-8caf0de14818

2023-12-24T21:01:16.518Z REPORT RequestId: 4d0fd2ad-93bd-5ad9-b6e7-8caf0de14818	Duration: 81.37 ms	Billed Duration: 82 ms	Memory Size: 1024 MB	Max Memory Used: 132 MB	

2023-12-24T21:01:16.525Z START RequestId: 452173aa-46a2-5a4d-9516-2da8d8fec88c Version: $LATEST

2023-12-24T21:01:16.540Z 2023-12-24T21:01:16.540Z	452173aa-46a2-5a4d-9516-2da8d8fec88c	INFO	Processing message f193557a-bf4f-43f7-a620-0c944be59bd9

2023-12-24T21:01:16.546Z 2023-12-24T21:01:16.546Z	452173aa-46a2-5a4d-9516-2da8d8fec88c	INFO	Start syncing the balance {
  transaction: {
    id: '01HJET3KG0PQ05CXKME69V2KDR',
    userId: 'a09d7e6f-cd6a-4e47-8fd6-6b9a7dd03d4d',
    currency: 'BHD',
    amount: 9,
    vat: 0,
    oldBalance: 213.5,
    newBalance: 204.5
  }
}

2023-12-24T21:01:16.583Z 2023-12-24T21:01:16.583Z	452173aa-46a2-5a4d-9516-2da8d8fec88c	INFO	SubscriptionBalanceUpdated event published

2023-12-24T21:01:16.599Z END RequestId: 452173aa-46a2-5a4d-9516-2da8d8fec88c

2023-12-24T21:01:16.599Z REPORT RequestId: 452173aa-46a2-5a4d-9516-2da8d8fec88c	Duration: 73.31 ms	Billed Duration: 74 ms	Memory Size: 1024 MB	Max Memory Used: 132 MB	

2023-12-24T21:01:16.730Z START RequestId: 165c12b4-b014-5736-9185-4cb62e4895f7 Version: $LATEST

2023-12-24T21:01:16.755Z 2023-12-24T21:01:16.755Z	165c12b4-b014-5736-9185-4cb62e4895f7	INFO	Processing message 486c9235-0d9c-41be-b459-3e9eb948883e

2023-12-24T21:01:16.761Z 2023-12-24T21:01:16.761Z	165c12b4-b014-5736-9185-4cb62e4895f7	INFO	Start syncing the balance {
  transaction: {
    id: '01HJET3KCCCWKEQM3YBKXKKXRB',
    userId: 'f1a91257-52d5-4b76-b2ce-a28ed5f2e5c7',
    currency: 'BHD',
    amount: 9,
    vat: 0,
    oldBalance: 27,
    newBalance: 18
  }
}

2023-12-24T21:01:16.800Z 2023-12-24T21:01:16.800Z	165c12b4-b014-5736-9185-4cb62e4895f7	INFO	SubscriptionBalanceUpdated event published

2023-12-24T21:01:16.813Z 2023-12-24T21:01:16.813Z	165c12b4-b014-5736-9185-4cb62e4895f7	INFO	Processing message d6d35a46-3c11-45f0-84c7-8ce601894b1c

2023-12-24T21:01:16.818Z 2023-12-24T21:01:16.818Z	165c12b4-b014-5736-9185-4cb62e4895f7	INFO	Start syncing the balance {
  transaction: {
    id: '01HJET3KJ9SGH08DT2XD5AVZ8E',
    userId: '460733e0-3f51-4cb4-b870-9f1a50ffd1a9',
    currency: 'BHD',
    amount: 9,
    vat: 0,
    oldBalance: 377.364,
    newBalance: 368.364
  }
}

2023-12-24T21:01:16.897Z 2023-12-24T21:01:16.897Z	165c12b4-b014-5736-9185-4cb62e4895f7	INFO	SubscriptionBalanceUpdated event published

2023-12-24T21:01:16.911Z END RequestId: 165c12b4-b014-5736-9185-4cb62e4895f7

2023-12-24T21:01:16.911Z REPORT RequestId: 165c12b4-b014-5736-9185-4cb62e4895f7	Duration: 181.40 ms	Billed Duration: 182 ms	Memory Size: 1024 MB	Max Memory Used: 132 MB	

2023-12-24T21:01:16.994Z START RequestId: f082b2f2-1a3a-5278-bc5c-ecf0846650b9 Version: $LATEST

2023-12-24T21:01:17.021Z 2023-12-24T21:01:17.021Z	f082b2f2-1a3a-5278-bc5c-ecf0846650b9	INFO	Processing message 69d1c1c5-1bb0-4bf7-bebd-cdc53f5a2e8e

2023-12-24T21:01:17.027Z 2023-12-24T21:01:17.027Z	f082b2f2-1a3a-5278-bc5c-ecf0846650b9	INFO	Start syncing the balance {
  transaction: {
    id: '01HJET3KZCX4R7GH15JWFEYM2D',
    userId: 'd9e8cfc2-2de6-4ea9-976c-f7fcd4e44b13',
    currency: 'SAR',
    amount: 90,
    vat: 0,
    oldBalance: 2640,
    newBalance: 2550
  }
}

2023-12-24T21:01:17.065Z 2023-12-24T21:01:17.065Z	f082b2f2-1a3a-5278-bc5c-ecf0846650b9	INFO	SubscriptionBalanceUpdated event published

2023-12-24T21:01:17.079Z 2023-12-24T21:01:17.079Z	f082b2f2-1a3a-5278-bc5c-ecf0846650b9	INFO	Processing message 6602265c-f052-4e7d-989d-a9afef599038

2023-12-24T21:01:17.085Z 2023-12-24T21:01:17.085Z	f082b2f2-1a3a-5278-bc5c-ecf0846650b9	INFO	Start syncing the balance {
  transaction: {
    id: '01HJET3KZHMFFT0855P5PWCPQ5',
    userId: 'a1fcde9e-ddb4-4dcc-8b45-1f150a0948cd',
    currency: 'BHD',
    amount: 9,
    vat: 0,
    oldBalance: 300,
    newBalance: 291
  }
}

2023-12-24T21:01:17.128Z 2023-12-24T21:01:17.128Z	f082b2f2-1a3a-5278-bc5c-ecf0846650b9	INFO	SubscriptionBalanceUpdated event published

2023-12-24T21:01:17.153Z END RequestId: f082b2f2-1a3a-5278-bc5c-ecf0846650b9

2023-12-24T21:01:17.153Z REPORT RequestId: f082b2f2-1a3a-5278-bc5c-ecf0846650b9	Duration: 158.94 ms	Billed Duration: 159 ms	Memory Size: 1024 MB	Max Memory Used: 132 MB	

2023-12-24T21:01:22.483Z START RequestId: dcc8ce93-99d5-50ce-af26-909107b7b6a2 Version: $LATEST

2023-12-24T21:01:22.512Z 2023-12-24T21:01:22.512Z	dcc8ce93-99d5-50ce-af26-909107b7b6a2	INFO	Processing message 59030241-33a5-42c4-acde-ed2c7291de1e

2023-12-24T21:01:22.517Z 2023-12-24T21:01:22.517Z	dcc8ce93-99d5-50ce-af26-909107b7b6a2	INFO	Start syncing the balance {
  transaction: {
    id: '01HJET3S3YFBWGP65J372J7GAH',
    userId: '1f977617-30ad-4677-a0ac-0e8d12ba54d0',
    currency: 'BHD',
    amount: 9,
    vat: 0,
    oldBalance: 234,
    newBalance: 225
  }
}

2023-12-24T21:01:22.570Z 2023-12-24T21:01:22.570Z	dcc8ce93-99d5-50ce-af26-909107b7b6a2	INFO	SubscriptionBalanceUpdated event published

2023-12-24T21:01:22.584Z END RequestId: dcc8ce93-99d5-50ce-af26-909107b7b6a2

2023-12-24T21:01:22.584Z REPORT RequestId: dcc8ce93-99d5-50ce-af26-909107b7b6a2	Duration: 100.54 ms	Billed Duration: 101 ms	Memory Size: 1024 MB	Max Memory Used: 132 MB	

2023-12-24T21:01:22.793Z START RequestId: 781d8b85-1281-5dc9-aa31-d5878ce3af08 Version: $LATEST

2023-12-24T21:01:22.818Z 2023-12-24T21:01:22.818Z	781d8b85-1281-5dc9-aa31-d5878ce3af08	INFO	Processing message 1fad3222-35be-4c45-9c8e-096decde3161

2023-12-24T21:01:22.823Z 2023-12-24T21:01:22.823Z	781d8b85-1281-5dc9-aa31-d5878ce3af08	INFO	Start syncing the balance {
  transaction: {
    id: '01HJET3SBT1S17WY5PAZBNJ1Z8',
    userId: '94e55883-fe72-4243-b801-72206e4cef0a',
    currency: 'SAR',
    amount: 90,
    vat: 0,
    oldBalance: 720,
    newBalance: 630
  }
}

2023-12-24T21:01:22.866Z 2023-12-24T21:01:22.866Z	781d8b85-1281-5dc9-aa31-d5878ce3af08	INFO	SubscriptionBalanceUpdated event published

2023-12-24T21:01:22.879Z 2023-12-24T21:01:22.879Z	781d8b85-1281-5dc9-aa31-d5878ce3af08	ERROR	Subscription balance and payment balance are not in sync {
  userId: '94e55883-fe72-4243-b801-72206e4cef0a',
  subscriptionBalance: 720,
  paymentBalance: 2430
}

2023-12-24T21:01:22.896Z 2023-12-24T21:01:22.896Z	781d8b85-1281-5dc9-aa31-d5878ce3af08	INFO	Processing message 70ae95b5-2f9b-409b-8bd4-337d917939ef

2023-12-24T21:01:22.902Z 2023-12-24T21:01:22.902Z	781d8b85-1281-5dc9-aa31-d5878ce3af08	INFO	Start syncing the balance {
  transaction: {
    id: '01HJET3SKF4KAYYYQEBG7GSJH3',
    userId: '6e44450d-f3af-4661-ab1a-4f857ee3040f',
    currency: 'BHD',
    amount: 8,
    vat: 0,
    oldBalance: 102.49,
    newBalance: 94.49
  }
}

2023-12-24T21:01:22.955Z 2023-12-24T21:01:22.955Z	781d8b85-1281-5dc9-aa31-d5878ce3af08	INFO	SubscriptionBalanceUpdated event published

2023-12-24T21:01:22.968Z 2023-12-24T21:01:22.968Z	781d8b85-1281-5dc9-aa31-d5878ce3af08	INFO	Processing message 7ac318e2-4bc6-4816-be46-66779deceb41

2023-12-24T21:01:22.974Z 2023-12-24T21:01:22.974Z	781d8b85-1281-5dc9-aa31-d5878ce3af08	INFO	Start syncing the balance {
  transaction: {
    id: '01HJET3SKY65E9VY7MRKXM2X4K',
    userId: 'efa6426b-5dc2-42b8-ac5d-e40d81dda0a1',
    currency: 'BHD',
    amount: 9,
    vat: 0,
    oldBalance: 202,
    newBalance: 193
  }
}

2023-12-24T21:01:23.011Z 2023-12-24T21:01:23.011Z	781d8b85-1281-5dc9-aa31-d5878ce3af08	INFO	SubscriptionBalanceUpdated event published

2023-12-24T21:01:23.028Z END RequestId: 781d8b85-1281-5dc9-aa31-d5878ce3af08

2023-12-24T21:01:23.028Z REPORT RequestId: 781d8b85-1281-5dc9-aa31-d5878ce3af08	Duration: 235.43 ms	Billed Duration: 236 ms	Memory Size: 1024 MB	Max Memory Used: 132 MB	

2023-12-24T21:01:24.240Z START RequestId: 4203c1af-87c3-5b74-a496-9fad19a01d18 Version: $LATEST

2023-12-24T21:01:24.279Z 2023-12-24T21:01:24.279Z	4203c1af-87c3-5b74-a496-9fad19a01d18	INFO	Processing message 819d0001-7a61-47e8-acbe-045b842e6842

2023-12-24T21:01:24.284Z 2023-12-24T21:01:24.284Z	4203c1af-87c3-5b74-a496-9fad19a01d18	INFO	Start syncing the balance {
  transaction: {
    id: '01HJET3V31HJH1DXDHC34DR6Z7',
    userId: '34d90c4b-3fc8-43e7-b9ae-e41cf4ba2127',
    currency: 'SAR',
    amount: 90,
    vat: 0,
    oldBalance: 2160,
    newBalance: 2070
  }
}

2023-12-24T21:01:24.326Z 2023-12-24T21:01:24.326Z	4203c1af-87c3-5b74-a496-9fad19a01d18	INFO	SubscriptionBalanceUpdated event published

2023-12-24T21:01:24.343Z END RequestId: 4203c1af-87c3-5b74-a496-9fad19a01d18

2023-12-24T21:01:24.343Z REPORT RequestId: 4203c1af-87c3-5b74-a496-9fad19a01d18	Duration: 103.66 ms	Billed Duration: 104 ms	Memory Size: 1024 MB	Max Memory Used: 132 MB	

2023-12-24T21:01:24.475Z START RequestId: afec5782-1557-5277-b64e-09808b33d0b6 Version: $LATEST

2023-12-24T21:01:24.500Z 2023-12-24T21:01:24.500Z	afec5782-1557-5277-b64e-09808b33d0b6	INFO	Processing message 135bab3d-5b9e-4fe1-a6e0-cefc1b3b7bc8

2023-12-24T21:01:24.506Z 2023-12-24T21:01:24.506Z	afec5782-1557-5277-b64e-09808b33d0b6	INFO	Start syncing the balance {
  transaction: {
    id: '01HJET3VC7TNZJPANZ9M1AC7SA',
    userId: 'e635a3ea-fc8b-46c4-b091-5480637486ad',
    currency: 'BHD',
    amount: 18.6,
    vat: 0,
    oldBalance: 1979.2645,
    newBalance: 1960.665
  }
}

2023-12-24T21:01:24.546Z 2023-12-24T21:01:24.546Z	afec5782-1557-5277-b64e-09808b33d0b6	INFO	SubscriptionBalanceUpdated event published

2023-12-24T21:01:24.561Z END RequestId: afec5782-1557-5277-b64e-09808b33d0b6

2023-12-24T21:01:24.561Z REPORT RequestId: afec5782-1557-5277-b64e-09808b33d0b6	Duration: 86.81 ms	Billed Duration: 87 ms	Memory Size: 1024 MB	Max Memory Used: 132 MB	

2023-12-24T21:01:25.584Z START RequestId: d5101668-206a-50f3-bb36-486abe0fffc7 Version: $LATEST

2023-12-24T21:01:25.608Z 2023-12-24T21:01:25.608Z	d5101668-206a-50f3-bb36-486abe0fffc7	INFO	Processing message d0a51885-77dc-4015-aa66-4f2c6cc892f0

2023-12-24T21:01:25.619Z 2023-12-24T21:01:25.619Z	d5101668-206a-50f3-bb36-486abe0fffc7	INFO	Start syncing the balance {
  transaction: {
    id: '01HJET3W9J4FN90K0KX54S11GP',
    userId: 'cc209dc1-65cd-413e-8deb-9a8e37b333ad',
    currency: 'SAR',
    amount: 90,
    vat: 0,
    oldBalance: 2640,
    newBalance: 2550
  }
}

2023-12-24T21:01:25.654Z 2023-12-24T21:01:25.654Z	d5101668-206a-50f3-bb36-486abe0fffc7	INFO	SubscriptionBalanceUpdated event published

2023-12-24T21:01:25.672Z END RequestId: d5101668-206a-50f3-bb36-486abe0fffc7

2023-12-24T21:01:25.672Z REPORT RequestId: d5101668-206a-50f3-bb36-486abe0fffc7	Duration: 87.65 ms	Billed Duration: 88 ms	Memory Size: 1024 MB	Max Memory Used: 132 MB	

2023-12-24T21:01:25.742Z START RequestId: c493f4ad-6227-5226-a9fc-aaaffc422d12 Version: $LATEST

2023-12-24T21:01:25.766Z 2023-12-24T21:01:25.766Z	c493f4ad-6227-5226-a9fc-aaaffc422d12	INFO	Processing message 5c1faf75-db45-4ba6-a3c3-55b86fdebfe6

2023-12-24T21:01:25.771Z 2023-12-24T21:01:25.771Z	c493f4ad-6227-5226-a9fc-aaaffc422d12	INFO	Start syncing the balance {
  transaction: {
    id: '01HJET3WHYQQRRZQ2KA1EVKK2M',
    userId: '4e1fe147-a223-49c1-a72e-d299f2c60dd2',
    currency: 'BHD',
    amount: 9,
    vat: 0,
    oldBalance: 244.25,
    newBalance: 235.25
  }
}

2023-12-24T21:01:25.807Z 2023-12-24T21:01:25.807Z	c493f4ad-6227-5226-a9fc-aaaffc422d12	INFO	SubscriptionBalanceUpdated event published

2023-12-24T21:01:25.824Z END RequestId: c493f4ad-6227-5226-a9fc-aaaffc422d12

2023-12-24T21:01:25.824Z REPORT RequestId: c493f4ad-6227-5226-a9fc-aaaffc422d12	Duration: 81.94 ms	Billed Duration: 82 ms	Memory Size: 1024 MB	Max Memory Used: 132 MB	

2023-12-24T21:01:27.486Z START RequestId: d2cf791d-b5da-5278-b04c-271f2bbf0414 Version: $LATEST

2023-12-24T21:01:27.514Z 2023-12-24T21:01:27.514Z	d2cf791d-b5da-5278-b04c-271f2bbf0414	INFO	Processing message 0181b8f1-0542-47f5-8583-08596639e9e8

2023-12-24T21:01:27.521Z 2023-12-24T21:01:27.521Z	d2cf791d-b5da-5278-b04c-271f2bbf0414	INFO	Start syncing the balance {
  transaction: {
    id: '01HJET3Y2SV4RKB0M14JXNJRND',
    userId: 'e3a4d046-0a40-4076-a7fb-429d35771d81',
    currency: 'BHD',
    amount: 8,
    vat: 0,
    oldBalance: 89.636,
    newBalance: 81.636
  }
}

2023-12-24T21:01:27.559Z 2023-12-24T21:01:27.559Z	d2cf791d-b5da-5278-b04c-271f2bbf0414	INFO	SubscriptionBalanceUpdated event published

2023-12-24T21:01:27.577Z END RequestId: d2cf791d-b5da-5278-b04c-271f2bbf0414

2023-12-24T21:01:27.577Z REPORT RequestId: d2cf791d-b5da-5278-b04c-271f2bbf0414	Duration: 91.20 ms	Billed Duration: 92 ms	Memory Size: 1024 MB	Max Memory Used: 132 MB	

2023-12-24T21:01:27.586Z START RequestId: 22a91571-c653-5e79-acf8-4b735834d815 Version: $LATEST

2023-12-24T21:01:27.609Z 2023-12-24T21:01:27.609Z	22a91571-c653-5e79-acf8-4b735834d815	INFO	Processing message 22b1f71c-7e85-4cff-96a3-862b39b5d712

2023-12-24T21:01:27.614Z 2023-12-24T21:01:27.614Z	22a91571-c653-5e79-acf8-4b735834d815	INFO	Start syncing the balance {
  transaction: {
    id: '01HJET3Y5RZN5WRD69PPBKWVDM',
    userId: '53a97579-16a4-47ef-83ec-c7b209e65c4e',
    currency: 'BHD',
    amount: 9,
    vat: 0,
    oldBalance: 234,
    newBalance: 225
  }
}

2023-12-24T21:01:27.661Z 2023-12-24T21:01:27.661Z	22a91571-c653-5e79-acf8-4b735834d815	INFO	SubscriptionBalanceUpdated event published

2023-12-24T21:01:27.676Z END RequestId: 22a91571-c653-5e79-acf8-4b735834d815

2023-12-24T21:01:27.676Z REPORT RequestId: 22a91571-c653-5e79-acf8-4b735834d815	Duration: 90.31 ms	Billed Duration: 91 ms	Memory Size: 1024 MB	Max Memory Used: 132 MB	

2023-12-24T21:01:30.248Z START RequestId: 1ec98014-bd92-5cab-ab14-de1623fbbac7 Version: $LATEST

2023-12-24T21:01:30.277Z 2023-12-24T21:01:30.277Z	1ec98014-bd92-5cab-ab14-de1623fbbac7	INFO	Processing message d3365454-d7b8-4b5b-a8bc-33cfbe721e2d

2023-12-24T21:01:30.283Z 2023-12-24T21:01:30.283Z	1ec98014-bd92-5cab-ab14-de1623fbbac7	INFO	Start syncing the balance {
  transaction: {
    id: '01HJET410WS63GRAME37ZT8CQ1',
    userId: 'dad65afc-5053-4bfb-bab4-c4238e52842d',
    currency: 'BHD',
    amount: 9,
    vat: 0,
    oldBalance: 282,
    newBalance: 273
  }
}

2023-12-24T21:01:30.324Z 2023-12-24T21:01:30.324Z	1ec98014-bd92-5cab-ab14-de1623fbbac7	INFO	SubscriptionBalanceUpdated event published

2023-12-24T21:01:30.339Z END RequestId: 1ec98014-bd92-5cab-ab14-de1623fbbac7

2023-12-24T21:01:30.339Z REPORT RequestId: 1ec98014-bd92-5cab-ab14-de1623fbbac7	Duration: 90.97 ms	Billed Duration: 91 ms	Memory Size: 1024 MB	Max Memory Used: 132 MB	

2023-12-24T21:01:30.359Z START RequestId: 8f43afcb-c244-5b74-b244-f1c95c2ebd18 Version: $LATEST

2023-12-24T21:01:30.389Z 2023-12-24T21:01:30.389Z	8f43afcb-c244-5b74-b244-f1c95c2ebd18	INFO	Processing message bd3bf9f4-bc0a-4197-a2c9-56f19f8ad0f4

2023-12-24T21:01:30.395Z 2023-12-24T21:01:30.395Z	8f43afcb-c244-5b74-b244-f1c95c2ebd18	INFO	Start syncing the balance {
  transaction: {
    id: '01HJET40SBWPYVRSHR144ME5XV',
    userId: 'e43c3e20-d78b-4fdc-b46a-9d72e46f393a',
    currency: 'BHD',
    amount: 4,
    vat: 0,
    oldBalance: 1975.2,
    newBalance: 1971.2
  }
}

2023-12-24T21:01:30.429Z 2023-12-24T21:01:30.429Z	8f43afcb-c244-5b74-b244-f1c95c2ebd18	INFO	SubscriptionBalanceUpdated event published

2023-12-24T21:01:30.442Z END RequestId: 8f43afcb-c244-5b74-b244-f1c95c2ebd18

2023-12-24T21:01:30.442Z REPORT RequestId: 8f43afcb-c244-5b74-b244-f1c95c2ebd18	Duration: 82.78 ms	Billed Duration: 83 ms	Memory Size: 1024 MB	Max Memory Used: 132 MB	

2023-12-24T21:01:30.455Z START RequestId: 21c552bc-827c-59a7-bcd4-0cbe1c163d5a Version: $LATEST

2023-12-24T21:01:30.482Z 2023-12-24T21:01:30.482Z	21c552bc-827c-59a7-bcd4-0cbe1c163d5a	INFO	Processing message 27fc7a48-d58b-42b8-b0fd-5e3533b1efb3

2023-12-24T21:01:30.487Z 2023-12-24T21:01:30.487Z	21c552bc-827c-59a7-bcd4-0cbe1c163d5a	INFO	Start syncing the balance {
  transaction: {
    id: '01HJET40ZXCWCCQ44VTHMAM98G',
    userId: '15469d49-7d54-4ea1-833c-708f679471d4',
    currency: 'BHD',
    amount: 8,
    vat: 0,
    oldBalance: 286,
    newBalance: 278
  }
}

2023-12-24T21:01:30.525Z 2023-12-24T21:01:30.525Z	21c552bc-827c-59a7-bcd4-0cbe1c163d5a	INFO	SubscriptionBalanceUpdated event published

2023-12-24T21:01:30.540Z END RequestId: 21c552bc-827c-59a7-bcd4-0cbe1c163d5a

2023-12-24T21:01:30.540Z REPORT RequestId: 21c552bc-827c-59a7-bcd4-0cbe1c163d5a	Duration: 84.54 ms	Billed Duration: 85 ms	Memory Size: 1024 MB	Max Memory Used: 132 MB	

2023-12-24T21:01:30.692Z START RequestId: cffbba25-82ae-5612-9417-e4271cc4c2ef Version: $LATEST

2023-12-24T21:01:30.718Z 2023-12-24T21:01:30.718Z	cffbba25-82ae-5612-9417-e4271cc4c2ef	INFO	Processing message 50a66194-cdf1-4237-af9e-d76d0f553776

2023-12-24T21:01:30.725Z 2023-12-24T21:01:30.725Z	cffbba25-82ae-5612-9417-e4271cc4c2ef	INFO	Start syncing the balance {
  transaction: {
    id: '01HJET40W3H6YAWN7JYXEJ1DNR',
    userId: '46176cfe-75b8-4dc3-aeba-64e9649f2840',
    currency: 'SAR',
    amount: 90,
    vat: 0,
    oldBalance: 1080,
    newBalance: 990
  }
}

2023-12-24T21:01:30.762Z 2023-12-24T21:01:30.762Z	cffbba25-82ae-5612-9417-e4271cc4c2ef	INFO	SubscriptionBalanceUpdated event published

2023-12-24T21:01:30.779Z END RequestId: cffbba25-82ae-5612-9417-e4271cc4c2ef

2023-12-24T21:01:30.779Z REPORT RequestId: cffbba25-82ae-5612-9417-e4271cc4c2ef	Duration: 86.95 ms	Billed Duration: 87 ms	Memory Size: 1024 MB	Max Memory Used: 132 MB	

2023-12-24T21:01:01.909Z INIT_START Runtime Version: nodejs:14.v42	Runtime Version ARN: arn:aws:lambda:us-east-1::runtime:4cb686be08f980f530c1cbdeae970951c08b712057b80e8698cf4641214607d6

2023-12-24T21:01:02.831Z START RequestId: 72dcaf36-d8e9-5db5-be3e-f13446ac6f74 Version: $LATEST

2023-12-24T21:01:02.950Z 2023-12-24T21:01:02.950Z	72dcaf36-d8e9-5db5-be3e-f13446ac6f74	INFO	Processing message 74d47630-be18-4742-a5a4-2b96ee85bb2a

2023-12-24T21:01:02.996Z 2023-12-24T21:01:02.996Z	72dcaf36-d8e9-5db5-be3e-f13446ac6f74	INFO	Start syncing the balance {
  transaction: {
    id: '01HJET33DE1584YP7HCSJ7E8E9',
    userId: '2669d640-a5cb-4d0d-a4b3-e95de0b3f4ad',
    currency: 'BHD',
    amount: 9,
    vat: 0,
    oldBalance: 282,
    newBalance: 273
  }
}

2023-12-24T21:01:03.088Z 2023-12-24T21:01:03.088Z	72dcaf36-d8e9-5db5-be3e-f13446ac6f74	INFO	SubscriptionBalanceUpdated event published

2023-12-24T21:01:03.149Z END RequestId: 72dcaf36-d8e9-5db5-be3e-f13446ac6f74

2023-12-24T21:01:03.149Z REPORT RequestId: 72dcaf36-d8e9-5db5-be3e-f13446ac6f74	Duration: 318.89 ms	Billed Duration: 319 ms	Memory Size: 1024 MB	Max Memory Used: 115 MB	Init Duration: 920.68 ms	

2023-12-24T21:01:03.206Z START RequestId: d68d9793-d840-5c99-bfe3-c991460f5864 Version: $LATEST

2023-12-24T21:01:03.235Z 2023-12-24T21:01:03.235Z	d68d9793-d840-5c99-bfe3-c991460f5864	INFO	Processing message 45f4cb97-68a8-4d52-8b64-60ffdb9f8613

2023-12-24T21:01:03.242Z 2023-12-24T21:01:03.242Z	d68d9793-d840-5c99-bfe3-c991460f5864	INFO	Start syncing the balance {
  transaction: {
    id: '01HJET34JFZCFKW8HX6Y8T2DMZ',
    userId: 'f6749e52-c04c-4955-b695-94e3fc02488a',
    currency: 'SAR',
    amount: 90,
    vat: 0,
    oldBalance: 270,
    newBalance: 180
  }
}

2023-12-24T21:01:03.281Z 2023-12-24T21:01:03.281Z	d68d9793-d840-5c99-bfe3-c991460f5864	INFO	SubscriptionBalanceUpdated event published

2023-12-24T21:01:03.295Z 2023-12-24T21:01:03.295Z	d68d9793-d840-5c99-bfe3-c991460f5864	INFO	Processing message e0f5984c-63dd-4038-ad96-dff904639a3e

2023-12-24T21:01:03.303Z 2023-12-24T21:01:03.303Z	d68d9793-d840-5c99-bfe3-c991460f5864	INFO	Start syncing the balance {
  transaction: {
    id: '01HJET34M4V7PJEERJBXQBPJ6S',
    userId: '918122aa-3a94-4a48-8a42-ebf049fa6fb9',
    currency: 'BHD',
    amount: 8,
    vat: 0,
    oldBalance: 141,
    newBalance: 133
  }
}

2023-12-24T21:01:03.343Z 2023-12-24T21:01:03.343Z	d68d9793-d840-5c99-bfe3-c991460f5864	INFO	SubscriptionBalanceUpdated event published

2023-12-24T21:01:03.358Z 2023-12-24T21:01:03.358Z	d68d9793-d840-5c99-bfe3-c991460f5864	ERROR	Subscription balance and payment balance are not in sync {
  userId: '918122aa-3a94-4a48-8a42-ebf049fa6fb9',
  subscriptionBalance: 141,
  paymentBalance: 445
}

2023-12-24T21:01:03.389Z 2023-12-24T21:01:03.389Z	d68d9793-d840-5c99-bfe3-c991460f5864	INFO	Processing message 88e29e3a-b3a3-4446-a6ce-118b8403d710

2023-12-24T21:01:03.396Z 2023-12-24T21:01:03.396Z	d68d9793-d840-5c99-bfe3-c991460f5864	INFO	Start syncing the balance {
  transaction: {
    id: '01HJET357J5DD8P65C7YQMRSHN',
    userId: '1b7eebb3-02fc-4cd8-aabe-8d1db4d14c4e',
    currency: 'KWD',
    amount: 7.5,
    vat: 0,
    oldBalance: 7.5,
    newBalance: 0
  }
}

2023-12-24T21:01:03.437Z 2023-12-24T21:01:03.437Z	d68d9793-d840-5c99-bfe3-c991460f5864	INFO	SubscriptionBalanceUpdated event published

2023-12-24T21:01:03.450Z 2023-12-24T21:01:03.450Z	d68d9793-d840-5c99-bfe3-c991460f5864	INFO	Processing message 1671ab73-8968-49a6-98a3-7bfbd03d5b18

2023-12-24T21:01:03.456Z 2023-12-24T21:01:03.456Z	d68d9793-d840-5c99-bfe3-c991460f5864	INFO	Start syncing the balance {
  transaction: {
    id: '01HJET33H4VY6EQ3E4RBZFWPXH',
    userId: 'b11a22a9-3283-4c2a-8530-5f685c1035b4',
    currency: 'BHD',
    amount: 9,
    vat: 0,
    oldBalance: 400,
    newBalance: 391
  }
}

2023-12-24T21:01:03.498Z 2023-12-24T21:01:03.498Z	d68d9793-d840-5c99-bfe3-c991460f5864	INFO	SubscriptionBalanceUpdated event published

2023-12-24T21:01:03.512Z 2023-12-24T21:01:03.512Z	d68d9793-d840-5c99-bfe3-c991460f5864	INFO	Processing message 544dc525-e99c-47d2-92e7-d7657d4d9ae6

2023-12-24T21:01:03.518Z 2023-12-24T21:01:03.518Z	d68d9793-d840-5c99-bfe3-c991460f5864	INFO	Start syncing the balance {
  transaction: {
    id: '01HJET357MTK6Z7K1PFG6A7QKT',
    userId: 'aadf6b82-af9f-40ac-b332-80c3f60538ba',
    currency: 'BHD',
    amount: 8,
    vat: 0,
    oldBalance: 100,
    newBalance: 92
  }
}

2023-12-24T21:01:03.557Z 2023-12-24T21:01:03.557Z	d68d9793-d840-5c99-bfe3-c991460f5864	INFO	SubscriptionBalanceUpdated event published

2023-12-24T21:01:03.572Z 2023-12-24T21:01:03.572Z	d68d9793-d840-5c99-bfe3-c991460f5864	INFO	Processing message f199d3eb-7810-4e7c-a8d1-a3ad52736dc6

2023-12-24T21:01:03.578Z 2023-12-24T21:01:03.578Z	d68d9793-d840-5c99-bfe3-c991460f5864	INFO	Start syncing the balance {
  transaction: {
    id: '01HJET35B6NVWZX23TR44JQ9DE',
    userId: '5fd7a797-569b-483e-9e96-9361757e3749',
    currency: 'BHD',
    amount: 9,
    vat: 0,
    oldBalance: 282,
    newBalance: 273
  }
}

2023-12-24T21:01:03.615Z 2023-12-24T21:01:03.615Z	d68d9793-d840-5c99-bfe3-c991460f5864	INFO	SubscriptionBalanceUpdated event published

2023-12-24T21:01:03.630Z 2023-12-24T21:01:03.630Z	d68d9793-d840-5c99-bfe3-c991460f5864	INFO	Processing message 1274a2e3-ec73-4ab9-8f2e-bece6572a849

2023-12-24T21:01:03.635Z 2023-12-24T21:01:03.635Z	d68d9793-d840-5c99-bfe3-c991460f5864	INFO	Start syncing the balance {
  transaction: {
    id: '01HJET33TP32TW95FQR1YYS3ZS',
    userId: '4fc86d01-309d-4534-9db4-73bdd8aabf80',
    currency: 'SAR',
    amount: 90,
    vat: 0,
    oldBalance: 270,
    newBalance: 180
  }
}

2023-12-24T21:01:03.675Z 2023-12-24T21:01:03.675Z	d68d9793-d840-5c99-bfe3-c991460f5864	INFO	SubscriptionBalanceUpdated event published

2023-12-24T21:01:03.692Z 2023-12-24T21:01:03.692Z	d68d9793-d840-5c99-bfe3-c991460f5864	INFO	Processing message a14d192c-cb3a-4520-911a-b21cdaedabab

2023-12-24T21:01:03.699Z 2023-12-24T21:01:03.699Z	d68d9793-d840-5c99-bfe3-c991460f5864	INFO	Start syncing the balance {
  transaction: {
    id: '01HJET35AS95047WTPAGAK6TXB',
    userId: '4e84f0ec-7629-49dc-b110-27a6eb9b4d9c',
    currency: 'BHD',
    amount: 9,
    vat: 0,
    oldBalance: 282,
    newBalance: 273
  }
}

2023-12-24T21:01:03.739Z 2023-12-24T21:01:03.739Z	d68d9793-d840-5c99-bfe3-c991460f5864	INFO	SubscriptionBalanceUpdated event published

2023-12-24T21:01:03.754Z 2023-12-24T21:01:03.754Z	d68d9793-d840-5c99-bfe3-c991460f5864	INFO	Processing message 562f054b-0bb5-468e-be12-493868188897

2023-12-24T21:01:03.760Z 2023-12-24T21:01:03.760Z	d68d9793-d840-5c99-bfe3-c991460f5864	INFO	Start syncing the balance {
  transaction: {
    id: '01HJET34ZZ24BY68SS12G5N27D',
    userId: '2c2a8830-b2f7-4b3e-a180-7a5654eee40c',
    currency: 'SAR',
    amount: 90,
    vat: 0,
    oldBalance: 41006.39,
    newBalance: 40916.39
  }
}

2023-12-24T21:01:03.808Z 2023-12-24T21:01:03.808Z	d68d9793-d840-5c99-bfe3-c991460f5864	INFO	SubscriptionBalanceUpdated event published

2023-12-24T21:01:03.820Z 2023-12-24T21:01:03.820Z	d68d9793-d840-5c99-bfe3-c991460f5864	INFO	Processing message 60a9c7c1-096f-45af-8263-089a99807296

2023-12-24T21:01:03.829Z 2023-12-24T21:01:03.829Z	d68d9793-d840-5c99-bfe3-c991460f5864	INFO	Start syncing the balance {
  transaction: {
    id: '01HJET3518JR7DZ37S70WBGXBP',
    userId: 'cfee18c3-4c5c-43d6-8333-459ced998886',
    currency: 'SAR',
    amount: 100,
    vat: 0,
    oldBalance: 900,
    newBalance: 800
  }
}

2023-12-24T21:01:03.873Z 2023-12-24T21:01:03.873Z	d68d9793-d840-5c99-bfe3-c991460f5864	INFO	SubscriptionBalanceUpdated event published

2023-12-24T21:01:03.886Z END RequestId: d68d9793-d840-5c99-bfe3-c991460f5864

2023-12-24T21:01:03.886Z REPORT RequestId: d68d9793-d840-5c99-bfe3-c991460f5864	Duration: 679.67 ms	Billed Duration: 680 ms	Memory Size: 1024 MB	Max Memory Used: 120 MB	
XRAY TraceId: 1-65889c0f-f173353ec049a8ba8fc68b30	SegmentId: 3ea77db203ac44bd	Sampled: true	

2023-12-24T21:01:04.361Z START RequestId: 9a724a02-92fb-5101-97b2-14000cabf5fc Version: $LATEST

2023-12-24T21:01:04.394Z 2023-12-24T21:01:04.394Z	9a724a02-92fb-5101-97b2-14000cabf5fc	INFO	Processing message 2cb1ec72-74fa-4310-a226-4fff3b4be2b6

2023-12-24T21:01:04.400Z 2023-12-24T21:01:04.400Z	9a724a02-92fb-5101-97b2-14000cabf5fc	INFO	Start syncing the balance {
  transaction: {
    id: '01HJET36SFG4HR824EPAK8S2G4',
    userId: '8c1ac27b-4b34-4d12-b590-9279bbe32c5d',
    currency: 'BHD',
    amount: 4,
    vat: 0,
    oldBalance: 68.2,
    newBalance: 64.2
  }
}

2023-12-24T21:01:04.436Z 2023-12-24T21:01:04.436Z	9a724a02-92fb-5101-97b2-14000cabf5fc	INFO	SubscriptionBalanceUpdated event published

2023-12-24T21:01:04.452Z 2023-12-24T21:01:04.452Z	9a724a02-92fb-5101-97b2-14000cabf5fc	INFO	Processing message 2a523c47-3244-481f-9120-f23023a46ad1

2023-12-24T21:01:04.458Z 2023-12-24T21:01:04.458Z	9a724a02-92fb-5101-97b2-14000cabf5fc	INFO	Start syncing the balance {
  transaction: {
    id: '01HJET36SF7D1ZSKKZFZMK9C84',
    userId: 'e86bf810-ce46-40cb-b7d0-fbc8517fe1a1',
    currency: 'SAR',
    amount: 90,
    vat: 0,
    oldBalance: 1080,
    newBalance: 990
  }
}

2023-12-24T21:01:04.500Z 2023-12-24T21:01:04.500Z	9a724a02-92fb-5101-97b2-14000cabf5fc	INFO	SubscriptionBalanceUpdated event published

2023-12-24T21:01:04.517Z END RequestId: 9a724a02-92fb-5101-97b2-14000cabf5fc

2023-12-24T21:01:04.517Z REPORT RequestId: 9a724a02-92fb-5101-97b2-14000cabf5fc	Duration: 156.04 ms	Billed Duration: 157 ms	Memory Size: 1024 MB	Max Memory Used: 120 MB	

2023-12-24T21:01:04.699Z START RequestId: 44e1aed5-d9b5-5bc9-bb17-f0d747e53908 Version: $LATEST

2023-12-24T21:01:04.731Z 2023-12-24T21:01:04.731Z	44e1aed5-d9b5-5bc9-bb17-f0d747e53908	INFO	Processing message f26b00f1-67c6-47d5-a399-c2f598793e11

2023-12-24T21:01:04.737Z 2023-12-24T21:01:04.737Z	44e1aed5-d9b5-5bc9-bb17-f0d747e53908	INFO	Start syncing the balance {
  transaction: {
    id: '01HJET380YQN80FC6AAC47FAYT',
    userId: '709c6d90-afa7-4f96-add9-be439e085a89',
    currency: 'BHD',
    amount: 9,
    vat: 0,
    oldBalance: 184.5,
    newBalance: 175.5
  }
}

2023-12-24T21:01:04.777Z 2023-12-24T21:01:04.777Z	44e1aed5-d9b5-5bc9-bb17-f0d747e53908	INFO	SubscriptionBalanceUpdated event published

2023-12-24T21:01:04.792Z END RequestId: 44e1aed5-d9b5-5bc9-bb17-f0d747e53908

2023-12-24T21:01:04.792Z REPORT RequestId: 44e1aed5-d9b5-5bc9-bb17-f0d747e53908	Duration: 92.58 ms	Billed Duration: 93 ms	Memory Size: 1024 MB	Max Memory Used: 120 MB	

2023-12-24T21:01:04.924Z START RequestId: 6a4bc830-fa9a-5f90-bcac-963264cafb6d Version: $LATEST

2023-12-24T21:01:04.952Z 2023-12-24T21:01:04.952Z	6a4bc830-fa9a-5f90-bcac-963264cafb6d	INFO	Processing message fc86fd31-b241-4a82-ae34-bff8d6818a56

2023-12-24T21:01:04.957Z 2023-12-24T21:01:04.957Z	6a4bc830-fa9a-5f90-bcac-963264cafb6d	INFO	Start syncing the balance {
  transaction: {
    id: '01HJET380KWWZ0T5CM7J2GJSKZ',
    userId: 'b587e78b-1b26-40c4-9e84-eae1f97ca15e',
    currency: 'SAR',
    amount: 90,
    vat: 0,
    oldBalance: 1620,
    newBalance: 1530
  }
}

2023-12-24T21:01:04.992Z 2023-12-24T21:01:04.992Z	6a4bc830-fa9a-5f90-bcac-963264cafb6d	INFO	SubscriptionBalanceUpdated event published

2023-12-24T21:01:05.011Z END RequestId: 6a4bc830-fa9a-5f90-bcac-963264cafb6d

2023-12-24T21:01:05.011Z REPORT RequestId: 6a4bc830-fa9a-5f90-bcac-963264cafb6d	Duration: 86.93 ms	Billed Duration: 87 ms	Memory Size: 1024 MB	Max Memory Used: 121 MB	

2023-12-24T21:01:05.166Z START RequestId: 58744838-a418-5313-a126-163a3a49a7ee Version: $LATEST

2023-12-24T21:01:05.194Z 2023-12-24T21:01:05.194Z	58744838-a418-5313-a126-163a3a49a7ee	INFO	Processing message d9aa9346-1f1e-471b-958c-f7e0e8ef28f7

2023-12-24T21:01:05.200Z 2023-12-24T21:01:05.200Z	58744838-a418-5313-a126-163a3a49a7ee	INFO	Start syncing the balance {
  transaction: {
    id: '01HJET38GCRKE8W62XDYDZS1MW',
    userId: '620bd596-831b-41c9-a21e-9eff23eecca9',
    currency: 'BHD',
    amount: 8,
    vat: 0,
    oldBalance: 72,
    newBalance: 64
  }
}

2023-12-24T21:01:05.240Z 2023-12-24T21:01:05.240Z	58744838-a418-5313-a126-163a3a49a7ee	INFO	SubscriptionBalanceUpdated event published

2023-12-24T21:01:05.263Z END RequestId: 58744838-a418-5313-a126-163a3a49a7ee

2023-12-24T21:01:05.263Z REPORT RequestId: 58744838-a418-5313-a126-163a3a49a7ee	Duration: 97.95 ms	Billed Duration: 98 ms	Memory Size: 1024 MB	Max Memory Used: 122 MB	

2023-12-24T21:01:05.450Z START RequestId: b39c8f92-88c2-56dd-af3e-d190169370b1 Version: $LATEST

2023-12-24T21:01:05.479Z 2023-12-24T21:01:05.479Z	b39c8f92-88c2-56dd-af3e-d190169370b1	INFO	Processing message f14c10c3-1272-4298-a3aa-71dc894a7be2

2023-12-24T21:01:05.485Z 2023-12-24T21:01:05.485Z	b39c8f92-88c2-56dd-af3e-d190169370b1	INFO	Start syncing the balance {
  transaction: {
    id: '01HJET38QXC1CY3P1JKHG84F4T',
    userId: 'af4ac79b-a55e-4367-b86d-19818ff3e944',
    currency: 'BHD',
    amount: 6.5,
    vat: 0,
    oldBalance: 32.5,
    newBalance: 26
  }
}

2023-12-24T21:01:05.524Z 2023-12-24T21:01:05.524Z	b39c8f92-88c2-56dd-af3e-d190169370b1	INFO	SubscriptionBalanceUpdated event published

2023-12-24T21:01:05.539Z END RequestId: b39c8f92-88c2-56dd-af3e-d190169370b1

2023-12-24T21:01:05.539Z REPORT RequestId: b39c8f92-88c2-56dd-af3e-d190169370b1	Duration: 89.48 ms	Billed Duration: 90 ms	Memory Size: 1024 MB	Max Memory Used: 122 MB	

2023-12-24T21:01:06.173Z START RequestId: 2d7484f3-7bed-5722-a1f6-daf1e5bce5e3 Version: $LATEST

2023-12-24T21:01:06.190Z 2023-12-24T21:01:06.190Z	2d7484f3-7bed-5722-a1f6-daf1e5bce5e3	INFO	Processing message d3c1119c-cdb1-45ea-854e-a3c5d9693907

2023-12-24T21:01:06.196Z 2023-12-24T21:01:06.196Z	2d7484f3-7bed-5722-a1f6-daf1e5bce5e3	INFO	Start syncing the balance {
  transaction: {
    id: '01HJET398S8S2M1BM9M4N7ET3M',
    userId: '47d03621-dec7-4429-bee2-02be753fcdc4',
    currency: 'BHD',
    amount: 9,
    vat: 0,
    oldBalance: 282,
    newBalance: 273
  }
}

2023-12-24T21:01:06.237Z 2023-12-24T21:01:06.237Z	2d7484f3-7bed-5722-a1f6-daf1e5bce5e3	INFO	SubscriptionBalanceUpdated event published

2023-12-24T21:01:06.284Z END RequestId: 2d7484f3-7bed-5722-a1f6-daf1e5bce5e3

2023-12-24T21:01:06.284Z REPORT RequestId: 2d7484f3-7bed-5722-a1f6-daf1e5bce5e3	Duration: 111.36 ms	Billed Duration: 112 ms	Memory Size: 1024 MB	Max Memory Used: 122 MB	

2023-12-24T21:01:06.456Z START RequestId: 801e78f0-617f-5155-94f8-26f2ff2dd739 Version: $LATEST

2023-12-24T21:01:06.485Z 2023-12-24T21:01:06.485Z	801e78f0-617f-5155-94f8-26f2ff2dd739	INFO	Processing message e3fe52e8-6fd6-49ec-989c-8b1b8d046fdb

2023-12-24T21:01:06.490Z 2023-12-24T21:01:06.490Z	801e78f0-617f-5155-94f8-26f2ff2dd739	INFO	Start syncing the balance {
  transaction: {
    id: '01HJET39F6GNZTND9SHR0CT2ET',
    userId: '5bc3c6b5-3049-4d37-9f04-c36bcb6de4a2',
    currency: 'BHD',
    amount: 53,
    vat: 0,
    oldBalance: 80095.13636363637,
    newBalance: 80042.136
  }
}

2023-12-24T21:01:06.529Z 2023-12-24T21:01:06.529Z	801e78f0-617f-5155-94f8-26f2ff2dd739	INFO	SubscriptionBalanceUpdated event published

2023-12-24T21:01:06.541Z 2023-12-24T21:01:06.541Z	801e78f0-617f-5155-94f8-26f2ff2dd739	INFO	Processing message 131b287d-6779-4817-9bd4-c0dd971746e4

2023-12-24T21:01:06.547Z 2023-12-24T21:01:06.547Z	801e78f0-617f-5155-94f8-26f2ff2dd739	INFO	Start syncing the balance {
  transaction: {
    id: '01HJET39KZZ3G9TDBAS6Q149PS',
    userId: 'a6e2e5da-e8dc-4cba-832d-054fffd5da4d',
    currency: 'BHD',
    amount: 8,
    vat: 0,
    oldBalance: 82,
    newBalance: 74
  }
}

2023-12-24T21:01:06.584Z 2023-12-24T21:01:06.584Z	801e78f0-617f-5155-94f8-26f2ff2dd739	INFO	SubscriptionBalanceUpdated event published

2023-12-24T21:01:06.600Z 2023-12-24T21:01:06.600Z	801e78f0-617f-5155-94f8-26f2ff2dd739	INFO	Processing message b1ce4b00-6c8c-4059-9a1b-74d70e9d2ae1

2023-12-24T21:01:06.605Z 2023-12-24T21:01:06.605Z	801e78f0-617f-5155-94f8-26f2ff2dd739	INFO	Start syncing the balance {
  transaction: {
    id: '01HJET39S2SGK9JENTTENBMAT7',
    userId: 'a24c9e34-d8ed-4ab7-a077-efaa0c7ea383',
    currency: 'BHD',
    amount: 8,
    vat: 0,
    oldBalance: 88,
    newBalance: 80
  }
}

2023-12-24T21:01:06.643Z 2023-12-24T21:01:06.643Z	801e78f0-617f-5155-94f8-26f2ff2dd739	INFO	SubscriptionBalanceUpdated event published

2023-12-24T21:01:06.662Z END RequestId: 801e78f0-617f-5155-94f8-26f2ff2dd739

2023-12-24T21:01:06.662Z REPORT RequestId: 801e78f0-617f-5155-94f8-26f2ff2dd739	Duration: 205.76 ms	Billed Duration: 206 ms	Memory Size: 1024 MB	Max Memory Used: 122 MB	

2023-12-24T21:01:06.679Z START RequestId: 373692c6-63f0-5041-ad71-ccc4fda2e62d Version: $LATEST

2023-12-24T21:01:06.705Z 2023-12-24T21:01:06.705Z	373692c6-63f0-5041-ad71-ccc4fda2e62d	INFO	Processing message 1d05eab7-f029-4092-8d54-d469dba1747e

2023-12-24T21:01:06.711Z 2023-12-24T21:01:06.711Z	373692c6-63f0-5041-ad71-ccc4fda2e62d	INFO	Start syncing the balance {
  transaction: {
    id: '01HJET39XEBAHV4QBSPNC6DN5P',
    userId: '66a734f3-a86b-477a-929e-50e078195a91',
    currency: 'BHD',
    amount: 9,
    vat: 0,
    oldBalance: 273,
    newBalance: 264
  }
}

2023-12-24T21:01:06.752Z 2023-12-24T21:01:06.752Z	373692c6-63f0-5041-ad71-ccc4fda2e62d	INFO	SubscriptionBalanceUpdated event published

2023-12-24T21:01:06.764Z END RequestId: 373692c6-63f0-5041-ad71-ccc4fda2e62d

2023-12-24T21:01:06.764Z REPORT RequestId: 373692c6-63f0-5041-ad71-ccc4fda2e62d	Duration: 85.44 ms	Billed Duration: 86 ms	Memory Size: 1024 MB	Max Memory Used: 122 MB	

2023-12-24T21:01:06.914Z START RequestId: 2cbf1834-0d8c-5c6d-b62a-463693deeeac Version: $LATEST

2023-12-24T21:01:06.948Z 2023-12-24T21:01:06.948Z	2cbf1834-0d8c-5c6d-b62a-463693deeeac	INFO	Processing message ebb340a2-c73f-4187-ba16-b6c6ea7a91da

2023-12-24T21:01:06.954Z 2023-12-24T21:01:06.954Z	2cbf1834-0d8c-5c6d-b62a-463693deeeac	INFO	Start syncing the balance {
  transaction: {
    id: '01HJET3A6GAMVG7V4A8F2EG76E',
    userId: '9f4df114-f657-4b93-af46-af0c3922bdef',
    currency: 'BHD',
    amount: 9,
    vat: 0,
    oldBalance: 282,
    newBalance: 273
  }
}

2023-12-24T21:01:07.016Z 2023-12-24T21:01:07.016Z	2cbf1834-0d8c-5c6d-b62a-463693deeeac	INFO	SubscriptionBalanceUpdated event published

2023-12-24T21:01:07.030Z END RequestId: 2cbf1834-0d8c-5c6d-b62a-463693deeeac

2023-12-24T21:01:07.030Z REPORT RequestId: 2cbf1834-0d8c-5c6d-b62a-463693deeeac	Duration: 116.25 ms	Billed Duration: 117 ms	Memory Size: 1024 MB	Max Memory Used: 123 MB	

2023-12-24T21:01:07.670Z START RequestId: 06bf2ecd-5508-5022-acf5-70cfcb5a064e Version: $LATEST

2023-12-24T21:01:07.701Z 2023-12-24T21:01:07.701Z	06bf2ecd-5508-5022-acf5-70cfcb5a064e	INFO	Processing message 0e28554d-31dd-46a3-9907-b51439f0120c

2023-12-24T21:01:07.708Z 2023-12-24T21:01:07.708Z	06bf2ecd-5508-5022-acf5-70cfcb5a064e	INFO	Start syncing the balance {
  transaction: {
    id: '01HJET3APEF05F3TXYA1VK086A',
    userId: '2c77a724-b701-4868-b804-c96855a3e9d8',
    currency: 'BHD',
    amount: 8,
    vat: 0,
    oldBalance: 1697.3,
    newBalance: 1689.3
  }
}

2023-12-24T21:01:07.750Z 2023-12-24T21:01:07.750Z	06bf2ecd-5508-5022-acf5-70cfcb5a064e	INFO	SubscriptionBalanceUpdated event published

2023-12-24T21:01:07.940Z END RequestId: 06bf2ecd-5508-5022-acf5-70cfcb5a064e

2023-12-24T21:01:07.940Z REPORT RequestId: 06bf2ecd-5508-5022-acf5-70cfcb5a064e	Duration: 269.76 ms	Billed Duration: 270 ms	Memory Size: 1024 MB	Max Memory Used: 124 MB	
XRAY TraceId: 1-65889c13-93f3b6eff5fe2a7c34674e7f	SegmentId: 4452318969311750	Sampled: true	

2023-12-24T21:01:08.939Z START RequestId: 4a314bb6-fe07-5366-a72b-15b46054a50a Version: $LATEST

2023-12-24T21:01:08.968Z 2023-12-24T21:01:08.968Z	4a314bb6-fe07-5366-a72b-15b46054a50a	INFO	Processing message be9c5018-eaad-42ef-a196-1be7a7aa3f2a

2023-12-24T21:01:08.974Z 2023-12-24T21:01:08.974Z	4a314bb6-fe07-5366-a72b-15b46054a50a	INFO	Start syncing the balance {
  transaction: {
    id: '01HJET3C5VF3G07K6Y56BY6WW1',
    userId: 'd435bc53-d96a-4b30-be32-9e8fbbe3878b',
    currency: 'BHD',
    amount: 9,
    vat: 0,
    oldBalance: 291,
    newBalance: 282
  }
}

2023-12-24T21:01:09.013Z 2023-12-24T21:01:09.013Z	4a314bb6-fe07-5366-a72b-15b46054a50a	INFO	SubscriptionBalanceUpdated event published

2023-12-24T21:01:09.032Z END RequestId: 4a314bb6-fe07-5366-a72b-15b46054a50a

2023-12-24T21:01:09.032Z REPORT RequestId: 4a314bb6-fe07-5366-a72b-15b46054a50a	Duration: 92.82 ms	Billed Duration: 93 ms	Memory Size: 1024 MB	Max Memory Used: 125 MB	

2023-12-24T21:01:09.182Z START RequestId: 6dd9ece0-e52e-5c9c-8c66-b2e27b7a2e5d Version: $LATEST

2023-12-24T21:01:09.199Z 2023-12-24T21:01:09.199Z	6dd9ece0-e52e-5c9c-8c66-b2e27b7a2e5d	INFO	Processing message feaa7c42-dce8-4e33-8585-168734b9a70d

2023-12-24T21:01:09.206Z 2023-12-24T21:01:09.206Z	6dd9ece0-e52e-5c9c-8c66-b2e27b7a2e5d	INFO	Start syncing the balance {
  transaction: {
    id: '01HJET3CA0BFXVJP1HG3EXHPD7',
    userId: '575e110d-9fbf-4b98-acd0-ff3b6d33a3d1',
    currency: 'BHD',
    amount: 9,
    vat: 0,
    oldBalance: 282,
    newBalance: 273
  }
}

2023-12-24T21:01:09.259Z 2023-12-24T21:01:09.259Z	6dd9ece0-e52e-5c9c-8c66-b2e27b7a2e5d	INFO	SubscriptionBalanceUpdated event published

2023-12-24T21:01:09.274Z END RequestId: 6dd9ece0-e52e-5c9c-8c66-b2e27b7a2e5d

2023-12-24T21:01:09.274Z REPORT RequestId: 6dd9ece0-e52e-5c9c-8c66-b2e27b7a2e5d	Duration: 92.14 ms	Billed Duration: 93 ms	Memory Size: 1024 MB	Max Memory Used: 126 MB	

