2023-12-25T11:41:08.739Z START RequestId: f2b0290a-7cf5-5ec9-99d4-77091071d467 Version: $LATEST

2023-12-25T11:41:08.835Z 2023-12-25T11:41:08.835Z	f2b0290a-7cf5-5ec9-99d4-77091071d467	INFO	Processing message 30827ac0-02db-45e7-8324-ea1a4a45bd68

2023-12-25T11:41:08.841Z 2023-12-25T11:41:08.841Z	f2b0290a-7cf5-5ec9-99d4-77091071d467	INFO	Start syncing the balance {
  transaction: {
    id: '01HJGCEPF830MZ4KP724BXQMTG',
    userId: '73efb41a-798e-400b-b2ff-45ab7d95d97e',
    currency: 'SAR',
    amount: 90,
    vat: 0,
    oldBalance: 2520,
    newBalance: 2430
  }
}

2023-12-25T11:41:08.906Z 2023-12-25T11:41:08.906Z	f2b0290a-7cf5-5ec9-99d4-77091071d467	INFO	SubscriptionBalanceUpdated event published

2023-12-25T11:41:08.946Z END RequestId: f2b0290a-7cf5-5ec9-99d4-77091071d467

2023-12-25T11:41:08.946Z REPORT RequestId: f2b0290a-7cf5-5ec9-99d4-77091071d467	Duration: 207.00 ms	Billed Duration: 207 ms	Memory Size: 1024 MB	Max Memory Used: 118 MB	

2023-12-25T11:40:32.695Z INIT_START Runtime Version: nodejs:14.v42	Runtime Version ARN: arn:aws:lambda:us-east-1::runtime:4cb686be08f980f530c1cbdeae970951c08b712057b80e8698cf4641214607d6

2023-12-25T11:40:33.500Z START RequestId: 61c66f29-46d4-589d-a43b-312a2a8b6233 Version: $LATEST

2023-12-25T11:40:33.610Z 2023-12-25T11:40:33.610Z	61c66f29-46d4-589d-a43b-312a2a8b6233	INFO	Processing message ef230dd9-ac00-4b5b-a5eb-0cdfb4c8fe4d

2023-12-25T11:40:33.643Z 2023-12-25T11:40:33.643Z	61c66f29-46d4-589d-a43b-312a2a8b6233	INFO	Start syncing the balance {
  transaction: {
    id: '01HJGCDJNRX3N40M8ME0H9FER6',
    userId: 'b851dd0c-b4b0-41d4-814a-172752d504d9',
    currency: 'BHD',
    amount: 9,
    vat: 0,
    oldBalance: 252,
    newBalance: 243
  }
}

2023-12-25T11:40:33.719Z 2023-12-25T11:40:33.719Z	61c66f29-46d4-589d-a43b-312a2a8b6233	INFO	SubscriptionBalanceUpdated event published

2023-12-25T11:40:33.759Z 2023-12-25T11:40:33.759Z	61c66f29-46d4-589d-a43b-312a2a8b6233	ERROR	Subscription balance and payment balance are not in sync {
  userId: 'b851dd0c-b4b0-41d4-814a-172752d504d9',
  subscriptionBalance: 252,
  paymentBalance: 234
}

2023-12-25T11:40:33.786Z END RequestId: 61c66f29-46d4-589d-a43b-312a2a8b6233

2023-12-25T11:40:33.786Z REPORT RequestId: 61c66f29-46d4-589d-a43b-312a2a8b6233	Duration: 285.68 ms	Billed Duration: 286 ms	Memory Size: 1024 MB	Max Memory Used: 116 MB	Init Duration: 804.38 ms	

2023-12-25T11:40:33.826Z START RequestId: f0f99e3f-078c-5fed-92b1-c03c6be1b74b Version: $LATEST

2023-12-25T11:40:33.854Z 2023-12-25T11:40:33.854Z	f0f99e3f-078c-5fed-92b1-c03c6be1b74b	INFO	Processing message 1133f75c-932a-437d-9a37-22e7460317cb

2023-12-25T11:40:33.859Z 2023-12-25T11:40:33.859Z	f0f99e3f-078c-5fed-92b1-c03c6be1b74b	INFO	Start syncing the balance {
  transaction: {
    id: '01HJGCDJRXVFTDGS2GJNKH08RN',
    userId: 'b851dd0c-b4b0-41d4-814a-172752d504d9',
    currency: 'BHD',
    amount: 9,
    vat: 0,
    oldBalance: 243,
    newBalance: 234
  }
}

2023-12-25T11:40:33.898Z 2023-12-25T11:40:33.898Z	f0f99e3f-078c-5fed-92b1-c03c6be1b74b	INFO	SubscriptionBalanceUpdated event published

2023-12-25T11:40:33.911Z END RequestId: f0f99e3f-078c-5fed-92b1-c03c6be1b74b

2023-12-25T11:40:33.911Z REPORT RequestId: f0f99e3f-078c-5fed-92b1-c03c6be1b74b	Duration: 85.04 ms	Billed Duration: 86 ms	Memory Size: 1024 MB	Max Memory Used: 116 MB	

