2023-12-26T06:16:00.878Z INIT_START Runtime Version: nodejs:14.v42	Runtime Version ARN: arn:aws:lambda:us-east-1::runtime:4cb686be08f980f530c1cbdeae970951c08b712057b80e8698cf4641214607d6

2023-12-26T06:16:01.754Z START RequestId: 72904542-b50c-5168-870c-1b46c4d80d6a Version: $LATEST

2023-12-26T06:16:01.868Z 2023-12-26T06:16:01.868Z	72904542-b50c-5168-870c-1b46c4d80d6a	INFO	Processing message 14028330-03e2-454c-8ed3-84894b300dfb

2023-12-26T06:16:01.899Z 2023-12-26T06:16:01.899Z	72904542-b50c-5168-870c-1b46c4d80d6a	INFO	Start syncing the balance {
  transaction: {
    id: '01HJJC81SJZ46M9BZ3JYVHR3G7',
    userId: 'f5d66611-6d18-4c1d-8542-11e626c99c1e',
    currency: 'QAR',
    amount: 500,
    vat: 0,
    oldBalance: 200,
    newBalance: 700
  }
}

2023-12-26T06:16:01.993Z 2023-12-26T06:16:01.993Z	72904542-b50c-5168-870c-1b46c4d80d6a	INFO	SubscriptionBalanceUpdated event published

2023-12-26T06:16:02.035Z END RequestId: 72904542-b50c-5168-870c-1b46c4d80d6a

2023-12-26T06:16:02.035Z REPORT RequestId: 72904542-b50c-5168-870c-1b46c4d80d6a	Duration: 281.05 ms	Billed Duration: 282 ms	Memory Size: 1024 MB	Max Memory Used: 116 MB	Init Duration: 875.71 ms	

2023-12-26T06:21:03.753Z START RequestId: af4c3783-6107-54d0-9ff7-6987120013f8 Version: $LATEST

2023-12-26T06:21:03.919Z 2023-12-26T06:21:03.919Z	af4c3783-6107-54d0-9ff7-6987120013f8	INFO	Processing message d39df66d-6e0f-4ce0-a079-e19f271a065d

2023-12-26T06:21:03.946Z 2023-12-26T06:21:03.946Z	af4c3783-6107-54d0-9ff7-6987120013f8	INFO	Start syncing the balance {
  transaction: {
    id: '01HJJCHA5KHS2KAJ1FB81233C9',
    userId: 'f5d66611-6d18-4c1d-8542-11e626c99c1e',
    currency: 'QAR',
    amount: 600,
    vat: 0,
    oldBalance: 700,
    newBalance: 100
  }
}

2023-12-26T06:21:04.002Z 2023-12-26T06:21:04.002Z	af4c3783-6107-54d0-9ff7-6987120013f8	INFO	SubscriptionBalanceUpdated event published

2023-12-26T06:21:04.038Z END RequestId: af4c3783-6107-54d0-9ff7-6987120013f8

2023-12-26T06:21:04.038Z REPORT RequestId: af4c3783-6107-54d0-9ff7-6987120013f8	Duration: 285.22 ms	Billed Duration: 286 ms	Memory Size: 1024 MB	Max Memory Used: 120 MB	

