2023-12-17T21:03:27.607Z START RequestId: 87f4c355-f56d-5340-8c9b-9eac9120eb61 Version: $LATEST

2023-12-17T21:03:27.637Z 2023-12-17T21:03:27.637Z	87f4c355-f56d-5340-8c9b-9eac9120eb61	INFO	Processing message b04d8353-e9f1-47cc-b24c-150788fd91e9

2023-12-17T21:03:27.643Z 2023-12-17T21:03:27.643Z	87f4c355-f56d-5340-8c9b-9eac9120eb61	INFO	Start syncing the balance {
  transaction: {
    id: '01HHWSE30AMNCAXDB17DMWXE71',
    userId: '4ebacdb2-8ba4-43e6-8d49-838bca5247be',
    currency: 'BHD',
    amount: 8,
    vat: 0,
    oldBalance: 120,
    newBalance: 112
  }
}

2023-12-17T21:03:27.643Z 2023-12-17T21:03:27.643Z	87f4c355-f56d-5340-8c9b-9eac9120eb61	INFO	Skipping the process, balance is already synced from other listeners

2023-12-17T21:03:27.677Z 2023-12-17T21:03:27.677Z	87f4c355-f56d-5340-8c9b-9eac9120eb61	INFO	Processing message 09021f53-8fc6-4c1f-951a-5d75f7999e6c

2023-12-17T21:03:27.682Z 2023-12-17T21:03:27.682Z	87f4c355-f56d-5340-8c9b-9eac9120eb61	INFO	Start syncing the balance {
  transaction: {
    id: '01HHWSE6FCRBZZZ0NXRG0RP8B1',
    userId: '7d11f065-3cbc-49f4-a70a-f730f862de4d',
    currency: 'BHD',
    amount: 8,
    vat: 0,
    oldBalance: 112,
    newBalance: 104
  }
}

2023-12-17T21:03:27.682Z 2023-12-17T21:03:27.682Z	87f4c355-f56d-5340-8c9b-9eac9120eb61	INFO	Skipping the process, balance is already synced from other listeners

2023-12-17T21:03:27.699Z 2023-12-17T21:03:27.699Z	87f4c355-f56d-5340-8c9b-9eac9120eb61	INFO	Processing message 31fb9035-1586-4924-b2ad-f7457de13781

2023-12-17T21:03:27.704Z 2023-12-17T21:03:27.704Z	87f4c355-f56d-5340-8c9b-9eac9120eb61	INFO	Start syncing the balance {
  transaction: {
    id: '01HHWSEAJZ0AMRMQZX149BTAR8',
    userId: '2586358e-036a-47c9-8316-3c0dcd3e23ea',
    currency: 'BHD',
    amount: 8,
    vat: 0,
    oldBalance: 975,
    newBalance: 967
  }
}

2023-12-17T21:03:27.704Z 2023-12-17T21:03:27.704Z	87f4c355-f56d-5340-8c9b-9eac9120eb61	INFO	Skipping the process, balance is already synced from other listeners

2023-12-17T21:03:27.720Z 2023-12-17T21:03:27.720Z	87f4c355-f56d-5340-8c9b-9eac9120eb61	INFO	Processing message 7eafd326-d268-45f7-854f-d62efef53041

2023-12-17T21:03:27.726Z 2023-12-17T21:03:27.726Z	87f4c355-f56d-5340-8c9b-9eac9120eb61	INFO	Start syncing the balance {
  transaction: {
    id: '01HHWSEAYRWXJPZE9X82JW0358',
    userId: '36cffa58-f615-4cb9-9e9e-38aed031080d',
    currency: 'SAR',
    amount: 90,
    vat: 0,
    oldBalance: 540,
    newBalance: 450
  }
}

2023-12-17T21:03:27.726Z 2023-12-17T21:03:27.726Z	87f4c355-f56d-5340-8c9b-9eac9120eb61	INFO	Skipping the process, balance is already synced from other listeners

2023-12-17T21:03:27.737Z 2023-12-17T21:03:27.737Z	87f4c355-f56d-5340-8c9b-9eac9120eb61	INFO	Processing message bce70064-f9da-4c52-9de7-68af0ef29c59

2023-12-17T21:03:27.743Z 2023-12-17T21:03:27.743Z	87f4c355-f56d-5340-8c9b-9eac9120eb61	INFO	Start syncing the balance {
  transaction: {
    id: '01HHWSEDRHAZABBRQHP09P4MYP',
    userId: 'e86bf810-ce46-40cb-b7d0-fbc8517fe1a1',
    currency: 'SAR',
    amount: 90,
    vat: 0,
    oldBalance: 1440,
    newBalance: 1350
  }
}

2023-12-17T21:03:27.743Z 2023-12-17T21:03:27.743Z	87f4c355-f56d-5340-8c9b-9eac9120eb61	INFO	Skipping the process, balance is already synced from other listeners

2023-12-17T21:03:27.760Z 2023-12-17T21:03:27.760Z	87f4c355-f56d-5340-8c9b-9eac9120eb61	INFO	Processing message 9d025c59-0a99-4138-b757-14304fd258d3

2023-12-17T21:03:27.765Z 2023-12-17T21:03:27.765Z	87f4c355-f56d-5340-8c9b-9eac9120eb61	INFO	Start syncing the balance {
  transaction: {
    id: '01HHWSEFS6AYSSY4XZW3EPWWKC',
    userId: '1512d48d-0511-43c6-9c32-cca80736120d',
    currency: 'BHD',
    amount: 8,
    vat: 0,
    oldBalance: 42,
    newBalance: 34
  }
}

2023-12-17T21:03:27.765Z 2023-12-17T21:03:27.765Z	87f4c355-f56d-5340-8c9b-9eac9120eb61	INFO	Skipping the process, balance is already synced from other listeners

2023-12-17T21:03:27.778Z END RequestId: 87f4c355-f56d-5340-8c9b-9eac9120eb61

2023-12-17T21:03:27.778Z REPORT RequestId: 87f4c355-f56d-5340-8c9b-9eac9120eb61	Duration: 171.19 ms	Billed Duration: 172 ms	Memory Size: 1024 MB	Max Memory Used: 120 MB	

2023-12-17T21:01:28.719Z INIT_START Runtime Version: nodejs:14.v42	Runtime Version ARN: arn:aws:lambda:us-east-1::runtime:4cb686be08f980f530c1cbdeae970951c08b712057b80e8698cf4641214607d6

2023-12-17T21:01:29.567Z START RequestId: dfb21db9-98cd-5752-beaf-4040fb000ce0 Version: $LATEST

2023-12-17T21:01:29.694Z 2023-12-17T21:01:29.694Z	dfb21db9-98cd-5752-beaf-4040fb000ce0	INFO	Processing message c61b346f-4de2-455d-ba34-c64f7e698f37

2023-12-17T21:01:29.731Z 2023-12-17T21:01:29.731Z	dfb21db9-98cd-5752-beaf-4040fb000ce0	INFO	Start syncing the balance {
  transaction: {
    id: '01HHWSACK0A7JZM1SXG51BAZDA',
    userId: 'cfee18c3-4c5c-43d6-8333-459ced998886',
    currency: 'SAR',
    amount: 100,
    vat: 0,
    oldBalance: 1300,
    newBalance: 1200
  }
}

2023-12-17T21:01:29.732Z 2023-12-17T21:01:29.732Z	dfb21db9-98cd-5752-beaf-4040fb000ce0	INFO	Skipping the process, balance is already synced from other listeners

2023-12-17T21:01:30.022Z 2023-12-17T21:01:30.022Z	dfb21db9-98cd-5752-beaf-4040fb000ce0	INFO	Processing message 70b17203-9e94-4b77-a436-e3b239d52d5b

2023-12-17T21:01:30.029Z 2023-12-17T21:01:30.029Z	dfb21db9-98cd-5752-beaf-4040fb000ce0	INFO	Start syncing the balance {
  transaction: {
    id: '01HHWSAGMR9TMYT3YJ1H08W2JK',
    userId: 'aadf6b82-af9f-40ac-b332-80c3f60538ba',
    currency: 'BHD',
    amount: 8,
    vat: 0,
    oldBalance: 116,
    newBalance: 108
  }
}

2023-12-17T21:01:30.029Z 2023-12-17T21:01:30.029Z	dfb21db9-98cd-5752-beaf-4040fb000ce0	INFO	Skipping the process, balance is already synced from other listeners

2023-12-17T21:01:30.055Z 2023-12-17T21:01:30.055Z	dfb21db9-98cd-5752-beaf-4040fb000ce0	INFO	Processing message a77ebf2f-cb8d-4b62-aeb1-5662aa678ac8

2023-12-17T21:01:30.062Z 2023-12-17T21:01:30.062Z	dfb21db9-98cd-5752-beaf-4040fb000ce0	INFO	Start syncing the balance {
  transaction: {
    id: '01HHWSAN4WPYAQQM3TTCF8NYBQ',
    userId: '46176cfe-75b8-4dc3-aeba-64e9649f2840',
    currency: 'SAR',
    amount: 90,
    vat: 0,
    oldBalance: 1440,
    newBalance: 1350
  }
}

2023-12-17T21:01:30.062Z 2023-12-17T21:01:30.062Z	dfb21db9-98cd-5752-beaf-4040fb000ce0	INFO	Skipping the process, balance is already synced from other listeners

2023-12-17T21:01:30.081Z 2023-12-17T21:01:30.081Z	dfb21db9-98cd-5752-beaf-4040fb000ce0	INFO	Processing message 236a9c74-17c0-414c-89f4-6870298a2707

2023-12-17T21:01:30.086Z 2023-12-17T21:01:30.086Z	dfb21db9-98cd-5752-beaf-4040fb000ce0	INFO	Start syncing the balance {
  transaction: {
    id: '01HHWSAS7BMT2T5X089BW3XPH2',
    userId: '35228033-c01e-4431-932a-f4dd414430fe',
    currency: 'BHD',
    amount: 8,
    vat: 0,
    oldBalance: 111.2,
    newBalance: 103.2
  }
}

2023-12-17T21:01:30.087Z 2023-12-17T21:01:30.087Z	dfb21db9-98cd-5752-beaf-4040fb000ce0	INFO	Skipping the process, balance is already synced from other listeners

2023-12-17T21:01:30.100Z 2023-12-17T21:01:30.100Z	dfb21db9-98cd-5752-beaf-4040fb000ce0	INFO	Processing message 7c4e3f8a-9f7d-473e-ba21-a5e522a90092

2023-12-17T21:01:30.105Z 2023-12-17T21:01:30.105Z	dfb21db9-98cd-5752-beaf-4040fb000ce0	INFO	Start syncing the balance {
  transaction: {
    id: '01HHWSASMG8QKJQMXD0Y5PEXRE',
    userId: 'daa2bf74-cf31-4552-9e85-acb48a7c3f90',
    currency: 'BHD',
    amount: 9,
    vat: 0,
    oldBalance: 450.091,
    newBalance: 441.091
  }
}

2023-12-17T21:01:30.106Z 2023-12-17T21:01:30.106Z	dfb21db9-98cd-5752-beaf-4040fb000ce0	INFO	Skipping the process, balance is already synced from other listeners

2023-12-17T21:01:30.123Z 2023-12-17T21:01:30.123Z	dfb21db9-98cd-5752-beaf-4040fb000ce0	ERROR	Subscription balance and payment balance are not in sync {
  userId: 'daa2bf74-cf31-4552-9e85-acb48a7c3f90',
  subscriptionBalance: 450.091,
  paymentBalance: 867.091
}

2023-12-17T21:01:30.124Z {"_aws":{"Timestamp":1702846890124,"CloudWatchMetrics":[{"Namespace":"apiService","Dimensions":[["service"]],"Metrics":[{"Name":"subBalanceDiscrapancy","Unit":"Count"}]}]},"service":"syncBalanceSQS","subBalanceDiscrapancy":1,"userId":"daa2bf74-cf31-4552-9e85-acb48a7c3f90","action":"DELIVERY_DEDUCTION"}

2023-12-17T21:01:30.189Z END RequestId: dfb21db9-98cd-5752-beaf-4040fb000ce0

2023-12-17T21:01:30.189Z REPORT RequestId: dfb21db9-98cd-5752-beaf-4040fb000ce0	Duration: 622.02 ms	Billed Duration: 623 ms	Memory Size: 1024 MB	Max Memory Used: 116 MB	Init Duration: 846.99 ms	

2023-12-17T21:02:24.017Z START RequestId: b2685ba2-7075-5995-9ac7-065b147e5c3a Version: $LATEST

2023-12-17T21:02:24.048Z 2023-12-17T21:02:24.048Z	b2685ba2-7075-5995-9ac7-065b147e5c3a	INFO	Processing message cfb72360-164f-40b5-98af-d8a0a91a5388

2023-12-17T21:02:24.054Z 2023-12-17T21:02:24.054Z	b2685ba2-7075-5995-9ac7-065b147e5c3a	INFO	{
  message: 'Subscriber will have a negative balance due to this action, the process will terminate.',
  data: {
    userId: '4b9f5ff1-eb4a-4e8c-b7b6-1a1f7df8997b',
    currentBalance: 2,
    transactionId: '01HHWSC2XJ3QJSFBT1DDQGDCQ2'
  }
}

2023-12-17T21:02:24.054Z 2023-12-17T21:02:24.054Z	b2685ba2-7075-5995-9ac7-065b147e5c3a	INFO	Processing message 09fa6a33-1087-416d-a787-7bd3291de30c

2023-12-17T21:02:24.054Z {"_aws":{"Timestamp":1702846944053,"CloudWatchMetrics":[{"Namespace":"apiService","Dimensions":[["service"]],"Metrics":[{"Name":"negativeBalance","Unit":"Count"}]}]},"service":"syncBalanceSQS","negativeBalance":1,"userId":"4b9f5ff1-eb4a-4e8c-b7b6-1a1f7df8997b","action":"DELIVERY_DEDUCTION"}

2023-12-17T21:02:24.059Z 2023-12-17T21:02:24.059Z	b2685ba2-7075-5995-9ac7-065b147e5c3a	INFO	Start syncing the balance {
  transaction: {
    id: '01HHWSC344D0NPYDGNXZ7P5PW2',
    userId: 'a6e2e5da-e8dc-4cba-832d-054fffd5da4d',
    currency: 'BHD',
    amount: 8,
    vat: 0,
    oldBalance: 106,
    newBalance: 98
  }
}

2023-12-17T21:02:24.059Z 2023-12-17T21:02:24.059Z	b2685ba2-7075-5995-9ac7-065b147e5c3a	INFO	Skipping the process, balance is already synced from other listeners

2023-12-17T21:02:24.094Z 2023-12-17T21:02:24.094Z	b2685ba2-7075-5995-9ac7-065b147e5c3a	INFO	Processing message 0374954d-d2b8-402c-a690-871027361bad

2023-12-17T21:02:24.101Z 2023-12-17T21:02:24.101Z	b2685ba2-7075-5995-9ac7-065b147e5c3a	INFO	Start syncing the balance {
  transaction: {
    id: '01HHWSC4Z44QC8DXS8SD3YWA5N',
    userId: '0cff33de-172f-4546-b1d3-365c6fda2b00',
    currency: 'SAR',
    amount: 60,
    vat: 0,
    oldBalance: 821,
    newBalance: 761
  }
}

2023-12-17T21:02:24.104Z 2023-12-17T21:02:24.104Z	b2685ba2-7075-5995-9ac7-065b147e5c3a	INFO	Skipping the process, balance is already synced from other listeners

2023-12-17T21:02:24.117Z 2023-12-17T21:02:24.117Z	b2685ba2-7075-5995-9ac7-065b147e5c3a	INFO	Processing message b8698b01-1914-4996-b9d1-2ade3afe8400

2023-12-17T21:02:24.122Z 2023-12-17T21:02:24.122Z	b2685ba2-7075-5995-9ac7-065b147e5c3a	INFO	Start syncing the balance {
  transaction: {
    id: '01HHWSCA2GATSRDV9R64VPHTDK',
    userId: '91886874-40ec-4324-87ea-10bcee9904f5',
    currency: 'BHD',
    amount: 1.8,
    vat: 0,
    oldBalance: 193.65,
    newBalance: 191.85
  }
}

2023-12-17T21:02:24.122Z 2023-12-17T21:02:24.122Z	b2685ba2-7075-5995-9ac7-065b147e5c3a	INFO	Skipping the process, balance is already synced from other listeners

2023-12-17T21:02:24.139Z 2023-12-17T21:02:24.139Z	b2685ba2-7075-5995-9ac7-065b147e5c3a	INFO	Processing message adebca08-c20f-40d3-ba15-2be32954d26b

2023-12-17T21:02:24.146Z 2023-12-17T21:02:24.146Z	b2685ba2-7075-5995-9ac7-065b147e5c3a	INFO	Start syncing the balance {
  transaction: {
    id: '01HHWSCC26CKSN2HWFPZBENM97',
    userId: '7ea81f9e-1a24-4664-bd94-4d88dc6fd07d',
    currency: 'BHD',
    amount: 8,
    vat: 0,
    oldBalance: 80.5,
    newBalance: 72.5
  }
}

2023-12-17T21:02:24.146Z 2023-12-17T21:02:24.146Z	b2685ba2-7075-5995-9ac7-065b147e5c3a	INFO	Skipping the process, balance is already synced from other listeners

2023-12-17T21:02:24.159Z 2023-12-17T21:02:24.159Z	b2685ba2-7075-5995-9ac7-065b147e5c3a	INFO	Processing message 48b2c433-d0f5-49c1-aa08-c2fa8d3d7323

2023-12-17T21:02:24.165Z 2023-12-17T21:02:24.165Z	b2685ba2-7075-5995-9ac7-065b147e5c3a	INFO	Start syncing the balance {
  transaction: {
    id: '01HHWSCD7NA6RMP6J5GVEZVCJS',
    userId: 'af4ac79b-a55e-4367-b86d-19818ff3e944',
    currency: 'BHD',
    amount: 6.5,
    vat: 0,
    oldBalance: 58.5,
    newBalance: 52
  }
}

2023-12-17T21:02:24.166Z 2023-12-17T21:02:24.166Z	b2685ba2-7075-5995-9ac7-065b147e5c3a	INFO	Skipping the process, balance is already synced from other listeners

2023-12-17T21:02:24.178Z 2023-12-17T21:02:24.178Z	b2685ba2-7075-5995-9ac7-065b147e5c3a	INFO	Processing message 75249533-00d9-43b2-bc7d-662b77f6f38e

2023-12-17T21:02:24.184Z 2023-12-17T21:02:24.184Z	b2685ba2-7075-5995-9ac7-065b147e5c3a	INFO	Start syncing the balance {
  transaction: {
    id: '01HHWSCGH6CESHT2FXWCRGH5XA',
    userId: '8b293101-dfef-43ed-9095-ac05a1507d34',
    currency: 'BHD',
    amount: 4.5,
    vat: 0,
    oldBalance: 137.362,
    newBalance: 132.862
  }
}

2023-12-17T21:02:24.184Z 2023-12-17T21:02:24.184Z	b2685ba2-7075-5995-9ac7-065b147e5c3a	INFO	Skipping the process, balance is already synced from other listeners

2023-12-17T21:02:24.199Z END RequestId: b2685ba2-7075-5995-9ac7-065b147e5c3a

2023-12-17T21:02:24.199Z REPORT RequestId: b2685ba2-7075-5995-9ac7-065b147e5c3a	Duration: 182.08 ms	Billed Duration: 183 ms	Memory Size: 1024 MB	Max Memory Used: 119 MB	

2023-12-17T21:02:28.087Z START RequestId: 1d4e484c-1d51-5723-93dd-15b5795d4d34 Version: $LATEST

2023-12-17T21:02:28.118Z 2023-12-17T21:02:28.118Z	1d4e484c-1d51-5723-93dd-15b5795d4d34	INFO	Processing message 12304b44-0481-431c-bbfb-f74ca9919e06

2023-12-17T21:02:28.124Z 2023-12-17T21:02:28.124Z	1d4e484c-1d51-5723-93dd-15b5795d4d34	INFO	Start syncing the balance {
  transaction: {
    id: '01HHWSC694M03XEEP946GGBS72',
    userId: 'f1a91257-52d5-4b76-b2ce-a28ed5f2e5c7',
    currency: 'BHD',
    amount: 9,
    vat: 0,
    oldBalance: 63,
    newBalance: 54
  }
}

2023-12-17T21:02:28.124Z 2023-12-17T21:02:28.124Z	1d4e484c-1d51-5723-93dd-15b5795d4d34	INFO	Skipping the process, balance is already synced from other listeners

2023-12-17T21:02:28.136Z 2023-12-17T21:02:28.136Z	1d4e484c-1d51-5723-93dd-15b5795d4d34	INFO	Processing message 01c828c7-c72e-4805-bdd6-3fd9232c45a7

2023-12-17T21:02:28.142Z 2023-12-17T21:02:28.142Z	1d4e484c-1d51-5723-93dd-15b5795d4d34	INFO	Start syncing the balance {
  transaction: {
    id: '01HHWSC7CQ0S0FDGG6YCEYF14S',
    userId: '2af65ba7-48fc-4433-be65-5dca7e3094a8',
    currency: 'BHD',
    amount: 22,
    vat: 0,
    oldBalance: 30.682,
    newBalance: 8.682
  }
}

2023-12-17T21:02:28.142Z 2023-12-17T21:02:28.142Z	1d4e484c-1d51-5723-93dd-15b5795d4d34	INFO	Skipping the process, balance is already synced from other listeners

2023-12-17T21:02:28.152Z 2023-12-17T21:02:28.152Z	1d4e484c-1d51-5723-93dd-15b5795d4d34	INFO	Processing message 9e1f2880-7a01-49b0-ac44-7759c6c4b49a

2023-12-17T21:02:28.158Z 2023-12-17T21:02:28.158Z	1d4e484c-1d51-5723-93dd-15b5795d4d34	INFO	Start syncing the balance {
  transaction: {
    id: '01HHWSC9HC1EKVF55FHKPFZ9ME',
    userId: 'b9c901a6-79c0-4817-a7c3-737d53befd9b',
    currency: 'BHD',
    amount: 4,
    vat: 0,
    oldBalance: 43.9994,
    newBalance: 39.999
  }
}

2023-12-17T21:02:28.158Z 2023-12-17T21:02:28.158Z	1d4e484c-1d51-5723-93dd-15b5795d4d34	INFO	Skipping the process, balance is already synced from other listeners

2023-12-17T21:02:28.172Z 2023-12-17T21:02:28.172Z	1d4e484c-1d51-5723-93dd-15b5795d4d34	INFO	Processing message c556f484-d9d9-43c9-8143-7c3235e03762

2023-12-17T21:02:28.189Z 2023-12-17T21:02:28.189Z	1d4e484c-1d51-5723-93dd-15b5795d4d34	INFO	Start syncing the balance {
  transaction: {
    id: '01HHWSCEN9P583NMKQDBQB6Z8R',
    userId: 'e43c3e20-d78b-4fdc-b46a-9d72e46f393a',
    currency: 'BHD',
    amount: 4,
    vat: 0,
    oldBalance: 1987.2,
    newBalance: 1983.2
  }
}

2023-12-17T21:02:28.190Z 2023-12-17T21:02:28.190Z	1d4e484c-1d51-5723-93dd-15b5795d4d34	INFO	Skipping the process, balance is already synced from other listeners

2023-12-17T21:02:28.202Z 2023-12-17T21:02:28.202Z	1d4e484c-1d51-5723-93dd-15b5795d4d34	INFO	Processing message 11022469-cda8-43dc-8142-d02a22d70062

2023-12-17T21:02:28.211Z 2023-12-17T21:02:28.211Z	1d4e484c-1d51-5723-93dd-15b5795d4d34	INFO	Start syncing the balance {
  transaction: {
    id: '01HHWSCHMQ30NFJD2WWS2JCXC6',
    userId: 'ca4da5ef-df7d-417f-8098-80c027212092',
    currency: 'SAR',
    amount: 20,
    vat: 0,
    oldBalance: 960.62,
    newBalance: 940.62
  }
}

2023-12-17T21:02:28.212Z 2023-12-17T21:02:28.212Z	1d4e484c-1d51-5723-93dd-15b5795d4d34	INFO	Skipping the process, balance is already synced from other listeners

2023-12-17T21:02:28.223Z 2023-12-17T21:02:28.223Z	1d4e484c-1d51-5723-93dd-15b5795d4d34	INFO	Processing message 4c68ac5b-ec4c-4a4f-aa0f-69b0660ff337

2023-12-17T21:02:28.229Z 2023-12-17T21:02:28.229Z	1d4e484c-1d51-5723-93dd-15b5795d4d34	INFO	Start syncing the balance {
  transaction: {
    id: '01HHWSCM6E46N6DFG7AZX1JDVC',
    userId: 'fe34a324-49e4-4375-a0a6-30db0ad725c0',
    currency: 'BHD',
    amount: 9,
    vat: 0,
    oldBalance: 133,
    newBalance: 124
  }
}

2023-12-17T21:02:28.229Z 2023-12-17T21:02:28.229Z	1d4e484c-1d51-5723-93dd-15b5795d4d34	INFO	Skipping the process, balance is already synced from other listeners

2023-12-17T21:02:28.251Z END RequestId: 1d4e484c-1d51-5723-93dd-15b5795d4d34

2023-12-17T21:02:28.251Z REPORT RequestId: 1d4e484c-1d51-5723-93dd-15b5795d4d34	Duration: 164.28 ms	Billed Duration: 165 ms	Memory Size: 1024 MB	Max Memory Used: 119 MB	

2023-12-17T21:02:56.691Z START RequestId: 0957e90d-4352-53f2-98e9-b4f4277dfdb6 Version: $LATEST

2023-12-17T21:02:56.720Z 2023-12-17T21:02:56.720Z	0957e90d-4352-53f2-98e9-b4f4277dfdb6	INFO	Processing message c2ed0efe-e77d-48ba-80a6-2d2c40bca71d

2023-12-17T21:02:56.725Z 2023-12-17T21:02:56.725Z	0957e90d-4352-53f2-98e9-b4f4277dfdb6	INFO	Start syncing the balance {
  transaction: {
    id: '01HHWSD2T45J7DF09XJ09MCD14',
    userId: '8517dbf1-c68c-4d63-8f5e-a834eb1bb9a1',
    currency: 'SAR',
    amount: 90,
    vat: 0,
    oldBalance: 180,
    newBalance: 90
  }
}

2023-12-17T21:02:56.725Z 2023-12-17T21:02:56.725Z	0957e90d-4352-53f2-98e9-b4f4277dfdb6	INFO	Skipping the process, balance is already synced from other listeners

2023-12-17T21:02:56.792Z 2023-12-17T21:02:56.792Z	0957e90d-4352-53f2-98e9-b4f4277dfdb6	INFO	Processing message 4b747c01-158e-413e-a1b0-765a6ed5ce6b

2023-12-17T21:02:56.797Z 2023-12-17T21:02:56.797Z	0957e90d-4352-53f2-98e9-b4f4277dfdb6	INFO	Start syncing the balance {
  transaction: {
    id: '01HHWSD7RGDYWTXRV5RXJTT72C',
    userId: 'd4fe9151-a07d-4f55-b02b-0e5197ecc4b7',
    currency: 'BHD',
    amount: 8,
    vat: 0,
    oldBalance: 2328.745,
    newBalance: 2320.745
  }
}

2023-12-17T21:02:56.797Z 2023-12-17T21:02:56.797Z	0957e90d-4352-53f2-98e9-b4f4277dfdb6	INFO	Skipping the process, balance is already synced from other listeners

2023-12-17T21:02:56.810Z 2023-12-17T21:02:56.810Z	0957e90d-4352-53f2-98e9-b4f4277dfdb6	INFO	Processing message 1939294f-d0f3-48d5-a562-213db87f5ce3

2023-12-17T21:02:56.816Z 2023-12-17T21:02:56.816Z	0957e90d-4352-53f2-98e9-b4f4277dfdb6	INFO	Start syncing the balance {
  transaction: {
    id: '01HHWSDATE8NTBSXM5JBJB2PGV',
    userId: 'f46e0b6a-2cdf-4e6d-95de-e71d1b0394f0',
    currency: 'SAR',
    amount: 90,
    vat: 0,
    oldBalance: 180,
    newBalance: 90
  }
}

2023-12-17T21:02:56.816Z 2023-12-17T21:02:56.816Z	0957e90d-4352-53f2-98e9-b4f4277dfdb6	INFO	Skipping the process, balance is already synced from other listeners

2023-12-17T21:02:56.826Z 2023-12-17T21:02:56.826Z	0957e90d-4352-53f2-98e9-b4f4277dfdb6	INFO	Processing message 2cb4e9b9-0451-4cd2-9a3c-0444c22d969a

2023-12-17T21:02:56.832Z 2023-12-17T21:02:56.832Z	0957e90d-4352-53f2-98e9-b4f4277dfdb6	INFO	Start syncing the balance {
  transaction: {
    id: '01HHWSDFH887QK2GB2SSKYSWQQ',
    userId: '2c2a8830-b2f7-4b3e-a180-7a5654eee40c',
    currency: 'SAR',
    amount: 90,
    vat: 0,
    oldBalance: 41456.39,
    newBalance: 41366.39
  }
}

2023-12-17T21:02:56.832Z 2023-12-17T21:02:56.832Z	0957e90d-4352-53f2-98e9-b4f4277dfdb6	INFO	Skipping the process, balance is already synced from other listeners

2023-12-17T21:02:56.844Z END RequestId: 0957e90d-4352-53f2-98e9-b4f4277dfdb6

2023-12-17T21:02:56.844Z REPORT RequestId: 0957e90d-4352-53f2-98e9-b4f4277dfdb6	Duration: 153.44 ms	Billed Duration: 154 ms	Memory Size: 1024 MB	Max Memory Used: 119 MB	

2023-12-17T21:03:03.975Z START RequestId: 49303f21-95b6-50a3-a4de-62d8f187833d Version: $LATEST

2023-12-17T21:03:04.004Z 2023-12-17T21:03:04.004Z	49303f21-95b6-50a3-a4de-62d8f187833d	INFO	Processing message b8a8ecf9-017d-4070-97e9-470f2cdd9eff

2023-12-17T21:03:04.009Z 2023-12-17T21:03:04.009Z	49303f21-95b6-50a3-a4de-62d8f187833d	INFO	Start syncing the balance {
  transaction: {
    id: '01HHWSD8PY87TQ1Z4TX9PY88BT',
    userId: 'f6a6021a-b34d-46ee-a05e-c6247daa6cf5',
    currency: 'BHD',
    amount: 8,
    vat: 0,
    oldBalance: 113,
    newBalance: 105
  }
}

2023-12-17T21:03:04.010Z 2023-12-17T21:03:04.010Z	49303f21-95b6-50a3-a4de-62d8f187833d	INFO	Skipping the process, balance is already synced from other listeners

2023-12-17T21:03:04.023Z 2023-12-17T21:03:04.023Z	49303f21-95b6-50a3-a4de-62d8f187833d	INFO	Processing message 28ebc497-3ce1-4574-a0e7-5f46bc5de878

2023-12-17T21:03:04.028Z 2023-12-17T21:03:04.028Z	49303f21-95b6-50a3-a4de-62d8f187833d	INFO	Start syncing the balance {
  transaction: {
    id: '01HHWSDAP46GV8CQMFK69DNGJ6',
    userId: 'efa6426b-5dc2-42b8-ac5d-e40d81dda0a1',
    currency: 'BHD',
    amount: 11.5,
    vat: 0,
    oldBalance: 211,
    newBalance: 199.5
  }
}

2023-12-17T21:03:04.028Z 2023-12-17T21:03:04.028Z	49303f21-95b6-50a3-a4de-62d8f187833d	INFO	Skipping the process, balance is already synced from other listeners

2023-12-17T21:03:04.064Z 2023-12-17T21:03:04.064Z	49303f21-95b6-50a3-a4de-62d8f187833d	INFO	Processing message 67174b98-4905-4d43-94de-01289114c5a8

2023-12-17T21:03:04.073Z 2023-12-17T21:03:04.073Z	49303f21-95b6-50a3-a4de-62d8f187833d	INFO	Start syncing the balance {
  transaction: {
    id: '01HHWSDD5E4TSWCXDBB5VYQ1RZ',
    userId: '95548cdd-9c30-4a34-8e13-6b526f0426da',
    currency: 'BHD',
    amount: 8,
    vat: 0,
    oldBalance: 385.267,
    newBalance: 377.267
  }
}

2023-12-17T21:03:04.074Z 2023-12-17T21:03:04.074Z	49303f21-95b6-50a3-a4de-62d8f187833d	INFO	Skipping the process, balance is already synced from other listeners

2023-12-17T21:03:04.088Z 2023-12-17T21:03:04.088Z	49303f21-95b6-50a3-a4de-62d8f187833d	INFO	Processing message 9027ce75-52b8-4014-8d8a-766f7c1e443a

2023-12-17T21:03:04.093Z 2023-12-17T21:03:04.093Z	49303f21-95b6-50a3-a4de-62d8f187833d	INFO	Start syncing the balance {
  transaction: {
    id: '01HHWSDDDJ1B4PPS5HKY2QGYFD',
    userId: 'ebdb2053-3e0f-4979-8c0f-fc39a66007db',
    currency: 'QAR',
    amount: 120,
    vat: 0,
    oldBalance: 680,
    newBalance: 560
  }
}

2023-12-17T21:03:04.093Z 2023-12-17T21:03:04.093Z	49303f21-95b6-50a3-a4de-62d8f187833d	INFO	Skipping the process, balance is already synced from other listeners

2023-12-17T21:03:04.110Z 2023-12-17T21:03:04.110Z	49303f21-95b6-50a3-a4de-62d8f187833d	INFO	Processing message 7284b4db-956b-42ea-82e0-e0d1a1ece274

2023-12-17T21:03:04.116Z 2023-12-17T21:03:04.116Z	49303f21-95b6-50a3-a4de-62d8f187833d	INFO	Start syncing the balance {
  transaction: {
    id: '01HHWSDF75K6BN3AERMY8FZBMY',
    userId: 'c2ea7768-6df8-4dd0-b08c-e23ece7f807b',
    currency: 'SAR',
    amount: 100,
    vat: 0,
    oldBalance: 500,
    newBalance: 400
  }
}

2023-12-17T21:03:04.116Z 2023-12-17T21:03:04.116Z	49303f21-95b6-50a3-a4de-62d8f187833d	INFO	Skipping the process, balance is already synced from other listeners

2023-12-17T21:03:04.130Z 2023-12-17T21:03:04.130Z	49303f21-95b6-50a3-a4de-62d8f187833d	INFO	Processing message e1f9f336-6f04-4450-9a7f-6f9adfb03130

2023-12-17T21:03:04.136Z 2023-12-17T21:03:04.136Z	49303f21-95b6-50a3-a4de-62d8f187833d	INFO	Start syncing the balance {
  transaction: {
    id: '01HHWSDHAG7HXJC17GEJ4W5CMA',
    userId: 'd7ce460e-e3fa-41f1-9bd7-1151e0cd9e9f',
    currency: 'SAR',
    amount: 90,
    vat: 0,
    oldBalance: 1710,
    newBalance: 1620
  }
}

2023-12-17T21:03:04.136Z 2023-12-17T21:03:04.136Z	49303f21-95b6-50a3-a4de-62d8f187833d	INFO	Skipping the process, balance is already synced from other listeners

2023-12-17T21:03:04.153Z 2023-12-17T21:03:04.153Z	49303f21-95b6-50a3-a4de-62d8f187833d	INFO	Processing message 4591b03c-e65c-4e3c-a862-46f76c3e7d59

2023-12-17T21:03:04.160Z 2023-12-17T21:03:04.160Z	49303f21-95b6-50a3-a4de-62d8f187833d	INFO	Start syncing the balance {
  transaction: {
    id: '01HHWSDHR85SYJ54RKN37096HM',
    userId: 'afad1f0a-8d1a-4883-aa2f-9e3afc02d3b1',
    currency: 'SAR',
    amount: 42,
    vat: 0,
    oldBalance: 992,
    newBalance: 950
  }
}

2023-12-17T21:03:04.160Z 2023-12-17T21:03:04.160Z	49303f21-95b6-50a3-a4de-62d8f187833d	INFO	Skipping the process, balance is already synced from other listeners

2023-12-17T21:03:04.171Z 2023-12-17T21:03:04.171Z	49303f21-95b6-50a3-a4de-62d8f187833d	INFO	Processing message 021c621f-86bd-4935-9870-7176123e191c

2023-12-17T21:03:04.177Z 2023-12-17T21:03:04.177Z	49303f21-95b6-50a3-a4de-62d8f187833d	INFO	Start syncing the balance {
  transaction: {
    id: '01HHWSDNYPZRYSSNPVY1EMABEK',
    userId: '6a1eab48-c690-4745-b5f1-3a51242ed793',
    currency: 'BHD',
    amount: 8,
    vat: 0,
    oldBalance: 187,
    newBalance: 179
  }
}

2023-12-17T21:03:04.177Z 2023-12-17T21:03:04.177Z	49303f21-95b6-50a3-a4de-62d8f187833d	INFO	Skipping the process, balance is already synced from other listeners

2023-12-17T21:03:04.194Z 2023-12-17T21:03:04.194Z	49303f21-95b6-50a3-a4de-62d8f187833d	ERROR	Subscription balance and payment balance are not in sync {
  userId: '6a1eab48-c690-4745-b5f1-3a51242ed793',
  subscriptionBalance: 187,
  paymentBalance: 1123
}

2023-12-17T21:03:04.194Z {"_aws":{"Timestamp":1702846984194,"CloudWatchMetrics":[{"Namespace":"apiService","Dimensions":[["service"]],"Metrics":[{"Name":"subBalanceDiscrapancy","Unit":"Count"}]}]},"service":"syncBalanceSQS","subBalanceDiscrapancy":1,"userId":"6a1eab48-c690-4745-b5f1-3a51242ed793","action":"DELIVERY_DEDUCTION"}

2023-12-17T21:03:04.236Z 2023-12-17T21:03:04.236Z	49303f21-95b6-50a3-a4de-62d8f187833d	INFO	Processing message b5f1e44c-8bb5-4ff3-aa7f-536266e7e26e

2023-12-17T21:03:04.243Z 2023-12-17T21:03:04.243Z	49303f21-95b6-50a3-a4de-62d8f187833d	INFO	Start syncing the balance {
  transaction: {
    id: '01HHWSDPAPT0S9FFK9H3KTXFKA',
    userId: '79725ee0-4e1b-4f2e-9edf-ccbec4fc184a',
    currency: 'SAR',
    amount: 90,
    vat: 0,
    oldBalance: 180,
    newBalance: 90
  }
}

2023-12-17T21:03:04.243Z 2023-12-17T21:03:04.243Z	49303f21-95b6-50a3-a4de-62d8f187833d	INFO	Skipping the process, balance is already synced from other listeners

2023-12-17T21:03:04.256Z END RequestId: 49303f21-95b6-50a3-a4de-62d8f187833d

2023-12-17T21:03:04.256Z REPORT RequestId: 49303f21-95b6-50a3-a4de-62d8f187833d	Duration: 281.11 ms	Billed Duration: 282 ms	Memory Size: 1024 MB	Max Memory Used: 119 MB	

2023-12-17T21:03:12.194Z START RequestId: c030c97b-8e1e-5566-b13c-9482ea22e0c9 Version: $LATEST

2023-12-17T21:03:12.221Z 2023-12-17T21:03:12.221Z	c030c97b-8e1e-5566-b13c-9482ea22e0c9	INFO	Processing message 60101bf8-ee89-44bf-8f4a-7107e002040f

2023-12-17T21:03:12.227Z 2023-12-17T21:03:12.227Z	c030c97b-8e1e-5566-b13c-9482ea22e0c9	INFO	Start syncing the balance {
  transaction: {
    id: '01HHWSDM3WJBPPHPAF6MEB1DSA',
    userId: 'ba2e276d-05a7-4152-9502-d1f8a9997ccd',
    currency: 'BHD',
    amount: 8,
    vat: 0,
    oldBalance: 80,
    newBalance: 72
  }
}

2023-12-17T21:03:12.227Z 2023-12-17T21:03:12.227Z	c030c97b-8e1e-5566-b13c-9482ea22e0c9	INFO	Skipping the process, balance is already synced from other listeners

2023-12-17T21:03:12.256Z 2023-12-17T21:03:12.256Z	c030c97b-8e1e-5566-b13c-9482ea22e0c9	INFO	Processing message fd17ea2b-a059-4883-880f-c306be08e543

2023-12-17T21:03:12.261Z 2023-12-17T21:03:12.261Z	c030c97b-8e1e-5566-b13c-9482ea22e0c9	INFO	Start syncing the balance {
  transaction: {
    id: '01HHWSDKR274E3F9FP17FJ8AQ7',
    userId: '582f1b94-4c13-41e6-81ec-6203bb0f2a06',
    currency: 'BHD',
    amount: 11.5,
    vat: 0,
    oldBalance: 297.5,
    newBalance: 286
  }
}

2023-12-17T21:03:12.261Z 2023-12-17T21:03:12.261Z	c030c97b-8e1e-5566-b13c-9482ea22e0c9	INFO	Skipping the process, balance is already synced from other listeners

2023-12-17T21:03:12.279Z 2023-12-17T21:03:12.279Z	c030c97b-8e1e-5566-b13c-9482ea22e0c9	INFO	Processing message d5a92f70-2a11-4c4e-bb32-14dec481fc5c

2023-12-17T21:03:12.284Z 2023-12-17T21:03:12.284Z	c030c97b-8e1e-5566-b13c-9482ea22e0c9	INFO	Start syncing the balance {
  transaction: {
    id: '01HHWSDRQFR3742YH16DKWP8CB',
    userId: '620bd596-831b-41c9-a21e-9eff23eecca9',
    currency: 'BHD',
    amount: 8,
    vat: 0,
    oldBalance: 96,
    newBalance: 88
  }
}

2023-12-17T21:03:12.284Z 2023-12-17T21:03:12.284Z	c030c97b-8e1e-5566-b13c-9482ea22e0c9	INFO	Skipping the process, balance is already synced from other listeners

2023-12-17T21:03:12.300Z 2023-12-17T21:03:12.300Z	c030c97b-8e1e-5566-b13c-9482ea22e0c9	INFO	Processing message 4729eb3c-b927-4f7f-90bd-7cdc763bec73

2023-12-17T21:03:12.305Z 2023-12-17T21:03:12.305Z	c030c97b-8e1e-5566-b13c-9482ea22e0c9	INFO	Start syncing the balance {
  transaction: {
    id: '01HHWSDS3BFRWRMDCJ61E2E0S7',
    userId: '5e3ad33d-e32c-4a99-984f-8917aa66a953',
    currency: 'SAR',
    amount: 90,
    vat: 0,
    oldBalance: 429.56,
    newBalance: 339.56
  }
}

2023-12-17T21:03:12.305Z 2023-12-17T21:03:12.305Z	c030c97b-8e1e-5566-b13c-9482ea22e0c9	INFO	Skipping the process, balance is already synced from other listeners

2023-12-17T21:03:12.324Z 2023-12-17T21:03:12.324Z	c030c97b-8e1e-5566-b13c-9482ea22e0c9	INFO	Processing message 81767d63-d383-48b9-92b3-ee73ce031bc6

2023-12-17T21:03:12.329Z 2023-12-17T21:03:12.329Z	c030c97b-8e1e-5566-b13c-9482ea22e0c9	INFO	Start syncing the balance {
  transaction: {
    id: '01HHWSDZGC4S274JXQSQ8M0XRR',
    userId: '705f6d18-f5fe-4202-beb9-bc39461813ce',
    currency: 'BHD',
    amount: 8,
    vat: 0,
    oldBalance: 880,
    newBalance: 872
  }
}

2023-12-17T21:03:12.329Z 2023-12-17T21:03:12.329Z	c030c97b-8e1e-5566-b13c-9482ea22e0c9	INFO	Skipping the process, balance is already synced from other listeners

2023-12-17T21:03:12.341Z 2023-12-17T21:03:12.341Z	c030c97b-8e1e-5566-b13c-9482ea22e0c9	INFO	Processing message d1bf8674-f707-4e29-a66e-1247567b87cc

2023-12-17T21:03:12.347Z 2023-12-17T21:03:12.347Z	c030c97b-8e1e-5566-b13c-9482ea22e0c9	INFO	Start syncing the balance {
  transaction: {
    id: '01HHWSE1MHEF4K7EEWXMRA8HKK',
    userId: '04bb4389-d86e-4ffb-81f8-21c0a4c68e82',
    currency: 'BHD',
    amount: 8,
    vat: 0,
    oldBalance: 96,
    newBalance: 88
  }
}

2023-12-17T21:03:12.347Z 2023-12-17T21:03:12.347Z	c030c97b-8e1e-5566-b13c-9482ea22e0c9	INFO	Skipping the process, balance is already synced from other listeners

2023-12-17T21:03:12.361Z END RequestId: c030c97b-8e1e-5566-b13c-9482ea22e0c9

2023-12-17T21:03:12.361Z REPORT RequestId: c030c97b-8e1e-5566-b13c-9482ea22e0c9	Duration: 167.51 ms	Billed Duration: 168 ms	Memory Size: 1024 MB	Max Memory Used: 119 MB	

2023-12-17T21:03:19.479Z START RequestId: 8e586569-ff27-5cc7-b1e7-38909b651006 Version: $LATEST

2023-12-17T21:03:19.508Z 2023-12-17T21:03:19.508Z	8e586569-ff27-5cc7-b1e7-38909b651006	INFO	Processing message 98a9f023-030e-49a1-9146-830e67db8406

2023-12-17T21:03:19.513Z 2023-12-17T21:03:19.513Z	8e586569-ff27-5cc7-b1e7-38909b651006	INFO	Start syncing the balance {
  transaction: {
    id: '01HHWSDV4Z22CJM6K42Y1R4Q9A',
    userId: '15469d49-7d54-4ea1-833c-708f679471d4',
    currency: 'BHD',
    amount: 8,
    vat: 0,
    oldBalance: 294,
    newBalance: 286
  }
}

2023-12-17T21:03:19.513Z 2023-12-17T21:03:19.513Z	8e586569-ff27-5cc7-b1e7-38909b651006	INFO	Skipping the process, balance is already synced from other listeners

2023-12-17T21:03:19.550Z 2023-12-17T21:03:19.550Z	8e586569-ff27-5cc7-b1e7-38909b651006	INFO	Processing message 9cd53a30-b63c-49cd-bb90-8e5964be8c35

2023-12-17T21:03:19.555Z 2023-12-17T21:03:19.555Z	8e586569-ff27-5cc7-b1e7-38909b651006	INFO	Start syncing the balance {
  transaction: {
    id: '01HHWSDX24H33AXTQ2WK5AJFZW',
    userId: '67305f3f-628b-4997-83f9-1247a896127a',
    currency: 'BHD',
    amount: 9,
    vat: 0,
    oldBalance: 3168,
    newBalance: 3159
  }
}

2023-12-17T21:03:19.556Z 2023-12-17T21:03:19.556Z	8e586569-ff27-5cc7-b1e7-38909b651006	INFO	Skipping the process, balance is already synced from other listeners

2023-12-17T21:03:19.578Z 2023-12-17T21:03:19.578Z	8e586569-ff27-5cc7-b1e7-38909b651006	INFO	Processing message 4c386396-c4ce-47ec-8bb2-e41f6d7f96b8

2023-12-17T21:03:19.582Z 2023-12-17T21:03:19.582Z	8e586569-ff27-5cc7-b1e7-38909b651006	INFO	Start syncing the balance {
  transaction: {
    id: '01HHWSDXT3V2BGW7SCVTKD37A1',
    userId: '7967661b-9d88-4089-9047-81e9928af941',
    currency: 'SAR',
    amount: 90,
    vat: 0,
    oldBalance: 90,
    newBalance: 0
  }
}

2023-12-17T21:03:19.583Z 2023-12-17T21:03:19.583Z	8e586569-ff27-5cc7-b1e7-38909b651006	INFO	Skipping the process, balance is already synced from other listeners

2023-12-17T21:03:19.594Z 2023-12-17T21:03:19.594Z	8e586569-ff27-5cc7-b1e7-38909b651006	INFO	Processing message 24571f01-887e-4e90-9023-9afce3188441

2023-12-17T21:03:19.600Z 2023-12-17T21:03:19.600Z	8e586569-ff27-5cc7-b1e7-38909b651006	INFO	Start syncing the balance {
  transaction: {
    id: '01HHWSE033BM924PNBJME3F897',
    userId: '4644dcc3-5505-47d4-ad63-c43f943387a4',
    currency: 'BHD',
    amount: 8,
    vat: 0,
    oldBalance: 149.5,
    newBalance: 141.5
  }
}

2023-12-17T21:03:19.600Z 2023-12-17T21:03:19.600Z	8e586569-ff27-5cc7-b1e7-38909b651006	INFO	Skipping the process, balance is already synced from other listeners

2023-12-17T21:03:19.613Z 2023-12-17T21:03:19.613Z	8e586569-ff27-5cc7-b1e7-38909b651006	INFO	Processing message fde8b784-27fa-4670-bc6d-e06fd4b0b81f

2023-12-17T21:03:19.619Z 2023-12-17T21:03:19.619Z	8e586569-ff27-5cc7-b1e7-38909b651006	INFO	Start syncing the balance {
  transaction: {
    id: '01HHWSE4Z9GQP792G3CE4PGE2D',
    userId: '94e55883-fe72-4243-b801-72206e4cef0a',
    currency: 'SAR',
    amount: 90,
    vat: 0,
    oldBalance: 1080,
    newBalance: 990
  }
}

2023-12-17T21:03:19.620Z 2023-12-17T21:03:19.620Z	8e586569-ff27-5cc7-b1e7-38909b651006	INFO	Skipping the process, balance is already synced from other listeners

2023-12-17T21:03:19.638Z 2023-12-17T21:03:19.638Z	8e586569-ff27-5cc7-b1e7-38909b651006	ERROR	Subscription balance and payment balance are not in sync {
  userId: '94e55883-fe72-4243-b801-72206e4cef0a',
  subscriptionBalance: 1080,
  paymentBalance: 2880
}

2023-12-17T21:03:19.638Z {"_aws":{"Timestamp":1702846999638,"CloudWatchMetrics":[{"Namespace":"apiService","Dimensions":[["service"]],"Metrics":[{"Name":"subBalanceDiscrapancy","Unit":"Count"}]}]},"service":"syncBalanceSQS","subBalanceDiscrapancy":1,"userId":"94e55883-fe72-4243-b801-72206e4cef0a","action":"DELIVERY_DEDUCTION"}

2023-12-17T21:03:19.676Z 2023-12-17T21:03:19.676Z	8e586569-ff27-5cc7-b1e7-38909b651006	INFO	Processing message f494bc5a-a761-4cf3-a9e6-03022c73a353

2023-12-17T21:03:19.680Z 2023-12-17T21:03:19.680Z	8e586569-ff27-5cc7-b1e7-38909b651006	INFO	Start syncing the balance {
  transaction: {
    id: '01HHWSE8QWDK97SCS228560TG3',
    userId: '1306427b-7f89-48fd-8bf0-ee859c8b95d4',
    currency: 'SAR',
    amount: 90,
    vat: 0,
    oldBalance: 57479,
    newBalance: 57389
  }
}

2023-12-17T21:03:19.680Z 2023-12-17T21:03:19.680Z	8e586569-ff27-5cc7-b1e7-38909b651006	INFO	Skipping the process, balance is already synced from other listeners

2023-12-17T21:03:19.692Z 2023-12-17T21:03:19.692Z	8e586569-ff27-5cc7-b1e7-38909b651006	INFO	Processing message 13188070-2d85-487b-912f-ab269041e3c8

2023-12-17T21:03:19.698Z 2023-12-17T21:03:19.698Z	8e586569-ff27-5cc7-b1e7-38909b651006	INFO	Start syncing the balance {
  transaction: {
    id: '01HHWSE8YR3KH71B6JFNYEMEGH',
    userId: 'b66d065b-3a4b-4871-9d0c-99701e74c8e9',
    currency: 'SAR',
    amount: 90,
    vat: 0,
    oldBalance: 25482,
    newBalance: 25392
  }
}

2023-12-17T21:03:19.698Z 2023-12-17T21:03:19.698Z	8e586569-ff27-5cc7-b1e7-38909b651006	INFO	Skipping the process, balance is already synced from other listeners

2023-12-17T21:03:19.710Z END RequestId: 8e586569-ff27-5cc7-b1e7-38909b651006

2023-12-17T21:03:19.710Z REPORT RequestId: 8e586569-ff27-5cc7-b1e7-38909b651006	Duration: 230.96 ms	Billed Duration: 231 ms	Memory Size: 1024 MB	Max Memory Used: 120 MB	

2023-12-17T21:01:45.167Z START RequestId: 7e819744-457f-52f5-b438-cabd269bc947 Version: $LATEST

2023-12-17T21:01:45.296Z 2023-12-17T21:01:45.296Z	7e819744-457f-52f5-b438-cabd269bc947	INFO	Processing message aada460c-f826-4920-bf17-3b2a268bc9c6

2023-12-17T21:01:45.302Z 2023-12-17T21:01:45.302Z	7e819744-457f-52f5-b438-cabd269bc947	INFO	Start syncing the balance {
  transaction: {
    id: '01HHWSAXY3ZP6VK1CABGHS4NHA',
    userId: '445abd69-0816-4fba-826c-feb24281a3e5',
    currency: 'SAR',
    amount: 90,
    vat: 0,
    oldBalance: 360,
    newBalance: 270
  }
}

2023-12-17T21:01:45.302Z 2023-12-17T21:01:45.302Z	7e819744-457f-52f5-b438-cabd269bc947	INFO	Skipping the process, balance is already synced from other listeners

2023-12-17T21:01:45.333Z 2023-12-17T21:01:45.333Z	7e819744-457f-52f5-b438-cabd269bc947	INFO	Processing message a5d585d3-f741-4563-921a-280251e5033e

2023-12-17T21:01:45.338Z 2023-12-17T21:01:45.338Z	7e819744-457f-52f5-b438-cabd269bc947	INFO	Start syncing the balance {
  transaction: {
    id: '01HHWSB31HM32PYN2GCZQ0QPYN',
    userId: '29ab9cca-db34-4942-8a1e-d4f472e2462f',
    currency: 'BHD',
    amount: 8,
    vat: 0,
    oldBalance: 152,
    newBalance: 144
  }
}

2023-12-17T21:01:45.338Z 2023-12-17T21:01:45.338Z	7e819744-457f-52f5-b438-cabd269bc947	INFO	Skipping the process, balance is already synced from other listeners

2023-12-17T21:01:45.357Z 2023-12-17T21:01:45.357Z	7e819744-457f-52f5-b438-cabd269bc947	INFO	Processing message 5ccae7ba-dd93-4083-87ad-a4d352e1bdec

2023-12-17T21:01:45.362Z 2023-12-17T21:01:45.362Z	7e819744-457f-52f5-b438-cabd269bc947	INFO	Start syncing the balance {
  transaction: {
    id: '01HHWSB8WJTNFX1TZPVDBTPAXX',
    userId: '0842cf84-a66c-4ef8-af9d-9e806112336a',
    currency: 'SAR',
    amount: 90,
    vat: 0,
    oldBalance: 1700,
    newBalance: 1610
  }
}

2023-12-17T21:01:45.363Z 2023-12-17T21:01:45.363Z	7e819744-457f-52f5-b438-cabd269bc947	INFO	Skipping the process, balance is already synced from other listeners

2023-12-17T21:01:45.376Z 2023-12-17T21:01:45.376Z	7e819744-457f-52f5-b438-cabd269bc947	INFO	Processing message 99ce9529-942a-41f8-8af0-21b260b2c901

2023-12-17T21:01:45.381Z 2023-12-17T21:01:45.381Z	7e819744-457f-52f5-b438-cabd269bc947	INFO	Start syncing the balance {
  transaction: {
    id: '01HHWSBBVF83AKQG83YS262T0Y',
    userId: '476664ea-f614-4903-8897-97305d19ac48',
    currency: 'SAR',
    amount: 90,
    vat: 0,
    oldBalance: 681,
    newBalance: 591
  }
}

2023-12-17T21:01:45.382Z 2023-12-17T21:01:45.382Z	7e819744-457f-52f5-b438-cabd269bc947	INFO	Skipping the process, balance is already synced from other listeners

2023-12-17T21:01:45.396Z END RequestId: 7e819744-457f-52f5-b438-cabd269bc947

2023-12-17T21:01:45.396Z REPORT RequestId: 7e819744-457f-52f5-b438-cabd269bc947	Duration: 228.56 ms	Billed Duration: 229 ms	Memory Size: 1024 MB	Max Memory Used: 119 MB	

2023-12-17T21:01:49.344Z START RequestId: 93d49bee-04d4-50ad-af83-c617670ab776 Version: $LATEST

2023-12-17T21:01:49.411Z 2023-12-17T21:01:49.411Z	93d49bee-04d4-50ad-af83-c617670ab776	INFO	Processing message ff54a9e0-efed-4a51-9529-56e48580c666

2023-12-17T21:01:49.418Z 2023-12-17T21:01:49.418Z	93d49bee-04d4-50ad-af83-c617670ab776	INFO	Start syncing the balance {
  transaction: {
    id: '01HHWSAXM2SR3M7N3JVT8E1GEY',
    userId: 'f34f13a7-5078-44f1-a6b8-b61a00ea5049',
    currency: 'SAR',
    amount: 90,
    vat: 0,
    oldBalance: 900,
    newBalance: 810
  }
}

2023-12-17T21:01:49.418Z 2023-12-17T21:01:49.418Z	93d49bee-04d4-50ad-af83-c617670ab776	INFO	Skipping the process, balance is already synced from other listeners

2023-12-17T21:01:49.435Z 2023-12-17T21:01:49.435Z	93d49bee-04d4-50ad-af83-c617670ab776	INFO	Processing message ad9c1f5c-eacf-4dfd-8423-b0b009d7a17c

2023-12-17T21:01:49.441Z 2023-12-17T21:01:49.441Z	93d49bee-04d4-50ad-af83-c617670ab776	INFO	Start syncing the balance {
  transaction: {
    id: '01HHWSAZE2JJS4HFCNG62RQBY5',
    userId: 'eefb84af-6a9b-435b-b589-5c9734648a74',
    currency: 'BHD',
    amount: 4,
    vat: 0,
    oldBalance: 474.909,
    newBalance: 470.909
  }
}

2023-12-17T21:01:49.441Z 2023-12-17T21:01:49.441Z	93d49bee-04d4-50ad-af83-c617670ab776	INFO	Skipping the process, balance is already synced from other listeners

2023-12-17T21:01:49.454Z 2023-12-17T21:01:49.454Z	93d49bee-04d4-50ad-af83-c617670ab776	INFO	Processing message c6b75069-cc91-48b2-a679-0a741f81e0a6

2023-12-17T21:01:49.460Z 2023-12-17T21:01:49.460Z	93d49bee-04d4-50ad-af83-c617670ab776	INFO	Start syncing the balance {
  transaction: {
    id: '01HHWSB4V4JGG8H93764KEVC5M',
    userId: 'f6749e52-c04c-4955-b695-94e3fc02488a',
    currency: 'SAR',
    amount: 90,
    vat: 0,
    oldBalance: 630,
    newBalance: 540
  }
}

2023-12-17T21:01:49.460Z 2023-12-17T21:01:49.460Z	93d49bee-04d4-50ad-af83-c617670ab776	INFO	Skipping the process, balance is already synced from other listeners

2023-12-17T21:01:49.472Z 2023-12-17T21:01:49.472Z	93d49bee-04d4-50ad-af83-c617670ab776	INFO	Processing message 0f81384b-aec8-4805-85b9-ef3c721d7afc

2023-12-17T21:01:49.477Z 2023-12-17T21:01:49.477Z	93d49bee-04d4-50ad-af83-c617670ab776	INFO	Start syncing the balance {
  transaction: {
    id: '01HHWSB78MMVBMEQNDFY0J1KEW',
    userId: '33f0b266-7eeb-42fe-bfb0-6bdf7ecae9f7',
    currency: 'SAR',
    amount: 42,
    vat: 0,
    oldBalance: 168,
    newBalance: 126
  }
}

2023-12-17T21:01:49.477Z 2023-12-17T21:01:49.477Z	93d49bee-04d4-50ad-af83-c617670ab776	INFO	Skipping the process, balance is already synced from other listeners

2023-12-17T21:01:49.491Z 2023-12-17T21:01:49.491Z	93d49bee-04d4-50ad-af83-c617670ab776	INFO	Processing message bd66369d-9b87-4402-9e3c-af729a0c0e43

2023-12-17T21:01:49.497Z 2023-12-17T21:01:49.497Z	93d49bee-04d4-50ad-af83-c617670ab776	INFO	Start syncing the balance {
  transaction: {
    id: '01HHWSB988MHRZ8MWYTJVF11XQ',
    userId: 'eab26565-2a53-4df2-989c-1ce0eabffd46',
    currency: 'SAR',
    amount: 90,
    vat: 0,
    oldBalance: 180,
    newBalance: 90
  }
}

2023-12-17T21:01:49.497Z 2023-12-17T21:01:49.497Z	93d49bee-04d4-50ad-af83-c617670ab776	INFO	Skipping the process, balance is already synced from other listeners

2023-12-17T21:01:49.511Z END RequestId: 93d49bee-04d4-50ad-af83-c617670ab776

2023-12-17T21:01:49.511Z REPORT RequestId: 93d49bee-04d4-50ad-af83-c617670ab776	Duration: 166.87 ms	Billed Duration: 167 ms	Memory Size: 1024 MB	Max Memory Used: 119 MB	
XRAY TraceId: 1-657f61bd-a2e186eb33e8a3e64b200e3b	SegmentId: 302836984b4f8b65	Sampled: true	

2023-12-17T21:02:04.578Z START RequestId: fa45bd52-a627-5892-bc07-e0abc5d0f320 Version: $LATEST

2023-12-17T21:02:04.607Z 2023-12-17T21:02:04.607Z	fa45bd52-a627-5892-bc07-e0abc5d0f320	INFO	Processing message 4f1c6b57-0dc1-4e7f-a284-2cc7969c80e5

2023-12-17T21:02:04.612Z 2023-12-17T21:02:04.612Z	fa45bd52-a627-5892-bc07-e0abc5d0f320	INFO	Start syncing the balance {
  transaction: {
    id: '01HHWSBDTNMZPM59Y4MRJXT4NT',
    userId: 'd4f9f25d-cda7-49fc-a9fd-126b455f6c81',
    currency: 'AED',
    amount: 117,
    vat: 0,
    oldBalance: 784,
    newBalance: 667
  }
}

2023-12-17T21:02:04.613Z 2023-12-17T21:02:04.613Z	fa45bd52-a627-5892-bc07-e0abc5d0f320	INFO	Skipping the process, balance is already synced from other listeners

2023-12-17T21:02:04.644Z 2023-12-17T21:02:04.644Z	fa45bd52-a627-5892-bc07-e0abc5d0f320	INFO	Processing message 91d84a8e-805f-4683-a312-c285a9255156

2023-12-17T21:02:04.649Z 2023-12-17T21:02:04.649Z	fa45bd52-a627-5892-bc07-e0abc5d0f320	INFO	Start syncing the balance {
  transaction: {
    id: '01HHWSBE42P7GV9XSNAN5S0GP4',
    userId: '8a7f8c21-2221-472e-9be8-877a538f282e',
    currency: 'BHD',
    amount: 9,
    vat: 0,
    oldBalance: 10171.524,
    newBalance: 10162.524
  }
}

2023-12-17T21:02:04.649Z 2023-12-17T21:02:04.649Z	fa45bd52-a627-5892-bc07-e0abc5d0f320	INFO	Skipping the process, balance is already synced from other listeners

2023-12-17T21:02:04.664Z 2023-12-17T21:02:04.664Z	fa45bd52-a627-5892-bc07-e0abc5d0f320	INFO	Processing message c43834a2-9196-41e1-ad53-f05ecc845e6e

2023-12-17T21:02:04.669Z 2023-12-17T21:02:04.669Z	fa45bd52-a627-5892-bc07-e0abc5d0f320	INFO	Start syncing the balance {
  transaction: {
    id: '01HHWSBGCCQPFFQXZTRFZ9DWGG',
    userId: '954efdec-5815-4925-b0f6-041d83c02b01',
    currency: 'BHD',
    amount: 4.5,
    vat: 0,
    oldBalance: 2051.5,
    newBalance: 2047
  }
}

2023-12-17T21:02:04.669Z 2023-12-17T21:02:04.669Z	fa45bd52-a627-5892-bc07-e0abc5d0f320	INFO	Skipping the process, balance is already synced from other listeners

2023-12-17T21:02:04.687Z 2023-12-17T21:02:04.687Z	fa45bd52-a627-5892-bc07-e0abc5d0f320	INFO	Processing message 0c2e3f42-1605-4ab8-9425-0bc4be033a14

2023-12-17T21:02:04.692Z 2023-12-17T21:02:04.692Z	fa45bd52-a627-5892-bc07-e0abc5d0f320	INFO	Start syncing the balance {
  transaction: {
    id: '01HHWSBK1GERNR8QNRZSQ0P9SK',
    userId: '711054ac-6b25-48a2-ad87-86831cebe8b2',
    currency: 'BHD',
    amount: 8,
    vat: 0,
    oldBalance: 36,
    newBalance: 28
  }
}

2023-12-17T21:02:04.692Z 2023-12-17T21:02:04.692Z	fa45bd52-a627-5892-bc07-e0abc5d0f320	INFO	Skipping the process, balance is already synced from other listeners

2023-12-17T21:02:04.701Z 2023-12-17T21:02:04.701Z	fa45bd52-a627-5892-bc07-e0abc5d0f320	INFO	Processing message d1c45331-1cf8-45f9-b56e-38d931271ad2

2023-12-17T21:02:04.707Z 2023-12-17T21:02:04.707Z	fa45bd52-a627-5892-bc07-e0abc5d0f320	INFO	Start syncing the balance {
  transaction: {
    id: '01HHWSBNKDCW745B6P04KG2PQR',
    userId: '713d78ac-3f08-4da9-a641-5ef7c13561bd',
    currency: 'BHD',
    amount: 8,
    vat: 0,
    oldBalance: 104,
    newBalance: 96
  }
}

2023-12-17T21:02:04.707Z 2023-12-17T21:02:04.707Z	fa45bd52-a627-5892-bc07-e0abc5d0f320	INFO	Skipping the process, balance is already synced from other listeners

2023-12-17T21:02:04.719Z 2023-12-17T21:02:04.719Z	fa45bd52-a627-5892-bc07-e0abc5d0f320	INFO	Processing message b2fb1b68-bc07-4e79-9049-324a03ff5083

2023-12-17T21:02:04.725Z 2023-12-17T21:02:04.725Z	fa45bd52-a627-5892-bc07-e0abc5d0f320	INFO	Start syncing the balance {
  transaction: {
    id: '01HHWSBQ5BD6P69EZ4TZX33G3W',
    userId: 'e635a3ea-fc8b-46c4-b091-5480637486ad',
    currency: 'BHD',
    amount: 18.6,
    vat: 0,
    oldBalance: 2035.0645,
    newBalance: 2016.465
  }
}

2023-12-17T21:02:04.725Z 2023-12-17T21:02:04.725Z	fa45bd52-a627-5892-bc07-e0abc5d0f320	INFO	Skipping the process, balance is already synced from other listeners

2023-12-17T21:02:04.740Z END RequestId: fa45bd52-a627-5892-bc07-e0abc5d0f320

2023-12-17T21:02:04.740Z REPORT RequestId: fa45bd52-a627-5892-bc07-e0abc5d0f320	Duration: 162.29 ms	Billed Duration: 163 ms	Memory Size: 1024 MB	Max Memory Used: 119 MB	
XRAY TraceId: 1-657f61cc-f6a1a1d9f96617baaa09a4a8	SegmentId: 4f19d8a740717815	Sampled: true	

2023-12-17T21:02:06.579Z START RequestId: e5e42ae0-33da-5e68-97c5-7719502e79b3 Version: $LATEST

2023-12-17T21:02:06.608Z 2023-12-17T21:02:06.608Z	e5e42ae0-33da-5e68-97c5-7719502e79b3	INFO	Processing message 54946578-5997-40db-b826-01f4c0f3bbd8

2023-12-17T21:02:06.613Z 2023-12-17T21:02:06.613Z	e5e42ae0-33da-5e68-97c5-7719502e79b3	INFO	Start syncing the balance {
  transaction: {
    id: '01HHWSBJ67Z6J6T5S8ZXT14GAV',
    userId: '75e32016-3c6f-475a-9c40-35e9d30eb4ed',
    currency: 'SAR',
    amount: 90,
    vat: 0,
    oldBalance: 2330,
    newBalance: 2240
  }
}

2023-12-17T21:02:06.613Z 2023-12-17T21:02:06.613Z	e5e42ae0-33da-5e68-97c5-7719502e79b3	INFO	Skipping the process, balance is already synced from other listeners

2023-12-17T21:02:06.623Z 2023-12-17T21:02:06.623Z	e5e42ae0-33da-5e68-97c5-7719502e79b3	INFO	Processing message d3ac0c7d-3fee-4877-a6eb-b5e4028848b2

2023-12-17T21:02:06.629Z 2023-12-17T21:02:06.629Z	e5e42ae0-33da-5e68-97c5-7719502e79b3	INFO	Start syncing the balance {
  transaction: {
    id: '01HHWSBQRQ5FW9JRJRC773H1XR',
    userId: '4fc86d01-309d-4534-9db4-73bdd8aabf80',
    currency: 'SAR',
    amount: 90,
    vat: 0,
    oldBalance: 630,
    newBalance: 540
  }
}

2023-12-17T21:02:06.629Z 2023-12-17T21:02:06.629Z	e5e42ae0-33da-5e68-97c5-7719502e79b3	INFO	Skipping the process, balance is already synced from other listeners

2023-12-17T21:02:06.638Z 2023-12-17T21:02:06.638Z	e5e42ae0-33da-5e68-97c5-7719502e79b3	INFO	Processing message 9f3a747b-b593-438f-9f0a-8a750f9e1f3f

2023-12-17T21:02:06.644Z 2023-12-17T21:02:06.644Z	e5e42ae0-33da-5e68-97c5-7719502e79b3	INFO	Start syncing the balance {
  transaction: {
    id: '01HHWSBS0R5GH38BNJM93MSF2P',
    userId: '52e9b0af-df54-445c-ab99-009199844ee3',
    currency: 'BHD',
    amount: 8,
    vat: 0,
    oldBalance: 56,
    newBalance: 48
  }
}

2023-12-17T21:02:06.644Z 2023-12-17T21:02:06.644Z	e5e42ae0-33da-5e68-97c5-7719502e79b3	INFO	Skipping the process, balance is already synced from other listeners

2023-12-17T21:02:06.655Z 2023-12-17T21:02:06.655Z	e5e42ae0-33da-5e68-97c5-7719502e79b3	INFO	Processing message 149c9b38-2e8f-4176-b00b-670153583788

2023-12-17T21:02:06.665Z 2023-12-17T21:02:06.665Z	e5e42ae0-33da-5e68-97c5-7719502e79b3	INFO	Start syncing the balance {
  transaction: {
    id: '01HHWSBSQMGRB7FW3GS26G15EJ',
    userId: 'be98bc1b-926c-4c56-a53c-7ccb51fdd41e',
    currency: 'SAR',
    amount: 90,
    vat: 0,
    oldBalance: 1350,
    newBalance: 1260
  }
}

2023-12-17T21:02:06.665Z 2023-12-17T21:02:06.665Z	e5e42ae0-33da-5e68-97c5-7719502e79b3	INFO	Skipping the process, balance is already synced from other listeners

2023-12-17T21:02:06.684Z 2023-12-17T21:02:06.684Z	e5e42ae0-33da-5e68-97c5-7719502e79b3	INFO	Processing message 9f3e3a3d-9d78-4779-9697-8b7a1870b517

2023-12-17T21:02:06.689Z 2023-12-17T21:02:06.689Z	e5e42ae0-33da-5e68-97c5-7719502e79b3	INFO	Start syncing the balance {
  transaction: {
    id: '01HHWSBVGPWB6793P5H52F7AS2',
    userId: '112d78fc-6053-4268-9312-0524d9746f5a',
    currency: 'BHD',
    amount: 8,
    vat: 0,
    oldBalance: 96,
    newBalance: 88
  }
}

2023-12-17T21:02:06.689Z 2023-12-17T21:02:06.689Z	e5e42ae0-33da-5e68-97c5-7719502e79b3	INFO	Skipping the process, balance is already synced from other listeners

2023-12-17T21:02:06.698Z 2023-12-17T21:02:06.698Z	e5e42ae0-33da-5e68-97c5-7719502e79b3	INFO	Processing message 608a8041-9577-4b86-8979-6a1e1bbcd501

2023-12-17T21:02:06.703Z 2023-12-17T21:02:06.703Z	e5e42ae0-33da-5e68-97c5-7719502e79b3	INFO	Start syncing the balance {
  transaction: {
    id: '01HHWSBWVVJ1KX7BKW6CPK82GM',
    userId: '803ab6c9-5b94-46b4-8464-62796540a4ff',
    currency: 'BHD',
    amount: 8,
    vat: 0,
    oldBalance: 152,
    newBalance: 144
  }
}

2023-12-17T21:02:06.703Z 2023-12-17T21:02:06.703Z	e5e42ae0-33da-5e68-97c5-7719502e79b3	INFO	Skipping the process, balance is already synced from other listeners

2023-12-17T21:02:06.726Z 2023-12-17T21:02:06.726Z	e5e42ae0-33da-5e68-97c5-7719502e79b3	INFO	Processing message e5847493-a553-411f-8323-5fe72d538d4e

2023-12-17T21:02:06.731Z 2023-12-17T21:02:06.731Z	e5e42ae0-33da-5e68-97c5-7719502e79b3	INFO	Start syncing the balance {
  transaction: {
    id: '01HHWSBY4C8FD9563BRHR02N8B',
    userId: '8fd614d8-9638-4c66-8345-319280777aae',
    currency: 'BHD',
    amount: 5.5,
    vat: 0,
    oldBalance: 213.5,
    newBalance: 208
  }
}

2023-12-17T21:02:06.731Z 2023-12-17T21:02:06.731Z	e5e42ae0-33da-5e68-97c5-7719502e79b3	INFO	Skipping the process, balance is already synced from other listeners

2023-12-17T21:02:06.744Z 2023-12-17T21:02:06.744Z	e5e42ae0-33da-5e68-97c5-7719502e79b3	INFO	Processing message b00b3f6a-7749-43c7-807f-cce1dc9e00f7

2023-12-17T21:02:06.751Z 2023-12-17T21:02:06.751Z	e5e42ae0-33da-5e68-97c5-7719502e79b3	INFO	Start syncing the balance {
  transaction: {
    id: '01HHWSC09T2WBZ0TN4KZWF636K',
    userId: '709c6d90-afa7-4f96-add9-be439e085a89',
    currency: 'BHD',
    amount: 11.5,
    vat: 0,
    oldBalance: 193.5,
    newBalance: 182
  }
}

2023-12-17T21:02:06.751Z 2023-12-17T21:02:06.751Z	e5e42ae0-33da-5e68-97c5-7719502e79b3	INFO	Skipping the process, balance is already synced from other listeners

2023-12-17T21:02:06.770Z END RequestId: e5e42ae0-33da-5e68-97c5-7719502e79b3

2023-12-17T21:02:06.770Z REPORT RequestId: e5e42ae0-33da-5e68-97c5-7719502e79b3	Duration: 191.03 ms	Billed Duration: 192 ms	Memory Size: 1024 MB	Max Memory Used: 119 MB	

2023-12-17T21:03:54.605Z START RequestId: be42c201-910d-596a-9e3b-9ff8f56fface Version: $LATEST

2023-12-17T21:03:54.645Z 2023-12-17T21:03:54.645Z	be42c201-910d-596a-9e3b-9ff8f56fface	INFO	Processing message f9eb932b-583d-4dde-a387-7a0b288b8e4d

2023-12-17T21:03:54.650Z 2023-12-17T21:03:54.650Z	be42c201-910d-596a-9e3b-9ff8f56fface	INFO	Start syncing the balance {
  transaction: {
    id: '01HHWSEX6ZDFCVP9MZA2MXNKMS',
    userId: 'fb387231-a328-4c4d-8d82-dda7943af9e7',
    currency: 'SAR',
    amount: 100,
    vat: 0,
    oldBalance: 41554,
    newBalance: 41454
  }
}

2023-12-17T21:03:54.650Z 2023-12-17T21:03:54.650Z	be42c201-910d-596a-9e3b-9ff8f56fface	INFO	Skipping the process, balance is already synced from other listeners

2023-12-17T21:03:54.678Z 2023-12-17T21:03:54.678Z	be42c201-910d-596a-9e3b-9ff8f56fface	INFO	Processing message 1930f3f7-3c49-44c0-956a-c6550d9fc5b0

2023-12-17T21:03:54.684Z 2023-12-17T21:03:54.684Z	be42c201-910d-596a-9e3b-9ff8f56fface	INFO	Start syncing the balance {
  transaction: {
    id: '01HHWSF01GQADCC101342YY3JA',
    userId: '460733e0-3f51-4cb4-b870-9f1a50ffd1a9',
    currency: 'BHD',
    amount: 9,
    vat: 0,
    oldBalance: 313,
    newBalance: 304
  }
}

2023-12-17T21:03:54.684Z 2023-12-17T21:03:54.684Z	be42c201-910d-596a-9e3b-9ff8f56fface	INFO	Skipping the process, balance is already synced from other listeners

2023-12-17T21:03:54.697Z 2023-12-17T21:03:54.697Z	be42c201-910d-596a-9e3b-9ff8f56fface	INFO	Processing message 28e5c924-5ad4-4b1d-aed8-f8c3e0e5ed67

2023-12-17T21:03:54.702Z 2023-12-17T21:03:54.702Z	be42c201-910d-596a-9e3b-9ff8f56fface	INFO	Start syncing the balance {
  transaction: {
    id: '01HHWSF32E4JJYMN881BQ5V5FK',
    userId: 'b5c4dcdb-6154-41fe-8e29-f93b8877687d',
    currency: 'BHD',
    amount: 8,
    vat: 0,
    oldBalance: 120.2,
    newBalance: 112.2
  }
}

2023-12-17T21:03:54.702Z 2023-12-17T21:03:54.702Z	be42c201-910d-596a-9e3b-9ff8f56fface	INFO	Skipping the process, balance is already synced from other listeners

2023-12-17T21:03:54.718Z 2023-12-17T21:03:54.718Z	be42c201-910d-596a-9e3b-9ff8f56fface	INFO	Processing message 862ebde1-f08c-4812-bfde-c9beb88d2591

2023-12-17T21:03:54.722Z 2023-12-17T21:03:54.722Z	be42c201-910d-596a-9e3b-9ff8f56fface	INFO	Start syncing the balance {
  transaction: {
    id: '01HHWSF5B1F981M0S6KDGKBF2P',
    userId: '2c77a724-b701-4868-b804-c96855a3e9d8',
    currency: 'BHD',
    amount: 8,
    vat: 0,
    oldBalance: 1726.3,
    newBalance: 1718.3
  }
}

2023-12-17T21:03:54.722Z 2023-12-17T21:03:54.722Z	be42c201-910d-596a-9e3b-9ff8f56fface	INFO	Skipping the process, balance is already synced from other listeners

2023-12-17T21:03:54.736Z 2023-12-17T21:03:54.736Z	be42c201-910d-596a-9e3b-9ff8f56fface	INFO	Processing message 62226610-68a8-459b-8bfb-29131ed3f055

2023-12-17T21:03:54.741Z 2023-12-17T21:03:54.741Z	be42c201-910d-596a-9e3b-9ff8f56fface	INFO	Start syncing the balance {
  transaction: {
    id: '01HHWSFA6J8E7ECH314GBK34Y4',
    userId: '1b7eebb3-02fc-4cd8-aabe-8d1db4d14c4e',
    currency: 'KWD',
    amount: 7.5,
    vat: 0,
    oldBalance: 37.5,
    newBalance: 30
  }
}

2023-12-17T21:03:54.741Z 2023-12-17T21:03:54.741Z	be42c201-910d-596a-9e3b-9ff8f56fface	INFO	Skipping the process, balance is already synced from other listeners

2023-12-17T21:03:54.755Z END RequestId: be42c201-910d-596a-9e3b-9ff8f56fface

2023-12-17T21:03:54.755Z REPORT RequestId: be42c201-910d-596a-9e3b-9ff8f56fface	Duration: 150.45 ms	Billed Duration: 151 ms	Memory Size: 1024 MB	Max Memory Used: 120 MB	

2023-12-17T21:03:59.179Z START RequestId: 69cd523e-ee8b-5d34-a478-0fc78ad42706 Version: $LATEST

2023-12-17T21:03:59.212Z 2023-12-17T21:03:59.212Z	69cd523e-ee8b-5d34-a478-0fc78ad42706	INFO	Processing message b4c100e3-5d90-4c36-984f-99e74011e07c

2023-12-17T21:03:59.218Z 2023-12-17T21:03:59.218Z	69cd523e-ee8b-5d34-a478-0fc78ad42706	INFO	Start syncing the balance {
  transaction: {
    id: '01HHWSF10RB9EV9V6ZTJ47GG36',
    userId: '9c3ae5d4-b369-4372-8e0c-edb55c929f42',
    currency: 'BHD',
    amount: 8,
    vat: 0,
    oldBalance: 48,
    newBalance: 40
  }
}

2023-12-17T21:03:59.218Z 2023-12-17T21:03:59.218Z	69cd523e-ee8b-5d34-a478-0fc78ad42706	INFO	Skipping the process, balance is already synced from other listeners

2023-12-17T21:03:59.231Z 2023-12-17T21:03:59.231Z	69cd523e-ee8b-5d34-a478-0fc78ad42706	INFO	Processing message 0c496ae6-fadc-4ef2-aa0f-3a1f2da0c347

2023-12-17T21:03:59.236Z 2023-12-17T21:03:59.236Z	69cd523e-ee8b-5d34-a478-0fc78ad42706	INFO	Start syncing the balance {
  transaction: {
    id: '01HHWSF2D652V2M3YAHGC9PSXA',
    userId: 'f5d66611-6d18-4c1d-8542-11e626c99c1e',
    currency: 'QAR',
    amount: 120,
    vat: 0,
    oldBalance: 920,
    newBalance: 800
  }
}

2023-12-17T21:03:59.236Z 2023-12-17T21:03:59.236Z	69cd523e-ee8b-5d34-a478-0fc78ad42706	INFO	Skipping the process, balance is already synced from other listeners

2023-12-17T21:03:59.253Z 2023-12-17T21:03:59.253Z	69cd523e-ee8b-5d34-a478-0fc78ad42706	INFO	Processing message 293894ab-44c6-4654-83ad-c67828350b6f

2023-12-17T21:03:59.259Z 2023-12-17T21:03:59.259Z	69cd523e-ee8b-5d34-a478-0fc78ad42706	INFO	Start syncing the balance {
  transaction: {
    id: '01HHWSF7PG4CY60D2MN8S87BP4',
    userId: '6e44450d-f3af-4661-ab1a-4f857ee3040f',
    currency: 'BHD',
    amount: 8,
    vat: 0,
    oldBalance: 126.49,
    newBalance: 118.49
  }
}

2023-12-17T21:03:59.259Z 2023-12-17T21:03:59.259Z	69cd523e-ee8b-5d34-a478-0fc78ad42706	INFO	Skipping the process, balance is already synced from other listeners

2023-12-17T21:03:59.271Z 2023-12-17T21:03:59.271Z	69cd523e-ee8b-5d34-a478-0fc78ad42706	INFO	Processing message 6d2eb516-2582-427d-8008-02109026e65b

2023-12-17T21:03:59.276Z 2023-12-17T21:03:59.276Z	69cd523e-ee8b-5d34-a478-0fc78ad42706	INFO	Start syncing the balance {
  transaction: {
    id: '01HHWSF7J56MH9VSZX8QF1QJH4',
    userId: '8174e74c-75e4-4db5-bacb-3ee96027ea49',
    currency: 'BHD',
    amount: 8,
    vat: 0,
    oldBalance: 152,
    newBalance: 144
  }
}

2023-12-17T21:03:59.276Z 2023-12-17T21:03:59.276Z	69cd523e-ee8b-5d34-a478-0fc78ad42706	INFO	Skipping the process, balance is already synced from other listeners

2023-12-17T21:03:59.295Z 2023-12-17T21:03:59.295Z	69cd523e-ee8b-5d34-a478-0fc78ad42706	INFO	Processing message 06d4130f-1dde-41ff-b150-4d064dcf89f2

2023-12-17T21:03:59.302Z 2023-12-17T21:03:59.302Z	69cd523e-ee8b-5d34-a478-0fc78ad42706	INFO	Start syncing the balance {
  transaction: {
    id: '01HHWSFAEQTTKSCH81N1KC5NQ0',
    userId: 'e1c32b5a-a239-407f-beaf-ffa0f81c7611',
    currency: 'BHD',
    amount: 7,
    vat: 0,
    oldBalance: 9700.6,
    newBalance: 9693.6
  }
}

2023-12-17T21:03:59.302Z 2023-12-17T21:03:59.302Z	69cd523e-ee8b-5d34-a478-0fc78ad42706	INFO	Skipping the process, balance is already synced from other listeners

2023-12-17T21:03:59.315Z 2023-12-17T21:03:59.315Z	69cd523e-ee8b-5d34-a478-0fc78ad42706	INFO	Processing message 95bdee8e-9920-4ee9-ad53-6a5d45b8b446

2023-12-17T21:03:59.321Z 2023-12-17T21:03:59.321Z	69cd523e-ee8b-5d34-a478-0fc78ad42706	INFO	Start syncing the balance {
  transaction: {
    id: '01HHWSFCM3X8S4Y3K1XQY6ZXD8',
    userId: '9d69ccbd-7096-4594-bfc6-08442200f760',
    currency: 'BHD',
    amount: 8,
    vat: 0,
    oldBalance: 56,
    newBalance: 48
  }
}

2023-12-17T21:03:59.321Z 2023-12-17T21:03:59.321Z	69cd523e-ee8b-5d34-a478-0fc78ad42706	INFO	Skipping the process, balance is already synced from other listeners

2023-12-17T21:03:59.338Z 2023-12-17T21:03:59.338Z	69cd523e-ee8b-5d34-a478-0fc78ad42706	INFO	Processing message 7b6f1ed8-4930-4043-9b55-dc324b877549

2023-12-17T21:03:59.344Z 2023-12-17T21:03:59.344Z	69cd523e-ee8b-5d34-a478-0fc78ad42706	INFO	Start syncing the balance {
  transaction: {
    id: '01HHWSFDZ52FYE1KGZ0H2FC1E7',
    userId: 'fccc7227-4227-4d7c-b634-2667d768b776',
    currency: 'BHD',
    amount: 8,
    vat: 0,
    oldBalance: 128,
    newBalance: 120
  }
}

2023-12-17T21:03:59.344Z 2023-12-17T21:03:59.344Z	69cd523e-ee8b-5d34-a478-0fc78ad42706	INFO	Skipping the process, balance is already synced from other listeners

2023-12-17T21:03:59.366Z END RequestId: 69cd523e-ee8b-5d34-a478-0fc78ad42706

2023-12-17T21:03:59.366Z REPORT RequestId: 69cd523e-ee8b-5d34-a478-0fc78ad42706	Duration: 186.59 ms	Billed Duration: 187 ms	Memory Size: 1024 MB	Max Memory Used: 120 MB	

2023-12-17T21:02:39.045Z START RequestId: de8ce5ab-1a85-53c4-bd89-b8527e997a22 Version: $LATEST

2023-12-17T21:02:39.075Z 2023-12-17T21:02:39.075Z	de8ce5ab-1a85-53c4-bd89-b8527e997a22	INFO	Processing message f8d6956d-ad93-47ea-9245-27c8908603cf

2023-12-17T21:02:39.083Z 2023-12-17T21:02:39.083Z	de8ce5ab-1a85-53c4-bd89-b8527e997a22	INFO	Start syncing the balance {
  transaction: {
    id: '01HHWSCKSGGX3HKAJ1DEDXQ199',
    userId: 'b3aab2eb-c83f-488f-9108-5fcbf7a5feba',
    currency: 'BHD',
    amount: 1.8,
    vat: 0,
    oldBalance: 83.8,
    newBalance: 82
  }
}

2023-12-17T21:02:39.084Z 2023-12-17T21:02:39.084Z	de8ce5ab-1a85-53c4-bd89-b8527e997a22	INFO	Skipping the process, balance is already synced from other listeners

2023-12-17T21:02:39.135Z 2023-12-17T21:02:39.135Z	de8ce5ab-1a85-53c4-bd89-b8527e997a22	INFO	Processing message b720fd8d-30e6-4a96-9037-876efc1cea7e

2023-12-17T21:02:39.144Z 2023-12-17T21:02:39.144Z	de8ce5ab-1a85-53c4-bd89-b8527e997a22	INFO	Start syncing the balance {
  transaction: {
    id: '01HHWSCQVNX1CTZ58MRYZSR7E1',
    userId: '8c1ac27b-4b34-4d12-b590-9279bbe32c5d',
    currency: 'BHD',
    amount: 4,
    vat: 0,
    oldBalance: 80.2,
    newBalance: 76.2
  }
}

2023-12-17T21:02:39.144Z 2023-12-17T21:02:39.144Z	de8ce5ab-1a85-53c4-bd89-b8527e997a22	INFO	Skipping the process, balance is already synced from other listeners

2023-12-17T21:02:39.159Z 2023-12-17T21:02:39.159Z	de8ce5ab-1a85-53c4-bd89-b8527e997a22	INFO	Processing message d32ca3ac-e016-40ee-b632-da69843868bb

2023-12-17T21:02:39.167Z 2023-12-17T21:02:39.167Z	de8ce5ab-1a85-53c4-bd89-b8527e997a22	INFO	Start syncing the balance {
  transaction: {
    id: '01HHWSCWWVP6VVX8YR2EBHE3Z5',
    userId: 'eb6875d4-8663-4dc5-8838-1148a2425c13',
    currency: 'BHD',
    amount: 4,
    vat: 0,
    oldBalance: 217.364,
    newBalance: 213.364
  }
}

2023-12-17T21:02:39.167Z 2023-12-17T21:02:39.167Z	de8ce5ab-1a85-53c4-bd89-b8527e997a22	INFO	Skipping the process, balance is already synced from other listeners

2023-12-17T21:02:39.185Z END RequestId: de8ce5ab-1a85-53c4-bd89-b8527e997a22

2023-12-17T21:02:39.185Z REPORT RequestId: de8ce5ab-1a85-53c4-bd89-b8527e997a22	Duration: 139.96 ms	Billed Duration: 140 ms	Memory Size: 1024 MB	Max Memory Used: 119 MB	
XRAY TraceId: 1-657f61ef-1bb252e0b7e930d73badac62	SegmentId: 16639aa41c4624e7	Sampled: true	

2023-12-17T21:02:45.108Z START RequestId: 5b50bffc-5176-535a-82cc-e205356b994d Version: $LATEST

2023-12-17T21:02:45.139Z 2023-12-17T21:02:45.139Z	5b50bffc-5176-535a-82cc-e205356b994d	INFO	Processing message d01984cd-01be-4cd1-bafc-a0e4be4ae3b1

2023-12-17T21:02:45.146Z 2023-12-17T21:02:45.146Z	5b50bffc-5176-535a-82cc-e205356b994d	INFO	Start syncing the balance {
  transaction: {
    id: '01HHWSCQMQ4MAV7KX6WDHJA6NG',
    userId: '383f0a7e-4daa-4294-ae9f-cafbddbb408e',
    currency: 'BHD',
    amount: 8,
    vat: 0,
    oldBalance: 292.5,
    newBalance: 284.5
  }
}

2023-12-17T21:02:45.146Z 2023-12-17T21:02:45.146Z	5b50bffc-5176-535a-82cc-e205356b994d	INFO	Skipping the process, balance is already synced from other listeners

2023-12-17T21:02:45.164Z 2023-12-17T21:02:45.164Z	5b50bffc-5176-535a-82cc-e205356b994d	INFO	Processing message 15ec7394-e0f3-40de-b30a-bc756c319346

2023-12-17T21:02:45.171Z 2023-12-17T21:02:45.171Z	5b50bffc-5176-535a-82cc-e205356b994d	INFO	Start syncing the balance {
  transaction: {
    id: '01HHWSCV1F2R2ZMDMG1DJPNPH5',
    userId: '34ba33ca-e3cd-4897-b0b0-771c0ea7407a',
    currency: 'SAR',
    amount: 90,
    vat: 0,
    oldBalance: 1990,
    newBalance: 1900
  }
}

2023-12-17T21:02:45.171Z 2023-12-17T21:02:45.171Z	5b50bffc-5176-535a-82cc-e205356b994d	INFO	Skipping the process, balance is already synced from other listeners

2023-12-17T21:02:45.185Z 2023-12-17T21:02:45.185Z	5b50bffc-5176-535a-82cc-e205356b994d	INFO	Processing message f6e1daa3-656a-4860-b7d6-b67c14d7280f

2023-12-17T21:02:45.190Z 2023-12-17T21:02:45.190Z	5b50bffc-5176-535a-82cc-e205356b994d	INFO	Start syncing the balance {
  transaction: {
    id: '01HHWSCV54JY9P7TYEVG7XFDNP',
    userId: '6f7b9fb3-bc7f-48c0-ab23-e436b3729b55',
    currency: 'SAR',
    amount: 90,
    vat: 0,
    oldBalance: 900,
    newBalance: 810
  }
}

2023-12-17T21:02:45.190Z 2023-12-17T21:02:45.190Z	5b50bffc-5176-535a-82cc-e205356b994d	INFO	Skipping the process, balance is already synced from other listeners

2023-12-17T21:02:45.220Z 2023-12-17T21:02:45.220Z	5b50bffc-5176-535a-82cc-e205356b994d	INFO	Processing message 8509e523-bddf-4d8c-9b54-81919b80f603

2023-12-17T21:02:45.226Z 2023-12-17T21:02:45.226Z	5b50bffc-5176-535a-82cc-e205356b994d	INFO	Start syncing the balance {
  transaction: {
    id: '01HHWSCY8H9MPC5N00AA5MC9XM',
    userId: 'cdd0df27-94a4-4f72-9e67-6f435cce0485',
    currency: 'BHD',
    amount: 11.5,
    vat: 0,
    oldBalance: 288.5,
    newBalance: 277
  }
}

2023-12-17T21:02:45.226Z 2023-12-17T21:02:45.226Z	5b50bffc-5176-535a-82cc-e205356b994d	INFO	Skipping the process, balance is already synced from other listeners

2023-12-17T21:02:45.243Z 2023-12-17T21:02:45.243Z	5b50bffc-5176-535a-82cc-e205356b994d	INFO	Processing message 416c5d38-1cfa-4d21-82ab-1b6f44a5473c

2023-12-17T21:02:45.248Z 2023-12-17T21:02:45.248Z	5b50bffc-5176-535a-82cc-e205356b994d	INFO	Start syncing the balance {
  transaction: {
    id: '01HHWSCZ1JBEQ83VYWZS8BJ4SS',
    userId: '0c540afa-9e73-4964-9ee6-918d1fae8d25',
    currency: 'BHD',
    amount: 8,
    vat: 0,
    oldBalance: 120,
    newBalance: 112
  }
}

2023-12-17T21:02:45.248Z 2023-12-17T21:02:45.248Z	5b50bffc-5176-535a-82cc-e205356b994d	INFO	Skipping the process, balance is already synced from other listeners

2023-12-17T21:02:45.259Z 2023-12-17T21:02:45.259Z	5b50bffc-5176-535a-82cc-e205356b994d	INFO	Processing message b3d442cd-ce8d-4f2d-8158-a06fdb2a42e2

2023-12-17T21:02:45.264Z 2023-12-17T21:02:45.264Z	5b50bffc-5176-535a-82cc-e205356b994d	INFO	Start syncing the balance {
  transaction: {
    id: '01HHWSD0NEDDNJX7YWANMK9MYC',
    userId: 'a10e7ad6-a70f-4ffa-bc51-4cfe8d04ee7c',
    currency: 'SAR',
    amount: 90,
    vat: 0,
    oldBalance: 960,
    newBalance: 870
  }
}

2023-12-17T21:02:45.265Z 2023-12-17T21:02:45.265Z	5b50bffc-5176-535a-82cc-e205356b994d	INFO	Skipping the process, balance is already synced from other listeners

2023-12-17T21:02:45.277Z 2023-12-17T21:02:45.277Z	5b50bffc-5176-535a-82cc-e205356b994d	INFO	Processing message 8bbfe004-8664-459d-8bdb-4788463f5f0b

2023-12-17T21:02:45.283Z 2023-12-17T21:02:45.283Z	5b50bffc-5176-535a-82cc-e205356b994d	INFO	Start syncing the balance {
  transaction: {
    id: '01HHWSD1DWFV986R0R0QWTNNET',
    userId: 'c6a1f70f-8d35-4e95-a4b5-e946b4c3944d',
    currency: 'SAR',
    amount: 100,
    vat: 0,
    oldBalance: 400,
    newBalance: 300
  }
}

2023-12-17T21:02:45.283Z 2023-12-17T21:02:45.283Z	5b50bffc-5176-535a-82cc-e205356b994d	INFO	Skipping the process, balance is already synced from other listeners

2023-12-17T21:02:45.297Z 2023-12-17T21:02:45.297Z	5b50bffc-5176-535a-82cc-e205356b994d	INFO	Processing message 23c3c999-92d8-4467-8ac7-af5ae6dcc18f

2023-12-17T21:02:45.303Z 2023-12-17T21:02:45.303Z	5b50bffc-5176-535a-82cc-e205356b994d	INFO	Start syncing the balance {
  transaction: {
    id: '01HHWSD3N2JEZ76J327J0PNYKW',
    userId: 'd06c6f87-3821-419e-83e5-6da960f789b4',
    currency: 'BHD',
    amount: 8,
    vat: 0,
    oldBalance: 27,
    newBalance: 19
  }
}

2023-12-17T21:02:45.304Z 2023-12-17T21:02:45.304Z	5b50bffc-5176-535a-82cc-e205356b994d	INFO	Skipping the process, balance is already synced from other listeners

2023-12-17T21:02:45.317Z 2023-12-17T21:02:45.317Z	5b50bffc-5176-535a-82cc-e205356b994d	INFO	Processing message 12866a77-0dbf-4a02-a057-6d88ed555303

2023-12-17T21:02:45.322Z 2023-12-17T21:02:45.322Z	5b50bffc-5176-535a-82cc-e205356b994d	INFO	Start syncing the balance {
  transaction: {
    id: '01HHWSD57305CT5NNPXJJXS10X',
    userId: '957d2c1a-b2ba-425e-8e77-49e25444b094',
    currency: 'BHD',
    amount: 6.5,
    vat: 0,
    oldBalance: 39,
    newBalance: 32.5
  }
}

2023-12-17T21:02:45.322Z 2023-12-17T21:02:45.322Z	5b50bffc-5176-535a-82cc-e205356b994d	INFO	Skipping the process, balance is already synced from other listeners

2023-12-17T21:02:45.336Z END RequestId: 5b50bffc-5176-535a-82cc-e205356b994d

2023-12-17T21:02:45.336Z REPORT RequestId: 5b50bffc-5176-535a-82cc-e205356b994d	Duration: 227.62 ms	Billed Duration: 228 ms	Memory Size: 1024 MB	Max Memory Used: 119 MB	
XRAY TraceId: 1-657f61f5-83e1b948c088ba44a81e1f60	SegmentId: 732d09ec63b2f127	Sampled: true	

2023-12-17T21:04:14.620Z START RequestId: 6573f36a-57a0-5d87-a9d8-ae9333d80326 Version: $LATEST

2023-12-17T21:04:14.662Z 2023-12-17T21:04:14.662Z	6573f36a-57a0-5d87-a9d8-ae9333d80326	INFO	Processing message 9f4c7001-0e88-4603-b91b-1dcfa399d1b8

2023-12-17T21:04:14.667Z 2023-12-17T21:04:14.667Z	6573f36a-57a0-5d87-a9d8-ae9333d80326	INFO	Start syncing the balance {
  transaction: {
    id: '01HHWSFEP8S5T4BRBVNK8WNF7Q',
    userId: '035e21a6-1dc3-4d87-bc4d-26b9dcefabbd',
    currency: 'BHD',
    amount: 8,
    vat: 0,
    oldBalance: 351.646,
    newBalance: 343.646
  }
}

2023-12-17T21:04:14.668Z 2023-12-17T21:04:14.668Z	6573f36a-57a0-5d87-a9d8-ae9333d80326	INFO	Skipping the process, balance is already synced from other listeners

2023-12-17T21:04:14.701Z 2023-12-17T21:04:14.701Z	6573f36a-57a0-5d87-a9d8-ae9333d80326	INFO	Processing message 50a57e22-bc32-425f-98f0-3d56c777627a

2023-12-17T21:04:14.707Z 2023-12-17T21:04:14.707Z	6573f36a-57a0-5d87-a9d8-ae9333d80326	INFO	Start syncing the balance {
  transaction: {
    id: '01HHWSFH01VNJCJMR9X1C8Z952',
    userId: 'e3a4d046-0a40-4076-a7fb-429d35771d81',
    currency: 'BHD',
    amount: 8,
    vat: 0,
    oldBalance: 113.636,
    newBalance: 105.636
  }
}

2023-12-17T21:04:14.707Z 2023-12-17T21:04:14.707Z	6573f36a-57a0-5d87-a9d8-ae9333d80326	INFO	Skipping the process, balance is already synced from other listeners

2023-12-17T21:04:14.722Z END RequestId: 6573f36a-57a0-5d87-a9d8-ae9333d80326

2023-12-17T21:04:14.722Z REPORT RequestId: 6573f36a-57a0-5d87-a9d8-ae9333d80326	Duration: 102.37 ms	Billed Duration: 103 ms	Memory Size: 1024 MB	Max Memory Used: 120 MB	

2023-12-17T21:03:38.121Z START RequestId: 991e71ab-93a5-5e50-8430-2c52f7fd8447 Version: $LATEST

2023-12-17T21:03:38.150Z 2023-12-17T21:03:38.150Z	991e71ab-93a5-5e50-8430-2c52f7fd8447	INFO	Processing message 6770f0ec-b0a4-4957-ae86-5a865e863b11

2023-12-17T21:03:38.155Z 2023-12-17T21:03:38.155Z	991e71ab-93a5-5e50-8430-2c52f7fd8447	INFO	Start syncing the balance {
  transaction: {
    id: '01HHWSEDBEY18K81MEFY4X6T70',
    userId: '7c820a39-47da-469c-ac7b-7207cc4dcb4b',
    currency: 'BHD',
    amount: 8,
    vat: 0,
    oldBalance: 120,
    newBalance: 112
  }
}

2023-12-17T21:03:38.155Z 2023-12-17T21:03:38.155Z	991e71ab-93a5-5e50-8430-2c52f7fd8447	INFO	Skipping the process, balance is already synced from other listeners

2023-12-17T21:03:38.193Z 2023-12-17T21:03:38.193Z	991e71ab-93a5-5e50-8430-2c52f7fd8447	INFO	Processing message a9cc45de-492f-41f1-ba9f-0d23c4beaae1

2023-12-17T21:03:38.198Z 2023-12-17T21:03:38.198Z	991e71ab-93a5-5e50-8430-2c52f7fd8447	INFO	Start syncing the balance {
  transaction: {
    id: '01HHWSEGXTKFBRV4P4P2Q93GZQ',
    userId: '7f97b814-017d-430e-9779-877ec174861e',
    currency: 'BHD',
    amount: 6,
    vat: 0,
    oldBalance: 996.7358,
    newBalance: 990.736
  }
}

2023-12-17T21:03:38.198Z 2023-12-17T21:03:38.198Z	991e71ab-93a5-5e50-8430-2c52f7fd8447	INFO	Skipping the process, balance is already synced from other listeners

2023-12-17T21:03:38.209Z 2023-12-17T21:03:38.209Z	991e71ab-93a5-5e50-8430-2c52f7fd8447	INFO	Processing message f0ddc096-a724-4d83-a79e-2c0c60b433c8

2023-12-17T21:03:38.215Z 2023-12-17T21:03:38.215Z	991e71ab-93a5-5e50-8430-2c52f7fd8447	INFO	Start syncing the balance {
  transaction: {
    id: '01HHWSEMD8G9VWMQVMR1GPPBHD',
    userId: '8cfb0a41-4446-43f9-8ace-c17b9c9a9c7e',
    currency: 'SAR',
    amount: 60,
    vat: 0,
    oldBalance: 19345,
    newBalance: 19285
  }
}

2023-12-17T21:03:38.215Z 2023-12-17T21:03:38.215Z	991e71ab-93a5-5e50-8430-2c52f7fd8447	INFO	Skipping the process, balance is already synced from other listeners

2023-12-17T21:03:38.235Z 2023-12-17T21:03:38.235Z	991e71ab-93a5-5e50-8430-2c52f7fd8447	INFO	Processing message 60cfae17-d9f3-4144-8a43-492366f551b2

2023-12-17T21:03:38.240Z 2023-12-17T21:03:38.240Z	991e71ab-93a5-5e50-8430-2c52f7fd8447	INFO	Start syncing the balance {
  transaction: {
    id: '01HHWSEMEZTAZFQ91KMK0NGH9K',
    userId: '3e5d306b-b329-4d4b-98dd-151cf9c831fd',
    currency: 'SAR',
    amount: 90,
    vat: 0,
    oldBalance: 450,
    newBalance: 360
  }
}

2023-12-17T21:03:38.241Z 2023-12-17T21:03:38.241Z	991e71ab-93a5-5e50-8430-2c52f7fd8447	INFO	Skipping the process, balance is already synced from other listeners

2023-12-17T21:03:38.254Z 2023-12-17T21:03:38.254Z	991e71ab-93a5-5e50-8430-2c52f7fd8447	INFO	Processing message 4a6e7894-27d4-4dd1-b13a-78628fdb7331

2023-12-17T21:03:38.259Z 2023-12-17T21:03:38.259Z	991e71ab-93a5-5e50-8430-2c52f7fd8447	INFO	Start syncing the balance {
  transaction: {
    id: '01HHWSEPRP34VMDTD0NQ5Z3X7A',
    userId: '7c962fba-91b0-45f8-a791-697111e203aa',
    currency: 'SAR',
    amount: 90,
    vat: 0,
    oldBalance: 630,
    newBalance: 540
  }
}

2023-12-17T21:03:38.259Z 2023-12-17T21:03:38.259Z	991e71ab-93a5-5e50-8430-2c52f7fd8447	INFO	Skipping the process, balance is already synced from other listeners

2023-12-17T21:03:38.275Z 2023-12-17T21:03:38.275Z	991e71ab-93a5-5e50-8430-2c52f7fd8447	INFO	Processing message 11ba4153-bb55-48ae-9446-2b9b9cb76c18

2023-12-17T21:03:38.281Z 2023-12-17T21:03:38.281Z	991e71ab-93a5-5e50-8430-2c52f7fd8447	INFO	Start syncing the balance {
  transaction: {
    id: '01HHWSEQ8A97T4NZ9R42BJC0JN',
    userId: 'a24c9e34-d8ed-4ab7-a077-efaa0c7ea383',
    currency: 'BHD',
    amount: 8,
    vat: 0,
    oldBalance: 112,
    newBalance: 104
  }
}

2023-12-17T21:03:38.281Z 2023-12-17T21:03:38.281Z	991e71ab-93a5-5e50-8430-2c52f7fd8447	INFO	Skipping the process, balance is already synced from other listeners

2023-12-17T21:03:38.293Z END RequestId: 991e71ab-93a5-5e50-8430-2c52f7fd8447

2023-12-17T21:03:38.293Z REPORT RequestId: 991e71ab-93a5-5e50-8430-2c52f7fd8447	Duration: 172.22 ms	Billed Duration: 173 ms	Memory Size: 1024 MB	Max Memory Used: 120 MB	

2023-12-17T21:03:42.694Z START RequestId: 64c84d16-5525-50f4-b999-10ef3178eac6 Version: $LATEST

2023-12-17T21:03:42.726Z 2023-12-17T21:03:42.726Z	64c84d16-5525-50f4-b999-10ef3178eac6	INFO	Processing message 8d470ecd-a92a-4aa7-84a7-6110fdfa96b5

2023-12-17T21:03:42.731Z 2023-12-17T21:03:42.731Z	64c84d16-5525-50f4-b999-10ef3178eac6	INFO	Start syncing the balance {
  transaction: {
    id: '01HHWSEJ6FWZGZTPVV8XDHH8RM',
    userId: '918122aa-3a94-4a48-8a42-ebf049fa6fb9',
    currency: 'BHD',
    amount: 8,
    vat: 0,
    oldBalance: 155,
    newBalance: 147
  }
}

2023-12-17T21:03:42.731Z 2023-12-17T21:03:42.731Z	64c84d16-5525-50f4-b999-10ef3178eac6	INFO	Skipping the process, balance is already synced from other listeners

2023-12-17T21:03:42.748Z 2023-12-17T21:03:42.748Z	64c84d16-5525-50f4-b999-10ef3178eac6	ERROR	Subscription balance and payment balance are not in sync {
  userId: '918122aa-3a94-4a48-8a42-ebf049fa6fb9',
  subscriptionBalance: 155,
  paymentBalance: 467
}

2023-12-17T21:03:42.749Z {"_aws":{"Timestamp":1702847022749,"CloudWatchMetrics":[{"Namespace":"apiService","Dimensions":[["service"]],"Metrics":[{"Name":"subBalanceDiscrapancy","Unit":"Count"}]}]},"service":"syncBalanceSQS","subBalanceDiscrapancy":1,"userId":"918122aa-3a94-4a48-8a42-ebf049fa6fb9","action":"DELIVERY_DEDUCTION"}

2023-12-17T21:03:42.779Z 2023-12-17T21:03:42.779Z	64c84d16-5525-50f4-b999-10ef3178eac6	INFO	Processing message 56ec7165-cea9-4e66-be56-2069dc865aa8

2023-12-17T21:03:42.785Z 2023-12-17T21:03:42.785Z	64c84d16-5525-50f4-b999-10ef3178eac6	INFO	Start syncing the balance {
  transaction: {
    id: '01HHWSERZC7BPFZD4KGEN34T3Z',
    userId: '00b2df99-692a-45c1-b277-854a63b3a168',
    currency: 'BHD',
    amount: 8,
    vat: 0,
    oldBalance: 82.2,
    newBalance: 74.2
  }
}

2023-12-17T21:03:42.785Z 2023-12-17T21:03:42.785Z	64c84d16-5525-50f4-b999-10ef3178eac6	INFO	Skipping the process, balance is already synced from other listeners

2023-12-17T21:03:42.796Z 2023-12-17T21:03:42.796Z	64c84d16-5525-50f4-b999-10ef3178eac6	INFO	Processing message 5d717cc0-c00c-49e4-b76b-7893740c51d8

2023-12-17T21:03:42.802Z 2023-12-17T21:03:42.802Z	64c84d16-5525-50f4-b999-10ef3178eac6	INFO	Start syncing the balance {
  transaction: {
    id: '01HHWSEVTF8D4JE4WC026PTB1M',
    userId: 'e2ba0d37-98ed-4a9f-a668-b8b97d667977',
    currency: 'SAR',
    amount: 90,
    vat: 0,
    oldBalance: 1080,
    newBalance: 990
  }
}

2023-12-17T21:03:42.802Z 2023-12-17T21:03:42.802Z	64c84d16-5525-50f4-b999-10ef3178eac6	INFO	Skipping the process, balance is already synced from other listeners

2023-12-17T21:03:42.817Z END RequestId: 64c84d16-5525-50f4-b999-10ef3178eac6

2023-12-17T21:03:42.817Z REPORT RequestId: 64c84d16-5525-50f4-b999-10ef3178eac6	Duration: 123.52 ms	Billed Duration: 124 ms	Memory Size: 1024 MB	Max Memory Used: 120 MB	

