2023-12-31T21:01:51.787Z START RequestId: 4d0cf521-7d7b-57dd-af0c-ab2aa58ebe27 Version: $LATEST

2023-12-31T21:01:51.815Z 2023-12-31T21:01:51.815Z	4d0cf521-7d7b-57dd-af0c-ab2aa58ebe27	INFO	Processing message 11f5c544-9e6a-43b5-a7a6-570eaeab9c2e

2023-12-31T21:01:51.820Z 2023-12-31T21:01:51.820Z	4d0cf521-7d7b-57dd-af0c-ab2aa58ebe27	INFO	Start syncing the balance {
  transaction: {
    id: '01HK0TXQ21B8T461ADK7NDRX7A',
    userId: 'cdd0df27-94a4-4f72-9e67-6f435cce0485',
    currency: 'BHD',
    amount: 9,
    vat: 0,
    oldBalance: 252.5,
    newBalance: 243.5
  }
}

2023-12-31T21:01:51.903Z 2023-12-31T21:01:51.903Z	4d0cf521-7d7b-57dd-af0c-ab2aa58ebe27	INFO	SubscriptionBalanceUpdated event published

2023-12-31T21:01:51.940Z 2023-12-31T21:01:51.940Z	4d0cf521-7d7b-57dd-af0c-ab2aa58ebe27	ERROR	Subscription balance and payment balance are not in sync {
  userId: 'cdd0df27-94a4-4f72-9e67-6f435cce0485',
  subscriptionBalance: 252.5,
  paymentBalance: 234.5
}

2023-12-31T21:01:51.960Z END RequestId: 4d0cf521-7d7b-57dd-af0c-ab2aa58ebe27

2023-12-31T21:01:51.960Z REPORT RequestId: 4d0cf521-7d7b-57dd-af0c-ab2aa58ebe27	Duration: 172.30 ms	Billed Duration: 173 ms	Memory Size: 512 MB	Max Memory Used: 136 MB	

2023-12-31T21:01:52.256Z START RequestId: 66a1850a-ca18-5d19-9332-db0112ee8b9a Version: $LATEST

2023-12-31T21:01:52.281Z 2023-12-31T21:01:52.281Z	66a1850a-ca18-5d19-9332-db0112ee8b9a	INFO	Processing message 5e9fb49c-bc2d-4419-b555-05af13d8f890

2023-12-31T21:01:52.286Z 2023-12-31T21:01:52.286Z	66a1850a-ca18-5d19-9332-db0112ee8b9a	INFO	Start syncing the balance {
  transaction: {
    id: '01HK0TXQ7BBXD37BNF185MGMWH',
    userId: 'cc209dc1-65cd-413e-8deb-9a8e37b333ad',
    currency: 'SAR',
    amount: 90,
    vat: 0,
    oldBalance: 2100,
    newBalance: 2010
  }
}

2023-12-31T21:01:52.325Z 2023-12-31T21:01:52.325Z	66a1850a-ca18-5d19-9332-db0112ee8b9a	INFO	SubscriptionBalanceUpdated event published

2023-12-31T21:01:52.339Z 2023-12-31T21:01:52.339Z	66a1850a-ca18-5d19-9332-db0112ee8b9a	ERROR	Subscription balance and payment balance are not in sync {
  userId: 'cc209dc1-65cd-413e-8deb-9a8e37b333ad',
  subscriptionBalance: 2100,
  paymentBalance: 1920
}

2023-12-31T21:01:52.358Z END RequestId: 66a1850a-ca18-5d19-9332-db0112ee8b9a

2023-12-31T21:01:52.358Z REPORT RequestId: 66a1850a-ca18-5d19-9332-db0112ee8b9a	Duration: 102.49 ms	Billed Duration: 103 ms	Memory Size: 512 MB	Max Memory Used: 136 MB	
XRAY TraceId: 1-6591d6c0-e48f1d0d4975bd3301ca0567	SegmentId: 7e12edd36344087e	Sampled: true	

2023-12-31T21:01:53.494Z START RequestId: 7636660e-3250-5455-a831-3805eaa6ef0a Version: $LATEST

2023-12-31T21:01:53.520Z 2023-12-31T21:01:53.520Z	7636660e-3250-5455-a831-3805eaa6ef0a	INFO	Processing message bfb2e63c-0e97-4575-ab55-bca224ff0ddb

2023-12-31T21:01:53.526Z 2023-12-31T21:01:53.526Z	7636660e-3250-5455-a831-3805eaa6ef0a	INFO	Start syncing the balance {
  transaction: {
    id: '01HK0TXRR3T97RJ2F5JPEW38YR',
    userId: '460733e0-3f51-4cb4-b870-9f1a50ffd1a9',
    currency: 'BHD',
    amount: 9,
    vat: 0,
    oldBalance: 350.364,
    newBalance: 341.364
  }
}

2023-12-31T21:01:53.570Z 2023-12-31T21:01:53.570Z	7636660e-3250-5455-a831-3805eaa6ef0a	INFO	SubscriptionBalanceUpdated event published

2023-12-31T21:01:53.585Z END RequestId: 7636660e-3250-5455-a831-3805eaa6ef0a

2023-12-31T21:01:53.585Z REPORT RequestId: 7636660e-3250-5455-a831-3805eaa6ef0a	Duration: 91.00 ms	Billed Duration: 92 ms	Memory Size: 512 MB	Max Memory Used: 136 MB	

2023-12-31T21:01:56.732Z START RequestId: 55b7211b-3c1f-51c7-ba5b-7f10e4e797ac Version: $LATEST

2023-12-31T21:01:56.759Z 2023-12-31T21:01:56.759Z	55b7211b-3c1f-51c7-ba5b-7f10e4e797ac	INFO	Processing message c988f13d-47f6-4c5d-9f59-02866155c7e8

2023-12-31T21:01:56.765Z 2023-12-31T21:01:56.765Z	55b7211b-3c1f-51c7-ba5b-7f10e4e797ac	INFO	Start syncing the balance {
  transaction: {
    id: '01HK0TXVNWX2PQAEGNWV6YJD0G',
    userId: '47d03621-dec7-4429-bee2-02be753fcdc4',
    currency: 'BHD',
    amount: 9,
    vat: 0,
    oldBalance: 228,
    newBalance: 219
  }
}

2023-12-31T21:01:56.811Z 2023-12-31T21:01:56.811Z	55b7211b-3c1f-51c7-ba5b-7f10e4e797ac	INFO	SubscriptionBalanceUpdated event published

2023-12-31T21:01:56.827Z 2023-12-31T21:01:56.827Z	55b7211b-3c1f-51c7-ba5b-7f10e4e797ac	ERROR	Subscription balance and payment balance are not in sync {
  userId: '47d03621-dec7-4429-bee2-02be753fcdc4',
  subscriptionBalance: 228,
  paymentBalance: 210
}

2023-12-31T21:01:56.845Z END RequestId: 55b7211b-3c1f-51c7-ba5b-7f10e4e797ac

2023-12-31T21:01:56.845Z REPORT RequestId: 55b7211b-3c1f-51c7-ba5b-7f10e4e797ac	Duration: 112.98 ms	Billed Duration: 113 ms	Memory Size: 512 MB	Max Memory Used: 136 MB	

2023-12-31T21:01:02.590Z INIT_START Runtime Version: nodejs:20.v13	Runtime Version ARN: arn:aws:lambda:us-east-1::runtime:6fb7e564fae3347add879359ec92013de1e84ce02488f36ec21448277c28707c

2023-12-31T21:01:03.607Z START RequestId: 4a1ffda9-7022-5e64-be92-a3a2a8e120d3 Version: $LATEST

2023-12-31T21:01:03.809Z 2023-12-31T21:01:03.809Z	4a1ffda9-7022-5e64-be92-a3a2a8e120d3	INFO	Processing message bff1a895-1bee-48a6-8ec0-749f339a02ee

2023-12-31T21:01:04.136Z 2023-12-31T21:01:04.136Z	4a1ffda9-7022-5e64-be92-a3a2a8e120d3	INFO	Start syncing the balance {
  transaction: {
    id: '01HK0TW59WPKX9PKRGFK0RWEE6',
    userId: 'ec5a25e9-6a06-43fa-9eca-0e31ec111076',
    currency: 'BHD',
    amount: 4,
    vat: 0,
    oldBalance: 94.181,
    newBalance: 90.181
  }
}

2023-12-31T21:01:04.346Z 2023-12-31T21:01:04.346Z	4a1ffda9-7022-5e64-be92-a3a2a8e120d3	INFO	SubscriptionBalanceUpdated event published

2023-12-31T21:01:04.405Z 2023-12-31T21:01:04.405Z	4a1ffda9-7022-5e64-be92-a3a2a8e120d3	ERROR	Subscription balance and payment balance are not in sync {
  userId: 'ec5a25e9-6a06-43fa-9eca-0e31ec111076',
  subscriptionBalance: 94.181,
  paymentBalance: 3304.878
}

2023-12-31T21:01:04.462Z END RequestId: 4a1ffda9-7022-5e64-be92-a3a2a8e120d3

2023-12-31T21:01:04.462Z REPORT RequestId: 4a1ffda9-7022-5e64-be92-a3a2a8e120d3	Duration: 855.32 ms	Billed Duration: 856 ms	Memory Size: 512 MB	Max Memory Used: 136 MB	Init Duration: 1013.62 ms	

2023-12-31T21:01:05.097Z START RequestId: 941effcd-64c5-5be6-ba21-a1c6bc141551 Version: $LATEST

2023-12-31T21:01:05.129Z 2023-12-31T21:01:05.129Z	941effcd-64c5-5be6-ba21-a1c6bc141551	INFO	Processing message c8970f83-d5bf-4162-bfce-63b177f47dee

2023-12-31T21:01:05.137Z 2023-12-31T21:01:05.137Z	941effcd-64c5-5be6-ba21-a1c6bc141551	INFO	Start syncing the balance {
  transaction: {
    id: '01HK0TW690ATZX9QE8QTRSXCJN',
    userId: 'be98bc1b-926c-4c56-a53c-7ccb51fdd41e',
    currency: 'SAR',
    amount: 90,
    vat: 0,
    oldBalance: 450,
    newBalance: 360
  }
}

2023-12-31T21:01:05.174Z 2023-12-31T21:01:05.174Z	941effcd-64c5-5be6-ba21-a1c6bc141551	INFO	SubscriptionBalanceUpdated event published

2023-12-31T21:01:05.186Z 2023-12-31T21:01:05.186Z	941effcd-64c5-5be6-ba21-a1c6bc141551	ERROR	Subscription balance and payment balance are not in sync {
  userId: 'be98bc1b-926c-4c56-a53c-7ccb51fdd41e',
  subscriptionBalance: 450,
  paymentBalance: 270
}

2023-12-31T21:01:05.204Z 2023-12-31T21:01:05.204Z	941effcd-64c5-5be6-ba21-a1c6bc141551	INFO	Processing message 33a681b5-7534-4e82-a6ee-a046308576e6

2023-12-31T21:01:05.215Z 2023-12-31T21:01:05.215Z	941effcd-64c5-5be6-ba21-a1c6bc141551	INFO	Start syncing the balance {
  transaction: {
    id: '01HK0TW4KZ68814AYJYG0TZQVY',
    userId: '1512d48d-0511-43c6-9c32-cca80736120d',
    currency: 'BHD',
    amount: 8,
    vat: 0,
    oldBalance: 13,
    newBalance: 5
  }
}

2023-12-31T21:01:05.258Z 2023-12-31T21:01:05.258Z	941effcd-64c5-5be6-ba21-a1c6bc141551	INFO	SubscriptionBalanceUpdated event published

2023-12-31T21:01:05.275Z 2023-12-31T21:01:05.275Z	941effcd-64c5-5be6-ba21-a1c6bc141551	INFO	Processing message 9065f7d1-6fe6-4580-ba78-fa559ab52d3c

2023-12-31T21:01:05.282Z 2023-12-31T21:01:05.282Z	941effcd-64c5-5be6-ba21-a1c6bc141551	INFO	Start syncing the balance {
  transaction: {
    id: '01HK0TW4RG48G90KE9C6SNNQNY',
    userId: 'b66d065b-3a4b-4871-9d0c-99701e74c8e9',
    currency: 'SAR',
    amount: 90,
    vat: 0,
    oldBalance: 24672,
    newBalance: 24582
  }
}

2023-12-31T21:01:05.329Z 2023-12-31T21:01:05.329Z	941effcd-64c5-5be6-ba21-a1c6bc141551	INFO	SubscriptionBalanceUpdated event published

2023-12-31T21:01:05.342Z 2023-12-31T21:01:05.342Z	941effcd-64c5-5be6-ba21-a1c6bc141551	ERROR	Subscription balance and payment balance are not in sync {
  userId: 'b66d065b-3a4b-4871-9d0c-99701e74c8e9',
  subscriptionBalance: 24672,
  paymentBalance: 32250
}

2023-12-31T21:01:05.357Z 2023-12-31T21:01:05.357Z	941effcd-64c5-5be6-ba21-a1c6bc141551	INFO	Processing message 942b7420-8056-4cce-b698-12b7df027e0c

2023-12-31T21:01:05.363Z 2023-12-31T21:01:05.363Z	941effcd-64c5-5be6-ba21-a1c6bc141551	INFO	Start syncing the balance {
  transaction: {
    id: '01HK0TW6DMBAGPAVY0YV2QN985',
    userId: 'e86bf810-ce46-40cb-b7d0-fbc8517fe1a1',
    currency: 'SAR',
    amount: 90,
    vat: 0,
    oldBalance: 720,
    newBalance: 630
  }
}

2023-12-31T21:01:05.411Z 2023-12-31T21:01:05.411Z	941effcd-64c5-5be6-ba21-a1c6bc141551	INFO	SubscriptionBalanceUpdated event published

2023-12-31T21:01:05.425Z 2023-12-31T21:01:05.425Z	941effcd-64c5-5be6-ba21-a1c6bc141551	INFO	Processing message bd156e77-b51a-43d4-b66c-6785542c74e3

2023-12-31T21:01:05.431Z 2023-12-31T21:01:05.431Z	941effcd-64c5-5be6-ba21-a1c6bc141551	INFO	Start syncing the balance {
  transaction: {
    id: '01HK0TW54BP896JTY58WVM669T',
    userId: 'ca4da5ef-df7d-417f-8098-80c027212092',
    currency: 'SAR',
    amount: 20,
    vat: 0,
    oldBalance: 800.62,
    newBalance: 780.62
  }
}

2023-12-31T21:01:05.469Z 2023-12-31T21:01:05.469Z	941effcd-64c5-5be6-ba21-a1c6bc141551	INFO	SubscriptionBalanceUpdated event published

2023-12-31T21:01:05.483Z 2023-12-31T21:01:05.483Z	941effcd-64c5-5be6-ba21-a1c6bc141551	ERROR	Subscription balance and payment balance are not in sync {
  userId: 'ca4da5ef-df7d-417f-8098-80c027212092',
  subscriptionBalance: 800.62,
  paymentBalance: 2250.62
}

2023-12-31T21:01:05.501Z 2023-12-31T21:01:05.501Z	941effcd-64c5-5be6-ba21-a1c6bc141551	INFO	Processing message 010b4ea0-028f-4a0a-aefc-98f009925fc0

2023-12-31T21:01:05.508Z 2023-12-31T21:01:05.508Z	941effcd-64c5-5be6-ba21-a1c6bc141551	INFO	Start syncing the balance {
  transaction: {
    id: '01HK0TW5X0QXB80K423MH1P3CQ',
    userId: 'f8c629ff-e140-4e26-b38c-f99d237959da',
    currency: 'SAR',
    amount: 100,
    vat: 0,
    oldBalance: 1543.93,
    newBalance: 1443.93
  }
}

2023-12-31T21:01:05.568Z 2023-12-31T21:01:05.568Z	941effcd-64c5-5be6-ba21-a1c6bc141551	INFO	SubscriptionBalanceUpdated event published

2023-12-31T21:01:05.581Z 2023-12-31T21:01:05.581Z	941effcd-64c5-5be6-ba21-a1c6bc141551	ERROR	Subscription balance and payment balance are not in sync {
  userId: 'f8c629ff-e140-4e26-b38c-f99d237959da',
  subscriptionBalance: 1543.93,
  paymentBalance: 11438.93
}

2023-12-31T21:01:05.600Z 2023-12-31T21:01:05.600Z	941effcd-64c5-5be6-ba21-a1c6bc141551	INFO	Processing message 926650be-8d5c-43df-8ab2-abde04298142

2023-12-31T21:01:05.607Z 2023-12-31T21:01:05.607Z	941effcd-64c5-5be6-ba21-a1c6bc141551	INFO	Start syncing the balance {
  transaction: {
    id: '01HK0TW79QHSP6B0D4YHPG4Y36',
    userId: 'da3380f3-1016-4965-881a-0bb66f3a801e',
    currency: 'BHD',
    amount: 1.8,
    vat: 0,
    oldBalance: 36,
    newBalance: 34.2
  }
}

2023-12-31T21:01:05.647Z 2023-12-31T21:01:05.647Z	941effcd-64c5-5be6-ba21-a1c6bc141551	INFO	SubscriptionBalanceUpdated event published

2023-12-31T21:01:05.661Z 2023-12-31T21:01:05.661Z	941effcd-64c5-5be6-ba21-a1c6bc141551	ERROR	Subscription balance and payment balance are not in sync {
  userId: 'da3380f3-1016-4965-881a-0bb66f3a801e',
  subscriptionBalance: 36,
  paymentBalance: 32.4
}

2023-12-31T21:01:05.678Z END RequestId: 941effcd-64c5-5be6-ba21-a1c6bc141551

2023-12-31T21:01:05.678Z REPORT RequestId: 941effcd-64c5-5be6-ba21-a1c6bc141551	Duration: 581.08 ms	Billed Duration: 582 ms	Memory Size: 512 MB	Max Memory Used: 136 MB	
XRAY TraceId: 1-6591d691-4fc3f53a12b22e91971740e6	SegmentId: 788ffee542171b81	Sampled: true	

2023-12-31T21:01:07.403Z START RequestId: 9a5bab91-2621-5e9c-b946-f59afef040d5 Version: $LATEST

2023-12-31T21:01:07.436Z 2023-12-31T21:01:07.436Z	9a5bab91-2621-5e9c-b946-f59afef040d5	INFO	Processing message aef5b59b-85b2-494b-a0f2-6dadb9752c39

2023-12-31T21:01:07.442Z 2023-12-31T21:01:07.442Z	9a5bab91-2621-5e9c-b946-f59afef040d5	INFO	Start syncing the balance {
  transaction: {
    id: '01HK0TWBQS0VHN5R1DX0ASA2TF',
    userId: 'fb387231-a328-4c4d-8d82-dda7943af9e7',
    currency: 'SAR',
    amount: 100,
    vat: 0,
    oldBalance: 40554,
    newBalance: 40454
  }
}

2023-12-31T21:01:07.491Z 2023-12-31T21:01:07.491Z	9a5bab91-2621-5e9c-b946-f59afef040d5	INFO	SubscriptionBalanceUpdated event published

2023-12-31T21:01:07.505Z 2023-12-31T21:01:07.505Z	9a5bab91-2621-5e9c-b946-f59afef040d5	ERROR	Subscription balance and payment balance are not in sync {
  userId: 'fb387231-a328-4c4d-8d82-dda7943af9e7',
  subscriptionBalance: 40554,
  paymentBalance: 40354
}

2023-12-31T21:01:07.522Z END RequestId: 9a5bab91-2621-5e9c-b946-f59afef040d5

2023-12-31T21:01:07.522Z REPORT RequestId: 9a5bab91-2621-5e9c-b946-f59afef040d5	Duration: 118.54 ms	Billed Duration: 119 ms	Memory Size: 512 MB	Max Memory Used: 136 MB	

2023-12-31T21:01:19.976Z START RequestId: ed468688-c23c-5883-b1ee-d8831ae76e00 Version: $LATEST

2023-12-31T21:01:20.005Z 2023-12-31T21:01:20.005Z	ed468688-c23c-5883-b1ee-d8831ae76e00	INFO	Processing message 538ff9f7-a1c8-4544-9431-382bacfa1a6f

2023-12-31T21:01:20.010Z 2023-12-31T21:01:20.010Z	ed468688-c23c-5883-b1ee-d8831ae76e00	INFO	Start syncing the balance {
  transaction: {
    id: '01HK0TWQVJ1W0PKR0G1MBDMZTZ',
    userId: 'e2ba0d37-98ed-4a9f-a668-b8b97d667977',
    currency: 'SAR',
    amount: 90,
    vat: 0,
    oldBalance: 360,
    newBalance: 270
  }
}

2023-12-31T21:01:20.068Z 2023-12-31T21:01:20.068Z	ed468688-c23c-5883-b1ee-d8831ae76e00	INFO	SubscriptionBalanceUpdated event published

2023-12-31T21:01:20.106Z END RequestId: ed468688-c23c-5883-b1ee-d8831ae76e00

2023-12-31T21:01:20.106Z REPORT RequestId: ed468688-c23c-5883-b1ee-d8831ae76e00	Duration: 130.14 ms	Billed Duration: 131 ms	Memory Size: 512 MB	Max Memory Used: 136 MB	

2023-12-31T21:01:22.186Z START RequestId: 4be1c8da-0774-5388-a6f6-96d1df943d3f Version: $LATEST

2023-12-31T21:01:22.214Z 2023-12-31T21:01:22.214Z	4be1c8da-0774-5388-a6f6-96d1df943d3f	INFO	Processing message 8617db30-37a2-4433-b80c-cbcfa8a026da

2023-12-31T21:01:22.235Z 2023-12-31T21:01:22.235Z	4be1c8da-0774-5388-a6f6-96d1df943d3f	INFO	Start syncing the balance {
  transaction: {
    id: '01HK0TWT061XPSN1BH6MZRFM4B',
    userId: '1b5748cb-c677-44ab-9d61-940e554fc014',
    currency: 'KWD',
    amount: 7.5,
    vat: 0,
    oldBalance: 161,
    newBalance: 153.5
  }
}

2023-12-31T21:01:22.278Z 2023-12-31T21:01:22.278Z	4be1c8da-0774-5388-a6f6-96d1df943d3f	INFO	SubscriptionBalanceUpdated event published

2023-12-31T21:01:22.294Z 2023-12-31T21:01:22.294Z	4be1c8da-0774-5388-a6f6-96d1df943d3f	ERROR	Subscription balance and payment balance are not in sync {
  userId: '1b5748cb-c677-44ab-9d61-940e554fc014',
  subscriptionBalance: 161,
  paymentBalance: 146
}

2023-12-31T21:01:22.314Z END RequestId: 4be1c8da-0774-5388-a6f6-96d1df943d3f

2023-12-31T21:01:22.314Z REPORT RequestId: 4be1c8da-0774-5388-a6f6-96d1df943d3f	Duration: 128.07 ms	Billed Duration: 129 ms	Memory Size: 512 MB	Max Memory Used: 136 MB	

2023-12-31T21:01:26.205Z START RequestId: 1af3dc9b-530e-5bb8-a38b-82908bee55f1 Version: $LATEST

2023-12-31T21:01:26.233Z 2023-12-31T21:01:26.233Z	1af3dc9b-530e-5bb8-a38b-82908bee55f1	INFO	Processing message 592456d0-0638-433b-8d21-03110ef896d2

2023-12-31T21:01:26.238Z 2023-12-31T21:01:26.238Z	1af3dc9b-530e-5bb8-a38b-82908bee55f1	INFO	Start syncing the balance {
  transaction: {
    id: '01HK0TWXN54HT6YMHEDJEQPQFD',
    userId: '8a7f8c21-2221-472e-9be8-877a538f282e',
    currency: 'BHD',
    amount: 9,
    vat: 0,
    oldBalance: 10102.524,
    newBalance: 10093.524
  }
}

2023-12-31T21:01:26.282Z 2023-12-31T21:01:26.282Z	1af3dc9b-530e-5bb8-a38b-82908bee55f1	INFO	SubscriptionBalanceUpdated event published

2023-12-31T21:01:26.293Z END RequestId: 1af3dc9b-530e-5bb8-a38b-82908bee55f1

2023-12-31T21:01:26.293Z REPORT RequestId: 1af3dc9b-530e-5bb8-a38b-82908bee55f1	Duration: 87.53 ms	Billed Duration: 88 ms	Memory Size: 512 MB	Max Memory Used: 136 MB	

2023-12-31T21:01:26.934Z START RequestId: cd358abf-61fe-51de-943e-d4b4b91e9824 Version: $LATEST

2023-12-31T21:01:26.960Z 2023-12-31T21:01:26.960Z	cd358abf-61fe-51de-943e-d4b4b91e9824	INFO	Processing message 7ce70234-3906-4535-b8ad-a4f0bc14776b

2023-12-31T21:01:26.966Z 2023-12-31T21:01:26.966Z	cd358abf-61fe-51de-943e-d4b4b91e9824	INFO	Start syncing the balance {
  transaction: {
    id: '01HK0TWYMQTPRB3KSKJ4XZKWM6',
    userId: '7fdb17cc-8581-4dd8-9733-20698a4dbf01',
    currency: 'SAR',
    amount: 90,
    vat: 0,
    oldBalance: 1980,
    newBalance: 1890
  }
}

2023-12-31T21:01:27.003Z 2023-12-31T21:01:27.003Z	cd358abf-61fe-51de-943e-d4b4b91e9824	INFO	SubscriptionBalanceUpdated event published

2023-12-31T21:01:27.014Z 2023-12-31T21:01:27.014Z	cd358abf-61fe-51de-943e-d4b4b91e9824	ERROR	Subscription balance and payment balance are not in sync {
  userId: '7fdb17cc-8581-4dd8-9733-20698a4dbf01',
  subscriptionBalance: 1980,
  paymentBalance: 1800
}

2023-12-31T21:01:27.038Z END RequestId: cd358abf-61fe-51de-943e-d4b4b91e9824

2023-12-31T21:01:27.038Z REPORT RequestId: cd358abf-61fe-51de-943e-d4b4b91e9824	Duration: 103.38 ms	Billed Duration: 104 ms	Memory Size: 512 MB	Max Memory Used: 136 MB	

2023-12-31T21:01:27.193Z START RequestId: 26d02626-8197-5811-8c8a-782d5975ae92 Version: $LATEST

2023-12-31T21:01:27.220Z 2023-12-31T21:01:27.220Z	26d02626-8197-5811-8c8a-782d5975ae92	INFO	Processing message 42a8092c-2105-47fb-9ef5-d6d5b14e8cf2

2023-12-31T21:01:27.225Z 2023-12-31T21:01:27.225Z	26d02626-8197-5811-8c8a-782d5975ae92	INFO	Start syncing the balance {
  transaction: {
    id: '01HK0TWYW3X1JT3AHWN8BFVCKS',
    userId: '92d3b524-f2b5-4ea1-972c-42f16f6ecb49',
    currency: 'BHD',
    amount: 9,
    vat: 0,
    oldBalance: 234,
    newBalance: 225
  }
}

2023-12-31T21:01:27.262Z 2023-12-31T21:01:27.262Z	26d02626-8197-5811-8c8a-782d5975ae92	INFO	SubscriptionBalanceUpdated event published

2023-12-31T21:01:27.277Z 2023-12-31T21:01:27.277Z	26d02626-8197-5811-8c8a-782d5975ae92	ERROR	Subscription balance and payment balance are not in sync {
  userId: '92d3b524-f2b5-4ea1-972c-42f16f6ecb49',
  subscriptionBalance: 234,
  paymentBalance: 216
}

2023-12-31T21:01:27.295Z END RequestId: 26d02626-8197-5811-8c8a-782d5975ae92

2023-12-31T21:01:27.295Z REPORT RequestId: 26d02626-8197-5811-8c8a-782d5975ae92	Duration: 101.88 ms	Billed Duration: 102 ms	Memory Size: 512 MB	Max Memory Used: 136 MB	

2023-12-31T21:01:28.524Z START RequestId: 7264ce66-f8c9-5f9c-a43a-906d202b112b Version: $LATEST

2023-12-31T21:01:28.543Z 2023-12-31T21:01:28.543Z	7264ce66-f8c9-5f9c-a43a-906d202b112b	INFO	Processing message 0e5d2ec4-847e-4b2f-acfd-35d0708fcae4

2023-12-31T21:01:28.550Z 2023-12-31T21:01:28.550Z	7264ce66-f8c9-5f9c-a43a-906d202b112b	INFO	Start syncing the balance {
  transaction: {
    id: '01HK0TX03X6TAD43PMEQYQCXYR',
    userId: '8c1ac27b-4b34-4d12-b590-9279bbe32c5d',
    currency: 'BHD',
    amount: 4,
    vat: 0,
    oldBalance: 56.2,
    newBalance: 52.2
  }
}

2023-12-31T21:01:28.593Z 2023-12-31T21:01:28.593Z	7264ce66-f8c9-5f9c-a43a-906d202b112b	INFO	SubscriptionBalanceUpdated event published

2023-12-31T21:01:28.603Z 2023-12-31T21:01:28.603Z	7264ce66-f8c9-5f9c-a43a-906d202b112b	ERROR	Subscription balance and payment balance are not in sync {
  userId: '8c1ac27b-4b34-4d12-b590-9279bbe32c5d',
  subscriptionBalance: 56.2,
  paymentBalance: -4.8
}

2023-12-31T21:01:28.621Z END RequestId: 7264ce66-f8c9-5f9c-a43a-906d202b112b

2023-12-31T21:01:28.621Z REPORT RequestId: 7264ce66-f8c9-5f9c-a43a-906d202b112b	Duration: 96.67 ms	Billed Duration: 97 ms	Memory Size: 512 MB	Max Memory Used: 136 MB	

2023-12-31T21:01:38.451Z START RequestId: 24c4c06b-45b7-5343-aa2c-9e609d5a05c0 Version: $LATEST

2023-12-31T21:01:38.493Z 2023-12-31T21:01:38.493Z	24c4c06b-45b7-5343-aa2c-9e609d5a05c0	INFO	Processing message 8b2ef43a-88e2-409a-b9df-b3eb41aab01d

2023-12-31T21:01:38.498Z 2023-12-31T21:01:38.498Z	24c4c06b-45b7-5343-aa2c-9e609d5a05c0	INFO	Start syncing the balance {
  transaction: {
    id: '01HK0TX9R9BGH1QK4ZTC32CAS5',
    userId: 'e55755fa-20dd-410d-af94-d4ced92039be',
    currency: 'BHD',
    amount: 9,
    vat: 0,
    oldBalance: 273,
    newBalance: 264
  }
}

2023-12-31T21:01:38.620Z 2023-12-31T21:01:38.620Z	24c4c06b-45b7-5343-aa2c-9e609d5a05c0	INFO	SubscriptionBalanceUpdated event published

2023-12-31T21:01:38.704Z 2023-12-31T21:01:38.704Z	24c4c06b-45b7-5343-aa2c-9e609d5a05c0	ERROR	Subscription balance and payment balance are not in sync {
  userId: 'e55755fa-20dd-410d-af94-d4ced92039be',
  subscriptionBalance: 273,
  paymentBalance: 255
}

2023-12-31T21:01:38.722Z END RequestId: 24c4c06b-45b7-5343-aa2c-9e609d5a05c0

2023-12-31T21:01:38.722Z REPORT RequestId: 24c4c06b-45b7-5343-aa2c-9e609d5a05c0	Duration: 270.96 ms	Billed Duration: 271 ms	Memory Size: 512 MB	Max Memory Used: 136 MB	

