2023-12-21T14:19:31.836Z START RequestId: 8bbcc388-11c4-5db7-99a7-9e765a6fbe74 Version: $LATEST

2023-12-21T14:19:32.046Z 2023-12-21T14:19:32.046Z	8bbcc388-11c4-5db7-99a7-9e765a6fbe74	INFO	Processing message b9164cf4-1e21-4ae2-aac4-a62c77cc203b

2023-12-21T14:19:32.073Z 2023-12-21T14:19:32.073Z	8bbcc388-11c4-5db7-99a7-9e765a6fbe74	INFO	Start syncing the balance {
  transaction: {
    id: '01HJ6BXTMKRB8KYCSG6BJT3433',
    userId: '460733e0-3f51-4cb4-b870-9f1a50ffd1a9',
    currency: 'BHD',
    amount: 54,
    vat: 4.909,
    oldBalance: 337.273,
    newBalance: 386.364
  }
}

2023-12-21T14:19:32.130Z 2023-12-21T14:19:32.130Z	8bbcc388-11c4-5db7-99a7-9e765a6fbe74	INFO	SubscriptionBalanceUpdated event published

2023-12-21T14:19:32.419Z END RequestId: 8bbcc388-11c4-5db7-99a7-9e765a6fbe74

2023-12-21T14:19:32.419Z REPORT RequestId: 8bbcc388-11c4-5db7-99a7-9e765a6fbe74	Duration: 583.18 ms	Billed Duration: 584 ms	Memory Size: 1024 MB	Max Memory Used: 118 MB	

2023-12-21T14:17:21.737Z INIT_START Runtime Version: nodejs:14.v42	Runtime Version ARN: arn:aws:lambda:us-east-1::runtime:4cb686be08f980f530c1cbdeae970951c08b712057b80e8698cf4641214607d6

2023-12-21T14:17:22.600Z START RequestId: e48aa3b8-3cb7-5003-9b7d-fe4677a889cb Version: $LATEST

2023-12-21T14:17:22.709Z 2023-12-21T14:17:22.709Z	e48aa3b8-3cb7-5003-9b7d-fe4677a889cb	INFO	Processing message 7f398e50-12c1-47b0-9eb5-203128aeec91

2023-12-21T14:17:22.742Z 2023-12-21T14:17:22.742Z	e48aa3b8-3cb7-5003-9b7d-fe4677a889cb	INFO	Start syncing the balance {
  transaction: {
    id: '01HJ6BSV4QVYK2SR7K6WN8FQZV',
    userId: '460733e0-3f51-4cb4-b870-9f1a50ffd1a9',
    currency: 'BHD',
    amount: 46.5,
    vat: 4.227,
    oldBalance: 295,
    newBalance: 337.273
  }
}

2023-12-21T14:17:22.830Z 2023-12-21T14:17:22.830Z	e48aa3b8-3cb7-5003-9b7d-fe4677a889cb	INFO	SubscriptionBalanceUpdated event published

2023-12-21T14:17:22.868Z END RequestId: e48aa3b8-3cb7-5003-9b7d-fe4677a889cb

2023-12-21T14:17:22.868Z REPORT RequestId: e48aa3b8-3cb7-5003-9b7d-fe4677a889cb	Duration: 267.57 ms	Billed Duration: 268 ms	Memory Size: 1024 MB	Max Memory Used: 116 MB	Init Duration: 860.43 ms	

