2023-12-25T14:11:51.893Z START RequestId: 978741c0-91d1-5ab6-a6e6-1fc31e35e3d2 Version: $LATEST

2023-12-25T14:11:51.944Z 2023-12-25T14:11:51.944Z	978741c0-91d1-5ab6-a6e6-1fc31e35e3d2	INFO	Processing message c0c43a7a-532c-4c35-aa97-1637f7ef648f

2023-12-25T14:11:52.006Z 2023-12-25T14:11:52.006Z	978741c0-91d1-5ab6-a6e6-1fc31e35e3d2	INFO	Start syncing the balance {
  transaction: {
    id: '01HJGN2NDCP7EDBHW1M13GBGEW',
    userId: '7ea81f9e-1a24-4664-bd94-4d88dc6fd07d',
    currency: 'BHD',
    amount: 0.55,
    vat: 0.05,
    oldBalance: 49,
    newBalance: 49.5
  }
}

2023-12-25T14:11:52.096Z 2023-12-25T14:11:52.096Z	978741c0-91d1-5ab6-a6e6-1fc31e35e3d2	INFO	SubscriptionBalanceUpdated event published

2023-12-25T14:11:52.130Z END RequestId: 978741c0-91d1-5ab6-a6e6-1fc31e35e3d2

2023-12-25T14:11:52.130Z REPORT RequestId: 978741c0-91d1-5ab6-a6e6-1fc31e35e3d2	Duration: 236.15 ms	Billed Duration: 237 ms	Memory Size: 1024 MB	Max Memory Used: 118 MB	

2023-12-25T14:10:43.967Z INIT_START Runtime Version: nodejs:14.v42	Runtime Version ARN: arn:aws:lambda:us-east-1::runtime:4cb686be08f980f530c1cbdeae970951c08b712057b80e8698cf4641214607d6

2023-12-25T14:10:44.824Z START RequestId: 079e3418-4b96-5b3c-9f8e-6a1bc4078258 Version: $LATEST

2023-12-25T14:10:44.937Z 2023-12-25T14:10:44.937Z	079e3418-4b96-5b3c-9f8e-6a1bc4078258	INFO	Processing message e6e28843-782d-48b6-a3d3-29d3136f62c5

2023-12-25T14:10:44.972Z 2023-12-25T14:10:44.972Z	079e3418-4b96-5b3c-9f8e-6a1bc4078258	INFO	Start syncing the balance {
  transaction: {
    id: '01HJGN0K0CP3CVM7SFBE3CPDF9',
    userId: '7ea81f9e-1a24-4664-bd94-4d88dc6fd07d',
    currency: 'BHD',
    amount: 0.55,
    vat: 0.05,
    oldBalance: 56.5,
    newBalance: 57
  }
}

2023-12-25T14:10:45.063Z 2023-12-25T14:10:45.063Z	079e3418-4b96-5b3c-9f8e-6a1bc4078258	INFO	SubscriptionBalanceUpdated event published

2023-12-25T14:10:45.115Z END RequestId: 079e3418-4b96-5b3c-9f8e-6a1bc4078258

2023-12-25T14:10:45.116Z REPORT RequestId: 079e3418-4b96-5b3c-9f8e-6a1bc4078258	Duration: 291.11 ms	Billed Duration: 292 ms	Memory Size: 1024 MB	Max Memory Used: 115 MB	Init Duration: 856.82 ms	

2023-12-25T14:10:49.360Z START RequestId: 2cd12e17-78db-5ec5-a8fe-7014f740bf72 Version: $LATEST

2023-12-25T14:10:49.385Z 2023-12-25T14:10:49.385Z	2cd12e17-78db-5ec5-a8fe-7014f740bf72	INFO	Processing message 89f680c5-a563-454b-b27b-0d4fdee10a51

2023-12-25T14:10:49.391Z 2023-12-25T14:10:49.391Z	2cd12e17-78db-5ec5-a8fe-7014f740bf72	INFO	Start syncing the balance {
  transaction: {
    id: '01HJGN0RBEEV21GXBQNTJRW31S',
    userId: '7ea81f9e-1a24-4664-bd94-4d88dc6fd07d',
    currency: 'BHD',
    amount: 8,
    vat: 0,
    oldBalance: 57,
    newBalance: 49
  }
}

2023-12-25T14:10:49.436Z 2023-12-25T14:10:49.436Z	2cd12e17-78db-5ec5-a8fe-7014f740bf72	INFO	SubscriptionBalanceUpdated event published

2023-12-25T14:10:49.451Z END RequestId: 2cd12e17-78db-5ec5-a8fe-7014f740bf72

2023-12-25T14:10:49.451Z REPORT RequestId: 2cd12e17-78db-5ec5-a8fe-7014f740bf72	Duration: 90.94 ms	Billed Duration: 91 ms	Memory Size: 1024 MB	Max Memory Used: 115 MB	

