2023-12-19T00:11:08.381Z INIT_START Runtime Version: nodejs:14.v42	Runtime Version ARN: arn:aws:lambda:us-east-1::runtime:4cb686be08f980f530c1cbdeae970951c08b712057b80e8698cf4641214607d6

2023-12-19T00:11:09.147Z START RequestId: d0063738-e3e7-5dac-9bd8-6ac2022dad6c Version: $LATEST

2023-12-19T00:11:09.243Z 2023-12-19T00:11:09.243Z	d0063738-e3e7-5dac-9bd8-6ac2022dad6c	INFO	Processing message 59c4ada0-d6be-433b-957a-ddb015100167

2023-12-19T00:11:09.291Z 2023-12-19T00:11:09.291Z	d0063738-e3e7-5dac-9bd8-6ac2022dad6c	INFO	Start syncing the balance {
  transaction: {
    id: '01HHZPJW41WWV6CCK0HT5PBT1M',
    userId: 'be98bc1b-926c-4c56-a53c-7ccb51fdd41e',
    currency: 'SAR',
    amount: 90,
    vat: 0,
    oldBalance: 1260,
    newBalance: 1170
  }
}

2023-12-19T00:11:09.387Z 2023-12-19T00:11:09.387Z	d0063738-e3e7-5dac-9bd8-6ac2022dad6c	INFO	SubscriptionBalanceUpdated event published

2023-12-19T00:11:09.422Z END RequestId: d0063738-e3e7-5dac-9bd8-6ac2022dad6c

2023-12-19T00:11:09.422Z REPORT RequestId: d0063738-e3e7-5dac-9bd8-6ac2022dad6c	Duration: 276.21 ms	Billed Duration: 277 ms	Memory Size: 1024 MB	Max Memory Used: 116 MB	Init Duration: 763.33 ms	

2023-12-19T00:12:41.112Z START RequestId: cbfa24ea-b478-5060-acd9-7910565692e4 Version: $LATEST

2023-12-19T00:12:41.141Z 2023-12-19T00:12:41.141Z	cbfa24ea-b478-5060-acd9-7910565692e4	INFO	Processing message 40c5d71f-2ac9-4a87-b28e-be1064e14035

2023-12-19T00:12:41.148Z 2023-12-19T00:12:41.148Z	cbfa24ea-b478-5060-acd9-7910565692e4	INFO	Start syncing the balance {
  transaction: {
    id: '01HHZPNRCC434NJ3DWTF7WH9WC',
    userId: '6f7b9fb3-bc7f-48c0-ab23-e436b3729b55',
    currency: 'SAR',
    amount: 90,
    vat: 0,
    oldBalance: 810,
    newBalance: 720
  }
}

2023-12-19T00:12:41.215Z 2023-12-19T00:12:41.215Z	cbfa24ea-b478-5060-acd9-7910565692e4	INFO	SubscriptionBalanceUpdated event published

2023-12-19T00:12:41.250Z END RequestId: cbfa24ea-b478-5060-acd9-7910565692e4

2023-12-19T00:12:41.250Z REPORT RequestId: cbfa24ea-b478-5060-acd9-7910565692e4	Duration: 138.74 ms	Billed Duration: 139 ms	Memory Size: 1024 MB	Max Memory Used: 119 MB	

2023-12-19T00:12:42.358Z START RequestId: 914896c8-80ab-57d0-af11-cb326284ce37 Version: $LATEST

2023-12-19T00:12:42.396Z 2023-12-19T00:12:42.396Z	914896c8-80ab-57d0-af11-cb326284ce37	INFO	Processing message 60136fed-674f-4254-b8ac-f5270732eaa4

2023-12-19T00:12:42.402Z 2023-12-19T00:12:42.402Z	914896c8-80ab-57d0-af11-cb326284ce37	INFO	Start syncing the balance {
  transaction: {
    id: '01HHZPNSSY42XSC7MRYFWWBKW8',
    userId: 'f34f13a7-5078-44f1-a6b8-b61a00ea5049',
    currency: 'SAR',
    amount: 90,
    vat: 0,
    oldBalance: 810,
    newBalance: 720
  }
}

2023-12-19T00:12:42.455Z 2023-12-19T00:12:42.455Z	914896c8-80ab-57d0-af11-cb326284ce37	INFO	SubscriptionBalanceUpdated event published

2023-12-19T00:12:42.471Z END RequestId: 914896c8-80ab-57d0-af11-cb326284ce37

2023-12-19T00:12:42.471Z REPORT RequestId: 914896c8-80ab-57d0-af11-cb326284ce37	Duration: 112.81 ms	Billed Duration: 113 ms	Memory Size: 1024 MB	Max Memory Used: 119 MB	

2023-12-19T00:12:43.609Z START RequestId: 514c4a0c-add3-5e42-a683-17f64fe3e5f2 Version: $LATEST

2023-12-19T00:12:43.640Z 2023-12-19T00:12:43.640Z	514c4a0c-add3-5e42-a683-17f64fe3e5f2	INFO	Processing message 4b5f65b4-8f90-45f1-8ef8-6d55813ea1ef

2023-12-19T00:12:43.647Z 2023-12-19T00:12:43.647Z	514c4a0c-add3-5e42-a683-17f64fe3e5f2	INFO	Start syncing the balance {
  transaction: {
    id: '01HHZPNV5W8A1XWBYF8GPQH628',
    userId: '049bb6da-aa2e-4b69-93b4-8bcf19b74875',
    currency: 'BHD',
    amount: 26.5,
    vat: 0,
    oldBalance: 757,
    newBalance: 730.5
  }
}

2023-12-19T00:12:43.686Z 2023-12-19T00:12:43.686Z	514c4a0c-add3-5e42-a683-17f64fe3e5f2	INFO	SubscriptionBalanceUpdated event published

2023-12-19T00:12:43.697Z END RequestId: 514c4a0c-add3-5e42-a683-17f64fe3e5f2

2023-12-19T00:12:43.697Z REPORT RequestId: 514c4a0c-add3-5e42-a683-17f64fe3e5f2	Duration: 87.84 ms	Billed Duration: 88 ms	Memory Size: 1024 MB	Max Memory Used: 119 MB	

2023-12-19T00:12:44.852Z START RequestId: 7c357c5e-99f6-54c7-bcb7-21a47bc72134 Version: $LATEST

2023-12-19T00:12:44.878Z 2023-12-19T00:12:44.878Z	7c357c5e-99f6-54c7-bcb7-21a47bc72134	INFO	Processing message feede8ed-1fb1-4dcc-a721-c4ba8486e022

2023-12-19T00:12:44.884Z 2023-12-19T00:12:44.884Z	7c357c5e-99f6-54c7-bcb7-21a47bc72134	INFO	Start syncing the balance {
  transaction: {
    id: '01HHZPNW3QNKT9S2ENGYYDFJHX',
    userId: 'cfee18c3-4c5c-43d6-8333-459ced998886',
    currency: 'SAR',
    amount: 100,
    vat: 0,
    oldBalance: 1200,
    newBalance: 1100
  }
}

2023-12-19T00:12:44.926Z 2023-12-19T00:12:44.926Z	7c357c5e-99f6-54c7-bcb7-21a47bc72134	INFO	SubscriptionBalanceUpdated event published

2023-12-19T00:12:44.945Z END RequestId: 7c357c5e-99f6-54c7-bcb7-21a47bc72134

2023-12-19T00:12:44.945Z REPORT RequestId: 7c357c5e-99f6-54c7-bcb7-21a47bc72134	Duration: 92.81 ms	Billed Duration: 93 ms	Memory Size: 1024 MB	Max Memory Used: 119 MB	
XRAY TraceId: 1-6580dffc-d1667c2dadcb8452c0672bbe	SegmentId: 02421a7364e23918	Sampled: true	

2023-12-19T00:12:45.130Z START RequestId: 7a5cda08-7553-509a-856d-87f297629590 Version: $LATEST

2023-12-19T00:12:45.155Z 2023-12-19T00:12:45.155Z	7a5cda08-7553-509a-856d-87f297629590	INFO	Processing message 287e7b49-e914-4724-9e4a-af699225e7bc

2023-12-19T00:12:45.161Z 2023-12-19T00:12:45.161Z	7a5cda08-7553-509a-856d-87f297629590	INFO	Start syncing the balance {
  transaction: {
    id: '01HHZPNWCWZHQ3YQN3XF944KM4',
    userId: '1512d48d-0511-43c6-9c32-cca80736120d',
    currency: 'BHD',
    amount: 8,
    vat: 0,
    oldBalance: 42,
    newBalance: 34
  }
}

2023-12-19T00:12:45.207Z 2023-12-19T00:12:45.207Z	7a5cda08-7553-509a-856d-87f297629590	INFO	SubscriptionBalanceUpdated event published

2023-12-19T00:12:45.251Z END RequestId: 7a5cda08-7553-509a-856d-87f297629590

2023-12-19T00:12:45.251Z REPORT RequestId: 7a5cda08-7553-509a-856d-87f297629590	Duration: 121.11 ms	Billed Duration: 122 ms	Memory Size: 1024 MB	Max Memory Used: 121 MB	

2023-12-19T00:12:46.373Z START RequestId: c29d1f8e-39a4-5070-b0f9-4274db950abb Version: $LATEST

2023-12-19T00:12:46.401Z 2023-12-19T00:12:46.401Z	c29d1f8e-39a4-5070-b0f9-4274db950abb	INFO	Processing message 84113126-3fe4-44e0-9505-f0e0617c77ab

2023-12-19T00:12:46.408Z 2023-12-19T00:12:46.408Z	c29d1f8e-39a4-5070-b0f9-4274db950abb	INFO	Start syncing the balance {
  transaction: {
    id: '01HHZPNXHZ69P5RQFN5MQVQA30',
    userId: '79725ee0-4e1b-4f2e-9edf-ccbec4fc184a',
    currency: 'SAR',
    amount: 90,
    vat: 0,
    oldBalance: 90,
    newBalance: 0
  }
}

2023-12-19T00:12:46.446Z 2023-12-19T00:12:46.446Z	c29d1f8e-39a4-5070-b0f9-4274db950abb	INFO	SubscriptionBalanceUpdated event published

2023-12-19T00:12:46.459Z END RequestId: c29d1f8e-39a4-5070-b0f9-4274db950abb

2023-12-19T00:12:46.459Z REPORT RequestId: c29d1f8e-39a4-5070-b0f9-4274db950abb	Duration: 86.30 ms	Billed Duration: 87 ms	Memory Size: 1024 MB	Max Memory Used: 121 MB	

2023-12-19T00:12:48.126Z START RequestId: 9ee5d09e-0d95-58be-a652-8d64efa7ce98 Version: $LATEST

2023-12-19T00:12:48.154Z 2023-12-19T00:12:48.154Z	9ee5d09e-0d95-58be-a652-8d64efa7ce98	INFO	Processing message 8f2842c8-4e90-48de-8d3c-245eade92078

2023-12-19T00:12:48.161Z 2023-12-19T00:12:48.161Z	9ee5d09e-0d95-58be-a652-8d64efa7ce98	INFO	Start syncing the balance {
  transaction: {
    id: '01HHZPNZ7P8C1CTPMW3W8BMK73',
    userId: 'b3aab2eb-c83f-488f-9108-5fcbf7a5feba',
    currency: 'BHD',
    amount: 1.8,
    vat: 0,
    oldBalance: 82,
    newBalance: 80.2
  }
}

2023-12-19T00:12:48.208Z 2023-12-19T00:12:48.208Z	9ee5d09e-0d95-58be-a652-8d64efa7ce98	INFO	SubscriptionBalanceUpdated event published

2023-12-19T00:12:48.222Z END RequestId: 9ee5d09e-0d95-58be-a652-8d64efa7ce98

2023-12-19T00:12:48.222Z REPORT RequestId: 9ee5d09e-0d95-58be-a652-8d64efa7ce98	Duration: 95.85 ms	Billed Duration: 96 ms	Memory Size: 1024 MB	Max Memory Used: 121 MB	

2023-12-19T00:11:46.347Z START RequestId: 0985ac54-f120-53a2-8900-f1ae10dd7ff1 Version: $LATEST

2023-12-19T00:11:46.446Z 2023-12-19T00:11:46.446Z	0985ac54-f120-53a2-8900-f1ae10dd7ff1	INFO	Processing message ff857872-90d9-412a-bd9d-ba1fff3549bf

2023-12-19T00:11:46.468Z 2023-12-19T00:11:46.468Z	0985ac54-f120-53a2-8900-f1ae10dd7ff1	INFO	Start syncing the balance {
  transaction: {
    id: '01HHZPM2YZNBNC31TJ1TJWB9ZT',
    userId: '77c599c4-2669-4ab9-91b6-2538f18a86da',
    currency: 'BHD',
    amount: 2.8,
    vat: 0,
    oldBalance: 1924.155,
    newBalance: 1921.355
  }
}

2023-12-19T00:11:46.527Z 2023-12-19T00:11:46.527Z	0985ac54-f120-53a2-8900-f1ae10dd7ff1	INFO	SubscriptionBalanceUpdated event published

2023-12-19T00:11:46.555Z END RequestId: 0985ac54-f120-53a2-8900-f1ae10dd7ff1

2023-12-19T00:11:46.555Z REPORT RequestId: 0985ac54-f120-53a2-8900-f1ae10dd7ff1	Duration: 208.33 ms	Billed Duration: 209 ms	Memory Size: 1024 MB	Max Memory Used: 119 MB	

2023-12-19T00:11:47.052Z START RequestId: c5ad17dc-18ba-5975-be41-4a26f94439b5 Version: $LATEST

2023-12-19T00:11:47.104Z 2023-12-19T00:11:47.104Z	c5ad17dc-18ba-5975-be41-4a26f94439b5	INFO	Processing message 105aeb41-4a26-4f23-a44f-c0154fb635e1

2023-12-19T00:11:47.124Z 2023-12-19T00:11:47.124Z	c5ad17dc-18ba-5975-be41-4a26f94439b5	INFO	Start syncing the balance {
  transaction: {
    id: '01HHZPM4141HNAVKH540HABGF4',
    userId: 'fe34a324-49e4-4375-a0a6-30db0ad725c0',
    currency: 'BHD',
    amount: 9,
    vat: 0,
    oldBalance: 124,
    newBalance: 115
  }
}

2023-12-19T00:11:47.167Z 2023-12-19T00:11:47.167Z	c5ad17dc-18ba-5975-be41-4a26f94439b5	INFO	SubscriptionBalanceUpdated event published

2023-12-19T00:11:47.182Z END RequestId: c5ad17dc-18ba-5975-be41-4a26f94439b5

2023-12-19T00:11:47.182Z REPORT RequestId: c5ad17dc-18ba-5975-be41-4a26f94439b5	Duration: 130.20 ms	Billed Duration: 131 ms	Memory Size: 1024 MB	Max Memory Used: 119 MB	

2023-12-19T00:11:47.822Z START RequestId: 163500dd-05dd-5f33-8363-5d27e7ddab5f Version: $LATEST

2023-12-19T00:11:47.852Z 2023-12-19T00:11:47.852Z	163500dd-05dd-5f33-8363-5d27e7ddab5f	INFO	Processing message f0732111-dbb0-4e92-92f5-073388d5a187

2023-12-19T00:11:47.858Z 2023-12-19T00:11:47.858Z	163500dd-05dd-5f33-8363-5d27e7ddab5f	INFO	Start syncing the balance {
  transaction: {
    id: '01HHZPM470WBMBY5Z45BYKVRRX',
    userId: 'eab26565-2a53-4df2-989c-1ce0eabffd46',
    currency: 'SAR',
    amount: 90,
    vat: 0,
    oldBalance: 90,
    newBalance: 0
  }
}

2023-12-19T00:11:47.897Z 2023-12-19T00:11:47.897Z	163500dd-05dd-5f33-8363-5d27e7ddab5f	INFO	SubscriptionBalanceUpdated event published

2023-12-19T00:11:47.911Z END RequestId: 163500dd-05dd-5f33-8363-5d27e7ddab5f

2023-12-19T00:11:47.911Z REPORT RequestId: 163500dd-05dd-5f33-8363-5d27e7ddab5f	Duration: 88.51 ms	Billed Duration: 89 ms	Memory Size: 1024 MB	Max Memory Used: 119 MB	

2023-12-19T00:11:48.561Z START RequestId: 58e741ac-fbe6-503a-aa4e-1c5619e779dd Version: $LATEST

2023-12-19T00:11:48.594Z 2023-12-19T00:11:48.594Z	58e741ac-fbe6-503a-aa4e-1c5619e779dd	INFO	Processing message 9580659c-3037-4a4e-a26a-1a274d7db274

2023-12-19T00:11:48.599Z 2023-12-19T00:11:48.599Z	58e741ac-fbe6-503a-aa4e-1c5619e779dd	INFO	Start syncing the balance {
  transaction: {
    id: '01HHZPM5D3PWKQ3WFDK1H0AX8F',
    userId: '00b2df99-692a-45c1-b277-854a63b3a168',
    currency: 'BHD',
    amount: 8,
    vat: 0,
    oldBalance: 82.2,
    newBalance: 74.2
  }
}

2023-12-19T00:11:48.634Z 2023-12-19T00:11:48.634Z	58e741ac-fbe6-503a-aa4e-1c5619e779dd	INFO	SubscriptionBalanceUpdated event published

2023-12-19T00:11:48.646Z END RequestId: 58e741ac-fbe6-503a-aa4e-1c5619e779dd

2023-12-19T00:11:48.646Z REPORT RequestId: 58e741ac-fbe6-503a-aa4e-1c5619e779dd	Duration: 85.17 ms	Billed Duration: 86 ms	Memory Size: 1024 MB	Max Memory Used: 119 MB	

2023-12-19T00:11:48.803Z START RequestId: 43b476cc-6064-54fb-81a7-2b3682657406 Version: $LATEST

2023-12-19T00:11:48.817Z 2023-12-19T00:11:48.817Z	43b476cc-6064-54fb-81a7-2b3682657406	INFO	Processing message 03d0326a-b8c6-42f7-822c-6d0580af3127

2023-12-19T00:11:48.823Z 2023-12-19T00:11:48.823Z	43b476cc-6064-54fb-81a7-2b3682657406	INFO	Start syncing the balance {
  transaction: {
    id: '01HHZPM5HTAJW6D3QGZ5K5PF2G',
    userId: '7ea81f9e-1a24-4664-bd94-4d88dc6fd07d',
    currency: 'BHD',
    amount: 8,
    vat: 0,
    oldBalance: 80.5,
    newBalance: 72.5
  }
}

2023-12-19T00:11:48.872Z 2023-12-19T00:11:48.872Z	43b476cc-6064-54fb-81a7-2b3682657406	INFO	SubscriptionBalanceUpdated event published

2023-12-19T00:11:48.885Z END RequestId: 43b476cc-6064-54fb-81a7-2b3682657406

2023-12-19T00:11:48.885Z REPORT RequestId: 43b476cc-6064-54fb-81a7-2b3682657406	Duration: 81.51 ms	Billed Duration: 82 ms	Memory Size: 1024 MB	Max Memory Used: 119 MB	

2023-12-19T00:11:49.806Z START RequestId: f3f58303-abc7-54cd-af8f-def949c65f7d Version: $LATEST

2023-12-19T00:11:49.832Z 2023-12-19T00:11:49.832Z	f3f58303-abc7-54cd-af8f-def949c65f7d	INFO	Processing message 3fb838e5-0b22-4cc9-9ff8-6a7067841d44

2023-12-19T00:11:49.838Z 2023-12-19T00:11:49.838Z	f3f58303-abc7-54cd-af8f-def949c65f7d	INFO	Start syncing the balance {
  transaction: {
    id: '01HHZPM69KX3ZV3EC8NPS200CC',
    userId: '8174e74c-75e4-4db5-bacb-3ee96027ea49',
    currency: 'BHD',
    amount: 8,
    vat: 0,
    oldBalance: 144,
    newBalance: 136
  }
}

2023-12-19T00:11:49.877Z 2023-12-19T00:11:49.877Z	f3f58303-abc7-54cd-af8f-def949c65f7d	INFO	SubscriptionBalanceUpdated event published

2023-12-19T00:11:49.892Z END RequestId: f3f58303-abc7-54cd-af8f-def949c65f7d

2023-12-19T00:11:49.892Z REPORT RequestId: f3f58303-abc7-54cd-af8f-def949c65f7d	Duration: 86.72 ms	Billed Duration: 87 ms	Memory Size: 1024 MB	Max Memory Used: 119 MB	

2023-12-19T00:11:50.821Z START RequestId: 063ebc83-a130-589e-88da-e17943317d6d Version: $LATEST

2023-12-19T00:11:50.850Z 2023-12-19T00:11:50.850Z	063ebc83-a130-589e-88da-e17943317d6d	INFO	Processing message 4016d95a-38ac-40d0-8ae8-da1f77794e8a

2023-12-19T00:11:50.856Z 2023-12-19T00:11:50.856Z	063ebc83-a130-589e-88da-e17943317d6d	INFO	Start syncing the balance {
  transaction: {
    id: '01HHZPM78DPG175CPE1S4YWVNG',
    userId: 'eb6875d4-8663-4dc5-8838-1148a2425c13',
    currency: 'BHD',
    amount: 4,
    vat: 0,
    oldBalance: 226.364,
    newBalance: 222.364
  }
}

2023-12-19T00:11:50.917Z 2023-12-19T00:11:50.917Z	063ebc83-a130-589e-88da-e17943317d6d	INFO	SubscriptionBalanceUpdated event published

2023-12-19T00:11:50.930Z END RequestId: 063ebc83-a130-589e-88da-e17943317d6d

2023-12-19T00:11:50.930Z REPORT RequestId: 063ebc83-a130-589e-88da-e17943317d6d	Duration: 109.38 ms	Billed Duration: 110 ms	Memory Size: 1024 MB	Max Memory Used: 119 MB	

2023-12-19T00:13:43.962Z 2023-12-19T00:13:43.962Z	6c13aa47-59d1-5d99-ac8f-f7bdbbbb98e3	INFO	Processing message c65711aa-f7e3-4f67-b2cc-7ebafef10548

2023-12-19T00:13:43.968Z 2023-12-19T00:13:43.968Z	6c13aa47-59d1-5d99-ac8f-f7bdbbbb98e3	INFO	Start syncing the balance {
  transaction: {
    id: '01HHZPQNX19J9FV9FFYPPWSMG4',
    userId: '7c962fba-91b0-45f8-a791-697111e203aa',
    currency: 'SAR',
    amount: 90,
    vat: 0,
    oldBalance: 540,
    newBalance: 450
  }
}

2023-12-19T00:13:44.008Z 2023-12-19T00:13:44.008Z	6c13aa47-59d1-5d99-ac8f-f7bdbbbb98e3	INFO	SubscriptionBalanceUpdated event published

2023-12-19T00:13:44.143Z END RequestId: 6c13aa47-59d1-5d99-ac8f-f7bdbbbb98e3

2023-12-19T00:13:44.143Z REPORT RequestId: 6c13aa47-59d1-5d99-ac8f-f7bdbbbb98e3	Duration: 206.56 ms	Billed Duration: 207 ms	Memory Size: 1024 MB	Max Memory Used: 122 MB	

2023-12-19T00:13:45.689Z START RequestId: aeb5aef6-c767-5c0d-bdcb-f30c250b6e89 Version: $LATEST

2023-12-19T00:13:45.718Z 2023-12-19T00:13:45.718Z	aeb5aef6-c767-5c0d-bdcb-f30c250b6e89	INFO	Processing message e2c42856-80ef-4249-98f3-02b1f72d1f31

2023-12-19T00:13:45.724Z 2023-12-19T00:13:45.724Z	aeb5aef6-c767-5c0d-bdcb-f30c250b6e89	INFO	Start syncing the balance {
  transaction: {
    id: '01HHZPQQCEN45GTDN3RA7DFN9B',
    userId: 'fb387231-a328-4c4d-8d82-dda7943af9e7',
    currency: 'SAR',
    amount: 100,
    vat: 0,
    oldBalance: 41454,
    newBalance: 41354
  }
}

2023-12-19T00:13:45.765Z 2023-12-19T00:13:45.765Z	aeb5aef6-c767-5c0d-bdcb-f30c250b6e89	INFO	SubscriptionBalanceUpdated event published

2023-12-19T00:13:45.776Z END RequestId: aeb5aef6-c767-5c0d-bdcb-f30c250b6e89

2023-12-19T00:13:45.776Z REPORT RequestId: aeb5aef6-c767-5c0d-bdcb-f30c250b6e89	Duration: 87.44 ms	Billed Duration: 88 ms	Memory Size: 1024 MB	Max Memory Used: 122 MB	

2023-12-19T00:13:25.378Z START RequestId: 0f57c17d-6e91-55b7-8144-9c878cc56320 Version: $LATEST

2023-12-19T00:13:25.409Z 2023-12-19T00:13:25.409Z	0f57c17d-6e91-55b7-8144-9c878cc56320	INFO	Processing message f70343a2-b481-4d2d-b78e-940221100039

2023-12-19T00:13:25.415Z 2023-12-19T00:13:25.415Z	0f57c17d-6e91-55b7-8144-9c878cc56320	INFO	Start syncing the balance {
  transaction: {
    id: '01HHZPQ3SJ13AGVERJ28KDJZE0',
    userId: '8517dbf1-c68c-4d63-8f5e-a834eb1bb9a1',
    currency: 'SAR',
    amount: 90,
    vat: 0,
    oldBalance: 90,
    newBalance: 0
  }
}

2023-12-19T00:13:25.481Z 2023-12-19T00:13:25.481Z	0f57c17d-6e91-55b7-8144-9c878cc56320	INFO	SubscriptionBalanceUpdated event published

2023-12-19T00:13:25.512Z END RequestId: 0f57c17d-6e91-55b7-8144-9c878cc56320

2023-12-19T00:13:25.513Z REPORT RequestId: 0f57c17d-6e91-55b7-8144-9c878cc56320	Duration: 134.60 ms	Billed Duration: 135 ms	Memory Size: 1024 MB	Max Memory Used: 121 MB	

2023-12-19T00:13:26.114Z START RequestId: 053102af-0538-5e20-af73-5f55e76d1269 Version: $LATEST

2023-12-19T00:13:26.142Z 2023-12-19T00:13:26.142Z	053102af-0538-5e20-af73-5f55e76d1269	INFO	Processing message dc2f7e56-81af-4f0f-bf87-8d972ccc9ebd

2023-12-19T00:13:26.147Z 2023-12-19T00:13:26.147Z	053102af-0538-5e20-af73-5f55e76d1269	INFO	Start syncing the balance {
  transaction: {
    id: '01HHZPQ4RMH97R70R7E00NJ1QJ',
    userId: '2586358e-036a-47c9-8316-3c0dcd3e23ea',
    currency: 'BHD',
    amount: 8,
    vat: 0,
    oldBalance: 967,
    newBalance: 959
  }
}

2023-12-19T00:13:26.189Z 2023-12-19T00:13:26.189Z	053102af-0538-5e20-af73-5f55e76d1269	INFO	SubscriptionBalanceUpdated event published

2023-12-19T00:13:26.201Z END RequestId: 053102af-0538-5e20-af73-5f55e76d1269

2023-12-19T00:13:26.201Z REPORT RequestId: 053102af-0538-5e20-af73-5f55e76d1269	Duration: 86.83 ms	Billed Duration: 87 ms	Memory Size: 1024 MB	Max Memory Used: 121 MB	

2023-12-19T00:13:26.860Z START RequestId: f68ec426-eb08-59f4-8789-99dc095fb909 Version: $LATEST

2023-12-19T00:13:26.888Z 2023-12-19T00:13:26.888Z	f68ec426-eb08-59f4-8789-99dc095fb909	INFO	Processing message 382f67af-26df-44c6-9e0e-45d604c8ab34

2023-12-19T00:13:26.893Z 2023-12-19T00:13:26.893Z	f68ec426-eb08-59f4-8789-99dc095fb909	INFO	Start syncing the balance {
  transaction: {
    id: '01HHZPQ53E5MAXQKBSFMX3XM3W',
    userId: '0c540afa-9e73-4964-9ee6-918d1fae8d25',
    currency: 'BHD',
    amount: 8,
    vat: 0,
    oldBalance: 112,
    newBalance: 104
  }
}

2023-12-19T00:13:26.940Z 2023-12-19T00:13:26.940Z	f68ec426-eb08-59f4-8789-99dc095fb909	INFO	SubscriptionBalanceUpdated event published

2023-12-19T00:13:26.954Z END RequestId: f68ec426-eb08-59f4-8789-99dc095fb909

2023-12-19T00:13:26.954Z REPORT RequestId: f68ec426-eb08-59f4-8789-99dc095fb909	Duration: 93.92 ms	Billed Duration: 94 ms	Memory Size: 1024 MB	Max Memory Used: 121 MB	

2023-12-19T00:13:27.617Z START RequestId: 3441d455-c300-559c-8ead-89af2157155c Version: $LATEST

2023-12-19T00:13:27.643Z 2023-12-19T00:13:27.643Z	3441d455-c300-559c-8ead-89af2157155c	INFO	Processing message 60f12cd5-0871-4ca5-ba08-b31b7fa6c8f6

2023-12-19T00:13:27.647Z 2023-12-19T00:13:27.647Z	3441d455-c300-559c-8ead-89af2157155c	INFO	Start syncing the balance {
  transaction: {
    id: '01HHZPQ5TRSXRTZ23RP6T6N1MY',
    userId: 'f6a6021a-b34d-46ee-a05e-c6247daa6cf5',
    currency: 'BHD',
    amount: 8,
    vat: 0,
    oldBalance: 113,
    newBalance: 105
  }
}

2023-12-19T00:13:27.687Z 2023-12-19T00:13:27.687Z	3441d455-c300-559c-8ead-89af2157155c	INFO	SubscriptionBalanceUpdated event published

2023-12-19T00:13:27.701Z END RequestId: 3441d455-c300-559c-8ead-89af2157155c

2023-12-19T00:13:27.701Z REPORT RequestId: 3441d455-c300-559c-8ead-89af2157155c	Duration: 84.55 ms	Billed Duration: 85 ms	Memory Size: 1024 MB	Max Memory Used: 121 MB	

2023-12-19T00:13:28.610Z START RequestId: 57455300-0861-5a35-9fd7-0efaea386352 Version: $LATEST

2023-12-19T00:13:28.638Z 2023-12-19T00:13:28.638Z	57455300-0861-5a35-9fd7-0efaea386352	INFO	Processing message 4bde9d83-2f95-4a02-a106-9d628572fa84

2023-12-19T00:13:28.643Z 2023-12-19T00:13:28.643Z	57455300-0861-5a35-9fd7-0efaea386352	INFO	Start syncing the balance {
  transaction: {
    id: '01HHZPQ71ESV3E55BG4MV56F7T',
    userId: 'c2ea7768-6df8-4dd0-b08c-e23ece7f807b',
    currency: 'SAR',
    amount: 100,
    vat: 0,
    oldBalance: 400,
    newBalance: 300
  }
}

2023-12-19T00:13:28.683Z 2023-12-19T00:13:28.683Z	57455300-0861-5a35-9fd7-0efaea386352	INFO	SubscriptionBalanceUpdated event published

2023-12-19T00:13:28.700Z END RequestId: 57455300-0861-5a35-9fd7-0efaea386352

2023-12-19T00:13:28.700Z REPORT RequestId: 57455300-0861-5a35-9fd7-0efaea386352	Duration: 90.08 ms	Billed Duration: 91 ms	Memory Size: 1024 MB	Max Memory Used: 122 MB	
XRAY TraceId: 1-6580e028-15b95e0f2faf2b4849b6c1e0	SegmentId: 2119f3f605de7b91	Sampled: true	

2023-12-19T00:13:28.859Z START RequestId: 776fb5e9-0247-5cf3-b519-e813e01cbcb2 Version: $LATEST

2023-12-19T00:13:28.881Z 2023-12-19T00:13:28.881Z	776fb5e9-0247-5cf3-b519-e813e01cbcb2	INFO	Processing message 2df75817-89fb-4d08-906d-94626a671856

2023-12-19T00:13:28.886Z 2023-12-19T00:13:28.886Z	776fb5e9-0247-5cf3-b519-e813e01cbcb2	INFO	Start syncing the balance {
  transaction: {
    id: '01HHZPQ77HWV4ZDRR83TQZF4MB',
    userId: '7c820a39-47da-469c-ac7b-7207cc4dcb4b',
    currency: 'BHD',
    amount: 8,
    vat: 0,
    oldBalance: 112,
    newBalance: 104
  }
}

2023-12-19T00:13:28.922Z 2023-12-19T00:13:28.922Z	776fb5e9-0247-5cf3-b519-e813e01cbcb2	INFO	SubscriptionBalanceUpdated event published

2023-12-19T00:13:28.934Z END RequestId: 776fb5e9-0247-5cf3-b519-e813e01cbcb2

2023-12-19T00:13:28.934Z REPORT RequestId: 776fb5e9-0247-5cf3-b519-e813e01cbcb2	Duration: 74.67 ms	Billed Duration: 75 ms	Memory Size: 1024 MB	Max Memory Used: 122 MB	

2023-12-19T00:13:30.125Z START RequestId: 97cdd4ae-c397-51f9-b56e-895421cce483 Version: $LATEST

2023-12-19T00:13:30.153Z 2023-12-19T00:13:30.153Z	97cdd4ae-c397-51f9-b56e-895421cce483	INFO	Processing message 72eb025c-058d-4d47-9960-6d0a3957e7e3

2023-12-19T00:13:30.159Z 2023-12-19T00:13:30.159Z	97cdd4ae-c397-51f9-b56e-895421cce483	INFO	Start syncing the balance {
  transaction: {
    id: '01HHZPQ86RTMSGYN4X00PX93V1',
    userId: 'f8c629ff-e140-4e26-b38c-f99d237959da',
    currency: 'SAR',
    amount: 100,
    vat: 0,
    oldBalance: 2500,
    newBalance: 2400
  }
}

2023-12-19T00:13:30.213Z 2023-12-19T00:13:30.213Z	97cdd4ae-c397-51f9-b56e-895421cce483	INFO	SubscriptionBalanceUpdated event published

2023-12-19T00:13:30.225Z END RequestId: 97cdd4ae-c397-51f9-b56e-895421cce483

2023-12-19T00:13:30.225Z REPORT RequestId: 97cdd4ae-c397-51f9-b56e-895421cce483	Duration: 99.87 ms	Billed Duration: 100 ms	Memory Size: 1024 MB	Max Memory Used: 122 MB	

2023-12-19T00:13:30.367Z START RequestId: 612fcccb-512a-5d5e-bfe4-9131b3776397 Version: $LATEST

2023-12-19T00:13:30.392Z 2023-12-19T00:13:30.392Z	612fcccb-512a-5d5e-bfe4-9131b3776397	INFO	Processing message 0c547c84-b341-40a9-83aa-c5b01afe4314

2023-12-19T00:13:30.398Z 2023-12-19T00:13:30.398Z	612fcccb-512a-5d5e-bfe4-9131b3776397	INFO	Start syncing the balance {
  transaction: {
    id: '01HHZPQ8P01FGKFFT0YVNQ81K4',
    userId: '34ba33ca-e3cd-4897-b0b0-771c0ea7407a',
    currency: 'SAR',
    amount: 90,
    vat: 0,
    oldBalance: 1900,
    newBalance: 1810
  }
}

2023-12-19T00:13:30.439Z 2023-12-19T00:13:30.439Z	612fcccb-512a-5d5e-bfe4-9131b3776397	INFO	SubscriptionBalanceUpdated event published

2023-12-19T00:13:30.557Z END RequestId: 612fcccb-512a-5d5e-bfe4-9131b3776397

2023-12-19T00:13:30.557Z REPORT RequestId: 612fcccb-512a-5d5e-bfe4-9131b3776397	Duration: 190.00 ms	Billed Duration: 191 ms	Memory Size: 1024 MB	Max Memory Used: 122 MB	

2023-12-19T00:13:30.872Z START RequestId: 0786d14e-3778-5880-970c-8cb4d5271cec Version: $LATEST

2023-12-19T00:13:30.886Z 2023-12-19T00:13:30.886Z	0786d14e-3778-5880-970c-8cb4d5271cec	INFO	Processing message 5eff6699-142b-4637-8f48-8d54246750f8

2023-12-19T00:13:30.892Z 2023-12-19T00:13:30.892Z	0786d14e-3778-5880-970c-8cb4d5271cec	INFO	Start syncing the balance {
  transaction: {
    id: '01HHZPQ978VRX0MTQW6JXHHYHN',
    userId: '954efdec-5815-4925-b0f6-041d83c02b01',
    currency: 'BHD',
    amount: 90,
    vat: 0,
    oldBalance: 1961.5,
    newBalance: 1871.5
  }
}

2023-12-19T00:13:30.997Z 2023-12-19T00:13:30.997Z	0786d14e-3778-5880-970c-8cb4d5271cec	INFO	SubscriptionBalanceUpdated event published

2023-12-19T00:13:31.011Z END RequestId: 0786d14e-3778-5880-970c-8cb4d5271cec

2023-12-19T00:13:31.011Z REPORT RequestId: 0786d14e-3778-5880-970c-8cb4d5271cec	Duration: 138.76 ms	Billed Duration: 139 ms	Memory Size: 1024 MB	Max Memory Used: 122 MB	

2023-12-19T00:13:32.159Z START RequestId: 32894188-1e96-5c71-a39a-1c72fcf63ef5 Version: $LATEST

2023-12-19T00:13:32.177Z 2023-12-19T00:13:32.177Z	32894188-1e96-5c71-a39a-1c72fcf63ef5	INFO	Processing message 0fe8b679-cb91-4df1-b427-165c0ee44f94

2023-12-19T00:13:32.183Z 2023-12-19T00:13:32.183Z	32894188-1e96-5c71-a39a-1c72fcf63ef5	INFO	Start syncing the balance {
  transaction: {
    id: '01HHZPQAHT0EGF5KVAZ3SBG56N',
    userId: '36cffa58-f615-4cb9-9e9e-38aed031080d',
    currency: 'SAR',
    amount: 90,
    vat: 0,
    oldBalance: 450,
    newBalance: 360
  }
}

2023-12-19T00:13:32.230Z 2023-12-19T00:13:32.230Z	32894188-1e96-5c71-a39a-1c72fcf63ef5	INFO	SubscriptionBalanceUpdated event published

2023-12-19T00:13:32.245Z END RequestId: 32894188-1e96-5c71-a39a-1c72fcf63ef5

2023-12-19T00:13:32.245Z REPORT RequestId: 32894188-1e96-5c71-a39a-1c72fcf63ef5	Duration: 86.13 ms	Billed Duration: 87 ms	Memory Size: 1024 MB	Max Memory Used: 122 MB	

2023-12-19T00:13:32.883Z START RequestId: 3e380047-caab-5ca0-bcb9-5dbd28ca5a9e Version: $LATEST

2023-12-19T00:13:32.896Z 2023-12-19T00:13:32.896Z	3e380047-caab-5ca0-bcb9-5dbd28ca5a9e	INFO	Processing message 0cf44172-a3bb-47c9-939e-9e40b1534940

2023-12-19T00:13:32.901Z 2023-12-19T00:13:32.901Z	3e380047-caab-5ca0-bcb9-5dbd28ca5a9e	INFO	Start syncing the balance {
  transaction: {
    id: '01HHZPQBAAK0JN2K9T0GKSMY5Q',
    userId: '0842cf84-a66c-4ef8-af9d-9e806112336a',
    currency: 'SAR',
    amount: 90,
    vat: 0,
    oldBalance: 1610,
    newBalance: 1520
  }
}

2023-12-19T00:13:32.940Z 2023-12-19T00:13:32.940Z	3e380047-caab-5ca0-bcb9-5dbd28ca5a9e	INFO	SubscriptionBalanceUpdated event published

2023-12-19T00:13:32.954Z END RequestId: 3e380047-caab-5ca0-bcb9-5dbd28ca5a9e

2023-12-19T00:13:32.954Z REPORT RequestId: 3e380047-caab-5ca0-bcb9-5dbd28ca5a9e	Duration: 71.47 ms	Billed Duration: 72 ms	Memory Size: 1024 MB	Max Memory Used: 122 MB	
XRAY TraceId: 1-6580e02c-cf7c6836d4b1c2cdd637e999	SegmentId: 39cc27982b42f366	Sampled: true	

2023-12-19T00:13:34.952Z START RequestId: 30a3bfd0-f167-5b11-8f3f-e22a130652f6 Version: $LATEST

2023-12-19T00:13:35.013Z 2023-12-19T00:13:35.013Z	30a3bfd0-f167-5b11-8f3f-e22a130652f6	INFO	Processing message 74f193ce-e7d6-42bb-82f6-0fb37b8cc34b

2023-12-19T00:13:35.019Z 2023-12-19T00:13:35.019Z	30a3bfd0-f167-5b11-8f3f-e22a130652f6	INFO	Start syncing the balance {
  transaction: {
    id: '01HHZPQD4EH8RHDWYK8AB8XY50',
    userId: '035e21a6-1dc3-4d87-bc4d-26b9dcefabbd',
    currency: 'BHD',
    amount: 8,
    vat: 0,
    oldBalance: 343.646,
    newBalance: 335.646
  }
}

2023-12-19T00:13:35.070Z 2023-12-19T00:13:35.070Z	30a3bfd0-f167-5b11-8f3f-e22a130652f6	INFO	SubscriptionBalanceUpdated event published

2023-12-19T00:13:35.084Z END RequestId: 30a3bfd0-f167-5b11-8f3f-e22a130652f6

2023-12-19T00:13:35.084Z REPORT RequestId: 30a3bfd0-f167-5b11-8f3f-e22a130652f6	Duration: 132.73 ms	Billed Duration: 133 ms	Memory Size: 1024 MB	Max Memory Used: 122 MB	

2023-12-19T00:13:35.433Z START RequestId: 04c21f64-1464-5102-9427-429ef607aab2 Version: $LATEST

2023-12-19T00:13:35.459Z 2023-12-19T00:13:35.459Z	04c21f64-1464-5102-9427-429ef607aab2	INFO	Processing message 2102d1e9-043b-4f1b-b44e-6bedd5db546d

2023-12-19T00:13:35.497Z 2023-12-19T00:13:35.497Z	04c21f64-1464-5102-9427-429ef607aab2	INFO	Start syncing the balance {
  transaction: {
    id: '01HHZPQDR8830D0BVT0PRP3Y3W',
    userId: '04bb4389-d86e-4ffb-81f8-21c0a4c68e82',
    currency: 'BHD',
    amount: 8,
    vat: 0,
    oldBalance: 96,
    newBalance: 88
  }
}

2023-12-19T00:13:35.542Z 2023-12-19T00:13:35.542Z	04c21f64-1464-5102-9427-429ef607aab2	INFO	SubscriptionBalanceUpdated event published

2023-12-19T00:13:35.554Z END RequestId: 04c21f64-1464-5102-9427-429ef607aab2

2023-12-19T00:13:35.554Z REPORT RequestId: 04c21f64-1464-5102-9427-429ef607aab2	Duration: 121.55 ms	Billed Duration: 122 ms	Memory Size: 1024 MB	Max Memory Used: 122 MB	

2023-12-19T00:13:35.684Z START RequestId: f525ea91-08f6-5a26-8a24-b76bea927fd5 Version: $LATEST

2023-12-19T00:13:35.708Z 2023-12-19T00:13:35.708Z	f525ea91-08f6-5a26-8a24-b76bea927fd5	INFO	Processing message de5965ee-612a-407c-bad1-634c388ac702

2023-12-19T00:13:35.713Z 2023-12-19T00:13:35.713Z	f525ea91-08f6-5a26-8a24-b76bea927fd5	INFO	Start syncing the balance {
  transaction: {
    id: '01HHZPQE1TDWFKAJ4ZDPMTJJM0',
    userId: '620bd596-831b-41c9-a21e-9eff23eecca9',
    currency: 'BHD',
    amount: 8,
    vat: 0,
    oldBalance: 88,
    newBalance: 80
  }
}

2023-12-19T00:13:35.751Z 2023-12-19T00:13:35.751Z	f525ea91-08f6-5a26-8a24-b76bea927fd5	INFO	SubscriptionBalanceUpdated event published

2023-12-19T00:13:35.765Z END RequestId: f525ea91-08f6-5a26-8a24-b76bea927fd5

2023-12-19T00:13:35.765Z REPORT RequestId: f525ea91-08f6-5a26-8a24-b76bea927fd5	Duration: 81.36 ms	Billed Duration: 82 ms	Memory Size: 1024 MB	Max Memory Used: 122 MB	

2023-12-19T00:13:36.931Z START RequestId: 670b4d7d-328e-5e45-8d0b-1087d0ea8b4f Version: $LATEST

2023-12-19T00:13:36.957Z 2023-12-19T00:13:36.957Z	670b4d7d-328e-5e45-8d0b-1087d0ea8b4f	INFO	Processing message 1a0dad33-2253-4451-9b14-38afe1954ac5

2023-12-19T00:13:36.962Z 2023-12-19T00:13:36.962Z	670b4d7d-328e-5e45-8d0b-1087d0ea8b4f	INFO	Start syncing the balance {
  transaction: {
    id: '01HHZPQF2MSQN04KEAXC0TW31Z',
    userId: '52e9b0af-df54-445c-ab99-009199844ee3',
    currency: 'BHD',
    amount: 8,
    vat: 0,
    oldBalance: 48,
    newBalance: 40
  }
}

2023-12-19T00:13:37.003Z 2023-12-19T00:13:37.003Z	670b4d7d-328e-5e45-8d0b-1087d0ea8b4f	INFO	SubscriptionBalanceUpdated event published

2023-12-19T00:13:37.015Z END RequestId: 670b4d7d-328e-5e45-8d0b-1087d0ea8b4f

2023-12-19T00:13:37.016Z REPORT RequestId: 670b4d7d-328e-5e45-8d0b-1087d0ea8b4f	Duration: 84.25 ms	Billed Duration: 85 ms	Memory Size: 1024 MB	Max Memory Used: 122 MB	

2023-12-19T00:13:37.689Z START RequestId: 1abbf0fd-9ce2-545f-a787-ad077e8772c8 Version: $LATEST

2023-12-19T00:13:37.716Z 2023-12-19T00:13:37.716Z	1abbf0fd-9ce2-545f-a787-ad077e8772c8	INFO	Processing message a82cf187-9472-4ba6-ac8b-0342281e112a

2023-12-19T00:13:37.721Z 2023-12-19T00:13:37.721Z	1abbf0fd-9ce2-545f-a787-ad077e8772c8	INFO	Start syncing the balance {
  transaction: {
    id: '01HHZPQFHQTQ3AEVVSSHY15MN3',
    userId: 'b5c4dcdb-6154-41fe-8e29-f93b8877687d',
    currency: 'BHD',
    amount: 8,
    vat: 0,
    oldBalance: 112.2,
    newBalance: 104.2
  }
}

2023-12-19T00:13:37.765Z 2023-12-19T00:13:37.765Z	1abbf0fd-9ce2-545f-a787-ad077e8772c8	INFO	SubscriptionBalanceUpdated event published

2023-12-19T00:13:37.776Z END RequestId: 1abbf0fd-9ce2-545f-a787-ad077e8772c8

2023-12-19T00:13:37.776Z REPORT RequestId: 1abbf0fd-9ce2-545f-a787-ad077e8772c8	Duration: 86.83 ms	Billed Duration: 87 ms	Memory Size: 1024 MB	Max Memory Used: 122 MB	

2023-12-19T00:13:42.231Z START RequestId: 2687e742-6bbb-551c-b406-bab889d3e55d Version: $LATEST

2023-12-19T00:13:42.259Z 2023-12-19T00:13:42.259Z	2687e742-6bbb-551c-b406-bab889d3e55d	INFO	Processing message 93aba832-e22c-454b-a7ad-a15d9e4b838f

2023-12-19T00:13:42.265Z 2023-12-19T00:13:42.265Z	2687e742-6bbb-551c-b406-bab889d3e55d	INFO	Start syncing the balance {
  transaction: {
    id: '01HHZPQM495W8B8H05CAVYR94D',
    userId: 'f46e0b6a-2cdf-4e6d-95de-e71d1b0394f0',
    currency: 'SAR',
    amount: 90,
    vat: 0,
    oldBalance: 90,
    newBalance: 0
  }
}

2023-12-19T00:13:42.304Z 2023-12-19T00:13:42.304Z	2687e742-6bbb-551c-b406-bab889d3e55d	INFO	SubscriptionBalanceUpdated event published

2023-12-19T00:13:42.322Z END RequestId: 2687e742-6bbb-551c-b406-bab889d3e55d

2023-12-19T00:13:42.322Z REPORT RequestId: 2687e742-6bbb-551c-b406-bab889d3e55d	Duration: 90.93 ms	Billed Duration: 91 ms	Memory Size: 1024 MB	Max Memory Used: 122 MB	

2023-12-19T00:13:43.937Z START RequestId: 6c13aa47-59d1-5d99-ac8f-f7bdbbbb98e3 Version: $LATEST

