2023-12-12T11:31:41.462Z 2023-12-12T11:31:41.462Z	df533997-8bd7-5e7d-a80e-6465cd6c561c	INFO	Start syncing the balance {
  transaction: {
    id: '01HHEWQCPHW406YCK7K9XE28ZD',
    userId: 'daa2bf74-cf31-4552-9e85-acb48a7c3f90',
    currency: 'BHD',
    amount: 11,
    vat: 1,
    oldBalance: 443,
    newBalance: 453
  }
}

2023-12-12T11:31:41.463Z 2023-12-12T11:31:41.463Z	df533997-8bd7-5e7d-a80e-6465cd6c561c	INFO	Skipping the process, balance is already synced from other listeners

2023-12-12T11:31:41.511Z 2023-12-12T11:31:41.511Z	df533997-8bd7-5e7d-a80e-6465cd6c561c	ERROR	Subscription balance and payment balance are not in sync {
  userId: 'daa2bf74-cf31-4552-9e85-acb48a7c3f90',
  subscriptionBalance: 443,
  paymentBalance: 860
}

2023-12-12T11:31:41.512Z 2023-12-12T11:31:41.512Z	df533997-8bd7-5e7d-a80e-6465cd6c561c	INFO	Sending slack notification

2023-12-12T11:31:41.512Z {"_aws":{"Timestamp":1702380701512,"CloudWatchMetrics":[{"Namespace":"apiService","Dimensions":[["service"]],"Metrics":[{"Name":"subBalanceDiscrapancy","Unit":"Count"}]}]},"service":"syncBalanceSQS","subBalanceDiscrapancy":1,"userId":"daa2bf74-cf31-4552-9e85-acb48a7c3f90","action":"PAY_PENDING_AMOUNT"}

2023-12-12T11:31:41.513Z 2023-12-12T11:31:41.513Z	df533997-8bd7-5e7d-a80e-6465cd6c561c	INFO	Sending slack notification {
  channel: 'subscription-service-alarms',
  brand: 'CALO',
  suppress: false,
  blocks: [
    { type: 'section', text: [Object] },
    { type: 'section', fields: [Array] },
    { type: 'section', text: [Object] }
  ]
} arn:aws:sns:us-east-1:488923344249:calo-sns-dev-send-slack

2023-12-12T11:31:41.559Z END RequestId: df533997-8bd7-5e7d-a80e-6465cd6c561c

2023-12-12T11:31:41.559Z REPORT RequestId: df533997-8bd7-5e7d-a80e-6465cd6c561c	Duration: 188.64 ms	Billed Duration: 189 ms	Memory Size: 1024 MB	Max Memory Used: 96 MB	Init Duration: 655.95 ms	

2023-12-12T11:31:40.713Z INIT_START Runtime Version: nodejs:14.v42	Runtime Version ARN: arn:aws:lambda:us-east-1::runtime:4cb686be08f980f530c1cbdeae970951c08b712057b80e8698cf4641214607d6

2023-12-12T11:31:41.370Z START RequestId: df533997-8bd7-5e7d-a80e-6465cd6c561c Version: $LATEST

2023-12-12T11:31:41.374Z 2023-12-12T11:31:41.374Z	df533997-8bd7-5e7d-a80e-6465cd6c561c	INFO	Processing message 1994db6b-da4d-426b-b733-e7bae99d5455

