2024-01-08T13:37:31.569Z INIT_START Runtime Version: nodejs:20.v13	Runtime Version ARN: arn:aws:lambda:us-east-1::runtime:6fb7e564fae3347add879359ec92013de1e84ce02488f36ec21448277c28707c

2024-01-08T13:37:32.550Z START RequestId: 49be59c0-10f2-58fb-a2ee-07d5ec3f1065 Version: $LATEST

2024-01-08T13:37:32.756Z 2024-01-08T13:37:32.756Z	49be59c0-10f2-58fb-a2ee-07d5ec3f1065	INFO	Processing message 69608b0a-3bab-4549-a331-34c31e67f3d9

2024-01-08T13:37:32.826Z 2024-01-08T13:37:32.826Z	49be59c0-10f2-58fb-a2ee-07d5ec3f1065	INFO	Start syncing the balance {
  transaction: {
    id: '01HKMMNV7ST8669085WGJFR4DY',
    type: 'CREDIT',
    source: 'PAYMENT',
    action: 'REPLACE_FOOD',
    userId: '774aec7f-2f19-4233-b4a2-cef8e73197ea',
    paymentBalance: 198.5,
    updatePaymentBalance: true,
    metadata: '{"walletId":"wallet#774aec7f-2f19-4233-b4a2-cef8e73197ea","deliveryId":"d7a460d9-1ed5-4c3a-a616-2b93ccb6bdbf","eventSessionId":"3550e806-a697-42dd-b89a-25169e60579b","walletSk":"045b1a03-11a6-4727-aa94-24b70176351e","version2":true,"source":"{\\"id\\":\\"a9b82bb5-702c-4795-b6df-d410ef854e19\\",\\"name\\":{\\"ar\\":\\"شوفان بيناكولادا\\",\\"en\\":\\"Pinacolada Overnight Oats\\"}}","version":"syncBalanceSQS","target":"{\\"id\\":\\"601f2cf3-1508-4d7d-8408-9bdfb2760084\\",\\"name\\":{\\"ar\\":\\"Chia Jam Parfait\\",\\"en\\":\\"Chia Jam Parfait\\"}}","API_VERSION_2":true}',
    currency: 'BHD',
    amount: 0.55,
    vat: 0.05,
    oldBalance: 198,
    newBalance: 198.5
  }
}

2024-01-08T13:37:32.967Z 2024-01-08T13:37:32.967Z	49be59c0-10f2-58fb-a2ee-07d5ec3f1065	INFO	SubscriptionBalanceUpdated event published

2024-01-08T13:37:33.035Z END RequestId: 49be59c0-10f2-58fb-a2ee-07d5ec3f1065

2024-01-08T13:37:33.035Z REPORT RequestId: 49be59c0-10f2-58fb-a2ee-07d5ec3f1065	Duration: 485.87 ms	Billed Duration: 486 ms	Memory Size: 512 MB	Max Memory Used: 122 MB	Init Duration: 979.06 ms	

2024-01-08T13:37:33.072Z START RequestId: 4db22482-957d-5899-99d1-7a9769af8bfa Version: $LATEST

2024-01-08T13:37:33.094Z 2024-01-08T13:37:33.094Z	4db22482-957d-5899-99d1-7a9769af8bfa	INFO	Processing message c4ed029d-35ac-4475-a5fc-145d1d2e90a0

2024-01-08T13:37:33.102Z 2024-01-08T13:37:33.102Z	4db22482-957d-5899-99d1-7a9769af8bfa	INFO	Start syncing the balance {
  transaction: {
    id: '01HKMMNVB3WVC7DS92V88H38QR',
    type: 'CREDIT',
    source: 'PAYMENT',
    action: 'REPLACE_FOOD',
    userId: '774aec7f-2f19-4233-b4a2-cef8e73197ea',
    paymentBalance: 199,
    updatePaymentBalance: true,
    metadata: '{"walletId":"wallet#774aec7f-2f19-4233-b4a2-cef8e73197ea","deliveryId":"d7a460d9-1ed5-4c3a-a616-2b93ccb6bdbf","eventSessionId":"d32a1251-8fca-44db-913c-dd89807f6549","walletSk":"983a9ff9-639a-4379-ba7a-ec2ff50f4b66","version2":true,"source":"{\\"id\\":\\"a9b82bb5-702c-4795-b6df-d410ef854e19\\",\\"name\\":{\\"ar\\":\\"شوفان بيناكولادا\\",\\"en\\":\\"Pinacolada Overnight Oats\\"}}","version":"syncBalanceSQS","target":"{\\"id\\":\\"601f2cf3-1508-4d7d-8408-9bdfb2760084\\",\\"name\\":{\\"ar\\":\\"Chia Jam Parfait\\",\\"en\\":\\"Chia Jam Parfait\\"}}","API_VERSION_2":true}',
    currency: 'BHD',
    amount: 0.55,
    vat: 0.05,
    oldBalance: 198.5,
    newBalance: 199
  }
}

2024-01-08T13:37:33.142Z 2024-01-08T13:37:33.142Z	4db22482-957d-5899-99d1-7a9769af8bfa	INFO	SubscriptionBalanceUpdated event published

2024-01-08T13:37:33.156Z 2024-01-08T13:37:33.156Z	4db22482-957d-5899-99d1-7a9769af8bfa	INFO	Processing message eafb1892-fa32-4350-b8fe-b919e592aedf

2024-01-08T13:37:33.162Z 2024-01-08T13:37:33.162Z	4db22482-957d-5899-99d1-7a9769af8bfa	INFO	Start syncing the balance {
  transaction: {
    id: '01HKMMNVJNY57D89ZXXHS9510W',
    type: 'CREDIT',
    source: 'PAYMENT',
    action: 'REPLACE_FOOD',
    userId: '774aec7f-2f19-4233-b4a2-cef8e73197ea',
    paymentBalance: 199.5,
    updatePaymentBalance: true,
    metadata: '{"walletId":"wallet#774aec7f-2f19-4233-b4a2-cef8e73197ea","deliveryId":"d7a460d9-1ed5-4c3a-a616-2b93ccb6bdbf","eventSessionId":"ed6f21ef-58e3-406d-8d6a-f87cc740b264","walletSk":"e163d7fd-71ff-49cc-b77f-5a97b939a332","version2":true,"source":"{\\"id\\":\\"a9b82bb5-702c-4795-b6df-d410ef854e19\\",\\"name\\":{\\"ar\\":\\"شوفان بيناكولادا\\",\\"en\\":\\"Pinacolada Overnight Oats\\"}}","version":"syncBalanceSQS","target":"{\\"id\\":\\"601f2cf3-1508-4d7d-8408-9bdfb2760084\\",\\"name\\":{\\"ar\\":\\"Chia Jam Parfait\\",\\"en\\":\\"Chia Jam Parfait\\"}}","API_VERSION_2":true}',
    currency: 'BHD',
    amount: 0.55,
    vat: 0.05,
    oldBalance: 199,
    newBalance: 199.5
  }
}

2024-01-08T13:37:33.220Z 2024-01-08T13:37:33.220Z	4db22482-957d-5899-99d1-7a9769af8bfa	INFO	SubscriptionBalanceUpdated event published

2024-01-08T13:37:33.235Z 2024-01-08T13:37:33.235Z	4db22482-957d-5899-99d1-7a9769af8bfa	INFO	Processing message 5e434158-fe48-4f72-8ef0-bba0a0e624b9

2024-01-08T13:37:33.241Z 2024-01-08T13:37:33.241Z	4db22482-957d-5899-99d1-7a9769af8bfa	INFO	Start syncing the balance {
  transaction: {
    id: '01HKMMNVPAEDGZER57SEASCRK4',
    type: 'CREDIT',
    source: 'PAYMENT',
    action: 'REPLACE_FOOD',
    userId: '774aec7f-2f19-4233-b4a2-cef8e73197ea',
    paymentBalance: 200,
    updatePaymentBalance: true,
    metadata: '{"walletId":"wallet#774aec7f-2f19-4233-b4a2-cef8e73197ea","deliveryId":"d7a460d9-1ed5-4c3a-a616-2b93ccb6bdbf","eventSessionId":"11263141-0ba1-496d-be78-5320d93b1b62","walletSk":"611cea2a-dc70-4712-9401-1040d1245a9f","version2":true,"source":"{\\"id\\":\\"a9b82bb5-702c-4795-b6df-d410ef854e19\\",\\"name\\":{\\"ar\\":\\"شوفان بيناكولادا\\",\\"en\\":\\"Pinacolada Overnight Oats\\"}}","version":"syncBalanceSQS","target":"{\\"id\\":\\"601f2cf3-1508-4d7d-8408-9bdfb2760084\\",\\"name\\":{\\"ar\\":\\"Chia Jam Parfait\\",\\"en\\":\\"Chia Jam Parfait\\"}}","API_VERSION_2":true}',
    currency: 'BHD',
    amount: 0.55,
    vat: 0.05,
    oldBalance: 199.5,
    newBalance: 200
  }
}

2024-01-08T13:37:33.277Z 2024-01-08T13:37:33.277Z	4db22482-957d-5899-99d1-7a9769af8bfa	INFO	SubscriptionBalanceUpdated event published

2024-01-08T13:37:33.290Z 2024-01-08T13:37:33.290Z	4db22482-957d-5899-99d1-7a9769af8bfa	INFO	Processing message 1de8c8fc-a9dc-45f7-9acb-5e2456cf095a

2024-01-08T13:37:33.295Z 2024-01-08T13:37:33.295Z	4db22482-957d-5899-99d1-7a9769af8bfa	INFO	Start syncing the balance {
  transaction: {
    id: '01HKMMNVVDG6W4E6F2EQQ5XQ2E',
    type: 'CREDIT',
    source: 'PAYMENT',
    action: 'REPLACE_FOOD',
    userId: '774aec7f-2f19-4233-b4a2-cef8e73197ea',
    paymentBalance: 200.5,
    updatePaymentBalance: true,
    metadata: '{"walletId":"wallet#774aec7f-2f19-4233-b4a2-cef8e73197ea","deliveryId":"d7a460d9-1ed5-4c3a-a616-2b93ccb6bdbf","eventSessionId":"2a0e3c9d-3808-4b05-af49-90c8cd377870","walletSk":"ea32539a-6483-4f5a-a227-7dfeca625f4a","version2":true,"source":"{\\"id\\":\\"a9b82bb5-702c-4795-b6df-d410ef854e19\\",\\"name\\":{\\"ar\\":\\"شوفان بيناكولادا\\",\\"en\\":\\"Pinacolada Overnight Oats\\"}}","version":"syncBalanceSQS","target":"{\\"id\\":\\"601f2cf3-1508-4d7d-8408-9bdfb2760084\\",\\"name\\":{\\"ar\\":\\"Chia Jam Parfait\\",\\"en\\":\\"Chia Jam Parfait\\"}}","API_VERSION_2":true}',
    currency: 'BHD',
    amount: 0.55,
    vat: 0.05,
    oldBalance: 200,
    newBalance: 200.5
  }
}

2024-01-08T13:37:33.335Z 2024-01-08T13:37:33.335Z	4db22482-957d-5899-99d1-7a9769af8bfa	INFO	SubscriptionBalanceUpdated event published

2024-01-08T13:37:33.350Z 2024-01-08T13:37:33.350Z	4db22482-957d-5899-99d1-7a9769af8bfa	INFO	Processing message 2c71f156-869f-434e-8607-cd19f91bb6b2

2024-01-08T13:37:33.355Z 2024-01-08T13:37:33.355Z	4db22482-957d-5899-99d1-7a9769af8bfa	INFO	Start syncing the balance {
  transaction: {
    id: '01HKMMNVXN70APW16STHB5MWQ1',
    type: 'CREDIT',
    source: 'PAYMENT',
    action: 'REPLACE_FOOD',
    userId: '774aec7f-2f19-4233-b4a2-cef8e73197ea',
    paymentBalance: 201,
    updatePaymentBalance: true,
    metadata: '{"walletId":"wallet#774aec7f-2f19-4233-b4a2-cef8e73197ea","deliveryId":"d7a460d9-1ed5-4c3a-a616-2b93ccb6bdbf","eventSessionId":"c79962a2-9c1f-4325-a3bf-3968ad637858","walletSk":"f6852e4b-0759-41b7-a04a-e25c8c157d76","version2":true,"source":"{\\"id\\":\\"a9b82bb5-702c-4795-b6df-d410ef854e19\\",\\"name\\":{\\"ar\\":\\"شوفان بيناكولادا\\",\\"en\\":\\"Pinacolada Overnight Oats\\"}}","version":"syncBalanceSQS","target":"{\\"id\\":\\"601f2cf3-1508-4d7d-8408-9bdfb2760084\\",\\"name\\":{\\"ar\\":\\"Chia Jam Parfait\\",\\"en\\":\\"Chia Jam Parfait\\"}}","API_VERSION_2":true}',
    currency: 'BHD',
    amount: 0.55,
    vat: 0.05,
    oldBalance: 200.5,
    newBalance: 201
  }
}

2024-01-08T13:37:33.390Z 2024-01-08T13:37:33.390Z	4db22482-957d-5899-99d1-7a9769af8bfa	INFO	SubscriptionBalanceUpdated event published

2024-01-08T13:37:33.401Z 2024-01-08T13:37:33.401Z	4db22482-957d-5899-99d1-7a9769af8bfa	INFO	Processing message 11c30eb5-d190-4e2d-a1b2-3378a498b508

2024-01-08T13:37:33.406Z 2024-01-08T13:37:33.406Z	4db22482-957d-5899-99d1-7a9769af8bfa	INFO	Start syncing the balance {
  transaction: {
    id: '01HKMMNW06SV5EJZSE2952FF4E',
    type: 'CREDIT',
    source: 'PAYMENT',
    action: 'REPLACE_FOOD',
    userId: '774aec7f-2f19-4233-b4a2-cef8e73197ea',
    paymentBalance: 201.5,
    updatePaymentBalance: true,
    metadata: '{"walletId":"wallet#774aec7f-2f19-4233-b4a2-cef8e73197ea","deliveryId":"d7a460d9-1ed5-4c3a-a616-2b93ccb6bdbf","eventSessionId":"f33f3884-3be4-489d-841d-cd6e2421dc9b","walletSk":"8efd538b-760c-40af-9a7b-34c34cda2787","version2":true,"source":"{\\"id\\":\\"a9b82bb5-702c-4795-b6df-d410ef854e19\\",\\"name\\":{\\"ar\\":\\"شوفان بيناكولادا\\",\\"en\\":\\"Pinacolada Overnight Oats\\"}}","version":"syncBalanceSQS","target":"{\\"id\\":\\"601f2cf3-1508-4d7d-8408-9bdfb2760084\\",\\"name\\":{\\"ar\\":\\"Chia Jam Parfait\\",\\"en\\":\\"Chia Jam Parfait\\"}}","API_VERSION_2":true}',
    currency: 'BHD',
    amount: 0.55,
    vat: 0.05,
    oldBalance: 201,
    newBalance: 201.5
  }
}

2024-01-08T13:37:33.444Z 2024-01-08T13:37:33.444Z	4db22482-957d-5899-99d1-7a9769af8bfa	INFO	SubscriptionBalanceUpdated event published

2024-01-08T13:37:33.457Z END RequestId: 4db22482-957d-5899-99d1-7a9769af8bfa

2024-01-08T13:37:33.457Z REPORT RequestId: 4db22482-957d-5899-99d1-7a9769af8bfa	Duration: 385.49 ms	Billed Duration: 386 ms	Memory Size: 512 MB	Max Memory Used: 122 MB	

2024-01-08T13:37:35.555Z START RequestId: 572c78c8-b28a-5626-8bc5-26dd4e571545 Version: $LATEST

2024-01-08T13:37:35.582Z 2024-01-08T13:37:35.582Z	572c78c8-b28a-5626-8bc5-26dd4e571545	INFO	Processing message 9eab3bb8-cd67-4f92-8bbd-464d7ae1f818

2024-01-08T13:37:35.588Z 2024-01-08T13:37:35.588Z	572c78c8-b28a-5626-8bc5-26dd4e571545	INFO	Start syncing the balance {
  transaction: {
    id: '01HKMMNZ7WBH58ANGGRCAGG5XX',
    type: 'CREDIT',
    source: 'PAYMENT',
    action: 'REPLACE_FOOD',
    userId: '774aec7f-2f19-4233-b4a2-cef8e73197ea',
    paymentBalance: 202,
    updatePaymentBalance: true,
    metadata: '{"walletId":"wallet#774aec7f-2f19-4233-b4a2-cef8e73197ea","deliveryId":"d7a460d9-1ed5-4c3a-a616-2b93ccb6bdbf","eventSessionId":"dee75e04-9dac-4562-a3e0-ed0fa99ca695","walletSk":"4d4cdf90-b9bb-455e-8751-f54314e28e44","version2":true,"source":"{\\"id\\":\\"a9b82bb5-702c-4795-b6df-d410ef854e19\\",\\"name\\":{\\"ar\\":\\"شوفان بيناكولادا\\",\\"en\\":\\"Pinacolada Overnight Oats\\"}}","version":"syncBalanceSQS","target":"{\\"id\\":\\"601f2cf3-1508-4d7d-8408-9bdfb2760084\\",\\"name\\":{\\"ar\\":\\"Chia Jam Parfait\\",\\"en\\":\\"Chia Jam Parfait\\"}}","API_VERSION_2":true}',
    currency: 'BHD',
    amount: 0.55,
    vat: 0.05,
    oldBalance: 201.5,
    newBalance: 202
  }
}

2024-01-08T13:37:35.630Z 2024-01-08T13:37:35.630Z	572c78c8-b28a-5626-8bc5-26dd4e571545	INFO	SubscriptionBalanceUpdated event published

2024-01-08T13:37:35.646Z END RequestId: 572c78c8-b28a-5626-8bc5-26dd4e571545

2024-01-08T13:37:35.646Z REPORT RequestId: 572c78c8-b28a-5626-8bc5-26dd4e571545	Duration: 90.87 ms	Billed Duration: 91 ms	Memory Size: 512 MB	Max Memory Used: 122 MB	

2024-01-08T13:37:36.612Z START RequestId: 2325e760-5800-5548-af33-b975a4debdd6 Version: $LATEST

2024-01-08T13:37:36.650Z 2024-01-08T13:37:36.650Z	2325e760-5800-5548-af33-b975a4debdd6	INFO	Processing message 6475e8c7-af78-4ec2-bf40-490dcb9afda0

2024-01-08T13:37:36.655Z 2024-01-08T13:37:36.655Z	2325e760-5800-5548-af33-b975a4debdd6	INFO	Start syncing the balance {
  transaction: {
    id: '01HKMMP0DP5QNV6M18CYEJHAER',
    type: 'CREDIT',
    source: 'PAYMENT',
    action: 'REPLACE_FOOD',
    userId: '774aec7f-2f19-4233-b4a2-cef8e73197ea',
    paymentBalance: 202.5,
    updatePaymentBalance: true,
    metadata: '{"walletId":"wallet#774aec7f-2f19-4233-b4a2-cef8e73197ea","deliveryId":"d7a460d9-1ed5-4c3a-a616-2b93ccb6bdbf","eventSessionId":"44c5aa1b-1770-402a-ad74-4ca37451a231","walletSk":"5b803b08-a763-4c0e-9402-e100bcb72c35","version2":true,"source":"{\\"id\\":\\"a9b82bb5-702c-4795-b6df-d410ef854e19\\",\\"name\\":{\\"ar\\":\\"شوفان بيناكولادا\\",\\"en\\":\\"Pinacolada Overnight Oats\\"}}","version":"syncBalanceSQS","target":"{\\"id\\":\\"601f2cf3-1508-4d7d-8408-9bdfb2760084\\",\\"name\\":{\\"ar\\":\\"Chia Jam Parfait\\",\\"en\\":\\"Chia Jam Parfait\\"}}","API_VERSION_2":true}',
    currency: 'BHD',
    amount: 0.55,
    vat: 0.05,
    oldBalance: 202,
    newBalance: 202.5
  }
}

2024-01-08T13:37:36.707Z 2024-01-08T13:37:36.707Z	2325e760-5800-5548-af33-b975a4debdd6	INFO	SubscriptionBalanceUpdated event published

2024-01-08T13:37:36.720Z END RequestId: 2325e760-5800-5548-af33-b975a4debdd6

2024-01-08T13:37:36.720Z REPORT RequestId: 2325e760-5800-5548-af33-b975a4debdd6	Duration: 107.16 ms	Billed Duration: 108 ms	Memory Size: 512 MB	Max Memory Used: 122 MB	

