2024-04-09T21:01:07.402Z INIT_START Runtime Version: nodejs:20.v19	Runtime Version ARN: arn:aws:lambda:us-east-1::runtime:2d68d583b872accb8815f845161e9bbabc6ac3ed4d0ab8c23e75f8788cf5444a

2024-04-09T21:01:08.462Z START RequestId: 4030f839-be49-5d6e-8773-a6b61089a10c Version: $LATEST

2024-04-09T21:01:08.639Z 2024-04-09T21:01:08.639Z	4030f839-be49-5d6e-8773-a6b61089a10c	INFO	Processing message c2c77cb4-f2d8-4f48-8021-d1730373c442

2024-04-09T21:01:08.684Z 2024-04-09T21:01:08.684Z	4030f839-be49-5d6e-8773-a6b61089a10c	INFO	Start syncing the balance {
  transaction: {
    id: '01HV2AM5ASMKYXAKMFKZBAGEM7',
    type: 'DEBIT',
    source: 'MANUAL_DEDUCTION',
    action: 'DELIVERY_DEDUCTION',
    userId: '3c8cc622-c7bf-4e77-bbc0-a11d28bb978e',
    paymentBalance: 1394,
    updatePaymentBalance: true,
    metadata: '{"walletId":"wallet#3c8cc622-c7bf-4e77-bbc0-a11d28bb978e","deliveryId":"59811a8f-3224-4a16-a9db-ea2042b027e4","walletSk":"59811a8f-3224-4a16-a9db-ea2042b027e4"}',
    currency: 'AED',
    amount: 82,
    vat: 0,
    oldBalance: 1476,
    newBalance: 1394
  }
}

2024-04-09T21:01:08.802Z 2024-04-09T21:01:08.802Z	4030f839-be49-5d6e-8773-a6b61089a10c	INFO	SubscriptionBalanceUpdated event published

2024-04-09T21:01:08.857Z END RequestId: 4030f839-be49-5d6e-8773-a6b61089a10c

2024-04-09T21:01:08.857Z REPORT RequestId: 4030f839-be49-5d6e-8773-a6b61089a10c	Duration: 397.27 ms	Billed Duration: 398 ms	Memory Size: 1024 MB	Max Memory Used: 116 MB	Init Duration: 1057.17 ms	
XRAY TraceId: 1-6615ac92-d10052cda85d149cebf6ee5f	SegmentId: 1aa3263b15c4f6d4	Sampled: true	

2024-04-09T21:01:09.981Z START RequestId: b76ac0d0-4053-5af5-a4c7-9e5fee862697 Version: $LATEST

2024-04-09T21:01:10.015Z 2024-04-09T21:01:10.015Z	b76ac0d0-4053-5af5-a4c7-9e5fee862697	INFO	Processing message 152f0859-5ce1-4601-9e9b-d1c517cec2e1

2024-04-09T21:01:10.025Z 2024-04-09T21:01:10.025Z	b76ac0d0-4053-5af5-a4c7-9e5fee862697	INFO	Start syncing the balance {
  transaction: {
    id: '01HV2AM5SY1BE6JH828DYC9P65',
    type: 'DEBIT',
    source: 'MANUAL_DEDUCTION',
    action: 'DELIVERY_DEDUCTION',
    userId: '3c69deb3-2d26-4954-865d-164c08a6c20c',
    paymentBalance: 879.091,
    updatePaymentBalance: true,
    metadata: '{"walletId":"wallet#3c69deb3-2d26-4954-865d-164c08a6c20c","deliveryId":"f93e5d9e-8eda-4282-9903-c72a769d1fda","walletSk":"f93e5d9e-8eda-4282-9903-c72a769d1fda"}',
    currency: 'BHD',
    amount: 8,
    vat: 0,
    oldBalance: 887.091,
    newBalance: 879.091
  }
}

2024-04-09T21:01:10.077Z 2024-04-09T21:01:10.077Z	b76ac0d0-4053-5af5-a4c7-9e5fee862697	INFO	SubscriptionBalanceUpdated event published

2024-04-09T21:01:10.093Z 2024-04-09T21:01:10.093Z	b76ac0d0-4053-5af5-a4c7-9e5fee862697	INFO	Processing message 345dffb0-b1fa-4835-8472-671863a1462b

2024-04-09T21:01:10.100Z 2024-04-09T21:01:10.100Z	b76ac0d0-4053-5af5-a4c7-9e5fee862697	INFO	Start syncing the balance {
  transaction: {
    id: '01HV2AM60XWM28ZHCJRSE4G82T',
    type: 'DEBIT',
    source: 'MANUAL_DEDUCTION',
    action: 'DELIVERY_DEDUCTION',
    userId: 'ecc835ac-ecb9-423d-b41a-7c1a15ff72c3',
    paymentBalance: 885.091,
    updatePaymentBalance: true,
    metadata: '{"walletId":"wallet#ecc835ac-ecb9-423d-b41a-7c1a15ff72c3","deliveryId":"6ece4f39-fc23-462a-96e9-dde7ec1b08c1","walletSk":"6ece4f39-fc23-462a-96e9-dde7ec1b08c1"}',
    currency: 'BHD',
    amount: 8,
    vat: 0,
    oldBalance: 893.091,
    newBalance: 885.091
  }
}

2024-04-09T21:01:10.149Z 2024-04-09T21:01:10.149Z	b76ac0d0-4053-5af5-a4c7-9e5fee862697	INFO	SubscriptionBalanceUpdated event published

2024-04-09T21:01:10.162Z 2024-04-09T21:01:10.162Z	b76ac0d0-4053-5af5-a4c7-9e5fee862697	INFO	Processing message 4dac8634-7a84-4ad1-a5c1-3d846b58f3b0

2024-04-09T21:01:10.169Z 2024-04-09T21:01:10.169Z	b76ac0d0-4053-5af5-a4c7-9e5fee862697	INFO	Start syncing the balance {
  transaction: {
    id: '01HV2AM78402ZPKWCM94EKXB6J',
    type: 'DEBIT',
    source: 'MANUAL_DEDUCTION',
    action: 'DELIVERY_DEDUCTION',
    userId: 'ecc835ac-ecb9-423d-b41a-7c1a15ff72c3',
    paymentBalance: 876.591,
    updatePaymentBalance: true,
    metadata: '{"walletId":"wallet#ecc835ac-ecb9-423d-b41a-7c1a15ff72c3","deliveryId":"00b82723-15bc-4c9b-a932-e882dc8d4a6e","walletSk":"00b82723-15bc-4c9b-a932-e882dc8d4a6e"}',
    currency: 'BHD',
    amount: 8.5,
    vat: 0,
    oldBalance: 885.091,
    newBalance: 876.591
  }
}

2024-04-09T21:01:10.216Z 2024-04-09T21:01:10.216Z	b76ac0d0-4053-5af5-a4c7-9e5fee862697	INFO	SubscriptionBalanceUpdated event published

2024-04-09T21:01:10.232Z 2024-04-09T21:01:10.232Z	b76ac0d0-4053-5af5-a4c7-9e5fee862697	INFO	Processing message 5816a284-b90f-44c6-b564-0c9cc7eb2391

2024-04-09T21:01:10.239Z 2024-04-09T21:01:10.239Z	b76ac0d0-4053-5af5-a4c7-9e5fee862697	INFO	Start syncing the balance {
  transaction: {
    id: '01HV2AM5HWF2G46BGX5WKASQWP',
    type: 'DEBIT',
    source: 'MANUAL_DEDUCTION',
    action: 'DELIVERY_DEDUCTION',
    userId: 'c50d5d7c-cfeb-46ff-84f0-6659ddb36ff6',
    paymentBalance: 4698,
    updatePaymentBalance: true,
    metadata: '{"walletId":"wallet#c50d5d7c-cfeb-46ff-84f0-6659ddb36ff6","deliveryId":"c07010a2-1a65-45dc-8ab3-76a3ca1cf590","walletSk":"c07010a2-1a65-45dc-8ab3-76a3ca1cf590"}',
    currency: 'SAR',
    amount: 81,
    vat: 0,
    oldBalance: 4779,
    newBalance: 4698
  }
}

2024-04-09T21:01:10.299Z 2024-04-09T21:01:10.299Z	b76ac0d0-4053-5af5-a4c7-9e5fee862697	INFO	SubscriptionBalanceUpdated event published

2024-04-09T21:01:10.312Z 2024-04-09T21:01:10.312Z	b76ac0d0-4053-5af5-a4c7-9e5fee862697	INFO	Processing message 0c22e276-8107-436c-9545-faec4f4d5edb

2024-04-09T21:01:10.318Z 2024-04-09T21:01:10.318Z	b76ac0d0-4053-5af5-a4c7-9e5fee862697	INFO	Start syncing the balance {
  transaction: {
    id: '01HV2AM70Q949KYHC14PK9VV7A',
    type: 'DEBIT',
    source: 'MANUAL_DEDUCTION',
    action: 'DELIVERY_DEDUCTION',
    userId: '74adce2a-39bc-4867-b6a8-84bbc95c7170',
    paymentBalance: 171,
    updatePaymentBalance: true,
    metadata: '{"walletId":"wallet#74adce2a-39bc-4867-b6a8-84bbc95c7170","deliveryId":"c96ed2be-7f78-4fcf-b410-85c39db10b8b","walletSk":"c96ed2be-7f78-4fcf-b410-85c39db10b8b"}',
    currency: 'BHD',
    amount: 9,
    vat: 0,
    oldBalance: 180,
    newBalance: 171
  }
}

2024-04-09T21:01:10.381Z 2024-04-09T21:01:10.381Z	b76ac0d0-4053-5af5-a4c7-9e5fee862697	INFO	SubscriptionBalanceUpdated event published

2024-04-09T21:01:10.394Z 2024-04-09T21:01:10.394Z	b76ac0d0-4053-5af5-a4c7-9e5fee862697	INFO	Processing message da4439f5-b988-4cee-8cef-31ab3a354298

2024-04-09T21:01:10.407Z 2024-04-09T21:01:10.407Z	b76ac0d0-4053-5af5-a4c7-9e5fee862697	INFO	Start syncing the balance {
  transaction: {
    id: '01HV2AM78CFS449Y6BD4E68CRQ',
    type: 'DEBIT',
    source: 'MANUAL_DEDUCTION',
    action: 'DELIVERY_DEDUCTION',
    userId: '98b3c798-7cb9-41c7-90fe-fdc458b9981d',
    paymentBalance: 2160,
    updatePaymentBalance: true,
    metadata: '{"walletId":"wallet#98b3c798-7cb9-41c7-90fe-fdc458b9981d","deliveryId":"d6d49fa0-c5b6-4c43-873b-d803daf6e0db","walletSk":"d6d49fa0-c5b6-4c43-873b-d803daf6e0db"}',
    currency: 'QAR',
    amount: 120,
    vat: 0,
    oldBalance: 2280,
    newBalance: 2160
  }
}

2024-04-09T21:01:10.455Z 2024-04-09T21:01:10.455Z	b76ac0d0-4053-5af5-a4c7-9e5fee862697	INFO	SubscriptionBalanceUpdated event published

2024-04-09T21:01:10.478Z 2024-04-09T21:01:10.478Z	b76ac0d0-4053-5af5-a4c7-9e5fee862697	INFO	Processing message 3246531d-fae5-4aa7-a380-1ef4cbf05b9f

2024-04-09T21:01:10.501Z 2024-04-09T21:01:10.501Z	b76ac0d0-4053-5af5-a4c7-9e5fee862697	INFO	Start syncing the balance {
  transaction: {
    id: '01HV2AM7GK8Z08H4PYCF7VB945',
    type: 'DEBIT',
    source: 'MANUAL_DEDUCTION',
    action: 'DELIVERY_DEDUCTION',
    userId: 'f73f4056-17a9-411c-9c87-e6823b037540',
    paymentBalance: 133,
    updatePaymentBalance: true,
    metadata: '{"walletId":"wallet#f73f4056-17a9-411c-9c87-e6823b037540","deliveryId":"7b181b5e-d3a6-4646-be51-433aac0f9d65","walletSk":"7b181b5e-d3a6-4646-be51-433aac0f9d65"}',
    currency: 'BHD',
    amount: 9,
    vat: 0,
    oldBalance: 142,
    newBalance: 133
  }
}

2024-04-09T21:01:10.571Z 2024-04-09T21:01:10.571Z	b76ac0d0-4053-5af5-a4c7-9e5fee862697	INFO	SubscriptionBalanceUpdated event published

2024-04-09T21:01:10.586Z 2024-04-09T21:01:10.586Z	b76ac0d0-4053-5af5-a4c7-9e5fee862697	INFO	Processing message ef962137-dbe0-48bb-a980-c20b801b71bb

2024-04-09T21:01:10.591Z 2024-04-09T21:01:10.591Z	b76ac0d0-4053-5af5-a4c7-9e5fee862697	INFO	Start syncing the balance {
  transaction: {
    id: '01HV2AM7JC6GR5Y5AR0XTMXETR',
    type: 'DEBIT',
    source: 'MANUAL_DEDUCTION',
    action: 'DELIVERY_DEDUCTION',
    userId: 'f3d4c61b-6917-4a7c-99c0-aaa26571e99e',
    paymentBalance: 136,
    updatePaymentBalance: true,
    metadata: '{"walletId":"wallet#f3d4c61b-6917-4a7c-99c0-aaa26571e99e","deliveryId":"9c7dd3da-9188-4961-8a1d-bce8ac9f6185","walletSk":"9c7dd3da-9188-4961-8a1d-bce8ac9f6185"}',
    currency: 'BHD',
    amount: 8,
    vat: 0,
    oldBalance: 144,
    newBalance: 136
  }
}

2024-04-09T21:01:10.635Z 2024-04-09T21:01:10.635Z	b76ac0d0-4053-5af5-a4c7-9e5fee862697	INFO	SubscriptionBalanceUpdated event published

2024-04-09T21:01:10.831Z 2024-04-09T21:01:10.831Z	b76ac0d0-4053-5af5-a4c7-9e5fee862697	INFO	Processing message aff7a0db-09f9-49db-82d4-21a266c622d9

2024-04-09T21:01:10.836Z 2024-04-09T21:01:10.836Z	b76ac0d0-4053-5af5-a4c7-9e5fee862697	INFO	Start syncing the balance {
  transaction: {
    id: '01HV2AM7RPKFTVNPJKXX6494M7',
    type: 'DEBIT',
    source: 'MANUAL_DEDUCTION',
    action: 'DELIVERY_DEDUCTION',
    userId: '0c2fd1eb-2c53-4fe5-83f3-e75d2cedab71',
    paymentBalance: 169,
    updatePaymentBalance: true,
    metadata: '{"walletId":"wallet#0c2fd1eb-2c53-4fe5-83f3-e75d2cedab71","deliveryId":"195c900e-68a6-4b25-8895-cea61ffabded","walletSk":"195c900e-68a6-4b25-8895-cea61ffabded"}',
    currency: 'BHD',
    amount: 52,
    vat: 0,
    oldBalance: 221,
    newBalance: 169
  }
}

2024-04-09T21:01:10.883Z 2024-04-09T21:01:10.883Z	b76ac0d0-4053-5af5-a4c7-9e5fee862697	INFO	SubscriptionBalanceUpdated event published

2024-04-09T21:01:10.898Z 2024-04-09T21:01:10.898Z	b76ac0d0-4053-5af5-a4c7-9e5fee862697	INFO	Processing message e5197204-ff7e-46cc-934e-5b3452a016fc

2024-04-09T21:01:10.903Z 2024-04-09T21:01:10.903Z	b76ac0d0-4053-5af5-a4c7-9e5fee862697	INFO	Start syncing the balance {
  transaction: {
    id: '01HV2AM6J9XW8QAW2J9QK59P3N',
    type: 'DEBIT',
    source: 'MANUAL_DEDUCTION',
    action: 'DELIVERY_DEDUCTION',
    userId: '9e652ba2-e1f3-4c64-a256-7bc39337e0ca',
    paymentBalance: 153,
    updatePaymentBalance: true,
    metadata: '{"walletId":"wallet#9e652ba2-e1f3-4c64-a256-7bc39337e0ca","deliveryId":"5809f318-dcd5-4cda-8d2d-056ee4210e3a","walletSk":"5809f318-dcd5-4cda-8d2d-056ee4210e3a"}',
    currency: 'BHD',
    amount: 9,
    vat: 0,
    oldBalance: 162,
    newBalance: 153
  }
}

2024-04-09T21:01:10.947Z 2024-04-09T21:01:10.947Z	b76ac0d0-4053-5af5-a4c7-9e5fee862697	INFO	SubscriptionBalanceUpdated event published

2024-04-09T21:01:10.963Z END RequestId: b76ac0d0-4053-5af5-a4c7-9e5fee862697

2024-04-09T21:01:10.963Z REPORT RequestId: b76ac0d0-4053-5af5-a4c7-9e5fee862697	Duration: 982.28 ms	Billed Duration: 983 ms	Memory Size: 1024 MB	Max Memory Used: 121 MB	
XRAY TraceId: 1-6615ac95-67c7666562d5b2b4a02248c4	SegmentId: 556e7d192bffc878	Sampled: true	

