2024-04-04T21:01:06.873Z INIT_START Runtime Version: nodejs:20.v19	Runtime Version ARN: arn:aws:lambda:us-east-1::runtime:2d68d583b872accb8815f845161e9bbabc6ac3ed4d0ab8c23e75f8788cf5444a

2024-04-04T21:01:07.873Z START RequestId: 130f8fec-7caa-5ada-be3d-d1656be84e10 Version: $LATEST

2024-04-04T21:01:08.027Z 2024-04-04T21:01:08.027Z	130f8fec-7caa-5ada-be3d-d1656be84e10	INFO	Processing message ada3a0f8-817c-4f25-a9bc-df35c08193e7

2024-04-04T21:01:08.078Z 2024-04-04T21:01:08.078Z	130f8fec-7caa-5ada-be3d-d1656be84e10	INFO	Start syncing the balance {
  transaction: {
    id: '01HTNEMJKNS4CJHAQVBN8KX26B',
    type: 'DEBIT',
    source: 'MANUAL_DEDUCTION',
    action: 'DELIVERY_DEDUCTION',
    userId: '7366dc6d-d047-46d5-b203-39e81633a8b4',
    paymentBalance: 3007,
    updatePaymentBalance: true,
    metadata: '{"walletId":"wallet#7366dc6d-d047-46d5-b203-39e81633a8b4","deliveryId":"8e2af4b3-a3b7-4b3e-8e1a-356f74be7934","walletSk":"8e2af4b3-a3b7-4b3e-8e1a-356f74be7934"}',
    currency: 'SAR',
    amount: 39.9,
    vat: 0,
    oldBalance: 3046.9,
    newBalance: 3007
  }
}

2024-04-04T21:01:08.175Z 2024-04-04T21:01:08.175Z	130f8fec-7caa-5ada-be3d-d1656be84e10	INFO	SubscriptionBalanceUpdated event published

2024-04-04T21:01:08.334Z END RequestId: 130f8fec-7caa-5ada-be3d-d1656be84e10

2024-04-04T21:01:08.334Z REPORT RequestId: 130f8fec-7caa-5ada-be3d-d1656be84e10	Duration: 461.03 ms	Billed Duration: 462 ms	Memory Size: 1024 MB	Max Memory Used: 114 MB	Init Duration: 998.85 ms	

2024-04-04T21:01:09.857Z START RequestId: 652d07ea-c290-5166-9d6b-5963d5c575ac Version: $LATEST

2024-04-04T21:01:09.891Z 2024-04-04T21:01:09.891Z	652d07ea-c290-5166-9d6b-5963d5c575ac	INFO	Processing message 3a3235c2-6e3f-4d29-905e-0a515746531d

2024-04-04T21:01:09.900Z 2024-04-04T21:01:09.900Z	652d07ea-c290-5166-9d6b-5963d5c575ac	INFO	Start syncing the balance {
  transaction: {
    id: '01HTNEMM4F4D1SY657HWJ0JB6W',
    type: 'DEBIT',
    source: 'MANUAL_DEDUCTION',
    action: 'DELIVERY_DEDUCTION',
    userId: '073d8401-e882-4dc0-a104-c212f6019ebd',
    paymentBalance: 289.57,
    updatePaymentBalance: true,
    metadata: '{"walletId":"wallet#073d8401-e882-4dc0-a104-c212f6019ebd","deliveryId":"ff38f152-4cc2-4984-aa0a-1f9771c2b50d","walletSk":"ff38f152-4cc2-4984-aa0a-1f9771c2b50d"}',
    currency: 'SAR',
    amount: 100,
    vat: 0,
    oldBalance: 389.57,
    newBalance: 289.57
  }
}

2024-04-04T21:01:09.950Z 2024-04-04T21:01:09.950Z	652d07ea-c290-5166-9d6b-5963d5c575ac	INFO	SubscriptionBalanceUpdated event published

2024-04-04T21:01:09.965Z 2024-04-04T21:01:09.965Z	652d07ea-c290-5166-9d6b-5963d5c575ac	INFO	Processing message 4afbd836-2bdb-4ac4-a250-2c5e90e3f15c

2024-04-04T21:01:09.972Z 2024-04-04T21:01:09.972Z	652d07ea-c290-5166-9d6b-5963d5c575ac	INFO	Start syncing the balance {
  transaction: {
    id: '01HTNEMM24RRP04V48C1JT38JY',
    type: 'DEBIT',
    source: 'MANUAL_DEDUCTION',
    action: 'DELIVERY_DEDUCTION',
    userId: 'b112009d-f072-4888-a15e-b7618e3f225f',
    paymentBalance: 2070,
    updatePaymentBalance: true,
    metadata: '{"walletId":"wallet#b112009d-f072-4888-a15e-b7618e3f225f","deliveryId":"da95c13e-c262-4a55-997e-5528952255c0","walletSk":"da95c13e-c262-4a55-997e-5528952255c0"}',
    currency: 'SAR',
    amount: 90,
    vat: 0,
    oldBalance: 2160,
    newBalance: 2070
  }
}

2024-04-04T21:01:10.015Z 2024-04-04T21:01:10.015Z	652d07ea-c290-5166-9d6b-5963d5c575ac	INFO	SubscriptionBalanceUpdated event published

2024-04-04T21:01:10.029Z 2024-04-04T21:01:10.029Z	652d07ea-c290-5166-9d6b-5963d5c575ac	INFO	Processing message b64aa7a8-4fe7-435a-8c87-69b6f6ec3197

2024-04-04T21:01:10.038Z 2024-04-04T21:01:10.038Z	652d07ea-c290-5166-9d6b-5963d5c575ac	INFO	Start syncing the balance {
  transaction: {
    id: '01HTNEMM6H0303363HJ8CWR989',
    type: 'DEBIT',
    source: 'MANUAL_DEDUCTION',
    action: 'DELIVERY_DEDUCTION',
    userId: '7f97b814-017d-430e-9779-877ec174861e',
    paymentBalance: -468.532,
    updatePaymentBalance: true,
    metadata: '{"walletId":"wallet#7f97b814-017d-430e-9779-877ec174861e","deliveryId":"858e3c57-ddd2-4dad-a04d-99cbe0f8a2d9","walletSk":"858e3c57-ddd2-4dad-a04d-99cbe0f8a2d9"}',
    currency: 'BHD',
    amount: 6,
    vat: 0,
    oldBalance: 543.0878,
    newBalance: 537.088
  }
}

2024-04-04T21:01:10.083Z 2024-04-04T21:01:10.083Z	652d07ea-c290-5166-9d6b-5963d5c575ac	INFO	SubscriptionBalanceUpdated event published

2024-04-04T21:01:10.319Z 2024-04-04T21:01:10.319Z	652d07ea-c290-5166-9d6b-5963d5c575ac	ERROR	Subscription balance and payment balance are not in sync {
  userId: '7f97b814-017d-430e-9779-877ec174861e',
  subscriptionBalance: 537.088,
  paymentBalance: -468.532
}

2024-04-04T21:01:10.336Z 2024-04-04T21:01:10.336Z	652d07ea-c290-5166-9d6b-5963d5c575ac	INFO	Processing message ff96df75-5cf9-4977-bbcc-563897893626

2024-04-04T21:01:10.342Z 2024-04-04T21:01:10.342Z	652d07ea-c290-5166-9d6b-5963d5c575ac	INFO	Start syncing the balance {
  transaction: {
    id: '01HTNEMMH61CP3KX26B98C14RN',
    type: 'DEBIT',
    source: 'MANUAL_DEDUCTION',
    action: 'DELIVERY_DEDUCTION',
    userId: 'ddbc5455-86aa-4bdc-b4ae-ea5181bc0e4c',
    paymentBalance: 2316,
    updatePaymentBalance: true,
    metadata: '{"walletId":"wallet#ddbc5455-86aa-4bdc-b4ae-ea5181bc0e4c","deliveryId":"0d29b214-e423-4c4b-ba0f-a7e431545799","walletSk":"0d29b214-e423-4c4b-ba0f-a7e431545799"}',
    currency: 'SAR',
    amount: 81,
    vat: 0,
    oldBalance: 2397,
    newBalance: 2316
  }
}

2024-04-04T21:01:10.419Z 2024-04-04T21:01:10.419Z	652d07ea-c290-5166-9d6b-5963d5c575ac	INFO	SubscriptionBalanceUpdated event published

2024-04-04T21:01:10.434Z 2024-04-04T21:01:10.434Z	652d07ea-c290-5166-9d6b-5963d5c575ac	INFO	Processing message b9e33fe3-0fd5-4841-acfa-399ad4ecc5de

2024-04-04T21:01:10.441Z 2024-04-04T21:01:10.441Z	652d07ea-c290-5166-9d6b-5963d5c575ac	INFO	Start syncing the balance {
  transaction: {
    id: '01HTNEMMNZTEBNS7HJPNKY2HDC',
    type: 'DEBIT',
    source: 'MANUAL_DEDUCTION',
    action: 'DELIVERY_DEDUCTION',
    userId: '376d34f8-7a30-44ea-b240-f70b77aa942b',
    paymentBalance: 64,
    updatePaymentBalance: true,
    metadata: '{"walletId":"wallet#376d34f8-7a30-44ea-b240-f70b77aa942b","deliveryId":"7b5abb6c-fb96-469e-a20e-08a1e950efd0","walletSk":"7b5abb6c-fb96-469e-a20e-08a1e950efd0"}',
    currency: 'BHD',
    amount: 8,
    vat: 0,
    oldBalance: 72,
    newBalance: 64
  }
}

2024-04-04T21:01:10.487Z 2024-04-04T21:01:10.487Z	652d07ea-c290-5166-9d6b-5963d5c575ac	INFO	SubscriptionBalanceUpdated event published

2024-04-04T21:01:10.502Z 2024-04-04T21:01:10.502Z	652d07ea-c290-5166-9d6b-5963d5c575ac	INFO	Processing message ad9caf95-edbf-4e05-a6e8-b292a79a792e

2024-04-04T21:01:10.508Z 2024-04-04T21:01:10.508Z	652d07ea-c290-5166-9d6b-5963d5c575ac	INFO	Start syncing the balance {
  transaction: {
    id: '01HTNEMMTNSPCAKW7GG0QAHF2W',
    type: 'DEBIT',
    source: 'MANUAL_DEDUCTION',
    action: 'DELIVERY_DEDUCTION',
    userId: '2248520a-3a2a-4202-855c-5fa92d33d90b',
    paymentBalance: 64,
    updatePaymentBalance: true,
    metadata: '{"walletId":"wallet#2248520a-3a2a-4202-855c-5fa92d33d90b","deliveryId":"cd07cfa0-7f46-4bab-aa2a-7fba3b05938a","walletSk":"cd07cfa0-7f46-4bab-aa2a-7fba3b05938a"}',
    currency: 'BHD',
    amount: 8,
    vat: 0,
    oldBalance: 72,
    newBalance: 64
  }
}

2024-04-04T21:01:10.554Z 2024-04-04T21:01:10.554Z	652d07ea-c290-5166-9d6b-5963d5c575ac	INFO	SubscriptionBalanceUpdated event published

2024-04-04T21:01:10.566Z 2024-04-04T21:01:10.566Z	652d07ea-c290-5166-9d6b-5963d5c575ac	INFO	Processing message e163bc49-418e-4037-a610-40148f0886bd

2024-04-04T21:01:10.573Z 2024-04-04T21:01:10.573Z	652d07ea-c290-5166-9d6b-5963d5c575ac	INFO	Start syncing the balance {
  transaction: {
    id: '01HTNEMMBWMJ32MGPJYTNQA060',
    type: 'DEBIT',
    source: 'MANUAL_DEDUCTION',
    action: 'DELIVERY_DEDUCTION',
    userId: '09ab0c9d-acb3-41ef-b844-c50508c878e4',
    paymentBalance: 6172.1,
    updatePaymentBalance: true,
    metadata: '{"walletId":"wallet#09ab0c9d-acb3-41ef-b844-c50508c878e4","deliveryId":"cc4c9e67-b83c-448b-bcaf-c513bf65398e","walletSk":"cc4c9e67-b83c-448b-bcaf-c513bf65398e"}',
    currency: 'SAR',
    amount: 75,
    vat: 0,
    oldBalance: 6247.1,
    newBalance: 6172.1
  }
}

2024-04-04T21:01:10.619Z 2024-04-04T21:01:10.619Z	652d07ea-c290-5166-9d6b-5963d5c575ac	INFO	SubscriptionBalanceUpdated event published

2024-04-04T21:01:10.634Z 2024-04-04T21:01:10.634Z	652d07ea-c290-5166-9d6b-5963d5c575ac	INFO	Processing message 5de60dfe-c588-4a93-9d7d-681e9a6d0fa1

2024-04-04T21:01:10.641Z 2024-04-04T21:01:10.641Z	652d07ea-c290-5166-9d6b-5963d5c575ac	INFO	Start syncing the balance {
  transaction: {
    id: '01HTNEMME90CPZ5485GFMV25VP',
    type: 'DEBIT',
    source: 'MANUAL_DEDUCTION',
    action: 'DELIVERY_DEDUCTION',
    userId: 'e8062346-faa2-400f-a070-a970fc4caab4',
    paymentBalance: 2113.376,
    updatePaymentBalance: true,
    metadata: '{"walletId":"wallet#e8062346-faa2-400f-a070-a970fc4caab4","deliveryId":"b190e8c2-4630-474c-b49f-f231fcd08078","walletSk":"b190e8c2-4630-474c-b49f-f231fcd08078"}',
    currency: 'BHD',
    amount: 48,
    vat: 0,
    oldBalance: 252,
    newBalance: 204
  }
}

2024-04-04T21:01:10.688Z 2024-04-04T21:01:10.688Z	652d07ea-c290-5166-9d6b-5963d5c575ac	INFO	SubscriptionBalanceUpdated event published

2024-04-04T21:01:10.704Z 2024-04-04T21:01:10.704Z	652d07ea-c290-5166-9d6b-5963d5c575ac	ERROR	Subscription balance and payment balance are not in sync {
  userId: 'e8062346-faa2-400f-a070-a970fc4caab4',
  subscriptionBalance: 204,
  paymentBalance: 2113.376
}

2024-04-04T21:01:10.719Z 2024-04-04T21:01:10.719Z	652d07ea-c290-5166-9d6b-5963d5c575ac	INFO	Processing message f8eb1c54-759b-43d3-b1fa-2936813c88f7

2024-04-04T21:01:10.725Z 2024-04-04T21:01:10.725Z	652d07ea-c290-5166-9d6b-5963d5c575ac	INFO	Start syncing the balance {
  transaction: {
    id: '01HTNEMMQYGQ36ZN9M7GAF9EFJ',
    type: 'DEBIT',
    source: 'MANUAL_DEDUCTION',
    action: 'DELIVERY_DEDUCTION',
    userId: 'ec5a25e9-6a06-43fa-9eca-0e31ec111076',
    paymentBalance: 3344.878,
    updatePaymentBalance: true,
    metadata: '{"walletId":"wallet#ec5a25e9-6a06-43fa-9eca-0e31ec111076","deliveryId":"6e969cd9-bdf3-4ed6-8128-495a43abe1e9","walletSk":"6e969cd9-bdf3-4ed6-8128-495a43abe1e9"}',
    currency: 'BHD',
    amount: 9,
    vat: 0,
    oldBalance: 139.181,
    newBalance: 130.181
  }
}

2024-04-04T21:01:10.768Z 2024-04-04T21:01:10.768Z	652d07ea-c290-5166-9d6b-5963d5c575ac	INFO	SubscriptionBalanceUpdated event published

2024-04-04T21:01:10.782Z 2024-04-04T21:01:10.782Z	652d07ea-c290-5166-9d6b-5963d5c575ac	ERROR	Subscription balance and payment balance are not in sync {
  userId: 'ec5a25e9-6a06-43fa-9eca-0e31ec111076',
  subscriptionBalance: 130.181,
  paymentBalance: 3344.878
}

2024-04-04T21:01:10.797Z 2024-04-04T21:01:10.797Z	652d07ea-c290-5166-9d6b-5963d5c575ac	INFO	Processing message 2c44575d-97fb-4523-9946-a902bab9eab0

2024-04-04T21:01:10.803Z 2024-04-04T21:01:10.803Z	652d07ea-c290-5166-9d6b-5963d5c575ac	INFO	Start syncing the balance {
  transaction: {
    id: '01HTNEMMKD7FDS04AAD79CKZY4',
    type: 'DEBIT',
    source: 'MANUAL_DEDUCTION',
    action: 'DELIVERY_DEDUCTION',
    userId: '9192a709-1808-49f7-a6f7-79703e605b73',
    paymentBalance: 144,
    updatePaymentBalance: true,
    metadata: '{"walletId":"wallet#9192a709-1808-49f7-a6f7-79703e605b73","deliveryId":"700dc9f9-25f4-41fc-98f3-508f42d826c7","walletSk":"700dc9f9-25f4-41fc-98f3-508f42d826c7"}',
    currency: 'BHD',
    amount: 8,
    vat: 0,
    oldBalance: 152,
    newBalance: 144
  }
}

2024-04-04T21:01:10.846Z 2024-04-04T21:01:10.846Z	652d07ea-c290-5166-9d6b-5963d5c575ac	INFO	SubscriptionBalanceUpdated event published

2024-04-04T21:01:10.860Z END RequestId: 652d07ea-c290-5166-9d6b-5963d5c575ac

2024-04-04T21:01:10.860Z REPORT RequestId: 652d07ea-c290-5166-9d6b-5963d5c575ac	Duration: 1003.72 ms	Billed Duration: 1004 ms	Memory Size: 1024 MB	Max Memory Used: 120 MB	
XRAY TraceId: 1-660f1515-97bd5cbc335edcd782800423	SegmentId: 1340e42d4d6f95b7	Sampled: true	

