2024-04-27T07:37:25.412Z INIT_START Runtime Version: nodejs:20.v22	Runtime Version ARN: arn:aws:lambda:us-east-1::runtime:da57c20c4b965d5b75540f6865a35fc8030358e33ec44ecfed33e90901a27a72

2024-04-27T07:37:26.435Z START RequestId: 277192c4-608c-5942-b0fa-cc62cdef1a48 Version: $LATEST

2024-04-27T07:37:26.601Z 2024-04-27T07:37:26.601Z	277192c4-608c-5942-b0fa-cc62cdef1a48	INFO	Processing message 59b1e4c8-685d-4503-ab2a-77b78a8926c9

2024-04-27T07:37:26.647Z 2024-04-27T07:37:26.647Z	277192c4-608c-5942-b0fa-cc62cdef1a48	INFO	Start syncing the balance {
  transaction: {
    id: '01HWF7SGZ3ZMEFY9CKZB7H20KY',
    type: 'CREDIT',
    source: 'MANUAL_ADDITION',
    action: 'DELIVERY_CANCELLATION',
    userId: '3c69deb3-2d26-4954-865d-164c08a6c20c',
    paymentBalance: 1369.363,
    updatePaymentBalance: true,
    metadata: '{"walletId":"wallet#3c69deb3-2d26-4954-865d-164c08a6c20c","deliveryId":"0dd8e257-cdb1-4857-b5d0-5df7e5a032dc","walletSk":"9ca1bf56-ea2a-4cff-8c3a-ea70b16ecf31"}',
    currency: 'BHD',
    amount: 9,
    vat: 0,
    oldBalance: 1360.363,
    newBalance: 1369.363
  }
}

2024-04-27T07:37:26.746Z 2024-04-27T07:37:26.746Z	277192c4-608c-5942-b0fa-cc62cdef1a48	INFO	SubscriptionBalanceUpdated event published

2024-04-27T07:37:26.793Z END RequestId: 277192c4-608c-5942-b0fa-cc62cdef1a48

2024-04-27T07:37:26.793Z REPORT RequestId: 277192c4-608c-5942-b0fa-cc62cdef1a48	Duration: 358.33 ms	Billed Duration: 359 ms	Memory Size: 1024 MB	Max Memory Used: 116 MB	Init Duration: 1021.41 ms	

