2024-01-17T12:41:19.946Z START RequestId: 024f6a7c-b038-5d6a-b5e5-345d7d24d782 Version: $LATEST

2024-01-17T12:41:20.003Z 2024-01-17T12:41:20.003Z	024f6a7c-b038-5d6a-b5e5-345d7d24d782	INFO	Processing message 75c40c17-2452-4cb1-9460-b156e1a5ee29

2024-01-17T12:41:20.003Z 2024-01-17T12:41:20.003Z	024f6a7c-b038-5d6a-b5e5-345d7d24d782	INFO	Skipping the balance sync for create subscription, it will be synced from create subscription payment listener

2024-01-17T12:41:20.005Z END RequestId: 024f6a7c-b038-5d6a-b5e5-345d7d24d782

2024-01-17T12:41:20.005Z REPORT RequestId: 024f6a7c-b038-5d6a-b5e5-345d7d24d782	Duration: 58.99 ms	Billed Duration: 59 ms	Memory Size: 1024 MB	Max Memory Used: 105 MB	

2024-01-17T12:34:47.903Z START RequestId: f921378c-77d9-53f0-842f-69adbc4c7047 Version: $LATEST

2024-01-17T12:34:48.032Z 2024-01-17T12:34:48.032Z	f921378c-77d9-53f0-842f-69adbc4c7047	INFO	Processing message b06f62c1-84f4-44f2-92b0-2555ae4820da

2024-01-17T12:34:48.032Z 2024-01-17T12:34:48.032Z	f921378c-77d9-53f0-842f-69adbc4c7047	INFO	Skipping the balance sync for create subscription, it will be synced from create subscription payment listener

2024-01-17T12:34:48.034Z END RequestId: f921378c-77d9-53f0-842f-69adbc4c7047

2024-01-17T12:34:48.034Z REPORT RequestId: f921378c-77d9-53f0-842f-69adbc4c7047	Duration: 130.28 ms	Billed Duration: 131 ms	Memory Size: 1024 MB	Max Memory Used: 105 MB	

2024-01-17T12:37:59.684Z START RequestId: 9a2087f4-4101-5200-b091-d9d58d5d5a7c Version: $LATEST

2024-01-17T12:37:59.767Z 2024-01-17T12:37:59.767Z	9a2087f4-4101-5200-b091-d9d58d5d5a7c	INFO	Processing message acecbd0e-462e-4a09-9a0f-4dea14e787b9

2024-01-17T12:37:59.768Z 2024-01-17T12:37:59.768Z	9a2087f4-4101-5200-b091-d9d58d5d5a7c	INFO	Skipping the balance sync for create subscription, it will be synced from create subscription payment listener

2024-01-17T12:37:59.769Z END RequestId: 9a2087f4-4101-5200-b091-d9d58d5d5a7c

2024-01-17T12:37:59.769Z REPORT RequestId: 9a2087f4-4101-5200-b091-d9d58d5d5a7c	Duration: 84.98 ms	Billed Duration: 85 ms	Memory Size: 1024 MB	Max Memory Used: 105 MB	

2024-01-17T12:30:31.909Z START RequestId: 4bf41897-1fdd-576a-98f4-46b6d54a8cc4 Version: $LATEST

2024-01-17T12:30:32.057Z 2024-01-17T12:30:32.057Z	4bf41897-1fdd-576a-98f4-46b6d54a8cc4	INFO	Processing message 23bddfdc-082a-4ee3-acc9-25d9199d4b16

2024-01-17T12:30:32.058Z 2024-01-17T12:30:32.058Z	4bf41897-1fdd-576a-98f4-46b6d54a8cc4	INFO	Skipping the balance sync for create subscription, it will be synced from create subscription payment listener

2024-01-17T12:30:32.062Z END RequestId: 4bf41897-1fdd-576a-98f4-46b6d54a8cc4

2024-01-17T12:30:32.062Z REPORT RequestId: 4bf41897-1fdd-576a-98f4-46b6d54a8cc4	Duration: 153.73 ms	Billed Duration: 154 ms	Memory Size: 1024 MB	Max Memory Used: 101 MB	Init Duration: 740.53 ms	
XRAY TraceId: 1-65a7c866-d313926f4983c5c141df87b6	SegmentId: 6c12493b00694380	Sampled: true	

2024-01-17T12:30:31.166Z INIT_START Runtime Version: nodejs:20.v14	Runtime Version ARN: arn:aws:lambda:us-east-1::runtime:d4c968f0a85420c036d732975b0317307799fc7152619b3c4fb289f5d8e34f8a

