2024-04-21T08:32:58.693Z INIT_START Runtime Version: nodejs:20.v22	Runtime Version ARN: arn:aws:lambda:us-east-1::runtime:da57c20c4b965d5b75540f6865a35fc8030358e33ec44ecfed33e90901a27a72

2024-04-21T08:32:59.670Z START RequestId: 5278996f-e18e-55ce-98ed-c7f130f79244 Version: $LATEST

2024-04-21T08:32:59.819Z 2024-04-21T08:32:59.819Z	5278996f-e18e-55ce-98ed-c7f130f79244	INFO	Processing message b2e09cf9-3d43-4ba7-bec2-c8508ff2c3ff

2024-04-21T08:32:59.870Z 2024-04-21T08:32:59.870Z	5278996f-e18e-55ce-98ed-c7f130f79244	INFO	Start syncing the balance {
  transaction: {
    id: '01HVZWJYN3TD54H1F30XVJYBD6',
    type: 'CREDIT',
    source: 'MANUAL_ADDITION',
    action: 'CUSTOMERS_CALO_EXPERIMENTS',
    userId: 'random-uuid',
    paymentBalance: 0,
    updatePaymentBalance: true,
    metadata: '{"walletId":"wallet#random-uuid","walletSk":"34de17c2-68cc-4ea8-8b3b-fbd947630bd1"}',
    currency: 'BHD',
    amount: 0,
    vat: 0,
    oldBalance: 0,
    newBalance: 0
  }
}

2024-04-21T08:32:59.956Z 2024-04-21T08:32:59.956Z	5278996f-e18e-55ce-98ed-c7f130f79244	INFO	SubscriptionBalanceUpdated event published

2024-04-21T08:32:59.993Z END RequestId: 5278996f-e18e-55ce-98ed-c7f130f79244

2024-04-21T08:32:59.993Z REPORT RequestId: 5278996f-e18e-55ce-98ed-c7f130f79244	Duration: 323.03 ms	Billed Duration: 324 ms	Memory Size: 1024 MB	Max Memory Used: 121 MB	Init Duration: 975.37 ms	

2024-04-21T08:33:01.417Z START RequestId: daf70cc4-e6b6-5418-afff-525a37cbf5e8 Version: $LATEST

2024-04-21T08:33:01.445Z 2024-04-21T08:33:01.445Z	daf70cc4-e6b6-5418-afff-525a37cbf5e8	INFO	Processing message 8b1be765-62df-4857-a6e7-7e0c59e6e2a4

2024-04-21T08:33:01.454Z 2024-04-21T08:33:01.454Z	daf70cc4-e6b6-5418-afff-525a37cbf5e8	INFO	Start syncing the balance {
  transaction: {
    id: '01HVZWK0ZEMGP00G2W5336BV84',
    type: 'CREDIT',
    source: 'MANUAL_ADDITION',
    action: 'CUSTOMERS_CALO_EXPERIMENTS',
    userId: '8dfe2f8c-8ed9-4fd3-b73f-51cf500578bc',
    paymentBalance: 3.728,
    updatePaymentBalance: true,
    metadata: '{"walletId":"wallet#8dfe2f8c-8ed9-4fd3-b73f-51cf500578bc","walletSk":"c94eba23-b91e-4156-9108-ae7af46d5359"}',
    currency: 'BHD',
    amount: 0,
    vat: 0,
    oldBalance: 3.728,
    newBalance: 3.728
  }
}

2024-04-21T08:33:01.509Z 2024-04-21T08:33:01.509Z	daf70cc4-e6b6-5418-afff-525a37cbf5e8	INFO	SubscriptionBalanceUpdated event published

2024-04-21T08:33:01.523Z 2024-04-21T08:33:01.523Z	daf70cc4-e6b6-5418-afff-525a37cbf5e8	INFO	Processing message af1bdd44-17f5-4a59-8688-d7d4253a812a

2024-04-21T08:33:01.530Z 2024-04-21T08:33:01.530Z	daf70cc4-e6b6-5418-afff-525a37cbf5e8	INFO	Start syncing the balance {
  transaction: {
    id: '01HVZWK14RW5K14Z5JZ55N4D68',
    type: 'CREDIT',
    source: 'MANUAL_ADDITION',
    action: 'CUSTOMERS_CALO_EXPERIMENTS',
    userId: '9e652ba2-e1f3-4c64-a256-7bc39337e0ca',
    paymentBalance: 120.545,
    updatePaymentBalance: true,
    metadata: '{"walletId":"wallet#9e652ba2-e1f3-4c64-a256-7bc39337e0ca","walletSk":"01abf9c5-3c21-4b48-8e18-76a9fc883470"}',
    currency: 'BHD',
    amount: 11.818,
    vat: 0,
    oldBalance: 108.727,
    newBalance: 120.545
  }
}

2024-04-21T08:33:01.577Z 2024-04-21T08:33:01.577Z	daf70cc4-e6b6-5418-afff-525a37cbf5e8	INFO	SubscriptionBalanceUpdated event published

2024-04-21T08:33:01.798Z 2024-04-21T08:33:01.798Z	daf70cc4-e6b6-5418-afff-525a37cbf5e8	INFO	Processing message 87420b46-027e-4e50-a603-9198b3d281c1

2024-04-21T08:33:01.804Z 2024-04-21T08:33:01.804Z	daf70cc4-e6b6-5418-afff-525a37cbf5e8	INFO	Start syncing the balance {
  transaction: {
    id: '01HVZWK196STDN586R6CHTN07A',
    type: 'CREDIT',
    source: 'MANUAL_ADDITION',
    action: 'CUSTOMERS_CALO_EXPERIMENTS',
    userId: '74adce2a-39bc-4867-b6a8-84bbc95c7170',
    paymentBalance: 149.726,
    updatePaymentBalance: true,
    metadata: '{"walletId":"wallet#74adce2a-39bc-4867-b6a8-84bbc95c7170","walletSk":"39192ca3-3d7e-4a14-b9bc-3ea72eb52783"}',
    currency: 'BHD',
    amount: 14.545,
    vat: 0,
    oldBalance: 135.181,
    newBalance: 149.726
  }
}

2024-04-21T08:33:01.853Z 2024-04-21T08:33:01.853Z	daf70cc4-e6b6-5418-afff-525a37cbf5e8	INFO	SubscriptionBalanceUpdated event published

2024-04-21T08:33:01.865Z 2024-04-21T08:33:01.865Z	daf70cc4-e6b6-5418-afff-525a37cbf5e8	INFO	Processing message da94e007-fca6-4588-8ddd-69cb066b2fe2

2024-04-21T08:33:01.872Z 2024-04-21T08:33:01.872Z	daf70cc4-e6b6-5418-afff-525a37cbf5e8	INFO	Start syncing the balance {
  transaction: {
    id: '01HVZWK19B9D2A9P7644A672CG',
    type: 'CREDIT',
    source: 'MANUAL_ADDITION',
    action: 'CUSTOMERS_CALO_EXPERIMENTS',
    userId: 'ada642e4-bef1-4fd9-8b93-7f3f3813ae19',
    paymentBalance: 167.456,
    updatePaymentBalance: true,
    metadata: '{"walletId":"wallet#ada642e4-bef1-4fd9-8b93-7f3f3813ae19","walletSk":"1199bf80-efc9-4de9-9c7b-ef7bde55571d"}',
    currency: 'BHD',
    amount: 18.182,
    vat: 0,
    oldBalance: 165.274,
    newBalance: 183.456
  }
}

2024-04-21T08:33:01.923Z 2024-04-21T08:33:01.923Z	daf70cc4-e6b6-5418-afff-525a37cbf5e8	INFO	SubscriptionBalanceUpdated event published

2024-04-21T08:33:01.937Z 2024-04-21T08:33:01.937Z	daf70cc4-e6b6-5418-afff-525a37cbf5e8	ERROR	Subscription balance and payment balance are not in sync {
  userId: 'ada642e4-bef1-4fd9-8b93-7f3f3813ae19',
  subscriptionBalance: 183.456,
  paymentBalance: 167.456
}

2024-04-21T08:33:01.956Z 2024-04-21T08:33:01.956Z	daf70cc4-e6b6-5418-afff-525a37cbf5e8	INFO	Processing message 67a533e7-d6d9-4ec4-92b9-a047cb77289b

2024-04-21T08:33:01.962Z 2024-04-21T08:33:01.962Z	daf70cc4-e6b6-5418-afff-525a37cbf5e8	INFO	Start syncing the balance {
  transaction: {
    id: '01HVZWK1DSRAGC72HBVRTRWS63',
    type: 'CREDIT',
    source: 'MANUAL_ADDITION',
    action: 'CUSTOMERS_CALO_EXPERIMENTS',
    userId: '3c69deb3-2d26-4954-865d-164c08a6c20c',
    paymentBalance: 1129.09,
    updatePaymentBalance: true,
    metadata: '{"walletId":"wallet#3c69deb3-2d26-4954-865d-164c08a6c20c","walletSk":"cd04ea06-b4f5-4d55-96df-0a7398664ed8"}',
    currency: 'BHD',
    amount: 113.636,
    vat: 0,
    oldBalance: 1015.454,
    newBalance: 1129.09
  }
}

2024-04-21T08:33:02.011Z 2024-04-21T08:33:02.011Z	daf70cc4-e6b6-5418-afff-525a37cbf5e8	INFO	SubscriptionBalanceUpdated event published

2024-04-21T08:33:02.023Z END RequestId: daf70cc4-e6b6-5418-afff-525a37cbf5e8

2024-04-21T08:33:02.023Z REPORT RequestId: daf70cc4-e6b6-5418-afff-525a37cbf5e8	Duration: 605.72 ms	Billed Duration: 606 ms	Memory Size: 1024 MB	Max Memory Used: 122 MB	

