2024-02-14T12:19:35.340Z START RequestId: a3a96ede-2810-51aa-89e8-30989a181d39 Version: $LATEST

2024-02-14T12:19:35.521Z 2024-02-14T12:19:35.521Z	a3a96ede-2810-51aa-89e8-30989a181d39	INFO	Processing message 95cc13a7-a433-4184-927d-9709035828ae

2024-02-14T12:19:35.521Z 2024-02-14T12:19:35.521Z	a3a96ede-2810-51aa-89e8-30989a181d39	INFO	Skipping the process, Update Payment Balance Flag is set to false { transactionAction: 'DONATE_RAMADAN_MEAL' }

2024-02-14T12:19:35.523Z END RequestId: a3a96ede-2810-51aa-89e8-30989a181d39

2024-02-14T12:19:35.523Z REPORT RequestId: a3a96ede-2810-51aa-89e8-30989a181d39	Duration: 182.81 ms	Billed Duration: 183 ms	Memory Size: 1024 MB	Max Memory Used: 105 MB	

2024-02-14T12:32:33.107Z START RequestId: 010a0223-226b-58aa-8494-5c65977bdb16 Version: $LATEST

2024-02-14T12:32:33.160Z 2024-02-14T12:32:33.160Z	010a0223-226b-58aa-8494-5c65977bdb16	INFO	Processing message da76d02e-138f-4e98-92b9-6898703f5fc1

2024-02-14T12:32:33.161Z 2024-02-14T12:32:33.161Z	010a0223-226b-58aa-8494-5c65977bdb16	INFO	Skipping the process, Update Payment Balance Flag is set to false { transactionAction: 'DONATE_RAMADAN_MEAL' }

2024-02-14T12:32:33.162Z END RequestId: 010a0223-226b-58aa-8494-5c65977bdb16

2024-02-14T12:32:33.162Z REPORT RequestId: 010a0223-226b-58aa-8494-5c65977bdb16	Duration: 55.09 ms	Billed Duration: 56 ms	Memory Size: 1024 MB	Max Memory Used: 105 MB	

2024-02-14T12:17:59.071Z INIT_START Runtime Version: nodejs:20.v15	Runtime Version ARN: arn:aws:lambda:us-east-1::runtime:379cd8c4d157c2e16f1b841486b613da2188da597609ef24d67497ad9c22a53e

2024-02-14T12:26:58.102Z START RequestId: 175640c4-4cf1-54cb-9473-1e82ff363415 Version: $LATEST

2024-02-14T12:26:58.172Z 2024-02-14T12:26:58.172Z	175640c4-4cf1-54cb-9473-1e82ff363415	INFO	Processing message 469c3826-1782-4ac1-9c3a-75180cc2c4fc

2024-02-14T12:26:58.172Z 2024-02-14T12:26:58.172Z	175640c4-4cf1-54cb-9473-1e82ff363415	INFO	Skipping the process, Update Payment Balance Flag is set to false { transactionAction: 'DONATE_RAMADAN_MEAL' }

2024-02-14T12:26:58.173Z END RequestId: 175640c4-4cf1-54cb-9473-1e82ff363415

2024-02-14T12:26:58.173Z REPORT RequestId: 175640c4-4cf1-54cb-9473-1e82ff363415	Duration: 71.04 ms	Billed Duration: 72 ms	Memory Size: 1024 MB	Max Memory Used: 105 MB	

2024-02-14T12:37:08.237Z START RequestId: 63f42096-20ad-5010-82d4-7ed0968847e9 Version: $LATEST

2024-02-14T12:37:08.293Z 2024-02-14T12:37:08.293Z	63f42096-20ad-5010-82d4-7ed0968847e9	INFO	Processing message 685d1200-8ede-4cb4-b037-06a79496d5fa

2024-02-14T12:37:08.320Z 2024-02-14T12:37:08.320Z	63f42096-20ad-5010-82d4-7ed0968847e9	INFO	Start syncing the balance {
  transaction: {
    id: '01HPKSXW7CTDF11J9PZ7JYKCGJ',
    type: 'CREDIT',
    source: 'MANUAL_ADDITION',
    action: 'CALO_TEAM_PERKS',
    userId: '0127fee9-6000-47b7-b49d-82ae4f40416c',
    paymentBalance: 1010,
    updatePaymentBalance: true,
    metadata: '{"walletId":"wallet#0127fee9-6000-47b7-b49d-82ae4f40416c","walletSk":"c2777ae3-00ae-4b32-bd98-141802a0611e"}',
    currency: 'SAR',
    amount: 1000,
    vat: 0,
    oldBalance: 10,
    newBalance: 1010
  }
}

2024-02-14T12:37:08.395Z 2024-02-14T12:37:08.395Z	63f42096-20ad-5010-82d4-7ed0968847e9	INFO	SubscriptionBalanceUpdated event published

2024-02-14T12:37:08.435Z END RequestId: 63f42096-20ad-5010-82d4-7ed0968847e9

2024-02-14T12:37:08.435Z REPORT RequestId: 63f42096-20ad-5010-82d4-7ed0968847e9	Duration: 197.83 ms	Billed Duration: 198 ms	Memory Size: 1024 MB	Max Memory Used: 105 MB	

2024-02-14T12:17:59.818Z START RequestId: 026e42c1-94e5-5b10-bd3f-1c872541f783 Version: $LATEST

2024-02-14T12:17:59.967Z 2024-02-14T12:17:59.967Z	026e42c1-94e5-5b10-bd3f-1c872541f783	INFO	Processing message 87314548-08be-4a6b-8f83-46f17e29eadf

2024-02-14T12:17:59.969Z 2024-02-14T12:17:59.969Z	026e42c1-94e5-5b10-bd3f-1c872541f783	INFO	Skipping the process, Update Payment Balance Flag is set to false { transactionAction: 'DONATE_RAMADAN_MEAL' }

2024-02-14T12:17:59.990Z END RequestId: 026e42c1-94e5-5b10-bd3f-1c872541f783

2024-02-14T12:17:59.990Z REPORT RequestId: 026e42c1-94e5-5b10-bd3f-1c872541f783	Duration: 172.31 ms	Billed Duration: 173 ms	Memory Size: 1024 MB	Max Memory Used: 103 MB	Init Duration: 745.78 ms	

2024-02-14T12:24:06.367Z START RequestId: f87ee0d5-7932-5a25-83c3-be93ca243f81 Version: $LATEST

2024-02-14T12:24:06.485Z 2024-02-14T12:24:06.485Z	f87ee0d5-7932-5a25-83c3-be93ca243f81	INFO	Processing message 26afb1b4-deae-4a2a-b226-e0fa48586564

2024-02-14T12:24:06.532Z 2024-02-14T12:24:06.532Z	f87ee0d5-7932-5a25-83c3-be93ca243f81	INFO	Start syncing the balance {
  transaction: {
    id: '01HPKS60JM9R1G2DNX9K92EFSZ',
    type: 'DEBIT',
    source: 'MANUAL_DEDUCTION',
    action: 'INVAILID_ENTRY',
    userId: '0127fee9-6000-47b7-b49d-82ae4f40416c',
    paymentBalance: 10,
    updatePaymentBalance: true,
    metadata: '{"walletId":"wallet#0127fee9-6000-47b7-b49d-82ae4f40416c","walletSk":"8c3f1fce-f5a8-469a-bdde-a1ca42c01566"}',
    currency: 'SAR',
    amount: 1790,
    vat: 0,
    oldBalance: 1800,
    newBalance: 10
  }
}

2024-02-14T12:24:06.646Z 2024-02-14T12:24:06.646Z	f87ee0d5-7932-5a25-83c3-be93ca243f81	INFO	SubscriptionBalanceUpdated event published

2024-02-14T12:24:06.687Z END RequestId: f87ee0d5-7932-5a25-83c3-be93ca243f81

2024-02-14T12:24:06.687Z REPORT RequestId: f87ee0d5-7932-5a25-83c3-be93ca243f81	Duration: 320.54 ms	Billed Duration: 321 ms	Memory Size: 1024 MB	Max Memory Used: 105 MB	

