2024-05-10T23:38:24.642Z 2024-05-10T23:38:24.642Z	235aee7e-4d68-512e-aa5b-b0c6ff4bbbbc	INFO	Processing message 93bc1727-4cbf-4aaf-b73f-87c811e5c0a1

2024-05-10T23:38:24.691Z 2024-05-10T23:38:24.691Z	235aee7e-4d68-512e-aa5b-b0c6ff4bbbbc	INFO	Start syncing the balance {
  transaction: {
    id: '01HXJDYEZJ6B8F6Y7FK1Q4H6F9',
    type: 'CREDIT',
    source: 'MANUAL_ADDITION',
    action: 'CALO_TEAM_PERKS',
    userId: 'ed3890a7-2e87-499d-a911-424a45c56039',
    paymentBalance: 323.545,
    updatePaymentBalance: true,
    metadata: '{"walletId":"wallet#ed3890a7-2e87-499d-a911-424a45c56039","walletSk":"2779aba7-93f3-41a2-85df-c35cab552d0a"}',
    currency: 'BHD',
    amount: 13.636,
    vat: 0,
    oldBalance: 309.909,
    newBalance: 323.545
  }
}

2024-05-10T23:38:24.839Z 2024-05-10T23:38:24.839Z	235aee7e-4d68-512e-aa5b-b0c6ff4bbbbc	INFO	SubscriptionBalanceUpdated event published

2024-05-10T23:38:24.879Z END RequestId: 235aee7e-4d68-512e-aa5b-b0c6ff4bbbbc

2024-05-10T23:38:24.879Z REPORT RequestId: 235aee7e-4d68-512e-aa5b-b0c6ff4bbbbc	Duration: 398.52 ms	Billed Duration: 399 ms	Memory Size: 1024 MB	Max Memory Used: 118 MB	Init Duration: 1009.13 ms	

2024-05-10T23:48:17.296Z START RequestId: add19578-6230-5e72-ad2c-cbc0d65f4af7 Version: $LATEST

2024-05-10T23:48:17.354Z 2024-05-10T23:48:17.354Z	add19578-6230-5e72-ad2c-cbc0d65f4af7	INFO	Processing message d6e00191-be13-4220-8eb1-447ca8ca83ba

2024-05-10T23:48:17.361Z 2024-05-10T23:48:17.361Z	add19578-6230-5e72-ad2c-cbc0d65f4af7	INFO	Start syncing the balance {
  transaction: {
    id: '01HXJEGKFQDMYSXAEBSBV5NQMH',
    type: 'CREDIT',
    source: 'PAYMENT',
    action: 'REPLACE_FOOD',
    userId: 'ed3890a7-2e87-499d-a911-424a45c56039',
    paymentBalance: 643.545,
    updatePaymentBalance: true,
    metadata: '{"walletId":"wallet#ed3890a7-2e87-499d-a911-424a45c56039","walletSk":"37957ada-0e32-4f09-b13b-efdb4130be3e"}',
    currency: 'BHD',
    amount: 101,
    vat: 9.182,
    oldBalance: 551.727,
    newBalance: 643.545
  }
}

2024-05-10T23:48:17.436Z 2024-05-10T23:48:17.436Z	add19578-6230-5e72-ad2c-cbc0d65f4af7	INFO	SubscriptionBalanceUpdated event published

2024-05-10T23:48:17.473Z END RequestId: add19578-6230-5e72-ad2c-cbc0d65f4af7

2024-05-10T23:48:17.473Z REPORT RequestId: add19578-6230-5e72-ad2c-cbc0d65f4af7	Duration: 177.19 ms	Billed Duration: 178 ms	Memory Size: 1024 MB	Max Memory Used: 125 MB	

2024-05-10T23:44:03.066Z START RequestId: bf170114-f0b0-545a-86ee-5fac43c11e08 Version: $LATEST

2024-05-10T23:44:03.270Z 2024-05-10T23:44:03.270Z	bf170114-f0b0-545a-86ee-5fac43c11e08	INFO	Processing message bf325bc1-9ef7-4bea-8db5-e9c981bdba0d

2024-05-10T23:44:03.277Z 2024-05-10T23:44:03.277Z	bf170114-f0b0-545a-86ee-5fac43c11e08	INFO	Start syncing the balance {
  transaction: {
    id: '01HXJE8V2M8CATYSSQ4VJDFE32',
    type: 'CREDIT',
    source: 'PAYMENT',
    action: 'ADD_FOOD',
    userId: 'ed3890a7-2e87-499d-a911-424a45c56039',
    paymentBalance: 460.818,
    updatePaymentBalance: true,
    metadata: '{"walletId":"wallet#ed3890a7-2e87-499d-a911-424a45c56039","walletSk":"bef65b91-23f2-4c6c-bf35-094f54dcf593"}',
    currency: 'BHD',
    amount: 29,
    vat: 2.636,
    oldBalance: 434.454,
    newBalance: 460.818
  }
}

2024-05-10T23:44:03.357Z 2024-05-10T23:44:03.357Z	bf170114-f0b0-545a-86ee-5fac43c11e08	INFO	SubscriptionBalanceUpdated event published

2024-05-10T23:44:03.396Z END RequestId: bf170114-f0b0-545a-86ee-5fac43c11e08

2024-05-10T23:44:03.396Z REPORT RequestId: bf170114-f0b0-545a-86ee-5fac43c11e08	Duration: 329.98 ms	Billed Duration: 330 ms	Memory Size: 1024 MB	Max Memory Used: 125 MB	

2024-05-10T23:40:45.009Z START RequestId: ea6cf7eb-c92d-560b-b516-a9537b819c99 Version: $LATEST

2024-05-10T23:40:45.170Z 2024-05-10T23:40:45.170Z	ea6cf7eb-c92d-560b-b516-a9537b819c99	INFO	Processing message 955843cc-d5b7-48c0-9c16-457604fc77c5

2024-05-10T23:40:45.202Z 2024-05-10T23:40:45.202Z	ea6cf7eb-c92d-560b-b516-a9537b819c99	INFO	Start syncing the balance {
  transaction: {
    id: '01HXJE2SQTWKQXM4QFGDEH6KYJ',
    type: 'CREDIT',
    source: 'MANUAL_ADDITION',
    action: 'COMPENSATION',
    userId: 'ed3890a7-2e87-499d-a911-424a45c56039',
    paymentBalance: 414.454,
    updatePaymentBalance: true,
    metadata: '{"walletId":"wallet#ed3890a7-2e87-499d-a911-424a45c56039","walletSk":"c96c6690-148c-47ed-8ee1-a9dd58f3da28"}',
    currency: 'BHD',
    amount: 90.909,
    vat: 0,
    oldBalance: 323.545,
    newBalance: 414.454
  }
}

2024-05-10T23:40:45.305Z 2024-05-10T23:40:45.305Z	ea6cf7eb-c92d-560b-b516-a9537b819c99	INFO	SubscriptionBalanceUpdated event published

2024-05-10T23:40:45.346Z END RequestId: ea6cf7eb-c92d-560b-b516-a9537b819c99

2024-05-10T23:40:45.346Z REPORT RequestId: ea6cf7eb-c92d-560b-b516-a9537b819c99	Duration: 337.38 ms	Billed Duration: 338 ms	Memory Size: 1024 MB	Max Memory Used: 125 MB	

2024-05-10T23:46:38.787Z START RequestId: f1a378d4-552e-5a84-a1bb-266ce121b36c Version: $LATEST

2024-05-10T23:46:38.850Z 2024-05-10T23:46:38.850Z	f1a378d4-552e-5a84-a1bb-266ce121b36c	INFO	Processing message 35165aa7-9d9b-4671-81d1-5dc3bdfdeac3

2024-05-10T23:46:38.878Z 2024-05-10T23:46:38.878Z	f1a378d4-552e-5a84-a1bb-266ce121b36c	INFO	Start syncing the balance {
  transaction: {
    id: '01HXJEDK5VN49N8M43Q26TQ9SV',
    type: 'CREDIT',
    source: 'PAYMENT',
    action: 'REPLACE_FOOD',
    userId: 'ed3890a7-2e87-499d-a911-424a45c56039',
    paymentBalance: 551.727,
    updatePaymentBalance: true,
    metadata: '{"walletId":"wallet#ed3890a7-2e87-499d-a911-424a45c56039","walletSk":"609adfef-495e-46a2-977e-e241fba29202"}',
    currency: 'BHD',
    amount: 100,
    vat: 9.091,
    oldBalance: 460.818,
    newBalance: 551.727
  }
}

2024-05-10T23:46:38.963Z 2024-05-10T23:46:38.963Z	f1a378d4-552e-5a84-a1bb-266ce121b36c	INFO	SubscriptionBalanceUpdated event published

2024-05-10T23:46:38.994Z END RequestId: f1a378d4-552e-5a84-a1bb-266ce121b36c

2024-05-10T23:46:38.994Z REPORT RequestId: f1a378d4-552e-5a84-a1bb-266ce121b36c	Duration: 207.04 ms	Billed Duration: 208 ms	Memory Size: 1024 MB	Max Memory Used: 125 MB	

2024-05-10T23:38:23.468Z INIT_START Runtime Version: nodejs:20.v22	Runtime Version ARN: arn:aws:lambda:us-east-1::runtime:da57c20c4b965d5b75540f6865a35fc8030358e33ec44ecfed33e90901a27a72

2024-05-10T23:38:24.480Z START RequestId: 235aee7e-4d68-512e-aa5b-b0c6ff4bbbbc Version: $LATEST

2024-05-10T23:42:06.292Z START RequestId: 460a6d45-7f4d-59ad-b3c7-33fdcc4e925a Version: $LATEST

2024-05-10T23:42:06.375Z 2024-05-10T23:42:06.375Z	460a6d45-7f4d-59ad-b3c7-33fdcc4e925a	INFO	Processing message 283db430-9c87-499d-a5cd-24d1c20462af

2024-05-10T23:42:06.401Z 2024-05-10T23:42:06.401Z	460a6d45-7f4d-59ad-b3c7-33fdcc4e925a	INFO	Start syncing the balance {
  transaction: {
    id: '01HXJE58X0FRJNYMQCNTGZ06KB',
    type: 'CREDIT',
    source: 'PAYMENT',
    action: 'CHANGE_PLAN',
    userId: 'ed3890a7-2e87-499d-a911-424a45c56039',
    paymentBalance: 434.454,
    updatePaymentBalance: true,
    metadata: '{"walletId":"wallet#ed3890a7-2e87-499d-a911-424a45c56039","walletSk":"74af79a2-e80a-47ef-89fc-5f790a67400a"}',
    currency: 'BHD',
    amount: 22,
    vat: 2,
    oldBalance: 414.454,
    newBalance: 434.454
  }
}

2024-05-10T23:42:06.482Z 2024-05-10T23:42:06.482Z	460a6d45-7f4d-59ad-b3c7-33fdcc4e925a	INFO	SubscriptionBalanceUpdated event published

2024-05-10T23:42:06.514Z END RequestId: 460a6d45-7f4d-59ad-b3c7-33fdcc4e925a

2024-05-10T23:42:06.514Z REPORT RequestId: 460a6d45-7f4d-59ad-b3c7-33fdcc4e925a	Duration: 222.16 ms	Billed Duration: 223 ms	Memory Size: 1024 MB	Max Memory Used: 125 MB	

