2024-05-16T13:22:53.074Z INIT_START Runtime Version: nodejs:20.v22	Runtime Version ARN: arn:aws:lambda:us-east-1::runtime:da57c20c4b965d5b75540f6865a35fc8030358e33ec44ecfed33e90901a27a72

2024-05-16T13:22:54.060Z START RequestId: d1bff715-d9c3-5af4-b6fc-a9d5d32b881f Version: $LATEST

2024-05-16T13:22:54.216Z 2024-05-16T13:22:54.216Z	d1bff715-d9c3-5af4-b6fc-a9d5d32b881f	INFO	Processing message b87cf66c-0bc6-4dd3-9484-ff3b24f1b258

2024-05-16T13:22:54.279Z 2024-05-16T13:22:54.279Z	d1bff715-d9c3-5af4-b6fc-a9d5d32b881f	INFO	Start syncing the balance {
  transaction: {
    id: '01HY0S3R0ZZW0F5AX44042TJ4T',
    type: 'DEBIT',
    source: 'MANUAL_DEDUCTION',
    action: 'REMOVE',
    userId: '663e78c9-903b-4227-b79a-46d5c8d71e91',
    paymentBalance: -295,
    updatePaymentBalance: true,
    metadata: '{"walletId":"wallet#663e78c9-903b-4227-b79a-46d5c8d71e91","walletSk":"3ded5e6c-7eef-497b-a434-2ead731c5abc"}',
    currency: 'SAR',
    amount: 1000,
    vat: 0,
    oldBalance: 1645,
    newBalance: 645
  }
}

2024-05-16T13:22:54.407Z 2024-05-16T13:22:54.407Z	d1bff715-d9c3-5af4-b6fc-a9d5d32b881f	INFO	SubscriptionBalanceUpdated event published

2024-05-16T13:22:54.445Z 2024-05-16T13:22:54.445Z	d1bff715-d9c3-5af4-b6fc-a9d5d32b881f	ERROR	Subscription balance and payment balance are not in sync {
  userId: '663e78c9-903b-4227-b79a-46d5c8d71e91',
  subscriptionBalance: 645,
  paymentBalance: -295
}

2024-05-16T13:22:54.482Z END RequestId: d1bff715-d9c3-5af4-b6fc-a9d5d32b881f

2024-05-16T13:22:54.482Z REPORT RequestId: d1bff715-d9c3-5af4-b6fc-a9d5d32b881f	Duration: 421.39 ms	Billed Duration: 422 ms	Memory Size: 1024 MB	Max Memory Used: 118 MB	Init Duration: 985.50 ms	

