2024-05-08T18:51:21.852Z INIT_START Runtime Version: nodejs:20.v22	Runtime Version ARN: arn:aws:lambda:us-east-1::runtime:da57c20c4b965d5b75540f6865a35fc8030358e33ec44ecfed33e90901a27a72

2024-05-08T18:51:22.877Z START RequestId: d1c1b43e-bcf0-54c7-a3ae-ea8b77283c0d Version: $LATEST

2024-05-08T18:51:23.012Z 2024-05-08T18:51:23.012Z	d1c1b43e-bcf0-54c7-a3ae-ea8b77283c0d	INFO	Processing message 0b92ec9a-3e42-403b-b932-840cdc348e6a

2024-05-08T18:51:23.077Z 2024-05-08T18:51:23.077Z	d1c1b43e-bcf0-54c7-a3ae-ea8b77283c0d	INFO	Start syncing the balance {
  transaction: {
    id: '01HXCRQF4G3DW6J955N8H31WX8',
    type: 'CREDIT',
    source: 'PAYMENT',
    action: 'RENEW_SUBSCRIPTION',
    userId: '813ee3cd-2349-43ae-8915-f0a2c12b4245',
    paymentBalance: 1547.772,
    updatePaymentBalance: true,
    metadata: '{"walletId":"wallet#813ee3cd-2349-43ae-8915-f0a2c12b4245","planType":"full","goal":"loseWeight","eventSessionId":"3734ec2c-b585-4659-8be8-588d08b0ccba","walletSk":"9496c549-4f23-4a0a-8a39-5f20ae8d475b","deliveryTime":"morning","dietType":"balanced","renewalDate":"2024-05-10","type":"userRenew","frequency":"monthly","subscriptionCost":216,"oldRemainingDays":1,"version2":true,"addonCosts":"{}","nextPlan":"{\\"id\\":\\"full\\",\\"pricePerDay\\":9,\\"foodType\\":[\\"breakfast\\",\\"dinner\\",\\"lunch\\",\\"snack\\"],\\"frequency\\":\\"monthly\\",\\"dietType\\":\\"balanced\\",\\"type\\":\\"DATE_RANGE\\",\\"planPrice\\":216,\\"startDate\\":\\"2024-05-10\\",\\"tier\\":\\"personalized\\",\\"deliveryDays\\":[0,1,2,3,4,5]}","addonSubscription":"[]"}',
    currency: 'BHD',
    amount: 237.6,
    vat: 21.6,
    oldBalance: 1,
    newBalance: 217
  }
}

2024-05-08T18:51:23.229Z 2024-05-08T18:51:23.229Z	d1c1b43e-bcf0-54c7-a3ae-ea8b77283c0d	INFO	SubscriptionBalanceUpdated event published

2024-05-08T18:51:23.282Z 2024-05-08T18:51:23.282Z	d1c1b43e-bcf0-54c7-a3ae-ea8b77283c0d	ERROR	Subscription balance and payment balance are not in sync {
  userId: '813ee3cd-2349-43ae-8915-f0a2c12b4245',
  subscriptionBalance: 217,
  paymentBalance: 1547.772
}

2024-05-08T18:51:23.304Z END RequestId: d1c1b43e-bcf0-54c7-a3ae-ea8b77283c0d

2024-05-08T18:51:23.304Z REPORT RequestId: d1c1b43e-bcf0-54c7-a3ae-ea8b77283c0d	Duration: 427.27 ms	Billed Duration: 428 ms	Memory Size: 1024 MB	Max Memory Used: 119 MB	Init Duration: 1024.05 ms	

