2024-03-11T21:01:06.371Z INIT_START Runtime Version: nodejs:20.v18	Runtime Version ARN: arn:aws:lambda:us-east-1::runtime:2250774f98acc3954111984e0b9853cb801265eb866d3bef345707fcfb7af67c

2024-03-11T21:01:07.475Z START RequestId: 28c204ea-e868-5e78-9204-5a839b223095 Version: $LATEST

2024-03-11T21:01:07.630Z 2024-03-11T21:01:07.630Z	28c204ea-e868-5e78-9204-5a839b223095	INFO	Processing message e9d417c9-968d-4cac-a282-53197b7fb966

2024-03-11T21:01:07.678Z 2024-03-11T21:01:07.678Z	28c204ea-e868-5e78-9204-5a839b223095	INFO	Start syncing the balance {
  transaction: {
    id: '01HRQN391WK97RVD4D90VW4F82',
    type: 'DEBIT',
    source: 'MANUAL_DEDUCTION',
    action: 'DELIVERY_DEDUCTION',
    userId: '20bb7a37-6fc8-4cd5-ad73-b1e4f25b0bb6',
    paymentBalance: 152,
    updatePaymentBalance: true,
    metadata: '{"walletId":"wallet#20bb7a37-6fc8-4cd5-ad73-b1e4f25b0bb6","deliveryId":"70986d70-b536-470b-9aa3-7afd077fede2","walletSk":"70986d70-b536-470b-9aa3-7afd077fede2"}',
    currency: 'BHD',
    amount: 8,
    vat: 0,
    oldBalance: 160,
    newBalance: 152
  }
}

2024-03-11T21:01:07.776Z 2024-03-11T21:01:07.776Z	28c204ea-e868-5e78-9204-5a839b223095	INFO	SubscriptionBalanceUpdated event published

2024-03-11T21:01:07.825Z END RequestId: 28c204ea-e868-5e78-9204-5a839b223095

2024-03-11T21:01:07.825Z REPORT RequestId: 28c204ea-e868-5e78-9204-5a839b223095	Duration: 352.83 ms	Billed Duration: 353 ms	Memory Size: 1024 MB	Max Memory Used: 115 MB	Init Duration: 1099.83 ms	
XRAY TraceId: 1-65ef7111-0f19cce395de2fc317914994	SegmentId: 3656b3737df016db	Sampled: true	

2024-03-11T21:01:08.795Z START RequestId: 5b3aa7be-73ad-5135-99f5-f9d700f95fd8 Version: $LATEST

2024-03-11T21:01:08.825Z 2024-03-11T21:01:08.825Z	5b3aa7be-73ad-5135-99f5-f9d700f95fd8	INFO	Processing message 505df296-4ac9-44a3-b609-844ecdd53d24

2024-03-11T21:01:08.834Z 2024-03-11T21:01:08.834Z	5b3aa7be-73ad-5135-99f5-f9d700f95fd8	INFO	Start syncing the balance {
  transaction: {
    id: '01HRQN395ZV2SR7SDJRNFFW7GB',
    type: 'DEBIT',
    source: 'MANUAL_DEDUCTION',
    action: 'DELIVERY_DEDUCTION',
    userId: 'd27554f1-9cdb-42c1-9164-330927006961',
    paymentBalance: 99,
    updatePaymentBalance: true,
    metadata: '{"walletId":"wallet#d27554f1-9cdb-42c1-9164-330927006961","deliveryId":"0002d0c9-6e42-4e17-9dc3-beaf66a7bc34","walletSk":"0002d0c9-6e42-4e17-9dc3-beaf66a7bc34"}',
    currency: 'BHD',
    amount: 9,
    vat: 0,
    oldBalance: 108,
    newBalance: 99
  }
}

2024-03-11T21:01:08.889Z 2024-03-11T21:01:08.889Z	5b3aa7be-73ad-5135-99f5-f9d700f95fd8	INFO	SubscriptionBalanceUpdated event published

2024-03-11T21:01:08.905Z 2024-03-11T21:01:08.905Z	5b3aa7be-73ad-5135-99f5-f9d700f95fd8	INFO	Processing message f864fd96-7e61-468c-adce-19e6540b6663

2024-03-11T21:01:08.913Z 2024-03-11T21:01:08.913Z	5b3aa7be-73ad-5135-99f5-f9d700f95fd8	INFO	Start syncing the balance {
  transaction: {
    id: '01HRQN3919XHB2TRTZBDN6WMXE',
    type: 'DEBIT',
    source: 'MANUAL_DEDUCTION',
    action: 'DELIVERY_DEDUCTION',
    userId: '76ec2533-2621-4bd0-9309-8f663ed3ada5',
    paymentBalance: 72,
    updatePaymentBalance: true,
    metadata: '{"walletId":"wallet#76ec2533-2621-4bd0-9309-8f663ed3ada5","deliveryId":"c72e82b6-88ca-4aa9-b8fe-01186a2866d3","walletSk":"c72e82b6-88ca-4aa9-b8fe-01186a2866d3"}',
    currency: 'BHD',
    amount: 8,
    vat: 0,
    oldBalance: 80,
    newBalance: 72
  }
}

2024-03-11T21:01:08.961Z 2024-03-11T21:01:08.961Z	5b3aa7be-73ad-5135-99f5-f9d700f95fd8	INFO	SubscriptionBalanceUpdated event published

2024-03-11T21:01:08.976Z 2024-03-11T21:01:08.976Z	5b3aa7be-73ad-5135-99f5-f9d700f95fd8	INFO	Processing message 48e60024-83ec-4379-95e4-236bc301d6be

2024-03-11T21:01:08.985Z 2024-03-11T21:01:08.985Z	5b3aa7be-73ad-5135-99f5-f9d700f95fd8	INFO	Start syncing the balance {
  transaction: {
    id: '01HRQN3AFMC89ZK79WCF8XZQXQ',
    type: 'DEBIT',
    source: 'MANUAL_DEDUCTION',
    action: 'DELIVERY_DEDUCTION',
    userId: 'd6c46650-614a-478f-afee-de5b836244fe',
    paymentBalance: 152,
    updatePaymentBalance: true,
    metadata: '{"walletId":"wallet#d6c46650-614a-478f-afee-de5b836244fe","deliveryId":"84371e85-04e6-4a03-bea4-0728ba91f48b","walletSk":"84371e85-04e6-4a03-bea4-0728ba91f48b"}',
    currency: 'BHD',
    amount: 8,
    vat: 0,
    oldBalance: 160,
    newBalance: 152
  }
}

2024-03-11T21:01:09.037Z 2024-03-11T21:01:09.037Z	5b3aa7be-73ad-5135-99f5-f9d700f95fd8	INFO	SubscriptionBalanceUpdated event published

2024-03-11T21:01:09.053Z 2024-03-11T21:01:09.053Z	5b3aa7be-73ad-5135-99f5-f9d700f95fd8	INFO	Processing message b5959a09-80e9-4840-b6c4-3801cbcf67fa

2024-03-11T21:01:09.066Z 2024-03-11T21:01:09.066Z	5b3aa7be-73ad-5135-99f5-f9d700f95fd8	INFO	Start syncing the balance {
  transaction: {
    id: '01HRQN3AR89EJS4CEWHHC1523G',
    type: 'DEBIT',
    source: 'MANUAL_DEDUCTION',
    action: 'DELIVERY_DEDUCTION',
    userId: '15469d49-7d54-4ea1-833c-708f679471d4',
    paymentBalance: 52,
    updatePaymentBalance: true,
    metadata: '{"walletId":"wallet#15469d49-7d54-4ea1-833c-708f679471d4","deliveryId":"e1489f1f-977a-4cb0-951b-049dedea8ae9","walletSk":"e1489f1f-977a-4cb0-951b-049dedea8ae9"}',
    currency: 'BHD',
    amount: 8,
    vat: 0,
    oldBalance: 60,
    newBalance: 52
  }
}

2024-03-11T21:01:09.115Z 2024-03-11T21:01:09.115Z	5b3aa7be-73ad-5135-99f5-f9d700f95fd8	INFO	SubscriptionBalanceUpdated event published

2024-03-11T21:01:09.130Z 2024-03-11T21:01:09.130Z	5b3aa7be-73ad-5135-99f5-f9d700f95fd8	INFO	Processing message dcb69829-b4e7-45a8-992f-0b75150b3bd6

2024-03-11T21:01:09.138Z 2024-03-11T21:01:09.138Z	5b3aa7be-73ad-5135-99f5-f9d700f95fd8	INFO	Start syncing the balance {
  transaction: {
    id: '01HRQN3B16Q6BT8P3P64T7QQ23',
    type: 'DEBIT',
    source: 'MANUAL_DEDUCTION',
    action: 'DELIVERY_DEDUCTION',
    userId: '2ce08ce4-2c63-4e7e-84aa-79b8a520bdbc',
    paymentBalance: 3085.5,
    updatePaymentBalance: true,
    metadata: '{"walletId":"wallet#2ce08ce4-2c63-4e7e-84aa-79b8a520bdbc","deliveryId":"647adeaa-bb4c-4fdb-8fd6-784e4b44a642","walletSk":"647adeaa-bb4c-4fdb-8fd6-784e4b44a642"}',
    currency: 'SAR',
    amount: 76.5,
    vat: 0,
    oldBalance: 3162,
    newBalance: 3085.5
  }
}

2024-03-11T21:01:09.192Z 2024-03-11T21:01:09.192Z	5b3aa7be-73ad-5135-99f5-f9d700f95fd8	INFO	SubscriptionBalanceUpdated event published

2024-03-11T21:01:09.207Z 2024-03-11T21:01:09.207Z	5b3aa7be-73ad-5135-99f5-f9d700f95fd8	INFO	Processing message 82e7ac7f-85c1-48a6-a560-4490d81d84e1

2024-03-11T21:01:09.217Z 2024-03-11T21:01:09.217Z	5b3aa7be-73ad-5135-99f5-f9d700f95fd8	INFO	Start syncing the balance {
  transaction: {
    id: '01HRQN3AJ857RT65TJ3Y4S6EQV',
    type: 'DEBIT',
    source: 'MANUAL_DEDUCTION',
    action: 'DELIVERY_DEDUCTION',
    userId: '9d5b802b-4f23-420d-b0ab-29de434b7ac1',
    paymentBalance: 945,
    updatePaymentBalance: true,
    metadata: '{"walletId":"wallet#9d5b802b-4f23-420d-b0ab-29de434b7ac1","deliveryId":"fbcb9c28-fbbf-4199-920b-797ac88e9f22","walletSk":"fbcb9c28-fbbf-4199-920b-797ac88e9f22"}',
    currency: 'SAR',
    amount: 76.5,
    vat: 0,
    oldBalance: 1021.5,
    newBalance: 945
  }
}

2024-03-11T21:01:09.267Z 2024-03-11T21:01:09.267Z	5b3aa7be-73ad-5135-99f5-f9d700f95fd8	INFO	SubscriptionBalanceUpdated event published

2024-03-11T21:01:09.283Z 2024-03-11T21:01:09.283Z	5b3aa7be-73ad-5135-99f5-f9d700f95fd8	INFO	Processing message 10d8c54d-1d4e-4f55-ad24-41cda13fae09

2024-03-11T21:01:09.291Z 2024-03-11T21:01:09.291Z	5b3aa7be-73ad-5135-99f5-f9d700f95fd8	INFO	Start syncing the balance {
  transaction: {
    id: '01HRQN3APJ0DG5WM0ZB9HP0DJ9',
    type: 'DEBIT',
    source: 'MANUAL_DEDUCTION',
    action: 'DELIVERY_DEDUCTION',
    userId: '381dc3ed-cea5-407f-aefb-3dafda667e06',
    paymentBalance: 7.75,
    updatePaymentBalance: true,
    metadata: '{"walletId":"wallet#381dc3ed-cea5-407f-aefb-3dafda667e06","deliveryId":"55e68619-912b-4c73-934f-18232057faa6","walletSk":"55e68619-912b-4c73-934f-18232057faa6"}',
    currency: 'BHD',
    amount: 8,
    vat: 0,
    oldBalance: 15.75,
    newBalance: 7.75
  }
}

2024-03-11T21:01:09.340Z 2024-03-11T21:01:09.340Z	5b3aa7be-73ad-5135-99f5-f9d700f95fd8	INFO	SubscriptionBalanceUpdated event published

2024-03-11T21:01:09.520Z 2024-03-11T21:01:09.520Z	5b3aa7be-73ad-5135-99f5-f9d700f95fd8	INFO	Processing message f27ebfbe-afa4-477a-92ed-25641a58fc0b

2024-03-11T21:01:09.528Z 2024-03-11T21:01:09.528Z	5b3aa7be-73ad-5135-99f5-f9d700f95fd8	INFO	Start syncing the balance {
  transaction: {
    id: '01HRQN3AS4EAY2X6D7ZX2SCE92',
    type: 'DEBIT',
    source: 'MANUAL_DEDUCTION',
    action: 'DELIVERY_DEDUCTION',
    userId: 'b642cee5-b0b3-45da-9169-84372e3a5a59',
    paymentBalance: 944,
    updatePaymentBalance: true,
    metadata: '{"walletId":"wallet#b642cee5-b0b3-45da-9169-84372e3a5a59","deliveryId":"eb394e71-f210-40c7-8951-ffeabb7bf548","walletSk":"eb394e71-f210-40c7-8951-ffeabb7bf548"}',
    currency: 'BHD',
    amount: 8,
    vat: 0,
    oldBalance: 952,
    newBalance: 944
  }
}

2024-03-11T21:01:09.575Z 2024-03-11T21:01:09.575Z	5b3aa7be-73ad-5135-99f5-f9d700f95fd8	INFO	SubscriptionBalanceUpdated event published

2024-03-11T21:01:09.593Z 2024-03-11T21:01:09.593Z	5b3aa7be-73ad-5135-99f5-f9d700f95fd8	INFO	Processing message 0bdd397a-84d0-414a-9050-7e7644ba45fc

2024-03-11T21:01:09.599Z 2024-03-11T21:01:09.599Z	5b3aa7be-73ad-5135-99f5-f9d700f95fd8	INFO	Start syncing the balance {
  transaction: {
    id: '01HRQN3AYENQBJJ9FN5ACM7XD7',
    type: 'DEBIT',
    source: 'MANUAL_DEDUCTION',
    action: 'DELIVERY_DEDUCTION',
    userId: 'd2f1ae61-0b7a-4892-8bf3-774ebfa3b7ac',
    paymentBalance: 178.5,
    updatePaymentBalance: true,
    metadata: '{"walletId":"wallet#d2f1ae61-0b7a-4892-8bf3-774ebfa3b7ac","deliveryId":"c1d55520-f3ab-4133-8e1d-f3a6b84795cd","walletSk":"c1d55520-f3ab-4133-8e1d-f3a6b84795cd"}',
    currency: 'BHD',
    amount: 10.5,
    vat: 0,
    oldBalance: 189,
    newBalance: 178.5
  }
}

2024-03-11T21:01:09.645Z 2024-03-11T21:01:09.645Z	5b3aa7be-73ad-5135-99f5-f9d700f95fd8	INFO	SubscriptionBalanceUpdated event published

2024-03-11T21:01:09.660Z 2024-03-11T21:01:09.660Z	5b3aa7be-73ad-5135-99f5-f9d700f95fd8	INFO	Processing message 972c743a-8f8d-423e-86b7-975755b32ea2

2024-03-11T21:01:09.666Z 2024-03-11T21:01:09.666Z	5b3aa7be-73ad-5135-99f5-f9d700f95fd8	INFO	Start syncing the balance {
  transaction: {
    id: '01HRQN3B3V0VWTPH8GYC3ZDTVE',
    type: 'DEBIT',
    source: 'MANUAL_DEDUCTION',
    action: 'DELIVERY_DEDUCTION',
    userId: '26c3588a-3771-4c4f-9b9f-7a456dc81c3c',
    paymentBalance: 128,
    updatePaymentBalance: true,
    metadata: '{"walletId":"wallet#26c3588a-3771-4c4f-9b9f-7a456dc81c3c","deliveryId":"e4079066-5a65-4dc3-8e58-7c3f76c7e31d","walletSk":"e4079066-5a65-4dc3-8e58-7c3f76c7e31d"}',
    currency: 'BHD',
    amount: 8,
    vat: 0,
    oldBalance: 136,
    newBalance: 128
  }
}

2024-03-11T21:01:09.711Z 2024-03-11T21:01:09.711Z	5b3aa7be-73ad-5135-99f5-f9d700f95fd8	INFO	SubscriptionBalanceUpdated event published

2024-03-11T21:01:09.726Z END RequestId: 5b3aa7be-73ad-5135-99f5-f9d700f95fd8

2024-03-11T21:01:09.726Z REPORT RequestId: 5b3aa7be-73ad-5135-99f5-f9d700f95fd8	Duration: 930.87 ms	Billed Duration: 931 ms	Memory Size: 1024 MB	Max Memory Used: 120 MB	
XRAY TraceId: 1-65ef7114-cb91099b692b8abf5572a432	SegmentId: 795d1da7707da482	Sampled: true	

2024-03-11T21:01:11.690Z START RequestId: 907af4f9-c082-5804-a677-aa90b3d5b920 Version: $LATEST

2024-03-11T21:01:11.720Z 2024-03-11T21:01:11.720Z	907af4f9-c082-5804-a677-aa90b3d5b920	INFO	Processing message afdd5449-c0c6-4cd3-a4b4-75a4004d5cf4

2024-03-11T21:01:11.729Z 2024-03-11T21:01:11.729Z	907af4f9-c082-5804-a677-aa90b3d5b920	INFO	Start syncing the balance {
  transaction: {
    id: '01HRQN3CJWY32P6HMHB8YZT0QD',
    type: 'DEBIT',
    source: 'MANUAL_DEDUCTION',
    action: 'DELIVERY_DEDUCTION',
    userId: '3a3032d5-0841-422e-b3a8-1fe38d0a75b7',
    paymentBalance: 3055.5,
    updatePaymentBalance: true,
    metadata: '{"walletId":"wallet#3a3032d5-0841-422e-b3a8-1fe38d0a75b7","deliveryId":"b6cd7ce4-82de-4c7d-b91f-a75e13bfb225","walletSk":"b6cd7ce4-82de-4c7d-b91f-a75e13bfb225"}',
    currency: 'SAR',
    amount: 76.5,
    vat: 0,
    oldBalance: 3132,
    newBalance: 3055.5
  }
}

2024-03-11T21:01:11.778Z 2024-03-11T21:01:11.778Z	907af4f9-c082-5804-a677-aa90b3d5b920	INFO	SubscriptionBalanceUpdated event published

2024-03-11T21:01:11.794Z 2024-03-11T21:01:11.794Z	907af4f9-c082-5804-a677-aa90b3d5b920	INFO	Processing message 6bfddb60-5235-4fee-bb94-3bfe7e7d70ea

2024-03-11T21:01:11.801Z 2024-03-11T21:01:11.801Z	907af4f9-c082-5804-a677-aa90b3d5b920	INFO	Start syncing the balance {
  transaction: {
    id: '01HRQN3CN76YCW2Z6KTRAEFRJY',
    type: 'DEBIT',
    source: 'MANUAL_DEDUCTION',
    action: 'DELIVERY_DEDUCTION',
    userId: '7366dc6d-d047-46d5-b203-39e81633a8b4',
    paymentBalance: 3725.2,
    updatePaymentBalance: true,
    metadata: '{"walletId":"wallet#7366dc6d-d047-46d5-b203-39e81633a8b4","deliveryId":"ba6e51ba-a613-43f7-9dc9-1a504718cdaa","walletSk":"ba6e51ba-a613-43f7-9dc9-1a504718cdaa"}',
    currency: 'SAR',
    amount: 37.8,
    vat: 0,
    oldBalance: 3763,
    newBalance: 3725.2
  }
}

2024-03-11T21:01:11.854Z 2024-03-11T21:01:11.854Z	907af4f9-c082-5804-a677-aa90b3d5b920	INFO	SubscriptionBalanceUpdated event published

2024-03-11T21:01:11.869Z 2024-03-11T21:01:11.869Z	907af4f9-c082-5804-a677-aa90b3d5b920	INFO	Processing message d9d71a23-fc11-4ac5-bf25-3af87328f2c4

2024-03-11T21:01:11.875Z 2024-03-11T21:01:11.875Z	907af4f9-c082-5804-a677-aa90b3d5b920	INFO	Start syncing the balance {
  transaction: {
    id: '01HRQN3CG4GAXNDGDJKYKHBKZR',
    type: 'DEBIT',
    source: 'MANUAL_DEDUCTION',
    action: 'DELIVERY_DEDUCTION',
    userId: '9a19fa44-d798-4468-b553-9db30af97ea6',
    paymentBalance: 6120,
    updatePaymentBalance: true,
    metadata: '{"walletId":"wallet#9a19fa44-d798-4468-b553-9db30af97ea6","deliveryId":"9e264aca-3d43-4839-a479-f047c3a8e17d","walletSk":"9e264aca-3d43-4839-a479-f047c3a8e17d"}',
    currency: 'SAR',
    amount: 90,
    vat: 0,
    oldBalance: 1890,
    newBalance: 1800
  }
}

2024-03-11T21:01:11.925Z 2024-03-11T21:01:11.925Z	907af4f9-c082-5804-a677-aa90b3d5b920	INFO	SubscriptionBalanceUpdated event published

2024-03-11T21:01:11.940Z 2024-03-11T21:01:11.940Z	907af4f9-c082-5804-a677-aa90b3d5b920	ERROR	Subscription balance and payment balance are not in sync {
  userId: '9a19fa44-d798-4468-b553-9db30af97ea6',
  subscriptionBalance: 1800,
  paymentBalance: 6120
}

2024-03-11T21:01:11.963Z 2024-03-11T21:01:11.963Z	907af4f9-c082-5804-a677-aa90b3d5b920	INFO	Processing message 70bb2235-a651-4daa-8ef0-5f10f0877a3b

2024-03-11T21:01:11.975Z 2024-03-11T21:01:11.975Z	907af4f9-c082-5804-a677-aa90b3d5b920	INFO	Start syncing the balance {
  transaction: {
    id: '01HRQN3CWK25HNXT73SJB1VQBF',
    type: 'DEBIT',
    source: 'MANUAL_DEDUCTION',
    action: 'DELIVERY_DEDUCTION',
    userId: '95548cdd-9c30-4a34-8e13-6b526f0426da',
    paymentBalance: 14168.641,
    updatePaymentBalance: true,
    metadata: '{"walletId":"wallet#95548cdd-9c30-4a34-8e13-6b526f0426da","deliveryId":"e28c20aa-00b7-4ebf-9ed9-f8976fc6aa18","walletSk":"e28c20aa-00b7-4ebf-9ed9-f8976fc6aa18"}',
    currency: 'BHD',
    amount: 9,
    vat: 0,
    oldBalance: 9962.103,
    newBalance: 9953.103
  }
}

2024-03-11T21:01:12.022Z 2024-03-11T21:01:12.022Z	907af4f9-c082-5804-a677-aa90b3d5b920	INFO	SubscriptionBalanceUpdated event published

2024-03-11T21:01:12.037Z 2024-03-11T21:01:12.037Z	907af4f9-c082-5804-a677-aa90b3d5b920	ERROR	Subscription balance and payment balance are not in sync {
  userId: '95548cdd-9c30-4a34-8e13-6b526f0426da',
  subscriptionBalance: 9953.103,
  paymentBalance: 14168.641
}

2024-03-11T21:01:12.052Z 2024-03-11T21:01:12.052Z	907af4f9-c082-5804-a677-aa90b3d5b920	INFO	Processing message ae057056-648b-4447-a668-2a21d8e3f287

2024-03-11T21:01:12.059Z 2024-03-11T21:01:12.059Z	907af4f9-c082-5804-a677-aa90b3d5b920	INFO	Start syncing the balance {
  transaction: {
    id: '01HRQN3CR5R5NP686EZD43D18X',
    type: 'DEBIT',
    source: 'MANUAL_DEDUCTION',
    action: 'DELIVERY_DEDUCTION',
    userId: 'c46976ec-7a7b-444f-b623-ba5ddea493e9',
    paymentBalance: 236,
    updatePaymentBalance: true,
    metadata: '{"walletId":"wallet#c46976ec-7a7b-444f-b623-ba5ddea493e9","deliveryId":"7ab6287b-1083-4d5c-bed7-2f7fc834669d","walletSk":"7ab6287b-1083-4d5c-bed7-2f7fc834669d"}',
    currency: 'BHD',
    amount: 4,
    vat: 0,
    oldBalance: 240,
    newBalance: 236
  }
}

2024-03-11T21:01:12.106Z 2024-03-11T21:01:12.106Z	907af4f9-c082-5804-a677-aa90b3d5b920	INFO	SubscriptionBalanceUpdated event published

2024-03-11T21:01:12.120Z 2024-03-11T21:01:12.120Z	907af4f9-c082-5804-a677-aa90b3d5b920	INFO	Processing message 923b59e2-94e4-41ef-8236-5a5fd2a67c05

2024-03-11T21:01:12.127Z 2024-03-11T21:01:12.127Z	907af4f9-c082-5804-a677-aa90b3d5b920	INFO	Start syncing the balance {
  transaction: {
    id: '01HRQN3CTGSSZGZGS33YWTMP6G',
    type: 'DEBIT',
    source: 'MANUAL_DEDUCTION',
    action: 'DELIVERY_DEDUCTION',
    userId: '073d8401-e882-4dc0-a104-c212f6019ebd',
    paymentBalance: 4702.5,
    updatePaymentBalance: true,
    metadata: '{"walletId":"wallet#073d8401-e882-4dc0-a104-c212f6019ebd","deliveryId":"63861e7f-afd1-4390-9aa5-09b7284e33a9","walletSk":"63861e7f-afd1-4390-9aa5-09b7284e33a9"}',
    currency: 'SAR',
    amount: 76.5,
    vat: 0,
    oldBalance: 4779,
    newBalance: 4702.5
  }
}

2024-03-11T21:01:12.176Z 2024-03-11T21:01:12.176Z	907af4f9-c082-5804-a677-aa90b3d5b920	INFO	SubscriptionBalanceUpdated event published

2024-03-11T21:01:12.188Z 2024-03-11T21:01:12.188Z	907af4f9-c082-5804-a677-aa90b3d5b920	INFO	Processing message 546e70f3-4e07-4267-a1cb-9423c637fa99

2024-03-11T21:01:12.194Z 2024-03-11T21:01:12.194Z	907af4f9-c082-5804-a677-aa90b3d5b920	INFO	Start syncing the balance {
  transaction: {
    id: '01HRQN3D2EASQST9AWH3JV5MHE',
    type: 'DEBIT',
    source: 'MANUAL_DEDUCTION',
    action: 'DELIVERY_DEDUCTION',
    userId: '54f55e3d-8580-4e47-b15e-c35e2d29effd',
    paymentBalance: 934.5,
    updatePaymentBalance: true,
    metadata: '{"walletId":"wallet#54f55e3d-8580-4e47-b15e-c35e2d29effd","deliveryId":"7bf3c24e-8a60-4377-acbf-7698212b89e6","walletSk":"7bf3c24e-8a60-4377-acbf-7698212b89e6"}',
    currency: 'BHD',
    amount: 9,
    vat: 0,
    oldBalance: 943.5,
    newBalance: 934.5
  }
}

2024-03-11T21:01:12.241Z 2024-03-11T21:01:12.241Z	907af4f9-c082-5804-a677-aa90b3d5b920	INFO	SubscriptionBalanceUpdated event published

2024-03-11T21:01:12.254Z 2024-03-11T21:01:12.254Z	907af4f9-c082-5804-a677-aa90b3d5b920	INFO	Processing message b909917f-e775-48f6-8ac2-0fb031f55705

2024-03-11T21:01:12.261Z 2024-03-11T21:01:12.261Z	907af4f9-c082-5804-a677-aa90b3d5b920	INFO	Start syncing the balance {
  transaction: {
    id: '01HRQN3CWYB9NYP9E8FQK0529E',
    type: 'DEBIT',
    source: 'MANUAL_DEDUCTION',
    action: 'DELIVERY_DEDUCTION',
    userId: '7f129980-8889-4461-a5b0-4024fc076ce4',
    paymentBalance: 152,
    updatePaymentBalance: true,
    metadata: '{"walletId":"wallet#7f129980-8889-4461-a5b0-4024fc076ce4","deliveryId":"ea4e80d1-65f8-472d-9c00-1363b78878c8","walletSk":"ea4e80d1-65f8-472d-9c00-1363b78878c8"}',
    currency: 'BHD',
    amount: 8,
    vat: 0,
    oldBalance: 160,
    newBalance: 152
  }
}

2024-03-11T21:01:12.312Z 2024-03-11T21:01:12.312Z	907af4f9-c082-5804-a677-aa90b3d5b920	INFO	SubscriptionBalanceUpdated event published

2024-03-11T21:01:12.324Z 2024-03-11T21:01:12.324Z	907af4f9-c082-5804-a677-aa90b3d5b920	INFO	Processing message 0a0f219f-f12b-4cfb-833a-37ac26277a4e

2024-03-11T21:01:12.333Z 2024-03-11T21:01:12.333Z	907af4f9-c082-5804-a677-aa90b3d5b920	INFO	Start syncing the balance {
  transaction: {
    id: '01HRQN3CZVPDTHZYJ6XTG6PD62',
    type: 'DEBIT',
    source: 'MANUAL_DEDUCTION',
    action: 'DELIVERY_DEDUCTION',
    userId: 'fb387231-a328-4c4d-8d82-dda7943af9e7',
    paymentBalance: 34184,
    updatePaymentBalance: true,
    metadata: '{"walletId":"wallet#fb387231-a328-4c4d-8d82-dda7943af9e7","deliveryId":"9a997515-86d0-43f0-9880-cad1b9ea7249","walletSk":"9a997515-86d0-43f0-9880-cad1b9ea7249"}',
    currency: 'SAR',
    amount: 115,
    vat: 0,
    oldBalance: 34399,
    newBalance: 34284
  }
}

2024-03-11T21:01:12.379Z 2024-03-11T21:01:12.379Z	907af4f9-c082-5804-a677-aa90b3d5b920	INFO	SubscriptionBalanceUpdated event published

2024-03-11T21:01:12.393Z 2024-03-11T21:01:12.393Z	907af4f9-c082-5804-a677-aa90b3d5b920	ERROR	Subscription balance and payment balance are not in sync {
  userId: 'fb387231-a328-4c4d-8d82-dda7943af9e7',
  subscriptionBalance: 34284,
  paymentBalance: 34184
}

2024-03-11T21:01:12.408Z 2024-03-11T21:01:12.408Z	907af4f9-c082-5804-a677-aa90b3d5b920	INFO	Processing message 069dafe9-95aa-4417-a924-42a5847d212f

2024-03-11T21:01:12.415Z 2024-03-11T21:01:12.415Z	907af4f9-c082-5804-a677-aa90b3d5b920	INFO	Start syncing the balance {
  transaction: {
    id: '01HRQN3D2KPQ37Z6BFQ273NY47',
    type: 'DEBIT',
    source: 'MANUAL_DEDUCTION',
    action: 'DELIVERY_DEDUCTION',
    userId: '9be2b7c1-a4d9-4128-bfdd-f85d8f1e0adc',
    paymentBalance: 96,
    updatePaymentBalance: true,
    metadata: '{"walletId":"wallet#9be2b7c1-a4d9-4128-bfdd-f85d8f1e0adc","deliveryId":"5ace03a4-8baa-4fcd-b17f-681de1a2ec7c","walletSk":"5ace03a4-8baa-4fcd-b17f-681de1a2ec7c"}',
    currency: 'BHD',
    amount: 8,
    vat: 0,
    oldBalance: 104,
    newBalance: 96
  }
}

2024-03-11T21:01:12.471Z 2024-03-11T21:01:12.471Z	907af4f9-c082-5804-a677-aa90b3d5b920	INFO	SubscriptionBalanceUpdated event published

2024-03-11T21:01:12.487Z END RequestId: 907af4f9-c082-5804-a677-aa90b3d5b920

2024-03-11T21:01:12.487Z REPORT RequestId: 907af4f9-c082-5804-a677-aa90b3d5b920	Duration: 797.22 ms	Billed Duration: 798 ms	Memory Size: 1024 MB	Max Memory Used: 125 MB	

2024-03-11T21:01:12.592Z START RequestId: c631a797-5ce5-5005-a249-f9fe2fbd1ee8 Version: $LATEST

2024-03-11T21:01:12.623Z 2024-03-11T21:01:12.623Z	c631a797-5ce5-5005-a249-f9fe2fbd1ee8	INFO	Processing message 87194be4-5b71-49d8-bf42-0f73115c06c5

2024-03-11T21:01:12.631Z 2024-03-11T21:01:12.631Z	c631a797-5ce5-5005-a249-f9fe2fbd1ee8	INFO	Start syncing the balance {
  transaction: {
    id: '01HRQN3DWN50KCPV6CV0G7K0BY',
    type: 'DEBIT',
    source: 'MANUAL_DEDUCTION',
    action: 'DELIVERY_DEDUCTION',
    userId: 'a7c8eb51-8a21-4d1a-a947-d9c711fd67e4',
    paymentBalance: 906.326,
    updatePaymentBalance: true,
    metadata: '{"walletId":"wallet#a7c8eb51-8a21-4d1a-a947-d9c711fd67e4","deliveryId":"7b2f819a-9e93-4be8-8e44-d63f469f8711","walletSk":"7b2f819a-9e93-4be8-8e44-d63f469f8711"}',
    currency: 'BHD',
    amount: 20.727,
    vat: 0,
    oldBalance: 927.053,
    newBalance: 906.326
  }
}

2024-03-11T21:01:12.683Z 2024-03-11T21:01:12.683Z	c631a797-5ce5-5005-a249-f9fe2fbd1ee8	INFO	SubscriptionBalanceUpdated event published

2024-03-11T21:01:12.699Z 2024-03-11T21:01:12.699Z	c631a797-5ce5-5005-a249-f9fe2fbd1ee8	INFO	Processing message abeea410-c2bb-4345-b449-308df6f64726

2024-03-11T21:01:12.706Z 2024-03-11T21:01:12.706Z	c631a797-5ce5-5005-a249-f9fe2fbd1ee8	INFO	Start syncing the balance {
  transaction: {
    id: '01HRQN3DWD2BVRRARSY2NXQY95',
    type: 'DEBIT',
    source: 'MANUAL_DEDUCTION',
    action: 'DELIVERY_DEDUCTION',
    userId: 'c06b6e73-2183-49c1-ba4b-78c66dab5f0d',
    paymentBalance: 126.6,
    updatePaymentBalance: true,
    metadata: '{"walletId":"wallet#c06b6e73-2183-49c1-ba4b-78c66dab5f0d","deliveryId":"fe071562-93cd-4c9e-b96f-4958523b95b0","walletSk":"fe071562-93cd-4c9e-b96f-4958523b95b0"}',
    currency: 'BHD',
    amount: 4,
    vat: 0,
    oldBalance: 130.6,
    newBalance: 126.6
  }
}

2024-03-11T21:01:12.752Z 2024-03-11T21:01:12.752Z	c631a797-5ce5-5005-a249-f9fe2fbd1ee8	INFO	SubscriptionBalanceUpdated event published

2024-03-11T21:01:12.767Z 2024-03-11T21:01:12.767Z	c631a797-5ce5-5005-a249-f9fe2fbd1ee8	INFO	Processing message 44326b89-adcd-4654-ac1d-871694e9017c

2024-03-11T21:01:12.807Z 2024-03-11T21:01:12.807Z	c631a797-5ce5-5005-a249-f9fe2fbd1ee8	INFO	Start syncing the balance {
  transaction: {
    id: '01HRQN3DPQ7F7SDQN3SNAY0PYB',
    type: 'DEBIT',
    source: 'MANUAL_DEDUCTION',
    action: 'DELIVERY_DEDUCTION',
    userId: '5569c4fe-b85e-4d18-87aa-074a1197c0ec',
    paymentBalance: 2033,
    updatePaymentBalance: true,
    metadata: '{"walletId":"wallet#5569c4fe-b85e-4d18-87aa-074a1197c0ec","deliveryId":"e6c7c968-16ed-43bc-bc9c-816c74807279","walletSk":"e6c7c968-16ed-43bc-bc9c-816c74807279"}',
    currency: 'AED',
    amount: 107,
    vat: 0,
    oldBalance: 2140,
    newBalance: 2033
  }
}

2024-03-11T21:01:12.856Z 2024-03-11T21:01:12.856Z	c631a797-5ce5-5005-a249-f9fe2fbd1ee8	INFO	SubscriptionBalanceUpdated event published

2024-03-11T21:01:12.873Z 2024-03-11T21:01:12.873Z	c631a797-5ce5-5005-a249-f9fe2fbd1ee8	INFO	Processing message 0e117cac-3761-49e9-975b-05255f231d20

2024-03-11T21:01:12.880Z 2024-03-11T21:01:12.880Z	c631a797-5ce5-5005-a249-f9fe2fbd1ee8	INFO	Start syncing the balance {
  transaction: {
    id: '01HRQN3DT95YPFE41KAERPEDPY',
    type: 'DEBIT',
    source: 'MANUAL_DEDUCTION',
    action: 'DELIVERY_DEDUCTION',
    userId: '7b9318f9-b4c3-45e8-8ae0-c12d42adaecc',
    paymentBalance: 1100,
    updatePaymentBalance: true,
    metadata: '{"walletId":"wallet#7b9318f9-b4c3-45e8-8ae0-c12d42adaecc","deliveryId":"f57d6aeb-a311-431a-9e47-0788fb18e4be","walletSk":"f57d6aeb-a311-431a-9e47-0788fb18e4be"}',
    currency: 'SAR',
    amount: 100,
    vat: 0,
    oldBalance: 1200,
    newBalance: 1100
  }
}

2024-03-11T21:01:12.944Z 2024-03-11T21:01:12.944Z	c631a797-5ce5-5005-a249-f9fe2fbd1ee8	INFO	SubscriptionBalanceUpdated event published

2024-03-11T21:01:12.959Z 2024-03-11T21:01:12.959Z	c631a797-5ce5-5005-a249-f9fe2fbd1ee8	INFO	Processing message 35ad9604-7fa1-4abf-82b9-e6f083c61473

2024-03-11T21:01:12.965Z 2024-03-11T21:01:12.965Z	c631a797-5ce5-5005-a249-f9fe2fbd1ee8	INFO	Start syncing the balance {
  transaction: {
    id: '01HRQN3DTHQCMQSGBR2SRFQ185',
    type: 'DEBIT',
    source: 'MANUAL_DEDUCTION',
    action: 'DELIVERY_DEDUCTION',
    userId: '7c503289-2428-4094-90e7-316cabba70a5',
    paymentBalance: 152,
    updatePaymentBalance: true,
    metadata: '{"walletId":"wallet#7c503289-2428-4094-90e7-316cabba70a5","deliveryId":"22a60f9c-b18c-4ace-94e3-14cd73f0041c","walletSk":"22a60f9c-b18c-4ace-94e3-14cd73f0041c"}',
    currency: 'BHD',
    amount: 8,
    vat: 0,
    oldBalance: 160,
    newBalance: 152
  }
}

2024-03-11T21:01:13.014Z 2024-03-11T21:01:13.014Z	c631a797-5ce5-5005-a249-f9fe2fbd1ee8	INFO	SubscriptionBalanceUpdated event published

2024-03-11T21:01:13.029Z 2024-03-11T21:01:13.029Z	c631a797-5ce5-5005-a249-f9fe2fbd1ee8	INFO	Processing message 4ed2ac53-5269-4eba-9c91-d013fbe6d81c

2024-03-11T21:01:13.036Z 2024-03-11T21:01:13.036Z	c631a797-5ce5-5005-a249-f9fe2fbd1ee8	INFO	Start syncing the balance {
  transaction: {
    id: '01HRQN3E5CCX5065V4RCQTGQCV',
    type: 'DEBIT',
    source: 'MANUAL_DEDUCTION',
    action: 'DELIVERY_DEDUCTION',
    userId: '7d9a6dbd-fcd1-44f1-b8fe-b79afc382f5a',
    paymentBalance: 910,
    updatePaymentBalance: true,
    metadata: '{"walletId":"wallet#7d9a6dbd-fcd1-44f1-b8fe-b79afc382f5a","deliveryId":"9ee30430-3455-403f-a2e4-40935d11cfbc","walletSk":"9ee30430-3455-403f-a2e4-40935d11cfbc"}',
    currency: 'AED',
    amount: 82,
    vat: 0,
    oldBalance: 992,
    newBalance: 910
  }
}

2024-03-11T21:01:13.082Z 2024-03-11T21:01:13.082Z	c631a797-5ce5-5005-a249-f9fe2fbd1ee8	INFO	SubscriptionBalanceUpdated event published

2024-03-11T21:01:13.098Z 2024-03-11T21:01:13.098Z	c631a797-5ce5-5005-a249-f9fe2fbd1ee8	INFO	Processing message 35176f14-83ec-4013-92ac-703a2a980c9c

2024-03-11T21:01:13.104Z 2024-03-11T21:01:13.104Z	c631a797-5ce5-5005-a249-f9fe2fbd1ee8	INFO	Start syncing the balance {
  transaction: {
    id: '01HRQN3E21JX9SCBDFQ9708ZNE',
    type: 'DEBIT',
    source: 'MANUAL_DEDUCTION',
    action: 'DELIVERY_DEDUCTION',
    userId: 'c4f83b6a-31d6-4110-95f2-3d46bc1de649',
    paymentBalance: 3175.5,
    updatePaymentBalance: true,
    metadata: '{"walletId":"wallet#c4f83b6a-31d6-4110-95f2-3d46bc1de649","deliveryId":"bb9643fe-865b-4b57-9d74-81444c745f69","walletSk":"bb9643fe-865b-4b57-9d74-81444c745f69"}',
    currency: 'SAR',
    amount: 76.5,
    vat: 0,
    oldBalance: 3252,
    newBalance: 3175.5
  }
}

2024-03-11T21:01:13.146Z 2024-03-11T21:01:13.146Z	c631a797-5ce5-5005-a249-f9fe2fbd1ee8	INFO	SubscriptionBalanceUpdated event published

2024-03-11T21:01:13.161Z 2024-03-11T21:01:13.161Z	c631a797-5ce5-5005-a249-f9fe2fbd1ee8	INFO	Processing message 48023145-1758-4052-8699-de8359f41922

2024-03-11T21:01:13.167Z 2024-03-11T21:01:13.167Z	c631a797-5ce5-5005-a249-f9fe2fbd1ee8	INFO	Start syncing the balance {
  transaction: {
    id: '01HRQN3DZVA3NXST5B0F8E4C4V',
    type: 'DEBIT',
    source: 'MANUAL_DEDUCTION',
    action: 'DELIVERY_DEDUCTION',
    userId: 'aed6c080-095d-4498-b8f3-492432bc33bd',
    paymentBalance: 27,
    updatePaymentBalance: true,
    metadata: '{"walletId":"wallet#aed6c080-095d-4498-b8f3-492432bc33bd","deliveryId":"8357e1f7-5053-42f3-a200-443f0fd30d45","walletSk":"8357e1f7-5053-42f3-a200-443f0fd30d45"}',
    currency: 'BHD',
    amount: 10.5,
    vat: 0,
    oldBalance: 37.5,
    newBalance: 27
  }
}

2024-03-11T21:01:13.216Z 2024-03-11T21:01:13.216Z	c631a797-5ce5-5005-a249-f9fe2fbd1ee8	INFO	SubscriptionBalanceUpdated event published

2024-03-11T21:01:13.244Z 2024-03-11T21:01:13.244Z	c631a797-5ce5-5005-a249-f9fe2fbd1ee8	INFO	Processing message 121895c4-c681-4e8b-9a9e-f47618ce3095

2024-03-11T21:01:13.249Z 2024-03-11T21:01:13.249Z	c631a797-5ce5-5005-a249-f9fe2fbd1ee8	INFO	Start syncing the balance {
  transaction: {
    id: '01HRQN3DZTZKDE47GVSNAAX6EQ',
    type: 'DEBIT',
    source: 'MANUAL_DEDUCTION',
    action: 'DELIVERY_DEDUCTION',
    userId: '116d602b-3853-4b09-8b31-e5ff7b7d0534',
    paymentBalance: 111,
    updatePaymentBalance: true,
    metadata: '{"walletId":"wallet#116d602b-3853-4b09-8b31-e5ff7b7d0534","deliveryId":"81695c0f-edc3-459b-ba36-b36151f22ca4","walletSk":"81695c0f-edc3-459b-ba36-b36151f22ca4"}',
    currency: 'BHD',
    amount: 9,
    vat: 0,
    oldBalance: 120,
    newBalance: 111
  }
}

2024-03-11T21:01:13.293Z 2024-03-11T21:01:13.293Z	c631a797-5ce5-5005-a249-f9fe2fbd1ee8	INFO	SubscriptionBalanceUpdated event published

2024-03-11T21:01:13.483Z 2024-03-11T21:01:13.483Z	c631a797-5ce5-5005-a249-f9fe2fbd1ee8	INFO	Processing message 9e239f22-c152-4384-8b86-a02dd33c93d6

2024-03-11T21:01:13.491Z 2024-03-11T21:01:13.491Z	c631a797-5ce5-5005-a249-f9fe2fbd1ee8	INFO	Start syncing the balance {
  transaction: {
    id: '01HRQN3E24KW0J046BMF04GY6M',
    type: 'DEBIT',
    source: 'MANUAL_DEDUCTION',
    action: 'DELIVERY_DEDUCTION',
    userId: 'b851dd0c-b4b0-41d4-814a-172752d504d9',
    paymentBalance: 189,
    updatePaymentBalance: true,
    metadata: '{"walletId":"wallet#b851dd0c-b4b0-41d4-814a-172752d504d9","deliveryId":"ac77c6f7-c5c1-4b97-a6a6-1fc7b6ec3a1e","walletSk":"ac77c6f7-c5c1-4b97-a6a6-1fc7b6ec3a1e"}',
    currency: 'BHD',
    amount: 9,
    vat: 0,
    oldBalance: 207,
    newBalance: 198
  }
}

2024-03-11T21:01:13.561Z 2024-03-11T21:01:13.561Z	c631a797-5ce5-5005-a249-f9fe2fbd1ee8	INFO	SubscriptionBalanceUpdated event published

2024-03-11T21:01:13.576Z 2024-03-11T21:01:13.576Z	c631a797-5ce5-5005-a249-f9fe2fbd1ee8	ERROR	Subscription balance and payment balance are not in sync {
  userId: 'b851dd0c-b4b0-41d4-814a-172752d504d9',
  subscriptionBalance: 198,
  paymentBalance: 189
}

2024-03-11T21:01:13.593Z END RequestId: c631a797-5ce5-5005-a249-f9fe2fbd1ee8

2024-03-11T21:01:13.593Z REPORT RequestId: c631a797-5ce5-5005-a249-f9fe2fbd1ee8	Duration: 1001.13 ms	Billed Duration: 1002 ms	Memory Size: 1024 MB	Max Memory Used: 128 MB	

2024-03-11T21:01:14.193Z START RequestId: 8e9a93bd-563c-5d31-a7c7-cdd425663c15 Version: $LATEST

2024-03-11T21:01:14.220Z 2024-03-11T21:01:14.220Z	8e9a93bd-563c-5d31-a7c7-cdd425663c15	INFO	Processing message 847fda0b-2335-43f4-90e0-fb4bf4e18083

2024-03-11T21:01:14.226Z 2024-03-11T21:01:14.226Z	8e9a93bd-563c-5d31-a7c7-cdd425663c15	INFO	Start syncing the balance {
  transaction: {
    id: '01HRQN3FH2C7VQDGJT4B557V6D',
    type: 'DEBIT',
    source: 'MANUAL_DEDUCTION',
    action: 'DELIVERY_DEDUCTION',
    userId: '1306427b-7f89-48fd-8bf0-ee859c8b95d4',
    paymentBalance: 52520,
    updatePaymentBalance: true,
    metadata: '{"walletId":"wallet#1306427b-7f89-48fd-8bf0-ee859c8b95d4","deliveryId":"f46baf64-28bb-416d-af34-303b8aaa994a","walletSk":"f46baf64-28bb-416d-af34-303b8aaa994a"}',
    currency: 'SAR',
    amount: 76.5,
    vat: 0,
    oldBalance: 52596.5,
    newBalance: 52520
  }
}

2024-03-11T21:01:14.275Z 2024-03-11T21:01:14.275Z	8e9a93bd-563c-5d31-a7c7-cdd425663c15	INFO	SubscriptionBalanceUpdated event published

2024-03-11T21:01:14.287Z 2024-03-11T21:01:14.287Z	8e9a93bd-563c-5d31-a7c7-cdd425663c15	INFO	Processing message b5578b5d-ce60-4900-9bfb-74e2ed806004

2024-03-11T21:01:14.293Z 2024-03-11T21:01:14.293Z	8e9a93bd-563c-5d31-a7c7-cdd425663c15	INFO	Start syncing the balance {
  transaction: {
    id: '01HRQN3FG86MZE43VQDQFGQ9MH',
    type: 'DEBIT',
    source: 'MANUAL_DEDUCTION',
    action: 'DELIVERY_DEDUCTION',
    userId: 'aea9e5de-6ce6-4873-8574-f8237677fe69',
    paymentBalance: 4,
    updatePaymentBalance: true,
    metadata: '{"walletId":"wallet#aea9e5de-6ce6-4873-8574-f8237677fe69","deliveryId":"2770ead1-4878-4c7e-9d0d-cdc142704f20","walletSk":"2770ead1-4878-4c7e-9d0d-cdc142704f20"}',
    currency: 'BHD',
    amount: 8,
    vat: 0,
    oldBalance: 12,
    newBalance: 4
  }
}

2024-03-11T21:01:14.338Z 2024-03-11T21:01:14.338Z	8e9a93bd-563c-5d31-a7c7-cdd425663c15	INFO	SubscriptionBalanceUpdated event published

2024-03-11T21:01:14.355Z 2024-03-11T21:01:14.355Z	8e9a93bd-563c-5d31-a7c7-cdd425663c15	INFO	Processing message 26bbc67c-13e5-476d-9380-35f42ec79a63

2024-03-11T21:01:14.360Z 2024-03-11T21:01:14.360Z	8e9a93bd-563c-5d31-a7c7-cdd425663c15	INFO	Start syncing the balance {
  transaction: {
    id: '01HRQN3FMQ73CRBQ9A1TJZZBKP',
    type: 'DEBIT',
    source: 'MANUAL_DEDUCTION',
    action: 'DELIVERY_DEDUCTION',
    userId: '1fa3cabd-5069-4aaf-bb35-54729cf5e263',
    paymentBalance: 180,
    updatePaymentBalance: true,
    metadata: '{"walletId":"wallet#1fa3cabd-5069-4aaf-bb35-54729cf5e263","deliveryId":"0f6b36b5-27df-45c4-924b-dce766bdb060","walletSk":"0f6b36b5-27df-45c4-924b-dce766bdb060"}',
    currency: 'SAR',
    amount: 90,
    vat: 0,
    oldBalance: 270,
    newBalance: 180
  }
}

2024-03-11T21:01:14.410Z 2024-03-11T21:01:14.410Z	8e9a93bd-563c-5d31-a7c7-cdd425663c15	INFO	SubscriptionBalanceUpdated event published

2024-03-11T21:01:14.425Z 2024-03-11T21:01:14.425Z	8e9a93bd-563c-5d31-a7c7-cdd425663c15	INFO	Processing message 8b3207a3-4541-48ce-9616-9bbeca521d2a

2024-03-11T21:01:14.432Z 2024-03-11T21:01:14.432Z	8e9a93bd-563c-5d31-a7c7-cdd425663c15	INFO	Start syncing the balance {
  transaction: {
    id: '01HRQN3FM4Q98861DBVE6YNFFP',
    type: 'DEBIT',
    source: 'MANUAL_DEDUCTION',
    action: 'DELIVERY_DEDUCTION',
    userId: '660c08ce-e429-44cc-8f56-d05deea2018e',
    paymentBalance: 19930,
    updatePaymentBalance: true,
    metadata: '{"walletId":"wallet#660c08ce-e429-44cc-8f56-d05deea2018e","deliveryId":"57edb5ac-3c1a-4838-a363-d4ff46f540d7","walletSk":"57edb5ac-3c1a-4838-a363-d4ff46f540d7"}',
    currency: 'BHD',
    amount: 10,
    vat: 0,
    oldBalance: 19940,
    newBalance: 19930
  }
}

2024-03-11T21:01:14.485Z 2024-03-11T21:01:14.485Z	8e9a93bd-563c-5d31-a7c7-cdd425663c15	INFO	SubscriptionBalanceUpdated event published

2024-03-11T21:01:14.499Z 2024-03-11T21:01:14.499Z	8e9a93bd-563c-5d31-a7c7-cdd425663c15	INFO	Processing message d1ad1c0d-abc1-4699-966f-f14171f03323

2024-03-11T21:01:14.508Z 2024-03-11T21:01:14.508Z	8e9a93bd-563c-5d31-a7c7-cdd425663c15	INFO	Start syncing the balance {
  transaction: {
    id: '01HRQN3FED43ZT75GP7GYGGVN5',
    type: 'DEBIT',
    source: 'MANUAL_DEDUCTION',
    action: 'DELIVERY_DEDUCTION',
    userId: 'eda3a694-6d70-4e7f-ba8e-14b39855e155',
    paymentBalance: 152,
    updatePaymentBalance: true,
    metadata: '{"walletId":"wallet#eda3a694-6d70-4e7f-ba8e-14b39855e155","deliveryId":"0826dbfa-945b-4877-b637-f04cf78ee7f9","walletSk":"0826dbfa-945b-4877-b637-f04cf78ee7f9"}',
    currency: 'BHD',
    amount: 8,
    vat: 0,
    oldBalance: 160,
    newBalance: 152
  }
}

2024-03-11T21:01:14.550Z 2024-03-11T21:01:14.550Z	8e9a93bd-563c-5d31-a7c7-cdd425663c15	INFO	SubscriptionBalanceUpdated event published

2024-03-11T21:01:14.565Z 2024-03-11T21:01:14.565Z	8e9a93bd-563c-5d31-a7c7-cdd425663c15	INFO	Processing message e33c22a3-c7e4-46c3-a865-d2ef3f16bbbc

2024-03-11T21:01:14.582Z 2024-03-11T21:01:14.582Z	8e9a93bd-563c-5d31-a7c7-cdd425663c15	INFO	Start syncing the balance {
  transaction: {
    id: '01HRQN3FSP2BKH09A7C0P9DH1V',
    type: 'DEBIT',
    source: 'MANUAL_DEDUCTION',
    action: 'DELIVERY_DEDUCTION',
    userId: '133b402d-c353-4365-a759-d84e09c4533d',
    paymentBalance: 9287.6,
    updatePaymentBalance: true,
    metadata: '{"walletId":"wallet#133b402d-c353-4365-a759-d84e09c4533d","deliveryId":"bdb4b40a-4d81-4364-8a6e-48dcecb2d80f","walletSk":"bdb4b40a-4d81-4364-8a6e-48dcecb2d80f"}',
    currency: 'BHD',
    amount: 6.5,
    vat: 0,
    oldBalance: 9294.1,
    newBalance: 9287.6
  }
}

2024-03-11T21:01:14.629Z 2024-03-11T21:01:14.629Z	8e9a93bd-563c-5d31-a7c7-cdd425663c15	INFO	SubscriptionBalanceUpdated event published

2024-03-11T21:01:14.644Z 2024-03-11T21:01:14.644Z	8e9a93bd-563c-5d31-a7c7-cdd425663c15	INFO	Processing message fb9670e5-f2ec-4091-bef1-f8ea02233f49

2024-03-11T21:01:14.650Z 2024-03-11T21:01:14.650Z	8e9a93bd-563c-5d31-a7c7-cdd425663c15	INFO	Start syncing the balance {
  transaction: {
    id: '01HRQN3FPX6E15ZF7YY25KVG4D',
    type: 'DEBIT',
    source: 'MANUAL_DEDUCTION',
    action: 'DELIVERY_DEDUCTION',
    userId: '48a233cd-3852-496d-a981-f71f5ece3617',
    paymentBalance: 152,
    updatePaymentBalance: true,
    metadata: '{"walletId":"wallet#48a233cd-3852-496d-a981-f71f5ece3617","deliveryId":"575915a7-2abd-45d3-b924-09d68ab8b53b","walletSk":"575915a7-2abd-45d3-b924-09d68ab8b53b"}',
    currency: 'BHD',
    amount: 8,
    vat: 0,
    oldBalance: 160,
    newBalance: 152
  }
}

2024-03-11T21:01:14.697Z 2024-03-11T21:01:14.697Z	8e9a93bd-563c-5d31-a7c7-cdd425663c15	INFO	SubscriptionBalanceUpdated event published

2024-03-11T21:01:14.715Z 2024-03-11T21:01:14.715Z	8e9a93bd-563c-5d31-a7c7-cdd425663c15	INFO	Processing message cdfe6262-8f04-4d1b-be4a-5c6e567cc032

2024-03-11T21:01:14.722Z 2024-03-11T21:01:14.722Z	8e9a93bd-563c-5d31-a7c7-cdd425663c15	INFO	Start syncing the balance {
  transaction: {
    id: '01HRQN3FWJDSAP4THNKFEP1NV9',
    type: 'DEBIT',
    source: 'MANUAL_DEDUCTION',
    action: 'DELIVERY_DEDUCTION',
    userId: '078a520a-b504-4794-8e9b-910d86e4e96d',
    paymentBalance: 1288.56,
    updatePaymentBalance: true,
    metadata: '{"walletId":"wallet#078a520a-b504-4794-8e9b-910d86e4e96d","deliveryId":"2a0d44c7-632e-40bc-b2fb-c039786c5c15","walletSk":"2a0d44c7-632e-40bc-b2fb-c039786c5c15"}',
    currency: 'SAR',
    amount: 42,
    vat: 0,
    oldBalance: 336.01,
    newBalance: 294.01
  }
}

2024-03-11T21:01:14.772Z 2024-03-11T21:01:14.772Z	8e9a93bd-563c-5d31-a7c7-cdd425663c15	INFO	SubscriptionBalanceUpdated event published

2024-03-11T21:01:14.786Z 2024-03-11T21:01:14.786Z	8e9a93bd-563c-5d31-a7c7-cdd425663c15	ERROR	Subscription balance and payment balance are not in sync {
  userId: '078a520a-b504-4794-8e9b-910d86e4e96d',
  subscriptionBalance: 294.01,
  paymentBalance: 1288.56
}

2024-03-11T21:01:14.802Z 2024-03-11T21:01:14.802Z	8e9a93bd-563c-5d31-a7c7-cdd425663c15	INFO	Processing message 624c201a-15df-46df-ab6d-d8b3223c2057

2024-03-11T21:01:14.809Z 2024-03-11T21:01:14.809Z	8e9a93bd-563c-5d31-a7c7-cdd425663c15	INFO	Start syncing the balance {
  transaction: {
    id: '01HRQN3G13H5ZT74CSECH7R39N',
    type: 'DEBIT',
    source: 'MANUAL_DEDUCTION',
    action: 'DELIVERY_DEDUCTION',
    userId: '8e156b35-668f-4276-a02a-1b5c330c2e09',
    paymentBalance: 23,
    updatePaymentBalance: true,
    metadata: '{"walletId":"wallet#8e156b35-668f-4276-a02a-1b5c330c2e09","deliveryId":"deaf336a-374c-4396-9c89-136cf951df05","walletSk":"deaf336a-374c-4396-9c89-136cf951df05"}',
    currency: 'BHD',
    amount: 9,
    vat: 0,
    oldBalance: 32,
    newBalance: 23
  }
}

2024-03-11T21:01:14.860Z 2024-03-11T21:01:14.860Z	8e9a93bd-563c-5d31-a7c7-cdd425663c15	INFO	SubscriptionBalanceUpdated event published

2024-03-11T21:01:14.877Z 2024-03-11T21:01:14.877Z	8e9a93bd-563c-5d31-a7c7-cdd425663c15	INFO	Processing message 2a05cff0-102d-428a-bd04-39274b800a62

2024-03-11T21:01:14.882Z 2024-03-11T21:01:14.882Z	8e9a93bd-563c-5d31-a7c7-cdd425663c15	INFO	Start syncing the balance {
  transaction: {
    id: '01HRQN3G2GKC2GF7BF7JAHTMTV',
    type: 'DEBIT',
    source: 'MANUAL_DEDUCTION',
    action: 'DELIVERY_DEDUCTION',
    userId: 'c6d9d2a9-50eb-47e7-b702-3572167b70b8',
    paymentBalance: 96,
    updatePaymentBalance: true,
    metadata: '{"walletId":"wallet#c6d9d2a9-50eb-47e7-b702-3572167b70b8","deliveryId":"cce72582-92e8-40af-b6f5-9f42050caa4f","walletSk":"cce72582-92e8-40af-b6f5-9f42050caa4f"}',
    currency: 'BHD',
    amount: 8,
    vat: 0,
    oldBalance: 104,
    newBalance: 96
  }
}

2024-03-11T21:01:14.927Z 2024-03-11T21:01:14.927Z	8e9a93bd-563c-5d31-a7c7-cdd425663c15	INFO	SubscriptionBalanceUpdated event published

2024-03-11T21:01:14.944Z END RequestId: 8e9a93bd-563c-5d31-a7c7-cdd425663c15

2024-03-11T21:01:14.944Z REPORT RequestId: 8e9a93bd-563c-5d31-a7c7-cdd425663c15	Duration: 751.91 ms	Billed Duration: 752 ms	Memory Size: 1024 MB	Max Memory Used: 128 MB	

2024-03-11T21:01:16.706Z START RequestId: d6487d48-af08-5044-9423-2321dc544ea9 Version: $LATEST

2024-03-11T21:01:16.734Z 2024-03-11T21:01:16.734Z	d6487d48-af08-5044-9423-2321dc544ea9	INFO	Processing message 60fe6332-535c-4d11-9913-e2d9d9d52b5d

2024-03-11T21:01:16.741Z 2024-03-11T21:01:16.741Z	d6487d48-af08-5044-9423-2321dc544ea9	INFO	Start syncing the balance {
  transaction: {
    id: '01HRQN3H5ZQ8FXA77K6W8V5RQR',
    type: 'DEBIT',
    source: 'MANUAL_DEDUCTION',
    action: 'DELIVERY_DEDUCTION',
    userId: 'a244b9ad-11ff-4e89-9c17-55332367db0d',
    paymentBalance: 990,
    updatePaymentBalance: true,
    metadata: '{"walletId":"wallet#a244b9ad-11ff-4e89-9c17-55332367db0d","deliveryId":"ed509b18-29a9-4d9b-a362-392460e27c11","walletSk":"ed509b18-29a9-4d9b-a362-392460e27c11"}',
    currency: 'SAR',
    amount: 90,
    vat: 0,
    oldBalance: 1080,
    newBalance: 990
  }
}

2024-03-11T21:01:16.790Z 2024-03-11T21:01:16.790Z	d6487d48-af08-5044-9423-2321dc544ea9	INFO	SubscriptionBalanceUpdated event published

2024-03-11T21:01:16.805Z 2024-03-11T21:01:16.805Z	d6487d48-af08-5044-9423-2321dc544ea9	INFO	Processing message bcfb3c13-4e21-438b-ba9a-4508d37b0f02

2024-03-11T21:01:16.812Z 2024-03-11T21:01:16.812Z	d6487d48-af08-5044-9423-2321dc544ea9	INFO	Start syncing the balance {
  transaction: {
    id: '01HRQN3HBYWX7KG446CENG79CR',
    type: 'DEBIT',
    source: 'MANUAL_DEDUCTION',
    action: 'DELIVERY_DEDUCTION',
    userId: '8e488312-52a1-4506-a475-ee43b0811373',
    paymentBalance: 526.8,
    updatePaymentBalance: true,
    metadata: '{"walletId":"wallet#8e488312-52a1-4506-a475-ee43b0811373","deliveryId":"98461544-53d4-49e1-98c6-0d3cea37b348","walletSk":"98461544-53d4-49e1-98c6-0d3cea37b348"}',
    currency: 'SAR',
    amount: 52.2,
    vat: 0,
    oldBalance: 579,
    newBalance: 526.8
  }
}

2024-03-11T21:01:16.859Z 2024-03-11T21:01:16.859Z	d6487d48-af08-5044-9423-2321dc544ea9	INFO	SubscriptionBalanceUpdated event published

2024-03-11T21:01:16.874Z 2024-03-11T21:01:16.874Z	d6487d48-af08-5044-9423-2321dc544ea9	INFO	Processing message f9b3bc58-78bf-4fc9-8087-cc69a3483692

2024-03-11T21:01:16.880Z 2024-03-11T21:01:16.880Z	d6487d48-af08-5044-9423-2321dc544ea9	INFO	Start syncing the balance {
  transaction: {
    id: '01HRQN3H988CCEX56G2CZNPM1R',
    type: 'DEBIT',
    source: 'MANUAL_DEDUCTION',
    action: 'DELIVERY_DEDUCTION',
    userId: 'f2760655-ac6c-4a19-a85e-0cba3913eb42',
    paymentBalance: 0,
    updatePaymentBalance: true,
    metadata: '{"walletId":"wallet#f2760655-ac6c-4a19-a85e-0cba3913eb42","deliveryId":"7b6aeff4-1356-41b0-a703-dcb8097130ad","walletSk":"7b6aeff4-1356-41b0-a703-dcb8097130ad"}',
    currency: 'SAR',
    amount: 90,
    vat: 0,
    oldBalance: 90,
    newBalance: 0
  }
}

2024-03-11T21:01:16.925Z 2024-03-11T21:01:16.925Z	d6487d48-af08-5044-9423-2321dc544ea9	INFO	SubscriptionBalanceUpdated event published

2024-03-11T21:01:16.937Z 2024-03-11T21:01:16.937Z	d6487d48-af08-5044-9423-2321dc544ea9	INFO	Processing message b4067042-baa5-445a-805d-30204574ea3f

2024-03-11T21:01:16.942Z 2024-03-11T21:01:16.942Z	d6487d48-af08-5044-9423-2321dc544ea9	INFO	Start syncing the balance {
  transaction: {
    id: '01HRQN3H6410JS4M2GBZS4TH40',
    type: 'DEBIT',
    source: 'MANUAL_DEDUCTION',
    action: 'DELIVERY_DEDUCTION',
    userId: '9488264a-0173-4cf8-b89d-e92b2cd1d5c7',
    paymentBalance: 128,
    updatePaymentBalance: true,
    metadata: '{"walletId":"wallet#9488264a-0173-4cf8-b89d-e92b2cd1d5c7","deliveryId":"ee197ebf-b73c-44ff-8191-4a11fde8de2f","walletSk":"ee197ebf-b73c-44ff-8191-4a11fde8de2f"}',
    currency: 'BHD',
    amount: 8,
    vat: 0,
    oldBalance: 136,
    newBalance: 128
  }
}

2024-03-11T21:01:16.986Z 2024-03-11T21:01:16.986Z	d6487d48-af08-5044-9423-2321dc544ea9	INFO	SubscriptionBalanceUpdated event published

2024-03-11T21:01:16.999Z 2024-03-11T21:01:16.999Z	d6487d48-af08-5044-9423-2321dc544ea9	INFO	Processing message 027a6a0e-6121-44d4-be4e-9b6ffff45ab3

2024-03-11T21:01:17.005Z 2024-03-11T21:01:17.005Z	d6487d48-af08-5044-9423-2321dc544ea9	INFO	Start syncing the balance {
  transaction: {
    id: '01HRQN3H8Y1KQHHB9PH7MYXRQK',
    type: 'DEBIT',
    source: 'MANUAL_DEDUCTION',
    action: 'DELIVERY_DEDUCTION',
    userId: '7e284fe5-0676-4f3a-9604-6c13194b2d44',
    paymentBalance: 152,
    updatePaymentBalance: true,
    metadata: '{"walletId":"wallet#7e284fe5-0676-4f3a-9604-6c13194b2d44","deliveryId":"b93e0698-ba1d-4b46-98fa-57a1a8405353","walletSk":"b93e0698-ba1d-4b46-98fa-57a1a8405353"}',
    currency: 'BHD',
    amount: 8,
    vat: 0,
    oldBalance: 160,
    newBalance: 152
  }
}

2024-03-11T21:01:17.051Z 2024-03-11T21:01:17.051Z	d6487d48-af08-5044-9423-2321dc544ea9	INFO	SubscriptionBalanceUpdated event published

2024-03-11T21:01:17.065Z 2024-03-11T21:01:17.065Z	d6487d48-af08-5044-9423-2321dc544ea9	INFO	Processing message b0fbccce-cee4-42e4-84d6-9e8f38e322ff

2024-03-11T21:01:17.072Z 2024-03-11T21:01:17.072Z	d6487d48-af08-5044-9423-2321dc544ea9	INFO	Start syncing the balance {
  transaction: {
    id: '01HRQN3HHVZQ2RMJV4K8ACDMSG',
    type: 'DEBIT',
    source: 'MANUAL_DEDUCTION',
    action: 'DELIVERY_DEDUCTION',
    userId: 'abf660cd-113f-4fe2-8fff-ad9e33e54df3',
    paymentBalance: 1423,
    updatePaymentBalance: true,
    metadata: '{"walletId":"wallet#abf660cd-113f-4fe2-8fff-ad9e33e54df3","deliveryId":"06f600c9-6f93-496d-bd15-11ec798c1425","walletSk":"06f600c9-6f93-496d-bd15-11ec798c1425"}',
    currency: 'BHD',
    amount: 6,
    vat: 0,
    oldBalance: 1429,
    newBalance: 1423
  }
}

2024-03-11T21:01:17.114Z 2024-03-11T21:01:17.114Z	d6487d48-af08-5044-9423-2321dc544ea9	INFO	SubscriptionBalanceUpdated event published

2024-03-11T21:01:17.130Z 2024-03-11T21:01:17.130Z	d6487d48-af08-5044-9423-2321dc544ea9	INFO	Processing message 25e1106d-7972-4286-9297-2ea396f4cb72

2024-03-11T21:01:17.136Z 2024-03-11T21:01:17.136Z	d6487d48-af08-5044-9423-2321dc544ea9	INFO	Start syncing the balance {
  transaction: {
    id: '01HRQN3HMKMPXHGFXG2N1S5AS4',
    type: 'DEBIT',
    source: 'MANUAL_DEDUCTION',
    action: 'DELIVERY_DEDUCTION',
    userId: 'a1ec0f12-9aaa-42cf-ba7a-b74b41e2710d',
    paymentBalance: 152,
    updatePaymentBalance: true,
    metadata: '{"walletId":"wallet#a1ec0f12-9aaa-42cf-ba7a-b74b41e2710d","deliveryId":"17de9586-bfee-453a-92aa-00c7ce319f44","walletSk":"17de9586-bfee-453a-92aa-00c7ce319f44"}',
    currency: 'BHD',
    amount: 8,
    vat: 0,
    oldBalance: 160,
    newBalance: 152
  }
}

2024-03-11T21:01:17.181Z 2024-03-11T21:01:17.181Z	d6487d48-af08-5044-9423-2321dc544ea9	INFO	SubscriptionBalanceUpdated event published

2024-03-11T21:01:17.194Z 2024-03-11T21:01:17.194Z	d6487d48-af08-5044-9423-2321dc544ea9	INFO	Processing message 0cd89871-9ef6-4a83-95c4-83ff2ca747a3

2024-03-11T21:01:17.199Z 2024-03-11T21:01:17.199Z	d6487d48-af08-5044-9423-2321dc544ea9	INFO	Start syncing the balance {
  transaction: {
    id: '01HRQN3HF31WT0MQS21XC5T5KQ',
    type: 'DEBIT',
    source: 'MANUAL_DEDUCTION',
    action: 'DELIVERY_DEDUCTION',
    userId: '6774d2ae-7f98-4eb5-aac3-d0b98309327a',
    paymentBalance: 96,
    updatePaymentBalance: true,
    metadata: '{"walletId":"wallet#6774d2ae-7f98-4eb5-aac3-d0b98309327a","deliveryId":"13c4a311-99e6-48e7-bf0c-ff77f6d84604","walletSk":"13c4a311-99e6-48e7-bf0c-ff77f6d84604"}',
    currency: 'BHD',
    amount: 8,
    vat: 0,
    oldBalance: 104,
    newBalance: 96
  }
}

2024-03-11T21:01:17.238Z 2024-03-11T21:01:17.238Z	d6487d48-af08-5044-9423-2321dc544ea9	INFO	SubscriptionBalanceUpdated event published

2024-03-11T21:01:17.250Z 2024-03-11T21:01:17.250Z	d6487d48-af08-5044-9423-2321dc544ea9	INFO	Processing message a2f28bf5-9514-4b8b-afc2-990eeb072f91

2024-03-11T21:01:17.257Z 2024-03-11T21:01:17.257Z	d6487d48-af08-5044-9423-2321dc544ea9	INFO	Start syncing the balance {
  transaction: {
    id: '01HRQN3HF1WFJ8M7W5KC9JX5Q1',
    type: 'DEBIT',
    source: 'MANUAL_DEDUCTION',
    action: 'DELIVERY_DEDUCTION',
    userId: '42df422f-7763-4677-954d-6cad41429c49',
    paymentBalance: 152,
    updatePaymentBalance: true,
    metadata: '{"walletId":"wallet#42df422f-7763-4677-954d-6cad41429c49","deliveryId":"b476025e-4748-49d5-b953-4e29d98208fd","walletSk":"b476025e-4748-49d5-b953-4e29d98208fd"}',
    currency: 'BHD',
    amount: 8,
    vat: 0,
    oldBalance: 160,
    newBalance: 152
  }
}

2024-03-11T21:01:17.300Z 2024-03-11T21:01:17.300Z	d6487d48-af08-5044-9423-2321dc544ea9	INFO	SubscriptionBalanceUpdated event published

2024-03-11T21:01:17.316Z 2024-03-11T21:01:17.316Z	d6487d48-af08-5044-9423-2321dc544ea9	INFO	Processing message a362ba57-a286-4ead-82df-fe8a505af061

2024-03-11T21:01:17.321Z 2024-03-11T21:01:17.321Z	d6487d48-af08-5044-9423-2321dc544ea9	INFO	Start syncing the balance {
  transaction: {
    id: '01HRQN3HHWS3B8Q293FW4YNK8T',
    type: 'DEBIT',
    source: 'MANUAL_DEDUCTION',
    action: 'DELIVERY_DEDUCTION',
    userId: '079b35b6-fecd-41e0-aff2-b291a42880f2',
    paymentBalance: 72,
    updatePaymentBalance: true,
    metadata: '{"walletId":"wallet#079b35b6-fecd-41e0-aff2-b291a42880f2","deliveryId":"3c011f8b-165f-440b-9893-c5c4b90e0451","walletSk":"3c011f8b-165f-440b-9893-c5c4b90e0451"}',
    currency: 'BHD',
    amount: 8,
    vat: 0,
    oldBalance: 80,
    newBalance: 72
  }
}

2024-03-11T21:01:17.361Z 2024-03-11T21:01:17.361Z	d6487d48-af08-5044-9423-2321dc544ea9	INFO	SubscriptionBalanceUpdated event published

2024-03-11T21:01:17.376Z END RequestId: d6487d48-af08-5044-9423-2321dc544ea9

2024-03-11T21:01:17.376Z REPORT RequestId: d6487d48-af08-5044-9423-2321dc544ea9	Duration: 670.08 ms	Billed Duration: 671 ms	Memory Size: 1024 MB	Max Memory Used: 128 MB	

2024-03-11T21:01:17.432Z START RequestId: 7e888b2a-cc47-5b33-a03c-d543bf1a4a17 Version: $LATEST

2024-03-11T21:01:17.458Z 2024-03-11T21:01:17.458Z	7e888b2a-cc47-5b33-a03c-d543bf1a4a17	INFO	Processing message 74440335-0d6f-4b07-abd2-f5471ea0a427

2024-03-11T21:01:17.465Z 2024-03-11T21:01:17.465Z	7e888b2a-cc47-5b33-a03c-d543bf1a4a17	INFO	Start syncing the balance {
  transaction: {
    id: '01HRQN3HMK4CBCXS5V4JE709X1',
    type: 'DEBIT',
    source: 'MANUAL_DEDUCTION',
    action: 'DELIVERY_DEDUCTION',
    userId: '8cfb0a41-4446-43f9-8ace-c17b9c9a9c7e',
    paymentBalance: 16105,
    updatePaymentBalance: true,
    metadata: '{"walletId":"wallet#8cfb0a41-4446-43f9-8ace-c17b9c9a9c7e","deliveryId":"9c3d6623-a15c-45b2-b65e-8d5d8524431b","walletSk":"9c3d6623-a15c-45b2-b65e-8d5d8524431b"}',
    currency: 'SAR',
    amount: 60,
    vat: 0,
    oldBalance: 16165,
    newBalance: 16105
  }
}

2024-03-11T21:01:17.511Z 2024-03-11T21:01:17.511Z	7e888b2a-cc47-5b33-a03c-d543bf1a4a17	INFO	SubscriptionBalanceUpdated event published

2024-03-11T21:01:17.527Z 2024-03-11T21:01:17.527Z	7e888b2a-cc47-5b33-a03c-d543bf1a4a17	INFO	Processing message c2aad2a5-ade6-45e3-999b-6e55a0226117

2024-03-11T21:01:17.532Z 2024-03-11T21:01:17.532Z	7e888b2a-cc47-5b33-a03c-d543bf1a4a17	INFO	Start syncing the balance {
  transaction: {
    id: '01HRQN3HT7BZ5FE9DVQ975DK4M',
    type: 'DEBIT',
    source: 'MANUAL_DEDUCTION',
    action: 'DELIVERY_DEDUCTION',
    userId: '6a816b89-1fc6-4fe2-b33f-f7f8224f5c88',
    paymentBalance: 630,
    updatePaymentBalance: true,
    metadata: '{"walletId":"wallet#6a816b89-1fc6-4fe2-b33f-f7f8224f5c88","deliveryId":"41290ec4-e33c-4c96-9869-db646ee24b90","walletSk":"41290ec4-e33c-4c96-9869-db646ee24b90"}',
    currency: 'SAR',
    amount: 90,
    vat: 0,
    oldBalance: 720,
    newBalance: 630
  }
}

2024-03-11T21:01:17.578Z 2024-03-11T21:01:17.578Z	7e888b2a-cc47-5b33-a03c-d543bf1a4a17	INFO	SubscriptionBalanceUpdated event published

2024-03-11T21:01:17.591Z 2024-03-11T21:01:17.591Z	7e888b2a-cc47-5b33-a03c-d543bf1a4a17	INFO	Processing message 479aa6fd-ab78-407b-87ee-c48de4e0419c

2024-03-11T21:01:17.597Z 2024-03-11T21:01:17.597Z	7e888b2a-cc47-5b33-a03c-d543bf1a4a17	INFO	Start syncing the balance {
  transaction: {
    id: '01HRQN3HQHDKWEH2HCRH1WYVAC',
    type: 'DEBIT',
    source: 'MANUAL_DEDUCTION',
    action: 'DELIVERY_DEDUCTION',
    userId: '76b5101c-400d-45d2-9392-ee6d94c113db',
    paymentBalance: 80,
    updatePaymentBalance: true,
    metadata: '{"walletId":"wallet#76b5101c-400d-45d2-9392-ee6d94c113db","deliveryId":"46165584-eafa-48ec-872f-b321b09276c7","walletSk":"46165584-eafa-48ec-872f-b321b09276c7"}',
    currency: 'BHD',
    amount: 8,
    vat: 0,
    oldBalance: 88,
    newBalance: 80
  }
}

2024-03-11T21:01:17.642Z 2024-03-11T21:01:17.642Z	7e888b2a-cc47-5b33-a03c-d543bf1a4a17	INFO	SubscriptionBalanceUpdated event published

2024-03-11T21:01:17.657Z 2024-03-11T21:01:17.657Z	7e888b2a-cc47-5b33-a03c-d543bf1a4a17	INFO	Processing message 7e153515-9c03-4497-bd3b-f96f4e687eb1

2024-03-11T21:01:17.662Z 2024-03-11T21:01:17.662Z	7e888b2a-cc47-5b33-a03c-d543bf1a4a17	INFO	Start syncing the balance {
  transaction: {
    id: '01HRQN3HQ8RKJXCV9YXXZ5YAW3',
    type: 'DEBIT',
    source: 'MANUAL_DEDUCTION',
    action: 'DELIVERY_DEDUCTION',
    userId: '0d3743bc-7978-4902-b925-621d06ed6f28',
    paymentBalance: 360,
    updatePaymentBalance: true,
    metadata: '{"walletId":"wallet#0d3743bc-7978-4902-b925-621d06ed6f28","deliveryId":"b3c0071f-0dbf-419c-98ec-75028492bacc","walletSk":"b3c0071f-0dbf-419c-98ec-75028492bacc"}',
    currency: 'SAR',
    amount: 90,
    vat: 0,
    oldBalance: 450,
    newBalance: 360
  }
}

2024-03-11T21:01:17.710Z 2024-03-11T21:01:17.710Z	7e888b2a-cc47-5b33-a03c-d543bf1a4a17	INFO	SubscriptionBalanceUpdated event published

2024-03-11T21:01:17.724Z 2024-03-11T21:01:17.724Z	7e888b2a-cc47-5b33-a03c-d543bf1a4a17	INFO	Processing message c14ceb41-bf3c-42e4-afeb-b834dde31c43

2024-03-11T21:01:17.730Z 2024-03-11T21:01:17.730Z	7e888b2a-cc47-5b33-a03c-d543bf1a4a17	INFO	Start syncing the balance {
  transaction: {
    id: '01HRQN3HSSX12JGKD90K2TFNYV',
    type: 'DEBIT',
    source: 'MANUAL_DEDUCTION',
    action: 'DELIVERY_DEDUCTION',
    userId: 'd694c21d-aa12-47c7-ad78-aaa9bc76bc03',
    paymentBalance: 15.1,
    updatePaymentBalance: true,
    metadata: '{"walletId":"wallet#d694c21d-aa12-47c7-ad78-aaa9bc76bc03","deliveryId":"e6855ed4-aa7c-46b0-ab6c-b41a2cb6b658","walletSk":"e6855ed4-aa7c-46b0-ab6c-b41a2cb6b658"}',
    currency: 'BHD',
    amount: 1.8,
    vat: 0,
    oldBalance: 16.9,
    newBalance: 15.1
  }
}

2024-03-11T21:01:17.778Z 2024-03-11T21:01:17.778Z	7e888b2a-cc47-5b33-a03c-d543bf1a4a17	INFO	SubscriptionBalanceUpdated event published

2024-03-11T21:01:17.791Z 2024-03-11T21:01:17.791Z	7e888b2a-cc47-5b33-a03c-d543bf1a4a17	INFO	Processing message 726bc928-b0d1-4b12-bcbd-31ece9c7e5ba

2024-03-11T21:01:17.797Z 2024-03-11T21:01:17.797Z	7e888b2a-cc47-5b33-a03c-d543bf1a4a17	INFO	Start syncing the balance {
  transaction: {
    id: '01HRQN3HWR3XAJTTBVRHWB67SZ',
    type: 'DEBIT',
    source: 'MANUAL_DEDUCTION',
    action: 'DELIVERY_DEDUCTION',
    userId: '770414b6-2b25-4782-97c1-f69d6d558737',
    paymentBalance: 2995,
    updatePaymentBalance: true,
    metadata: '{"walletId":"wallet#770414b6-2b25-4782-97c1-f69d6d558737","deliveryId":"c298390d-a92e-4dd3-b62b-10fc6f5ea4d3","walletSk":"c298390d-a92e-4dd3-b62b-10fc6f5ea4d3"}',
    currency: 'SAR',
    amount: 85,
    vat: 0,
    oldBalance: 3080,
    newBalance: 2995
  }
}

2024-03-11T21:01:17.842Z 2024-03-11T21:01:17.842Z	7e888b2a-cc47-5b33-a03c-d543bf1a4a17	INFO	SubscriptionBalanceUpdated event published

2024-03-11T21:01:17.857Z 2024-03-11T21:01:17.857Z	7e888b2a-cc47-5b33-a03c-d543bf1a4a17	INFO	Processing message 1589e19c-0a46-49ed-a550-42731ee1a015

2024-03-11T21:01:17.863Z 2024-03-11T21:01:17.863Z	7e888b2a-cc47-5b33-a03c-d543bf1a4a17	INFO	Start syncing the balance {
  transaction: {
    id: '01HRQN3HWYQ57NS3HF92KXR4P4',
    type: 'DEBIT',
    source: 'MANUAL_DEDUCTION',
    action: 'DELIVERY_DEDUCTION',
    userId: 'be7f2b59-05e8-45c4-8590-6ee55d677751',
    paymentBalance: 94.5,
    updatePaymentBalance: true,
    metadata: '{"walletId":"wallet#be7f2b59-05e8-45c4-8590-6ee55d677751","deliveryId":"d25c9319-974e-42bf-bbd0-446275e7d57e","walletSk":"d25c9319-974e-42bf-bbd0-446275e7d57e"}',
    currency: 'BHD',
    amount: 9.5,
    vat: 0,
    oldBalance: 104,
    newBalance: 94.5
  }
}

2024-03-11T21:01:17.907Z 2024-03-11T21:01:17.907Z	7e888b2a-cc47-5b33-a03c-d543bf1a4a17	INFO	SubscriptionBalanceUpdated event published

2024-03-11T21:01:17.921Z 2024-03-11T21:01:17.921Z	7e888b2a-cc47-5b33-a03c-d543bf1a4a17	INFO	Processing message f2f9afd5-7500-4c5b-87f5-d3790ef1325f

2024-03-11T21:01:17.927Z 2024-03-11T21:01:17.927Z	7e888b2a-cc47-5b33-a03c-d543bf1a4a17	INFO	Start syncing the balance {
  transaction: {
    id: '01HRQN3HZXRB5H44G7HS1TKCYP',
    type: 'DEBIT',
    source: 'MANUAL_DEDUCTION',
    action: 'DELIVERY_DEDUCTION',
    userId: '91d43fa2-78da-464b-b348-fb35489b1397',
    paymentBalance: 99,
    updatePaymentBalance: true,
    metadata: '{"walletId":"wallet#91d43fa2-78da-464b-b348-fb35489b1397","deliveryId":"75fd4ab4-6fac-4730-ad49-5d92888573c1","walletSk":"75fd4ab4-6fac-4730-ad49-5d92888573c1"}',
    currency: 'BHD',
    amount: 9,
    vat: 0,
    oldBalance: 108,
    newBalance: 99
  }
}

2024-03-11T21:01:17.972Z 2024-03-11T21:01:17.972Z	7e888b2a-cc47-5b33-a03c-d543bf1a4a17	INFO	SubscriptionBalanceUpdated event published

2024-03-11T21:01:17.985Z 2024-03-11T21:01:17.985Z	7e888b2a-cc47-5b33-a03c-d543bf1a4a17	INFO	Processing message 954f8bb2-b919-468b-a941-1311480ca8db

2024-03-11T21:01:17.992Z 2024-03-11T21:01:17.992Z	7e888b2a-cc47-5b33-a03c-d543bf1a4a17	INFO	Start syncing the balance {
  transaction: {
    id: '01HRQN3J2RCC76TXK3WAVKR8GD',
    type: 'DEBIT',
    source: 'MANUAL_DEDUCTION',
    action: 'DELIVERY_DEDUCTION',
    userId: '52ebb322-696b-423b-bd79-2de604defbdd',
    paymentBalance: 3303.01,
    updatePaymentBalance: true,
    metadata: '{"walletId":"wallet#52ebb322-696b-423b-bd79-2de604defbdd","deliveryId":"1dd91734-9222-4e57-ba8d-0f3b311ec4c6","walletSk":"1dd91734-9222-4e57-ba8d-0f3b311ec4c6"}',
    currency: 'SAR',
    amount: 70,
    vat: 0,
    oldBalance: 900,
    newBalance: 830
  }
}

2024-03-11T21:01:18.041Z 2024-03-11T21:01:18.041Z	7e888b2a-cc47-5b33-a03c-d543bf1a4a17	INFO	SubscriptionBalanceUpdated event published

2024-03-11T21:01:18.053Z 2024-03-11T21:01:18.053Z	7e888b2a-cc47-5b33-a03c-d543bf1a4a17	ERROR	Subscription balance and payment balance are not in sync {
  userId: '52ebb322-696b-423b-bd79-2de604defbdd',
  subscriptionBalance: 830,
  paymentBalance: 3303.01
}

2024-03-11T21:01:18.069Z 2024-03-11T21:01:18.069Z	7e888b2a-cc47-5b33-a03c-d543bf1a4a17	INFO	Processing message 6374c535-4270-4123-a39b-8e67aa5272f2

2024-03-11T21:01:18.075Z 2024-03-11T21:01:18.075Z	7e888b2a-cc47-5b33-a03c-d543bf1a4a17	INFO	Start syncing the balance {
  transaction: {
    id: '01HRQN3J3K36AC3RZ9C4TPC3TZ',
    type: 'DEBIT',
    source: 'MANUAL_DEDUCTION',
    action: 'DELIVERY_DEDUCTION',
    userId: '5bc3c6b5-3049-4d37-9f04-c36bcb6de4a2',
    paymentBalance: 77074.136,
    updatePaymentBalance: true,
    metadata: '{"walletId":"wallet#5bc3c6b5-3049-4d37-9f04-c36bcb6de4a2","deliveryId":"f9f936cc-1321-4a4c-a7d7-501a369a8032","walletSk":"f9f936cc-1321-4a4c-a7d7-501a369a8032"}',
    currency: 'BHD',
    amount: 53,
    vat: 0,
    oldBalance: 77180.13636363637,
    newBalance: 77127.136
  }
}

2024-03-11T21:01:18.119Z 2024-03-11T21:01:18.119Z	7e888b2a-cc47-5b33-a03c-d543bf1a4a17	INFO	SubscriptionBalanceUpdated event published

2024-03-11T21:01:18.132Z 2024-03-11T21:01:18.132Z	7e888b2a-cc47-5b33-a03c-d543bf1a4a17	ERROR	Subscription balance and payment balance are not in sync {
  userId: '5bc3c6b5-3049-4d37-9f04-c36bcb6de4a2',
  subscriptionBalance: 77127.136,
  paymentBalance: 77074.136
}

2024-03-11T21:01:18.147Z END RequestId: 7e888b2a-cc47-5b33-a03c-d543bf1a4a17

2024-03-11T21:01:18.147Z REPORT RequestId: 7e888b2a-cc47-5b33-a03c-d543bf1a4a17	Duration: 715.68 ms	Billed Duration: 716 ms	Memory Size: 1024 MB	Max Memory Used: 128 MB	
XRAY TraceId: 1-65ef711d-f960ed227f3dc6402d2b8a76	SegmentId: 329cf9aa1a8cba94	Sampled: true	

2024-03-11T21:01:18.167Z START RequestId: a2b867c6-f9ce-5e50-ad11-39af8a904f74 Version: $LATEST

2024-03-11T21:01:18.201Z 2024-03-11T21:01:18.201Z	a2b867c6-f9ce-5e50-ad11-39af8a904f74	INFO	Processing message 68561eb0-9170-4fac-a0e2-ed91f0b57fbc

2024-03-11T21:01:18.206Z 2024-03-11T21:01:18.206Z	a2b867c6-f9ce-5e50-ad11-39af8a904f74	INFO	Start syncing the balance {
  transaction: {
    id: '01HRQN3JZSC4JGKCP1MD56AXGD',
    type: 'DEBIT',
    source: 'MANUAL_DEDUCTION',
    action: 'DELIVERY_DEDUCTION',
    userId: '8696adcb-0a63-49cd-b41a-a4fd9a2aecdd',
    paymentBalance: 152,
    updatePaymentBalance: true,
    metadata: '{"walletId":"wallet#8696adcb-0a63-49cd-b41a-a4fd9a2aecdd","deliveryId":"88870da3-1752-4929-bdc1-0246c0bc3588","walletSk":"88870da3-1752-4929-bdc1-0246c0bc3588"}',
    currency: 'BHD',
    amount: 8,
    vat: 0,
    oldBalance: 160,
    newBalance: 152
  }
}

2024-03-11T21:01:18.247Z 2024-03-11T21:01:18.247Z	a2b867c6-f9ce-5e50-ad11-39af8a904f74	INFO	SubscriptionBalanceUpdated event published

2024-03-11T21:01:18.426Z 2024-03-11T21:01:18.426Z	a2b867c6-f9ce-5e50-ad11-39af8a904f74	INFO	Processing message 09687a5a-cfe1-458f-b4f2-5a62dc838641

2024-03-11T21:01:18.435Z 2024-03-11T21:01:18.435Z	a2b867c6-f9ce-5e50-ad11-39af8a904f74	INFO	Start syncing the balance {
  transaction: {
    id: '01HRQN3K1PYE3K6WXWZ2JP7PSE',
    type: 'DEBIT',
    source: 'MANUAL_DEDUCTION',
    action: 'DELIVERY_DEDUCTION',
    userId: '8b293101-dfef-43ed-9095-ac05a1507d34',
    paymentBalance: 130.821,
    updatePaymentBalance: true,
    metadata: '{"walletId":"wallet#8b293101-dfef-43ed-9095-ac05a1507d34","deliveryId":"1109035d-586d-4f75-8e92-79e2585afbdd","walletSk":"1109035d-586d-4f75-8e92-79e2585afbdd"}',
    currency: 'BHD',
    amount: 7.5,
    vat: 0,
    oldBalance: 138.321,
    newBalance: 130.821
  }
}

2024-03-11T21:01:18.482Z 2024-03-11T21:01:18.482Z	a2b867c6-f9ce-5e50-ad11-39af8a904f74	INFO	SubscriptionBalanceUpdated event published

2024-03-11T21:01:18.496Z 2024-03-11T21:01:18.496Z	a2b867c6-f9ce-5e50-ad11-39af8a904f74	INFO	Processing message dab3b8fd-deb9-4f24-b6f4-5192d4fc906f

2024-03-11T21:01:18.502Z 2024-03-11T21:01:18.502Z	a2b867c6-f9ce-5e50-ad11-39af8a904f74	INFO	Start syncing the balance {
  transaction: {
    id: '01HRQN3JWP4WN4CQMGA1336XSN',
    type: 'DEBIT',
    source: 'MANUAL_DEDUCTION',
    action: 'DELIVERY_DEDUCTION',
    userId: 'ed3dc329-d66f-4fb7-8e3b-99a0034ff60f',
    paymentBalance: 124,
    updatePaymentBalance: true,
    metadata: '{"walletId":"wallet#ed3dc329-d66f-4fb7-8e3b-99a0034ff60f","deliveryId":"c1ab2e42-e086-49c7-bb71-beacaade3ace","walletSk":"c1ab2e42-e086-49c7-bb71-beacaade3ace"}',
    currency: 'BHD',
    amount: 9.5,
    vat: 0,
    oldBalance: 133.5,
    newBalance: 124
  }
}

2024-03-11T21:01:18.546Z 2024-03-11T21:01:18.546Z	a2b867c6-f9ce-5e50-ad11-39af8a904f74	INFO	SubscriptionBalanceUpdated event published

2024-03-11T21:01:18.607Z 2024-03-11T21:01:18.607Z	a2b867c6-f9ce-5e50-ad11-39af8a904f74	INFO	Processing message d8718e8b-9667-4a5b-a47b-09793af38ee6

2024-03-11T21:01:18.613Z 2024-03-11T21:01:18.613Z	a2b867c6-f9ce-5e50-ad11-39af8a904f74	INFO	Start syncing the balance {
  transaction: {
    id: '01HRQN3K5DJ6RD8FDZ8N1DN1GH',
    type: 'DEBIT',
    source: 'MANUAL_DEDUCTION',
    action: 'DELIVERY_DEDUCTION',
    userId: 'ddbc5455-86aa-4bdc-b4ae-ea5181bc0e4c',
    paymentBalance: 3774,
    updatePaymentBalance: true,
    metadata: '{"walletId":"wallet#ddbc5455-86aa-4bdc-b4ae-ea5181bc0e4c","deliveryId":"17e8806b-e3d5-4560-98cc-cb33035ffcca","walletSk":"17e8806b-e3d5-4560-98cc-cb33035ffcca"}',
    currency: 'SAR',
    amount: 76.5,
    vat: 0,
    oldBalance: 3850.5,
    newBalance: 3774
  }
}

2024-03-11T21:01:18.657Z 2024-03-11T21:01:18.657Z	a2b867c6-f9ce-5e50-ad11-39af8a904f74	INFO	SubscriptionBalanceUpdated event published

2024-03-11T21:01:18.670Z 2024-03-11T21:01:18.670Z	a2b867c6-f9ce-5e50-ad11-39af8a904f74	INFO	Processing message 5887763e-5d0c-4ff4-9456-1b9eb1e67b49

2024-03-11T21:01:18.678Z 2024-03-11T21:01:18.678Z	a2b867c6-f9ce-5e50-ad11-39af8a904f74	INFO	Start syncing the balance {
  transaction: {
    id: '01HRQN3KARM0BEE315RXC10RPD',
    type: 'DEBIT',
    source: 'MANUAL_DEDUCTION',
    action: 'DELIVERY_DEDUCTION',
    userId: 'f899dcef-1bc0-479f-833d-82c3351e403b',
    paymentBalance: 1435.6,
    updatePaymentBalance: true,
    metadata: '{"walletId":"wallet#f899dcef-1bc0-479f-833d-82c3351e403b","deliveryId":"e84dd460-bacb-4f7d-9eed-cf6fe7d815da","walletSk":"e84dd460-bacb-4f7d-9eed-cf6fe7d815da"}',
    currency: 'SAR',
    amount: 37.8,
    vat: 0,
    oldBalance: 1473.4,
    newBalance: 1435.6
  }
}

2024-03-11T21:01:18.724Z 2024-03-11T21:01:18.724Z	a2b867c6-f9ce-5e50-ad11-39af8a904f74	INFO	SubscriptionBalanceUpdated event published

2024-03-11T21:01:18.737Z 2024-03-11T21:01:18.737Z	a2b867c6-f9ce-5e50-ad11-39af8a904f74	INFO	Processing message f3568c0c-4382-4682-a922-b916a6f354de

2024-03-11T21:01:18.743Z 2024-03-11T21:01:18.743Z	a2b867c6-f9ce-5e50-ad11-39af8a904f74	INFO	Start syncing the balance {
  transaction: {
    id: '01HRQN3K4QHV37ERZZV7DB913Z',
    type: 'DEBIT',
    source: 'MANUAL_DEDUCTION',
    action: 'DELIVERY_DEDUCTION',
    userId: '78fc4995-9960-449a-b6aa-80f47ff25403',
    paymentBalance: 90,
    updatePaymentBalance: true,
    metadata: '{"walletId":"wallet#78fc4995-9960-449a-b6aa-80f47ff25403","deliveryId":"57fad6a8-1de2-499d-ac0d-d987da8b4183","walletSk":"57fad6a8-1de2-499d-ac0d-d987da8b4183"}',
    currency: 'BHD',
    amount: 9,
    vat: 0,
    oldBalance: 99,
    newBalance: 90
  }
}

2024-03-11T21:01:18.786Z 2024-03-11T21:01:18.786Z	a2b867c6-f9ce-5e50-ad11-39af8a904f74	INFO	SubscriptionBalanceUpdated event published

2024-03-11T21:01:18.805Z 2024-03-11T21:01:18.805Z	a2b867c6-f9ce-5e50-ad11-39af8a904f74	INFO	Processing message 9506997f-1335-468f-8280-7f0746a225a5

2024-03-11T21:01:18.810Z 2024-03-11T21:01:18.810Z	a2b867c6-f9ce-5e50-ad11-39af8a904f74	INFO	Start syncing the balance {
  transaction: {
    id: '01HRQN3K7FQPSAFNYV504RSXY4',
    type: 'DEBIT',
    source: 'MANUAL_DEDUCTION',
    action: 'DELIVERY_DEDUCTION',
    userId: '72b8eeff-c0f0-4665-bbbe-a1b1a6730a51',
    paymentBalance: 1587.7,
    updatePaymentBalance: true,
    metadata: '{"walletId":"wallet#72b8eeff-c0f0-4665-bbbe-a1b1a6730a51","deliveryId":"f6a45b72-5a34-4066-a19b-b79923a6b393","walletSk":"f6a45b72-5a34-4066-a19b-b79923a6b393"}',
    currency: 'AED',
    amount: 107,
    vat: 0,
    oldBalance: 1951.5,
    newBalance: 1844.5
  }
}

2024-03-11T21:01:18.852Z 2024-03-11T21:01:18.852Z	a2b867c6-f9ce-5e50-ad11-39af8a904f74	INFO	SubscriptionBalanceUpdated event published

2024-03-11T21:01:18.868Z 2024-03-11T21:01:18.868Z	a2b867c6-f9ce-5e50-ad11-39af8a904f74	ERROR	Subscription balance and payment balance are not in sync {
  userId: '72b8eeff-c0f0-4665-bbbe-a1b1a6730a51',
  subscriptionBalance: 1844.5,
  paymentBalance: 1587.7
}

2024-03-11T21:01:18.883Z 2024-03-11T21:01:18.883Z	a2b867c6-f9ce-5e50-ad11-39af8a904f74	INFO	Processing message 06902946-aa89-424e-a3a9-b37a0d0d868e

2024-03-11T21:01:18.888Z 2024-03-11T21:01:18.888Z	a2b867c6-f9ce-5e50-ad11-39af8a904f74	INFO	Start syncing the balance {
  transaction: {
    id: '01HRQN3KAKDGJEFNPY11KPS516',
    type: 'DEBIT',
    source: 'MANUAL_DEDUCTION',
    action: 'DELIVERY_DEDUCTION',
    userId: '2b07bc91-66bc-497f-8e10-c073264b7329',
    paymentBalance: 3774,
    updatePaymentBalance: true,
    metadata: '{"walletId":"wallet#2b07bc91-66bc-497f-8e10-c073264b7329","deliveryId":"c323ffcd-b2c8-42cc-b84a-3e5d05c3c9bd","walletSk":"c323ffcd-b2c8-42cc-b84a-3e5d05c3c9bd"}',
    currency: 'SAR',
    amount: 76.5,
    vat: 0,
    oldBalance: 3850.5,
    newBalance: 3774
  }
}

2024-03-11T21:01:18.934Z 2024-03-11T21:01:18.934Z	a2b867c6-f9ce-5e50-ad11-39af8a904f74	INFO	SubscriptionBalanceUpdated event published

2024-03-11T21:01:18.949Z 2024-03-11T21:01:18.949Z	a2b867c6-f9ce-5e50-ad11-39af8a904f74	INFO	Processing message 8eab72ea-af33-4d41-9d72-85818b39b361

2024-03-11T21:01:18.954Z 2024-03-11T21:01:18.954Z	a2b867c6-f9ce-5e50-ad11-39af8a904f74	INFO	Start syncing the balance {
  transaction: {
    id: '01HRQN3KDJF75PERNDXWYSV3SQ',
    type: 'DEBIT',
    source: 'MANUAL_DEDUCTION',
    action: 'DELIVERY_DEDUCTION',
    userId: '4ebacdb2-8ba4-43e6-8d49-838bca5247be',
    paymentBalance: 992,
    updatePaymentBalance: true,
    metadata: '{"walletId":"wallet#4ebacdb2-8ba4-43e6-8d49-838bca5247be","deliveryId":"aa5dff3f-46bc-4bb1-884b-ea3840e7cc32","walletSk":"aa5dff3f-46bc-4bb1-884b-ea3840e7cc32"}',
    currency: 'BHD',
    amount: 8,
    vat: 0,
    oldBalance: 1000,
    newBalance: 992
  }
}

2024-03-11T21:01:19.000Z 2024-03-11T21:01:19.000Z	a2b867c6-f9ce-5e50-ad11-39af8a904f74	INFO	SubscriptionBalanceUpdated event published

2024-03-11T21:01:19.014Z 2024-03-11T21:01:19.014Z	a2b867c6-f9ce-5e50-ad11-39af8a904f74	INFO	Processing message d32d53a9-7b15-4021-9b94-bb06b9cbaee3

2024-03-11T21:01:19.020Z 2024-03-11T21:01:19.020Z	a2b867c6-f9ce-5e50-ad11-39af8a904f74	INFO	Start syncing the balance {
  transaction: {
    id: '01HRQN3KF5AM5HKR498BDGJ96M',
    type: 'DEBIT',
    source: 'MANUAL_DEDUCTION',
    action: 'DELIVERY_DEDUCTION',
    userId: '302d4559-9277-4a80-9027-56146f681bfc',
    paymentBalance: 3,
    updatePaymentBalance: true,
    metadata: '{"walletId":"wallet#302d4559-9277-4a80-9027-56146f681bfc","deliveryId":"0596b7cf-bd53-4408-8f8c-c469867d0c84","walletSk":"0596b7cf-bd53-4408-8f8c-c469867d0c84"}',
    currency: 'BHD',
    amount: 21,
    vat: 0,
    oldBalance: 24,
    newBalance: 3
  }
}

2024-03-11T21:01:19.067Z 2024-03-11T21:01:19.067Z	a2b867c6-f9ce-5e50-ad11-39af8a904f74	INFO	SubscriptionBalanceUpdated event published

2024-03-11T21:01:19.084Z END RequestId: a2b867c6-f9ce-5e50-ad11-39af8a904f74

2024-03-11T21:01:19.084Z REPORT RequestId: a2b867c6-f9ce-5e50-ad11-39af8a904f74	Duration: 917.62 ms	Billed Duration: 918 ms	Memory Size: 1024 MB	Max Memory Used: 129 MB	
XRAY TraceId: 1-65ef711e-77ac95c1973c0a0bf438617a	SegmentId: 713ee1907a005740	Sampled: true	

2024-03-11T21:01:23.839Z START RequestId: 0df09375-29c0-5a8a-bdcc-cd1c5a9d9467 Version: $LATEST

2024-03-11T21:01:23.870Z 2024-03-11T21:01:23.870Z	0df09375-29c0-5a8a-bdcc-cd1c5a9d9467	INFO	Processing message 2bdb2fdf-4c15-4e2d-8c27-f245c5b422b3

2024-03-11T21:01:23.875Z 2024-03-11T21:01:23.875Z	0df09375-29c0-5a8a-bdcc-cd1c5a9d9467	INFO	Start syncing the balance {
  transaction: {
    id: '01HRQN3JH4XNZZGW77PDJDZR9G',
    type: 'DEBIT',
    source: 'MANUAL_DEDUCTION',
    action: 'DELIVERY_DEDUCTION',
    userId: '7adfc49c-ce37-4072-b9a9-6e987d983441',
    paymentBalance: 152,
    updatePaymentBalance: true,
    metadata: '{"walletId":"wallet#7adfc49c-ce37-4072-b9a9-6e987d983441","deliveryId":"253b636d-b641-432e-a731-6f07d77de01a","walletSk":"253b636d-b641-432e-a731-6f07d77de01a"}',
    currency: 'BHD',
    amount: 8,
    vat: 0,
    oldBalance: 160,
    newBalance: 152
  }
}

2024-03-11T21:01:23.924Z 2024-03-11T21:01:23.924Z	0df09375-29c0-5a8a-bdcc-cd1c5a9d9467	INFO	SubscriptionBalanceUpdated event published

2024-03-11T21:01:23.940Z 2024-03-11T21:01:23.940Z	0df09375-29c0-5a8a-bdcc-cd1c5a9d9467	INFO	Processing message 1f88354b-b725-4f49-96fd-283ad1f21684

2024-03-11T21:01:23.955Z 2024-03-11T21:01:23.955Z	0df09375-29c0-5a8a-bdcc-cd1c5a9d9467	INFO	Start syncing the balance {
  transaction: {
    id: '01HRQN3JKTA5M6GEF7VT64EPM9',
    type: 'DEBIT',
    source: 'MANUAL_DEDUCTION',
    action: 'DELIVERY_DEDUCTION',
    userId: '2c77a724-b701-4868-b804-c96855a3e9d8',
    paymentBalance: 1359.3,
    updatePaymentBalance: true,
    metadata: '{"walletId":"wallet#2c77a724-b701-4868-b804-c96855a3e9d8","deliveryId":"a5be2cc1-5d4a-4b20-a87f-e78ac6c6e743","walletSk":"a5be2cc1-5d4a-4b20-a87f-e78ac6c6e743"}',
    currency: 'BHD',
    amount: 8,
    vat: 0,
    oldBalance: 1367.3,
    newBalance: 1359.3
  }
}

2024-03-11T21:01:23.998Z 2024-03-11T21:01:23.998Z	0df09375-29c0-5a8a-bdcc-cd1c5a9d9467	INFO	SubscriptionBalanceUpdated event published

2024-03-11T21:01:24.011Z 2024-03-11T21:01:24.011Z	0df09375-29c0-5a8a-bdcc-cd1c5a9d9467	INFO	Processing message 0a5dea53-3e9f-42c6-8b2d-618e1d072376

2024-03-11T21:01:24.017Z 2024-03-11T21:01:24.017Z	0df09375-29c0-5a8a-bdcc-cd1c5a9d9467	INFO	Start syncing the balance {
  transaction: {
    id: '01HRQN3JMA6J1X18ZA4PTGSRFR',
    type: 'DEBIT',
    source: 'MANUAL_DEDUCTION',
    action: 'DELIVERY_DEDUCTION',
    userId: 'ebca158e-dd63-46a2-8d05-c3d7edfb2f94',
    paymentBalance: 144,
    updatePaymentBalance: true,
    metadata: '{"walletId":"wallet#ebca158e-dd63-46a2-8d05-c3d7edfb2f94","deliveryId":"2b04403e-70cf-4646-9010-42464da5d140","walletSk":"2b04403e-70cf-4646-9010-42464da5d140"}',
    currency: 'BHD',
    amount: 8,
    vat: 0,
    oldBalance: 152,
    newBalance: 144
  }
}

2024-03-11T21:01:24.062Z 2024-03-11T21:01:24.062Z	0df09375-29c0-5a8a-bdcc-cd1c5a9d9467	INFO	SubscriptionBalanceUpdated event published

2024-03-11T21:01:24.074Z 2024-03-11T21:01:24.074Z	0df09375-29c0-5a8a-bdcc-cd1c5a9d9467	INFO	Processing message fd4e25b1-a086-45a4-b6cc-57b336724253

2024-03-11T21:01:24.082Z 2024-03-11T21:01:24.082Z	0df09375-29c0-5a8a-bdcc-cd1c5a9d9467	INFO	Start syncing the balance {
  transaction: {
    id: '01HRQN3JQ1MKB7TKZPEYREXEAT',
    type: 'DEBIT',
    source: 'MANUAL_DEDUCTION',
    action: 'DELIVERY_DEDUCTION',
    userId: '0a6f92ca-d7a2-4381-90f8-63079880b3bc',
    paymentBalance: 103,
    updatePaymentBalance: true,
    metadata: '{"walletId":"wallet#0a6f92ca-d7a2-4381-90f8-63079880b3bc","deliveryId":"bbbfdcbb-ba81-4bdb-bb63-3db3cba44a03","walletSk":"bbbfdcbb-ba81-4bdb-bb63-3db3cba44a03"}',
    currency: 'BHD',
    amount: 9,
    vat: 0,
    oldBalance: 112,
    newBalance: 103
  }
}

2024-03-11T21:01:24.123Z 2024-03-11T21:01:24.123Z	0df09375-29c0-5a8a-bdcc-cd1c5a9d9467	INFO	SubscriptionBalanceUpdated event published

2024-03-11T21:01:24.135Z 2024-03-11T21:01:24.135Z	0df09375-29c0-5a8a-bdcc-cd1c5a9d9467	INFO	Processing message b7e0f92a-933a-47dc-b122-b33759e3d6fa

2024-03-11T21:01:24.142Z 2024-03-11T21:01:24.142Z	0df09375-29c0-5a8a-bdcc-cd1c5a9d9467	INFO	Start syncing the balance {
  transaction: {
    id: '01HRQN3JPZWM4XPHHD1B5XT3V8',
    type: 'DEBIT',
    source: 'MANUAL_DEDUCTION',
    action: 'DELIVERY_DEDUCTION',
    userId: '5932ea94-ff0d-4254-909f-406cde949da5',
    paymentBalance: 3262.5,
    updatePaymentBalance: true,
    metadata: '{"walletId":"wallet#5932ea94-ff0d-4254-909f-406cde949da5","deliveryId":"0342d2dc-1c9d-4cc1-911e-8d758ef43719","walletSk":"0342d2dc-1c9d-4cc1-911e-8d758ef43719"}',
    currency: 'SAR',
    amount: 76.5,
    vat: 0,
    oldBalance: 3339,
    newBalance: 3262.5
  }
}

2024-03-11T21:01:24.194Z 2024-03-11T21:01:24.194Z	0df09375-29c0-5a8a-bdcc-cd1c5a9d9467	INFO	SubscriptionBalanceUpdated event published

2024-03-11T21:01:24.208Z 2024-03-11T21:01:24.208Z	0df09375-29c0-5a8a-bdcc-cd1c5a9d9467	INFO	Processing message 17276608-9660-42a3-a4b5-d28480c2438b

2024-03-11T21:01:24.213Z 2024-03-11T21:01:24.213Z	0df09375-29c0-5a8a-bdcc-cd1c5a9d9467	INFO	Start syncing the balance {
  transaction: {
    id: '01HRQN3JSSA4BB70XQKB1PP4WJ',
    type: 'DEBIT',
    source: 'MANUAL_DEDUCTION',
    action: 'DELIVERY_DEDUCTION',
    userId: 'bdeb9790-f688-4ef0-833e-318c74864348',
    paymentBalance: 96,
    updatePaymentBalance: true,
    metadata: '{"walletId":"wallet#bdeb9790-f688-4ef0-833e-318c74864348","deliveryId":"03ff2c4a-d636-4738-86a3-4599a2b634a2","walletSk":"03ff2c4a-d636-4738-86a3-4599a2b634a2"}',
    currency: 'BHD',
    amount: 8,
    vat: 0,
    oldBalance: 104,
    newBalance: 96
  }
}

2024-03-11T21:01:24.257Z 2024-03-11T21:01:24.257Z	0df09375-29c0-5a8a-bdcc-cd1c5a9d9467	INFO	SubscriptionBalanceUpdated event published

2024-03-11T21:01:24.271Z 2024-03-11T21:01:24.271Z	0df09375-29c0-5a8a-bdcc-cd1c5a9d9467	INFO	Processing message 2b40db91-de34-42fd-bdae-baafb6d2716e

2024-03-11T21:01:24.277Z 2024-03-11T21:01:24.277Z	0df09375-29c0-5a8a-bdcc-cd1c5a9d9467	INFO	Start syncing the balance {
  transaction: {
    id: '01HRQN3JSWYA0CMAVX7T44ZWYY',
    type: 'DEBIT',
    source: 'MANUAL_DEDUCTION',
    action: 'DELIVERY_DEDUCTION',
    userId: 'e6a22e0b-2fbf-4260-94f5-f86393927ddd',
    paymentBalance: 72,
    updatePaymentBalance: true,
    metadata: '{"walletId":"wallet#e6a22e0b-2fbf-4260-94f5-f86393927ddd","deliveryId":"bd5ae017-5160-4743-923a-394b1fb6dd96","walletSk":"bd5ae017-5160-4743-923a-394b1fb6dd96"}',
    currency: 'BHD',
    amount: 9,
    vat: 0,
    oldBalance: 81,
    newBalance: 72
  }
}

2024-03-11T21:01:24.321Z 2024-03-11T21:01:24.321Z	0df09375-29c0-5a8a-bdcc-cd1c5a9d9467	INFO	SubscriptionBalanceUpdated event published

2024-03-11T21:01:24.335Z 2024-03-11T21:01:24.335Z	0df09375-29c0-5a8a-bdcc-cd1c5a9d9467	INFO	Processing message 72320cf2-daf8-465c-925c-d7cc1945c539

2024-03-11T21:01:24.342Z 2024-03-11T21:01:24.342Z	0df09375-29c0-5a8a-bdcc-cd1c5a9d9467	INFO	Start syncing the balance {
  transaction: {
    id: '01HRQN3JWNBD84GRP0VH13D99G',
    type: 'DEBIT',
    source: 'MANUAL_DEDUCTION',
    action: 'DELIVERY_DEDUCTION',
    userId: '954efdec-5815-4925-b0f6-041d83c02b01',
    paymentBalance: 1043.5,
    updatePaymentBalance: true,
    metadata: '{"walletId":"wallet#954efdec-5815-4925-b0f6-041d83c02b01","deliveryId":"b216874a-4d0b-4d14-bb2f-a9095615ab12","walletSk":"b216874a-4d0b-4d14-bb2f-a9095615ab12"}',
    currency: 'BHD',
    amount: 8,
    vat: 0,
    oldBalance: 1051.5,
    newBalance: 1043.5
  }
}

2024-03-11T21:01:24.398Z 2024-03-11T21:01:24.398Z	0df09375-29c0-5a8a-bdcc-cd1c5a9d9467	INFO	SubscriptionBalanceUpdated event published

2024-03-11T21:01:24.411Z 2024-03-11T21:01:24.411Z	0df09375-29c0-5a8a-bdcc-cd1c5a9d9467	INFO	Processing message 72c5c251-9e45-4cdf-b5aa-39804569b7e9

2024-03-11T21:01:24.417Z 2024-03-11T21:01:24.417Z	0df09375-29c0-5a8a-bdcc-cd1c5a9d9467	INFO	Start syncing the balance {
  transaction: {
    id: '01HRQN3K2E3E9N9B3HTF373ZEG',
    type: 'DEBIT',
    source: 'MANUAL_DEDUCTION',
    action: 'DELIVERY_DEDUCTION',
    userId: '7deee50d-fb63-4eba-80b2-ec541011b67e',
    paymentBalance: 32,
    updatePaymentBalance: true,
    metadata: '{"walletId":"wallet#7deee50d-fb63-4eba-80b2-ec541011b67e","deliveryId":"da48a1fa-c593-490f-bcc3-60e97e8c719c","walletSk":"da48a1fa-c593-490f-bcc3-60e97e8c719c"}',
    currency: 'BHD',
    amount: 8,
    vat: 0,
    oldBalance: 40,
    newBalance: 32
  }
}

2024-03-11T21:01:24.461Z 2024-03-11T21:01:24.461Z	0df09375-29c0-5a8a-bdcc-cd1c5a9d9467	INFO	SubscriptionBalanceUpdated event published

2024-03-11T21:01:24.475Z 2024-03-11T21:01:24.475Z	0df09375-29c0-5a8a-bdcc-cd1c5a9d9467	INFO	Processing message 7705ba33-46ba-47e7-84ac-d13599c37c41

2024-03-11T21:01:24.482Z 2024-03-11T21:01:24.482Z	0df09375-29c0-5a8a-bdcc-cd1c5a9d9467	INFO	Start syncing the balance {
  transaction: {
    id: '01HRQN3JZBHQK76ZZFKWTA73VY',
    type: 'DEBIT',
    source: 'MANUAL_DEDUCTION',
    action: 'DELIVERY_DEDUCTION',
    userId: 'cfee18c3-4c5c-43d6-8333-459ced998886',
    paymentBalance: 900,
    updatePaymentBalance: true,
    metadata: '{"walletId":"wallet#cfee18c3-4c5c-43d6-8333-459ced998886","deliveryId":"7f25eeb8-6cfc-45d1-8841-73b222dfb9fd","walletSk":"7f25eeb8-6cfc-45d1-8841-73b222dfb9fd"}',
    currency: 'SAR',
    amount: 100,
    vat: 0,
    oldBalance: 1000,
    newBalance: 900
  }
}

2024-03-11T21:01:24.523Z 2024-03-11T21:01:24.523Z	0df09375-29c0-5a8a-bdcc-cd1c5a9d9467	INFO	SubscriptionBalanceUpdated event published

2024-03-11T21:01:24.539Z END RequestId: 0df09375-29c0-5a8a-bdcc-cd1c5a9d9467

2024-03-11T21:01:24.539Z REPORT RequestId: 0df09375-29c0-5a8a-bdcc-cd1c5a9d9467	Duration: 699.61 ms	Billed Duration: 700 ms	Memory Size: 1024 MB	Max Memory Used: 131 MB	

2024-03-11T21:01:38.397Z START RequestId: 0d86d520-e56b-5fdb-9deb-8b499635feff Version: $LATEST

2024-03-11T21:01:38.499Z 2024-03-11T21:01:38.499Z	0d86d520-e56b-5fdb-9deb-8b499635feff	INFO	Processing message 52786602-2b23-4f14-a25f-25417ab99c67

2024-03-11T21:01:38.510Z 2024-03-11T21:01:38.510Z	0d86d520-e56b-5fdb-9deb-8b499635feff	INFO	Start syncing the balance {
  transaction: {
    id: '01HRQN3KG64XNCAR060MAW3CQA',
    type: 'DEBIT',
    source: 'MANUAL_DEDUCTION',
    action: 'DELIVERY_DEDUCTION',
    userId: '7ca066ee-df49-42d5-b522-54f8abe08388',
    paymentBalance: 287.75,
    updatePaymentBalance: true,
    metadata: '{"walletId":"wallet#7ca066ee-df49-42d5-b522-54f8abe08388","deliveryId":"b361f91d-f052-4aaf-b740-5237fdf90fe4","walletSk":"b361f91d-f052-4aaf-b740-5237fdf90fe4"}',
    currency: 'BHD',
    amount: 7,
    vat: 0,
    oldBalance: 13.5,
    newBalance: 6.5
  }
}

2024-03-11T21:01:38.592Z 2024-03-11T21:01:38.592Z	0d86d520-e56b-5fdb-9deb-8b499635feff	INFO	SubscriptionBalanceUpdated event published

2024-03-11T21:01:38.629Z 2024-03-11T21:01:38.629Z	0d86d520-e56b-5fdb-9deb-8b499635feff	ERROR	Subscription balance and payment balance are not in sync {
  userId: '7ca066ee-df49-42d5-b522-54f8abe08388',
  subscriptionBalance: 6.5,
  paymentBalance: 287.75
}

2024-03-11T21:01:38.651Z END RequestId: 0d86d520-e56b-5fdb-9deb-8b499635feff

2024-03-11T21:01:38.651Z REPORT RequestId: 0d86d520-e56b-5fdb-9deb-8b499635feff	Duration: 253.74 ms	Billed Duration: 254 ms	Memory Size: 1024 MB	Max Memory Used: 132 MB	

2024-03-11T21:09:28.828Z START RequestId: 5b5995d3-9d40-5b7b-b90e-cbbae87f0547 Version: $LATEST

2024-03-11T21:09:28.979Z 2024-03-11T21:09:28.979Z	5b5995d3-9d40-5b7b-b90e-cbbae87f0547	INFO	Processing message 1a125d94-0554-46bf-a670-29ff55fd6440

2024-03-11T21:09:29.007Z 2024-03-11T21:09:29.007Z	5b5995d3-9d40-5b7b-b90e-cbbae87f0547	INFO	Start syncing the balance {
  transaction: {
    id: '01HRQNJP5Z27J7JQ7HD02PQ7P8',
    type: 'DEBIT',
    source: 'MANUAL_DEDUCTION',
    action: 'DELIVERY_DEDUCTION',
    userId: '2c1fafd7-42d4-48ac-a761-4b5493eec785',
    paymentBalance: 574.5,
    updatePaymentBalance: true,
    metadata: '{"walletId":"wallet#2c1fafd7-42d4-48ac-a761-4b5493eec785","deliveryId":"ba48a73f-50cc-4565-ac90-bad8b73bd55d","walletSk":"ba48a73f-50cc-4565-ac90-bad8b73bd55d"}',
    currency: 'BHD',
    amount: 11,
    vat: 0,
    oldBalance: 285.5,
    newBalance: 274.5
  }
}

2024-03-11T21:09:29.069Z 2024-03-11T21:09:29.069Z	5b5995d3-9d40-5b7b-b90e-cbbae87f0547	INFO	SubscriptionBalanceUpdated event published

2024-03-11T21:09:29.106Z 2024-03-11T21:09:29.106Z	5b5995d3-9d40-5b7b-b90e-cbbae87f0547	ERROR	Subscription balance and payment balance are not in sync {
  userId: '2c1fafd7-42d4-48ac-a761-4b5493eec785',
  subscriptionBalance: 274.5,
  paymentBalance: 574.5
}

2024-03-11T21:09:29.127Z END RequestId: 5b5995d3-9d40-5b7b-b90e-cbbae87f0547

2024-03-11T21:09:29.127Z REPORT RequestId: 5b5995d3-9d40-5b7b-b90e-cbbae87f0547	Duration: 298.30 ms	Billed Duration: 299 ms	Memory Size: 1024 MB	Max Memory Used: 132 MB	
XRAY TraceId: 1-65ef7308-236172f79b2e3f7a10c8fbdf	SegmentId: 6eeffe0d6d4458eb	Sampled: true	

2024-03-11T21:09:30.151Z START RequestId: 926df835-78f9-506a-8d34-a65c0dbec690 Version: $LATEST

2024-03-11T21:09:30.179Z 2024-03-11T21:09:30.179Z	926df835-78f9-506a-8d34-a65c0dbec690	INFO	Processing message 49b3d0bd-cd16-4e2d-bec2-2a675373250f

2024-03-11T21:09:30.201Z 2024-03-11T21:09:30.201Z	926df835-78f9-506a-8d34-a65c0dbec690	INFO	Start syncing the balance {
  transaction: {
    id: '01HRQNJQDW1TZPDNV494AG3R2V',
    type: 'DEBIT',
    source: 'MANUAL_DEDUCTION',
    action: 'DELIVERY_DEDUCTION',
    userId: 'e43c3e20-d78b-4fdc-b46a-9d72e46f393a',
    paymentBalance: 1816.2,
    updatePaymentBalance: true,
    metadata: '{"walletId":"wallet#e43c3e20-d78b-4fdc-b46a-9d72e46f393a","deliveryId":"02806846-4dc4-41c9-ac50-378a81eebf53","walletSk":"02806846-4dc4-41c9-ac50-378a81eebf53"}',
    currency: 'BHD',
    amount: 4,
    vat: 0,
    oldBalance: 1820.2,
    newBalance: 1816.2
  }
}

2024-03-11T21:09:30.260Z 2024-03-11T21:09:30.260Z	926df835-78f9-506a-8d34-a65c0dbec690	INFO	SubscriptionBalanceUpdated event published

2024-03-11T21:09:30.279Z END RequestId: 926df835-78f9-506a-8d34-a65c0dbec690

2024-03-11T21:09:30.279Z REPORT RequestId: 926df835-78f9-506a-8d34-a65c0dbec690	Duration: 128.52 ms	Billed Duration: 129 ms	Memory Size: 1024 MB	Max Memory Used: 132 MB	

2024-03-11T21:09:30.452Z START RequestId: 5c299da4-9e92-5f87-a431-c3cdebd8997d Version: $LATEST

2024-03-11T21:09:30.479Z 2024-03-11T21:09:30.479Z	5c299da4-9e92-5f87-a431-c3cdebd8997d	INFO	Processing message 95fa6275-8553-473f-ba6e-195de52f9c82

2024-03-11T21:09:30.486Z 2024-03-11T21:09:30.486Z	5c299da4-9e92-5f87-a431-c3cdebd8997d	INFO	Start syncing the balance {
  transaction: {
    id: '01HRQNJQMK2EMMDZ8XS2WCZRMF',
    type: 'DEBIT',
    source: 'MANUAL_DEDUCTION',
    action: 'DELIVERY_DEDUCTION',
    userId: '50fbe95b-009d-4396-ab46-cf6170a827ce',
    paymentBalance: 16,
    updatePaymentBalance: true,
    metadata: '{"walletId":"wallet#50fbe95b-009d-4396-ab46-cf6170a827ce","deliveryId":"42397ddb-4a5f-4b9f-b752-f23233ca94d8","walletSk":"42397ddb-4a5f-4b9f-b752-f23233ca94d8"}',
    currency: 'BHD',
    amount: 8,
    vat: 0,
    oldBalance: 24,
    newBalance: 16
  }
}

2024-03-11T21:09:30.529Z 2024-03-11T21:09:30.529Z	5c299da4-9e92-5f87-a431-c3cdebd8997d	INFO	SubscriptionBalanceUpdated event published

2024-03-11T21:09:30.542Z END RequestId: 5c299da4-9e92-5f87-a431-c3cdebd8997d

2024-03-11T21:09:30.542Z REPORT RequestId: 5c299da4-9e92-5f87-a431-c3cdebd8997d	Duration: 89.59 ms	Billed Duration: 90 ms	Memory Size: 1024 MB	Max Memory Used: 132 MB	

2024-03-11T21:09:30.580Z START RequestId: debd4cce-45ba-5646-bb6a-12a730f0b2f6 Version: $LATEST

2024-03-11T21:09:30.606Z 2024-03-11T21:09:30.606Z	debd4cce-45ba-5646-bb6a-12a730f0b2f6	INFO	Processing message 0713718b-f23f-4791-b928-316ae2d3c8dc

2024-03-11T21:09:30.612Z 2024-03-11T21:09:30.612Z	debd4cce-45ba-5646-bb6a-12a730f0b2f6	INFO	Start syncing the balance {
  transaction: {
    id: '01HRQNJQS9P5QAYJWMDXN0W3TM',
    type: 'DEBIT',
    source: 'MANUAL_DEDUCTION',
    action: 'DELIVERY_DEDUCTION',
    userId: '5c9d2bac-80ca-4a81-98ab-d307addd3468',
    paymentBalance: 152,
    updatePaymentBalance: true,
    metadata: '{"walletId":"wallet#5c9d2bac-80ca-4a81-98ab-d307addd3468","deliveryId":"37a0d919-4b5c-42b9-a786-c82fc5233ab6","walletSk":"37a0d919-4b5c-42b9-a786-c82fc5233ab6"}',
    currency: 'BHD',
    amount: 8,
    vat: 0,
    oldBalance: 160,
    newBalance: 152
  }
}

2024-03-11T21:09:30.656Z 2024-03-11T21:09:30.656Z	debd4cce-45ba-5646-bb6a-12a730f0b2f6	INFO	SubscriptionBalanceUpdated event published

2024-03-11T21:09:30.670Z 2024-03-11T21:09:30.670Z	debd4cce-45ba-5646-bb6a-12a730f0b2f6	INFO	Processing message e5de47a9-ec6c-4c63-ab10-883abe3d322e

2024-03-11T21:09:30.676Z 2024-03-11T21:09:30.676Z	debd4cce-45ba-5646-bb6a-12a730f0b2f6	INFO	Start syncing the balance {
  transaction: {
    id: '01HRQNJQYE7X0N20Q0TM4MWDEH',
    type: 'DEBIT',
    source: 'MANUAL_DEDUCTION',
    action: 'DELIVERY_DEDUCTION',
    userId: '31b1dd38-a529-4bf1-b5ab-79347415a917',
    paymentBalance: 128,
    updatePaymentBalance: true,
    metadata: '{"walletId":"wallet#31b1dd38-a529-4bf1-b5ab-79347415a917","deliveryId":"bed48c68-6e03-4a30-a93a-5be1b3fd709e","walletSk":"bed48c68-6e03-4a30-a93a-5be1b3fd709e"}',
    currency: 'BHD',
    amount: 8,
    vat: 0,
    oldBalance: 136,
    newBalance: 128
  }
}

2024-03-11T21:09:30.721Z 2024-03-11T21:09:30.721Z	debd4cce-45ba-5646-bb6a-12a730f0b2f6	INFO	SubscriptionBalanceUpdated event published

2024-03-11T21:09:30.736Z END RequestId: debd4cce-45ba-5646-bb6a-12a730f0b2f6

2024-03-11T21:09:30.736Z REPORT RequestId: debd4cce-45ba-5646-bb6a-12a730f0b2f6	Duration: 156.53 ms	Billed Duration: 157 ms	Memory Size: 1024 MB	Max Memory Used: 132 MB	

2024-03-11T21:09:31.458Z START RequestId: 79e91be9-7555-5dbc-82b3-4580001f990c Version: $LATEST

2024-03-11T21:09:31.487Z 2024-03-11T21:09:31.487Z	79e91be9-7555-5dbc-82b3-4580001f990c	INFO	Processing message a5315e5b-0d4b-4176-98b9-b91cdfdbd561

2024-03-11T21:09:31.493Z 2024-03-11T21:09:31.493Z	79e91be9-7555-5dbc-82b3-4580001f990c	INFO	Start syncing the balance {
  transaction: {
    id: '01HRQNJRJ175FEJ8TD2WAH05DY',
    type: 'DEBIT',
    source: 'MANUAL_DEDUCTION',
    action: 'DELIVERY_DEDUCTION',
    userId: '65413bc6-0755-451e-8e53-caf2833ea8b1',
    paymentBalance: 2965.5,
    updatePaymentBalance: true,
    metadata: '{"walletId":"wallet#65413bc6-0755-451e-8e53-caf2833ea8b1","deliveryId":"b72c98ef-1b9d-4aa9-a57d-f621bef8d420","walletSk":"b72c98ef-1b9d-4aa9-a57d-f621bef8d420"}',
    currency: 'SAR',
    amount: 76.5,
    vat: 0,
    oldBalance: 3042,
    newBalance: 2965.5
  }
}

2024-03-11T21:09:31.541Z 2024-03-11T21:09:31.541Z	79e91be9-7555-5dbc-82b3-4580001f990c	INFO	SubscriptionBalanceUpdated event published

2024-03-11T21:09:31.555Z END RequestId: 79e91be9-7555-5dbc-82b3-4580001f990c

2024-03-11T21:09:31.555Z REPORT RequestId: 79e91be9-7555-5dbc-82b3-4580001f990c	Duration: 97.66 ms	Billed Duration: 98 ms	Memory Size: 1024 MB	Max Memory Used: 132 MB	

