2024-01-02T21:01:11.159Z START RequestId: 469fc0be-545f-5e3f-ac30-9eb02f8850b7 Version: $LATEST

2024-01-02T21:01:11.181Z 2024-01-02T21:01:11.181Z	469fc0be-545f-5e3f-ac30-9eb02f8850b7	INFO	Processing message 4d62ac5f-62f5-4acc-9956-5f014bdd95b8

2024-01-02T21:01:11.187Z 2024-01-02T21:01:11.187Z	469fc0be-545f-5e3f-ac30-9eb02f8850b7	INFO	Start syncing the balance {
  transaction: {
    id: '01HK5ZNVW22NVVSR51REBJX8J9',
    userId: '94e55883-fe72-4243-b801-72206e4cef0a',
    currency: 'SAR',
    amount: 90,
    vat: 0,
    oldBalance: 90,
    newBalance: 0
  }
}

2024-01-02T21:01:11.230Z 2024-01-02T21:01:11.230Z	469fc0be-545f-5e3f-ac30-9eb02f8850b7	INFO	SubscriptionBalanceUpdated event published

2024-01-02T21:01:11.244Z 2024-01-02T21:01:11.244Z	469fc0be-545f-5e3f-ac30-9eb02f8850b7	ERROR	Subscription balance and payment balance are not in sync {
  userId: '94e55883-fe72-4243-b801-72206e4cef0a',
  subscriptionBalance: 90,
  paymentBalance: 1800
}

2024-01-02T21:01:11.259Z 2024-01-02T21:01:11.259Z	469fc0be-545f-5e3f-ac30-9eb02f8850b7	INFO	Processing message 354d9720-d3ba-4dff-b089-dd33da903c44

2024-01-02T21:01:11.265Z 2024-01-02T21:01:11.265Z	469fc0be-545f-5e3f-ac30-9eb02f8850b7	INFO	Start syncing the balance {
  transaction: {
    id: '01HK5ZNVJ63PD5CP5KSSHE6PTQ',
    userId: '789e2517-7115-46a9-a260-717333a06b69',
    currency: 'BHD',
    amount: 9,
    vat: 0,
    oldBalance: 282,
    newBalance: 273
  }
}

2024-01-02T21:01:11.307Z 2024-01-02T21:01:11.307Z	469fc0be-545f-5e3f-ac30-9eb02f8850b7	INFO	SubscriptionBalanceUpdated event published

2024-01-02T21:01:11.321Z 2024-01-02T21:01:11.321Z	469fc0be-545f-5e3f-ac30-9eb02f8850b7	ERROR	Subscription balance and payment balance are not in sync {
  userId: '789e2517-7115-46a9-a260-717333a06b69',
  subscriptionBalance: 282,
  paymentBalance: 264
}

2024-01-02T21:01:11.427Z 2024-01-02T21:01:11.427Z	469fc0be-545f-5e3f-ac30-9eb02f8850b7	INFO	Processing message 7ff9f881-827c-4c82-877d-13507da8cea8

2024-01-02T21:01:11.432Z 2024-01-02T21:01:11.432Z	469fc0be-545f-5e3f-ac30-9eb02f8850b7	INFO	Start syncing the balance {
  transaction: {
    id: '01HK5ZNVZWTDY7DBQCAVF4MP32',
    userId: '6ae6fd3a-d3e9-4732-bb58-d3dd0d546fdf',
    currency: 'BHD',
    amount: 9,
    vat: 0,
    oldBalance: 225,
    newBalance: 216
  }
}

2024-01-02T21:01:11.476Z 2024-01-02T21:01:11.476Z	469fc0be-545f-5e3f-ac30-9eb02f8850b7	INFO	SubscriptionBalanceUpdated event published

2024-01-02T21:01:11.491Z 2024-01-02T21:01:11.491Z	469fc0be-545f-5e3f-ac30-9eb02f8850b7	ERROR	Subscription balance and payment balance are not in sync {
  userId: '6ae6fd3a-d3e9-4732-bb58-d3dd0d546fdf',
  subscriptionBalance: 225,
  paymentBalance: 207
}

2024-01-02T21:01:11.505Z 2024-01-02T21:01:11.505Z	469fc0be-545f-5e3f-ac30-9eb02f8850b7	INFO	Processing message 22f9cc11-1eaf-4656-b340-c9e528f316c1

2024-01-02T21:01:11.511Z 2024-01-02T21:01:11.511Z	469fc0be-545f-5e3f-ac30-9eb02f8850b7	INFO	Start syncing the balance {
  transaction: {
    id: '01HK5ZNW4H4WRP530R8JQWGA98',
    userId: '1306427b-7f89-48fd-8bf0-ee859c8b95d4',
    currency: 'SAR',
    amount: 90,
    vat: 0,
    oldBalance: 56489,
    newBalance: 56399
  }
}

2024-01-02T21:01:11.565Z 2024-01-02T21:01:11.565Z	469fc0be-545f-5e3f-ac30-9eb02f8850b7	INFO	SubscriptionBalanceUpdated event published

2024-01-02T21:01:11.730Z 2024-01-02T21:01:11.730Z	469fc0be-545f-5e3f-ac30-9eb02f8850b7	INFO	Processing message fdaf6b84-048f-4317-aebc-ef000289ad74

2024-01-02T21:01:11.736Z 2024-01-02T21:01:11.736Z	469fc0be-545f-5e3f-ac30-9eb02f8850b7	INFO	Start syncing the balance {
  transaction: {
    id: '01HK5ZNW1CCCKBY3JTTY0EDENY',
    userId: '774e69ea-6841-4fbe-a007-6c5fe7feba4e',
    currency: 'BHD',
    amount: 9,
    vat: 0,
    oldBalance: 225,
    newBalance: 216
  }
}

2024-01-02T21:01:11.776Z 2024-01-02T21:01:11.776Z	469fc0be-545f-5e3f-ac30-9eb02f8850b7	INFO	SubscriptionBalanceUpdated event published

2024-01-02T21:01:11.787Z 2024-01-02T21:01:11.787Z	469fc0be-545f-5e3f-ac30-9eb02f8850b7	ERROR	Subscription balance and payment balance are not in sync {
  userId: '774e69ea-6841-4fbe-a007-6c5fe7feba4e',
  subscriptionBalance: 225,
  paymentBalance: 207
}

2024-01-02T21:01:11.801Z 2024-01-02T21:01:11.801Z	469fc0be-545f-5e3f-ac30-9eb02f8850b7	INFO	Processing message 72d8a516-80d5-4f10-898e-975adb5a786c

2024-01-02T21:01:11.808Z 2024-01-02T21:01:11.808Z	469fc0be-545f-5e3f-ac30-9eb02f8850b7	INFO	Start syncing the balance {
  transaction: {
    id: '01HK5ZNW6VF22FHRPPJVBPCD8C',
    userId: '035e21a6-1dc3-4d87-bc4d-26b9dcefabbd',
    currency: 'BHD',
    amount: 8,
    vat: 0,
    oldBalance: 303.646,
    newBalance: 295.646
  }
}

2024-01-02T21:01:11.846Z 2024-01-02T21:01:11.846Z	469fc0be-545f-5e3f-ac30-9eb02f8850b7	INFO	SubscriptionBalanceUpdated event published

2024-01-02T21:01:11.860Z 2024-01-02T21:01:11.860Z	469fc0be-545f-5e3f-ac30-9eb02f8850b7	ERROR	Subscription balance and payment balance are not in sync {
  userId: '035e21a6-1dc3-4d87-bc4d-26b9dcefabbd',
  subscriptionBalance: 303.646,
  paymentBalance: 591.646
}

2024-01-02T21:01:11.875Z 2024-01-02T21:01:11.875Z	469fc0be-545f-5e3f-ac30-9eb02f8850b7	INFO	Processing message a41d4753-2d94-4bc7-bbeb-78721b1f5fb0

2024-01-02T21:01:11.881Z 2024-01-02T21:01:11.881Z	469fc0be-545f-5e3f-ac30-9eb02f8850b7	INFO	Start syncing the balance {
  transaction: {
    id: '01HK5ZNW9VEH3WTDFTS31YQCTY',
    userId: 'd9e8cfc2-2de6-4ea9-976c-f7fcd4e44b13',
    currency: 'SAR',
    amount: 90,
    vat: 0,
    oldBalance: 1920,
    newBalance: 1830
  }
}

2024-01-02T21:01:11.924Z 2024-01-02T21:01:11.924Z	469fc0be-545f-5e3f-ac30-9eb02f8850b7	INFO	SubscriptionBalanceUpdated event published

2024-01-02T21:01:11.939Z 2024-01-02T21:01:11.939Z	469fc0be-545f-5e3f-ac30-9eb02f8850b7	ERROR	Subscription balance and payment balance are not in sync {
  userId: 'd9e8cfc2-2de6-4ea9-976c-f7fcd4e44b13',
  subscriptionBalance: 1920,
  paymentBalance: 1740
}

2024-01-02T21:01:11.961Z 2024-01-02T21:01:11.961Z	469fc0be-545f-5e3f-ac30-9eb02f8850b7	INFO	Processing message e5703d88-a1cb-46c6-8296-bab0c3f1d0d7

2024-01-02T21:01:11.968Z 2024-01-02T21:01:11.968Z	469fc0be-545f-5e3f-ac30-9eb02f8850b7	INFO	Start syncing the balance {
  transaction: {
    id: '01HK5ZNWENY5XQFJB3TE1WDK46',
    userId: 'c06b6e73-2183-49c1-ba4b-78c66dab5f0d',
    currency: 'BHD',
    amount: 4,
    vat: 0,
    oldBalance: 286.6,
    newBalance: 282.6
  }
}

2024-01-02T21:01:12.007Z 2024-01-02T21:01:12.007Z	469fc0be-545f-5e3f-ac30-9eb02f8850b7	INFO	SubscriptionBalanceUpdated event published

2024-01-02T21:01:12.023Z 2024-01-02T21:01:12.023Z	469fc0be-545f-5e3f-ac30-9eb02f8850b7	INFO	Processing message a6d4969e-00de-4b81-96d7-6943e6ae2b0b

2024-01-02T21:01:12.029Z 2024-01-02T21:01:12.029Z	469fc0be-545f-5e3f-ac30-9eb02f8850b7	INFO	Start syncing the balance {
  transaction: {
    id: '01HK5ZNWCE4YDRMX791529J8AX',
    userId: '26d31238-b7a4-4e7b-a52e-faa96846333c',
    currency: 'BHD',
    amount: 9,
    vat: 0,
    oldBalance: 228,
    newBalance: 219
  }
}

2024-01-02T21:01:12.069Z 2024-01-02T21:01:12.069Z	469fc0be-545f-5e3f-ac30-9eb02f8850b7	INFO	SubscriptionBalanceUpdated event published

2024-01-02T21:01:12.086Z 2024-01-02T21:01:12.086Z	469fc0be-545f-5e3f-ac30-9eb02f8850b7	ERROR	Subscription balance and payment balance are not in sync {
  userId: '26d31238-b7a4-4e7b-a52e-faa96846333c',
  subscriptionBalance: 228,
  paymentBalance: 210
}

2024-01-02T21:01:12.106Z 2024-01-02T21:01:12.106Z	469fc0be-545f-5e3f-ac30-9eb02f8850b7	INFO	Processing message 7de44a0b-9b45-48e9-948d-6f4c44d1dba7

2024-01-02T21:01:12.113Z 2024-01-02T21:01:12.113Z	469fc0be-545f-5e3f-ac30-9eb02f8850b7	INFO	Start syncing the balance {
  transaction: {
    id: '01HK5ZNWPY6J7E5Z8ZZJG53911',
    userId: '20f25ac8-8c5b-4ddf-a655-12257aed6fff',
    currency: 'BHD',
    amount: 9,
    vat: 0,
    oldBalance: 273,
    newBalance: 264
  }
}

2024-01-02T21:01:12.167Z 2024-01-02T21:01:12.167Z	469fc0be-545f-5e3f-ac30-9eb02f8850b7	INFO	SubscriptionBalanceUpdated event published

2024-01-02T21:01:12.177Z 2024-01-02T21:01:12.177Z	469fc0be-545f-5e3f-ac30-9eb02f8850b7	ERROR	Subscription balance and payment balance are not in sync {
  userId: '20f25ac8-8c5b-4ddf-a655-12257aed6fff',
  subscriptionBalance: 273,
  paymentBalance: 255
}

2024-01-02T21:01:12.203Z END RequestId: 469fc0be-545f-5e3f-ac30-9eb02f8850b7

2024-01-02T21:01:12.203Z REPORT RequestId: 469fc0be-545f-5e3f-ac30-9eb02f8850b7	Duration: 1044.44 ms	Billed Duration: 1045 ms	Memory Size: 512 MB	Max Memory Used: 130 MB	

2024-01-02T21:01:12.263Z START RequestId: 303f21fd-3484-5f5b-b012-7ff34f5c71d3 Version: $LATEST

2024-01-02T21:01:12.295Z 2024-01-02T21:01:12.295Z	303f21fd-3484-5f5b-b012-7ff34f5c71d3	INFO	Processing message 6bbf67bb-98c0-46c6-a37d-6f125ad73cd2

2024-01-02T21:01:12.301Z 2024-01-02T21:01:12.301Z	303f21fd-3484-5f5b-b012-7ff34f5c71d3	INFO	Start syncing the balance {
  transaction: {
    id: '01HK5ZNXDBFFCSYNFFMZXTMRCW',
    userId: '4ebacdb2-8ba4-43e6-8d49-838bca5247be',
    currency: 'BHD',
    amount: 8,
    vat: 0,
    oldBalance: 96,
    newBalance: 88
  }
}

2024-01-02T21:01:12.338Z 2024-01-02T21:01:12.338Z	303f21fd-3484-5f5b-b012-7ff34f5c71d3	INFO	SubscriptionBalanceUpdated event published

2024-01-02T21:01:12.353Z 2024-01-02T21:01:12.353Z	303f21fd-3484-5f5b-b012-7ff34f5c71d3	INFO	Processing message 48898ec8-3f01-4fe9-8901-296229f19451

2024-01-02T21:01:12.358Z 2024-01-02T21:01:12.358Z	303f21fd-3484-5f5b-b012-7ff34f5c71d3	INFO	Start syncing the balance {
  transaction: {
    id: '01HK5ZNXAR6G0JGKWZKWMS9PRZ',
    userId: '35d743f6-af7e-4adc-b4f6-6220fe00c596',
    currency: 'BHD',
    amount: 8,
    vat: 0,
    oldBalance: 136,
    newBalance: 128
  }
}

2024-01-02T21:01:12.405Z 2024-01-02T21:01:12.405Z	303f21fd-3484-5f5b-b012-7ff34f5c71d3	INFO	SubscriptionBalanceUpdated event published

2024-01-02T21:01:12.417Z 2024-01-02T21:01:12.417Z	303f21fd-3484-5f5b-b012-7ff34f5c71d3	INFO	Processing message 7964de5a-1cff-4d5b-a21a-203fab48c076

2024-01-02T21:01:12.422Z 2024-01-02T21:01:12.422Z	303f21fd-3484-5f5b-b012-7ff34f5c71d3	INFO	Start syncing the balance {
  transaction: {
    id: '01HK5ZNXHZ82DC18B5BRGPZVTR',
    userId: 'b5c4dcdb-6154-41fe-8e29-f93b8877687d',
    currency: 'BHD',
    amount: 8,
    vat: 0,
    oldBalance: 72.2,
    newBalance: 64.2
  }
}

2024-01-02T21:01:12.463Z 2024-01-02T21:01:12.463Z	303f21fd-3484-5f5b-b012-7ff34f5c71d3	INFO	SubscriptionBalanceUpdated event published

2024-01-02T21:01:12.475Z 2024-01-02T21:01:12.475Z	303f21fd-3484-5f5b-b012-7ff34f5c71d3	INFO	Processing message c91db5b4-2371-49ea-aa4d-fb2df04390cd

2024-01-02T21:01:12.481Z 2024-01-02T21:01:12.481Z	303f21fd-3484-5f5b-b012-7ff34f5c71d3	INFO	Start syncing the balance {
  transaction: {
    id: '01HK5ZNXKEX9VERVDG8FW99SZQ',
    userId: 'e0576404-a8b9-4bbf-857a-a68adf9999fd',
    currency: 'BHD',
    amount: 9,
    vat: 0,
    oldBalance: 162,
    newBalance: 153
  }
}

2024-01-02T21:01:12.519Z 2024-01-02T21:01:12.519Z	303f21fd-3484-5f5b-b012-7ff34f5c71d3	INFO	SubscriptionBalanceUpdated event published

2024-01-02T21:01:12.532Z 2024-01-02T21:01:12.532Z	303f21fd-3484-5f5b-b012-7ff34f5c71d3	INFO	Processing message 6982d77d-74d1-4382-9e50-a29e56769b22

2024-01-02T21:01:12.541Z 2024-01-02T21:01:12.541Z	303f21fd-3484-5f5b-b012-7ff34f5c71d3	INFO	Start syncing the balance {
  transaction: {
    id: '01HK5ZNXWXTBZ3ZJW6QYCB7NEC',
    userId: '7fdb17cc-8581-4dd8-9733-20698a4dbf01',
    currency: 'SAR',
    amount: 90,
    vat: 0,
    oldBalance: 1800,
    newBalance: 1710
  }
}

2024-01-02T21:01:12.579Z 2024-01-02T21:01:12.579Z	303f21fd-3484-5f5b-b012-7ff34f5c71d3	INFO	SubscriptionBalanceUpdated event published

2024-01-02T21:01:12.591Z 2024-01-02T21:01:12.591Z	303f21fd-3484-5f5b-b012-7ff34f5c71d3	ERROR	Subscription balance and payment balance are not in sync {
  userId: '7fdb17cc-8581-4dd8-9733-20698a4dbf01',
  subscriptionBalance: 1800,
  paymentBalance: 1620
}

2024-01-02T21:01:12.604Z 2024-01-02T21:01:12.604Z	303f21fd-3484-5f5b-b012-7ff34f5c71d3	INFO	Processing message f52533c6-30d1-4530-bd5a-9453bb5e5ebb

2024-01-02T21:01:12.609Z 2024-01-02T21:01:12.609Z	303f21fd-3484-5f5b-b012-7ff34f5c71d3	INFO	Start syncing the balance {
  transaction: {
    id: '01HK5ZNY43XJFEKW7Z47CKXBXA',
    userId: '997c613f-2ac3-4720-b3c4-4196c51c620c',
    currency: 'BHD',
    amount: 8,
    vat: 0,
    oldBalance: 144,
    newBalance: 136
  }
}

2024-01-02T21:01:12.665Z 2024-01-02T21:01:12.665Z	303f21fd-3484-5f5b-b012-7ff34f5c71d3	INFO	SubscriptionBalanceUpdated event published

2024-01-02T21:01:12.679Z 2024-01-02T21:01:12.679Z	303f21fd-3484-5f5b-b012-7ff34f5c71d3	INFO	Processing message 087e2cd3-7ff2-4296-ad04-289218fdf8e2

2024-01-02T21:01:12.684Z 2024-01-02T21:01:12.684Z	303f21fd-3484-5f5b-b012-7ff34f5c71d3	INFO	Start syncing the balance {
  transaction: {
    id: '01HK5ZNXQ1ST7YYKT9XQ9RBGWX',
    userId: 'aadf6b82-af9f-40ac-b332-80c3f60538ba',
    currency: 'BHD',
    amount: 8,
    vat: 0,
    oldBalance: 84,
    newBalance: 76
  }
}

2024-01-02T21:01:12.722Z 2024-01-02T21:01:12.722Z	303f21fd-3484-5f5b-b012-7ff34f5c71d3	INFO	SubscriptionBalanceUpdated event published

2024-01-02T21:01:12.733Z 2024-01-02T21:01:12.733Z	303f21fd-3484-5f5b-b012-7ff34f5c71d3	INFO	Processing message 597c9c3d-4f6e-44f0-9de2-0ebe97bd7dde

2024-01-02T21:01:12.738Z 2024-01-02T21:01:12.738Z	303f21fd-3484-5f5b-b012-7ff34f5c71d3	INFO	Start syncing the balance {
  transaction: {
    id: '01HK5ZNY1GXYST965Z4AQ7FTE4',
    userId: '5def4009-fdba-4a02-9555-9210152eb1f4',
    currency: 'BHD',
    amount: 4,
    vat: 0,
    oldBalance: 988,
    newBalance: 984
  }
}

2024-01-02T21:01:12.774Z 2024-01-02T21:01:12.774Z	303f21fd-3484-5f5b-b012-7ff34f5c71d3	INFO	SubscriptionBalanceUpdated event published

2024-01-02T21:01:12.804Z 2024-01-02T21:01:12.804Z	303f21fd-3484-5f5b-b012-7ff34f5c71d3	INFO	Processing message e76c5d78-468c-4ece-a37e-644f71748810

2024-01-02T21:01:12.810Z 2024-01-02T21:01:12.810Z	303f21fd-3484-5f5b-b012-7ff34f5c71d3	INFO	Start syncing the balance {
  transaction: {
    id: '01HK5ZNXRFN30WBNYYZ03Y1YW3',
    userId: 'fccc7227-4227-4d7c-b634-2667d768b776',
    currency: 'BHD',
    amount: 8,
    vat: 0,
    oldBalance: 80,
    newBalance: 72
  }
}

2024-01-02T21:01:12.848Z 2024-01-02T21:01:12.848Z	303f21fd-3484-5f5b-b012-7ff34f5c71d3	INFO	SubscriptionBalanceUpdated event published

2024-01-02T21:01:12.863Z 2024-01-02T21:01:12.863Z	303f21fd-3484-5f5b-b012-7ff34f5c71d3	INFO	Processing message 93a72d2c-1ec8-456e-9e53-b135cb5b75b9

2024-01-02T21:01:12.867Z 2024-01-02T21:01:12.867Z	303f21fd-3484-5f5b-b012-7ff34f5c71d3	INFO	Start syncing the balance {
  transaction: {
    id: '01HK5ZNXXJABP3C0K1GVD6WM45',
    userId: 'e4e20c29-6c0c-4b17-8014-7d04989b7b24',
    currency: 'BHD',
    amount: 8,
    vat: 0,
    oldBalance: 152,
    newBalance: 144
  }
}

2024-01-02T21:01:12.912Z 2024-01-02T21:01:12.912Z	303f21fd-3484-5f5b-b012-7ff34f5c71d3	INFO	SubscriptionBalanceUpdated event published

2024-01-02T21:01:12.926Z END RequestId: 303f21fd-3484-5f5b-b012-7ff34f5c71d3

2024-01-02T21:01:12.926Z REPORT RequestId: 303f21fd-3484-5f5b-b012-7ff34f5c71d3	Duration: 662.96 ms	Billed Duration: 663 ms	Memory Size: 512 MB	Max Memory Used: 130 MB	

2024-01-02T21:01:13.895Z START RequestId: 00774f53-fce1-5ef3-8693-115d87385209 Version: $LATEST

2024-01-02T21:01:13.922Z 2024-01-02T21:01:13.922Z	00774f53-fce1-5ef3-8693-115d87385209	INFO	Processing message 89d148c9-9df8-42d6-8b4b-b6db87616e0b

2024-01-02T21:01:13.928Z 2024-01-02T21:01:13.928Z	00774f53-fce1-5ef3-8693-115d87385209	INFO	Start syncing the balance {
  transaction: {
    id: '01HK5ZNZCQ2HKA4DH0WNYBGQG6',
    userId: 'b1d7d4bd-f8f6-4592-9fa3-f2275305d802',
    currency: 'BHD',
    amount: 9,
    vat: 0,
    oldBalance: 225,
    newBalance: 216
  }
}

2024-01-02T21:01:13.968Z 2024-01-02T21:01:13.968Z	00774f53-fce1-5ef3-8693-115d87385209	INFO	SubscriptionBalanceUpdated event published

2024-01-02T21:01:13.980Z 2024-01-02T21:01:13.980Z	00774f53-fce1-5ef3-8693-115d87385209	ERROR	Subscription balance and payment balance are not in sync {
  userId: 'b1d7d4bd-f8f6-4592-9fa3-f2275305d802',
  subscriptionBalance: 225,
  paymentBalance: 207
}

2024-01-02T21:01:13.999Z 2024-01-02T21:01:13.999Z	00774f53-fce1-5ef3-8693-115d87385209	INFO	Processing message 02d28c1e-176c-4fc2-8445-48a423962ae3

2024-01-02T21:01:14.006Z 2024-01-02T21:01:14.006Z	00774f53-fce1-5ef3-8693-115d87385209	INFO	Start syncing the balance {
  transaction: {
    id: '01HK5ZNZDFZX7M4HBRT5WTJSQG',
    userId: '46176cfe-75b8-4dc3-aeba-64e9649f2840',
    currency: 'SAR',
    amount: 90,
    vat: 0,
    oldBalance: 450,
    newBalance: 360
  }
}

2024-01-02T21:01:14.048Z 2024-01-02T21:01:14.048Z	00774f53-fce1-5ef3-8693-115d87385209	INFO	SubscriptionBalanceUpdated event published

2024-01-02T21:01:14.062Z 2024-01-02T21:01:14.062Z	00774f53-fce1-5ef3-8693-115d87385209	INFO	Processing message 6c930178-aa72-43b4-a442-56b964ca9623

2024-01-02T21:01:14.067Z 2024-01-02T21:01:14.067Z	00774f53-fce1-5ef3-8693-115d87385209	INFO	Start syncing the balance {
  transaction: {
    id: '01HK5ZNZGN2BQW8H4N54C0BV1E',
    userId: '15469d49-7d54-4ea1-833c-708f679471d4',
    currency: 'BHD',
    amount: 8,
    vat: 0,
    oldBalance: 273,
    newBalance: 265
  }
}

2024-01-02T21:01:14.106Z 2024-01-02T21:01:14.106Z	00774f53-fce1-5ef3-8693-115d87385209	INFO	SubscriptionBalanceUpdated event published

2024-01-02T21:01:14.122Z 2024-01-02T21:01:14.122Z	00774f53-fce1-5ef3-8693-115d87385209	ERROR	Subscription balance and payment balance are not in sync {
  userId: '15469d49-7d54-4ea1-833c-708f679471d4',
  subscriptionBalance: 273,
  paymentBalance: 260
}

2024-01-02T21:01:14.136Z 2024-01-02T21:01:14.136Z	00774f53-fce1-5ef3-8693-115d87385209	INFO	Processing message f4fab26f-943f-4c62-b65a-262ede7e47c8

2024-01-02T21:01:14.142Z 2024-01-02T21:01:14.142Z	00774f53-fce1-5ef3-8693-115d87385209	INFO	Start syncing the balance {
  transaction: {
    id: '01HK5ZNZ9GY3XE2AV1C0Y8Y1BW',
    userId: '67305f3f-628b-4997-83f9-1247a896127a',
    currency: 'BHD',
    amount: 9,
    vat: 0,
    oldBalance: 3078,
    newBalance: 3069
  }
}

2024-01-02T21:01:14.187Z 2024-01-02T21:01:14.187Z	00774f53-fce1-5ef3-8693-115d87385209	INFO	SubscriptionBalanceUpdated event published

2024-01-02T21:01:14.200Z 2024-01-02T21:01:14.200Z	00774f53-fce1-5ef3-8693-115d87385209	ERROR	Subscription balance and payment balance are not in sync {
  userId: '67305f3f-628b-4997-83f9-1247a896127a',
  subscriptionBalance: 3078,
  paymentBalance: 3060
}

2024-01-02T21:01:14.220Z 2024-01-02T21:01:14.220Z	00774f53-fce1-5ef3-8693-115d87385209	INFO	Processing message 2cb72217-eedf-4b32-bc49-4382bd691186

2024-01-02T21:01:14.225Z 2024-01-02T21:01:14.225Z	00774f53-fce1-5ef3-8693-115d87385209	INFO	Start syncing the balance {
  transaction: {
    id: '01HK5ZNZAFFGQ1SQ7DW9HD7AGS',
    userId: '774aec7f-2f19-4233-b4a2-cef8e73197ea',
    currency: 'BHD',
    amount: 9,
    vat: 0,
    oldBalance: 234,
    newBalance: 225
  }
}

2024-01-02T21:01:14.257Z 2024-01-02T21:01:14.257Z	00774f53-fce1-5ef3-8693-115d87385209	INFO	SubscriptionBalanceUpdated event published

2024-01-02T21:01:14.271Z 2024-01-02T21:01:14.271Z	00774f53-fce1-5ef3-8693-115d87385209	INFO	Processing message 66328903-7b7a-458b-90ad-e48128ed623c

2024-01-02T21:01:14.277Z 2024-01-02T21:01:14.277Z	00774f53-fce1-5ef3-8693-115d87385209	INFO	Start syncing the balance {
  transaction: {
    id: '01HK5ZNZFHPW4ETBQ2XJV1GC98',
    userId: '29ab9cca-db34-4942-8a1e-d4f472e2462f',
    currency: 'BHD',
    amount: 8,
    vat: 0,
    oldBalance: 136,
    newBalance: 128
  }
}

2024-01-02T21:01:14.326Z 2024-01-02T21:01:14.326Z	00774f53-fce1-5ef3-8693-115d87385209	INFO	SubscriptionBalanceUpdated event published

2024-01-02T21:01:14.346Z 2024-01-02T21:01:14.346Z	00774f53-fce1-5ef3-8693-115d87385209	INFO	Processing message e4b8b8f2-3cec-4179-b277-2f19cc0b107c

2024-01-02T21:01:14.366Z 2024-01-02T21:01:14.366Z	00774f53-fce1-5ef3-8693-115d87385209	INFO	Start syncing the balance {
  transaction: {
    id: '01HK5ZNZJ8NKFYGNHH2MFRDBYV',
    userId: 'f6a6021a-b34d-46ee-a05e-c6247daa6cf5',
    currency: 'BHD',
    amount: 8,
    vat: 0,
    oldBalance: 81,
    newBalance: 73
  }
}

2024-01-02T21:01:14.432Z 2024-01-02T21:01:14.432Z	00774f53-fce1-5ef3-8693-115d87385209	INFO	SubscriptionBalanceUpdated event published

2024-01-02T21:01:14.446Z 2024-01-02T21:01:14.446Z	00774f53-fce1-5ef3-8693-115d87385209	INFO	Processing message fd68e8f7-bf24-4d1d-8c05-f46ac7d0b39a

2024-01-02T21:01:14.452Z 2024-01-02T21:01:14.452Z	00774f53-fce1-5ef3-8693-115d87385209	INFO	Start syncing the balance {
  transaction: {
    id: '01HK5ZNZQQ2S1NTMBXC642PPSQ',
    userId: 'a09d7e6f-cd6a-4e47-8fd6-6b9a7dd03d4d',
    currency: 'BHD',
    amount: 9,
    vat: 0,
    oldBalance: 177.5,
    newBalance: 168.5
  }
}

2024-01-02T21:01:14.506Z 2024-01-02T21:01:14.506Z	00774f53-fce1-5ef3-8693-115d87385209	INFO	SubscriptionBalanceUpdated event published

2024-01-02T21:01:14.527Z 2024-01-02T21:01:14.527Z	00774f53-fce1-5ef3-8693-115d87385209	ERROR	Subscription balance and payment balance are not in sync {
  userId: 'a09d7e6f-cd6a-4e47-8fd6-6b9a7dd03d4d',
  subscriptionBalance: 177.5,
  paymentBalance: 159.5
}

2024-01-02T21:01:14.542Z 2024-01-02T21:01:14.542Z	00774f53-fce1-5ef3-8693-115d87385209	INFO	Processing message c9034efe-e4ec-4e0c-803e-2a829a4f9360

2024-01-02T21:01:14.548Z 2024-01-02T21:01:14.548Z	00774f53-fce1-5ef3-8693-115d87385209	INFO	Start syncing the balance {
  transaction: {
    id: '01HK5ZNZW8V490S4PX0W54ST3A',
    userId: '133b402d-c353-4365-a759-d84e09c4533d',
    currency: 'BHD',
    amount: 6.5,
    vat: 0,
    oldBalance: 9523.1,
    newBalance: 9516.6
  }
}

2024-01-02T21:01:14.587Z 2024-01-02T21:01:14.587Z	00774f53-fce1-5ef3-8693-115d87385209	INFO	SubscriptionBalanceUpdated event published

2024-01-02T21:01:14.598Z 2024-01-02T21:01:14.598Z	00774f53-fce1-5ef3-8693-115d87385209	INFO	Processing message 52428f32-93fe-40f7-ad2d-e5bac69c0932

2024-01-02T21:01:14.605Z 2024-01-02T21:01:14.605Z	00774f53-fce1-5ef3-8693-115d87385209	INFO	Start syncing the balance {
  transaction: {
    id: '01HK5ZNZNF4CX4EGFQN20EYGQN',
    userId: 'eb6875d4-8663-4dc5-8838-1148a2425c13',
    currency: 'BHD',
    amount: 4,
    vat: 0,
    oldBalance: 198.364,
    newBalance: 194.364
  }
}

2024-01-02T21:01:14.641Z 2024-01-02T21:01:14.641Z	00774f53-fce1-5ef3-8693-115d87385209	INFO	SubscriptionBalanceUpdated event published

2024-01-02T21:01:14.655Z 2024-01-02T21:01:14.655Z	00774f53-fce1-5ef3-8693-115d87385209	ERROR	Subscription balance and payment balance are not in sync {
  userId: 'eb6875d4-8663-4dc5-8838-1148a2425c13',
  subscriptionBalance: 198.364,
  paymentBalance: 10578.169
}

2024-01-02T21:01:14.669Z END RequestId: 00774f53-fce1-5ef3-8693-115d87385209

2024-01-02T21:01:14.669Z REPORT RequestId: 00774f53-fce1-5ef3-8693-115d87385209	Duration: 774.69 ms	Billed Duration: 775 ms	Memory Size: 512 MB	Max Memory Used: 131 MB	
XRAY TraceId: 1-65947999-1f77797588806b019dc57b6f	SegmentId: 41a0816b524c7ab5	Sampled: true	

2024-01-02T21:01:15.111Z START RequestId: d4352ce8-e383-50e0-8fa8-72e698586c1a Version: $LATEST

2024-01-02T21:01:15.135Z 2024-01-02T21:01:15.135Z	d4352ce8-e383-50e0-8fa8-72e698586c1a	INFO	Processing message faca249b-938b-460f-9f00-530fbbf4efe4

2024-01-02T21:01:15.143Z 2024-01-02T21:01:15.143Z	d4352ce8-e383-50e0-8fa8-72e698586c1a	INFO	Start syncing the balance {
  transaction: {
    id: '01HK5ZNZS0JYNRSJWSWVS4EDAR',
    userId: '1b5748cb-c677-44ab-9d61-940e554fc014',
    currency: 'KWD',
    amount: 7.5,
    vat: 0,
    oldBalance: 146,
    newBalance: 138.5
  }
}

2024-01-02T21:01:15.192Z 2024-01-02T21:01:15.192Z	d4352ce8-e383-50e0-8fa8-72e698586c1a	INFO	SubscriptionBalanceUpdated event published

2024-01-02T21:01:15.216Z 2024-01-02T21:01:15.216Z	d4352ce8-e383-50e0-8fa8-72e698586c1a	ERROR	Subscription balance and payment balance are not in sync {
  userId: '1b5748cb-c677-44ab-9d61-940e554fc014',
  subscriptionBalance: 146,
  paymentBalance: 131
}

2024-01-02T21:01:15.230Z 2024-01-02T21:01:15.230Z	d4352ce8-e383-50e0-8fa8-72e698586c1a	INFO	Processing message 672fd3a8-0842-45a2-9f34-550f6bc48633

2024-01-02T21:01:15.235Z 2024-01-02T21:01:15.235Z	d4352ce8-e383-50e0-8fa8-72e698586c1a	INFO	Start syncing the balance {
  transaction: {
    id: '01HK5ZNZXJZ9QW501ZYZMCY3G2',
    userId: 'e2ba0d37-98ed-4a9f-a668-b8b97d667977',
    currency: 'SAR',
    amount: 90,
    vat: 0,
    oldBalance: 180,
    newBalance: 90
  }
}

2024-01-02T21:01:15.271Z 2024-01-02T21:01:15.271Z	d4352ce8-e383-50e0-8fa8-72e698586c1a	INFO	SubscriptionBalanceUpdated event published

2024-01-02T21:01:15.282Z 2024-01-02T21:01:15.282Z	d4352ce8-e383-50e0-8fa8-72e698586c1a	INFO	Processing message 6307397e-64e9-4c16-aa09-ee359d19b400

2024-01-02T21:01:15.288Z 2024-01-02T21:01:15.288Z	d4352ce8-e383-50e0-8fa8-72e698586c1a	INFO	Start syncing the balance {
  transaction: {
    id: '01HK5ZNZTF2GNKBVEN6F78M20P',
    userId: 'bfd52cc3-d166-4c3f-bac0-6fdd0994414b',
    currency: 'BHD',
    amount: 8,
    vat: 0,
    oldBalance: 152,
    newBalance: 144
  }
}

2024-01-02T21:01:15.327Z 2024-01-02T21:01:15.327Z	d4352ce8-e383-50e0-8fa8-72e698586c1a	INFO	SubscriptionBalanceUpdated event published

2024-01-02T21:01:15.342Z 2024-01-02T21:01:15.342Z	d4352ce8-e383-50e0-8fa8-72e698586c1a	INFO	Processing message b7df81d1-3d99-461b-a281-43ad82513594

2024-01-02T21:01:15.347Z 2024-01-02T21:01:15.347Z	d4352ce8-e383-50e0-8fa8-72e698586c1a	INFO	Start syncing the balance {
  transaction: {
    id: '01HK5ZNZP70BME6S0SSAPF7MRK',
    userId: 'e3a4d046-0a40-4076-a7fb-429d35771d81',
    currency: 'BHD',
    amount: 8,
    vat: 0,
    oldBalance: 65.636,
    newBalance: 57.636
  }
}

2024-01-02T21:01:15.386Z 2024-01-02T21:01:15.386Z	d4352ce8-e383-50e0-8fa8-72e698586c1a	INFO	SubscriptionBalanceUpdated event published

2024-01-02T21:01:15.406Z 2024-01-02T21:01:15.406Z	d4352ce8-e383-50e0-8fa8-72e698586c1a	ERROR	Subscription balance and payment balance are not in sync {
  userId: 'e3a4d046-0a40-4076-a7fb-429d35771d81',
  subscriptionBalance: 65.636,
  paymentBalance: 120.245
}

2024-01-02T21:01:15.419Z 2024-01-02T21:01:15.419Z	d4352ce8-e383-50e0-8fa8-72e698586c1a	INFO	Processing message a5eb436f-0d15-41d5-ace8-2958b078180e

2024-01-02T21:01:15.424Z 2024-01-02T21:01:15.424Z	d4352ce8-e383-50e0-8fa8-72e698586c1a	INFO	Start syncing the balance {
  transaction: {
    id: '01HK5ZP02SGPDGRQ0C26Q9SNE5',
    userId: '35790c79-2aad-4b1c-b9e0-4ca04d71f93a',
    currency: 'BHD',
    amount: 9,
    vat: 0,
    oldBalance: 216,
    newBalance: 207
  }
}

2024-01-02T21:01:15.460Z 2024-01-02T21:01:15.460Z	d4352ce8-e383-50e0-8fa8-72e698586c1a	INFO	SubscriptionBalanceUpdated event published

2024-01-02T21:01:15.474Z 2024-01-02T21:01:15.474Z	d4352ce8-e383-50e0-8fa8-72e698586c1a	ERROR	Subscription balance and payment balance are not in sync {
  userId: '35790c79-2aad-4b1c-b9e0-4ca04d71f93a',
  subscriptionBalance: 216,
  paymentBalance: 198
}

2024-01-02T21:01:15.487Z 2024-01-02T21:01:15.487Z	d4352ce8-e383-50e0-8fa8-72e698586c1a	INFO	Processing message 8fec937c-37af-4396-8823-b3403ff2ac7d

2024-01-02T21:01:15.493Z 2024-01-02T21:01:15.493Z	d4352ce8-e383-50e0-8fa8-72e698586c1a	INFO	Start syncing the balance {
  transaction: {
    id: '01HK5ZP04J952WRHD6859Y8ZD9',
    userId: 'b3aab2eb-c83f-488f-9108-5fcbf7a5feba',
    currency: 'BHD',
    amount: 1.8,
    vat: 0,
    oldBalance: 73,
    newBalance: 71.2
  }
}

2024-01-02T21:01:15.532Z 2024-01-02T21:01:15.532Z	d4352ce8-e383-50e0-8fa8-72e698586c1a	INFO	SubscriptionBalanceUpdated event published

2024-01-02T21:01:15.546Z 2024-01-02T21:01:15.546Z	d4352ce8-e383-50e0-8fa8-72e698586c1a	INFO	Processing message 7f54d629-341c-4b15-875e-fd00a4861a5c

2024-01-02T21:01:15.552Z 2024-01-02T21:01:15.552Z	d4352ce8-e383-50e0-8fa8-72e698586c1a	INFO	Start syncing the balance {
  transaction: {
    id: '01HK5ZNZZBVB98Q8T0SJQ5J6EA',
    userId: 'ffc1ae9d-3ae0-4160-94af-31a93bf4bcf4',
    currency: 'BHD',
    amount: 8,
    vat: 0,
    oldBalance: 220,
    newBalance: 212
  }
}

2024-01-02T21:01:15.596Z 2024-01-02T21:01:15.596Z	d4352ce8-e383-50e0-8fa8-72e698586c1a	INFO	SubscriptionBalanceUpdated event published

2024-01-02T21:01:15.610Z 2024-01-02T21:01:15.610Z	d4352ce8-e383-50e0-8fa8-72e698586c1a	INFO	Processing message 65e8e75f-9530-48db-8c50-2d25505cf595

2024-01-02T21:01:15.616Z 2024-01-02T21:01:15.616Z	d4352ce8-e383-50e0-8fa8-72e698586c1a	INFO	Start syncing the balance {
  transaction: {
    id: '01HK5ZP005N03PXMF0CJNNZFDS',
    userId: '918122aa-3a94-4a48-8a42-ebf049fa6fb9',
    currency: 'BHD',
    amount: 8,
    vat: 0,
    oldBalance: 112,
    newBalance: 104
  }
}

2024-01-02T21:01:15.658Z 2024-01-02T21:01:15.658Z	d4352ce8-e383-50e0-8fa8-72e698586c1a	INFO	SubscriptionBalanceUpdated event published

2024-01-02T21:01:15.670Z 2024-01-02T21:01:15.670Z	d4352ce8-e383-50e0-8fa8-72e698586c1a	ERROR	Subscription balance and payment balance are not in sync {
  userId: '918122aa-3a94-4a48-8a42-ebf049fa6fb9',
  subscriptionBalance: 112,
  paymentBalance: 416
}

2024-01-02T21:01:15.688Z 2024-01-02T21:01:15.688Z	d4352ce8-e383-50e0-8fa8-72e698586c1a	INFO	Processing message a7cc1f9a-ee8c-4918-8b75-ca0269976da3

2024-01-02T21:01:15.695Z 2024-01-02T21:01:15.695Z	d4352ce8-e383-50e0-8fa8-72e698586c1a	INFO	Start syncing the balance {
  transaction: {
    id: '01HK5ZP021G9Q3CAEMRXT6TJE5',
    userId: '713d78ac-3f08-4da9-a641-5ef7c13561bd',
    currency: 'BHD',
    amount: 8,
    vat: 0,
    oldBalance: 48,
    newBalance: 40
  }
}

2024-01-02T21:01:15.732Z 2024-01-02T21:01:15.732Z	d4352ce8-e383-50e0-8fa8-72e698586c1a	INFO	SubscriptionBalanceUpdated event published

2024-01-02T21:01:15.743Z 2024-01-02T21:01:15.743Z	d4352ce8-e383-50e0-8fa8-72e698586c1a	INFO	Processing message 91dbf246-e58e-4a34-ac51-268de2aeac0f

2024-01-02T21:01:15.752Z 2024-01-02T21:01:15.752Z	d4352ce8-e383-50e0-8fa8-72e698586c1a	INFO	Start syncing the balance {
  transaction: {
    id: '01HK5ZP060N3367JCWZNTVZRKJ',
    userId: 'e11c95b2-2f68-4c79-9cd1-47cd978c81b5',
    currency: 'BHD',
    amount: 9,
    vat: 0,
    oldBalance: 216,
    newBalance: 207
  }
}

2024-01-02T21:01:15.799Z 2024-01-02T21:01:15.799Z	d4352ce8-e383-50e0-8fa8-72e698586c1a	INFO	SubscriptionBalanceUpdated event published

2024-01-02T21:01:15.826Z 2024-01-02T21:01:15.826Z	d4352ce8-e383-50e0-8fa8-72e698586c1a	ERROR	Subscription balance and payment balance are not in sync {
  userId: 'e11c95b2-2f68-4c79-9cd1-47cd978c81b5',
  subscriptionBalance: 216,
  paymentBalance: 198
}

2024-01-02T21:01:15.886Z END RequestId: d4352ce8-e383-50e0-8fa8-72e698586c1a

2024-01-02T21:01:15.886Z REPORT RequestId: d4352ce8-e383-50e0-8fa8-72e698586c1a	Duration: 774.70 ms	Billed Duration: 775 ms	Memory Size: 512 MB	Max Memory Used: 133 MB	

2024-01-02T21:01:16.142Z START RequestId: cf94dd27-aaf4-5d4f-a753-8329d12823c7 Version: $LATEST

2024-01-02T21:01:16.172Z 2024-01-02T21:01:16.172Z	cf94dd27-aaf4-5d4f-a753-8329d12823c7	INFO	Processing message e1b7e15d-6a9e-408c-9260-d3578ab06c24

2024-01-02T21:01:16.178Z 2024-01-02T21:01:16.178Z	cf94dd27-aaf4-5d4f-a753-8329d12823c7	INFO	Start syncing the balance {
  transaction: {
    id: '01HK5ZP0DDMC3RHV6JMKRDKN3S',
    userId: 'efa6426b-5dc2-42b8-ac5d-e40d81dda0a1',
    currency: 'BHD',
    amount: 9,
    vat: 0,
    oldBalance: 157,
    newBalance: 148
  }
}

2024-01-02T21:01:16.220Z 2024-01-02T21:01:16.220Z	cf94dd27-aaf4-5d4f-a753-8329d12823c7	INFO	SubscriptionBalanceUpdated event published

2024-01-02T21:01:16.233Z 2024-01-02T21:01:16.233Z	cf94dd27-aaf4-5d4f-a753-8329d12823c7	ERROR	Subscription balance and payment balance are not in sync {
  userId: 'efa6426b-5dc2-42b8-ac5d-e40d81dda0a1',
  subscriptionBalance: 157,
  paymentBalance: 139
}

2024-01-02T21:01:16.248Z 2024-01-02T21:01:16.248Z	cf94dd27-aaf4-5d4f-a753-8329d12823c7	INFO	Processing message 115d1b21-fd11-47c4-93b7-f65f1ba211e6

2024-01-02T21:01:16.254Z 2024-01-02T21:01:16.254Z	cf94dd27-aaf4-5d4f-a753-8329d12823c7	INFO	Start syncing the balance {
  transaction: {
    id: '01HK5ZP079E0MN62SR492EM0RQ',
    userId: 'e55755fa-20dd-410d-af94-d4ced92039be',
    currency: 'BHD',
    amount: 9,
    vat: 0,
    oldBalance: 255,
    newBalance: 246
  }
}

2024-01-02T21:01:16.304Z 2024-01-02T21:01:16.304Z	cf94dd27-aaf4-5d4f-a753-8329d12823c7	INFO	SubscriptionBalanceUpdated event published

2024-01-02T21:01:16.319Z 2024-01-02T21:01:16.319Z	cf94dd27-aaf4-5d4f-a753-8329d12823c7	ERROR	Subscription balance and payment balance are not in sync {
  userId: 'e55755fa-20dd-410d-af94-d4ced92039be',
  subscriptionBalance: 255,
  paymentBalance: 237
}

2024-01-02T21:01:16.332Z 2024-01-02T21:01:16.332Z	cf94dd27-aaf4-5d4f-a753-8329d12823c7	INFO	Processing message 214cffbd-dff9-4a9c-b2ee-d9600c0251a3

2024-01-02T21:01:16.337Z 2024-01-02T21:01:16.337Z	cf94dd27-aaf4-5d4f-a753-8329d12823c7	INFO	Start syncing the balance {
  transaction: {
    id: '01HK5ZP0A6E2B72CCYZH9WFTNQ',
    userId: '4644dcc3-5505-47d4-ad63-c43f943387a4',
    currency: 'BHD',
    amount: 8,
    vat: 0,
    oldBalance: 96.5,
    newBalance: 88.5
  }
}

2024-01-02T21:01:16.375Z 2024-01-02T21:01:16.375Z	cf94dd27-aaf4-5d4f-a753-8329d12823c7	INFO	SubscriptionBalanceUpdated event published

2024-01-02T21:01:16.388Z 2024-01-02T21:01:16.388Z	cf94dd27-aaf4-5d4f-a753-8329d12823c7	INFO	Processing message fc875034-89c8-431b-a4b7-c7012c2a0055

2024-01-02T21:01:16.394Z 2024-01-02T21:01:16.394Z	cf94dd27-aaf4-5d4f-a753-8329d12823c7	INFO	Start syncing the balance {
  transaction: {
    id: '01HK5ZP0BBKK05TENB7EYF8HCJ',
    userId: '47d03621-dec7-4429-bee2-02be753fcdc4',
    currency: 'BHD',
    amount: 9,
    vat: 0,
    oldBalance: 210,
    newBalance: 201
  }
}

2024-01-02T21:01:16.430Z 2024-01-02T21:01:16.430Z	cf94dd27-aaf4-5d4f-a753-8329d12823c7	INFO	SubscriptionBalanceUpdated event published

2024-01-02T21:01:16.444Z 2024-01-02T21:01:16.444Z	cf94dd27-aaf4-5d4f-a753-8329d12823c7	ERROR	Subscription balance and payment balance are not in sync {
  userId: '47d03621-dec7-4429-bee2-02be753fcdc4',
  subscriptionBalance: 210,
  paymentBalance: 192
}

2024-01-02T21:01:16.457Z 2024-01-02T21:01:16.457Z	cf94dd27-aaf4-5d4f-a753-8329d12823c7	INFO	Processing message 4c2b994e-a036-4d81-9a23-48517d8ac39b

2024-01-02T21:01:16.466Z 2024-01-02T21:01:16.466Z	cf94dd27-aaf4-5d4f-a753-8329d12823c7	INFO	Start syncing the balance {
  transaction: {
    id: '01HK5ZP0G7XWZR4ASHWB8V9BK2',
    userId: '75e32016-3c6f-475a-9c40-35e9d30eb4ed',
    currency: 'SAR',
    amount: 90,
    vat: 0,
    oldBalance: 1340,
    newBalance: 1250
  }
}

2024-01-02T21:01:16.506Z 2024-01-02T21:01:16.506Z	cf94dd27-aaf4-5d4f-a753-8329d12823c7	INFO	SubscriptionBalanceUpdated event published

2024-01-02T21:01:16.526Z 2024-01-02T21:01:16.526Z	cf94dd27-aaf4-5d4f-a753-8329d12823c7	INFO	Processing message a03ef0e6-cdeb-4bc3-9054-3be5748f763b

2024-01-02T21:01:16.546Z 2024-01-02T21:01:16.546Z	cf94dd27-aaf4-5d4f-a753-8329d12823c7	INFO	Start syncing the balance {
  transaction: {
    id: '01HK5ZP0H5WPT0K0XZFFG9HET8',
    userId: '608e45e6-0a97-4054-ac29-51a125d92af9',
    currency: 'BHD',
    amount: 8,
    vat: 0,
    oldBalance: 170.182,
    newBalance: 162.182
  }
}

2024-01-02T21:01:16.583Z 2024-01-02T21:01:16.583Z	cf94dd27-aaf4-5d4f-a753-8329d12823c7	INFO	SubscriptionBalanceUpdated event published

2024-01-02T21:01:16.596Z 2024-01-02T21:01:16.596Z	cf94dd27-aaf4-5d4f-a753-8329d12823c7	INFO	Processing message 7acb457b-d1b4-4ce3-bd31-dd88ab4c2bd5

2024-01-02T21:01:16.601Z 2024-01-02T21:01:16.601Z	cf94dd27-aaf4-5d4f-a753-8329d12823c7	INFO	Start syncing the balance {
  transaction: {
    id: '01HK5ZP0KDT6GVRAH1KDYTCN02',
    userId: 'daa2bf74-cf31-4552-9e85-acb48a7c3f90',
    currency: 'BHD',
    amount: 9,
    vat: 0,
    oldBalance: 378.091,
    newBalance: 369.091
  }
}

2024-01-02T21:01:16.642Z 2024-01-02T21:01:16.642Z	cf94dd27-aaf4-5d4f-a753-8329d12823c7	INFO	SubscriptionBalanceUpdated event published

2024-01-02T21:01:16.655Z 2024-01-02T21:01:16.655Z	cf94dd27-aaf4-5d4f-a753-8329d12823c7	ERROR	Subscription balance and payment balance are not in sync {
  userId: 'daa2bf74-cf31-4552-9e85-acb48a7c3f90',
  subscriptionBalance: 378.091,
  paymentBalance: 777.091
}

2024-01-02T21:01:16.669Z 2024-01-02T21:01:16.669Z	cf94dd27-aaf4-5d4f-a753-8329d12823c7	INFO	Processing message 397f5433-5e70-4650-83c3-9a36ed6b5f49

2024-01-02T21:01:16.676Z 2024-01-02T21:01:16.676Z	cf94dd27-aaf4-5d4f-a753-8329d12823c7	INFO	Start syncing the balance {
  transaction: {
    id: '01HK5ZP0S8P65WW4YQBGFZPJBQ',
    userId: '9c3ae5d4-b369-4372-8e0c-edb55c929f42',
    currency: 'BHD',
    amount: 8,
    vat: 0,
    oldBalance: 16,
    newBalance: 8
  }
}

2024-01-02T21:01:16.711Z 2024-01-02T21:01:16.711Z	cf94dd27-aaf4-5d4f-a753-8329d12823c7	INFO	SubscriptionBalanceUpdated event published

2024-01-02T21:01:16.723Z 2024-01-02T21:01:16.723Z	cf94dd27-aaf4-5d4f-a753-8329d12823c7	INFO	Processing message c72fa6ec-376e-4529-9ab8-2d42171f55b2

2024-01-02T21:01:16.728Z 2024-01-02T21:01:16.728Z	cf94dd27-aaf4-5d4f-a753-8329d12823c7	INFO	Start syncing the balance {
  transaction: {
    id: '01HK5ZP0P6HFE6E3EVV8GP8Q3T',
    userId: '6a1eab48-c690-4745-b5f1-3a51242ed793',
    currency: 'BHD',
    amount: 8,
    vat: 0,
    oldBalance: 171.2,
    newBalance: 163.2
  }
}

2024-01-02T21:01:16.766Z 2024-01-02T21:01:16.766Z	cf94dd27-aaf4-5d4f-a753-8329d12823c7	INFO	SubscriptionBalanceUpdated event published

2024-01-02T21:01:16.779Z 2024-01-02T21:01:16.779Z	cf94dd27-aaf4-5d4f-a753-8329d12823c7	ERROR	Subscription balance and payment balance are not in sync {
  userId: '6a1eab48-c690-4745-b5f1-3a51242ed793',
  subscriptionBalance: 171.2,
  paymentBalance: 1094.2
}

2024-01-02T21:01:16.796Z 2024-01-02T21:01:16.796Z	cf94dd27-aaf4-5d4f-a753-8329d12823c7	INFO	Processing message 8b3c92ea-4aef-4270-a5a8-a36f4814fd30

2024-01-02T21:01:16.801Z 2024-01-02T21:01:16.801Z	cf94dd27-aaf4-5d4f-a753-8329d12823c7	INFO	Start syncing the balance {
  transaction: {
    id: '01HK5ZP0PPZR5HZ36WN48EFZP6',
    userId: '383f0a7e-4daa-4294-ae9f-cafbddbb408e',
    currency: 'BHD',
    amount: 8,
    vat: 0,
    oldBalance: 244.5,
    newBalance: 236.5
  }
}

2024-01-02T21:01:16.838Z 2024-01-02T21:01:16.838Z	cf94dd27-aaf4-5d4f-a753-8329d12823c7	INFO	SubscriptionBalanceUpdated event published

2024-01-02T21:01:16.853Z 2024-01-02T21:01:16.853Z	cf94dd27-aaf4-5d4f-a753-8329d12823c7	ERROR	Subscription balance and payment balance are not in sync {
  userId: '383f0a7e-4daa-4294-ae9f-cafbddbb408e',
  subscriptionBalance: 244.5,
  paymentBalance: 228.5
}

2024-01-02T21:01:16.869Z END RequestId: cf94dd27-aaf4-5d4f-a753-8329d12823c7

2024-01-02T21:01:16.869Z REPORT RequestId: cf94dd27-aaf4-5d4f-a753-8329d12823c7	Duration: 727.23 ms	Billed Duration: 728 ms	Memory Size: 512 MB	Max Memory Used: 133 MB	

2024-01-02T21:01:02.817Z INIT_START Runtime Version: nodejs:20.v13	Runtime Version ARN: arn:aws:lambda:us-east-1::runtime:6fb7e564fae3347add879359ec92013de1e84ce02488f36ec21448277c28707c

2024-01-02T21:01:03.861Z START RequestId: ae053764-5f71-5b3b-b7ae-696a24bf67c1 Version: $LATEST

2024-01-02T21:01:04.085Z 2024-01-02T21:01:04.085Z	ae053764-5f71-5b3b-b7ae-696a24bf67c1	INFO	Processing message 057b45ce-0e79-4a04-b5cd-da711aa90400

2024-01-02T21:01:04.172Z 2024-01-02T21:01:04.172Z	ae053764-5f71-5b3b-b7ae-696a24bf67c1	INFO	Start syncing the balance {
  transaction: {
    id: '01HK5ZNJRTP5NCSB3EZWMNANEV',
    userId: '0cff33de-172f-4546-b1d3-365c6fda2b00',
    currency: 'SAR',
    amount: 60,
    vat: 0,
    oldBalance: 161,
    newBalance: 101
  }
}

2024-01-02T21:01:04.308Z 2024-01-02T21:01:04.308Z	ae053764-5f71-5b3b-b7ae-696a24bf67c1	INFO	SubscriptionBalanceUpdated event published

2024-01-02T21:01:04.378Z 2024-01-02T21:01:04.378Z	ae053764-5f71-5b3b-b7ae-696a24bf67c1	ERROR	Subscription balance and payment balance are not in sync {
  userId: '0cff33de-172f-4546-b1d3-365c6fda2b00',
  subscriptionBalance: 161,
  paymentBalance: 3701
}

2024-01-02T21:01:04.410Z END RequestId: ae053764-5f71-5b3b-b7ae-696a24bf67c1

2024-01-02T21:01:04.410Z REPORT RequestId: ae053764-5f71-5b3b-b7ae-696a24bf67c1	Duration: 549.54 ms	Billed Duration: 550 ms	Memory Size: 512 MB	Max Memory Used: 121 MB	Init Duration: 1040.88 ms	

2024-01-02T21:01:05.564Z START RequestId: 65acdb7f-b63a-5d55-811e-8571cdeb83dd Version: $LATEST

2024-01-02T21:01:05.595Z 2024-01-02T21:01:05.595Z	65acdb7f-b63a-5d55-811e-8571cdeb83dd	INFO	Processing message 5864f00e-d460-4c7f-93cc-7aa5c4cb1e52

2024-01-02T21:01:05.602Z 2024-01-02T21:01:05.602Z	65acdb7f-b63a-5d55-811e-8571cdeb83dd	INFO	Start syncing the balance {
  transaction: {
    id: '01HK5ZNK2FV975FZPQNY8V0ZYX',
    userId: '803ab6c9-5b94-46b4-8464-62796540a4ff',
    currency: 'BHD',
    amount: 8,
    vat: 0,
    oldBalance: 120,
    newBalance: 112
  }
}

2024-01-02T21:01:05.653Z 2024-01-02T21:01:05.653Z	65acdb7f-b63a-5d55-811e-8571cdeb83dd	INFO	SubscriptionBalanceUpdated event published

2024-01-02T21:01:05.669Z 2024-01-02T21:01:05.669Z	65acdb7f-b63a-5d55-811e-8571cdeb83dd	INFO	Processing message 4025630f-c917-420b-8a39-787389e9aefe

2024-01-02T21:01:05.677Z 2024-01-02T21:01:05.677Z	65acdb7f-b63a-5d55-811e-8571cdeb83dd	INFO	Start syncing the balance {
  transaction: {
    id: '01HK5ZNK3536W2VRNSTRR0NM1X',
    userId: 'afad1f0a-8d1a-4883-aa2f-9e3afc02d3b1',
    currency: 'SAR',
    amount: 42,
    vat: 0,
    oldBalance: 614,
    newBalance: 572
  }
}

2024-01-02T21:01:05.727Z 2024-01-02T21:01:05.727Z	65acdb7f-b63a-5d55-811e-8571cdeb83dd	INFO	SubscriptionBalanceUpdated event published

2024-01-02T21:01:05.741Z 2024-01-02T21:01:05.741Z	65acdb7f-b63a-5d55-811e-8571cdeb83dd	ERROR	Subscription balance and payment balance are not in sync {
  userId: 'afad1f0a-8d1a-4883-aa2f-9e3afc02d3b1',
  subscriptionBalance: 614,
  paymentBalance: -2356
}

2024-01-02T21:01:05.761Z 2024-01-02T21:01:05.761Z	65acdb7f-b63a-5d55-811e-8571cdeb83dd	INFO	Processing message 0a0e34a8-22fe-4957-8e77-d1723308e95a

2024-01-02T21:01:05.768Z 2024-01-02T21:01:05.768Z	65acdb7f-b63a-5d55-811e-8571cdeb83dd	INFO	Start syncing the balance {
  transaction: {
    id: '01HK5ZNKZN84XCJSW42HP48CY9',
    userId: 'e43c3e20-d78b-4fdc-b46a-9d72e46f393a',
    currency: 'BHD',
    amount: 4,
    vat: 0,
    oldBalance: 1959.2,
    newBalance: 1955.2
  }
}

2024-01-02T21:01:05.811Z 2024-01-02T21:01:05.811Z	65acdb7f-b63a-5d55-811e-8571cdeb83dd	INFO	SubscriptionBalanceUpdated event published

2024-01-02T21:01:05.827Z 2024-01-02T21:01:05.827Z	65acdb7f-b63a-5d55-811e-8571cdeb83dd	INFO	Processing message 563154a8-2932-4057-96da-00605fe28a6c

2024-01-02T21:01:05.834Z 2024-01-02T21:01:05.834Z	65acdb7f-b63a-5d55-811e-8571cdeb83dd	INFO	Start syncing the balance {
  transaction: {
    id: '01HK5ZNMCWFK8EJPN8W3WC590X',
    userId: '63343c80-84bb-4ee2-9ce8-e26158580546',
    currency: 'BHD',
    amount: 8,
    vat: 0,
    oldBalance: 136,
    newBalance: 128
  }
}

2024-01-02T21:01:05.884Z 2024-01-02T21:01:05.884Z	65acdb7f-b63a-5d55-811e-8571cdeb83dd	INFO	SubscriptionBalanceUpdated event published

2024-01-02T21:01:05.901Z 2024-01-02T21:01:05.901Z	65acdb7f-b63a-5d55-811e-8571cdeb83dd	INFO	Processing message b7d838ef-deb2-4573-9d1b-ded98380f56c

2024-01-02T21:01:05.907Z 2024-01-02T21:01:05.907Z	65acdb7f-b63a-5d55-811e-8571cdeb83dd	INFO	Start syncing the balance {
  transaction: {
    id: '01HK5ZNMVNAXGAK2H8ZJ18BWDM',
    userId: 'da3380f3-1016-4965-881a-0bb66f3a801e',
    currency: 'BHD',
    amount: 1.8,
    vat: 0,
    oldBalance: 32.4,
    newBalance: 30.6
  }
}

2024-01-02T21:01:05.945Z 2024-01-02T21:01:05.945Z	65acdb7f-b63a-5d55-811e-8571cdeb83dd	INFO	SubscriptionBalanceUpdated event published

2024-01-02T21:01:05.960Z 2024-01-02T21:01:05.960Z	65acdb7f-b63a-5d55-811e-8571cdeb83dd	ERROR	Subscription balance and payment balance are not in sync {
  userId: 'da3380f3-1016-4965-881a-0bb66f3a801e',
  subscriptionBalance: 32.4,
  paymentBalance: 28.8
}

2024-01-02T21:01:05.975Z 2024-01-02T21:01:05.975Z	65acdb7f-b63a-5d55-811e-8571cdeb83dd	INFO	Processing message 6e329f15-60c4-48f1-a7c5-54af284bb94f

2024-01-02T21:01:05.983Z 2024-01-02T21:01:05.983Z	65acdb7f-b63a-5d55-811e-8571cdeb83dd	INFO	Start syncing the balance {
  transaction: {
    id: '01HK5ZNMPKXC4F9X3QS74C96RK',
    userId: 'b66d065b-3a4b-4871-9d0c-99701e74c8e9',
    currency: 'SAR',
    amount: 90,
    vat: 0,
    oldBalance: 24492,
    newBalance: 24402
  }
}

2024-01-02T21:01:06.026Z 2024-01-02T21:01:06.026Z	65acdb7f-b63a-5d55-811e-8571cdeb83dd	INFO	SubscriptionBalanceUpdated event published

2024-01-02T21:01:06.046Z 2024-01-02T21:01:06.046Z	65acdb7f-b63a-5d55-811e-8571cdeb83dd	ERROR	Subscription balance and payment balance are not in sync {
  userId: 'b66d065b-3a4b-4871-9d0c-99701e74c8e9',
  subscriptionBalance: 24492,
  paymentBalance: 32070
}

2024-01-02T21:01:06.060Z 2024-01-02T21:01:06.060Z	65acdb7f-b63a-5d55-811e-8571cdeb83dd	INFO	Processing message 126b9d2b-747b-405c-a715-55a8d6f7b4c3

2024-01-02T21:01:06.067Z 2024-01-02T21:01:06.067Z	65acdb7f-b63a-5d55-811e-8571cdeb83dd	INFO	Start syncing the balance {
  transaction: {
    id: '01HK5ZNN66JRPDSMJZ7X7ZV1XX',
    userId: 'e86bf810-ce46-40cb-b7d0-fbc8517fe1a1',
    currency: 'SAR',
    amount: 90,
    vat: 0,
    oldBalance: 540,
    newBalance: 450
  }
}

2024-01-02T21:01:06.131Z 2024-01-02T21:01:06.131Z	65acdb7f-b63a-5d55-811e-8571cdeb83dd	INFO	SubscriptionBalanceUpdated event published

2024-01-02T21:01:06.143Z 2024-01-02T21:01:06.143Z	65acdb7f-b63a-5d55-811e-8571cdeb83dd	INFO	Processing message 9b7e345f-48e7-4158-b617-767cc05b9efd

2024-01-02T21:01:06.149Z 2024-01-02T21:01:06.149Z	65acdb7f-b63a-5d55-811e-8571cdeb83dd	INFO	Start syncing the balance {
  transaction: {
    id: '01HK5ZNN1K5HW356QK1WNE2P7M',
    userId: 'd7ce460e-e3fa-41f1-9bd7-1151e0cd9e9f',
    currency: 'SAR',
    amount: 90,
    vat: 0,
    oldBalance: 810,
    newBalance: 720
  }
}

2024-01-02T21:01:06.186Z 2024-01-02T21:01:06.186Z	65acdb7f-b63a-5d55-811e-8571cdeb83dd	INFO	SubscriptionBalanceUpdated event published

2024-01-02T21:01:06.201Z 2024-01-02T21:01:06.201Z	65acdb7f-b63a-5d55-811e-8571cdeb83dd	INFO	Processing message b35712d0-5358-4bb8-8c78-f29e74f3f164

2024-01-02T21:01:06.207Z 2024-01-02T21:01:06.207Z	65acdb7f-b63a-5d55-811e-8571cdeb83dd	INFO	Start syncing the balance {
  transaction: {
    id: '01HK5ZNNBFFJ1ZAMBGS1C92P4V',
    userId: 'e6e32af4-13ec-4de2-8953-7da6e5e355c6',
    currency: 'BHD',
    amount: 8,
    vat: 0,
    oldBalance: 136,
    newBalance: 128
  }
}

2024-01-02T21:01:06.261Z 2024-01-02T21:01:06.261Z	65acdb7f-b63a-5d55-811e-8571cdeb83dd	INFO	SubscriptionBalanceUpdated event published

2024-01-02T21:01:06.277Z 2024-01-02T21:01:06.277Z	65acdb7f-b63a-5d55-811e-8571cdeb83dd	INFO	Processing message 6eb2dda4-16ab-4235-a5a8-009d854bddd3

2024-01-02T21:01:06.284Z 2024-01-02T21:01:06.284Z	65acdb7f-b63a-5d55-811e-8571cdeb83dd	INFO	Start syncing the balance {
  transaction: {
    id: '01HK5ZNNGVN4WVX7BGSS4HGAXG',
    userId: '34ba33ca-e3cd-4897-b0b0-771c0ea7407a',
    currency: 'SAR',
    amount: 90,
    vat: 0,
    oldBalance: 1000,
    newBalance: 910
  }
}

2024-01-02T21:01:06.324Z 2024-01-02T21:01:06.324Z	65acdb7f-b63a-5d55-811e-8571cdeb83dd	INFO	SubscriptionBalanceUpdated event published

2024-01-02T21:01:06.338Z 2024-01-02T21:01:06.338Z	65acdb7f-b63a-5d55-811e-8571cdeb83dd	ERROR	Subscription balance and payment balance are not in sync {
  userId: '34ba33ca-e3cd-4897-b0b0-771c0ea7407a',
  subscriptionBalance: 1000,
  paymentBalance: -10750
}

2024-01-02T21:01:06.353Z END RequestId: 65acdb7f-b63a-5d55-811e-8571cdeb83dd

2024-01-02T21:01:06.353Z REPORT RequestId: 65acdb7f-b63a-5d55-811e-8571cdeb83dd	Duration: 788.49 ms	Billed Duration: 789 ms	Memory Size: 512 MB	Max Memory Used: 122 MB	

2024-01-02T21:01:06.511Z START RequestId: 2093b7fa-6e34-59ac-b123-e9f415e6c556 Version: $LATEST

2024-01-02T21:01:06.534Z 2024-01-02T21:01:06.534Z	2093b7fa-6e34-59ac-b123-e9f415e6c556	INFO	Processing message 8480dd56-5397-418f-a7be-ef21a79384d6

2024-01-02T21:01:06.542Z 2024-01-02T21:01:06.542Z	2093b7fa-6e34-59ac-b123-e9f415e6c556	INFO	Start syncing the balance {
  transaction: {
    id: '01HK5ZNR6H4JEK1XBHEZV2Z6D7',
    userId: '53fbb8f0-608a-43af-b8c0-ba03894e147a',
    currency: 'BHD',
    amount: 9,
    vat: 0,
    oldBalance: 264,
    newBalance: 255
  }
}

2024-01-02T21:01:06.579Z 2024-01-02T21:01:06.579Z	2093b7fa-6e34-59ac-b123-e9f415e6c556	INFO	SubscriptionBalanceUpdated event published

2024-01-02T21:01:06.595Z 2024-01-02T21:01:06.595Z	2093b7fa-6e34-59ac-b123-e9f415e6c556	ERROR	Subscription balance and payment balance are not in sync {
  userId: '53fbb8f0-608a-43af-b8c0-ba03894e147a',
  subscriptionBalance: 264,
  paymentBalance: 246
}

2024-01-02T21:01:06.610Z 2024-01-02T21:01:06.610Z	2093b7fa-6e34-59ac-b123-e9f415e6c556	INFO	Processing message 8255309d-52e3-4d30-9105-d919c2d6bfbf

2024-01-02T21:01:06.618Z 2024-01-02T21:01:06.618Z	2093b7fa-6e34-59ac-b123-e9f415e6c556	INFO	Start syncing the balance {
  transaction: {
    id: '01HK5ZNR5WQS3RG528R88CFMZ5',
    userId: '2669d640-a5cb-4d0d-a4b3-e95de0b3f4ad',
    currency: 'BHD',
    amount: 9,
    vat: 0,
    oldBalance: 246,
    newBalance: 237
  }
}

2024-01-02T21:01:06.670Z 2024-01-02T21:01:06.670Z	2093b7fa-6e34-59ac-b123-e9f415e6c556	INFO	SubscriptionBalanceUpdated event published

2024-01-02T21:01:06.685Z 2024-01-02T21:01:06.685Z	2093b7fa-6e34-59ac-b123-e9f415e6c556	ERROR	Subscription balance and payment balance are not in sync {
  userId: '2669d640-a5cb-4d0d-a4b3-e95de0b3f4ad',
  subscriptionBalance: 246,
  paymentBalance: 228
}

2024-01-02T21:01:06.698Z 2024-01-02T21:01:06.698Z	2093b7fa-6e34-59ac-b123-e9f415e6c556	INFO	Processing message 353d11f6-5398-4917-a05a-3eebb68b22c2

2024-01-02T21:01:06.705Z 2024-01-02T21:01:06.705Z	2093b7fa-6e34-59ac-b123-e9f415e6c556	INFO	Start syncing the balance {
  transaction: {
    id: '01HK5ZNR9CETZPJ6M7Q57CNBJR',
    userId: '8b293101-dfef-43ed-9095-ac05a1507d34',
    currency: 'BHD',
    amount: 8,
    vat: 0,
    oldBalance: 137.362,
    newBalance: 129.362
  }
}

2024-01-02T21:01:06.742Z 2024-01-02T21:01:06.742Z	2093b7fa-6e34-59ac-b123-e9f415e6c556	INFO	SubscriptionBalanceUpdated event published

2024-01-02T21:01:06.757Z 2024-01-02T21:01:06.757Z	2093b7fa-6e34-59ac-b123-e9f415e6c556	INFO	Processing message 2f8c8110-ed63-4155-b5c7-e96b5cbf7bc0

2024-01-02T21:01:06.762Z 2024-01-02T21:01:06.762Z	2093b7fa-6e34-59ac-b123-e9f415e6c556	INFO	Start syncing the balance {
  transaction: {
    id: '01HK5ZNRBWGDVYA85P5YBF9PQ9',
    userId: '3639cd54-828d-42e4-a9c7-11f8ebe50f33',
    currency: 'QAR',
    amount: 120,
    vat: 0,
    oldBalance: 1800,
    newBalance: 1680
  }
}

2024-01-02T21:01:06.803Z 2024-01-02T21:01:06.803Z	2093b7fa-6e34-59ac-b123-e9f415e6c556	INFO	SubscriptionBalanceUpdated event published

2024-01-02T21:01:07.054Z 2024-01-02T21:01:07.054Z	2093b7fa-6e34-59ac-b123-e9f415e6c556	INFO	Processing message 2e46d527-43ab-4d4a-a750-9590821bd14d

2024-01-02T21:01:07.060Z 2024-01-02T21:01:07.060Z	2093b7fa-6e34-59ac-b123-e9f415e6c556	INFO	Start syncing the balance {
  transaction: {
    id: '01HK5ZNRESEJ9MJ42Y2J4BV0J3',
    userId: '2df943b0-bad8-4eea-85d0-7a6a006f599d',
    currency: 'BHD',
    amount: 8,
    vat: 0,
    oldBalance: 145.5,
    newBalance: 137.5
  }
}

2024-01-02T21:01:07.108Z 2024-01-02T21:01:07.108Z	2093b7fa-6e34-59ac-b123-e9f415e6c556	INFO	SubscriptionBalanceUpdated event published

2024-01-02T21:01:07.121Z 2024-01-02T21:01:07.121Z	2093b7fa-6e34-59ac-b123-e9f415e6c556	INFO	Processing message d0ce3d27-8bcb-47a4-b9f0-663a8a45427c

2024-01-02T21:01:07.128Z 2024-01-02T21:01:07.128Z	2093b7fa-6e34-59ac-b123-e9f415e6c556	INFO	Start syncing the balance {
  transaction: {
    id: '01HK5ZNRH5XSJKY9A0MSYVYC4C',
    userId: '4e9fc563-f427-44bc-974e-75b89833018f',
    currency: 'BHD',
    amount: 9,
    vat: 0,
    oldBalance: 264,
    newBalance: 255
  }
}

2024-01-02T21:01:07.175Z 2024-01-02T21:01:07.175Z	2093b7fa-6e34-59ac-b123-e9f415e6c556	INFO	SubscriptionBalanceUpdated event published

2024-01-02T21:01:07.189Z 2024-01-02T21:01:07.189Z	2093b7fa-6e34-59ac-b123-e9f415e6c556	ERROR	Subscription balance and payment balance are not in sync {
  userId: '4e9fc563-f427-44bc-974e-75b89833018f',
  subscriptionBalance: 264,
  paymentBalance: 246
}

2024-01-02T21:01:07.209Z 2024-01-02T21:01:07.209Z	2093b7fa-6e34-59ac-b123-e9f415e6c556	INFO	Processing message 45ad8235-0829-49d0-9de4-d235aec04053

2024-01-02T21:01:07.215Z 2024-01-02T21:01:07.215Z	2093b7fa-6e34-59ac-b123-e9f415e6c556	INFO	Start syncing the balance {
  transaction: {
    id: '01HK5ZNRKH0QQFVQAEDAWNCR18',
    userId: 'f434d164-8656-429c-a7c9-fc4ab238f377',
    currency: 'BHD',
    amount: 8,
    vat: 0,
    oldBalance: 160,
    newBalance: 152
  }
}

2024-01-02T21:01:07.264Z 2024-01-02T21:01:07.264Z	2093b7fa-6e34-59ac-b123-e9f415e6c556	INFO	SubscriptionBalanceUpdated event published

2024-01-02T21:01:07.277Z 2024-01-02T21:01:07.277Z	2093b7fa-6e34-59ac-b123-e9f415e6c556	INFO	Processing message 9edd4c8c-8afb-42da-bef3-3900c4e40cb3

2024-01-02T21:01:07.306Z 2024-01-02T21:01:07.306Z	2093b7fa-6e34-59ac-b123-e9f415e6c556	INFO	Start syncing the balance {
  transaction: {
    id: '01HK5ZNRMQGZMASDPA78GDJWZA',
    userId: '582f1b94-4c13-41e6-81ec-6203bb0f2a06',
    currency: 'BHD',
    amount: 9,
    vat: 0,
    oldBalance: 252.5,
    newBalance: 243.5
  }
}

2024-01-02T21:01:07.366Z 2024-01-02T21:01:07.366Z	2093b7fa-6e34-59ac-b123-e9f415e6c556	INFO	SubscriptionBalanceUpdated event published

2024-01-02T21:01:07.397Z 2024-01-02T21:01:07.397Z	2093b7fa-6e34-59ac-b123-e9f415e6c556	ERROR	Subscription balance and payment balance are not in sync {
  userId: '582f1b94-4c13-41e6-81ec-6203bb0f2a06',
  subscriptionBalance: 252.5,
  paymentBalance: 234.5
}

2024-01-02T21:01:07.446Z 2024-01-02T21:01:07.446Z	2093b7fa-6e34-59ac-b123-e9f415e6c556	INFO	Processing message 7c50fe82-0ea8-4d7b-9059-ce2559c52de4

2024-01-02T21:01:07.453Z 2024-01-02T21:01:07.453Z	2093b7fa-6e34-59ac-b123-e9f415e6c556	INFO	Start syncing the balance {
  transaction: {
    id: '01HK5ZNRSZ9FVNR90TKB28SJRE',
    userId: 'bd7971c8-c11b-46ab-96c7-105eb10b444e',
    currency: 'BHD',
    amount: 9,
    vat: 0,
    oldBalance: 282,
    newBalance: 273
  }
}

2024-01-02T21:01:07.528Z 2024-01-02T21:01:07.528Z	2093b7fa-6e34-59ac-b123-e9f415e6c556	INFO	SubscriptionBalanceUpdated event published

2024-01-02T21:01:07.543Z 2024-01-02T21:01:07.543Z	2093b7fa-6e34-59ac-b123-e9f415e6c556	ERROR	Subscription balance and payment balance are not in sync {
  userId: 'bd7971c8-c11b-46ab-96c7-105eb10b444e',
  subscriptionBalance: 282,
  paymentBalance: 264
}

2024-01-02T21:01:07.572Z END RequestId: 2093b7fa-6e34-59ac-b123-e9f415e6c556

2024-01-02T21:01:07.572Z REPORT RequestId: 2093b7fa-6e34-59ac-b123-e9f415e6c556	Duration: 1061.42 ms	Billed Duration: 1062 ms	Memory Size: 512 MB	Max Memory Used: 128 MB	
XRAY TraceId: 1-65947992-0cffee1ab2e707359607eb35	SegmentId: 3f48625d4bed4ea1	Sampled: true	

2024-01-02T21:01:07.633Z START RequestId: 0bbef29e-4336-5ce8-85bd-ac9038e47012 Version: $LATEST

2024-01-02T21:01:07.661Z 2024-01-02T21:01:07.661Z	0bbef29e-4336-5ce8-85bd-ac9038e47012	INFO	Processing message a945931e-d2a0-4a8e-a7d2-387b57895589

2024-01-02T21:01:07.668Z 2024-01-02T21:01:07.668Z	0bbef29e-4336-5ce8-85bd-ac9038e47012	INFO	Start syncing the balance {
  transaction: {
    id: '01HK5ZNS3WWD196JF5Q1DX6FVP',
    userId: 'b7a2c1ee-9a46-4e58-aa9e-b5844eb18752',
    currency: 'SAR',
    amount: 90,
    vat: 0,
    oldBalance: 2449,
    newBalance: 2359
  }
}

2024-01-02T21:01:07.707Z 2024-01-02T21:01:07.707Z	0bbef29e-4336-5ce8-85bd-ac9038e47012	INFO	SubscriptionBalanceUpdated event published

2024-01-02T21:01:07.720Z 2024-01-02T21:01:07.720Z	0bbef29e-4336-5ce8-85bd-ac9038e47012	INFO	Processing message ef53b0c4-9012-4465-8b48-34120b37f13d

2024-01-02T21:01:07.729Z 2024-01-02T21:01:07.729Z	0bbef29e-4336-5ce8-85bd-ac9038e47012	INFO	Start syncing the balance {
  transaction: {
    id: '01HK5ZNS94QNMX2RCYHF7FCXGJ',
    userId: '95548cdd-9c30-4a34-8e13-6b526f0426da',
    currency: 'BHD',
    amount: 8,
    vat: 0,
    oldBalance: 340.267,
    newBalance: 332.267
  }
}

2024-01-02T21:01:07.771Z 2024-01-02T21:01:07.771Z	0bbef29e-4336-5ce8-85bd-ac9038e47012	INFO	SubscriptionBalanceUpdated event published

2024-01-02T21:01:07.788Z END RequestId: 0bbef29e-4336-5ce8-85bd-ac9038e47012

2024-01-02T21:01:07.788Z REPORT RequestId: 0bbef29e-4336-5ce8-85bd-ac9038e47012	Duration: 155.00 ms	Billed Duration: 155 ms	Memory Size: 512 MB	Max Memory Used: 128 MB	

2024-01-02T21:01:08.680Z START RequestId: 826ef444-7b6a-532b-876d-aa4a00bebfd1 Version: $LATEST

2024-01-02T21:01:08.705Z 2024-01-02T21:01:08.705Z	826ef444-7b6a-532b-876d-aa4a00bebfd1	INFO	Processing message 7efd8532-15d4-4e3a-a4bb-7f7f04d6e824

2024-01-02T21:01:08.710Z 2024-01-02T21:01:08.710Z	826ef444-7b6a-532b-876d-aa4a00bebfd1	INFO	Start syncing the balance {
  transaction: {
    id: '01HK5ZNSYHGZ9RKABSK1GWNSSD',
    userId: 'c223aaaf-caf0-4f2a-a3b9-af020634288d',
    currency: 'BHD',
    amount: 9,
    vat: 0,
    oldBalance: 243,
    newBalance: 234
  }
}

2024-01-02T21:01:08.757Z 2024-01-02T21:01:08.757Z	826ef444-7b6a-532b-876d-aa4a00bebfd1	INFO	SubscriptionBalanceUpdated event published

2024-01-02T21:01:08.771Z 2024-01-02T21:01:08.771Z	826ef444-7b6a-532b-876d-aa4a00bebfd1	ERROR	Subscription balance and payment balance are not in sync {
  userId: 'c223aaaf-caf0-4f2a-a3b9-af020634288d',
  subscriptionBalance: 243,
  paymentBalance: 225
}

2024-01-02T21:01:08.789Z 2024-01-02T21:01:08.789Z	826ef444-7b6a-532b-876d-aa4a00bebfd1	INFO	Processing message 8a2896fb-d6fb-4fad-8f7f-1236172ac036

2024-01-02T21:01:08.795Z 2024-01-02T21:01:08.795Z	826ef444-7b6a-532b-876d-aa4a00bebfd1	INFO	Start syncing the balance {
  transaction: {
    id: '01HK5ZNSVFEQF8CYPWY5FKBQRF',
    userId: '7c820a39-47da-469c-ac7b-7207cc4dcb4b',
    currency: 'BHD',
    amount: 8,
    vat: 0,
    oldBalance: 64,
    newBalance: 56
  }
}

2024-01-02T21:01:08.838Z 2024-01-02T21:01:08.838Z	826ef444-7b6a-532b-876d-aa4a00bebfd1	INFO	SubscriptionBalanceUpdated event published

2024-01-02T21:01:08.887Z 2024-01-02T21:01:08.887Z	826ef444-7b6a-532b-876d-aa4a00bebfd1	INFO	Processing message 746c92c4-bfe8-4f41-9494-ed0e20748a63

2024-01-02T21:01:08.896Z 2024-01-02T21:01:08.896Z	826ef444-7b6a-532b-876d-aa4a00bebfd1	INFO	Start syncing the balance {
  transaction: {
    id: '01HK5ZNSXN8E9EP5JBYYMHX6AD',
    userId: '66a734f3-a86b-477a-929e-50e078195a91',
    currency: 'BHD',
    amount: 9,
    vat: 0,
    oldBalance: 228,
    newBalance: 219
  }
}

2024-01-02T21:01:08.936Z 2024-01-02T21:01:08.936Z	826ef444-7b6a-532b-876d-aa4a00bebfd1	INFO	SubscriptionBalanceUpdated event published

2024-01-02T21:01:08.966Z 2024-01-02T21:01:08.966Z	826ef444-7b6a-532b-876d-aa4a00bebfd1	ERROR	Subscription balance and payment balance are not in sync {
  userId: '66a734f3-a86b-477a-929e-50e078195a91',
  subscriptionBalance: 228,
  paymentBalance: 210
}

2024-01-02T21:01:08.985Z 2024-01-02T21:01:08.985Z	826ef444-7b6a-532b-876d-aa4a00bebfd1	INFO	Processing message 650e087f-a64a-416a-b788-9efdf862f9bc

2024-01-02T21:01:08.991Z 2024-01-02T21:01:08.991Z	826ef444-7b6a-532b-876d-aa4a00bebfd1	INFO	Start syncing the balance {
  transaction: {
    id: '01HK5ZNT1RTETGVCF4FK3CRSMP',
    userId: 'a6e2e5da-e8dc-4cba-832d-054fffd5da4d',
    currency: 'BHD',
    amount: 8,
    vat: 0,
    oldBalance: 58,
    newBalance: 50
  }
}

2024-01-02T21:01:09.032Z 2024-01-02T21:01:09.032Z	826ef444-7b6a-532b-876d-aa4a00bebfd1	INFO	SubscriptionBalanceUpdated event published

2024-01-02T21:01:09.046Z 2024-01-02T21:01:09.046Z	826ef444-7b6a-532b-876d-aa4a00bebfd1	INFO	Processing message 8e48855b-7325-4b8c-9713-532fcbae5c2b

2024-01-02T21:01:09.053Z 2024-01-02T21:01:09.053Z	826ef444-7b6a-532b-876d-aa4a00bebfd1	INFO	Start syncing the balance {
  transaction: {
    id: '01HK5ZNT7YGRB4V3SBB2R6JNRG',
    userId: '1b171d44-c711-4d92-987a-51b0e2b133d8',
    currency: 'BHD',
    amount: 9,
    vat: 0,
    oldBalance: 234,
    newBalance: 225
  }
}

2024-01-02T21:01:09.108Z 2024-01-02T21:01:09.108Z	826ef444-7b6a-532b-876d-aa4a00bebfd1	INFO	SubscriptionBalanceUpdated event published

2024-01-02T21:01:09.129Z 2024-01-02T21:01:09.129Z	826ef444-7b6a-532b-876d-aa4a00bebfd1	ERROR	Subscription balance and payment balance are not in sync {
  userId: '1b171d44-c711-4d92-987a-51b0e2b133d8',
  subscriptionBalance: 234,
  paymentBalance: 216
}

2024-01-02T21:01:09.145Z 2024-01-02T21:01:09.145Z	826ef444-7b6a-532b-876d-aa4a00bebfd1	INFO	Processing message a48371c7-8af5-4ab2-962f-f223ae3e66cf

2024-01-02T21:01:09.150Z 2024-01-02T21:01:09.150Z	826ef444-7b6a-532b-876d-aa4a00bebfd1	INFO	Start syncing the balance {
  transaction: {
    id: '01HK5ZNT2NJ7KEPZ9C5CCH4BB9',
    userId: 'd90f50f5-4657-452d-a172-20c8d89dfc94',
    currency: 'BHD',
    amount: 9,
    vat: 0,
    oldBalance: 234,
    newBalance: 225
  }
}

2024-01-02T21:01:09.188Z 2024-01-02T21:01:09.188Z	826ef444-7b6a-532b-876d-aa4a00bebfd1	INFO	SubscriptionBalanceUpdated event published

2024-01-02T21:01:09.200Z 2024-01-02T21:01:09.200Z	826ef444-7b6a-532b-876d-aa4a00bebfd1	ERROR	Subscription balance and payment balance are not in sync {
  userId: 'd90f50f5-4657-452d-a172-20c8d89dfc94',
  subscriptionBalance: 234,
  paymentBalance: 216
}

2024-01-02T21:01:09.216Z 2024-01-02T21:01:09.216Z	826ef444-7b6a-532b-876d-aa4a00bebfd1	INFO	Processing message dce0118f-8638-4a63-95d8-842fa053981f

2024-01-02T21:01:09.224Z 2024-01-02T21:01:09.224Z	826ef444-7b6a-532b-876d-aa4a00bebfd1	INFO	Start syncing the balance {
  transaction: {
    id: '01HK5ZNT5EWV430G0F4RADD5JQ',
    userId: '8c1ac27b-4b34-4d12-b590-9279bbe32c5d',
    currency: 'BHD',
    amount: 4,
    vat: 0,
    oldBalance: 52.2,
    newBalance: 48.2
  }
}

2024-01-02T21:01:09.266Z 2024-01-02T21:01:09.266Z	826ef444-7b6a-532b-876d-aa4a00bebfd1	INFO	SubscriptionBalanceUpdated event published

2024-01-02T21:01:09.280Z 2024-01-02T21:01:09.280Z	826ef444-7b6a-532b-876d-aa4a00bebfd1	ERROR	Subscription balance and payment balance are not in sync {
  userId: '8c1ac27b-4b34-4d12-b590-9279bbe32c5d',
  subscriptionBalance: 52.2,
  paymentBalance: -8.8
}

2024-01-02T21:01:09.295Z 2024-01-02T21:01:09.295Z	826ef444-7b6a-532b-876d-aa4a00bebfd1	INFO	Processing message 7fa803a0-63b6-4b80-959b-728adc8aedef

2024-01-02T21:01:09.301Z 2024-01-02T21:01:09.301Z	826ef444-7b6a-532b-876d-aa4a00bebfd1	INFO	Start syncing the balance {
  transaction: {
    id: '01HK5ZNTAPCR30VYVTC7T074NH',
    userId: '5c728008-b183-4a76-9a0e-d1c0604253f1',
    currency: 'BHD',
    amount: 9,
    vat: 0,
    oldBalance: 234.5,
    newBalance: 225.5
  }
}

2024-01-02T21:01:09.344Z 2024-01-02T21:01:09.344Z	826ef444-7b6a-532b-876d-aa4a00bebfd1	INFO	SubscriptionBalanceUpdated event published

2024-01-02T21:01:09.358Z 2024-01-02T21:01:09.358Z	826ef444-7b6a-532b-876d-aa4a00bebfd1	ERROR	Subscription balance and payment balance are not in sync {
  userId: '5c728008-b183-4a76-9a0e-d1c0604253f1',
  subscriptionBalance: 234.5,
  paymentBalance: 216.5
}

2024-01-02T21:01:09.378Z 2024-01-02T21:01:09.378Z	826ef444-7b6a-532b-876d-aa4a00bebfd1	INFO	Processing message eb82af02-f09f-475e-8e47-13d5888d287e

2024-01-02T21:01:09.384Z 2024-01-02T21:01:09.384Z	826ef444-7b6a-532b-876d-aa4a00bebfd1	INFO	Start syncing the balance {
  transaction: {
    id: '01HK5ZNTA7MV87EEKH6EQRZTST',
    userId: '2c77a724-b701-4868-b804-c96855a3e9d8',
    currency: 'BHD',
    amount: 8,
    vat: 0,
    oldBalance: 1673.3,
    newBalance: 1665.3
  }
}

2024-01-02T21:01:09.425Z 2024-01-02T21:01:09.425Z	826ef444-7b6a-532b-876d-aa4a00bebfd1	INFO	SubscriptionBalanceUpdated event published

2024-01-02T21:01:09.438Z 2024-01-02T21:01:09.438Z	826ef444-7b6a-532b-876d-aa4a00bebfd1	INFO	Processing message cfc3d8da-7111-4996-8cd7-49bf7ae9e23d

2024-01-02T21:01:09.454Z 2024-01-02T21:01:09.454Z	826ef444-7b6a-532b-876d-aa4a00bebfd1	INFO	Start syncing the balance {
  transaction: {
    id: '01HK5ZNTE4GP5XNE3A8A9V8WXZ',
    userId: '66bbc06f-0bb0-40a8-9b2f-ca307be70653',
    currency: 'BHD',
    amount: 9,
    vat: 0,
    oldBalance: 234,
    newBalance: 225
  }
}

2024-01-02T21:01:09.498Z 2024-01-02T21:01:09.498Z	826ef444-7b6a-532b-876d-aa4a00bebfd1	INFO	SubscriptionBalanceUpdated event published

2024-01-02T21:01:09.512Z 2024-01-02T21:01:09.512Z	826ef444-7b6a-532b-876d-aa4a00bebfd1	ERROR	Subscription balance and payment balance are not in sync {
  userId: '66bbc06f-0bb0-40a8-9b2f-ca307be70653',
  subscriptionBalance: 234,
  paymentBalance: 216
}

2024-01-02T21:01:09.529Z END RequestId: 826ef444-7b6a-532b-876d-aa4a00bebfd1

2024-01-02T21:01:09.529Z REPORT RequestId: 826ef444-7b6a-532b-876d-aa4a00bebfd1	Duration: 849.40 ms	Billed Duration: 850 ms	Memory Size: 512 MB	Max Memory Used: 129 MB	
XRAY TraceId: 1-65947994-c9df2227520ac24dc28d578c	SegmentId: 01f2d4844ea98577	Sampled: true	

2024-01-02T21:01:09.727Z START RequestId: 8f38536c-f80d-553c-99b4-0d6283d8ebb4 Version: $LATEST

2024-01-02T21:01:09.756Z 2024-01-02T21:01:09.756Z	8f38536c-f80d-553c-99b4-0d6283d8ebb4	INFO	Processing message d95f1ce4-b6ed-45ce-b572-8d48a28d562c

2024-01-02T21:01:09.761Z 2024-01-02T21:01:09.761Z	8f38536c-f80d-553c-99b4-0d6283d8ebb4	INFO	Start syncing the balance {
  transaction: {
    id: '01HK5ZNTFN4QKJPXGTGF73G0E4',
    userId: '705f6d18-f5fe-4202-beb9-bc39461813ce',
    currency: 'BHD',
    amount: 8,
    vat: 0,
    oldBalance: 848,
    newBalance: 840
  }
}

2024-01-02T21:01:09.802Z 2024-01-02T21:01:09.802Z	8f38536c-f80d-553c-99b4-0d6283d8ebb4	INFO	SubscriptionBalanceUpdated event published

2024-01-02T21:01:09.815Z 2024-01-02T21:01:09.815Z	8f38536c-f80d-553c-99b4-0d6283d8ebb4	INFO	Processing message 396b063f-a2aa-47f3-9782-1d4124009766

2024-01-02T21:01:09.821Z 2024-01-02T21:01:09.821Z	8f38536c-f80d-553c-99b4-0d6283d8ebb4	INFO	Start syncing the balance {
  transaction: {
    id: '01HK5ZNTR8XEPF590V9YBPQ0E9',
    userId: '7ea81f9e-1a24-4664-bd94-4d88dc6fd07d',
    currency: 'BHD',
    amount: 8,
    vat: 0,
    oldBalance: 49.5,
    newBalance: 41.5
  }
}

2024-01-02T21:01:09.867Z 2024-01-02T21:01:09.867Z	8f38536c-f80d-553c-99b4-0d6283d8ebb4	INFO	SubscriptionBalanceUpdated event published

2024-01-02T21:01:09.881Z 2024-01-02T21:01:09.881Z	8f38536c-f80d-553c-99b4-0d6283d8ebb4	INFO	Processing message 636862ac-0b6a-49b0-8a46-dc4c937dde6c

2024-01-02T21:01:09.890Z 2024-01-02T21:01:09.890Z	8f38536c-f80d-553c-99b4-0d6283d8ebb4	INFO	Start syncing the balance {
  transaction: {
    id: '01HK5ZNTK605QJRB1GZ3QXFC3P',
    userId: 'ba2e276d-05a7-4152-9502-d1f8a9997ccd',
    currency: 'BHD',
    amount: 8,
    vat: 0,
    oldBalance: 32,
    newBalance: 24
  }
}

2024-01-02T21:01:09.971Z 2024-01-02T21:01:09.971Z	8f38536c-f80d-553c-99b4-0d6283d8ebb4	INFO	SubscriptionBalanceUpdated event published

2024-01-02T21:01:09.984Z 2024-01-02T21:01:09.984Z	8f38536c-f80d-553c-99b4-0d6283d8ebb4	INFO	Processing message 61e1740f-56a1-45fb-aa19-734593e50da0

2024-01-02T21:01:10.003Z 2024-01-02T21:01:10.003Z	8f38536c-f80d-553c-99b4-0d6283d8ebb4	INFO	Start syncing the balance {
  transaction: {
    id: '01HK5ZNTN8CJAFVW8JHFZ8BREQ',
    userId: '34d90c4b-3fc8-43e7-b9ae-e41cf4ba2127',
    currency: 'SAR',
    amount: 90,
    vat: 0,
    oldBalance: 1530,
    newBalance: 1440
  }
}

2024-01-02T21:01:10.048Z 2024-01-02T21:01:10.048Z	8f38536c-f80d-553c-99b4-0d6283d8ebb4	INFO	SubscriptionBalanceUpdated event published

2024-01-02T21:01:10.061Z 2024-01-02T21:01:10.061Z	8f38536c-f80d-553c-99b4-0d6283d8ebb4	ERROR	Subscription balance and payment balance are not in sync {
  userId: '34d90c4b-3fc8-43e7-b9ae-e41cf4ba2127',
  subscriptionBalance: 1530,
  paymentBalance: 1350
}

2024-01-02T21:01:10.076Z 2024-01-02T21:01:10.076Z	8f38536c-f80d-553c-99b4-0d6283d8ebb4	INFO	Processing message ae702803-0ef3-41cc-b5d8-695d1d75487b

2024-01-02T21:01:10.084Z 2024-01-02T21:01:10.084Z	8f38536c-f80d-553c-99b4-0d6283d8ebb4	INFO	Start syncing the balance {
  transaction: {
    id: '01HK5ZNV0411TE10CMQGE2P1GG',
    userId: '8174e74c-75e4-4db5-bacb-3ee96027ea49',
    currency: 'BHD',
    amount: 8,
    vat: 0,
    oldBalance: 96,
    newBalance: 88
  }
}

2024-01-02T21:01:10.127Z 2024-01-02T21:01:10.127Z	8f38536c-f80d-553c-99b4-0d6283d8ebb4	INFO	SubscriptionBalanceUpdated event published

2024-01-02T21:01:10.143Z 2024-01-02T21:01:10.143Z	8f38536c-f80d-553c-99b4-0d6283d8ebb4	INFO	Processing message fd36adf6-75a8-457b-be16-b88b5ed03723

2024-01-02T21:01:10.149Z 2024-01-02T21:01:10.149Z	8f38536c-f80d-553c-99b4-0d6283d8ebb4	INFO	Start syncing the balance {
  transaction: {
    id: '01HK5ZNV36SSB4MR1V8A6R8TFE',
    userId: 'dad65afc-5053-4bfb-bab4-c4238e52842d',
    currency: 'BHD',
    amount: 9,
    vat: 0,
    oldBalance: 246,
    newBalance: 237
  }
}

2024-01-02T21:01:10.194Z 2024-01-02T21:01:10.194Z	8f38536c-f80d-553c-99b4-0d6283d8ebb4	INFO	SubscriptionBalanceUpdated event published

2024-01-02T21:01:10.209Z 2024-01-02T21:01:10.209Z	8f38536c-f80d-553c-99b4-0d6283d8ebb4	ERROR	Subscription balance and payment balance are not in sync {
  userId: 'dad65afc-5053-4bfb-bab4-c4238e52842d',
  subscriptionBalance: 246,
  paymentBalance: 228
}

2024-01-02T21:01:10.225Z 2024-01-02T21:01:10.225Z	8f38536c-f80d-553c-99b4-0d6283d8ebb4	INFO	Processing message 55527abb-0329-4c02-b76f-2d7bccd5a5f7

2024-01-02T21:01:10.231Z 2024-01-02T21:01:10.231Z	8f38536c-f80d-553c-99b4-0d6283d8ebb4	INFO	Start syncing the balance {
  transaction: {
    id: '01HK5ZNTTTP3MAP7V144AMWMXY',
    userId: 'ef949991-e8a5-4f14-9f66-915f761ae0f8',
    currency: 'BHD',
    amount: 9,
    vat: 0,
    oldBalance: 171,
    newBalance: 162
  }
}

2024-01-02T21:01:10.271Z 2024-01-02T21:01:10.271Z	8f38536c-f80d-553c-99b4-0d6283d8ebb4	INFO	SubscriptionBalanceUpdated event published

2024-01-02T21:01:10.287Z 2024-01-02T21:01:10.287Z	8f38536c-f80d-553c-99b4-0d6283d8ebb4	ERROR	Subscription balance and payment balance are not in sync {
  userId: 'ef949991-e8a5-4f14-9f66-915f761ae0f8',
  subscriptionBalance: 171,
  paymentBalance: 153
}

2024-01-02T21:01:10.302Z 2024-01-02T21:01:10.302Z	8f38536c-f80d-553c-99b4-0d6283d8ebb4	INFO	Processing message 9a4cf507-5e9b-45f8-a2b1-e43d6d1506c1

2024-01-02T21:01:10.308Z 2024-01-02T21:01:10.308Z	8f38536c-f80d-553c-99b4-0d6283d8ebb4	INFO	Start syncing the balance {
  transaction: {
    id: '01HK5ZNV4NAAJT7Z8VQ0VQVQXC',
    userId: '8cfb0a41-4446-43f9-8ace-c17b9c9a9c7e',
    currency: 'SAR',
    amount: 60,
    vat: 0,
    oldBalance: 18685,
    newBalance: 18625
  }
}

2024-01-02T21:01:10.351Z 2024-01-02T21:01:10.351Z	8f38536c-f80d-553c-99b4-0d6283d8ebb4	INFO	SubscriptionBalanceUpdated event published

2024-01-02T21:01:10.365Z 2024-01-02T21:01:10.365Z	8f38536c-f80d-553c-99b4-0d6283d8ebb4	INFO	Processing message b83eb486-db0e-4bca-8bf7-42fe5e66a200

2024-01-02T21:01:10.371Z 2024-01-02T21:01:10.371Z	8f38536c-f80d-553c-99b4-0d6283d8ebb4	INFO	Start syncing the balance {
  transaction: {
    id: '01HK5ZNTTWNEZ3CXX59NDNN2MV',
    userId: '04bb4389-d86e-4ffb-81f8-21c0a4c68e82',
    currency: 'BHD',
    amount: 8,
    vat: 0,
    oldBalance: 56,
    newBalance: 48
  }
}

2024-01-02T21:01:10.422Z 2024-01-02T21:01:10.422Z	8f38536c-f80d-553c-99b4-0d6283d8ebb4	INFO	SubscriptionBalanceUpdated event published

2024-01-02T21:01:10.439Z 2024-01-02T21:01:10.439Z	8f38536c-f80d-553c-99b4-0d6283d8ebb4	INFO	Processing message 71d812e7-0a91-4d64-a64c-b28dd3e5eae2

2024-01-02T21:01:10.444Z 2024-01-02T21:01:10.444Z	8f38536c-f80d-553c-99b4-0d6283d8ebb4	INFO	Start syncing the balance {
  transaction: {
    id: '01HK5ZNV6X7C5A4GRJXB3C5BN3',
    userId: '957d2c1a-b2ba-425e-8e77-49e25444b094',
    currency: 'BHD',
    amount: 6.5,
    vat: 0,
    oldBalance: 6.5,
    newBalance: 0
  }
}

2024-01-02T21:01:10.486Z 2024-01-02T21:01:10.486Z	8f38536c-f80d-553c-99b4-0d6283d8ebb4	INFO	SubscriptionBalanceUpdated event published

2024-01-02T21:01:10.502Z END RequestId: 8f38536c-f80d-553c-99b4-0d6283d8ebb4

2024-01-02T21:01:10.502Z REPORT RequestId: 8f38536c-f80d-553c-99b4-0d6283d8ebb4	Duration: 774.59 ms	Billed Duration: 775 ms	Memory Size: 512 MB	Max Memory Used: 129 MB	

