2024-04-02T19:27:33.155Z START RequestId: fdfccfa7-43a7-50f7-baad-91211df55107 Version: $LATEST

2024-04-02T19:27:33.237Z 2024-04-02T19:27:33.237Z	fdfccfa7-43a7-50f7-baad-91211df55107	INFO	Processing message e508cacb-283d-40ce-a0a5-03608fde8f46

2024-04-02T19:27:33.269Z 2024-04-02T19:27:33.269Z	fdfccfa7-43a7-50f7-baad-91211df55107	INFO	Start syncing the balance {
  transaction: {
    id: '01HTG4FVR63H5FZD58EARDDJWG',
    type: 'CREDIT',
    source: 'MANUAL_ADDITION',
    action: 'CUSTOMERS_CALO_EXPERIMENTS',
    userId: '8a3c7d93-2ee4-4723-8b89-826e752ce7bb',
    paymentBalance: 2400,
    updatePaymentBalance: true,
    metadata: '{"walletId":"wallet#8a3c7d93-2ee4-4723-8b89-826e752ce7bb","walletSk":"7fec4362-b697-4aad-882d-5f13640053ad"}',
    currency: 'QAR',
    amount: 480,
    vat: 0,
    oldBalance: 1920,
    newBalance: 2400
  }
}

2024-04-02T19:27:33.382Z 2024-04-02T19:27:33.382Z	fdfccfa7-43a7-50f7-baad-91211df55107	INFO	SubscriptionBalanceUpdated event published

2024-04-02T19:27:33.425Z END RequestId: fdfccfa7-43a7-50f7-baad-91211df55107

2024-04-02T19:27:33.425Z REPORT RequestId: fdfccfa7-43a7-50f7-baad-91211df55107	Duration: 269.67 ms	Billed Duration: 270 ms	Memory Size: 1024 MB	Max Memory Used: 115 MB	

2024-04-02T19:32:31.440Z START RequestId: 2891de12-6cdc-512b-97d6-809433a29c3d Version: $LATEST

2024-04-02T19:32:31.586Z 2024-04-02T19:32:31.586Z	2891de12-6cdc-512b-97d6-809433a29c3d	INFO	Processing message 133e50f2-56d7-4955-ad3a-998bce3f6880

2024-04-02T19:32:31.586Z 2024-04-02T19:32:31.586Z	2891de12-6cdc-512b-97d6-809433a29c3d	INFO	Skipping the balance sync for create subscription, it will be synced from create subscription payment listener

2024-04-02T19:32:31.588Z END RequestId: 2891de12-6cdc-512b-97d6-809433a29c3d

2024-04-02T19:32:31.588Z REPORT RequestId: 2891de12-6cdc-512b-97d6-809433a29c3d	Duration: 148.17 ms	Billed Duration: 149 ms	Memory Size: 1024 MB	Max Memory Used: 115 MB	

2024-04-02T19:27:19.056Z INIT_START Runtime Version: nodejs:20.v19	Runtime Version ARN: arn:aws:lambda:us-east-1::runtime:2d68d583b872accb8815f845161e9bbabc6ac3ed4d0ab8c23e75f8788cf5444a

2024-04-02T19:27:20.029Z START RequestId: 347086e4-2c79-555f-b0a7-d862723ef539 Version: $LATEST

2024-04-02T19:27:20.157Z 2024-04-02T19:27:20.157Z	347086e4-2c79-555f-b0a7-d862723ef539	INFO	Processing message d1b5255e-09b4-4095-a5a4-cf358b72f6b3

2024-04-02T19:27:20.158Z 2024-04-02T19:27:20.158Z	347086e4-2c79-555f-b0a7-d862723ef539	INFO	Skipping the balance sync for create subscription, it will be synced from create subscription payment listener

2024-04-02T19:27:20.178Z END RequestId: 347086e4-2c79-555f-b0a7-d862723ef539

2024-04-02T19:27:20.178Z REPORT RequestId: 347086e4-2c79-555f-b0a7-d862723ef539	Duration: 148.89 ms	Billed Duration: 149 ms	Memory Size: 1024 MB	Max Memory Used: 115 MB	Init Duration: 969.91 ms	

