2024-05-05T04:56:11.174Z START RequestId: 10658d14-d888-52f7-8491-d3a5cb150cc2 Version: $LATEST

2024-05-05T04:56:11.206Z 2024-05-05T04:56:11.206Z	10658d14-d888-52f7-8491-d3a5cb150cc2	INFO	Processing message 49a9cdea-049b-4cb7-abff-7ecea7ea136e

2024-05-05T04:56:11.215Z 2024-05-05T04:56:11.215Z	10658d14-d888-52f7-8491-d3a5cb150cc2	INFO	Start syncing the balance {
  transaction: {
    id: '01HX3HR239CZYGWW2J4F5YJ900',
    type: 'CREDIT',
    source: 'MANUAL_ADDITION',
    action: 'CUSTOMERS_CALO_EXPERIMENTS',
    userId: '45d9c6e4-9f0a-4a69-bc00-e458ca88b271',
    paymentBalance: 12396.52,
    updatePaymentBalance: true,
    metadata: '{"walletId":"wallet#45d9c6e4-9f0a-4a69-bc00-e458ca88b271","walletSk":"d83d0435-9cdf-48c7-9c6f-82fd128ac28f"}',
    currency: 'SAR',
    amount: 200,
    vat: 0,
    oldBalance: 12196.52,
    newBalance: 12396.52
  }
}

2024-05-05T04:56:11.286Z 2024-05-05T04:56:11.286Z	10658d14-d888-52f7-8491-d3a5cb150cc2	INFO	SubscriptionBalanceUpdated event published

2024-05-05T04:56:11.325Z END RequestId: 10658d14-d888-52f7-8491-d3a5cb150cc2

2024-05-05T04:56:11.325Z REPORT RequestId: 10658d14-d888-52f7-8491-d3a5cb150cc2	Duration: 150.62 ms	Billed Duration: 151 ms	Memory Size: 1024 MB	Max Memory Used: 120 MB	

2024-05-05T04:52:35.811Z START RequestId: c90cb1d7-5f48-5b1a-8fd7-ef664d823c31 Version: $LATEST

2024-05-05T04:52:35.864Z 2024-05-05T04:52:35.864Z	c90cb1d7-5f48-5b1a-8fd7-ef664d823c31	INFO	Processing message 914631a2-5ce0-4b46-a1fe-000f9cbaf2fb

2024-05-05T04:52:35.951Z 2024-05-05T04:52:35.951Z	c90cb1d7-5f48-5b1a-8fd7-ef664d823c31	INFO	Start syncing the balance {
  transaction: {
    id: '01HX3HHFW8KVGXXA37MWA45PMW',
    type: 'CREDIT',
    source: 'MANUAL_ADDITION',
    action: 'CUSTOMERS_CALO_EXPERIMENTS',
    userId: '45d9c6e4-9f0a-4a69-bc00-e458ca88b271',
    paymentBalance: 6198.26,
    updatePaymentBalance: true,
    metadata: '{"walletId":"wallet#45d9c6e4-9f0a-4a69-bc00-e458ca88b271","walletSk":"85ee09be-a9f5-49bc-ace6-de8df3956d3f"}',
    currency: 'SAR',
    amount: 619.83,
    vat: 0,
    oldBalance: 5578.43,
    newBalance: 6198.26
  }
}

2024-05-05T04:52:36.101Z 2024-05-05T04:52:36.101Z	c90cb1d7-5f48-5b1a-8fd7-ef664d823c31	INFO	SubscriptionBalanceUpdated event published

2024-05-05T04:52:36.158Z END RequestId: c90cb1d7-5f48-5b1a-8fd7-ef664d823c31

2024-05-05T04:52:36.158Z REPORT RequestId: c90cb1d7-5f48-5b1a-8fd7-ef664d823c31	Duration: 346.97 ms	Billed Duration: 347 ms	Memory Size: 1024 MB	Max Memory Used: 120 MB	

2024-05-05T04:56:00.908Z START RequestId: 136e0f8c-af49-542d-90ad-513dbcd26fee Version: $LATEST

2024-05-05T04:56:01.030Z 2024-05-05T04:56:01.030Z	136e0f8c-af49-542d-90ad-513dbcd26fee	INFO	Processing message 5de3e6d7-c24e-4f3c-b24f-7cd7ef767b8a

2024-05-05T04:56:01.057Z 2024-05-05T04:56:01.057Z	136e0f8c-af49-542d-90ad-513dbcd26fee	INFO	Start syncing the balance {
  transaction: {
    id: '01HX3HQR739YF63VYA7ZJC150E',
    type: 'CREDIT',
    source: 'PAYMENT',
    action: 'RENEW_SUBSCRIPTION',
    userId: '45d9c6e4-9f0a-4a69-bc00-e458ca88b271',
    paymentBalance: 12196.52,
    updatePaymentBalance: true,
    metadata: '{"walletId":"wallet#45d9c6e4-9f0a-4a69-bc00-e458ca88b271","planType":"full","goal":"loseWeight","eventSessionId":"e0920859-44e8-4569-8ce1-a2465540a949","walletSk":"d3597e54-f852-45ad-9cda-92d01be00c17","deliveryTime":"morning","dietType":"chef-picks","renewalDate":"2024-05-08","type":"preRenew","frequency":"quarterly","subscriptionCost":6198.26,"oldRemainingDays":71,"version2":true,"addonCosts":"{}","nextPlan":"{\\"id\\":\\"full\\",\\"pricePerDay\\":86.08695652173914,\\"foodType\\":[\\"breakfast\\",\\"dinner\\",\\"lunch\\",\\"snack\\"],\\"frequency\\":\\"quarterly\\",\\"dietType\\":\\"chef-picks\\",\\"type\\":\\"DATE_RANGE\\",\\"planPrice\\":6198.26,\\"startDate\\":\\"2024-05-08\\",\\"tier\\":\\"pricingKSAVatInclusiveApril2024\\",\\"deliveryDays\\":[0,1,2,3,4,6]}","addonSubscription":"[]"}',
    currency: 'SAR',
    amount: 6898,
    vat: 899.74,
    oldBalance: 6198.26,
    newBalance: 12196.52
  }
}

2024-05-05T04:56:01.157Z 2024-05-05T04:56:01.157Z	136e0f8c-af49-542d-90ad-513dbcd26fee	INFO	SubscriptionBalanceUpdated event published

2024-05-05T04:56:01.193Z END RequestId: 136e0f8c-af49-542d-90ad-513dbcd26fee

2024-05-05T04:56:01.193Z REPORT RequestId: 136e0f8c-af49-542d-90ad-513dbcd26fee	Duration: 285.21 ms	Billed Duration: 286 ms	Memory Size: 1024 MB	Max Memory Used: 120 MB	

2024-05-05T04:52:11.225Z INIT_START Runtime Version: nodejs:20.v22	Runtime Version ARN: arn:aws:lambda:us-east-1::runtime:da57c20c4b965d5b75540f6865a35fc8030358e33ec44ecfed33e90901a27a72

2024-05-05T04:52:12.244Z START RequestId: 17d855ac-7ee2-533b-bb8e-0b1d6c5025fe Version: $LATEST

2024-05-05T04:52:12.404Z 2024-05-05T04:52:12.404Z	17d855ac-7ee2-533b-bb8e-0b1d6c5025fe	INFO	Processing message 3a6d35cb-fd16-4a1d-8233-a016b9279934

2024-05-05T04:52:12.405Z 2024-05-05T04:52:12.405Z	17d855ac-7ee2-533b-bb8e-0b1d6c5025fe	INFO	Skipping the balance sync for create subscription, it will be synced from create subscription payment listener

2024-05-05T04:52:12.423Z END RequestId: 17d855ac-7ee2-533b-bb8e-0b1d6c5025fe

2024-05-05T04:52:12.423Z REPORT RequestId: 17d855ac-7ee2-533b-bb8e-0b1d6c5025fe	Duration: 178.97 ms	Billed Duration: 179 ms	Memory Size: 1024 MB	Max Memory Used: 113 MB	Init Duration: 1017.18 ms	

