2024-04-30T21:01:08.612Z INIT_START Runtime Version: nodejs:20.v22	Runtime Version ARN: arn:aws:lambda:us-east-1::runtime:da57c20c4b965d5b75540f6865a35fc8030358e33ec44ecfed33e90901a27a72

2024-04-30T21:01:09.618Z START RequestId: 634300fe-617e-53e8-8323-5e553f32e88d Version: $LATEST

2024-04-30T21:01:09.770Z 2024-04-30T21:01:09.770Z	634300fe-617e-53e8-8323-5e553f32e88d	INFO	Processing message 932c9931-d94a-4d4f-bb94-40d8823b0b51

2024-04-30T21:01:09.817Z 2024-04-30T21:01:09.817Z	634300fe-617e-53e8-8323-5e553f32e88d	INFO	Start syncing the balance {
  transaction: {
    id: '01HWRCZA9BJ9SS8B26CAPEP74A',
    type: 'DEBIT',
    source: 'MANUAL_DEDUCTION',
    action: 'DELIVERY_DEDUCTION',
    userId: 'bf6bc6e9-7965-49df-b7ec-09414e01159b',
    paymentBalance: 171,
    updatePaymentBalance: true,
    metadata: '{"walletId":"wallet#bf6bc6e9-7965-49df-b7ec-09414e01159b","deliveryId":"0a3796ab-336a-49a5-9463-1da5406e1780","walletSk":"0a3796ab-336a-49a5-9463-1da5406e1780"}',
    currency: 'BHD',
    amount: 9,
    vat: 0,
    oldBalance: 180,
    newBalance: 171
  }
}

2024-04-30T21:01:09.966Z 2024-04-30T21:01:09.966Z	634300fe-617e-53e8-8323-5e553f32e88d	INFO	SubscriptionBalanceUpdated event published

2024-04-30T21:01:10.106Z END RequestId: 634300fe-617e-53e8-8323-5e553f32e88d

2024-04-30T21:01:10.106Z REPORT RequestId: 634300fe-617e-53e8-8323-5e553f32e88d	Duration: 488.56 ms	Billed Duration: 489 ms	Memory Size: 1024 MB	Max Memory Used: 114 MB	Init Duration: 1004.70 ms	
XRAY TraceId: 1-66315c14-e04c26e52a709862cbd50878	SegmentId: 167112fe3113b720	Sampled: true	

2024-04-30T21:01:10.967Z START RequestId: fa1d9056-e5f9-5dd5-b159-cefdbbaf86b0 Version: $LATEST

2024-04-30T21:01:10.996Z 2024-04-30T21:01:10.996Z	fa1d9056-e5f9-5dd5-b159-cefdbbaf86b0	INFO	Processing message 456db497-de46-4c15-bda0-63b0c37aa130

2024-04-30T21:01:11.004Z 2024-04-30T21:01:11.004Z	fa1d9056-e5f9-5dd5-b159-cefdbbaf86b0	INFO	Start syncing the balance {
  transaction: {
    id: '01HWRCZ9W4ZMMEFX3FB2VAJP8K',
    type: 'DEBIT',
    source: 'MANUAL_DEDUCTION',
    action: 'DELIVERY_DEDUCTION',
    userId: '921f6d7c-e48e-4e91-90b4-9823e41b9c55',
    paymentBalance: 889.091,
    updatePaymentBalance: true,
    metadata: '{"walletId":"wallet#921f6d7c-e48e-4e91-90b4-9823e41b9c55","deliveryId":"b2989a93-3772-481f-a1b2-f36594e65cf9","walletSk":"b2989a93-3772-481f-a1b2-f36594e65cf9"}',
    currency: 'BHD',
    amount: 4,
    vat: 0,
    oldBalance: 893.091,
    newBalance: 889.091
  }
}

2024-04-30T21:01:11.062Z 2024-04-30T21:01:11.062Z	fa1d9056-e5f9-5dd5-b159-cefdbbaf86b0	INFO	SubscriptionBalanceUpdated event published

2024-04-30T21:01:11.077Z 2024-04-30T21:01:11.077Z	fa1d9056-e5f9-5dd5-b159-cefdbbaf86b0	INFO	Processing message 6f5a0b72-711a-4cbc-8b2d-5d3d5572ca1e

2024-04-30T21:01:11.086Z 2024-04-30T21:01:11.086Z	fa1d9056-e5f9-5dd5-b159-cefdbbaf86b0	INFO	Start syncing the balance {
  transaction: {
    id: '01HWRCZACMMF2AZNCAEPG4FM8A',
    type: 'DEBIT',
    source: 'MANUAL_DEDUCTION',
    action: 'DELIVERY_DEDUCTION',
    userId: 'bd05066f-97f4-4b07-930b-740ac832a996',
    paymentBalance: 135,
    updatePaymentBalance: true,
    metadata: '{"walletId":"wallet#bd05066f-97f4-4b07-930b-740ac832a996","deliveryId":"900500f6-147d-4ec2-9dbb-d8f0ec5560ba","walletSk":"900500f6-147d-4ec2-9dbb-d8f0ec5560ba"}',
    currency: 'BHD',
    amount: 9,
    vat: 0,
    oldBalance: 144,
    newBalance: 135
  }
}

2024-04-30T21:01:11.142Z 2024-04-30T21:01:11.142Z	fa1d9056-e5f9-5dd5-b159-cefdbbaf86b0	INFO	SubscriptionBalanceUpdated event published

2024-04-30T21:01:11.158Z 2024-04-30T21:01:11.158Z	fa1d9056-e5f9-5dd5-b159-cefdbbaf86b0	INFO	Processing message 62cb1900-c155-428a-bd3d-742ebb1cd6ae

2024-04-30T21:01:11.165Z 2024-04-30T21:01:11.165Z	fa1d9056-e5f9-5dd5-b159-cefdbbaf86b0	INFO	Start syncing the balance {
  transaction: {
    id: '01HWRCZB6X0MP7RS7C4DJE3ACD',
    type: 'DEBIT',
    source: 'MANUAL_DEDUCTION',
    action: 'DELIVERY_DEDUCTION',
    userId: '87f3951c-e577-4b0e-a2c3-b2ad9c43db6e',
    paymentBalance: 171,
    updatePaymentBalance: true,
    metadata: '{"walletId":"wallet#87f3951c-e577-4b0e-a2c3-b2ad9c43db6e","deliveryId":"c5ecdece-a40e-4772-900f-1705a0af59c4","walletSk":"c5ecdece-a40e-4772-900f-1705a0af59c4"}',
    currency: 'BHD',
    amount: 9,
    vat: 0,
    oldBalance: 180,
    newBalance: 171
  }
}

2024-04-30T21:01:11.219Z 2024-04-30T21:01:11.219Z	fa1d9056-e5f9-5dd5-b159-cefdbbaf86b0	INFO	SubscriptionBalanceUpdated event published

2024-04-30T21:01:11.236Z 2024-04-30T21:01:11.236Z	fa1d9056-e5f9-5dd5-b159-cefdbbaf86b0	INFO	Processing message 2c6c7866-27d0-458b-9141-96321e20ce81

2024-04-30T21:01:11.243Z 2024-04-30T21:01:11.243Z	fa1d9056-e5f9-5dd5-b159-cefdbbaf86b0	INFO	Start syncing the balance {
  transaction: {
    id: '01HWRCZB21FWH10764PEH24ZXW',
    type: 'DEBIT',
    source: 'MANUAL_DEDUCTION',
    action: 'DELIVERY_DEDUCTION',
    userId: '8330737a-1e59-450e-aeb0-e22674298030',
    paymentBalance: 137.455,
    updatePaymentBalance: true,
    metadata: '{"walletId":"wallet#8330737a-1e59-450e-aeb0-e22674298030","deliveryId":"c2d44684-fcce-488d-a5cf-91f6f3e642a7","walletSk":"c2d44684-fcce-488d-a5cf-91f6f3e642a7"}',
    currency: 'BHD',
    amount: 9,
    vat: 0,
    oldBalance: 146.455,
    newBalance: 137.455
  }
}

2024-04-30T21:01:11.285Z 2024-04-30T21:01:11.285Z	fa1d9056-e5f9-5dd5-b159-cefdbbaf86b0	INFO	SubscriptionBalanceUpdated event published

2024-04-30T21:01:11.299Z 2024-04-30T21:01:11.299Z	fa1d9056-e5f9-5dd5-b159-cefdbbaf86b0	INFO	Processing message 77e9f19d-2090-4245-8f9a-0ef3b0242f38

2024-04-30T21:01:11.306Z 2024-04-30T21:01:11.306Z	fa1d9056-e5f9-5dd5-b159-cefdbbaf86b0	INFO	Start syncing the balance {
  transaction: {
    id: '01HWRCZBD019DVN8KYPSK6TBWV',
    type: 'DEBIT',
    source: 'MANUAL_DEDUCTION',
    action: 'DELIVERY_DEDUCTION',
    userId: 'ecc835ac-ecb9-423d-b41a-7c1a15ff72c3',
    paymentBalance: 1330.955,
    updatePaymentBalance: true,
    metadata: '{"walletId":"wallet#ecc835ac-ecb9-423d-b41a-7c1a15ff72c3","deliveryId":"48929705-c492-4cc6-bcc5-d41c44f7c115","walletSk":"48929705-c492-4cc6-bcc5-d41c44f7c115"}',
    currency: 'BHD',
    amount: 9,
    vat: 0,
    oldBalance: 1339.955,
    newBalance: 1330.955
  }
}

2024-04-30T21:01:11.353Z 2024-04-30T21:01:11.353Z	fa1d9056-e5f9-5dd5-b159-cefdbbaf86b0	INFO	SubscriptionBalanceUpdated event published

2024-04-30T21:01:11.368Z 2024-04-30T21:01:11.368Z	fa1d9056-e5f9-5dd5-b159-cefdbbaf86b0	INFO	Processing message 8cef05fb-1465-4e6e-b592-d577ac171316

2024-04-30T21:01:11.376Z 2024-04-30T21:01:11.376Z	fa1d9056-e5f9-5dd5-b159-cefdbbaf86b0	INFO	Start syncing the balance {
  transaction: {
    id: '01HWRCZBKKJXS4BCRD602T92CV',
    type: 'DEBIT',
    source: 'MANUAL_DEDUCTION',
    action: 'DELIVERY_DEDUCTION',
    userId: '906c96bd-a482-490e-b6eb-73a29d8dafae',
    paymentBalance: 1287,
    updatePaymentBalance: true,
    metadata: '{"walletId":"wallet#906c96bd-a482-490e-b6eb-73a29d8dafae","deliveryId":"b0e0f534-3882-405c-b99e-d13e98db9c96","walletSk":"b0e0f534-3882-405c-b99e-d13e98db9c96"}',
    currency: 'AED',
    amount: 117,
    vat: 0,
    oldBalance: 1404,
    newBalance: 1287
  }
}

2024-04-30T21:01:11.431Z 2024-04-30T21:01:11.431Z	fa1d9056-e5f9-5dd5-b159-cefdbbaf86b0	INFO	SubscriptionBalanceUpdated event published

2024-04-30T21:01:11.444Z 2024-04-30T21:01:11.444Z	fa1d9056-e5f9-5dd5-b159-cefdbbaf86b0	INFO	Processing message 6af74d49-9816-4263-ade2-0ab8237092e1

2024-04-30T21:01:11.449Z 2024-04-30T21:01:11.449Z	fa1d9056-e5f9-5dd5-b159-cefdbbaf86b0	INFO	Start syncing the balance {
  transaction: {
    id: '01HWRCZBMQT3ZYYEY9CYWF23F6',
    type: 'DEBIT',
    source: 'MANUAL_DEDUCTION',
    action: 'DELIVERY_DEDUCTION',
    userId: '5cf444b8-09b4-4a03-b22d-f3141a817dd8',
    paymentBalance: 76.908,
    updatePaymentBalance: true,
    metadata: '{"walletId":"wallet#5cf444b8-09b4-4a03-b22d-f3141a817dd8","deliveryId":"b529f455-ffa5-4b6c-b0f5-bfe5f0de4d80","walletSk":"b529f455-ffa5-4b6c-b0f5-bfe5f0de4d80"}',
    currency: 'BHD',
    amount: 9,
    vat: 0,
    oldBalance: 93.908,
    newBalance: 84.908
  }
}

2024-04-30T21:01:11.492Z 2024-04-30T21:01:11.492Z	fa1d9056-e5f9-5dd5-b159-cefdbbaf86b0	INFO	SubscriptionBalanceUpdated event published

2024-04-30T21:01:11.505Z 2024-04-30T21:01:11.505Z	fa1d9056-e5f9-5dd5-b159-cefdbbaf86b0	ERROR	Subscription balance and payment balance are not in sync {
  userId: '5cf444b8-09b4-4a03-b22d-f3141a817dd8',
  subscriptionBalance: 84.908,
  paymentBalance: 76.908
}

2024-04-30T21:01:11.522Z 2024-04-30T21:01:11.522Z	fa1d9056-e5f9-5dd5-b159-cefdbbaf86b0	INFO	Processing message 291801aa-2290-4c37-8a09-05a3ed005414

2024-04-30T21:01:11.530Z 2024-04-30T21:01:11.530Z	fa1d9056-e5f9-5dd5-b159-cefdbbaf86b0	INFO	Start syncing the balance {
  transaction: {
    id: '01HWRCZBQEFQB2X5VXG12H6YG1',
    type: 'DEBIT',
    source: 'MANUAL_DEDUCTION',
    action: 'DELIVERY_DEDUCTION',
    userId: '67c42c0a-38dc-4917-b323-f8e7e0a5e9cb',
    paymentBalance: 10069.317,
    updatePaymentBalance: true,
    metadata: '{"walletId":"wallet#67c42c0a-38dc-4917-b323-f8e7e0a5e9cb","deliveryId":"04f868b7-fdbc-47ee-bb22-dca94bdf07c8","walletSk":"04f868b7-fdbc-47ee-bb22-dca94bdf07c8"}',
    currency: 'BHD',
    amount: 8.25,
    vat: 0,
    oldBalance: 10077.567,
    newBalance: 10069.317
  }
}

2024-04-30T21:01:11.582Z 2024-04-30T21:01:11.582Z	fa1d9056-e5f9-5dd5-b159-cefdbbaf86b0	INFO	SubscriptionBalanceUpdated event published

2024-04-30T21:01:11.608Z 2024-04-30T21:01:11.608Z	fa1d9056-e5f9-5dd5-b159-cefdbbaf86b0	INFO	Processing message 57bb470c-1244-40f5-a561-630055837275

2024-04-30T21:01:11.614Z 2024-04-30T21:01:11.614Z	fa1d9056-e5f9-5dd5-b159-cefdbbaf86b0	INFO	Start syncing the balance {
  transaction: {
    id: '01HWRCZBV3TYB941WC291QMYZ1',
    type: 'DEBIT',
    source: 'MANUAL_DEDUCTION',
    action: 'DELIVERY_DEDUCTION',
    userId: '9e652ba2-e1f3-4c64-a256-7bc39337e0ca',
    paymentBalance: 29.908,
    updatePaymentBalance: true,
    metadata: '{"walletId":"wallet#9e652ba2-e1f3-4c64-a256-7bc39337e0ca","deliveryId":"bd864b78-d14d-4695-88f5-3f26462e463a","walletSk":"bd864b78-d14d-4695-88f5-3f26462e463a"}',
    currency: 'BHD',
    amount: 1,
    vat: 0,
    oldBalance: 30.908,
    newBalance: 29.908
  }
}

2024-04-30T21:01:11.657Z 2024-04-30T21:01:11.657Z	fa1d9056-e5f9-5dd5-b159-cefdbbaf86b0	INFO	SubscriptionBalanceUpdated event published

2024-04-30T21:01:11.672Z 2024-04-30T21:01:11.672Z	fa1d9056-e5f9-5dd5-b159-cefdbbaf86b0	INFO	Processing message 6fbd04e3-4c43-44a9-9411-f55803a11abe

2024-04-30T21:01:11.678Z 2024-04-30T21:01:11.678Z	fa1d9056-e5f9-5dd5-b159-cefdbbaf86b0	INFO	Start syncing the balance {
  transaction: {
    id: '01HWRCZBW5CNKRH2Q7V0Q66R6G',
    type: 'DEBIT',
    source: 'MANUAL_DEDUCTION',
    action: 'DELIVERY_DEDUCTION',
    userId: '47fd738e-3867-4098-aeff-2476c299d464',
    paymentBalance: 191.636,
    updatePaymentBalance: true,
    metadata: '{"walletId":"wallet#47fd738e-3867-4098-aeff-2476c299d464","deliveryId":"990dfc0e-82a0-49d9-a327-9d5279954966","walletSk":"990dfc0e-82a0-49d9-a327-9d5279954966"}',
    currency: 'BHD',
    amount: 9,
    vat: 0,
    oldBalance: 200.636,
    newBalance: 191.636
  }
}

2024-04-30T21:01:11.719Z 2024-04-30T21:01:11.719Z	fa1d9056-e5f9-5dd5-b159-cefdbbaf86b0	INFO	SubscriptionBalanceUpdated event published

2024-04-30T21:01:11.735Z END RequestId: fa1d9056-e5f9-5dd5-b159-cefdbbaf86b0

2024-04-30T21:01:11.735Z REPORT RequestId: fa1d9056-e5f9-5dd5-b159-cefdbbaf86b0	Duration: 768.76 ms	Billed Duration: 769 ms	Memory Size: 1024 MB	Max Memory Used: 122 MB	

2024-04-30T21:01:11.799Z START RequestId: a6b23c02-f075-5093-8713-62a9ae221bf6 Version: $LATEST

2024-04-30T21:01:11.827Z 2024-04-30T21:01:11.827Z	a6b23c02-f075-5093-8713-62a9ae221bf6	INFO	Processing message 1fe21719-2657-4068-833e-04a22545c747

2024-04-30T21:01:11.834Z 2024-04-30T21:01:11.834Z	a6b23c02-f075-5093-8713-62a9ae221bf6	INFO	Start syncing the balance {
  transaction: {
    id: '01HWRCZE2HSA856TNWB4BJG8SZ',
    type: 'DEBIT',
    source: 'MANUAL_DEDUCTION',
    action: 'DELIVERY_DEDUCTION',
    userId: '3c69deb3-2d26-4954-865d-164c08a6c20c',
    paymentBalance: 1333.363,
    updatePaymentBalance: true,
    metadata: '{"walletId":"wallet#3c69deb3-2d26-4954-865d-164c08a6c20c","deliveryId":"42190f24-c96f-4444-bc13-964ca101a318","walletSk":"42190f24-c96f-4444-bc13-964ca101a318"}',
    currency: 'BHD',
    amount: 9,
    vat: 0,
    oldBalance: 1342.363,
    newBalance: 1333.363
  }
}

2024-04-30T21:01:11.876Z 2024-04-30T21:01:11.876Z	a6b23c02-f075-5093-8713-62a9ae221bf6	INFO	SubscriptionBalanceUpdated event published

2024-04-30T21:01:11.891Z END RequestId: a6b23c02-f075-5093-8713-62a9ae221bf6

2024-04-30T21:01:11.891Z REPORT RequestId: a6b23c02-f075-5093-8713-62a9ae221bf6	Duration: 92.38 ms	Billed Duration: 93 ms	Memory Size: 1024 MB	Max Memory Used: 123 MB	

