2024-02-21T21:01:06.248Z 2024-02-21T21:01:06.248Z	16a2840d-4680-5f1f-8416-da5d204e1fbd	INFO	Processing message 6126b7a1-39d6-4aa1-b7f2-881950ffda75

2024-02-21T21:01:06.309Z 2024-02-21T21:01:06.309Z	16a2840d-4680-5f1f-8416-da5d204e1fbd	INFO	Start syncing the balance {
  transaction: {
    id: '01HQ6QHM7SRQKM2TPBZ41NST3Z',
    type: 'DEBIT',
    source: 'MANUAL_DEDUCTION',
    action: 'DELIVERY_DEDUCTION',
    userId: '1c4069d7-2210-4fe8-8bbf-fc25fc5d2cc9',
    paymentBalance: 468,
    updatePaymentBalance: true,
    metadata: '{"walletId":"wallet#1c4069d7-2210-4fe8-8bbf-fc25fc5d2cc9","deliveryId":"f52783a7-9cb0-44c4-819b-23660eb456b1","walletSk":"f52783a7-9cb0-44c4-819b-23660eb456b1"}',
    currency: 'AED',
    amount: 117,
    vat: 0,
    oldBalance: 585,
    newBalance: 468
  }
}

2024-02-21T21:01:06.417Z 2024-02-21T21:01:06.417Z	16a2840d-4680-5f1f-8416-da5d204e1fbd	INFO	SubscriptionBalanceUpdated event published

2024-02-21T21:01:06.463Z END RequestId: 16a2840d-4680-5f1f-8416-da5d204e1fbd

2024-02-21T21:01:06.463Z REPORT RequestId: 16a2840d-4680-5f1f-8416-da5d204e1fbd	Duration: 364.46 ms	Billed Duration: 365 ms	Memory Size: 1024 MB	Max Memory Used: 123 MB	Init Duration: 1242.46 ms	

2024-02-21T21:01:07.634Z START RequestId: e28cdcd7-edd5-59e6-a8db-82878b059339 Version: $LATEST

2024-02-21T21:01:07.665Z 2024-02-21T21:01:07.665Z	e28cdcd7-edd5-59e6-a8db-82878b059339	INFO	Processing message ff6131d4-6c04-4a63-baae-b4047918da0f

2024-02-21T21:01:07.673Z 2024-02-21T21:01:07.673Z	e28cdcd7-edd5-59e6-a8db-82878b059339	INFO	Start syncing the balance {
  transaction: {
    id: '01HQ6QHK2G8K8T767BECC79AJE',
    type: 'DEBIT',
    source: 'MANUAL_DEDUCTION',
    action: 'DELIVERY_DEDUCTION',
    userId: '2c43bfa6-6b49-4228-a405-d7bf42ccacad',
    paymentBalance: 9,
    updatePaymentBalance: true,
    metadata: '{"walletId":"wallet#2c43bfa6-6b49-4228-a405-d7bf42ccacad","deliveryId":"57c141c3-cf7e-4013-91ef-925b7ae0195b","walletSk":"57c141c3-cf7e-4013-91ef-925b7ae0195b"}',
    currency: 'BHD',
    amount: 9,
    vat: 0,
    oldBalance: 18,
    newBalance: 9
  }
}

2024-02-21T21:01:07.749Z 2024-02-21T21:01:07.749Z	e28cdcd7-edd5-59e6-a8db-82878b059339	INFO	SubscriptionBalanceUpdated event published

2024-02-21T21:01:07.891Z 2024-02-21T21:01:07.891Z	e28cdcd7-edd5-59e6-a8db-82878b059339	INFO	Processing message 2f67f2df-f1d4-4ba7-bba8-715730cc3fe2

2024-02-21T21:01:07.905Z 2024-02-21T21:01:07.905Z	e28cdcd7-edd5-59e6-a8db-82878b059339	INFO	Start syncing the balance {
  transaction: {
    id: '01HQ6QHKSCQMCZKZK0MWFT37DN',
    type: 'DEBIT',
    source: 'MANUAL_DEDUCTION',
    action: 'DELIVERY_DEDUCTION',
    userId: 'fe44d661-fd2f-454d-b085-b95b17778d0a',
    paymentBalance: 128,
    updatePaymentBalance: true,
    metadata: '{"walletId":"wallet#fe44d661-fd2f-454d-b085-b95b17778d0a","deliveryId":"a3e25805-6e65-4620-85c8-d1168c4beadf","walletSk":"a3e25805-6e65-4620-85c8-d1168c4beadf"}',
    currency: 'BHD',
    amount: 8,
    vat: 0,
    oldBalance: 136,
    newBalance: 128
  }
}

2024-02-21T21:01:07.953Z 2024-02-21T21:01:07.953Z	e28cdcd7-edd5-59e6-a8db-82878b059339	INFO	SubscriptionBalanceUpdated event published

2024-02-21T21:01:07.969Z 2024-02-21T21:01:07.969Z	e28cdcd7-edd5-59e6-a8db-82878b059339	INFO	Processing message e1222f7c-9d9a-48ac-93ad-d8e499cccc34

2024-02-21T21:01:07.976Z 2024-02-21T21:01:07.976Z	e28cdcd7-edd5-59e6-a8db-82878b059339	INFO	Start syncing the balance {
  transaction: {
    id: '01HQ6QHME897PFNSRQ61Z10GWX',
    type: 'DEBIT',
    source: 'MANUAL_DEDUCTION',
    action: 'DELIVERY_DEDUCTION',
    userId: 'e3805e85-f860-44d4-8064-994d8da5f9fb',
    paymentBalance: 1080,
    updatePaymentBalance: true,
    metadata: '{"walletId":"wallet#e3805e85-f860-44d4-8064-994d8da5f9fb","deliveryId":"c235916a-0b8f-4b91-9c68-ee246a52255a","walletSk":"c235916a-0b8f-4b91-9c68-ee246a52255a"}',
    currency: 'AED',
    amount: 60,
    vat: 0,
    oldBalance: 1140,
    newBalance: 1080
  }
}

2024-02-21T21:01:08.021Z 2024-02-21T21:01:08.021Z	e28cdcd7-edd5-59e6-a8db-82878b059339	INFO	SubscriptionBalanceUpdated event published

2024-02-21T21:01:08.035Z 2024-02-21T21:01:08.035Z	e28cdcd7-edd5-59e6-a8db-82878b059339	INFO	Processing message ff128a99-ec7a-4ee6-9c5c-abac5bbe2b75

2024-02-21T21:01:08.045Z 2024-02-21T21:01:08.045Z	e28cdcd7-edd5-59e6-a8db-82878b059339	INFO	Start syncing the balance {
  transaction: {
    id: '01HQ6QHMHVEB8WCQXJZS18RFZX',
    type: 'DEBIT',
    source: 'MANUAL_DEDUCTION',
    action: 'DELIVERY_DEDUCTION',
    userId: 'b11a22a9-3283-4c2a-8530-5f685c1035b4',
    paymentBalance: 4,
    updatePaymentBalance: true,
    metadata: '{"walletId":"wallet#b11a22a9-3283-4c2a-8530-5f685c1035b4","deliveryId":"c090662b-b349-4d6d-8c62-4723bc2cbb13","walletSk":"c090662b-b349-4d6d-8c62-4723bc2cbb13"}',
    currency: 'BHD',
    amount: 9,
    vat: 0,
    oldBalance: 22,
    newBalance: 13
  }
}

2024-02-21T21:01:08.094Z 2024-02-21T21:01:08.094Z	e28cdcd7-edd5-59e6-a8db-82878b059339	INFO	SubscriptionBalanceUpdated event published

2024-02-21T21:01:08.108Z 2024-02-21T21:01:08.108Z	e28cdcd7-edd5-59e6-a8db-82878b059339	ERROR	Subscription balance and payment balance are not in sync {
  userId: 'b11a22a9-3283-4c2a-8530-5f685c1035b4',
  subscriptionBalance: 13,
  paymentBalance: 4
}

2024-02-21T21:01:08.125Z 2024-02-21T21:01:08.125Z	e28cdcd7-edd5-59e6-a8db-82878b059339	INFO	Processing message ad7ba5b6-52bd-42b2-abe3-7eaa067b7011

2024-02-21T21:01:08.135Z 2024-02-21T21:01:08.135Z	e28cdcd7-edd5-59e6-a8db-82878b059339	INFO	Start syncing the balance {
  transaction: {
    id: '01HQ6QHK2Y03TPG78TSG698JH0',
    type: 'DEBIT',
    source: 'MANUAL_DEDUCTION',
    action: 'DELIVERY_DEDUCTION',
    userId: '24d0b6ba-f039-4338-8522-177746acfd2f',
    paymentBalance: 225,
    updatePaymentBalance: true,
    metadata: '{"walletId":"wallet#24d0b6ba-f039-4338-8522-177746acfd2f","deliveryId":"dde1fae4-005c-4b3d-b5f8-8655801c2181","walletSk":"dde1fae4-005c-4b3d-b5f8-8655801c2181"}',
    currency: 'BHD',
    amount: 9,
    vat: 0,
    oldBalance: 234,
    newBalance: 225
  }
}

2024-02-21T21:01:08.181Z 2024-02-21T21:01:08.181Z	e28cdcd7-edd5-59e6-a8db-82878b059339	INFO	SubscriptionBalanceUpdated event published

2024-02-21T21:01:08.199Z END RequestId: e28cdcd7-edd5-59e6-a8db-82878b059339

2024-02-21T21:01:08.199Z REPORT RequestId: e28cdcd7-edd5-59e6-a8db-82878b059339	Duration: 565.63 ms	Billed Duration: 566 ms	Memory Size: 1024 MB	Max Memory Used: 125 MB	
XRAY TraceId: 1-65d66493-4f67dacb1a64dbe14b31237e	SegmentId: 004a7f9c021a4136	Sampled: true	

2024-02-21T21:01:08.762Z START RequestId: a4919294-3e37-5e90-bfde-ccc458e3844f Version: $LATEST

2024-02-21T21:01:08.791Z 2024-02-21T21:01:08.791Z	a4919294-3e37-5e90-bfde-ccc458e3844f	INFO	Processing message 33b59eb5-22fd-48fe-a0a1-eb9511e9e47f

2024-02-21T21:01:08.798Z 2024-02-21T21:01:08.798Z	a4919294-3e37-5e90-bfde-ccc458e3844f	INFO	Start syncing the balance {
  transaction: {
    id: '01HQ6QHQ18JBMTY1N3A2Y238RB',
    type: 'DEBIT',
    source: 'MANUAL_DEDUCTION',
    action: 'DELIVERY_DEDUCTION',
    userId: 'd8e22713-a177-4738-bdb6-e48b189eb487',
    paymentBalance: 165,
    updatePaymentBalance: true,
    metadata: '{"walletId":"wallet#d8e22713-a177-4738-bdb6-e48b189eb487","deliveryId":"e197e7db-26b1-421e-a7f3-470f1120e111","walletSk":"e197e7db-26b1-421e-a7f3-470f1120e111"}',
    currency: 'KWD',
    amount: 7.5,
    vat: 0,
    oldBalance: 172.5,
    newBalance: 165
  }
}

2024-02-21T21:01:08.848Z 2024-02-21T21:01:08.848Z	a4919294-3e37-5e90-bfde-ccc458e3844f	INFO	SubscriptionBalanceUpdated event published

2024-02-21T21:01:08.862Z 2024-02-21T21:01:08.862Z	a4919294-3e37-5e90-bfde-ccc458e3844f	INFO	Processing message 0a947c5e-a8f7-4022-ab5f-75f144c189bd

2024-02-21T21:01:08.868Z 2024-02-21T21:01:08.868Z	a4919294-3e37-5e90-bfde-ccc458e3844f	INFO	Start syncing the balance {
  transaction: {
    id: '01HQ6QHQ61AYTD4KDX1QGQN3V3',
    type: 'DEBIT',
    source: 'MANUAL_DEDUCTION',
    action: 'DELIVERY_DEDUCTION',
    userId: '5b25fc0d-4b52-479d-a9e9-5533cece208a',
    paymentBalance: 450,
    updatePaymentBalance: true,
    metadata: '{"walletId":"wallet#5b25fc0d-4b52-479d-a9e9-5533cece208a","deliveryId":"e7c8463f-cdfb-431b-8325-c0050dcdca56","walletSk":"e7c8463f-cdfb-431b-8325-c0050dcdca56"}',
    currency: 'SAR',
    amount: 90,
    vat: 0,
    oldBalance: 540,
    newBalance: 450
  }
}

2024-02-21T21:01:08.928Z 2024-02-21T21:01:08.928Z	a4919294-3e37-5e90-bfde-ccc458e3844f	INFO	SubscriptionBalanceUpdated event published

2024-02-21T21:01:08.942Z 2024-02-21T21:01:08.942Z	a4919294-3e37-5e90-bfde-ccc458e3844f	INFO	Processing message cdac11b9-f869-4b40-839e-92c7b131a27e

2024-02-21T21:01:08.948Z 2024-02-21T21:01:08.948Z	a4919294-3e37-5e90-bfde-ccc458e3844f	INFO	Start syncing the balance {
  transaction: {
    id: '01HQ6QHQB38APZ5M4M2TK1DBK0',
    type: 'DEBIT',
    source: 'MANUAL_DEDUCTION',
    action: 'DELIVERY_DEDUCTION',
    userId: 'a311a299-9f89-4f82-9b63-cf15944e4d42',
    paymentBalance: 135,
    updatePaymentBalance: true,
    metadata: '{"walletId":"wallet#a311a299-9f89-4f82-9b63-cf15944e4d42","deliveryId":"0e0d71e0-3ba1-4d3d-9bcf-f9778b9b9f72","walletSk":"0e0d71e0-3ba1-4d3d-9bcf-f9778b9b9f72"}',
    currency: 'BHD',
    amount: 9,
    vat: 0,
    oldBalance: 144,
    newBalance: 135
  }
}

2024-02-21T21:01:08.996Z 2024-02-21T21:01:08.996Z	a4919294-3e37-5e90-bfde-ccc458e3844f	INFO	SubscriptionBalanceUpdated event published

2024-02-21T21:01:09.012Z END RequestId: a4919294-3e37-5e90-bfde-ccc458e3844f

2024-02-21T21:01:09.012Z REPORT RequestId: a4919294-3e37-5e90-bfde-ccc458e3844f	Duration: 249.72 ms	Billed Duration: 250 ms	Memory Size: 1024 MB	Max Memory Used: 125 MB	

2024-02-21T21:01:04.855Z INIT_START Runtime Version: nodejs:20.v15	Runtime Version ARN: arn:aws:lambda:us-east-1::runtime:379cd8c4d157c2e16f1b841486b613da2188da597609ef24d67497ad9c22a53e

2024-02-21T21:01:06.099Z START RequestId: 16a2840d-4680-5f1f-8416-da5d204e1fbd Version: $LATEST

