2024-01-30T07:23:38.763Z START RequestId: 771a8acb-7022-5299-8e5a-d4f9d6083e92 Version: $LATEST

2024-01-30T07:23:38.853Z 2024-01-30T07:23:38.853Z	771a8acb-7022-5299-8e5a-d4f9d6083e92	INFO	Processing message 1637505c-c116-4e96-a20c-0c8fff73ce3b

2024-01-30T07:23:38.861Z 2024-01-30T07:23:38.861Z	771a8acb-7022-5299-8e5a-d4f9d6083e92	INFO	Start syncing the balance {
  transaction: {
    id: '01HNCM12GS8ZD9JRWJ6WM3Y2NZ',
    type: 'CREDIT',
    source: 'PAYMENT',
    action: 'ADD_DELIVERY_ADDONS',
    userId: '7ea81f9e-1a24-4664-bd94-4d88dc6fd07d',
    paymentBalance: 162.682,
    updatePaymentBalance: true,
    metadata: '{"walletId":"wallet#7ea81f9e-1a24-4664-bd94-4d88dc6fd07d","deliveryId":"d536e4e7-7b09-43f0-bde1-541152c3c18d","eventSessionId":"92b6e073-ab55-4696-9fc0-5a4e3949c836","walletSk":"3945cfcf-70f9-41d3-9c0d-2eeceaa95295","version2":true,"addons":"[{\\"id\\":\\"b8904ecb-8aa5-415b-80f9-8b1ebd1e6989\\",\\"quantity\\":1}]","API_VERSION_2":true}',
    currency: 'BHD',
    amount: 1.3,
    vat: 0.118,
    oldBalance: 161.5,
    newBalance: 162.682
  }
}

2024-01-30T07:23:38.935Z 2024-01-30T07:23:38.935Z	771a8acb-7022-5299-8e5a-d4f9d6083e92	INFO	SubscriptionBalanceUpdated event published

2024-01-30T07:23:38.976Z END RequestId: 771a8acb-7022-5299-8e5a-d4f9d6083e92

2024-01-30T07:23:38.976Z REPORT RequestId: 771a8acb-7022-5299-8e5a-d4f9d6083e92	Duration: 212.36 ms	Billed Duration: 213 ms	Memory Size: 1024 MB	Max Memory Used: 104 MB	

2024-01-30T07:29:32.912Z START RequestId: 6a164fc1-5723-5f57-adf3-11f3f0aebe01 Version: $LATEST

2024-01-30T07:29:32.968Z 2024-01-30T07:29:32.968Z	6a164fc1-5723-5f57-adf3-11f3f0aebe01	INFO	Processing message a79b88dd-4226-4721-8bb9-02b3b876d386

2024-01-30T07:29:32.968Z 2024-01-30T07:29:32.968Z	6a164fc1-5723-5f57-adf3-11f3f0aebe01	INFO	Skipping the balance sync for create subscription, it will be synced from create subscription payment listener

2024-01-30T07:29:32.969Z END RequestId: 6a164fc1-5723-5f57-adf3-11f3f0aebe01

2024-01-30T07:29:32.969Z REPORT RequestId: 6a164fc1-5723-5f57-adf3-11f3f0aebe01	Duration: 57.52 ms	Billed Duration: 58 ms	Memory Size: 1024 MB	Max Memory Used: 104 MB	

2024-01-30T07:22:40.466Z INIT_START Runtime Version: nodejs:20.v14	Runtime Version ARN: arn:aws:lambda:us-east-1::runtime:d4c968f0a85420c036d732975b0317307799fc7152619b3c4fb289f5d8e34f8a

2024-01-30T07:22:41.154Z START RequestId: 060a723a-de0d-508d-94b1-2c087be0dc86 Version: $LATEST

2024-01-30T07:22:41.315Z 2024-01-30T07:22:41.315Z	060a723a-de0d-508d-94b1-2c087be0dc86	INFO	Processing message 17b90b84-fb50-4c9d-b20b-d1f9e366f689

2024-01-30T07:22:41.359Z 2024-01-30T07:22:41.359Z	060a723a-de0d-508d-94b1-2c087be0dc86	INFO	Start syncing the balance {
  transaction: {
    id: '01HNCKZ90WDTWFW5JAX10RTEM0',
    type: 'CREDIT',
    source: 'PAYMENT',
    action: 'RENEW_SUBSCRIPTION',
    userId: '7ea81f9e-1a24-4664-bd94-4d88dc6fd07d',
    paymentBalance: 161.5,
    updatePaymentBalance: true,
    metadata: '{"referralBalanceDiscount":0,"walletId":"wallet#7ea81f9e-1a24-4664-bd94-4d88dc6fd07d","planType":"full","goal":"gainWeight","eventSessionId":"32fe129b-0f84-401b-91fe-63130ad05a28","walletSk":"a6c9eca5-dd0f-40de-8b4a-483d59e37137","deliveryTime":"morning","dietType":"balanced","renewalDate":"2024-02-01","type":"userRenew","frequency":"monthly","couponDiscount":0,"tier":"personalized","version2":true,"nextPlan":"{\\"id\\":\\"full\\",\\"frequency\\":\\"monthly\\",\\"extras\\":[],\\"foodType\\":[\\"breakfast\\",\\"dinner\\",\\"lunch\\",\\"snack\\"],\\"pricePerDay\\":8,\\"dietType\\":\\"balanced\\",\\"type\\":\\"DATE_RANGE\\",\\"startDate\\":\\"2024-02-01\\",\\"deliveryDays\\":[0,1,2,3,4]}","addonSubscription":"[]"}',
    currency: 'BHD',
    amount: 176,
    vat: 16,
    oldBalance: 1.5,
    newBalance: 161.5
  }
}

2024-01-30T07:22:41.461Z 2024-01-30T07:22:41.461Z	060a723a-de0d-508d-94b1-2c087be0dc86	INFO	SubscriptionBalanceUpdated event published

2024-01-30T07:22:41.502Z END RequestId: 060a723a-de0d-508d-94b1-2c087be0dc86

2024-01-30T07:22:41.502Z REPORT RequestId: 060a723a-de0d-508d-94b1-2c087be0dc86	Duration: 348.06 ms	Billed Duration: 349 ms	Memory Size: 1024 MB	Max Memory Used: 102 MB	Init Duration: 686.28 ms	

2024-01-30T07:25:08.838Z START RequestId: 3e32f678-403b-5fe5-93e1-a84ae6b93354 Version: $LATEST

2024-01-30T07:25:08.868Z 2024-01-30T07:25:08.868Z	3e32f678-403b-5fe5-93e1-a84ae6b93354	INFO	Processing message 0654e19c-20ff-4a8f-af51-6987e206cec2

2024-01-30T07:25:08.873Z 2024-01-30T07:25:08.873Z	3e32f678-403b-5fe5-93e1-a84ae6b93354	INFO	Start syncing the balance {
  transaction: {
    id: '01HNCM3TJMTNM2K3Z5TVM68YMR',
    type: 'CREDIT',
    source: 'PAYMENT',
    action: 'ADD_DELIVERY_ADDONS',
    userId: 'a7c8eb51-8a21-4d1a-a947-d9c711fd67e4',
    paymentBalance: 156.728,
    updatePaymentBalance: true,
    metadata: '{"walletId":"wallet#a7c8eb51-8a21-4d1a-a947-d9c711fd67e4","deliveryId":"2927160a-3f05-49c6-aa1a-0902447ad7ed","eventSessionId":"1f6ccad6-405c-47db-8d5c-d5aab7ad5859","walletSk":"738f5db6-2a9a-4586-b05b-7118f76fbc46","version2":true,"addons":"[{\\"id\\":\\"b8904ecb-8aa5-415b-80f9-8b1ebd1e6989\\",\\"quantity\\":1}]","API_VERSION_2":true}',
    currency: 'BHD',
    amount: 1.3,
    vat: 0.118,
    oldBalance: 155.546,
    newBalance: 156.728
  }
}

2024-01-30T07:25:08.937Z 2024-01-30T07:25:08.937Z	3e32f678-403b-5fe5-93e1-a84ae6b93354	INFO	SubscriptionBalanceUpdated event published

2024-01-30T07:25:08.976Z END RequestId: 3e32f678-403b-5fe5-93e1-a84ae6b93354

2024-01-30T07:25:08.976Z REPORT RequestId: 3e32f678-403b-5fe5-93e1-a84ae6b93354	Duration: 137.65 ms	Billed Duration: 138 ms	Memory Size: 1024 MB	Max Memory Used: 104 MB	

2024-01-30T07:24:17.235Z START RequestId: 156aff9b-b841-5f4b-9dee-a1a91e0ff9cd Version: $LATEST

2024-01-30T07:24:17.300Z 2024-01-30T07:24:17.300Z	156aff9b-b841-5f4b-9dee-a1a91e0ff9cd	INFO	Processing message b00b5b6c-9da5-4634-8c20-5b180985afe2

2024-01-30T07:24:17.306Z 2024-01-30T07:24:17.306Z	156aff9b-b841-5f4b-9dee-a1a91e0ff9cd	INFO	Start syncing the balance {
  transaction: {
    id: '01HNCM27VPH90Q092XMAVB9VH3',
    type: 'CREDIT',
    source: 'PAYMENT',
    action: 'ADD_DELIVERY_ADDONS',
    userId: '7ea81f9e-1a24-4664-bd94-4d88dc6fd07d',
    paymentBalance: 163.864,
    updatePaymentBalance: true,
    metadata: '{"walletId":"wallet#7ea81f9e-1a24-4664-bd94-4d88dc6fd07d","deliveryId":"d536e4e7-7b09-43f0-bde1-541152c3c18d","eventSessionId":"3092ca36-f3b0-4c03-9e2f-ef39bc12e67a","walletSk":"d673d85a-9202-4da6-97b2-b7f9c9d55c9d","version2":true,"addons":"[{\\"id\\":\\"b8904ecb-8aa5-415b-80f9-8b1ebd1e6989\\",\\"quantity\\":1}]","API_VERSION_2":true}',
    currency: 'BHD',
    amount: 1.3,
    vat: 0.118,
    oldBalance: 162.682,
    newBalance: 163.864
  }
}

2024-01-30T07:24:17.376Z 2024-01-30T07:24:17.376Z	156aff9b-b841-5f4b-9dee-a1a91e0ff9cd	INFO	SubscriptionBalanceUpdated event published

2024-01-30T07:24:17.412Z END RequestId: 156aff9b-b841-5f4b-9dee-a1a91e0ff9cd

2024-01-30T07:24:17.412Z REPORT RequestId: 156aff9b-b841-5f4b-9dee-a1a91e0ff9cd	Duration: 176.67 ms	Billed Duration: 177 ms	Memory Size: 1024 MB	Max Memory Used: 104 MB	

