2024-04-08T12:55:33.470Z INIT_START Runtime Version: nodejs:20.v19	Runtime Version ARN: arn:aws:lambda:us-east-1::runtime:2d68d583b872accb8815f845161e9bbabc6ac3ed4d0ab8c23e75f8788cf5444a

2024-04-08T12:55:34.555Z START RequestId: 1bc974c5-4e35-5fee-a6d5-2a48a542d0b5 Version: $LATEST

2024-04-08T12:55:34.714Z 2024-04-08T12:55:34.714Z	1bc974c5-4e35-5fee-a6d5-2a48a542d0b5	INFO	Processing message b0d8233d-ab22-4a85-b3c3-7d366e46a3af

2024-04-08T12:55:34.789Z 2024-04-08T12:55:34.789Z	1bc974c5-4e35-5fee-a6d5-2a48a542d0b5	INFO	Start syncing the balance {
  transaction: {
    id: '01HTYWEBPQ91Q3N0WXQEGS33MR',
    type: 'DEBIT',
    source: 'MANUAL_DEDUCTION',
    action: 'DELIVERY_DEDUCTION',
    userId: 'ecc835ac-ecb9-423d-b41a-7c1a15ff72c3',
    paymentBalance: 901.091,
    updatePaymentBalance: true,
    metadata: '{"walletId":"wallet#ecc835ac-ecb9-423d-b41a-7c1a15ff72c3","deliveryId":"69c4f10b-ea52-40f7-bd17-ee83f33dc159","walletSk":"69c4f10b-ea52-40f7-bd17-ee83f33dc159#manual"}',
    currency: 'BHD',
    amount: 8,
    vat: 0,
    oldBalance: 909.091,
    newBalance: 901.091
  }
}

2024-04-08T12:55:34.912Z 2024-04-08T12:55:34.912Z	1bc974c5-4e35-5fee-a6d5-2a48a542d0b5	INFO	SubscriptionBalanceUpdated event published

2024-04-08T12:55:34.964Z END RequestId: 1bc974c5-4e35-5fee-a6d5-2a48a542d0b5

2024-04-08T12:55:34.964Z REPORT RequestId: 1bc974c5-4e35-5fee-a6d5-2a48a542d0b5	Duration: 408.23 ms	Billed Duration: 409 ms	Memory Size: 1024 MB	Max Memory Used: 116 MB	Init Duration: 1083.73 ms	

