2024-02-18T15:17:20.975Z START RequestId: 587a0f3d-f298-5e58-8c37-5171d3352218 Version: $LATEST

2024-02-18T15:17:21.010Z 2024-02-18T15:17:21.010Z	587a0f3d-f298-5e58-8c37-5171d3352218	INFO	Processing message 8db4788b-e4cb-466e-bd14-c365156b38fd

2024-02-18T15:17:21.010Z 2024-02-18T15:17:21.010Z	587a0f3d-f298-5e58-8c37-5171d3352218	INFO	Skipping the process, Update Payment Balance Flag is set to false { transactionAction: 'DONATE_RAMADAN_MEAL' }

2024-02-18T15:17:21.012Z END RequestId: 587a0f3d-f298-5e58-8c37-5171d3352218

2024-02-18T15:17:21.012Z REPORT RequestId: 587a0f3d-f298-5e58-8c37-5171d3352218	Duration: 37.06 ms	Billed Duration: 38 ms	Memory Size: 1024 MB	Max Memory Used: 123 MB	

2024-02-18T15:29:16.248Z START RequestId: aecca323-1b32-5765-a69d-fd6f3f4a32a0 Version: $LATEST

2024-02-18T15:29:16.275Z 2024-02-18T15:29:16.275Z	aecca323-1b32-5765-a69d-fd6f3f4a32a0	INFO	Processing message 5b91b974-4aef-42a9-afc0-7174ea3349c9

2024-02-18T15:29:16.276Z 2024-02-18T15:29:16.276Z	aecca323-1b32-5765-a69d-fd6f3f4a32a0	INFO	Skipping the process, Update Payment Balance Flag is set to false { transactionAction: 'DONATE_RAMADAN_MEAL' }

2024-02-18T15:29:16.277Z END RequestId: aecca323-1b32-5765-a69d-fd6f3f4a32a0

2024-02-18T15:29:16.277Z REPORT RequestId: aecca323-1b32-5765-a69d-fd6f3f4a32a0	Duration: 29.29 ms	Billed Duration: 30 ms	Memory Size: 1024 MB	Max Memory Used: 123 MB	

2024-02-18T15:29:19.173Z START RequestId: 163c214e-29b5-5963-86b6-7f020d3dfd65 Version: $LATEST

2024-02-18T15:29:19.202Z 2024-02-18T15:29:19.202Z	163c214e-29b5-5963-86b6-7f020d3dfd65	INFO	Processing message 8d9f66b3-0e0a-42a9-83c9-f31d8f2ebac7

2024-02-18T15:29:19.202Z 2024-02-18T15:29:19.202Z	163c214e-29b5-5963-86b6-7f020d3dfd65	INFO	Skipping the process, Update Payment Balance Flag is set to false { transactionAction: 'DONATE_RAMADAN_MEAL' }

2024-02-18T15:29:19.204Z END RequestId: 163c214e-29b5-5963-86b6-7f020d3dfd65

2024-02-18T15:29:19.204Z REPORT RequestId: 163c214e-29b5-5963-86b6-7f020d3dfd65	Duration: 30.61 ms	Billed Duration: 31 ms	Memory Size: 1024 MB	Max Memory Used: 123 MB	

2024-02-18T15:15:39.728Z START RequestId: 2a24f2d9-cb75-56d3-a50f-ac95ea392d76 Version: $LATEST

2024-02-18T15:15:39.777Z 2024-02-18T15:15:39.777Z	2a24f2d9-cb75-56d3-a50f-ac95ea392d76	INFO	Processing message 56913b01-b97f-4293-af12-14f6db3a8ddf

2024-02-18T15:15:39.777Z 2024-02-18T15:15:39.777Z	2a24f2d9-cb75-56d3-a50f-ac95ea392d76	INFO	Skipping the process, Update Payment Balance Flag is set to false { transactionAction: 'DONATE_RAMADAN_MEAL' }

2024-02-18T15:15:39.795Z END RequestId: 2a24f2d9-cb75-56d3-a50f-ac95ea392d76

2024-02-18T15:15:39.795Z REPORT RequestId: 2a24f2d9-cb75-56d3-a50f-ac95ea392d76	Duration: 66.49 ms	Billed Duration: 67 ms	Memory Size: 1024 MB	Max Memory Used: 123 MB	

2024-02-18T15:17:01.647Z START RequestId: 8225c798-2f6d-5a65-9ee7-99d40ecad625 Version: $LATEST

2024-02-18T15:17:01.715Z 2024-02-18T15:17:01.715Z	8225c798-2f6d-5a65-9ee7-99d40ecad625	INFO	Processing message a051c9c9-a841-4b54-80ee-ea53f624f94b

2024-02-18T15:17:01.716Z 2024-02-18T15:17:01.716Z	8225c798-2f6d-5a65-9ee7-99d40ecad625	INFO	Skipping the process, Update Payment Balance Flag is set to false { transactionAction: 'DONATE_RAMADAN_MEAL' }

2024-02-18T15:17:01.717Z END RequestId: 8225c798-2f6d-5a65-9ee7-99d40ecad625

2024-02-18T15:17:01.717Z REPORT RequestId: 8225c798-2f6d-5a65-9ee7-99d40ecad625	Duration: 69.95 ms	Billed Duration: 70 ms	Memory Size: 1024 MB	Max Memory Used: 123 MB	

2024-02-18T15:15:04.592Z START RequestId: a34ad571-9b10-549c-bfa4-8b3dba388f39 Version: $LATEST

2024-02-18T15:15:04.675Z 2024-02-18T15:15:04.675Z	a34ad571-9b10-549c-bfa4-8b3dba388f39	INFO	Processing message 0567d00d-4153-410f-a267-c91f8cf263d8

2024-02-18T15:15:04.675Z 2024-02-18T15:15:04.675Z	a34ad571-9b10-549c-bfa4-8b3dba388f39	INFO	Skipping the process, Update Payment Balance Flag is set to false { transactionAction: 'DONATE_RAMADAN_MEAL' }

2024-02-18T15:15:04.677Z END RequestId: a34ad571-9b10-549c-bfa4-8b3dba388f39

2024-02-18T15:15:04.677Z REPORT RequestId: a34ad571-9b10-549c-bfa4-8b3dba388f39	Duration: 85.67 ms	Billed Duration: 86 ms	Memory Size: 1024 MB	Max Memory Used: 123 MB	

2024-02-18T15:24:11.216Z START RequestId: b4603a47-5eeb-5c57-97b4-640b7dbb4bca Version: $LATEST

2024-02-18T15:24:11.266Z 2024-02-18T15:24:11.266Z	b4603a47-5eeb-5c57-97b4-640b7dbb4bca	INFO	Processing message 78bd4e47-c746-48d9-9a8e-657657203fea

2024-02-18T15:24:11.266Z 2024-02-18T15:24:11.266Z	b4603a47-5eeb-5c57-97b4-640b7dbb4bca	INFO	Skipping the process, Update Payment Balance Flag is set to false { transactionAction: 'DONATE_RAMADAN_MEAL' }

2024-02-18T15:24:11.268Z END RequestId: b4603a47-5eeb-5c57-97b4-640b7dbb4bca

2024-02-18T15:24:11.268Z REPORT RequestId: b4603a47-5eeb-5c57-97b4-640b7dbb4bca	Duration: 51.89 ms	Billed Duration: 52 ms	Memory Size: 1024 MB	Max Memory Used: 123 MB	

2024-02-18T15:24:12.185Z START RequestId: da088d1a-b441-5013-b79c-d35697144165 Version: $LATEST

2024-02-18T15:24:12.214Z 2024-02-18T15:24:12.214Z	da088d1a-b441-5013-b79c-d35697144165	INFO	Processing message e426dcc1-9990-405e-b291-04711b7ec948

2024-02-18T15:24:12.214Z 2024-02-18T15:24:12.214Z	da088d1a-b441-5013-b79c-d35697144165	INFO	Skipping the process, Update Payment Balance Flag is set to false { transactionAction: 'DONATE_RAMADAN_MEAL' }

2024-02-18T15:24:12.216Z END RequestId: da088d1a-b441-5013-b79c-d35697144165

2024-02-18T15:24:12.216Z REPORT RequestId: da088d1a-b441-5013-b79c-d35697144165	Duration: 30.38 ms	Billed Duration: 31 ms	Memory Size: 1024 MB	Max Memory Used: 123 MB	

2024-02-18T15:28:56.679Z START RequestId: 4673d78e-8f9f-5a71-a571-89c2abecbfb4 Version: $LATEST

2024-02-18T15:28:56.734Z 2024-02-18T15:28:56.734Z	4673d78e-8f9f-5a71-a571-89c2abecbfb4	INFO	Processing message 968dcf24-a318-42ac-a5b4-9a0580dcac55

2024-02-18T15:28:56.735Z 2024-02-18T15:28:56.735Z	4673d78e-8f9f-5a71-a571-89c2abecbfb4	INFO	Skipping the process, Update Payment Balance Flag is set to false { transactionAction: 'DONATE_RAMADAN_MEAL' }

2024-02-18T15:28:56.736Z END RequestId: 4673d78e-8f9f-5a71-a571-89c2abecbfb4

2024-02-18T15:28:56.736Z REPORT RequestId: 4673d78e-8f9f-5a71-a571-89c2abecbfb4	Duration: 56.80 ms	Billed Duration: 57 ms	Memory Size: 1024 MB	Max Memory Used: 123 MB	

2024-02-18T15:14:27.448Z START RequestId: da7555eb-a6ed-5026-9454-0ba787eb0b83 Version: $LATEST

2024-02-18T15:14:27.482Z 2024-02-18T15:14:27.482Z	da7555eb-a6ed-5026-9454-0ba787eb0b83	INFO	Processing message c48da4b8-7a88-42cd-aa61-33f5e8e7f2f5

2024-02-18T15:14:27.482Z 2024-02-18T15:14:27.482Z	da7555eb-a6ed-5026-9454-0ba787eb0b83	INFO	Skipping the process, Update Payment Balance Flag is set to false { transactionAction: 'DONATE_RAMADAN_MEAL' }

2024-02-18T15:14:27.484Z END RequestId: da7555eb-a6ed-5026-9454-0ba787eb0b83

2024-02-18T15:14:27.484Z REPORT RequestId: da7555eb-a6ed-5026-9454-0ba787eb0b83	Duration: 36.08 ms	Billed Duration: 37 ms	Memory Size: 1024 MB	Max Memory Used: 120 MB	

2024-02-18T15:14:11.547Z INIT_START Runtime Version: nodejs:20.v15	Runtime Version ARN: arn:aws:lambda:us-east-1::runtime:379cd8c4d157c2e16f1b841486b613da2188da597609ef24d67497ad9c22a53e

2024-02-18T15:14:12.802Z START RequestId: 2c4e9703-8f90-568f-8c4c-c94faf61ad2a Version: $LATEST

2024-02-18T15:14:12.948Z 2024-02-18T15:14:12.948Z	2c4e9703-8f90-568f-8c4c-c94faf61ad2a	INFO	Processing message 1807d041-943b-4016-b1d9-f7b9352f9c3a

2024-02-18T15:14:12.950Z 2024-02-18T15:14:12.950Z	2c4e9703-8f90-568f-8c4c-c94faf61ad2a	INFO	Skipping the process, Update Payment Balance Flag is set to false { transactionAction: 'DONATE_RAMADAN_MEAL' }

2024-02-18T15:14:12.972Z END RequestId: 2c4e9703-8f90-568f-8c4c-c94faf61ad2a

2024-02-18T15:14:12.972Z REPORT RequestId: 2c4e9703-8f90-568f-8c4c-c94faf61ad2a	Duration: 170.42 ms	Billed Duration: 171 ms	Memory Size: 1024 MB	Max Memory Used: 118 MB	Init Duration: 1251.44 ms	

2024-02-18T15:21:20.364Z START RequestId: 1c3b14cf-d1da-54bd-860c-4a83f347841b Version: $LATEST

2024-02-18T15:21:20.422Z 2024-02-18T15:21:20.422Z	1c3b14cf-d1da-54bd-860c-4a83f347841b	INFO	Processing message 8b49dc40-c4be-4d26-b152-1c200e5bc239

2024-02-18T15:21:20.422Z 2024-02-18T15:21:20.422Z	1c3b14cf-d1da-54bd-860c-4a83f347841b	INFO	Skipping the process, Update Payment Balance Flag is set to false { transactionAction: 'DONATE_RAMADAN_MEAL' }

2024-02-18T15:21:20.423Z END RequestId: 1c3b14cf-d1da-54bd-860c-4a83f347841b

2024-02-18T15:21:20.423Z REPORT RequestId: 1c3b14cf-d1da-54bd-860c-4a83f347841b	Duration: 59.08 ms	Billed Duration: 60 ms	Memory Size: 1024 MB	Max Memory Used: 123 MB	

2024-02-18T15:22:44.899Z START RequestId: af2b44df-28a6-5d33-b046-1a930a551cc4 Version: $LATEST

2024-02-18T15:22:44.955Z 2024-02-18T15:22:44.955Z	af2b44df-28a6-5d33-b046-1a930a551cc4	INFO	Processing message 96e8dafd-e00d-4df9-9dd2-1897b8c4dcb4

2024-02-18T15:22:44.955Z 2024-02-18T15:22:44.955Z	af2b44df-28a6-5d33-b046-1a930a551cc4	INFO	Skipping the process, Update Payment Balance Flag is set to false { transactionAction: 'DONATE_RAMADAN_MEAL' }

2024-02-18T15:22:44.957Z END RequestId: af2b44df-28a6-5d33-b046-1a930a551cc4

2024-02-18T15:22:44.957Z REPORT RequestId: af2b44df-28a6-5d33-b046-1a930a551cc4	Duration: 57.56 ms	Billed Duration: 58 ms	Memory Size: 1024 MB	Max Memory Used: 123 MB	

2024-02-18T15:18:47.333Z START RequestId: 5ae5f14d-6eb3-5a45-b47c-af014ca307a7 Version: $LATEST

2024-02-18T15:18:47.384Z 2024-02-18T15:18:47.384Z	5ae5f14d-6eb3-5a45-b47c-af014ca307a7	INFO	Processing message 822cd95b-ebc9-41de-b8d1-14cd10b86a99

2024-02-18T15:18:47.384Z 2024-02-18T15:18:47.384Z	5ae5f14d-6eb3-5a45-b47c-af014ca307a7	INFO	Skipping the process, Update Payment Balance Flag is set to false { transactionAction: 'DONATE_RAMADAN_MEAL' }

2024-02-18T15:18:47.386Z END RequestId: 5ae5f14d-6eb3-5a45-b47c-af014ca307a7

2024-02-18T15:18:47.386Z REPORT RequestId: 5ae5f14d-6eb3-5a45-b47c-af014ca307a7	Duration: 52.70 ms	Billed Duration: 53 ms	Memory Size: 1024 MB	Max Memory Used: 123 MB	

