2024-02-01T21:01:06.045Z START RequestId: ec243af9-3f0f-553f-80f4-64cf37dd00c5 Version: $LATEST

2024-02-01T21:01:06.072Z 2024-02-01T21:01:06.072Z	ec243af9-3f0f-553f-80f4-64cf37dd00c5	INFO	Processing message 68cc7053-b280-4bb8-a83a-644f409612c6

2024-02-01T21:01:06.078Z 2024-02-01T21:01:06.078Z	ec243af9-3f0f-553f-80f4-64cf37dd00c5	INFO	Start syncing the balance {
  transaction: {
    id: '01HNK7K9DBZ9RB2ZBFTJXD1CWA',
    type: 'DEBIT',
    source: 'MANUAL_DEDUCTION',
    action: 'DELIVERY_DEDUCTION',
    userId: '383f0a7e-4daa-4294-ae9f-cafbddbb408e',
    paymentBalance: 124.5,
    updatePaymentBalance: true,
    metadata: '{"walletId":"wallet#383f0a7e-4daa-4294-ae9f-cafbddbb408e","deliveryId":"8439bad0-f3ef-443b-bfda-b429e7ed837b","walletSk":"8439bad0-f3ef-443b-bfda-b429e7ed837b"}',
    currency: 'BHD',
    amount: 8,
    vat: 0,
    oldBalance: 140.5,
    newBalance: 132.5
  }
}

2024-02-01T21:01:06.124Z 2024-02-01T21:01:06.124Z	ec243af9-3f0f-553f-80f4-64cf37dd00c5	INFO	SubscriptionBalanceUpdated event published

2024-02-01T21:01:06.137Z 2024-02-01T21:01:06.137Z	ec243af9-3f0f-553f-80f4-64cf37dd00c5	ERROR	Subscription balance and payment balance are not in sync {
  userId: '383f0a7e-4daa-4294-ae9f-cafbddbb408e',
  subscriptionBalance: 132.5,
  paymentBalance: 124.5
}

2024-02-01T21:01:06.157Z 2024-02-01T21:01:06.157Z	ec243af9-3f0f-553f-80f4-64cf37dd00c5	INFO	Processing message 5b20524c-71e6-409c-a3ad-5abe1b295600

2024-02-01T21:01:06.163Z 2024-02-01T21:01:06.163Z	ec243af9-3f0f-553f-80f4-64cf37dd00c5	INFO	Start syncing the balance {
  transaction: {
    id: '01HNK7K9J2S7J2JS8KHFR3TER7',
    type: 'DEBIT',
    source: 'MANUAL_DEDUCTION',
    action: 'DELIVERY_DEDUCTION',
    userId: 'feba4728-4fb0-4646-bebb-38f5495a11cd',
    paymentBalance: 61,
    updatePaymentBalance: true,
    metadata: '{"walletId":"wallet#feba4728-4fb0-4646-bebb-38f5495a11cd","deliveryId":"d307441b-58c0-4e38-9530-25ca1ed204dd","walletSk":"d307441b-58c0-4e38-9530-25ca1ed204dd"}',
    currency: 'BHD',
    amount: 9,
    vat: 0,
    oldBalance: 70,
    newBalance: 61
  }
}

2024-02-01T21:01:06.208Z 2024-02-01T21:01:06.208Z	ec243af9-3f0f-553f-80f4-64cf37dd00c5	INFO	SubscriptionBalanceUpdated event published

2024-02-01T21:01:06.221Z 2024-02-01T21:01:06.221Z	ec243af9-3f0f-553f-80f4-64cf37dd00c5	INFO	Processing message a801f4e9-aeae-4793-a3d1-02f168f2ed90

2024-02-01T21:01:06.228Z 2024-02-01T21:01:06.228Z	ec243af9-3f0f-553f-80f4-64cf37dd00c5	INFO	Start syncing the balance {
  transaction: {
    id: '01HNK7K9JK4FYCA9H56BPZ45MG',
    type: 'DEBIT',
    source: 'MANUAL_DEDUCTION',
    action: 'DELIVERY_DEDUCTION',
    userId: '9f4df114-f657-4b93-af46-af0c3922bdef',
    paymentBalance: 39,
    updatePaymentBalance: true,
    metadata: '{"walletId":"wallet#9f4df114-f657-4b93-af46-af0c3922bdef","deliveryId":"7657ecc8-2c51-4e7a-aa60-f0a861cf9db5","walletSk":"7657ecc8-2c51-4e7a-aa60-f0a861cf9db5"}',
    currency: 'BHD',
    amount: 9,
    vat: 0,
    oldBalance: 48,
    newBalance: 39
  }
}

2024-02-01T21:01:06.274Z 2024-02-01T21:01:06.274Z	ec243af9-3f0f-553f-80f4-64cf37dd00c5	INFO	SubscriptionBalanceUpdated event published

2024-02-01T21:01:06.286Z 2024-02-01T21:01:06.286Z	ec243af9-3f0f-553f-80f4-64cf37dd00c5	INFO	Processing message fab769bd-f5b5-4cab-aa36-15b029da3671

2024-02-01T21:01:06.293Z 2024-02-01T21:01:06.293Z	ec243af9-3f0f-553f-80f4-64cf37dd00c5	INFO	Start syncing the balance {
  transaction: {
    id: '01HNK7K9NY00B4X3TFQGZWJJXN',
    type: 'DEBIT',
    source: 'MANUAL_DEDUCTION',
    action: 'DELIVERY_DEDUCTION',
    userId: 'e11c95b2-2f68-4c79-9cd1-47cd978c81b5',
    paymentBalance: 18,
    updatePaymentBalance: true,
    metadata: '{"walletId":"wallet#e11c95b2-2f68-4c79-9cd1-47cd978c81b5","deliveryId":"f5b5c884-4f12-4189-98d7-7815cb626a1c","walletSk":"f5b5c884-4f12-4189-98d7-7815cb626a1c"}',
    currency: 'BHD',
    amount: 9,
    vat: 0,
    oldBalance: 36,
    newBalance: 27
  }
}

2024-02-01T21:01:06.338Z 2024-02-01T21:01:06.338Z	ec243af9-3f0f-553f-80f4-64cf37dd00c5	INFO	SubscriptionBalanceUpdated event published

2024-02-01T21:01:06.351Z 2024-02-01T21:01:06.351Z	ec243af9-3f0f-553f-80f4-64cf37dd00c5	ERROR	Subscription balance and payment balance are not in sync {
  userId: 'e11c95b2-2f68-4c79-9cd1-47cd978c81b5',
  subscriptionBalance: 27,
  paymentBalance: 18
}

2024-02-01T21:01:06.388Z 2024-02-01T21:01:06.388Z	ec243af9-3f0f-553f-80f4-64cf37dd00c5	INFO	Processing message 8a1e2fe9-5f80-42b1-99c7-cfb3af5c4ec0

2024-02-01T21:01:06.394Z 2024-02-01T21:01:06.394Z	ec243af9-3f0f-553f-80f4-64cf37dd00c5	INFO	Start syncing the balance {
  transaction: {
    id: '01HNK7K9WD4FH2H0XC57HE9WZH',
    type: 'DEBIT',
    source: 'MANUAL_DEDUCTION',
    action: 'DELIVERY_DEDUCTION',
    userId: '2f893545-21a1-45ce-8cd0-c1f12e8f23e5',
    paymentBalance: 2250,
    updatePaymentBalance: true,
    metadata: '{"walletId":"wallet#2f893545-21a1-45ce-8cd0-c1f12e8f23e5","deliveryId":"cd670cea-6f50-473c-a012-5fa067af93cc","walletSk":"cd670cea-6f50-473c-a012-5fa067af93cc"}',
    currency: 'SAR',
    amount: 90,
    vat: 0,
    oldBalance: 2340,
    newBalance: 2250
  }
}

2024-02-01T21:01:06.453Z 2024-02-01T21:01:06.453Z	ec243af9-3f0f-553f-80f4-64cf37dd00c5	INFO	SubscriptionBalanceUpdated event published

2024-02-01T21:01:06.469Z 2024-02-01T21:01:06.469Z	ec243af9-3f0f-553f-80f4-64cf37dd00c5	INFO	Processing message 9ba2e169-f482-4086-8f4c-0d1ff888d828

2024-02-01T21:01:06.474Z 2024-02-01T21:01:06.474Z	ec243af9-3f0f-553f-80f4-64cf37dd00c5	INFO	Start syncing the balance {
  transaction: {
    id: '01HNK7K9W4GAYNH04K97FSDNNB',
    type: 'DEBIT',
    source: 'MANUAL_DEDUCTION',
    action: 'DELIVERY_DEDUCTION',
    userId: 'd8e22713-a177-4738-bdb6-e48b189eb487',
    paymentBalance: 90,
    updatePaymentBalance: true,
    metadata: '{"walletId":"wallet#d8e22713-a177-4738-bdb6-e48b189eb487","deliveryId":"aed3912e-0e3e-4640-9a11-57dc7008422f","walletSk":"aed3912e-0e3e-4640-9a11-57dc7008422f"}',
    currency: 'KWD',
    amount: 7.5,
    vat: 0,
    oldBalance: 97.5,
    newBalance: 90
  }
}

2024-02-01T21:01:06.522Z 2024-02-01T21:01:06.522Z	ec243af9-3f0f-553f-80f4-64cf37dd00c5	INFO	SubscriptionBalanceUpdated event published

2024-02-01T21:01:06.533Z 2024-02-01T21:01:06.533Z	ec243af9-3f0f-553f-80f4-64cf37dd00c5	INFO	Processing message 86035512-5f0a-4442-86d5-12a41fd0f210

2024-02-01T21:01:06.539Z 2024-02-01T21:01:06.539Z	ec243af9-3f0f-553f-80f4-64cf37dd00c5	INFO	Start syncing the balance {
  transaction: {
    id: '01HNK7K9MZ6E2JQS07Y13HP995',
    type: 'DEBIT',
    source: 'MANUAL_DEDUCTION',
    action: 'DELIVERY_DEDUCTION',
    userId: '66a734f3-a86b-477a-929e-50e078195a91',
    paymentBalance: 21,
    updatePaymentBalance: true,
    metadata: '{"walletId":"wallet#66a734f3-a86b-477a-929e-50e078195a91","deliveryId":"88917854-3e26-4c83-9df4-cce858a1399b","walletSk":"88917854-3e26-4c83-9df4-cce858a1399b"}',
    currency: 'BHD',
    amount: 9,
    vat: 0,
    oldBalance: 39,
    newBalance: 30
  }
}

2024-02-01T21:01:06.580Z 2024-02-01T21:01:06.580Z	ec243af9-3f0f-553f-80f4-64cf37dd00c5	INFO	SubscriptionBalanceUpdated event published

2024-02-01T21:01:06.593Z 2024-02-01T21:01:06.593Z	ec243af9-3f0f-553f-80f4-64cf37dd00c5	ERROR	Subscription balance and payment balance are not in sync {
  userId: '66a734f3-a86b-477a-929e-50e078195a91',
  subscriptionBalance: 30,
  paymentBalance: 21
}

2024-02-01T21:01:06.610Z 2024-02-01T21:01:06.610Z	ec243af9-3f0f-553f-80f4-64cf37dd00c5	INFO	Processing message 002fc6a8-40d1-483b-b2a7-f3ae3f56dc3a

2024-02-01T21:01:06.636Z 2024-02-01T21:01:06.636Z	ec243af9-3f0f-553f-80f4-64cf37dd00c5	INFO	Start syncing the balance {
  transaction: {
    id: '01HNK7KA601E7JBBBSWZ7WNPER',
    type: 'DEBIT',
    source: 'MANUAL_DEDUCTION',
    action: 'DELIVERY_DEDUCTION',
    userId: '35790c79-2aad-4b1c-b9e0-4ca04d71f93a',
    paymentBalance: 0,
    updatePaymentBalance: true,
    metadata: '{"walletId":"wallet#35790c79-2aad-4b1c-b9e0-4ca04d71f93a","deliveryId":"16585a40-a9e4-413b-b0a4-823db400ae4b","walletSk":"16585a40-a9e4-413b-b0a4-823db400ae4b"}',
    currency: 'BHD',
    amount: 9,
    vat: 0,
    oldBalance: 9,
    newBalance: 0
  }
}

2024-02-01T21:01:06.782Z 2024-02-01T21:01:06.782Z	ec243af9-3f0f-553f-80f4-64cf37dd00c5	INFO	SubscriptionBalanceUpdated event published

2024-02-01T21:01:06.793Z 2024-02-01T21:01:06.793Z	ec243af9-3f0f-553f-80f4-64cf37dd00c5	INFO	Processing message 1f6218c9-0429-4b8d-8a62-a59daedf2095

2024-02-01T21:01:06.799Z 2024-02-01T21:01:06.799Z	ec243af9-3f0f-553f-80f4-64cf37dd00c5	INFO	Start syncing the balance {
  transaction: {
    id: '01HNK7KA0KQPRYAQR2ZD1YR1B6',
    type: 'DEBIT',
    source: 'MANUAL_DEDUCTION',
    action: 'DELIVERY_DEDUCTION',
    userId: '5fd7a797-569b-483e-9e96-9361757e3749',
    paymentBalance: 48,
    updatePaymentBalance: true,
    metadata: '{"walletId":"wallet#5fd7a797-569b-483e-9e96-9361757e3749","deliveryId":"763d40a4-99cd-428f-8c35-c0148b19fa4f","walletSk":"763d40a4-99cd-428f-8c35-c0148b19fa4f"}',
    currency: 'BHD',
    amount: 9,
    vat: 0,
    oldBalance: 57,
    newBalance: 48
  }
}

2024-02-01T21:01:06.838Z 2024-02-01T21:01:06.838Z	ec243af9-3f0f-553f-80f4-64cf37dd00c5	INFO	SubscriptionBalanceUpdated event published

2024-02-01T21:01:06.853Z 2024-02-01T21:01:06.853Z	ec243af9-3f0f-553f-80f4-64cf37dd00c5	INFO	Processing message 6b5ede4b-a5d5-4cde-bd04-3f490ce516ee

2024-02-01T21:01:06.858Z 2024-02-01T21:01:06.858Z	ec243af9-3f0f-553f-80f4-64cf37dd00c5	INFO	Start syncing the balance {
  transaction: {
    id: '01HNK7KA5VE663HSP1WZ5703FJ',
    type: 'DEBIT',
    source: 'MANUAL_DEDUCTION',
    action: 'DELIVERY_DEDUCTION',
    userId: '4c4ceed7-e0a3-4168-9e92-e84ee46e6082',
    paymentBalance: 1980,
    updatePaymentBalance: true,
    metadata: '{"walletId":"wallet#4c4ceed7-e0a3-4168-9e92-e84ee46e6082","deliveryId":"3aec532b-f94d-4ae4-a8c7-be61633ccf71","walletSk":"3aec532b-f94d-4ae4-a8c7-be61633ccf71"}',
    currency: 'SAR',
    amount: 90,
    vat: 0,
    oldBalance: 2070,
    newBalance: 1980
  }
}

2024-02-01T21:01:06.933Z 2024-02-01T21:01:06.933Z	ec243af9-3f0f-553f-80f4-64cf37dd00c5	INFO	SubscriptionBalanceUpdated event published

2024-02-01T21:01:06.947Z END RequestId: ec243af9-3f0f-553f-80f4-64cf37dd00c5

2024-02-01T21:01:06.947Z REPORT RequestId: ec243af9-3f0f-553f-80f4-64cf37dd00c5	Duration: 902.12 ms	Billed Duration: 903 ms	Memory Size: 1024 MB	Max Memory Used: 118 MB	

2024-02-01T21:01:07.315Z START RequestId: eefaeb72-3b93-5cfe-a474-b5443341e904 Version: $LATEST

2024-02-01T21:01:07.342Z 2024-02-01T21:01:07.342Z	eefaeb72-3b93-5cfe-a474-b5443341e904	INFO	Processing message 58382921-2bfb-4761-96f1-aa513c6397fc

2024-02-01T21:01:07.347Z 2024-02-01T21:01:07.347Z	eefaeb72-3b93-5cfe-a474-b5443341e904	INFO	Start syncing the balance {
  transaction: {
    id: '01HNK7KAXEZJFJ118AZSD15M9A',
    type: 'DEBIT',
    source: 'MANUAL_DEDUCTION',
    action: 'DELIVERY_DEDUCTION',
    userId: 'f5a6b9b6-e936-4af9-af4f-a713e4e3d8fc',
    paymentBalance: 186.5,
    updatePaymentBalance: true,
    metadata: '{"walletId":"wallet#f5a6b9b6-e936-4af9-af4f-a713e4e3d8fc","deliveryId":"090b9423-b019-4638-9f7a-f68de7e48651","walletSk":"090b9423-b019-4638-9f7a-f68de7e48651"}',
    currency: 'BHD',
    amount: 9,
    vat: 0,
    oldBalance: 195.5,
    newBalance: 186.5
  }
}

2024-02-01T21:01:07.388Z 2024-02-01T21:01:07.388Z	eefaeb72-3b93-5cfe-a474-b5443341e904	INFO	SubscriptionBalanceUpdated event published

2024-02-01T21:01:07.414Z 2024-02-01T21:01:07.414Z	eefaeb72-3b93-5cfe-a474-b5443341e904	INFO	Processing message 09cf48cd-ff14-46f1-88bc-a7867feda3e0

2024-02-01T21:01:07.419Z 2024-02-01T21:01:07.419Z	eefaeb72-3b93-5cfe-a474-b5443341e904	INFO	Start syncing the balance {
  transaction: {
    id: '01HNK7KB3SRG0XZZZYZNG2V11T',
    type: 'DEBIT',
    source: 'MANUAL_DEDUCTION',
    action: 'DELIVERY_DEDUCTION',
    userId: '6ae6fd3a-d3e9-4732-bb58-d3dd0d546fdf',
    paymentBalance: 9,
    updatePaymentBalance: true,
    metadata: '{"walletId":"wallet#6ae6fd3a-d3e9-4732-bb58-d3dd0d546fdf","deliveryId":"d7701a44-dbb8-4dfb-aefc-5147fb6d7583","walletSk":"d7701a44-dbb8-4dfb-aefc-5147fb6d7583"}',
    currency: 'BHD',
    amount: 9,
    vat: 0,
    oldBalance: 18,
    newBalance: 9
  }
}

2024-02-01T21:01:07.464Z 2024-02-01T21:01:07.464Z	eefaeb72-3b93-5cfe-a474-b5443341e904	INFO	SubscriptionBalanceUpdated event published

2024-02-01T21:01:07.477Z 2024-02-01T21:01:07.477Z	eefaeb72-3b93-5cfe-a474-b5443341e904	INFO	Processing message 62728ba1-c14c-454b-920f-493f45aacbd8

2024-02-01T21:01:07.482Z 2024-02-01T21:01:07.482Z	eefaeb72-3b93-5cfe-a474-b5443341e904	INFO	Start syncing the balance {
  transaction: {
    id: '01HNK7KB0QJRA56JHER9PV839T',
    type: 'DEBIT',
    source: 'MANUAL_DEDUCTION',
    action: 'DELIVERY_DEDUCTION',
    userId: '608e45e6-0a97-4054-ac29-51a125d92af9',
    paymentBalance: 66.182,
    updatePaymentBalance: true,
    metadata: '{"walletId":"wallet#608e45e6-0a97-4054-ac29-51a125d92af9","deliveryId":"6543b92e-a62f-41f3-a7d5-b0204ad576f3","walletSk":"6543b92e-a62f-41f3-a7d5-b0204ad576f3"}',
    currency: 'BHD',
    amount: 8,
    vat: 0,
    oldBalance: 74.182,
    newBalance: 66.182
  }
}

2024-02-01T21:01:07.527Z 2024-02-01T21:01:07.527Z	eefaeb72-3b93-5cfe-a474-b5443341e904	INFO	SubscriptionBalanceUpdated event published

2024-02-01T21:01:07.542Z 2024-02-01T21:01:07.542Z	eefaeb72-3b93-5cfe-a474-b5443341e904	INFO	Processing message 170c5010-466e-449a-8429-875011bcc5ef

2024-02-01T21:01:07.547Z 2024-02-01T21:01:07.547Z	eefaeb72-3b93-5cfe-a474-b5443341e904	INFO	Start syncing the balance {
  transaction: {
    id: '01HNK7KB08S7MJFZ4TYHKPB6KZ',
    type: 'DEBIT',
    source: 'MANUAL_DEDUCTION',
    action: 'DELIVERY_DEDUCTION',
    userId: '91886874-40ec-4324-87ea-10bcee9904f5',
    paymentBalance: 151.05,
    updatePaymentBalance: true,
    metadata: '{"walletId":"wallet#91886874-40ec-4324-87ea-10bcee9904f5","deliveryId":"21d144e8-a289-4e77-9eb0-3ca5ab2e76b8","walletSk":"21d144e8-a289-4e77-9eb0-3ca5ab2e76b8"}',
    currency: 'BHD',
    amount: 3.3,
    vat: 0,
    oldBalance: 154.35,
    newBalance: 151.05
  }
}

2024-02-01T21:01:07.587Z 2024-02-01T21:01:07.587Z	eefaeb72-3b93-5cfe-a474-b5443341e904	INFO	SubscriptionBalanceUpdated event published

2024-02-01T21:01:07.600Z 2024-02-01T21:01:07.600Z	eefaeb72-3b93-5cfe-a474-b5443341e904	INFO	Processing message df49bf36-466d-4068-959e-d0b1f3c4ece2

2024-02-01T21:01:07.606Z 2024-02-01T21:01:07.606Z	eefaeb72-3b93-5cfe-a474-b5443341e904	INFO	Start syncing the balance {
  transaction: {
    id: '01HNK7KB3MKFPJQVMHDG7G9BYV',
    type: 'DEBIT',
    source: 'MANUAL_DEDUCTION',
    action: 'DELIVERY_DEDUCTION',
    userId: '15469d49-7d54-4ea1-833c-708f679471d4',
    paymentBalance: 143,
    updatePaymentBalance: true,
    metadata: '{"walletId":"wallet#15469d49-7d54-4ea1-833c-708f679471d4","deliveryId":"58cc5152-d3a9-420d-acba-0994997fb8b6","walletSk":"58cc5152-d3a9-420d-acba-0994997fb8b6"}',
    currency: 'BHD',
    amount: 8,
    vat: 0,
    oldBalance: 151,
    newBalance: 143
  }
}

2024-02-01T21:01:07.669Z 2024-02-01T21:01:07.669Z	eefaeb72-3b93-5cfe-a474-b5443341e904	INFO	SubscriptionBalanceUpdated event published

2024-02-01T21:01:07.684Z END RequestId: eefaeb72-3b93-5cfe-a474-b5443341e904

2024-02-01T21:01:07.684Z REPORT RequestId: eefaeb72-3b93-5cfe-a474-b5443341e904	Duration: 369.11 ms	Billed Duration: 370 ms	Memory Size: 1024 MB	Max Memory Used: 118 MB	
XRAY TraceId: 1-65bc0693-06955cac93818d45856dcaa4	SegmentId: 367c509609cfe096	Sampled: true	

2024-02-01T21:01:07.747Z START RequestId: 0f9a417c-dda1-5ba0-993b-1f4ad5729e5a Version: $LATEST

2024-02-01T21:01:07.775Z 2024-02-01T21:01:07.775Z	0f9a417c-dda1-5ba0-993b-1f4ad5729e5a	INFO	Processing message f1a750ce-b6c8-45a4-be01-b945b5706aff

2024-02-01T21:01:07.780Z 2024-02-01T21:01:07.780Z	0f9a417c-dda1-5ba0-993b-1f4ad5729e5a	INFO	Start syncing the balance {
  transaction: {
    id: '01HNK7KBQGZ8R7RX7E97JK7CJK',
    type: 'DEBIT',
    source: 'MANUAL_DEDUCTION',
    action: 'DELIVERY_DEDUCTION',
    userId: '789e2517-7115-46a9-a260-717333a06b69',
    paymentBalance: 93,
    updatePaymentBalance: true,
    metadata: '{"walletId":"wallet#789e2517-7115-46a9-a260-717333a06b69","deliveryId":"3a6cc4a2-3283-43f9-9552-6c1c90eea05a","walletSk":"3a6cc4a2-3283-43f9-9552-6c1c90eea05a"}',
    currency: 'BHD',
    amount: 9,
    vat: 0,
    oldBalance: 111,
    newBalance: 102
  }
}

2024-02-01T21:01:07.821Z 2024-02-01T21:01:07.821Z	0f9a417c-dda1-5ba0-993b-1f4ad5729e5a	INFO	SubscriptionBalanceUpdated event published

2024-02-01T21:01:07.834Z 2024-02-01T21:01:07.834Z	0f9a417c-dda1-5ba0-993b-1f4ad5729e5a	ERROR	Subscription balance and payment balance are not in sync {
  userId: '789e2517-7115-46a9-a260-717333a06b69',
  subscriptionBalance: 102,
  paymentBalance: 93
}

2024-02-01T21:01:07.852Z 2024-02-01T21:01:07.852Z	0f9a417c-dda1-5ba0-993b-1f4ad5729e5a	INFO	Processing message 08ab472f-279d-46e5-88e0-986c227ffb4b

2024-02-01T21:01:07.857Z 2024-02-01T21:01:07.857Z	0f9a417c-dda1-5ba0-993b-1f4ad5729e5a	INFO	Start syncing the balance {
  transaction: {
    id: '01HNK7KBWXG20VJSCPP1SA7N0Y',
    type: 'DEBIT',
    source: 'MANUAL_DEDUCTION',
    action: 'DELIVERY_DEDUCTION',
    userId: 'daa2bf74-cf31-4552-9e85-acb48a7c3f90',
    paymentBalance: 606.091,
    updatePaymentBalance: true,
    metadata: '{"walletId":"wallet#daa2bf74-cf31-4552-9e85-acb48a7c3f90","deliveryId":"0de99eff-06cc-4054-95e3-30cf82a870d6","walletSk":"0de99eff-06cc-4054-95e3-30cf82a870d6"}',
    currency: 'BHD',
    amount: 9,
    vat: 0,
    oldBalance: 207.091,
    newBalance: 198.091
  }
}

2024-02-01T21:01:07.900Z 2024-02-01T21:01:07.900Z	0f9a417c-dda1-5ba0-993b-1f4ad5729e5a	INFO	SubscriptionBalanceUpdated event published

2024-02-01T21:01:07.912Z 2024-02-01T21:01:07.912Z	0f9a417c-dda1-5ba0-993b-1f4ad5729e5a	ERROR	Subscription balance and payment balance are not in sync {
  userId: 'daa2bf74-cf31-4552-9e85-acb48a7c3f90',
  subscriptionBalance: 198.091,
  paymentBalance: 606.091
}

2024-02-01T21:01:07.928Z 2024-02-01T21:01:07.928Z	0f9a417c-dda1-5ba0-993b-1f4ad5729e5a	INFO	Processing message c39aede2-24a5-4057-8abd-f430d9045ce4

2024-02-01T21:01:07.934Z 2024-02-01T21:01:07.934Z	0f9a417c-dda1-5ba0-993b-1f4ad5729e5a	INFO	Start syncing the balance {
  transaction: {
    id: '01HNK7KBK6WGJ1J2Y2T9YFYQCQ',
    type: 'DEBIT',
    source: 'MANUAL_DEDUCTION',
    action: 'DELIVERY_DEDUCTION',
    userId: '804d97c8-bf70-4f6d-ad3b-8b63bb543104',
    paymentBalance: 42,
    updatePaymentBalance: true,
    metadata: '{"walletId":"wallet#804d97c8-bf70-4f6d-ad3b-8b63bb543104","deliveryId":"7cb032f7-6f83-46fc-a8d4-dd0a2f81e11e","walletSk":"7cb032f7-6f83-46fc-a8d4-dd0a2f81e11e"}',
    currency: 'BHD',
    amount: 4,
    vat: 0,
    oldBalance: 55,
    newBalance: 51
  }
}

2024-02-01T21:01:07.973Z 2024-02-01T21:01:07.973Z	0f9a417c-dda1-5ba0-993b-1f4ad5729e5a	INFO	SubscriptionBalanceUpdated event published

2024-02-01T21:01:07.986Z 2024-02-01T21:01:07.986Z	0f9a417c-dda1-5ba0-993b-1f4ad5729e5a	ERROR	Subscription balance and payment balance are not in sync {
  userId: '804d97c8-bf70-4f6d-ad3b-8b63bb543104',
  subscriptionBalance: 51,
  paymentBalance: 42
}

2024-02-01T21:01:08.003Z 2024-02-01T21:01:08.003Z	0f9a417c-dda1-5ba0-993b-1f4ad5729e5a	INFO	Processing message ae2c2067-286f-49f4-9380-75d0de48f121

2024-02-01T21:01:08.009Z 2024-02-01T21:01:08.009Z	0f9a417c-dda1-5ba0-993b-1f4ad5729e5a	INFO	Start syncing the balance {
  transaction: {
    id: '01HNK7KBT4MRD9A3CBCTBAJW9X',
    type: 'DEBIT',
    source: 'MANUAL_DEDUCTION',
    action: 'DELIVERY_DEDUCTION',
    userId: '20f25ac8-8c5b-4ddf-a655-12257aed6fff',
    paymentBalance: 84,
    updatePaymentBalance: true,
    metadata: '{"walletId":"wallet#20f25ac8-8c5b-4ddf-a655-12257aed6fff","deliveryId":"04bcb3cb-034d-4a1f-8c49-c6398f877e59","walletSk":"04bcb3cb-034d-4a1f-8c49-c6398f877e59"}',
    currency: 'BHD',
    amount: 9,
    vat: 0,
    oldBalance: 102,
    newBalance: 93
  }
}

2024-02-01T21:01:08.053Z 2024-02-01T21:01:08.053Z	0f9a417c-dda1-5ba0-993b-1f4ad5729e5a	INFO	SubscriptionBalanceUpdated event published

2024-02-01T21:01:08.067Z 2024-02-01T21:01:08.067Z	0f9a417c-dda1-5ba0-993b-1f4ad5729e5a	ERROR	Subscription balance and payment balance are not in sync {
  userId: '20f25ac8-8c5b-4ddf-a655-12257aed6fff',
  subscriptionBalance: 93,
  paymentBalance: 84
}

2024-02-01T21:01:08.095Z 2024-02-01T21:01:08.095Z	0f9a417c-dda1-5ba0-993b-1f4ad5729e5a	INFO	Processing message a5476e6e-8a1c-468f-90f0-152efb716855

2024-02-01T21:01:08.101Z 2024-02-01T21:01:08.101Z	0f9a417c-dda1-5ba0-993b-1f4ad5729e5a	INFO	Start syncing the balance {
  transaction: {
    id: '01HNK7KBWWGYDABBSXQ7VZM83B',
    type: 'DEBIT',
    source: 'MANUAL_DEDUCTION',
    action: 'DELIVERY_DEDUCTION',
    userId: 'c223aaaf-caf0-4f2a-a3b9-af020634288d',
    paymentBalance: 27,
    updatePaymentBalance: true,
    metadata: '{"walletId":"wallet#c223aaaf-caf0-4f2a-a3b9-af020634288d","deliveryId":"ef50556d-6f80-46cd-852d-32a21a9d9a2e","walletSk":"ef50556d-6f80-46cd-852d-32a21a9d9a2e"}',
    currency: 'BHD',
    amount: 9,
    vat: 0,
    oldBalance: 36,
    newBalance: 27
  }
}

2024-02-01T21:01:08.203Z 2024-02-01T21:01:08.203Z	0f9a417c-dda1-5ba0-993b-1f4ad5729e5a	INFO	SubscriptionBalanceUpdated event published

2024-02-01T21:01:08.216Z END RequestId: 0f9a417c-dda1-5ba0-993b-1f4ad5729e5a

2024-02-01T21:01:08.216Z REPORT RequestId: 0f9a417c-dda1-5ba0-993b-1f4ad5729e5a	Duration: 469.24 ms	Billed Duration: 470 ms	Memory Size: 1024 MB	Max Memory Used: 118 MB	

2024-02-01T21:01:01.000Z INIT_START Runtime Version: nodejs:20.v15	Runtime Version ARN: arn:aws:lambda:us-east-1::runtime:379cd8c4d157c2e16f1b841486b613da2188da597609ef24d67497ad9c22a53e

2024-02-01T21:01:01.737Z START RequestId: 67a0635b-5820-5c6c-bcc3-3d6d50e20996 Version: $LATEST

2024-02-01T21:01:01.872Z 2024-02-01T21:01:01.872Z	67a0635b-5820-5c6c-bcc3-3d6d50e20996	INFO	Processing message 91718591-ba5d-4f38-8c41-d24467f94922

2024-02-01T21:01:01.961Z 2024-02-01T21:01:01.961Z	67a0635b-5820-5c6c-bcc3-3d6d50e20996	INFO	Start syncing the balance {
  transaction: {
    id: '01HNK7K2Y6BAY57Q6Q9J09MQFE',
    type: 'DEBIT',
    source: 'MANUAL_DEDUCTION',
    action: 'DELIVERY_DEDUCTION',
    userId: 'c39062fc-016b-4afa-bacd-db5e13ce2a2d',
    paymentBalance: 1519.547,
    updatePaymentBalance: true,
    metadata: '{"walletId":"wallet#c39062fc-016b-4afa-bacd-db5e13ce2a2d","deliveryId":"bb5bba54-90c4-481c-9e8c-24b55cfe9dd2","walletSk":"bb5bba54-90c4-481c-9e8c-24b55cfe9dd2"}',
    currency: 'BHD',
    amount: 8,
    vat: 0,
    oldBalance: 168,
    newBalance: 160
  }
}

2024-02-01T21:01:02.192Z 2024-02-01T21:01:02.192Z	67a0635b-5820-5c6c-bcc3-3d6d50e20996	INFO	SubscriptionBalanceUpdated event published

2024-02-01T21:01:02.241Z 2024-02-01T21:01:02.241Z	67a0635b-5820-5c6c-bcc3-3d6d50e20996	ERROR	Subscription balance and payment balance are not in sync {
  userId: 'c39062fc-016b-4afa-bacd-db5e13ce2a2d',
  subscriptionBalance: 160,
  paymentBalance: 1519.547
}

2024-02-01T21:01:02.285Z END RequestId: 67a0635b-5820-5c6c-bcc3-3d6d50e20996

2024-02-01T21:01:02.285Z REPORT RequestId: 67a0635b-5820-5c6c-bcc3-3d6d50e20996	Duration: 548.06 ms	Billed Duration: 549 ms	Memory Size: 1024 MB	Max Memory Used: 104 MB	Init Duration: 736.66 ms	
XRAY TraceId: 1-65bc068c-10e36a9d83c218b1d6d644ab	SegmentId: 5d8070304b180106	Sampled: true	

2024-02-01T21:01:03.459Z START RequestId: 1df6275f-73e9-5480-a1f5-79697b26917a Version: $LATEST

2024-02-01T21:01:03.489Z 2024-02-01T21:01:03.489Z	1df6275f-73e9-5480-a1f5-79697b26917a	INFO	Processing message 69866953-cedc-4057-97d9-93cac4bd4ed1

2024-02-01T21:01:03.497Z 2024-02-01T21:01:03.497Z	1df6275f-73e9-5480-a1f5-79697b26917a	INFO	Start syncing the balance {
  transaction: {
    id: '01HNK7K61NWRVCFV7WEMFNGG57',
    type: 'DEBIT',
    source: 'MANUAL_DEDUCTION',
    action: 'DELIVERY_DEDUCTION',
    userId: '5b25fc0d-4b52-479d-a9e9-5533cece208a',
    paymentBalance: 2160,
    updatePaymentBalance: true,
    metadata: '{"walletId":"wallet#5b25fc0d-4b52-479d-a9e9-5533cece208a","deliveryId":"6b41ffa5-1d89-4814-b9bf-7f95eb892635","walletSk":"6b41ffa5-1d89-4814-b9bf-7f95eb892635"}',
    currency: 'SAR',
    amount: 90,
    vat: 0,
    oldBalance: 2250,
    newBalance: 2160
  }
}

2024-02-01T21:01:03.549Z 2024-02-01T21:01:03.549Z	1df6275f-73e9-5480-a1f5-79697b26917a	INFO	SubscriptionBalanceUpdated event published

2024-02-01T21:01:03.563Z 2024-02-01T21:01:03.563Z	1df6275f-73e9-5480-a1f5-79697b26917a	INFO	Processing message a7a67a32-48c9-4364-bc52-ae85dfae3b3f

2024-02-01T21:01:03.570Z 2024-02-01T21:01:03.570Z	1df6275f-73e9-5480-a1f5-79697b26917a	INFO	Start syncing the balance {
  transaction: {
    id: '01HNK7K67E39P58FG8E1HJZQ60',
    type: 'DEBIT',
    source: 'MANUAL_DEDUCTION',
    action: 'DELIVERY_DEDUCTION',
    userId: '3239a143-f9bf-4b01-9885-26d3e10f4933',
    paymentBalance: 18,
    updatePaymentBalance: true,
    metadata: '{"walletId":"wallet#3239a143-f9bf-4b01-9885-26d3e10f4933","deliveryId":"2970bf0a-6fa6-489b-8d33-5ceffb82360d","walletSk":"2970bf0a-6fa6-489b-8d33-5ceffb82360d"}',
    currency: 'BHD',
    amount: 9,
    vat: 0,
    oldBalance: 36,
    newBalance: 27
  }
}

2024-02-01T21:01:03.628Z 2024-02-01T21:01:03.628Z	1df6275f-73e9-5480-a1f5-79697b26917a	INFO	SubscriptionBalanceUpdated event published

2024-02-01T21:01:03.643Z 2024-02-01T21:01:03.643Z	1df6275f-73e9-5480-a1f5-79697b26917a	ERROR	Subscription balance and payment balance are not in sync {
  userId: '3239a143-f9bf-4b01-9885-26d3e10f4933',
  subscriptionBalance: 27,
  paymentBalance: 18
}

2024-02-01T21:01:03.659Z 2024-02-01T21:01:03.659Z	1df6275f-73e9-5480-a1f5-79697b26917a	INFO	Processing message 36d62134-330e-402d-9128-ebe6e604411e

2024-02-01T21:01:03.666Z 2024-02-01T21:01:03.666Z	1df6275f-73e9-5480-a1f5-79697b26917a	INFO	Start syncing the balance {
  transaction: {
    id: '01HNK7K6C8W04VJK6V4G5X6V4E',
    type: 'DEBIT',
    source: 'MANUAL_DEDUCTION',
    action: 'DELIVERY_DEDUCTION',
    userId: 'dad65afc-5053-4bfb-bab4-c4238e52842d',
    paymentBalance: 30,
    updatePaymentBalance: true,
    metadata: '{"walletId":"wallet#dad65afc-5053-4bfb-bab4-c4238e52842d","deliveryId":"5df16e03-7736-428f-a7d1-db8b0df5a77f","walletSk":"5df16e03-7736-428f-a7d1-db8b0df5a77f"}',
    currency: 'BHD',
    amount: 9,
    vat: 0,
    oldBalance: 48,
    newBalance: 39
  }
}

2024-02-01T21:01:03.709Z 2024-02-01T21:01:03.709Z	1df6275f-73e9-5480-a1f5-79697b26917a	INFO	SubscriptionBalanceUpdated event published

2024-02-01T21:01:03.723Z 2024-02-01T21:01:03.723Z	1df6275f-73e9-5480-a1f5-79697b26917a	ERROR	Subscription balance and payment balance are not in sync {
  userId: 'dad65afc-5053-4bfb-bab4-c4238e52842d',
  subscriptionBalance: 39,
  paymentBalance: 30
}

2024-02-01T21:01:03.798Z 2024-02-01T21:01:03.798Z	1df6275f-73e9-5480-a1f5-79697b26917a	INFO	Processing message f00959ff-18e8-4c1f-8b59-cc0c9ab87629

2024-02-01T21:01:03.805Z 2024-02-01T21:01:03.805Z	1df6275f-73e9-5480-a1f5-79697b26917a	INFO	Start syncing the balance {
  transaction: {
    id: '01HNK7K6DV77ZNRHEY0RC04RE4',
    type: 'DEBIT',
    source: 'MANUAL_DEDUCTION',
    action: 'DELIVERY_DEDUCTION',
    userId: 'f50005b1-ee81-4cb6-a3b0-882b19122f35',
    paymentBalance: 171,
    updatePaymentBalance: true,
    metadata: '{"walletId":"wallet#f50005b1-ee81-4cb6-a3b0-882b19122f35","deliveryId":"44ebd124-b79f-4892-8a03-9fe443a34f64","walletSk":"44ebd124-b79f-4892-8a03-9fe443a34f64"}',
    currency: 'BHD',
    amount: 9,
    vat: 0,
    oldBalance: 180,
    newBalance: 171
  }
}

2024-02-01T21:01:03.939Z 2024-02-01T21:01:03.939Z	1df6275f-73e9-5480-a1f5-79697b26917a	INFO	SubscriptionBalanceUpdated event published

2024-02-01T21:01:03.950Z 2024-02-01T21:01:03.950Z	1df6275f-73e9-5480-a1f5-79697b26917a	INFO	Processing message d7863246-0b76-4c3b-8652-4dcf57a932cb

2024-02-01T21:01:03.956Z 2024-02-01T21:01:03.956Z	1df6275f-73e9-5480-a1f5-79697b26917a	INFO	Start syncing the balance {
  transaction: {
    id: '01HNK7K6KF42F1Q8NHQXX510J0',
    type: 'DEBIT',
    source: 'MANUAL_DEDUCTION',
    action: 'DELIVERY_DEDUCTION',
    userId: '2c43bfa6-6b49-4228-a405-d7bf42ccacad',
    paymentBalance: 180,
    updatePaymentBalance: true,
    metadata: '{"walletId":"wallet#2c43bfa6-6b49-4228-a405-d7bf42ccacad","deliveryId":"a2ac3135-9dc6-4b51-8deb-55b21162e029","walletSk":"a2ac3135-9dc6-4b51-8deb-55b21162e029"}',
    currency: 'BHD',
    amount: 9,
    vat: 0,
    oldBalance: 189,
    newBalance: 180
  }
}

2024-02-01T21:01:04.058Z 2024-02-01T21:01:04.058Z	1df6275f-73e9-5480-a1f5-79697b26917a	INFO	SubscriptionBalanceUpdated event published

2024-02-01T21:01:04.071Z 2024-02-01T21:01:04.071Z	1df6275f-73e9-5480-a1f5-79697b26917a	INFO	Processing message e450a4ef-f909-4f8b-a6a2-a9d91e2feb8f

2024-02-01T21:01:04.077Z 2024-02-01T21:01:04.077Z	1df6275f-73e9-5480-a1f5-79697b26917a	INFO	Start syncing the balance {
  transaction: {
    id: '01HNK7K6WZV28G4EN8S485EHBG',
    type: 'DEBIT',
    source: 'MANUAL_DEDUCTION',
    action: 'DELIVERY_DEDUCTION',
    userId: 'd660234f-ebd5-41da-919b-b125cfe67889',
    paymentBalance: 54.5,
    updatePaymentBalance: true,
    metadata: '{"walletId":"wallet#d660234f-ebd5-41da-919b-b125cfe67889","deliveryId":"f212fa69-106c-4560-be50-82e2525caf32","walletSk":"f212fa69-106c-4560-be50-82e2525caf32"}',
    currency: 'BHD',
    amount: 9,
    vat: 0,
    oldBalance: 72.5,
    newBalance: 63.5
  }
}

2024-02-01T21:01:04.125Z 2024-02-01T21:01:04.125Z	1df6275f-73e9-5480-a1f5-79697b26917a	INFO	SubscriptionBalanceUpdated event published

2024-02-01T21:01:04.138Z 2024-02-01T21:01:04.138Z	1df6275f-73e9-5480-a1f5-79697b26917a	ERROR	Subscription balance and payment balance are not in sync {
  userId: 'd660234f-ebd5-41da-919b-b125cfe67889',
  subscriptionBalance: 63.5,
  paymentBalance: 54.5
}

2024-02-01T21:01:04.156Z 2024-02-01T21:01:04.156Z	1df6275f-73e9-5480-a1f5-79697b26917a	INFO	Processing message 949e9556-f1b1-459a-9171-c391c5f3c73b

2024-02-01T21:01:04.162Z 2024-02-01T21:01:04.162Z	1df6275f-73e9-5480-a1f5-79697b26917a	INFO	Start syncing the balance {
  transaction: {
    id: '01HNK7K6R1FDJRF5GRN4FXB62E',
    type: 'DEBIT',
    source: 'MANUAL_DEDUCTION',
    action: 'DELIVERY_DEDUCTION',
    userId: 'ab0945cb-5f97-44d7-ab7d-1eda2af91f18',
    paymentBalance: 153,
    updatePaymentBalance: true,
    metadata: '{"walletId":"wallet#ab0945cb-5f97-44d7-ab7d-1eda2af91f18","deliveryId":"377e52c7-351f-4944-8104-b38d40850f2c","walletSk":"377e52c7-351f-4944-8104-b38d40850f2c"}',
    currency: 'BHD',
    amount: 9,
    vat: 0,
    oldBalance: 162,
    newBalance: 153
  }
}

2024-02-01T21:01:04.213Z 2024-02-01T21:01:04.213Z	1df6275f-73e9-5480-a1f5-79697b26917a	INFO	SubscriptionBalanceUpdated event published

2024-02-01T21:01:04.224Z 2024-02-01T21:01:04.224Z	1df6275f-73e9-5480-a1f5-79697b26917a	INFO	Processing message d45b71eb-d356-432d-a567-9ba8f5ed1c9d

2024-02-01T21:01:04.230Z 2024-02-01T21:01:04.230Z	1df6275f-73e9-5480-a1f5-79697b26917a	INFO	Start syncing the balance {
  transaction: {
    id: '01HNK7K7294GFAKD6W1X1MDHTB',
    type: 'DEBIT',
    source: 'MANUAL_DEDUCTION',
    action: 'DELIVERY_DEDUCTION',
    userId: 'f0f93bcc-c131-4a3b-ab25-2f23ff4a8f05',
    paymentBalance: 9,
    updatePaymentBalance: true,
    metadata: '{"walletId":"wallet#f0f93bcc-c131-4a3b-ab25-2f23ff4a8f05","deliveryId":"6b14e157-c709-4af6-9776-96adb69d5009","walletSk":"6b14e157-c709-4af6-9776-96adb69d5009"}',
    currency: 'BHD',
    amount: 9,
    vat: 0,
    oldBalance: 18,
    newBalance: 9
  }
}

2024-02-01T21:01:04.283Z 2024-02-01T21:01:04.283Z	1df6275f-73e9-5480-a1f5-79697b26917a	INFO	SubscriptionBalanceUpdated event published

2024-02-01T21:01:04.304Z 2024-02-01T21:01:04.304Z	1df6275f-73e9-5480-a1f5-79697b26917a	INFO	Processing message e147c619-b1c9-419b-aba9-326e03df916f

2024-02-01T21:01:04.310Z 2024-02-01T21:01:04.310Z	1df6275f-73e9-5480-a1f5-79697b26917a	INFO	Start syncing the balance {
  transaction: {
    id: '01HNK7K77KDJ8TKYGTWX8BBAHR',
    type: 'DEBIT',
    source: 'MANUAL_DEDUCTION',
    action: 'DELIVERY_DEDUCTION',
    userId: '774e69ea-6841-4fbe-a007-6c5fe7feba4e',
    paymentBalance: 18,
    updatePaymentBalance: true,
    metadata: '{"walletId":"wallet#774e69ea-6841-4fbe-a007-6c5fe7feba4e","deliveryId":"4f17fa91-47dd-4bbc-8177-f1f8de90e81c","walletSk":"4f17fa91-47dd-4bbc-8177-f1f8de90e81c"}',
    currency: 'BHD',
    amount: 9,
    vat: 0,
    oldBalance: 36,
    newBalance: 27
  }
}

2024-02-01T21:01:04.356Z 2024-02-01T21:01:04.356Z	1df6275f-73e9-5480-a1f5-79697b26917a	INFO	SubscriptionBalanceUpdated event published

2024-02-01T21:01:04.370Z 2024-02-01T21:01:04.370Z	1df6275f-73e9-5480-a1f5-79697b26917a	ERROR	Subscription balance and payment balance are not in sync {
  userId: '774e69ea-6841-4fbe-a007-6c5fe7feba4e',
  subscriptionBalance: 27,
  paymentBalance: 18
}

2024-02-01T21:01:04.387Z 2024-02-01T21:01:04.387Z	1df6275f-73e9-5480-a1f5-79697b26917a	INFO	Processing message 1e8d1c63-7e7c-4795-ab1a-c4bdcd718d4f

2024-02-01T21:01:04.393Z 2024-02-01T21:01:04.393Z	1df6275f-73e9-5480-a1f5-79697b26917a	INFO	Start syncing the balance {
  transaction: {
    id: '01HNK7K7CVVAVK6034MDJM314J',
    type: 'DEBIT',
    source: 'MANUAL_DEDUCTION',
    action: 'DELIVERY_DEDUCTION',
    userId: 'c7de1ac1-05c8-410e-a7d7-47fb25d705ba',
    paymentBalance: -160,
    updatePaymentBalance: true,
    metadata: '{"walletId":"wallet#c7de1ac1-05c8-410e-a7d7-47fb25d705ba","deliveryId":"18112adc-bb32-43af-ba61-4cdb0fe59ad2","walletSk":"18112adc-bb32-43af-ba61-4cdb0fe59ad2"}',
    currency: 'BHD',
    amount: 8,
    vat: 0,
    oldBalance: 53,
    newBalance: 45
  }
}

2024-02-01T21:01:04.576Z 2024-02-01T21:01:04.576Z	1df6275f-73e9-5480-a1f5-79697b26917a	INFO	SubscriptionBalanceUpdated event published

2024-02-01T21:01:04.589Z 2024-02-01T21:01:04.589Z	1df6275f-73e9-5480-a1f5-79697b26917a	ERROR	Subscription balance and payment balance are not in sync {
  userId: 'c7de1ac1-05c8-410e-a7d7-47fb25d705ba',
  subscriptionBalance: 45,
  paymentBalance: -160
}

2024-02-01T21:01:04.607Z END RequestId: 1df6275f-73e9-5480-a1f5-79697b26917a

2024-02-01T21:01:04.607Z REPORT RequestId: 1df6275f-73e9-5480-a1f5-79697b26917a	Duration: 1147.97 ms	Billed Duration: 1148 ms	Memory Size: 1024 MB	Max Memory Used: 108 MB	

