2024-05-16T21:01:06.914Z START RequestId: a565d035-e01b-56fe-ba9d-8ef5965cabf0 Version: $LATEST

2024-05-16T21:01:07.075Z 2024-05-16T21:01:07.075Z	a565d035-e01b-56fe-ba9d-8ef5965cabf0	INFO	Processing message d75bf4de-d733-45fe-8206-9c4114b2f49a

2024-05-16T21:01:07.137Z 2024-05-16T21:01:07.137Z	a565d035-e01b-56fe-ba9d-8ef5965cabf0	INFO	Start syncing the balance {
  transaction: {
    id: '01HY1KAQZEH3V3T4XXHPZ0MM6P',
    type: 'DEBIT',
    source: 'MANUAL_DEDUCTION',
    action: 'DELIVERY_DEDUCTION',
    userId: '1963eefb-4ac2-423c-bcd2-c113600309a6',
    paymentBalance: 360,
    updatePaymentBalance: true,
    metadata: '{"walletId":"wallet#1963eefb-4ac2-423c-bcd2-c113600309a6","deliveryId":"ada1e912-745c-4097-8244-edfd4199d6cc","walletSk":"ada1e912-745c-4097-8244-edfd4199d6cc"}',
    currency: 'SAR',
    amount: 90,
    vat: 0,
    oldBalance: 450,
    newBalance: 360
  }
}

2024-05-16T21:01:07.288Z 2024-05-16T21:01:07.288Z	a565d035-e01b-56fe-ba9d-8ef5965cabf0	INFO	SubscriptionBalanceUpdated event published

2024-05-16T21:01:07.346Z END RequestId: a565d035-e01b-56fe-ba9d-8ef5965cabf0

2024-05-16T21:01:07.346Z REPORT RequestId: a565d035-e01b-56fe-ba9d-8ef5965cabf0	Duration: 432.55 ms	Billed Duration: 433 ms	Memory Size: 1024 MB	Max Memory Used: 119 MB	Init Duration: 1065.57 ms	

2024-05-16T21:01:08.536Z START RequestId: 061a54d7-9fec-54d7-b5c4-0a17e9b839d9 Version: $LATEST

2024-05-16T21:01:08.571Z 2024-05-16T21:01:08.571Z	061a54d7-9fec-54d7-b5c4-0a17e9b839d9	INFO	Processing message 7f2e8fa8-da6a-40a6-a203-ebb648523cf0

2024-05-16T21:01:08.580Z 2024-05-16T21:01:08.580Z	061a54d7-9fec-54d7-b5c4-0a17e9b839d9	INFO	Start syncing the balance {
  transaction: {
    id: '01HY1KASFBZ5K6WHVGNVHX71HD',
    type: 'DEBIT',
    source: 'MANUAL_DEDUCTION',
    action: 'DELIVERY_DEDUCTION',
    userId: '6c430524-4c3c-459b-bbd9-5e607626eba0',
    paymentBalance: 219.3,
    updatePaymentBalance: true,
    metadata: '{"walletId":"wallet#6c430524-4c3c-459b-bbd9-5e607626eba0","deliveryId":"e712e2f3-0663-4aff-83b5-1d02a93bcfb7","walletSk":"e712e2f3-0663-4aff-83b5-1d02a93bcfb7"}',
    currency: 'BHD',
    amount: 9,
    vat: 0,
    oldBalance: 228.3,
    newBalance: 219.3
  }
}

2024-05-16T21:01:08.634Z 2024-05-16T21:01:08.634Z	061a54d7-9fec-54d7-b5c4-0a17e9b839d9	INFO	SubscriptionBalanceUpdated event published

2024-05-16T21:01:08.651Z 2024-05-16T21:01:08.651Z	061a54d7-9fec-54d7-b5c4-0a17e9b839d9	INFO	Processing message ff965b4c-247d-4789-8e29-9c4602a16371

2024-05-16T21:01:08.658Z 2024-05-16T21:01:08.658Z	061a54d7-9fec-54d7-b5c4-0a17e9b839d9	INFO	Start syncing the balance {
  transaction: {
    id: '01HY1KASS4CFYQGKYKA9YV4SCW',
    type: 'DEBIT',
    source: 'MANUAL_DEDUCTION',
    action: 'DELIVERY_DEDUCTION',
    userId: '9e5735d5-66be-45ae-bb24-1be6fd5df522',
    paymentBalance: 12.25,
    updatePaymentBalance: true,
    metadata: '{"walletId":"wallet#9e5735d5-66be-45ae-bb24-1be6fd5df522","deliveryId":"bbbaa484-ee1d-45df-a20c-59149310729c","walletSk":"bbbaa484-ee1d-45df-a20c-59149310729c"}',
    currency: 'BHD',
    amount: 9,
    vat: 0,
    oldBalance: 21.25,
    newBalance: 12.25
  }
}

2024-05-16T21:01:08.712Z 2024-05-16T21:01:08.712Z	061a54d7-9fec-54d7-b5c4-0a17e9b839d9	INFO	SubscriptionBalanceUpdated event published

2024-05-16T21:01:08.729Z 2024-05-16T21:01:08.729Z	061a54d7-9fec-54d7-b5c4-0a17e9b839d9	INFO	Processing message 3de9f617-9b4e-4628-b109-6bdf84100670

2024-05-16T21:01:08.735Z 2024-05-16T21:01:08.735Z	061a54d7-9fec-54d7-b5c4-0a17e9b839d9	INFO	Start syncing the balance {
  transaction: {
    id: '01HY1KASG186267EGAWVWNE0A1',
    type: 'DEBIT',
    source: 'MANUAL_DEDUCTION',
    action: 'DELIVERY_DEDUCTION',
    userId: 'f3a186d2-d38f-4c2a-ab55-9f26e0ef1e43',
    paymentBalance: 1470,
    updatePaymentBalance: true,
    metadata: '{"walletId":"wallet#f3a186d2-d38f-4c2a-ab55-9f26e0ef1e43","deliveryId":"e41cc22e-2828-4fe1-af4d-596546fa5ac3","walletSk":"e41cc22e-2828-4fe1-af4d-596546fa5ac3"}',
    currency: 'BHD',
    amount: 9,
    vat: 0,
    oldBalance: 111,
    newBalance: 102
  }
}

2024-05-16T21:01:08.792Z 2024-05-16T21:01:08.792Z	061a54d7-9fec-54d7-b5c4-0a17e9b839d9	INFO	SubscriptionBalanceUpdated event published

2024-05-16T21:01:08.808Z 2024-05-16T21:01:08.808Z	061a54d7-9fec-54d7-b5c4-0a17e9b839d9	ERROR	Subscription balance and payment balance are not in sync {
  userId: 'f3a186d2-d38f-4c2a-ab55-9f26e0ef1e43',
  subscriptionBalance: 102,
  paymentBalance: 1470
}

2024-05-16T21:01:08.827Z 2024-05-16T21:01:08.827Z	061a54d7-9fec-54d7-b5c4-0a17e9b839d9	INFO	Processing message a03561fc-9165-4447-afaa-2443740c659d

2024-05-16T21:01:08.834Z 2024-05-16T21:01:08.834Z	061a54d7-9fec-54d7-b5c4-0a17e9b839d9	INFO	Start syncing the balance {
  transaction: {
    id: '01HY1KASY5YNA06JC1K1GTM1H7',
    type: 'DEBIT',
    source: 'MANUAL_DEDUCTION',
    action: 'DELIVERY_DEDUCTION',
    userId: '63d937b3-2d87-4d4b-99e2-863c1dc9b27e',
    paymentBalance: 290,
    updatePaymentBalance: true,
    metadata: '{"walletId":"wallet#63d937b3-2d87-4d4b-99e2-863c1dc9b27e","deliveryId":"fe51d699-928b-4282-b503-943ff104a4d7","walletSk":"fe51d699-928b-4282-b503-943ff104a4d7"}',
    currency: 'SAR',
    amount: 100,
    vat: 0,
    oldBalance: 390,
    newBalance: 290
  }
}

2024-05-16T21:01:08.877Z 2024-05-16T21:01:08.877Z	061a54d7-9fec-54d7-b5c4-0a17e9b839d9	INFO	SubscriptionBalanceUpdated event published

2024-05-16T21:01:08.890Z 2024-05-16T21:01:08.890Z	061a54d7-9fec-54d7-b5c4-0a17e9b839d9	INFO	Processing message e571c4de-7844-4fcb-88c2-854205152ea4

2024-05-16T21:01:08.897Z 2024-05-16T21:01:08.897Z	061a54d7-9fec-54d7-b5c4-0a17e9b839d9	INFO	Start syncing the balance {
  transaction: {
    id: '01HY1KAT3EQ1XRBQNXA8XFYA20',
    type: 'DEBIT',
    source: 'MANUAL_DEDUCTION',
    action: 'DELIVERY_DEDUCTION',
    userId: '59628f7f-9796-46ee-8ddf-be1a25e85f3f',
    paymentBalance: 98.7,
    updatePaymentBalance: true,
    metadata: '{"walletId":"wallet#59628f7f-9796-46ee-8ddf-be1a25e85f3f","deliveryId":"a223f3bf-9c14-478c-ac63-d77be398b9d1","walletSk":"a223f3bf-9c14-478c-ac63-d77be398b9d1"}',
    currency: 'SAR',
    amount: 90,
    vat: 0,
    oldBalance: 188.7,
    newBalance: 98.7
  }
}

2024-05-16T21:01:09.005Z 2024-05-16T21:01:09.005Z	061a54d7-9fec-54d7-b5c4-0a17e9b839d9	INFO	SubscriptionBalanceUpdated event published

2024-05-16T21:01:09.020Z 2024-05-16T21:01:09.020Z	061a54d7-9fec-54d7-b5c4-0a17e9b839d9	INFO	Processing message 8dc45c8f-ad61-4594-8127-c45ff3e0c1df

2024-05-16T21:01:09.026Z 2024-05-16T21:01:09.026Z	061a54d7-9fec-54d7-b5c4-0a17e9b839d9	INFO	Start syncing the balance {
  transaction: {
    id: '01HY1KASYNPVZVJY9MWVJR9KRZ',
    type: 'DEBIT',
    source: 'MANUAL_DEDUCTION',
    action: 'DELIVERY_DEDUCTION',
    userId: 'ec4917ea-17aa-47cc-84b3-09fb1fd66ced',
    paymentBalance: 2070,
    updatePaymentBalance: true,
    metadata: '{"walletId":"wallet#ec4917ea-17aa-47cc-84b3-09fb1fd66ced","deliveryId":"39fdd656-3f6e-442a-8172-4eec174eccd6","walletSk":"39fdd656-3f6e-442a-8172-4eec174eccd6"}',
    currency: 'SAR',
    amount: 90,
    vat: 0,
    oldBalance: 2160,
    newBalance: 2070
  }
}

2024-05-16T21:01:09.074Z 2024-05-16T21:01:09.074Z	061a54d7-9fec-54d7-b5c4-0a17e9b839d9	INFO	SubscriptionBalanceUpdated event published

2024-05-16T21:01:09.088Z 2024-05-16T21:01:09.088Z	061a54d7-9fec-54d7-b5c4-0a17e9b839d9	INFO	Processing message ec8b5a84-53c5-4c45-8350-e206258ca090

2024-05-16T21:01:09.095Z 2024-05-16T21:01:09.095Z	061a54d7-9fec-54d7-b5c4-0a17e9b839d9	INFO	Start syncing the balance {
  transaction: {
    id: '01HY1KAT8QAREBQ2327KGZNRPJ',
    type: 'DEBIT',
    source: 'MANUAL_DEDUCTION',
    action: 'DELIVERY_DEDUCTION',
    userId: '4fbc1da4-2ca9-471a-92e6-8d6e33c757b5',
    paymentBalance: 180,
    updatePaymentBalance: true,
    metadata: '{"walletId":"wallet#4fbc1da4-2ca9-471a-92e6-8d6e33c757b5","deliveryId":"50475419-c30c-4f5d-aadd-288c7c22db41","walletSk":"50475419-c30c-4f5d-aadd-288c7c22db41"}',
    currency: 'KWD',
    amount: 7.5,
    vat: 0,
    oldBalance: 187.5,
    newBalance: 180
  }
}

2024-05-16T21:01:09.138Z 2024-05-16T21:01:09.138Z	061a54d7-9fec-54d7-b5c4-0a17e9b839d9	INFO	SubscriptionBalanceUpdated event published

2024-05-16T21:01:09.152Z 2024-05-16T21:01:09.152Z	061a54d7-9fec-54d7-b5c4-0a17e9b839d9	INFO	Processing message ddb83ccd-ddd1-4302-8330-163f72d28e5a

2024-05-16T21:01:09.163Z 2024-05-16T21:01:09.163Z	061a54d7-9fec-54d7-b5c4-0a17e9b839d9	INFO	Start syncing the balance {
  transaction: {
    id: '01HY1KAT8B24Y3V5JN4536XDAP',
    type: 'DEBIT',
    source: 'MANUAL_DEDUCTION',
    action: 'DELIVERY_DEDUCTION',
    userId: '67c42c0a-38dc-4917-b323-f8e7e0a5e9cb',
    paymentBalance: 10144.817,
    updatePaymentBalance: true,
    metadata: '{"walletId":"wallet#67c42c0a-38dc-4917-b323-f8e7e0a5e9cb","deliveryId":"c10ac066-45f9-44ec-beb7-2c93e916ffd5","walletSk":"c10ac066-45f9-44ec-beb7-2c93e916ffd5"}',
    currency: 'BHD',
    amount: 8.25,
    vat: 0,
    oldBalance: 10153.067,
    newBalance: 10144.817
  }
}

2024-05-16T21:01:09.230Z 2024-05-16T21:01:09.230Z	061a54d7-9fec-54d7-b5c4-0a17e9b839d9	INFO	SubscriptionBalanceUpdated event published

2024-05-16T21:01:09.246Z 2024-05-16T21:01:09.246Z	061a54d7-9fec-54d7-b5c4-0a17e9b839d9	INFO	Processing message 70c16bc3-501f-4a28-bdbe-b3f26411774d

2024-05-16T21:01:09.253Z 2024-05-16T21:01:09.253Z	061a54d7-9fec-54d7-b5c4-0a17e9b839d9	INFO	Start syncing the balance {
  transaction: {
    id: '01HY1KATDVN1WJ6YCW92ZGQFX9',
    type: 'DEBIT',
    source: 'MANUAL_DEDUCTION',
    action: 'DELIVERY_DEDUCTION',
    userId: 'e05d1822-8aff-4f59-b397-f1184e2d8fca',
    paymentBalance: 209.5,
    updatePaymentBalance: true,
    metadata: '{"walletId":"wallet#e05d1822-8aff-4f59-b397-f1184e2d8fca","deliveryId":"a68aeec4-cc41-4000-bfdf-77609b7f6089","walletSk":"a68aeec4-cc41-4000-bfdf-77609b7f6089"}',
    currency: 'BHD',
    amount: 8.5,
    vat: 0,
    oldBalance: 218,
    newBalance: 209.5
  }
}

2024-05-16T21:01:09.296Z 2024-05-16T21:01:09.296Z	061a54d7-9fec-54d7-b5c4-0a17e9b839d9	INFO	SubscriptionBalanceUpdated event published

2024-05-16T21:01:09.309Z 2024-05-16T21:01:09.309Z	061a54d7-9fec-54d7-b5c4-0a17e9b839d9	INFO	Processing message 2fbb214f-c83f-403e-9012-71ab5859c96b

2024-05-16T21:01:09.316Z 2024-05-16T21:01:09.316Z	061a54d7-9fec-54d7-b5c4-0a17e9b839d9	INFO	Start syncing the balance {
  transaction: {
    id: '01HY1KATJ6369NJXMDF7D266HT',
    type: 'DEBIT',
    source: 'MANUAL_DEDUCTION',
    action: 'DELIVERY_DEDUCTION',
    userId: '8bc3bf0b-126a-41a1-8202-85f2a903e080',
    paymentBalance: 107.5,
    updatePaymentBalance: true,
    metadata: '{"walletId":"wallet#8bc3bf0b-126a-41a1-8202-85f2a903e080","deliveryId":"2d21a9a9-8a39-4104-805e-0e7b85ebdd94","walletSk":"2d21a9a9-8a39-4104-805e-0e7b85ebdd94"}',
    currency: 'BHD',
    amount: 8.5,
    vat: 0,
    oldBalance: 116,
    newBalance: 107.5
  }
}

2024-05-16T21:01:09.359Z 2024-05-16T21:01:09.359Z	061a54d7-9fec-54d7-b5c4-0a17e9b839d9	INFO	SubscriptionBalanceUpdated event published

2024-05-16T21:01:09.375Z END RequestId: 061a54d7-9fec-54d7-b5c4-0a17e9b839d9

2024-05-16T21:01:09.375Z REPORT RequestId: 061a54d7-9fec-54d7-b5c4-0a17e9b839d9	Duration: 838.83 ms	Billed Duration: 839 ms	Memory Size: 1024 MB	Max Memory Used: 125 MB	

2024-05-16T21:01:10.978Z START RequestId: 3cf3d548-9c43-565b-8d01-8b88ea153091 Version: $LATEST

2024-05-16T21:01:11.010Z 2024-05-16T21:01:11.010Z	3cf3d548-9c43-565b-8d01-8b88ea153091	INFO	Processing message 7f2051cf-89a9-49e8-a7e0-2dd4d2a70d3a

2024-05-16T21:01:11.017Z 2024-05-16T21:01:11.017Z	3cf3d548-9c43-565b-8d01-8b88ea153091	INFO	Start syncing the balance {
  transaction: {
    id: '01HY1KATK49FVX3AYR7ZAYJTB5',
    type: 'DEBIT',
    source: 'MANUAL_DEDUCTION',
    action: 'DELIVERY_DEDUCTION',
    userId: '45d9c6e4-9f0a-4a69-bc00-e458ca88b271',
    paymentBalance: 11543.88,
    updatePaymentBalance: true,
    metadata: '{"walletId":"wallet#45d9c6e4-9f0a-4a69-bc00-e458ca88b271","deliveryId":"6b13361b-afe4-4c6b-aa30-e449c8ee99ab","walletSk":"6b13361b-afe4-4c6b-aa30-e449c8ee99ab"}',
    currency: 'SAR',
    amount: 86.09,
    vat: 0,
    oldBalance: 11629.97,
    newBalance: 11543.88
  }
}

2024-05-16T21:01:11.062Z 2024-05-16T21:01:11.062Z	3cf3d548-9c43-565b-8d01-8b88ea153091	INFO	SubscriptionBalanceUpdated event published

2024-05-16T21:01:11.077Z 2024-05-16T21:01:11.077Z	3cf3d548-9c43-565b-8d01-8b88ea153091	INFO	Processing message 9a2bf947-5999-4b92-89cd-02b11e6eec1e

2024-05-16T21:01:11.085Z 2024-05-16T21:01:11.085Z	3cf3d548-9c43-565b-8d01-8b88ea153091	INFO	Start syncing the balance {
  transaction: {
    id: '01HY1KATQS50MAR4KHYX0SPZF0',
    type: 'DEBIT',
    source: 'MANUAL_DEDUCTION',
    action: 'DELIVERY_DEDUCTION',
    userId: 'b6e8cafc-c00f-4c97-8791-1fcf03973615',
    paymentBalance: 450,
    updatePaymentBalance: true,
    metadata: '{"walletId":"wallet#b6e8cafc-c00f-4c97-8791-1fcf03973615","deliveryId":"05b8e1ae-5bc6-4d18-a93e-9cd093975845","walletSk":"05b8e1ae-5bc6-4d18-a93e-9cd093975845"}',
    currency: 'SAR',
    amount: 90,
    vat: 0,
    oldBalance: 540,
    newBalance: 450
  }
}

2024-05-16T21:01:11.143Z 2024-05-16T21:01:11.143Z	3cf3d548-9c43-565b-8d01-8b88ea153091	INFO	SubscriptionBalanceUpdated event published

2024-05-16T21:01:11.157Z 2024-05-16T21:01:11.157Z	3cf3d548-9c43-565b-8d01-8b88ea153091	INFO	Processing message 678b7769-b9fb-4853-a985-87efc342e04a

2024-05-16T21:01:11.162Z 2024-05-16T21:01:11.162Z	3cf3d548-9c43-565b-8d01-8b88ea153091	INFO	Start syncing the balance {
  transaction: {
    id: '01HY1KATX7DVWRDH8XMNGSBSMN',
    type: 'DEBIT',
    source: 'MANUAL_DEDUCTION',
    action: 'DELIVERY_DEDUCTION',
    userId: '48803ac3-4913-4358-9d76-115d03ac29ac',
    paymentBalance: 192.5,
    updatePaymentBalance: true,
    metadata: '{"walletId":"wallet#48803ac3-4913-4358-9d76-115d03ac29ac","deliveryId":"e53d568d-9df5-465a-90bb-0af6f516fc25","walletSk":"e53d568d-9df5-465a-90bb-0af6f516fc25"}',
    currency: 'BHD',
    amount: 8.5,
    vat: 0,
    oldBalance: 201,
    newBalance: 192.5
  }
}

2024-05-16T21:01:11.201Z 2024-05-16T21:01:11.201Z	3cf3d548-9c43-565b-8d01-8b88ea153091	INFO	SubscriptionBalanceUpdated event published

2024-05-16T21:01:11.217Z 2024-05-16T21:01:11.217Z	3cf3d548-9c43-565b-8d01-8b88ea153091	INFO	Processing message 00a886b6-5e6a-461e-9866-9c1bc9cd8a32

2024-05-16T21:01:11.223Z 2024-05-16T21:01:11.223Z	3cf3d548-9c43-565b-8d01-8b88ea153091	INFO	Start syncing the balance {
  transaction: {
    id: '01HY1KAT3JKCC2F6C3NDX51R1Z',
    type: 'DEBIT',
    source: 'MANUAL_DEDUCTION',
    action: 'DELIVERY_DEDUCTION',
    userId: '967fd261-abf3-403d-a5d8-86903093cf32',
    paymentBalance: 2070,
    updatePaymentBalance: true,
    metadata: '{"walletId":"wallet#967fd261-abf3-403d-a5d8-86903093cf32","deliveryId":"1641c4e5-b252-4dd1-babd-8edd2c8e5b70","walletSk":"1641c4e5-b252-4dd1-babd-8edd2c8e5b70"}',
    currency: 'SAR',
    amount: 90,
    vat: 0,
    oldBalance: 2160,
    newBalance: 2070
  }
}

2024-05-16T21:01:11.259Z 2024-05-16T21:01:11.259Z	3cf3d548-9c43-565b-8d01-8b88ea153091	INFO	SubscriptionBalanceUpdated event published

2024-05-16T21:01:11.271Z 2024-05-16T21:01:11.271Z	3cf3d548-9c43-565b-8d01-8b88ea153091	INFO	Processing message 6328232f-8794-4014-b260-a474c3dde91a

2024-05-16T21:01:11.276Z 2024-05-16T21:01:11.276Z	3cf3d548-9c43-565b-8d01-8b88ea153091	INFO	Start syncing the balance {
  transaction: {
    id: '01HY1KATDCWZ55CK9MHSX7JRV7',
    type: 'DEBIT',
    source: 'MANUAL_DEDUCTION',
    action: 'DELIVERY_DEDUCTION',
    userId: 'f3d4c61b-6917-4a7c-99c0-aaa26571e99e',
    paymentBalance: 166.5,
    updatePaymentBalance: true,
    metadata: '{"walletId":"wallet#f3d4c61b-6917-4a7c-99c0-aaa26571e99e","deliveryId":"b45b5845-7b0f-43f8-8576-13aca55078a2","walletSk":"b45b5845-7b0f-43f8-8576-13aca55078a2"}',
    currency: 'BHD',
    amount: 4.5,
    vat: 0,
    oldBalance: 171,
    newBalance: 166.5
  }
}

2024-05-16T21:01:11.313Z 2024-05-16T21:01:11.313Z	3cf3d548-9c43-565b-8d01-8b88ea153091	INFO	SubscriptionBalanceUpdated event published

2024-05-16T21:01:11.325Z 2024-05-16T21:01:11.325Z	3cf3d548-9c43-565b-8d01-8b88ea153091	INFO	Processing message 3df0d330-1b02-4c9a-92f6-077a1925376e

2024-05-16T21:01:11.331Z 2024-05-16T21:01:11.331Z	3cf3d548-9c43-565b-8d01-8b88ea153091	INFO	Start syncing the balance {
  transaction: {
    id: '01HY1KATR4FWYTEXHZF406FY6T',
    type: 'DEBIT',
    source: 'MANUAL_DEDUCTION',
    action: 'DELIVERY_DEDUCTION',
    userId: 'd1dd9965-7990-42dd-9b87-0012f71f3dcd',
    paymentBalance: 910,
    updatePaymentBalance: true,
    metadata: '{"walletId":"wallet#d1dd9965-7990-42dd-9b87-0012f71f3dcd","deliveryId":"5f857b6e-1eba-4cb9-b605-13f418d7db7e","walletSk":"5f857b6e-1eba-4cb9-b605-13f418d7db7e"}',
    currency: 'SAR',
    amount: 90,
    vat: 0,
    oldBalance: 1000,
    newBalance: 910
  }
}

2024-05-16T21:01:11.381Z 2024-05-16T21:01:11.381Z	3cf3d548-9c43-565b-8d01-8b88ea153091	INFO	SubscriptionBalanceUpdated event published

2024-05-16T21:01:11.395Z 2024-05-16T21:01:11.395Z	3cf3d548-9c43-565b-8d01-8b88ea153091	INFO	Processing message 11f8b7d6-8bc2-404e-8575-e420f858e70a

2024-05-16T21:01:11.401Z 2024-05-16T21:01:11.401Z	3cf3d548-9c43-565b-8d01-8b88ea153091	INFO	Start syncing the balance {
  transaction: {
    id: '01HY1KAV23NSM1KHDHK7PR15AE',
    type: 'DEBIT',
    source: 'MANUAL_DEDUCTION',
    action: 'DELIVERY_DEDUCTION',
    userId: 'f54e6dc7-f49b-424d-9e1f-61c85a1fedbd',
    paymentBalance: 90,
    updatePaymentBalance: true,
    metadata: '{"walletId":"wallet#f54e6dc7-f49b-424d-9e1f-61c85a1fedbd","deliveryId":"fb1544af-1694-4014-9524-b44ee93e6fbb","walletSk":"fb1544af-1694-4014-9524-b44ee93e6fbb"}',
    currency: 'SAR',
    amount: 90,
    vat: 0,
    oldBalance: 180,
    newBalance: 90
  }
}

2024-05-16T21:01:11.437Z 2024-05-16T21:01:11.437Z	3cf3d548-9c43-565b-8d01-8b88ea153091	INFO	SubscriptionBalanceUpdated event published

2024-05-16T21:01:11.452Z 2024-05-16T21:01:11.452Z	3cf3d548-9c43-565b-8d01-8b88ea153091	INFO	Processing message 8dbab97c-0fe4-409f-98de-429a9df52de0

2024-05-16T21:01:11.458Z 2024-05-16T21:01:11.458Z	3cf3d548-9c43-565b-8d01-8b88ea153091	INFO	Start syncing the balance {
  transaction: {
    id: '01HY1KAV2G84VPEFCDH8ZQVMW8',
    type: 'DEBIT',
    source: 'MANUAL_DEDUCTION',
    action: 'DELIVERY_DEDUCTION',
    userId: '0e57c6e2-d98c-423d-a2a4-4c35104a3f7c',
    paymentBalance: 70,
    updatePaymentBalance: true,
    metadata: '{"walletId":"wallet#0e57c6e2-d98c-423d-a2a4-4c35104a3f7c","deliveryId":"a9315815-bd41-41b6-b267-2446c8cd3146","walletSk":"a9315815-bd41-41b6-b267-2446c8cd3146"}',
    currency: 'BHD',
    amount: 10,
    vat: 0,
    oldBalance: 80,
    newBalance: 70
  }
}

2024-05-16T21:01:11.494Z 2024-05-16T21:01:11.494Z	3cf3d548-9c43-565b-8d01-8b88ea153091	INFO	SubscriptionBalanceUpdated event published

2024-05-16T21:01:11.507Z 2024-05-16T21:01:11.507Z	3cf3d548-9c43-565b-8d01-8b88ea153091	INFO	Processing message 572f1ddd-7ba6-422a-b4c0-d8d0272ba5fd

2024-05-16T21:01:11.513Z 2024-05-16T21:01:11.513Z	3cf3d548-9c43-565b-8d01-8b88ea153091	INFO	Start syncing the balance {
  transaction: {
    id: '01HY1KATXD1B8FBR03ACT9AYT4',
    type: 'DEBIT',
    source: 'MANUAL_DEDUCTION',
    action: 'DELIVERY_DEDUCTION',
    userId: 'd9449968-8e69-4fbb-874b-0d2bc83db83c',
    paymentBalance: 90,
    updatePaymentBalance: true,
    metadata: '{"walletId":"wallet#d9449968-8e69-4fbb-874b-0d2bc83db83c","deliveryId":"33e25e04-afe8-40cd-bcd8-fa22f152735d","walletSk":"33e25e04-afe8-40cd-bcd8-fa22f152735d"}',
    currency: 'BHD',
    amount: 84,
    vat: 0,
    oldBalance: 174,
    newBalance: 90
  }
}

2024-05-16T21:01:11.551Z 2024-05-16T21:01:11.551Z	3cf3d548-9c43-565b-8d01-8b88ea153091	INFO	SubscriptionBalanceUpdated event published

2024-05-16T21:01:11.564Z END RequestId: 3cf3d548-9c43-565b-8d01-8b88ea153091

2024-05-16T21:01:11.564Z REPORT RequestId: 3cf3d548-9c43-565b-8d01-8b88ea153091	Duration: 586.72 ms	Billed Duration: 587 ms	Memory Size: 1024 MB	Max Memory Used: 129 MB	

2024-05-16T21:01:05.846Z INIT_START Runtime Version: nodejs:20.v22	Runtime Version ARN: arn:aws:lambda:us-east-1::runtime:da57c20c4b965d5b75540f6865a35fc8030358e33ec44ecfed33e90901a27a72

