2024-02-27T21:01:02.291Z INIT_START Runtime Version: nodejs:20.v16	Runtime Version ARN: arn:aws:lambda:us-east-1::runtime:e06356b9cc317b394b345659ca7fe94e5360e45227db179a224757608b8effe6

2024-02-27T21:01:03.539Z START RequestId: 4223f514-887a-5115-bf0c-ab4cc7c50fe3 Version: $LATEST

2024-02-27T21:01:03.703Z 2024-02-27T21:01:03.703Z	4223f514-887a-5115-bf0c-ab4cc7c50fe3	INFO	Processing message a82c8304-a05f-4c29-b401-d9b63e6aa07b

2024-02-27T21:01:03.768Z 2024-02-27T21:01:03.768Z	4223f514-887a-5115-bf0c-ab4cc7c50fe3	INFO	Start syncing the balance {
  transaction: {
    id: '01HQP5XVGEQVV5635J2D5DCWC3',
    type: 'DEBIT',
    source: 'MANUAL_DEDUCTION',
    action: 'DELIVERY_DEDUCTION',
    userId: '33ca49c4-bd48-4636-a431-9b3ca10029ba',
    paymentBalance: 48,
    updatePaymentBalance: true,
    metadata: '{"walletId":"wallet#33ca49c4-bd48-4636-a431-9b3ca10029ba","deliveryId":"59f5602b-d4b3-4537-98cd-ac09bfc84c85","walletSk":"59f5602b-d4b3-4537-98cd-ac09bfc84c85"}',
    currency: 'BHD',
    amount: 8,
    vat: 0,
    oldBalance: 56,
    newBalance: 48
  }
}

2024-02-27T21:01:03.867Z 2024-02-27T21:01:03.867Z	4223f514-887a-5115-bf0c-ab4cc7c50fe3	INFO	SubscriptionBalanceUpdated event published

2024-02-27T21:01:03.913Z END RequestId: 4223f514-887a-5115-bf0c-ab4cc7c50fe3

2024-02-27T21:01:03.913Z REPORT RequestId: 4223f514-887a-5115-bf0c-ab4cc7c50fe3	Duration: 373.70 ms	Billed Duration: 374 ms	Memory Size: 1024 MB	Max Memory Used: 123 MB	Init Duration: 1246.81 ms	

2024-02-27T21:01:04.336Z START RequestId: 343db6f3-7cc2-5af7-b207-e8ab33126919 Version: $LATEST

2024-02-27T21:01:04.366Z 2024-02-27T21:01:04.366Z	343db6f3-7cc2-5af7-b207-e8ab33126919	INFO	Processing message d1966623-4350-402a-9059-9fe703e2603a

2024-02-27T21:01:04.375Z 2024-02-27T21:01:04.375Z	343db6f3-7cc2-5af7-b207-e8ab33126919	INFO	Start syncing the balance {
  transaction: {
    id: '01HQP5XVEY2SDG8EX6KV2BC0YT',
    type: 'DEBIT',
    source: 'MANUAL_DEDUCTION',
    action: 'DELIVERY_DEDUCTION',
    userId: 'af977e84-5e95-4b91-b479-453c31e2d579',
    paymentBalance: 40,
    updatePaymentBalance: true,
    metadata: '{"walletId":"wallet#af977e84-5e95-4b91-b479-453c31e2d579","deliveryId":"a82700a9-ac12-48e3-92ac-d323ef892e3e","walletSk":"a82700a9-ac12-48e3-92ac-d323ef892e3e"}',
    currency: 'BHD',
    amount: 8,
    vat: 0,
    oldBalance: 48,
    newBalance: 40
  }
}

2024-02-27T21:01:04.435Z 2024-02-27T21:01:04.435Z	343db6f3-7cc2-5af7-b207-e8ab33126919	INFO	SubscriptionBalanceUpdated event published

2024-02-27T21:01:04.453Z 2024-02-27T21:01:04.453Z	343db6f3-7cc2-5af7-b207-e8ab33126919	INFO	Processing message e901b883-f44b-4a80-886e-c2228ebc115b

2024-02-27T21:01:04.459Z 2024-02-27T21:01:04.459Z	343db6f3-7cc2-5af7-b207-e8ab33126919	INFO	Start syncing the balance {
  transaction: {
    id: '01HQP5XVVP025GWQXME2TRSV74',
    type: 'DEBIT',
    source: 'MANUAL_DEDUCTION',
    action: 'DELIVERY_DEDUCTION',
    userId: 'd5ac8cce-d4db-4222-9b79-0bc3d112861e',
    paymentBalance: 171,
    updatePaymentBalance: true,
    metadata: '{"walletId":"wallet#d5ac8cce-d4db-4222-9b79-0bc3d112861e","deliveryId":"167c11f2-92dd-4902-8827-0137ae28cbda","walletSk":"167c11f2-92dd-4902-8827-0137ae28cbda"}',
    currency: 'BHD',
    amount: 9,
    vat: 0,
    oldBalance: 180,
    newBalance: 171
  }
}

2024-02-27T21:01:04.507Z 2024-02-27T21:01:04.507Z	343db6f3-7cc2-5af7-b207-e8ab33126919	INFO	SubscriptionBalanceUpdated event published

2024-02-27T21:01:04.522Z 2024-02-27T21:01:04.522Z	343db6f3-7cc2-5af7-b207-e8ab33126919	INFO	Processing message 8cb127ba-f124-4d7c-9e6f-654c4ffa3dee

2024-02-27T21:01:04.528Z 2024-02-27T21:01:04.528Z	343db6f3-7cc2-5af7-b207-e8ab33126919	INFO	Start syncing the balance {
  transaction: {
    id: '01HQP5XWZQZESDD38TARQY4GVC',
    type: 'DEBIT',
    source: 'MANUAL_DEDUCTION',
    action: 'DELIVERY_DEDUCTION',
    userId: '2d46437a-f5ce-4c3b-89c2-89927fe1467b',
    paymentBalance: 120,
    updatePaymentBalance: true,
    metadata: '{"walletId":"wallet#2d46437a-f5ce-4c3b-89c2-89927fe1467b","deliveryId":"ba517048-74c5-4198-8b57-1733351a9ef8","walletSk":"ba517048-74c5-4198-8b57-1733351a9ef8"}',
    currency: 'SAR',
    amount: 120,
    vat: 0,
    oldBalance: 240,
    newBalance: 120
  }
}

2024-02-27T21:01:04.574Z 2024-02-27T21:01:04.574Z	343db6f3-7cc2-5af7-b207-e8ab33126919	INFO	SubscriptionBalanceUpdated event published

2024-02-27T21:01:04.587Z 2024-02-27T21:01:04.587Z	343db6f3-7cc2-5af7-b207-e8ab33126919	INFO	Processing message d9ef89ea-58e0-4f36-a4de-0ca24493b52f

2024-02-27T21:01:04.594Z 2024-02-27T21:01:04.594Z	343db6f3-7cc2-5af7-b207-e8ab33126919	INFO	Start syncing the balance {
  transaction: {
    id: '01HQP5XWJTKN0MRZEZJ2F3T8VJ',
    type: 'DEBIT',
    source: 'MANUAL_DEDUCTION',
    action: 'DELIVERY_DEDUCTION',
    userId: 'a8d6dd11-eb1d-4d7e-887e-682dac43cd97',
    paymentBalance: 136,
    updatePaymentBalance: true,
    metadata: '{"walletId":"wallet#a8d6dd11-eb1d-4d7e-887e-682dac43cd97","deliveryId":"92fcd4e1-0866-43dc-92d6-ea5755fd6df2","walletSk":"92fcd4e1-0866-43dc-92d6-ea5755fd6df2"}',
    currency: 'BHD',
    amount: 8,
    vat: 0,
    oldBalance: 144,
    newBalance: 136
  }
}

2024-02-27T21:01:04.650Z 2024-02-27T21:01:04.650Z	343db6f3-7cc2-5af7-b207-e8ab33126919	INFO	SubscriptionBalanceUpdated event published

2024-02-27T21:01:04.663Z 2024-02-27T21:01:04.663Z	343db6f3-7cc2-5af7-b207-e8ab33126919	INFO	Processing message 6d81f9c7-973d-4cde-ae69-de09425cfad7

2024-02-27T21:01:04.669Z 2024-02-27T21:01:04.669Z	343db6f3-7cc2-5af7-b207-e8ab33126919	INFO	Start syncing the balance {
  transaction: {
    id: '01HQP5XWPJHJFNBYK09Y7A5CBD',
    type: 'DEBIT',
    source: 'MANUAL_DEDUCTION',
    action: 'DELIVERY_DEDUCTION',
    userId: '72b8eeff-c0f0-4665-bbbe-a1b1a6730a51',
    paymentBalance: 2764.7,
    updatePaymentBalance: true,
    metadata: '{"walletId":"wallet#72b8eeff-c0f0-4665-bbbe-a1b1a6730a51","deliveryId":"099d1c77-3e54-4372-998d-1dfa364069b6","walletSk":"099d1c77-3e54-4372-998d-1dfa364069b6"}',
    currency: 'AED',
    amount: 107,
    vat: 0,
    oldBalance: 3128.5,
    newBalance: 3021.5
  }
}

2024-02-27T21:01:04.716Z 2024-02-27T21:01:04.716Z	343db6f3-7cc2-5af7-b207-e8ab33126919	INFO	SubscriptionBalanceUpdated event published

2024-02-27T21:01:04.935Z 2024-02-27T21:01:04.935Z	343db6f3-7cc2-5af7-b207-e8ab33126919	ERROR	Subscription balance and payment balance are not in sync {
  userId: '72b8eeff-c0f0-4665-bbbe-a1b1a6730a51',
  subscriptionBalance: 3021.5,
  paymentBalance: 2764.7
}

2024-02-27T21:01:04.964Z 2024-02-27T21:01:04.964Z	343db6f3-7cc2-5af7-b207-e8ab33126919	INFO	Processing message 88b2a448-1331-4c42-b771-4d2a1fe808ec

2024-02-27T21:01:04.969Z 2024-02-27T21:01:04.969Z	343db6f3-7cc2-5af7-b207-e8ab33126919	INFO	Start syncing the balance {
  transaction: {
    id: '01HQP5XX44YYNDJG8YN2M7F190',
    type: 'DEBIT',
    source: 'MANUAL_DEDUCTION',
    action: 'DELIVERY_DEDUCTION',
    userId: '770414b6-2b25-4782-97c1-f69d6d558737',
    paymentBalance: 3775,
    updatePaymentBalance: true,
    metadata: '{"walletId":"wallet#770414b6-2b25-4782-97c1-f69d6d558737","deliveryId":"a08d4038-519e-4c63-91ca-4f584d75c1cb","walletSk":"a08d4038-519e-4c63-91ca-4f584d75c1cb"}',
    currency: 'SAR',
    amount: 85,
    vat: 0,
    oldBalance: 3860,
    newBalance: 3775
  }
}

2024-02-27T21:01:05.021Z 2024-02-27T21:01:05.021Z	343db6f3-7cc2-5af7-b207-e8ab33126919	INFO	SubscriptionBalanceUpdated event published

2024-02-27T21:01:05.041Z 2024-02-27T21:01:05.041Z	343db6f3-7cc2-5af7-b207-e8ab33126919	INFO	Processing message 1a0ddfeb-2bef-4779-b807-ac7e9df812d8

2024-02-27T21:01:05.047Z 2024-02-27T21:01:05.047Z	343db6f3-7cc2-5af7-b207-e8ab33126919	INFO	Start syncing the balance {
  transaction: {
    id: '01HQP5XXEV2GD82KMSWWRTP1DG',
    type: 'DEBIT',
    source: 'MANUAL_DEDUCTION',
    action: 'DELIVERY_DEDUCTION',
    userId: '2c1fafd7-42d4-48ac-a761-4b5493eec785',
    paymentBalance: 837.5,
    updatePaymentBalance: true,
    metadata: '{"walletId":"wallet#2c1fafd7-42d4-48ac-a761-4b5493eec785","deliveryId":"4d7756b5-c70b-4719-949e-74cbf2ccf7bf","walletSk":"4d7756b5-c70b-4719-949e-74cbf2ccf7bf"}',
    currency: 'BHD',
    amount: 26,
    vat: 0,
    oldBalance: 563.5,
    newBalance: 537.5
  }
}

2024-02-27T21:01:05.088Z 2024-02-27T21:01:05.088Z	343db6f3-7cc2-5af7-b207-e8ab33126919	INFO	SubscriptionBalanceUpdated event published

2024-02-27T21:01:05.100Z 2024-02-27T21:01:05.100Z	343db6f3-7cc2-5af7-b207-e8ab33126919	ERROR	Subscription balance and payment balance are not in sync {
  userId: '2c1fafd7-42d4-48ac-a761-4b5493eec785',
  subscriptionBalance: 537.5,
  paymentBalance: 837.5
}

2024-02-27T21:01:05.116Z 2024-02-27T21:01:05.116Z	343db6f3-7cc2-5af7-b207-e8ab33126919	INFO	Processing message 3d6d9dc1-1f92-4b93-a8ab-3daeae63cd67

2024-02-27T21:01:05.124Z 2024-02-27T21:01:05.124Z	343db6f3-7cc2-5af7-b207-e8ab33126919	INFO	Start syncing the balance {
  transaction: {
    id: '01HQP5XXBARCFEWC7YDX02T27Z',
    type: 'DEBIT',
    source: 'MANUAL_DEDUCTION',
    action: 'DELIVERY_DEDUCTION',
    userId: 'b66d065b-3a4b-4871-9d0c-99701e74c8e9',
    paymentBalance: 28920,
    updatePaymentBalance: true,
    metadata: '{"walletId":"wallet#b66d065b-3a4b-4871-9d0c-99701e74c8e9","deliveryId":"18d59937-8ecf-4793-ab99-b16c00d26f14","walletSk":"18d59937-8ecf-4793-ab99-b16c00d26f14"}',
    currency: 'SAR',
    amount: 90,
    vat: 0,
    oldBalance: 21342,
    newBalance: 21252
  }
}

2024-02-27T21:01:05.172Z 2024-02-27T21:01:05.172Z	343db6f3-7cc2-5af7-b207-e8ab33126919	INFO	SubscriptionBalanceUpdated event published

2024-02-27T21:01:05.184Z 2024-02-27T21:01:05.184Z	343db6f3-7cc2-5af7-b207-e8ab33126919	ERROR	Subscription balance and payment balance are not in sync {
  userId: 'b66d065b-3a4b-4871-9d0c-99701e74c8e9',
  subscriptionBalance: 21252,
  paymentBalance: 28920
}

2024-02-27T21:01:05.201Z 2024-02-27T21:01:05.201Z	343db6f3-7cc2-5af7-b207-e8ab33126919	INFO	Processing message 117af2b9-23b5-4422-86c5-3600be08534b

2024-02-27T21:01:05.206Z 2024-02-27T21:01:05.206Z	343db6f3-7cc2-5af7-b207-e8ab33126919	INFO	Start syncing the balance {
  transaction: {
    id: '01HQP5XXRYAA3ZFEZBNQ1W8Y59',
    type: 'DEBIT',
    source: 'MANUAL_DEDUCTION',
    action: 'DELIVERY_DEDUCTION',
    userId: '1676ca47-7110-4f13-8173-86ed62ef215d',
    paymentBalance: 0,
    updatePaymentBalance: true,
    metadata: '{"walletId":"wallet#1676ca47-7110-4f13-8173-86ed62ef215d","deliveryId":"2ba3fe42-4a6c-4f0c-86fa-83ed2aa564a4","walletSk":"2ba3fe42-4a6c-4f0c-86fa-83ed2aa564a4"}',
    currency: 'BHD',
    amount: 8,
    vat: 0,
    oldBalance: 8,
    newBalance: 0
  }
}

2024-02-27T21:01:05.258Z 2024-02-27T21:01:05.258Z	343db6f3-7cc2-5af7-b207-e8ab33126919	INFO	SubscriptionBalanceUpdated event published

2024-02-27T21:01:05.273Z 2024-02-27T21:01:05.273Z	343db6f3-7cc2-5af7-b207-e8ab33126919	INFO	Processing message 39b07c59-ef7d-416c-af8c-5bc607175b55

2024-02-27T21:01:05.279Z 2024-02-27T21:01:05.279Z	343db6f3-7cc2-5af7-b207-e8ab33126919	INFO	Start syncing the balance {
  transaction: {
    id: '01HQP5XXKXMCAAQXAM8KEW7W2D',
    type: 'DEBIT',
    source: 'MANUAL_DEDUCTION',
    action: 'DELIVERY_DEDUCTION',
    userId: 'e2498377-494a-4a01-b189-5b9febd136e0',
    paymentBalance: 63,
    updatePaymentBalance: true,
    metadata: '{"walletId":"wallet#e2498377-494a-4a01-b189-5b9febd136e0","deliveryId":"79c1447b-3525-454c-8f0c-d1976de95f73","walletSk":"79c1447b-3525-454c-8f0c-d1976de95f73"}',
    currency: 'BHD',
    amount: 9,
    vat: 0,
    oldBalance: 72,
    newBalance: 63
  }
}

2024-02-27T21:01:14.369Z 2024-02-27T21:01:14.369Z	74d16835-019e-5364-8ea4-366d4e44208a	INFO	SubscriptionBalanceUpdated event published

2024-02-27T21:01:14.384Z END RequestId: 74d16835-019e-5364-8ea4-366d4e44208a

2024-02-27T21:01:14.384Z REPORT RequestId: 74d16835-019e-5364-8ea4-366d4e44208a	Duration: 224.48 ms	Billed Duration: 225 ms	Memory Size: 1024 MB	Max Memory Used: 147 MB	

2024-02-27T21:01:05.325Z 2024-02-27T21:01:05.325Z	343db6f3-7cc2-5af7-b207-e8ab33126919	INFO	SubscriptionBalanceUpdated event published

2024-02-27T21:01:05.341Z END RequestId: 343db6f3-7cc2-5af7-b207-e8ab33126919

2024-02-27T21:01:05.341Z REPORT RequestId: 343db6f3-7cc2-5af7-b207-e8ab33126919	Duration: 1004.50 ms	Billed Duration: 1005 ms	Memory Size: 1024 MB	Max Memory Used: 127 MB	

2024-02-27T21:01:06.041Z START RequestId: a36049f2-ce9c-5e59-a78a-17aa814e10af Version: $LATEST

2024-02-27T21:01:06.078Z 2024-02-27T21:01:06.078Z	a36049f2-ce9c-5e59-a78a-17aa814e10af	INFO	Processing message d0087805-be91-468d-89d5-51c650bccc54

2024-02-27T21:01:06.121Z 2024-02-27T21:01:06.121Z	a36049f2-ce9c-5e59-a78a-17aa814e10af	INFO	Start syncing the balance {
  transaction: {
    id: '01HQP5XZ2BRYJV461EEMVPF7FT',
    type: 'DEBIT',
    source: 'MANUAL_DEDUCTION',
    action: 'DELIVERY_DEDUCTION',
    userId: '8cfb0a41-4446-43f9-8ace-c17b9c9a9c7e',
    paymentBalance: 16645,
    updatePaymentBalance: true,
    metadata: '{"walletId":"wallet#8cfb0a41-4446-43f9-8ace-c17b9c9a9c7e","deliveryId":"c135a23a-a2af-473a-8ff8-f7f0ede9506e","walletSk":"c135a23a-a2af-473a-8ff8-f7f0ede9506e"}',
    currency: 'SAR',
    amount: 60,
    vat: 0,
    oldBalance: 16705,
    newBalance: 16645
  }
}

2024-02-27T21:01:06.222Z 2024-02-27T21:01:06.222Z	a36049f2-ce9c-5e59-a78a-17aa814e10af	INFO	SubscriptionBalanceUpdated event published

2024-02-27T21:01:06.236Z 2024-02-27T21:01:06.236Z	a36049f2-ce9c-5e59-a78a-17aa814e10af	INFO	Processing message e6d6fe2e-bda8-426f-bcae-af20492b3943

2024-02-27T21:01:06.243Z 2024-02-27T21:01:06.243Z	a36049f2-ce9c-5e59-a78a-17aa814e10af	INFO	Start syncing the balance {
  transaction: {
    id: '01HQP5XZ6PMEEAQ3RGB6Z0W072',
    type: 'DEBIT',
    source: 'MANUAL_DEDUCTION',
    action: 'DELIVERY_DEDUCTION',
    userId: 'abf660cd-113f-4fe2-8fff-ad9e33e54df3',
    paymentBalance: 1463,
    updatePaymentBalance: true,
    metadata: '{"walletId":"wallet#abf660cd-113f-4fe2-8fff-ad9e33e54df3","deliveryId":"4cb69337-975d-4019-a352-a2f9c0cc6e1e","walletSk":"4cb69337-975d-4019-a352-a2f9c0cc6e1e"}',
    currency: 'BHD',
    amount: 4,
    vat: 0,
    oldBalance: 1467,
    newBalance: 1463
  }
}

2024-02-27T21:01:06.293Z 2024-02-27T21:01:06.293Z	a36049f2-ce9c-5e59-a78a-17aa814e10af	INFO	SubscriptionBalanceUpdated event published

2024-02-27T21:01:06.306Z 2024-02-27T21:01:06.306Z	a36049f2-ce9c-5e59-a78a-17aa814e10af	INFO	Processing message 61da4f7e-5bdb-4ca2-bf2a-2e5af1587239

2024-02-27T21:01:06.312Z 2024-02-27T21:01:06.312Z	a36049f2-ce9c-5e59-a78a-17aa814e10af	INFO	Start syncing the balance {
  transaction: {
    id: '01HQP5XZ6JB25XTQ6XBA7D9MDV',
    type: 'DEBIT',
    source: 'MANUAL_DEDUCTION',
    action: 'DELIVERY_DEDUCTION',
    userId: 'daa2bf74-cf31-4552-9e85-acb48a7c3f90',
    paymentBalance: 408.091,
    updatePaymentBalance: true,
    metadata: '{"walletId":"wallet#daa2bf74-cf31-4552-9e85-acb48a7c3f90","deliveryId":"9e3c4ebb-9cdb-43c9-99d8-163be34aa837","walletSk":"9e3c4ebb-9cdb-43c9-99d8-163be34aa837"}',
    currency: 'BHD',
    amount: 9,
    vat: 0,
    oldBalance: 9.091,
    newBalance: 0.091
  }
}

2024-02-27T21:01:06.355Z 2024-02-27T21:01:06.355Z	a36049f2-ce9c-5e59-a78a-17aa814e10af	INFO	SubscriptionBalanceUpdated event published

2024-02-27T21:01:06.369Z 2024-02-27T21:01:06.369Z	a36049f2-ce9c-5e59-a78a-17aa814e10af	ERROR	Subscription balance and payment balance are not in sync {
  userId: 'daa2bf74-cf31-4552-9e85-acb48a7c3f90',
  subscriptionBalance: 0.091,
  paymentBalance: 408.091
}

2024-02-27T21:01:06.388Z 2024-02-27T21:01:06.388Z	a36049f2-ce9c-5e59-a78a-17aa814e10af	INFO	Processing message 6a003c80-e3e6-49ad-a46c-21344fd901b5

2024-02-27T21:01:06.394Z 2024-02-27T21:01:06.394Z	a36049f2-ce9c-5e59-a78a-17aa814e10af	INFO	Start syncing the balance {
  transaction: {
    id: '01HQP5XZ99K1F6N06H0HC1W3NP',
    type: 'DEBIT',
    source: 'MANUAL_DEDUCTION',
    action: 'DELIVERY_DEDUCTION',
    userId: '6c8a1257-bfd0-450d-9067-7ea504e1e2b4',
    paymentBalance: 144,
    updatePaymentBalance: true,
    metadata: '{"walletId":"wallet#6c8a1257-bfd0-450d-9067-7ea504e1e2b4","deliveryId":"a8ee30e4-297d-4ab5-9850-f6f1e0cedc4f","walletSk":"a8ee30e4-297d-4ab5-9850-f6f1e0cedc4f"}',
    currency: 'BHD',
    amount: 9,
    vat: 0,
    oldBalance: 153,
    newBalance: 144
  }
}

2024-02-27T21:01:06.436Z 2024-02-27T21:01:06.436Z	a36049f2-ce9c-5e59-a78a-17aa814e10af	INFO	SubscriptionBalanceUpdated event published

2024-02-27T21:01:06.452Z 2024-02-27T21:01:06.452Z	a36049f2-ce9c-5e59-a78a-17aa814e10af	INFO	Processing message 17694cb9-4679-464b-9264-ecda74490aca

2024-02-27T21:01:06.457Z 2024-02-27T21:01:06.457Z	a36049f2-ce9c-5e59-a78a-17aa814e10af	INFO	Start syncing the balance {
  transaction: {
    id: '01HQP5XZBW2ANV7GX1C26VD347',
    type: 'DEBIT',
    source: 'MANUAL_DEDUCTION',
    action: 'DELIVERY_DEDUCTION',
    userId: '8e488312-52a1-4506-a475-ee43b0811373',
    paymentBalance: 1080,
    updatePaymentBalance: true,
    metadata: '{"walletId":"wallet#8e488312-52a1-4506-a475-ee43b0811373","deliveryId":"a438697f-9f63-422b-a483-009f7d23a9eb","walletSk":"a438697f-9f63-422b-a483-009f7d23a9eb"}',
    currency: 'SAR',
    amount: 90,
    vat: 0,
    oldBalance: 1170,
    newBalance: 1080
  }
}

2024-02-27T21:01:06.498Z 2024-02-27T21:01:06.498Z	a36049f2-ce9c-5e59-a78a-17aa814e10af	INFO	SubscriptionBalanceUpdated event published

2024-02-27T21:01:06.510Z 2024-02-27T21:01:06.510Z	a36049f2-ce9c-5e59-a78a-17aa814e10af	INFO	Processing message eb3a26fd-ff7c-4ca9-8493-705d6f9993ab

2024-02-27T21:01:06.516Z 2024-02-27T21:01:06.516Z	a36049f2-ce9c-5e59-a78a-17aa814e10af	INFO	Start syncing the balance {
  transaction: {
    id: '01HQP5XZCAG3NE66178MD5KNZV',
    type: 'DEBIT',
    source: 'MANUAL_DEDUCTION',
    action: 'DELIVERY_DEDUCTION',
    userId: '5def4009-fdba-4a02-9555-9210152eb1f4',
    paymentBalance: 864,
    updatePaymentBalance: true,
    metadata: '{"walletId":"wallet#5def4009-fdba-4a02-9555-9210152eb1f4","deliveryId":"63b744be-8951-42a6-8944-ae83baec4dad","walletSk":"63b744be-8951-42a6-8944-ae83baec4dad"}',
    currency: 'BHD',
    amount: 4,
    vat: 0,
    oldBalance: 868,
    newBalance: 864
  }
}

2024-02-27T21:01:06.557Z 2024-02-27T21:01:06.557Z	a36049f2-ce9c-5e59-a78a-17aa814e10af	INFO	SubscriptionBalanceUpdated event published

2024-02-27T21:01:06.574Z 2024-02-27T21:01:06.574Z	a36049f2-ce9c-5e59-a78a-17aa814e10af	INFO	Processing message 382a16a5-09f9-4600-9397-b95981a2bacd

2024-02-27T21:01:06.580Z 2024-02-27T21:01:06.580Z	a36049f2-ce9c-5e59-a78a-17aa814e10af	INFO	Start syncing the balance {
  transaction: {
    id: '01HQP5XZKBATRSHB0S07E6B56T',
    type: 'DEBIT',
    source: 'MANUAL_DEDUCTION',
    action: 'DELIVERY_DEDUCTION',
    userId: '7deee50d-fb63-4eba-80b2-ec541011b67e',
    paymentBalance: 104,
    updatePaymentBalance: true,
    metadata: '{"walletId":"wallet#7deee50d-fb63-4eba-80b2-ec541011b67e","deliveryId":"d3927403-e5c2-45e2-969c-93b44cc97ce2","walletSk":"d3927403-e5c2-45e2-969c-93b44cc97ce2"}',
    currency: 'BHD',
    amount: 8,
    vat: 0,
    oldBalance: 112,
    newBalance: 104
  }
}

2024-02-27T21:01:06.629Z 2024-02-27T21:01:06.629Z	a36049f2-ce9c-5e59-a78a-17aa814e10af	INFO	SubscriptionBalanceUpdated event published

2024-02-27T21:01:06.644Z 2024-02-27T21:01:06.644Z	a36049f2-ce9c-5e59-a78a-17aa814e10af	INFO	Processing message ad2e280e-a85d-419c-a493-6eecc03be2f6

2024-02-27T21:01:06.649Z 2024-02-27T21:01:06.649Z	a36049f2-ce9c-5e59-a78a-17aa814e10af	INFO	Start syncing the balance {
  transaction: {
    id: '01HQP5XZH8BVBGFZ3CTH2KJBC5',
    type: 'DEBIT',
    source: 'MANUAL_DEDUCTION',
    action: 'DELIVERY_DEDUCTION',
    userId: '2f4fd556-537a-4e93-ae1d-be1ed7c51547',
    paymentBalance: 4980,
    updatePaymentBalance: true,
    metadata: '{"walletId":"wallet#2f4fd556-537a-4e93-ae1d-be1ed7c51547","deliveryId":"d3577851-8b31-426c-8541-cb1dade6155e","walletSk":"d3577851-8b31-426c-8541-cb1dade6155e"}',
    currency: 'QAR',
    amount: 120,
    vat: 0,
    oldBalance: 300,
    newBalance: 180
  }
}

2024-02-27T21:01:06.694Z 2024-02-27T21:01:06.694Z	a36049f2-ce9c-5e59-a78a-17aa814e10af	INFO	SubscriptionBalanceUpdated event published

2024-02-27T21:01:06.708Z 2024-02-27T21:01:06.708Z	a36049f2-ce9c-5e59-a78a-17aa814e10af	ERROR	Subscription balance and payment balance are not in sync {
  userId: '2f4fd556-537a-4e93-ae1d-be1ed7c51547',
  subscriptionBalance: 180,
  paymentBalance: 4980
}

2024-02-27T21:01:06.724Z 2024-02-27T21:01:06.724Z	a36049f2-ce9c-5e59-a78a-17aa814e10af	INFO	Processing message 7366f3a9-0421-476d-a7db-56c4ca966000

2024-02-27T21:01:06.731Z 2024-02-27T21:01:06.731Z	a36049f2-ce9c-5e59-a78a-17aa814e10af	INFO	Start syncing the balance {
  transaction: {
    id: '01HQP5XZQ5Q20D4A1SRY65AF5Y',
    type: 'DEBIT',
    source: 'MANUAL_DEDUCTION',
    action: 'DELIVERY_DEDUCTION',
    userId: 'aed6c080-095d-4498-b8f3-492432bc33bd',
    paymentBalance: 121.5,
    updatePaymentBalance: true,
    metadata: '{"walletId":"wallet#aed6c080-095d-4498-b8f3-492432bc33bd","deliveryId":"a17949c7-d9bf-49c6-b80b-d06e984a5ea0","walletSk":"a17949c7-d9bf-49c6-b80b-d06e984a5ea0"}',
    currency: 'BHD',
    amount: 10.5,
    vat: 0,
    oldBalance: 132,
    newBalance: 121.5
  }
}

2024-02-27T21:01:06.786Z 2024-02-27T21:01:06.786Z	a36049f2-ce9c-5e59-a78a-17aa814e10af	INFO	SubscriptionBalanceUpdated event published

2024-02-27T21:01:06.799Z 2024-02-27T21:01:06.799Z	a36049f2-ce9c-5e59-a78a-17aa814e10af	INFO	Processing message 780f7416-5bb3-4bcc-80ee-e0320515245e

2024-02-27T21:01:06.805Z 2024-02-27T21:01:06.805Z	a36049f2-ce9c-5e59-a78a-17aa814e10af	INFO	Start syncing the balance {
  transaction: {
    id: '01HQP5XZRTFG2PZS5TJW02DTVC',
    type: 'DEBIT',
    source: 'MANUAL_DEDUCTION',
    action: 'DELIVERY_DEDUCTION',
    userId: '92856f1f-33e4-4393-b51f-a9595a27afdd',
    paymentBalance: 0,
    updatePaymentBalance: true,
    metadata: '{"walletId":"wallet#92856f1f-33e4-4393-b51f-a9595a27afdd","deliveryId":"904bccbd-0456-49d9-9c9b-4d4f7830e00c","walletSk":"904bccbd-0456-49d9-9c9b-4d4f7830e00c"}',
    currency: 'SAR',
    amount: 90,
    vat: 0,
    oldBalance: 90,
    newBalance: 0
  }
}

2024-02-27T21:01:06.850Z 2024-02-27T21:01:06.850Z	a36049f2-ce9c-5e59-a78a-17aa814e10af	INFO	SubscriptionBalanceUpdated event published

2024-02-27T21:01:06.865Z END RequestId: a36049f2-ce9c-5e59-a78a-17aa814e10af

2024-02-27T21:01:06.865Z REPORT RequestId: a36049f2-ce9c-5e59-a78a-17aa814e10af	Duration: 823.64 ms	Billed Duration: 824 ms	Memory Size: 1024 MB	Max Memory Used: 130 MB	

2024-02-27T21:01:07.027Z START RequestId: 17b5e3a6-15c8-566f-b767-bdfe5a1b3899 Version: $LATEST

2024-02-27T21:01:07.057Z 2024-02-27T21:01:07.057Z	17b5e3a6-15c8-566f-b767-bdfe5a1b3899	INFO	Processing message 4dc48f84-585b-492d-9c8f-1acf525ad1c7

2024-02-27T21:01:07.063Z 2024-02-27T21:01:07.063Z	17b5e3a6-15c8-566f-b767-bdfe5a1b3899	INFO	Start syncing the balance {
  transaction: {
    id: '01HQP5Y1433TGS4WDJ3YJFYF5E',
    type: 'DEBIT',
    source: 'MANUAL_DEDUCTION',
    action: 'DELIVERY_DEDUCTION',
    userId: 'a6db30c1-5d78-471c-b1e7-007c345db06a',
    paymentBalance: 0,
    updatePaymentBalance: true,
    metadata: '{"walletId":"wallet#a6db30c1-5d78-471c-b1e7-007c345db06a","deliveryId":"92edb804-3687-46b9-9326-3a6875b5c93e","walletSk":"92edb804-3687-46b9-9326-3a6875b5c93e"}',
    currency: 'SAR',
    amount: 90,
    vat: 0,
    oldBalance: 90,
    newBalance: 0
  }
}

2024-02-27T21:01:07.107Z 2024-02-27T21:01:07.107Z	17b5e3a6-15c8-566f-b767-bdfe5a1b3899	INFO	SubscriptionBalanceUpdated event published

2024-02-27T21:01:07.272Z 2024-02-27T21:01:07.272Z	17b5e3a6-15c8-566f-b767-bdfe5a1b3899	INFO	Processing message 4438014c-b8f3-452d-a4b1-7640eaea3277

2024-02-27T21:01:07.278Z 2024-02-27T21:01:07.278Z	17b5e3a6-15c8-566f-b767-bdfe5a1b3899	INFO	Start syncing the balance {
  transaction: {
    id: '01HQP5Y128HWAQQYSZETTSNX70',
    type: 'DEBIT',
    source: 'MANUAL_DEDUCTION',
    action: 'DELIVERY_DEDUCTION',
    userId: '4c4ceed7-e0a3-4168-9e92-e84ee46e6082',
    paymentBalance: 0,
    updatePaymentBalance: true,
    metadata: '{"walletId":"wallet#4c4ceed7-e0a3-4168-9e92-e84ee46e6082","deliveryId":"6f32e9f1-f76c-4315-8c27-fc4dea10b8be","walletSk":"6f32e9f1-f76c-4315-8c27-fc4dea10b8be"}',
    currency: 'SAR',
    amount: 90,
    vat: 0,
    oldBalance: 90,
    newBalance: 0
  }
}

2024-02-27T21:01:07.323Z 2024-02-27T21:01:07.323Z	17b5e3a6-15c8-566f-b767-bdfe5a1b3899	INFO	SubscriptionBalanceUpdated event published

2024-02-27T21:01:07.336Z 2024-02-27T21:01:07.336Z	17b5e3a6-15c8-566f-b767-bdfe5a1b3899	INFO	Processing message f5c211d4-aa4f-4b51-8c02-1ed7a7a38466

2024-02-27T21:01:07.343Z 2024-02-27T21:01:07.343Z	17b5e3a6-15c8-566f-b767-bdfe5a1b3899	INFO	Start syncing the balance {
  transaction: {
    id: '01HQP5Y17VC8X6DEH24JX30XQ8',
    type: 'DEBIT',
    source: 'MANUAL_DEDUCTION',
    action: 'DELIVERY_DEDUCTION',
    userId: 'a7c8eb51-8a21-4d1a-a947-d9c711fd67e4',
    paymentBalance: 1062.142,
    updatePaymentBalance: true,
    metadata: '{"walletId":"wallet#a7c8eb51-8a21-4d1a-a947-d9c711fd67e4","deliveryId":"37eb7b34-ed20-4230-998d-f6f993147c23","walletSk":"37eb7b34-ed20-4230-998d-f6f993147c23"}',
    currency: 'BHD',
    amount: 20.727,
    vat: 0,
    oldBalance: 1082.869,
    newBalance: 1062.142
  }
}

2024-02-27T21:01:07.389Z 2024-02-27T21:01:07.389Z	17b5e3a6-15c8-566f-b767-bdfe5a1b3899	INFO	SubscriptionBalanceUpdated event published

2024-02-27T21:01:07.406Z END RequestId: 17b5e3a6-15c8-566f-b767-bdfe5a1b3899

2024-02-27T21:01:07.406Z REPORT RequestId: 17b5e3a6-15c8-566f-b767-bdfe5a1b3899	Duration: 379.11 ms	Billed Duration: 380 ms	Memory Size: 1024 MB	Max Memory Used: 131 MB	
XRAY TraceId: 1-65de4d93-d442ee2324ad28e79d17cc73	SegmentId: 571886c04f7459ce	Sampled: true	

2024-02-27T21:01:07.906Z START RequestId: 7cf44bd3-30a9-5901-9de1-158b7f7a47f7 Version: $LATEST

2024-02-27T21:01:07.935Z 2024-02-27T21:01:07.935Z	7cf44bd3-30a9-5901-9de1-158b7f7a47f7	INFO	Processing message 3fd91a2e-8b03-4dff-a1dc-139a199dd651

2024-02-27T21:01:07.941Z 2024-02-27T21:01:07.941Z	7cf44bd3-30a9-5901-9de1-158b7f7a47f7	INFO	Start syncing the balance {
  transaction: {
    id: '01HQP5Y1STZVJ4M9M33J8ZRYCP',
    type: 'DEBIT',
    source: 'MANUAL_DEDUCTION',
    action: 'DELIVERY_DEDUCTION',
    userId: '90510344-db47-4283-9083-d44dcadb6050',
    paymentBalance: 0,
    updatePaymentBalance: true,
    metadata: '{"walletId":"wallet#90510344-db47-4283-9083-d44dcadb6050","deliveryId":"1936a2b1-c1d3-44e6-8aec-abeb79685f3b","walletSk":"1936a2b1-c1d3-44e6-8aec-abeb79685f3b"}',
    currency: 'SAR',
    amount: 90,
    vat: 0,
    oldBalance: 90,
    newBalance: 0
  }
}

2024-02-27T21:01:07.985Z 2024-02-27T21:01:07.985Z	7cf44bd3-30a9-5901-9de1-158b7f7a47f7	INFO	SubscriptionBalanceUpdated event published

2024-02-27T21:01:08.001Z 2024-02-27T21:01:08.001Z	7cf44bd3-30a9-5901-9de1-158b7f7a47f7	INFO	Processing message 75b42498-53c4-41de-ab5d-36b2da39bd83

2024-02-27T21:01:08.010Z 2024-02-27T21:01:08.010Z	7cf44bd3-30a9-5901-9de1-158b7f7a47f7	INFO	Start syncing the balance {
  transaction: {
    id: '01HQP5Y1X1JMXWHGHTCC8JNRN6',
    type: 'DEBIT',
    source: 'MANUAL_DEDUCTION',
    action: 'DELIVERY_DEDUCTION',
    userId: '228675b8-0c9d-4d7f-9f6d-e14e090655ea',
    paymentBalance: 0,
    updatePaymentBalance: true,
    metadata: '{"walletId":"wallet#228675b8-0c9d-4d7f-9f6d-e14e090655ea","deliveryId":"5b23d8bf-1e80-4240-a8c0-c958a6197ddd","walletSk":"5b23d8bf-1e80-4240-a8c0-c958a6197ddd"}',
    currency: 'SAR',
    amount: 90,
    vat: 0,
    oldBalance: 90,
    newBalance: 0
  }
}

2024-02-27T21:01:08.060Z 2024-02-27T21:01:08.060Z	7cf44bd3-30a9-5901-9de1-158b7f7a47f7	INFO	SubscriptionBalanceUpdated event published

2024-02-27T21:01:08.078Z 2024-02-27T21:01:08.078Z	7cf44bd3-30a9-5901-9de1-158b7f7a47f7	INFO	Processing message 9607486a-3bf9-450d-90aa-93d463bb7b22

2024-02-27T21:01:08.084Z 2024-02-27T21:01:08.084Z	7cf44bd3-30a9-5901-9de1-158b7f7a47f7	INFO	Start syncing the balance {
  transaction: {
    id: '01HQP5Y28F6G5YC8C034ZQQ6HG',
    type: 'DEBIT',
    source: 'MANUAL_DEDUCTION',
    action: 'DELIVERY_DEDUCTION',
    userId: '4a01724f-a8a6-4c2b-b6eb-83d1f258aac8',
    paymentBalance: 88.75,
    updatePaymentBalance: true,
    metadata: '{"walletId":"wallet#4a01724f-a8a6-4c2b-b6eb-83d1f258aac8","deliveryId":"abc2a349-2952-4b90-abf3-b004fb9b3fb5","walletSk":"abc2a349-2952-4b90-abf3-b004fb9b3fb5"}',
    currency: 'BHD',
    amount: 8,
    vat: 0,
    oldBalance: 96.75,
    newBalance: 88.75
  }
}

2024-02-27T21:01:08.131Z 2024-02-27T21:01:08.131Z	7cf44bd3-30a9-5901-9de1-158b7f7a47f7	INFO	SubscriptionBalanceUpdated event published

2024-02-27T21:01:08.145Z 2024-02-27T21:01:08.145Z	7cf44bd3-30a9-5901-9de1-158b7f7a47f7	INFO	Processing message 86ae68a5-01b6-42df-be8b-1875ec8f266c

2024-02-27T21:01:08.151Z 2024-02-27T21:01:08.151Z	7cf44bd3-30a9-5901-9de1-158b7f7a47f7	INFO	Start syncing the balance {
  transaction: {
    id: '01HQP5Y27SNJW10M3G443GJ821',
    type: 'DEBIT',
    source: 'MANUAL_DEDUCTION',
    action: 'DELIVERY_DEDUCTION',
    userId: '1306427b-7f89-48fd-8bf0-ee859c8b95d4',
    paymentBalance: 53249,
    updatePaymentBalance: true,
    metadata: '{"walletId":"wallet#1306427b-7f89-48fd-8bf0-ee859c8b95d4","deliveryId":"cb0d236a-5717-4d51-9167-daf7edefd45f","walletSk":"cb0d236a-5717-4d51-9167-daf7edefd45f"}',
    currency: 'SAR',
    amount: 90,
    vat: 0,
    oldBalance: 53339,
    newBalance: 53249
  }
}

2024-02-27T21:01:08.203Z 2024-02-27T21:01:08.203Z	7cf44bd3-30a9-5901-9de1-158b7f7a47f7	INFO	SubscriptionBalanceUpdated event published

2024-02-27T21:01:08.217Z 2024-02-27T21:01:08.217Z	7cf44bd3-30a9-5901-9de1-158b7f7a47f7	INFO	Processing message f09680ed-e801-4ea2-bb22-64a110312dc9

2024-02-27T21:01:08.224Z 2024-02-27T21:01:08.224Z	7cf44bd3-30a9-5901-9de1-158b7f7a47f7	INFO	Start syncing the balance {
  transaction: {
    id: '01HQP5Y22HBQHR5SWKJ31RWKPM',
    type: 'DEBIT',
    source: 'MANUAL_DEDUCTION',
    action: 'DELIVERY_DEDUCTION',
    userId: '803ab6c9-5b94-46b4-8464-62796540a4ff',
    paymentBalance: 9976,
    updatePaymentBalance: true,
    metadata: '{"walletId":"wallet#803ab6c9-5b94-46b4-8464-62796540a4ff","deliveryId":"3926cc5b-d410-4762-be25-51fd241c0c13","walletSk":"3926cc5b-d410-4762-be25-51fd241c0c13"}',
    currency: 'BHD',
    amount: 8,
    vat: 0,
    oldBalance: 9984,
    newBalance: 9976
  }
}

2024-02-27T21:01:08.271Z 2024-02-27T21:01:08.271Z	7cf44bd3-30a9-5901-9de1-158b7f7a47f7	INFO	SubscriptionBalanceUpdated event published

2024-02-27T21:01:08.288Z 2024-02-27T21:01:08.288Z	7cf44bd3-30a9-5901-9de1-158b7f7a47f7	INFO	Processing message a20c590f-421c-4c2a-b7a7-439bd9076d4b

2024-02-27T21:01:08.293Z 2024-02-27T21:01:08.293Z	7cf44bd3-30a9-5901-9de1-158b7f7a47f7	INFO	Start syncing the balance {
  transaction: {
    id: '01HQP5Y23V71V1SN1KAAQGPHQQ',
    type: 'DEBIT',
    source: 'MANUAL_DEDUCTION',
    action: 'DELIVERY_DEDUCTION',
    userId: 'a2fca693-0874-4083-b84e-1d123f19eb07',
    paymentBalance: 78.5,
    updatePaymentBalance: true,
    metadata: '{"walletId":"wallet#a2fca693-0874-4083-b84e-1d123f19eb07","deliveryId":"09ae3299-22dd-4828-96ba-f2a09b619bba","walletSk":"09ae3299-22dd-4828-96ba-f2a09b619bba"}',
    currency: 'BHD',
    amount: 9,
    vat: 0,
    oldBalance: 87.5,
    newBalance: 78.5
  }
}

2024-02-27T21:01:08.339Z 2024-02-27T21:01:08.339Z	7cf44bd3-30a9-5901-9de1-158b7f7a47f7	INFO	SubscriptionBalanceUpdated event published

2024-02-27T21:01:08.352Z END RequestId: 7cf44bd3-30a9-5901-9de1-158b7f7a47f7

2024-02-27T21:01:08.352Z REPORT RequestId: 7cf44bd3-30a9-5901-9de1-158b7f7a47f7	Duration: 446.41 ms	Billed Duration: 447 ms	Memory Size: 1024 MB	Max Memory Used: 134 MB	

2024-02-27T21:01:08.827Z START RequestId: 90b0a7e9-3ef3-5db2-a27d-f9b171271344 Version: $LATEST

2024-02-27T21:01:08.856Z 2024-02-27T21:01:08.856Z	90b0a7e9-3ef3-5db2-a27d-f9b171271344	INFO	Processing message 8f2026c7-845c-4665-b8ea-b6134d5f9da3

2024-02-27T21:01:08.862Z 2024-02-27T21:01:08.862Z	90b0a7e9-3ef3-5db2-a27d-f9b171271344	INFO	Start syncing the balance {
  transaction: {
    id: '01HQP5Y2X19A841SN6933YWPJF',
    type: 'DEBIT',
    source: 'MANUAL_DEDUCTION',
    action: 'DELIVERY_DEDUCTION',
    userId: '1d12eecd-5660-42cc-bd48-8dc05704c440',
    paymentBalance: 0,
    updatePaymentBalance: true,
    metadata: '{"walletId":"wallet#1d12eecd-5660-42cc-bd48-8dc05704c440","deliveryId":"b3ce443c-1963-4568-8b3a-97cc615b9e9c","walletSk":"b3ce443c-1963-4568-8b3a-97cc615b9e9c"}',
    currency: 'SAR',
    amount: 90,
    vat: 0,
    oldBalance: 90,
    newBalance: 0
  }
}

2024-02-27T21:01:08.905Z 2024-02-27T21:01:08.905Z	90b0a7e9-3ef3-5db2-a27d-f9b171271344	INFO	SubscriptionBalanceUpdated event published

2024-02-27T21:01:08.918Z END RequestId: 90b0a7e9-3ef3-5db2-a27d-f9b171271344

2024-02-27T21:01:08.918Z REPORT RequestId: 90b0a7e9-3ef3-5db2-a27d-f9b171271344	Duration: 91.78 ms	Billed Duration: 92 ms	Memory Size: 1024 MB	Max Memory Used: 136 MB	

2024-02-27T21:01:09.150Z START RequestId: f5f2d56c-afd0-5049-8ea2-8b34e005aebf Version: $LATEST

2024-02-27T21:01:09.184Z 2024-02-27T21:01:09.184Z	f5f2d56c-afd0-5049-8ea2-8b34e005aebf	INFO	Processing message 90637178-56df-454b-9cc7-ccc3fe672364

2024-02-27T21:01:09.190Z 2024-02-27T21:01:09.190Z	f5f2d56c-afd0-5049-8ea2-8b34e005aebf	INFO	Start syncing the balance {
  transaction: {
    id: '01HQP5Y334MA6SXXFKMDC59014',
    type: 'DEBIT',
    source: 'MANUAL_DEDUCTION',
    action: 'DELIVERY_DEDUCTION',
    userId: '7ea81f9e-1a24-4664-bd94-4d88dc6fd07d',
    paymentBalance: 1.5,
    updatePaymentBalance: true,
    metadata: '{"walletId":"wallet#7ea81f9e-1a24-4664-bd94-4d88dc6fd07d","deliveryId":"cf481052-cc1d-4d34-99e2-3f56ea4e804d","walletSk":"cf481052-cc1d-4d34-99e2-3f56ea4e804d"}',
    currency: 'BHD',
    amount: 8,
    vat: 0,
    oldBalance: 9.5,
    newBalance: 1.5
  }
}

2024-02-27T21:01:09.230Z 2024-02-27T21:01:09.230Z	f5f2d56c-afd0-5049-8ea2-8b34e005aebf	INFO	SubscriptionBalanceUpdated event published

2024-02-27T21:01:09.243Z 2024-02-27T21:01:09.243Z	f5f2d56c-afd0-5049-8ea2-8b34e005aebf	INFO	Processing message ef0e8e98-f0cc-4ce9-bd48-ca5dccc25809

2024-02-27T21:01:09.263Z 2024-02-27T21:01:09.263Z	f5f2d56c-afd0-5049-8ea2-8b34e005aebf	INFO	Start syncing the balance {
  transaction: {
    id: '01HQP5Y2SR1KX3K19EETVAZ70B',
    type: 'DEBIT',
    source: 'MANUAL_DEDUCTION',
    action: 'DELIVERY_DEDUCTION',
    userId: '4a12f77e-9f66-4899-823d-5eeb53c01a36',
    paymentBalance: 3847.5,
    updatePaymentBalance: true,
    metadata: '{"walletId":"wallet#4a12f77e-9f66-4899-823d-5eeb53c01a36","deliveryId":"08107322-6c09-4981-bd68-9a3cc287e98d","walletSk":"08107322-6c09-4981-bd68-9a3cc287e98d"}',
    currency: 'SAR',
    amount: 76.5,
    vat: 0,
    oldBalance: 3924,
    newBalance: 3847.5
  }
}

2024-02-27T21:01:09.324Z 2024-02-27T21:01:09.324Z	f5f2d56c-afd0-5049-8ea2-8b34e005aebf	INFO	SubscriptionBalanceUpdated event published

2024-02-27T21:01:09.340Z 2024-02-27T21:01:09.340Z	f5f2d56c-afd0-5049-8ea2-8b34e005aebf	INFO	Processing message 790bdd28-49e3-4f69-8406-fa0da4eada78

2024-02-27T21:01:09.347Z 2024-02-27T21:01:09.347Z	f5f2d56c-afd0-5049-8ea2-8b34e005aebf	INFO	Start syncing the balance {
  transaction: {
    id: '01HQP5Y312VQSZQK3FYT1NQZQT',
    type: 'DEBIT',
    source: 'MANUAL_DEDUCTION',
    action: 'DELIVERY_DEDUCTION',
    userId: 'd8e22713-a177-4738-bdb6-e48b189eb487',
    paymentBalance: 131,
    updatePaymentBalance: true,
    metadata: '{"walletId":"wallet#d8e22713-a177-4738-bdb6-e48b189eb487","deliveryId":"edac0302-c476-4eee-9524-59b8b4b4e662","walletSk":"edac0302-c476-4eee-9524-59b8b4b4e662"}',
    currency: 'KWD',
    amount: 4,
    vat: 0,
    oldBalance: 135,
    newBalance: 131
  }
}

2024-02-27T21:01:09.388Z 2024-02-27T21:01:09.388Z	f5f2d56c-afd0-5049-8ea2-8b34e005aebf	INFO	SubscriptionBalanceUpdated event published

2024-02-27T21:01:09.404Z 2024-02-27T21:01:09.404Z	f5f2d56c-afd0-5049-8ea2-8b34e005aebf	INFO	Processing message 6b7d4b5e-9c71-4e34-b3d1-eac97b33f634

2024-02-27T21:01:09.410Z 2024-02-27T21:01:09.410Z	f5f2d56c-afd0-5049-8ea2-8b34e005aebf	INFO	Start syncing the balance {
  transaction: {
    id: '01HQP5Y37164C5DYDCG4QRF2WP',
    type: 'DEBIT',
    source: 'MANUAL_DEDUCTION',
    action: 'DELIVERY_DEDUCTION',
    userId: '7cbe3797-c6a1-492c-9c31-8bd1c8c38d90',
    paymentBalance: 131.769,
    updatePaymentBalance: true,
    metadata: '{"walletId":"wallet#7cbe3797-c6a1-492c-9c31-8bd1c8c38d90","deliveryId":"536ef5cb-20a1-464f-9914-60a7cfefd417","walletSk":"536ef5cb-20a1-464f-9914-60a7cfefd417"}',
    currency: 'BHD',
    amount: 11.682,
    vat: 0,
    oldBalance: 143.451,
    newBalance: 131.769
  }
}

2024-02-27T21:01:09.452Z 2024-02-27T21:01:09.452Z	f5f2d56c-afd0-5049-8ea2-8b34e005aebf	INFO	SubscriptionBalanceUpdated event published

2024-02-27T21:01:09.467Z 2024-02-27T21:01:09.467Z	f5f2d56c-afd0-5049-8ea2-8b34e005aebf	INFO	Processing message e3b79cd2-2484-44b8-9762-193bef53e91c

2024-02-27T21:01:09.478Z 2024-02-27T21:01:09.478Z	f5f2d56c-afd0-5049-8ea2-8b34e005aebf	INFO	Start syncing the balance {
  transaction: {
    id: '01HQP5Y34NFN1WDESSEFNS9TNQ',
    type: 'DEBIT',
    source: 'MANUAL_DEDUCTION',
    action: 'DELIVERY_DEDUCTION',
    userId: 'cac838c5-a9e1-41b1-877e-2587cbea7b20',
    paymentBalance: 12950.116,
    updatePaymentBalance: true,
    metadata: '{"walletId":"wallet#cac838c5-a9e1-41b1-877e-2587cbea7b20","deliveryId":"588d5ca8-9deb-4717-baaa-46106d1d119f","walletSk":"588d5ca8-9deb-4717-baaa-46106d1d119f"}',
    currency: 'BHD',
    amount: 10.818,
    vat: 0,
    oldBalance: 11190.9343,
    newBalance: 11180.116
  }
}

2024-02-27T21:01:09.523Z 2024-02-27T21:01:09.523Z	f5f2d56c-afd0-5049-8ea2-8b34e005aebf	INFO	SubscriptionBalanceUpdated event published

2024-02-27T21:01:09.539Z 2024-02-27T21:01:09.539Z	f5f2d56c-afd0-5049-8ea2-8b34e005aebf	ERROR	Subscription balance and payment balance are not in sync {
  userId: 'cac838c5-a9e1-41b1-877e-2587cbea7b20',
  subscriptionBalance: 11180.116,
  paymentBalance: 12950.116
}

2024-02-27T21:01:09.554Z 2024-02-27T21:01:09.554Z	f5f2d56c-afd0-5049-8ea2-8b34e005aebf	INFO	Processing message 224b715a-feec-4af4-b42d-1804c00f293d

2024-02-27T21:01:09.560Z 2024-02-27T21:01:09.560Z	f5f2d56c-afd0-5049-8ea2-8b34e005aebf	INFO	Start syncing the balance {
  transaction: {
    id: '01HQP5Y37110GRQKW654395MY8',
    type: 'DEBIT',
    source: 'MANUAL_DEDUCTION',
    action: 'DELIVERY_DEDUCTION',
    userId: 'e8062346-faa2-400f-a070-a970fc4caab4',
    paymentBalance: 1973.376,
    updatePaymentBalance: true,
    metadata: '{"walletId":"wallet#e8062346-faa2-400f-a070-a970fc4caab4","deliveryId":"cb2aee38-acc9-4885-9712-d1ead60aceda","walletSk":"cb2aee38-acc9-4885-9712-d1ead60aceda"}',
    currency: 'BHD',
    amount: 4.5,
    vat: 0,
    oldBalance: 168,
    newBalance: 163.5
  }
}

2024-02-27T21:01:09.607Z 2024-02-27T21:01:09.607Z	f5f2d56c-afd0-5049-8ea2-8b34e005aebf	INFO	SubscriptionBalanceUpdated event published

2024-02-27T21:01:09.619Z 2024-02-27T21:01:09.619Z	f5f2d56c-afd0-5049-8ea2-8b34e005aebf	ERROR	Subscription balance and payment balance are not in sync {
  userId: 'e8062346-faa2-400f-a070-a970fc4caab4',
  subscriptionBalance: 163.5,
  paymentBalance: 1973.376
}

2024-02-27T21:01:09.633Z 2024-02-27T21:01:09.633Z	f5f2d56c-afd0-5049-8ea2-8b34e005aebf	INFO	Processing message c4787d2b-4a8a-459e-9c43-74e0820df670

2024-02-27T21:01:09.639Z 2024-02-27T21:01:09.639Z	f5f2d56c-afd0-5049-8ea2-8b34e005aebf	INFO	Start syncing the balance {
  transaction: {
    id: '01HQP5Y3A0P7E9W05EBM832M3X',
    type: 'DEBIT',
    source: 'MANUAL_DEDUCTION',
    action: 'DELIVERY_DEDUCTION',
    userId: 'e635a3ea-fc8b-46c4-b091-5480637486ad',
    paymentBalance: 1487.464,
    updatePaymentBalance: true,
    metadata: '{"walletId":"wallet#e635a3ea-fc8b-46c4-b091-5480637486ad","deliveryId":"5bc01099-19ff-4e5b-9369-b17c70c45c7e","walletSk":"5bc01099-19ff-4e5b-9369-b17c70c45c7e"}',
    currency: 'BHD',
    amount: 20.6,
    vat: 0,
    oldBalance: 1508.0645,
    newBalance: 1487.465
  }
}

2024-02-27T21:01:09.738Z 2024-02-27T21:01:09.738Z	f5f2d56c-afd0-5049-8ea2-8b34e005aebf	INFO	SubscriptionBalanceUpdated event published

2024-02-27T21:01:09.754Z 2024-02-27T21:01:09.754Z	f5f2d56c-afd0-5049-8ea2-8b34e005aebf	ERROR	Subscription balance and payment balance are not in sync {
  userId: 'e635a3ea-fc8b-46c4-b091-5480637486ad',
  subscriptionBalance: 1487.465,
  paymentBalance: 1487.464
}

2024-02-27T21:01:09.770Z 2024-02-27T21:01:09.770Z	f5f2d56c-afd0-5049-8ea2-8b34e005aebf	INFO	Processing message c9d94012-dac5-4014-a645-71b30e40c00d

2024-02-27T21:01:09.775Z 2024-02-27T21:01:09.775Z	f5f2d56c-afd0-5049-8ea2-8b34e005aebf	INFO	Start syncing the balance {
  transaction: {
    id: '01HQP5Y3C44JHJQXT8BCE4XGT7',
    type: 'DEBIT',
    source: 'MANUAL_DEDUCTION',
    action: 'DELIVERY_DEDUCTION',
    userId: '67305f3f-628b-4997-83f9-1247a896127a',
    paymentBalance: 2691,
    updatePaymentBalance: true,
    metadata: '{"walletId":"wallet#67305f3f-628b-4997-83f9-1247a896127a","deliveryId":"795e52dd-31c5-4841-b47b-03a3a5e03eec","walletSk":"795e52dd-31c5-4841-b47b-03a3a5e03eec"}',
    currency: 'BHD',
    amount: 9,
    vat: 0,
    oldBalance: 2709,
    newBalance: 2700
  }
}

2024-02-27T21:01:09.819Z 2024-02-27T21:01:09.819Z	f5f2d56c-afd0-5049-8ea2-8b34e005aebf	INFO	SubscriptionBalanceUpdated event published

2024-02-27T21:01:09.846Z 2024-02-27T21:01:09.846Z	f5f2d56c-afd0-5049-8ea2-8b34e005aebf	ERROR	Subscription balance and payment balance are not in sync {
  userId: '67305f3f-628b-4997-83f9-1247a896127a',
  subscriptionBalance: 2700,
  paymentBalance: 2691
}

2024-02-27T21:01:09.860Z 2024-02-27T21:01:09.860Z	f5f2d56c-afd0-5049-8ea2-8b34e005aebf	INFO	Processing message 931aa36a-8166-44b1-82b7-88ef5c7427a1

2024-02-27T21:01:09.866Z 2024-02-27T21:01:09.866Z	f5f2d56c-afd0-5049-8ea2-8b34e005aebf	INFO	Start syncing the balance {
  transaction: {
    id: '01HQP5Y3ET0JAAAS0MH5A5FM1W',
    type: 'DEBIT',
    source: 'MANUAL_DEDUCTION',
    action: 'DELIVERY_DEDUCTION',
    userId: '28089a3d-6a4a-455d-b173-8e10873a3984',
    paymentBalance: 90,
    updatePaymentBalance: true,
    metadata: '{"walletId":"wallet#28089a3d-6a4a-455d-b173-8e10873a3984","deliveryId":"513c465e-6617-4964-b278-8c1fd5e6582b","walletSk":"513c465e-6617-4964-b278-8c1fd5e6582b"}',
    currency: 'SAR',
    amount: 90,
    vat: 0,
    oldBalance: 180,
    newBalance: 90
  }
}

2024-02-27T21:01:09.915Z 2024-02-27T21:01:09.915Z	f5f2d56c-afd0-5049-8ea2-8b34e005aebf	INFO	SubscriptionBalanceUpdated event published

2024-02-27T21:01:09.928Z END RequestId: f5f2d56c-afd0-5049-8ea2-8b34e005aebf

2024-02-27T21:01:09.928Z REPORT RequestId: f5f2d56c-afd0-5049-8ea2-8b34e005aebf	Duration: 777.98 ms	Billed Duration: 778 ms	Memory Size: 1024 MB	Max Memory Used: 140 MB	

2024-02-27T21:01:10.134Z START RequestId: 8541577a-8527-549a-99ef-0922caf13a6c Version: $LATEST

2024-02-27T21:01:10.162Z 2024-02-27T21:01:10.162Z	8541577a-8527-549a-99ef-0922caf13a6c	INFO	Processing message 10f95dae-1699-4f81-ae2a-54aaa02d33ba

2024-02-27T21:01:10.169Z 2024-02-27T21:01:10.169Z	8541577a-8527-549a-99ef-0922caf13a6c	INFO	Start syncing the balance {
  transaction: {
    id: '01HQP5Y432PEAB8JCNX0Y680GY',
    type: 'DEBIT',
    source: 'MANUAL_DEDUCTION',
    action: 'DELIVERY_DEDUCTION',
    userId: '0d3743bc-7978-4902-b925-621d06ed6f28',
    paymentBalance: 1350,
    updatePaymentBalance: true,
    metadata: '{"walletId":"wallet#0d3743bc-7978-4902-b925-621d06ed6f28","deliveryId":"2c270bdd-0b49-485b-9437-dcc3aed4625b","walletSk":"2c270bdd-0b49-485b-9437-dcc3aed4625b"}',
    currency: 'SAR',
    amount: 90,
    vat: 0,
    oldBalance: 1440,
    newBalance: 1350
  }
}

2024-02-27T21:01:10.211Z 2024-02-27T21:01:10.211Z	8541577a-8527-549a-99ef-0922caf13a6c	INFO	SubscriptionBalanceUpdated event published

2024-02-27T21:01:10.242Z 2024-02-27T21:01:10.242Z	8541577a-8527-549a-99ef-0922caf13a6c	INFO	Processing message 215f5342-085a-43a6-9653-872dd3152903

2024-02-27T21:01:10.248Z 2024-02-27T21:01:10.248Z	8541577a-8527-549a-99ef-0922caf13a6c	INFO	Start syncing the balance {
  transaction: {
    id: '01HQP5Y4485YPX1ATT89S19V1Y',
    type: 'DEBIT',
    source: 'MANUAL_DEDUCTION',
    action: 'DELIVERY_DEDUCTION',
    userId: 'de547403-dacf-429b-bc0e-4c96c0efc7ea',
    paymentBalance: 4816,
    updatePaymentBalance: true,
    metadata: '{"walletId":"wallet#de547403-dacf-429b-bc0e-4c96c0efc7ea","deliveryId":"1ff1d9d0-d78d-46b0-9630-50e72a50e534","walletSk":"1ff1d9d0-d78d-46b0-9630-50e72a50e534"}',
    currency: 'BHD',
    amount: 8,
    vat: 0,
    oldBalance: 4824,
    newBalance: 4816
  }
}

2024-02-27T21:01:10.291Z 2024-02-27T21:01:10.291Z	8541577a-8527-549a-99ef-0922caf13a6c	INFO	SubscriptionBalanceUpdated event published

2024-02-27T21:01:10.304Z 2024-02-27T21:01:10.304Z	8541577a-8527-549a-99ef-0922caf13a6c	INFO	Processing message 91d40423-5ea4-4bb2-af81-0f2eb1ed0ea6

2024-02-27T21:01:10.309Z 2024-02-27T21:01:10.309Z	8541577a-8527-549a-99ef-0922caf13a6c	INFO	Start syncing the balance {
  transaction: {
    id: '01HQP5Y4BMM41W737AABSX0DS8',
    type: 'DEBIT',
    source: 'MANUAL_DEDUCTION',
    action: 'DELIVERY_DEDUCTION',
    userId: '57e3222a-06f6-416a-83b5-fb1e967514d0',
    paymentBalance: 3951,
    updatePaymentBalance: true,
    metadata: '{"walletId":"wallet#57e3222a-06f6-416a-83b5-fb1e967514d0","deliveryId":"985c3500-83cd-4fa3-8ac0-e1d5988f56c3","walletSk":"985c3500-83cd-4fa3-8ac0-e1d5988f56c3"}',
    currency: 'SAR',
    amount: 76.5,
    vat: 0,
    oldBalance: 4027.5,
    newBalance: 3951
  }
}

2024-02-27T21:01:10.354Z 2024-02-27T21:01:10.354Z	8541577a-8527-549a-99ef-0922caf13a6c	INFO	SubscriptionBalanceUpdated event published

2024-02-27T21:01:10.369Z 2024-02-27T21:01:10.369Z	8541577a-8527-549a-99ef-0922caf13a6c	INFO	Processing message 0b992c60-c2f3-46f4-9781-851ae3fe6814

2024-02-27T21:01:10.375Z 2024-02-27T21:01:10.375Z	8541577a-8527-549a-99ef-0922caf13a6c	INFO	Start syncing the balance {
  transaction: {
    id: '01HQP5Y4D5YT8X27FG9MC1HS3Y',
    type: 'DEBIT',
    source: 'MANUAL_DEDUCTION',
    action: 'DELIVERY_DEDUCTION',
    userId: '2b07bc91-66bc-497f-8e10-c073264b7329',
    paymentBalance: 4599,
    updatePaymentBalance: true,
    metadata: '{"walletId":"wallet#2b07bc91-66bc-497f-8e10-c073264b7329","deliveryId":"0064d653-ec32-4495-bb39-e8e6ca13f48f","walletSk":"0064d653-ec32-4495-bb39-e8e6ca13f48f"}',
    currency: 'SAR',
    amount: 76.5,
    vat: 0,
    oldBalance: 4675.5,
    newBalance: 4599
  }
}

2024-02-27T21:01:10.417Z 2024-02-27T21:01:10.417Z	8541577a-8527-549a-99ef-0922caf13a6c	INFO	SubscriptionBalanceUpdated event published

2024-02-27T21:01:10.430Z END RequestId: 8541577a-8527-549a-99ef-0922caf13a6c

2024-02-27T21:01:10.430Z REPORT RequestId: 8541577a-8527-549a-99ef-0922caf13a6c	Duration: 296.15 ms	Billed Duration: 297 ms	Memory Size: 1024 MB	Max Memory Used: 140 MB	

2024-02-27T21:01:10.590Z START RequestId: b3d7b656-6829-5053-9c83-e80e27ffde33 Version: $LATEST

2024-02-27T21:01:10.615Z 2024-02-27T21:01:10.615Z	b3d7b656-6829-5053-9c83-e80e27ffde33	INFO	Processing message 3e5e1fff-c133-4c65-9370-a5ba2cc6fa21

2024-02-27T21:01:10.621Z 2024-02-27T21:01:10.621Z	b3d7b656-6829-5053-9c83-e80e27ffde33	INFO	Start syncing the balance {
  transaction: {
    id: '01HQP5Y4RP32MKAAHKDC71J3CC',
    type: 'DEBIT',
    source: 'MANUAL_DEDUCTION',
    action: 'DELIVERY_DEDUCTION',
    userId: 'ac78f7fc-04ca-4875-acbb-0539231751be',
    paymentBalance: 80,
    updatePaymentBalance: true,
    metadata: '{"walletId":"wallet#ac78f7fc-04ca-4875-acbb-0539231751be","deliveryId":"c17e7269-8974-4672-b805-8208a1ddebd6","walletSk":"c17e7269-8974-4672-b805-8208a1ddebd6"}',
    currency: 'BHD',
    amount: 8,
    vat: 0,
    oldBalance: 88,
    newBalance: 80
  }
}

2024-02-27T21:01:10.667Z 2024-02-27T21:01:10.667Z	b3d7b656-6829-5053-9c83-e80e27ffde33	INFO	SubscriptionBalanceUpdated event published

2024-02-27T21:01:10.726Z END RequestId: b3d7b656-6829-5053-9c83-e80e27ffde33

2024-02-27T21:01:10.726Z REPORT RequestId: b3d7b656-6829-5053-9c83-e80e27ffde33	Duration: 135.36 ms	Billed Duration: 136 ms	Memory Size: 1024 MB	Max Memory Used: 140 MB	

2024-02-27T21:01:10.780Z START RequestId: ecd28004-d2d6-5b26-a616-de5c9d007546 Version: $LATEST

2024-02-27T21:01:10.810Z 2024-02-27T21:01:10.810Z	ecd28004-d2d6-5b26-a616-de5c9d007546	INFO	Processing message 30d90a22-4e1f-419e-8ed8-c0ec6722c5d5

2024-02-27T21:01:10.822Z 2024-02-27T21:01:10.822Z	ecd28004-d2d6-5b26-a616-de5c9d007546	INFO	Start syncing the balance {
  transaction: {
    id: '01HQP5Y4TXZCZB2SH875YWT6YB',
    type: 'DEBIT',
    source: 'MANUAL_DEDUCTION',
    action: 'DELIVERY_DEDUCTION',
    userId: 'eefb84af-6a9b-435b-b589-5c9734648a74',
    paymentBalance: 3287.909,
    updatePaymentBalance: true,
    metadata: '{"walletId":"wallet#eefb84af-6a9b-435b-b589-5c9734648a74","deliveryId":"e1ebf4e0-01ca-412d-bed2-b38c54f9b4b8","walletSk":"e1ebf4e0-01ca-412d-bed2-b38c54f9b4b8"}',
    currency: 'BHD',
    amount: 4,
    vat: 0,
    oldBalance: 302.909,
    newBalance: 298.909
  }
}

2024-02-27T21:01:10.868Z 2024-02-27T21:01:10.868Z	ecd28004-d2d6-5b26-a616-de5c9d007546	INFO	SubscriptionBalanceUpdated event published

2024-02-27T21:01:10.883Z 2024-02-27T21:01:10.883Z	ecd28004-d2d6-5b26-a616-de5c9d007546	ERROR	Subscription balance and payment balance are not in sync {
  userId: 'eefb84af-6a9b-435b-b589-5c9734648a74',
  subscriptionBalance: 298.909,
  paymentBalance: 3287.909
}

2024-02-27T21:01:10.900Z END RequestId: ecd28004-d2d6-5b26-a616-de5c9d007546

2024-02-27T21:01:10.900Z REPORT RequestId: ecd28004-d2d6-5b26-a616-de5c9d007546	Duration: 120.70 ms	Billed Duration: 121 ms	Memory Size: 1024 MB	Max Memory Used: 140 MB	

2024-02-27T21:01:11.095Z START RequestId: 5d7a971e-909c-5d01-ac99-c946df4ac361 Version: $LATEST

2024-02-27T21:01:11.122Z 2024-02-27T21:01:11.122Z	5d7a971e-909c-5d01-ac99-c946df4ac361	INFO	Processing message f4ab9341-56a7-4b2e-9a30-8c02a9e4aa5f

2024-02-27T21:01:11.133Z 2024-02-27T21:01:11.133Z	5d7a971e-909c-5d01-ac99-c946df4ac361	INFO	Start syncing the balance {
  transaction: {
    id: '01HQP5Y5AXJJP0BMD31AC3H3XV',
    type: 'DEBIT',
    source: 'MANUAL_DEDUCTION',
    action: 'DELIVERY_DEDUCTION',
    userId: 'f29c6a25-00ec-4e00-bb1d-c6602c424918',
    paymentBalance: 0,
    updatePaymentBalance: true,
    metadata: '{"walletId":"wallet#f29c6a25-00ec-4e00-bb1d-c6602c424918","deliveryId":"870a549e-96f9-43a4-aef6-f92606fab652","walletSk":"870a549e-96f9-43a4-aef6-f92606fab652"}',
    currency: 'BHD',
    amount: 8,
    vat: 0,
    oldBalance: 8,
    newBalance: 0
  }
}

2024-02-27T21:01:11.180Z 2024-02-27T21:01:11.180Z	5d7a971e-909c-5d01-ac99-c946df4ac361	INFO	SubscriptionBalanceUpdated event published

2024-02-27T21:01:11.194Z END RequestId: 5d7a971e-909c-5d01-ac99-c946df4ac361

2024-02-27T21:01:11.194Z REPORT RequestId: 5d7a971e-909c-5d01-ac99-c946df4ac361	Duration: 99.17 ms	Billed Duration: 100 ms	Memory Size: 1024 MB	Max Memory Used: 140 MB	

2024-02-27T21:01:11.841Z START RequestId: 2d77bf8e-28ea-54a0-9f41-e1d6673d5ac0 Version: $LATEST

2024-02-27T21:01:11.872Z 2024-02-27T21:01:11.872Z	2d77bf8e-28ea-54a0-9f41-e1d6673d5ac0	INFO	Processing message 149a9210-e178-41f6-998a-b3675a15d580

2024-02-27T21:01:11.878Z 2024-02-27T21:01:11.878Z	2d77bf8e-28ea-54a0-9f41-e1d6673d5ac0	INFO	Start syncing the balance {
  transaction: {
    id: '01HQP5Y5W44VFZR57JT5QY646N',
    type: 'DEBIT',
    source: 'MANUAL_DEDUCTION',
    action: 'DELIVERY_DEDUCTION',
    userId: '2f893545-21a1-45ce-8cd0-c1f12e8f23e5',
    paymentBalance: 0,
    updatePaymentBalance: true,
    metadata: '{"walletId":"wallet#2f893545-21a1-45ce-8cd0-c1f12e8f23e5","deliveryId":"ecd48b05-b689-4ca6-aa15-122b20b1a659","walletSk":"ecd48b05-b689-4ca6-aa15-122b20b1a659"}',
    currency: 'SAR',
    amount: 90,
    vat: 0,
    oldBalance: 90,
    newBalance: 0
  }
}

2024-02-27T21:01:11.922Z 2024-02-27T21:01:11.922Z	2d77bf8e-28ea-54a0-9f41-e1d6673d5ac0	INFO	SubscriptionBalanceUpdated event published

2024-02-27T21:01:11.939Z END RequestId: 2d77bf8e-28ea-54a0-9f41-e1d6673d5ac0

2024-02-27T21:01:11.939Z REPORT RequestId: 2d77bf8e-28ea-54a0-9f41-e1d6673d5ac0	Duration: 98.46 ms	Billed Duration: 99 ms	Memory Size: 1024 MB	Max Memory Used: 141 MB	

2024-02-27T21:01:12.091Z START RequestId: b714b53f-4855-5110-8b3d-eb6707823f70 Version: $LATEST

2024-02-27T21:01:12.120Z 2024-02-27T21:01:12.120Z	b714b53f-4855-5110-8b3d-eb6707823f70	INFO	Processing message 641c0d9a-4812-469e-aa5c-26fa4938fd01

2024-02-27T21:01:12.126Z 2024-02-27T21:01:12.126Z	b714b53f-4855-5110-8b3d-eb6707823f70	INFO	Start syncing the balance {
  transaction: {
    id: '01HQP5Y69DS9X9D127EYVXEBDM',
    type: 'DEBIT',
    source: 'MANUAL_DEDUCTION',
    action: 'DELIVERY_DEDUCTION',
    userId: '24d0b6ba-f039-4338-8522-177746acfd2f',
    paymentBalance: 174,
    updatePaymentBalance: true,
    metadata: '{"walletId":"wallet#24d0b6ba-f039-4338-8522-177746acfd2f","deliveryId":"593874d6-23df-431c-804c-a989832cb237","walletSk":"593874d6-23df-431c-804c-a989832cb237"}',
    currency: 'BHD',
    amount: 8,
    vat: 0,
    oldBalance: 182,
    newBalance: 174
  }
}

2024-02-27T21:01:12.170Z 2024-02-27T21:01:12.170Z	b714b53f-4855-5110-8b3d-eb6707823f70	INFO	SubscriptionBalanceUpdated event published

2024-02-27T21:01:12.185Z END RequestId: b714b53f-4855-5110-8b3d-eb6707823f70

2024-02-27T21:01:12.185Z REPORT RequestId: b714b53f-4855-5110-8b3d-eb6707823f70	Duration: 93.34 ms	Billed Duration: 94 ms	Memory Size: 1024 MB	Max Memory Used: 141 MB	

2024-02-27T21:01:12.377Z START RequestId: 974f0f3f-964f-59d0-bdbd-5167d99737b0 Version: $LATEST

2024-02-27T21:01:12.406Z 2024-02-27T21:01:12.406Z	974f0f3f-964f-59d0-bdbd-5167d99737b0	INFO	Processing message 472ddde5-b026-472e-a602-c8d957bce9ca

2024-02-27T21:01:12.412Z 2024-02-27T21:01:12.412Z	974f0f3f-964f-59d0-bdbd-5167d99737b0	INFO	Start syncing the balance {
  transaction: {
    id: '01HQP5Y6EPH343R1W6YSK5ZA8X',
    type: 'DEBIT',
    source: 'MANUAL_DEDUCTION',
    action: 'DELIVERY_DEDUCTION',
    userId: 'd9e426cf-4b0b-43ed-b5ca-2a5f547c0427',
    paymentBalance: 63,
    updatePaymentBalance: true,
    metadata: '{"walletId":"wallet#d9e426cf-4b0b-43ed-b5ca-2a5f547c0427","deliveryId":"8f363820-b0ac-4887-8d15-d98f0478eaf2","walletSk":"8f363820-b0ac-4887-8d15-d98f0478eaf2"}',
    currency: 'BHD',
    amount: 4,
    vat: 0,
    oldBalance: 67,
    newBalance: 63
  }
}

2024-02-27T21:01:12.454Z 2024-02-27T21:01:12.454Z	974f0f3f-964f-59d0-bdbd-5167d99737b0	INFO	SubscriptionBalanceUpdated event published

2024-02-27T21:01:12.467Z 2024-02-27T21:01:12.467Z	974f0f3f-964f-59d0-bdbd-5167d99737b0	INFO	Processing message d80e65dd-a2ec-48fe-be04-d83b10f0c0f1

2024-02-27T21:01:12.473Z 2024-02-27T21:01:12.473Z	974f0f3f-964f-59d0-bdbd-5167d99737b0	INFO	Start syncing the balance {
  transaction: {
    id: '01HQP5Y6J6DZ2XR572M0DJBGDS',
    type: 'DEBIT',
    source: 'MANUAL_DEDUCTION',
    action: 'DELIVERY_DEDUCTION',
    userId: '52de3a45-61c0-4d76-a938-c8f32b3c6fd6',
    paymentBalance: 240,
    updatePaymentBalance: true,
    metadata: '{"walletId":"wallet#52de3a45-61c0-4d76-a938-c8f32b3c6fd6","deliveryId":"848f3472-993c-4cef-96e8-3492b676879e","walletSk":"848f3472-993c-4cef-96e8-3492b676879e"}',
    currency: 'SAR',
    amount: 100,
    vat: 0,
    oldBalance: 340,
    newBalance: 240
  }
}

2024-02-27T21:01:12.518Z 2024-02-27T21:01:12.518Z	974f0f3f-964f-59d0-bdbd-5167d99737b0	INFO	SubscriptionBalanceUpdated event published

2024-02-27T21:01:12.536Z END RequestId: 974f0f3f-964f-59d0-bdbd-5167d99737b0

2024-02-27T21:01:12.536Z REPORT RequestId: 974f0f3f-964f-59d0-bdbd-5167d99737b0	Duration: 159.19 ms	Billed Duration: 160 ms	Memory Size: 1024 MB	Max Memory Used: 143 MB	

2024-02-27T21:01:12.584Z START RequestId: 9ca57b7a-9b2f-5d64-b3bf-2522d4f78304 Version: $LATEST

2024-02-27T21:01:12.602Z 2024-02-27T21:01:12.602Z	9ca57b7a-9b2f-5d64-b3bf-2522d4f78304	INFO	Processing message ed474686-5578-4bcc-82b6-b793ec45032a

2024-02-27T21:01:12.608Z 2024-02-27T21:01:12.608Z	9ca57b7a-9b2f-5d64-b3bf-2522d4f78304	INFO	Start syncing the balance {
  transaction: {
    id: '01HQP5Y6M1N2R9V9HVJ6VJYGAW',
    type: 'DEBIT',
    source: 'MANUAL_DEDUCTION',
    action: 'DELIVERY_DEDUCTION',
    userId: '4418bb9f-4dc0-4fb1-9b49-cc5405c1c8fd',
    paymentBalance: 2250,
    updatePaymentBalance: true,
    metadata: '{"walletId":"wallet#4418bb9f-4dc0-4fb1-9b49-cc5405c1c8fd","deliveryId":"ee1b5274-5fd6-4bf3-b5f4-d00a9f327282","walletSk":"ee1b5274-5fd6-4bf3-b5f4-d00a9f327282"}',
    currency: 'SAR',
    amount: 90,
    vat: 0,
    oldBalance: 2340,
    newBalance: 2250
  }
}

2024-02-27T21:01:12.650Z 2024-02-27T21:01:12.650Z	9ca57b7a-9b2f-5d64-b3bf-2522d4f78304	INFO	SubscriptionBalanceUpdated event published

2024-02-27T21:01:12.666Z END RequestId: 9ca57b7a-9b2f-5d64-b3bf-2522d4f78304

2024-02-27T21:01:12.666Z REPORT RequestId: 9ca57b7a-9b2f-5d64-b3bf-2522d4f78304	Duration: 81.96 ms	Billed Duration: 82 ms	Memory Size: 1024 MB	Max Memory Used: 144 MB	

2024-02-27T21:01:12.727Z START RequestId: af73f0fb-3a54-5d4a-8134-aea375868ea4 Version: $LATEST

2024-02-27T21:01:12.746Z 2024-02-27T21:01:12.746Z	af73f0fb-3a54-5d4a-8134-aea375868ea4	INFO	Processing message c759c98c-02c4-4533-9eb4-ebdd3f85b035

2024-02-27T21:01:12.752Z 2024-02-27T21:01:12.752Z	af73f0fb-3a54-5d4a-8134-aea375868ea4	INFO	Start syncing the balance {
  transaction: {
    id: '01HQP5Y0J7W2VBFMG6ZVBWCD7Y',
    type: 'DEBIT',
    source: 'MANUAL_DEDUCTION',
    action: 'DELIVERY_DEDUCTION',
    userId: 'e6a22e0b-2fbf-4260-94f5-f86393927ddd',
    paymentBalance: 153,
    updatePaymentBalance: true,
    metadata: '{"walletId":"wallet#e6a22e0b-2fbf-4260-94f5-f86393927ddd","deliveryId":"f49885ff-b6e1-4bc7-9014-a2c3ab5f12a5","walletSk":"f49885ff-b6e1-4bc7-9014-a2c3ab5f12a5"}',
    currency: 'BHD',
    amount: 9,
    vat: 0,
    oldBalance: 162,
    newBalance: 153
  }
}

2024-02-27T21:01:12.794Z 2024-02-27T21:01:12.794Z	af73f0fb-3a54-5d4a-8134-aea375868ea4	INFO	SubscriptionBalanceUpdated event published

2024-02-27T21:01:12.808Z 2024-02-27T21:01:12.808Z	af73f0fb-3a54-5d4a-8134-aea375868ea4	INFO	Processing message dd954220-85a8-4dd3-9038-2b4b1eb596cb

2024-02-27T21:01:12.814Z 2024-02-27T21:01:12.814Z	af73f0fb-3a54-5d4a-8134-aea375868ea4	INFO	Start syncing the balance {
  transaction: {
    id: '01HQP5Y0JNFB2F81DV7Z8Q5YDY',
    type: 'DEBIT',
    source: 'MANUAL_DEDUCTION',
    action: 'DELIVERY_DEDUCTION',
    userId: 'a311a299-9f89-4f82-9b63-cf15944e4d42',
    paymentBalance: 81,
    updatePaymentBalance: true,
    metadata: '{"walletId":"wallet#a311a299-9f89-4f82-9b63-cf15944e4d42","deliveryId":"4b78fb41-bd4d-4c36-ad90-06293d05df46","walletSk":"4b78fb41-bd4d-4c36-ad90-06293d05df46"}',
    currency: 'BHD',
    amount: 9,
    vat: 0,
    oldBalance: 90,
    newBalance: 81
  }
}

2024-02-27T21:01:12.860Z 2024-02-27T21:01:12.860Z	af73f0fb-3a54-5d4a-8134-aea375868ea4	INFO	SubscriptionBalanceUpdated event published

2024-02-27T21:01:12.875Z 2024-02-27T21:01:12.875Z	af73f0fb-3a54-5d4a-8134-aea375868ea4	INFO	Processing message 0c8a5fce-4426-4314-9407-db31c351e228

2024-02-27T21:01:12.882Z 2024-02-27T21:01:12.882Z	af73f0fb-3a54-5d4a-8134-aea375868ea4	INFO	Start syncing the balance {
  transaction: {
    id: '01HQP5Y0PHB446YYK6PJXFF9FH',
    type: 'DEBIT',
    source: 'MANUAL_DEDUCTION',
    action: 'DELIVERY_DEDUCTION',
    userId: '76b5101c-400d-45d2-9392-ee6d94c113db',
    paymentBalance: 152,
    updatePaymentBalance: true,
    metadata: '{"walletId":"wallet#76b5101c-400d-45d2-9392-ee6d94c113db","deliveryId":"6a3df603-863c-4e4a-a47a-8fc2daa3f32e","walletSk":"6a3df603-863c-4e4a-a47a-8fc2daa3f32e"}',
    currency: 'BHD',
    amount: 8,
    vat: 0,
    oldBalance: 160,
    newBalance: 152
  }
}

2024-02-27T21:01:12.927Z 2024-02-27T21:01:12.927Z	af73f0fb-3a54-5d4a-8134-aea375868ea4	INFO	SubscriptionBalanceUpdated event published

2024-02-27T21:01:12.939Z 2024-02-27T21:01:12.939Z	af73f0fb-3a54-5d4a-8134-aea375868ea4	INFO	Processing message 29fcfe1e-87e9-41e1-a958-c76aca5864e7

2024-02-27T21:01:12.946Z 2024-02-27T21:01:12.946Z	af73f0fb-3a54-5d4a-8134-aea375868ea4	INFO	Start syncing the balance {
  transaction: {
    id: '01HQP5Y0PTV8515HY1ER2392E5',
    type: 'DEBIT',
    source: 'MANUAL_DEDUCTION',
    action: 'DELIVERY_DEDUCTION',
    userId: '78fc4995-9960-449a-b6aa-80f47ff25403',
    paymentBalance: 171,
    updatePaymentBalance: true,
    metadata: '{"walletId":"wallet#78fc4995-9960-449a-b6aa-80f47ff25403","deliveryId":"02df4a8a-8bdf-4a52-9f99-8d2552acf627","walletSk":"02df4a8a-8bdf-4a52-9f99-8d2552acf627"}',
    currency: 'BHD',
    amount: 9,
    vat: 0,
    oldBalance: 180,
    newBalance: 171
  }
}

2024-02-27T21:01:12.993Z 2024-02-27T21:01:12.993Z	af73f0fb-3a54-5d4a-8134-aea375868ea4	INFO	SubscriptionBalanceUpdated event published

2024-02-27T21:01:13.010Z 2024-02-27T21:01:13.010Z	af73f0fb-3a54-5d4a-8134-aea375868ea4	INFO	Processing message c7a28a42-89e7-481c-bbca-59be53d5bea9

2024-02-27T21:01:13.016Z 2024-02-27T21:01:13.016Z	af73f0fb-3a54-5d4a-8134-aea375868ea4	INFO	Start syncing the balance {
  transaction: {
    id: '01HQP5Y0SXRK1X0ESCW5T0E6WE',
    type: 'DEBIT',
    source: 'MANUAL_DEDUCTION',
    action: 'DELIVERY_DEDUCTION',
    userId: '7a46f077-87df-49e3-b606-f37d0f061728',
    paymentBalance: 862,
    updatePaymentBalance: true,
    metadata: '{"walletId":"wallet#7a46f077-87df-49e3-b606-f37d0f061728","deliveryId":"3b70fe2b-9431-4fbc-acc0-319a4d2545df","walletSk":"3b70fe2b-9431-4fbc-acc0-319a4d2545df"}',
    currency: 'BHD',
    amount: 7,
    vat: 0,
    oldBalance: 869,
    newBalance: 862
  }
}

2024-02-27T21:01:13.061Z 2024-02-27T21:01:13.061Z	af73f0fb-3a54-5d4a-8134-aea375868ea4	INFO	SubscriptionBalanceUpdated event published

2024-02-27T21:01:13.076Z 2024-02-27T21:01:13.076Z	af73f0fb-3a54-5d4a-8134-aea375868ea4	INFO	Processing message a07ab7d1-bfe0-4749-9f05-d70927867389

2024-02-27T21:01:13.081Z 2024-02-27T21:01:13.081Z	af73f0fb-3a54-5d4a-8134-aea375868ea4	INFO	Start syncing the balance {
  transaction: {
    id: '01HQP5Y0Y7SQVT1YNRKPP4PY9Y',
    type: 'DEBIT',
    source: 'MANUAL_DEDUCTION',
    action: 'DELIVERY_DEDUCTION',
    userId: '14e0ddb5-9795-4886-aff1-a70683e226d7',
    paymentBalance: 40,
    updatePaymentBalance: true,
    metadata: '{"walletId":"wallet#14e0ddb5-9795-4886-aff1-a70683e226d7","deliveryId":"2d58f127-4598-4f21-b629-4673300e6f1d","walletSk":"2d58f127-4598-4f21-b629-4673300e6f1d"}',
    currency: 'BHD',
    amount: 8,
    vat: 0,
    oldBalance: 48,
    newBalance: 40
  }
}

2024-02-27T21:01:13.121Z 2024-02-27T21:01:13.121Z	af73f0fb-3a54-5d4a-8134-aea375868ea4	INFO	SubscriptionBalanceUpdated event published

2024-02-27T21:01:13.148Z 2024-02-27T21:01:13.148Z	af73f0fb-3a54-5d4a-8134-aea375868ea4	INFO	Processing message bac156dc-78ac-466c-9b94-158d96b6c32f

2024-02-27T21:01:13.153Z 2024-02-27T21:01:13.153Z	af73f0fb-3a54-5d4a-8134-aea375868ea4	INFO	Start syncing the balance {
  transaction: {
    id: '01HQP5Y0YE2MES2DWPSFJ87V4Q',
    type: 'DEBIT',
    source: 'MANUAL_DEDUCTION',
    action: 'DELIVERY_DEDUCTION',
    userId: '26558ed9-8e30-4020-8875-54a87e2265fa',
    paymentBalance: 144,
    updatePaymentBalance: true,
    metadata: '{"walletId":"wallet#26558ed9-8e30-4020-8875-54a87e2265fa","deliveryId":"8f7fa868-aae2-4995-88bf-76a3ab6546ca","walletSk":"8f7fa868-aae2-4995-88bf-76a3ab6546ca"}',
    currency: 'BHD',
    amount: 9,
    vat: 0,
    oldBalance: 153,
    newBalance: 144
  }
}

2024-02-27T21:01:13.196Z 2024-02-27T21:01:13.196Z	af73f0fb-3a54-5d4a-8134-aea375868ea4	INFO	SubscriptionBalanceUpdated event published

2024-02-27T21:01:13.208Z 2024-02-27T21:01:13.208Z	af73f0fb-3a54-5d4a-8134-aea375868ea4	INFO	Processing message 2fcb4dfe-ba9a-41e9-a1fb-9e8aef1a8f77

2024-02-27T21:01:13.213Z 2024-02-27T21:01:13.213Z	af73f0fb-3a54-5d4a-8134-aea375868ea4	INFO	Start syncing the balance {
  transaction: {
    id: '01HQP5Y0S3CF5GC34TPY1WPV6M',
    type: 'DEBIT',
    source: 'MANUAL_DEDUCTION',
    action: 'DELIVERY_DEDUCTION',
    userId: '5932ea94-ff0d-4254-909f-406cde949da5',
    paymentBalance: 3951,
    updatePaymentBalance: true,
    metadata: '{"walletId":"wallet#5932ea94-ff0d-4254-909f-406cde949da5","deliveryId":"083e3ec3-bbc6-4476-9bff-3adc83af348a","walletSk":"083e3ec3-bbc6-4476-9bff-3adc83af348a"}',
    currency: 'SAR',
    amount: 76.5,
    vat: 0,
    oldBalance: 4027.5,
    newBalance: 3951
  }
}

2024-02-27T21:01:13.251Z 2024-02-27T21:01:13.251Z	af73f0fb-3a54-5d4a-8134-aea375868ea4	INFO	SubscriptionBalanceUpdated event published

2024-02-27T21:01:13.265Z END RequestId: af73f0fb-3a54-5d4a-8134-aea375868ea4

2024-02-27T21:01:13.265Z REPORT RequestId: af73f0fb-3a54-5d4a-8134-aea375868ea4	Duration: 538.06 ms	Billed Duration: 539 ms	Memory Size: 1024 MB	Max Memory Used: 147 MB	

2024-02-27T21:01:14.160Z START RequestId: 74d16835-019e-5364-8ea4-366d4e44208a Version: $LATEST

2024-02-27T21:01:14.190Z 2024-02-27T21:01:14.190Z	74d16835-019e-5364-8ea4-366d4e44208a	INFO	Processing message 3e091c84-2736-4410-b640-ce12c5bc3766

2024-02-27T21:01:14.196Z 2024-02-27T21:01:14.196Z	74d16835-019e-5364-8ea4-366d4e44208a	INFO	Start syncing the balance {
  transaction: {
    id: '01HQP5Y89F33WGG4TWZKGC4QF2',
    type: 'DEBIT',
    source: 'MANUAL_DEDUCTION',
    action: 'DELIVERY_DEDUCTION',
    userId: '6943717f-0aec-40b3-bbad-6ccf1de293e4',
    paymentBalance: 96,
    updatePaymentBalance: true,
    metadata: '{"walletId":"wallet#6943717f-0aec-40b3-bbad-6ccf1de293e4","deliveryId":"eb27fcb7-bee0-4ec0-99b1-760da501eea9","walletSk":"eb27fcb7-bee0-4ec0-99b1-760da501eea9"}',
    currency: 'BHD',
    amount: 8,
    vat: 0,
    oldBalance: 104,
    newBalance: 96
  }
}

2024-02-27T21:01:14.237Z 2024-02-27T21:01:14.237Z	74d16835-019e-5364-8ea4-366d4e44208a	INFO	SubscriptionBalanceUpdated event published

2024-02-27T21:01:14.252Z 2024-02-27T21:01:14.252Z	74d16835-019e-5364-8ea4-366d4e44208a	INFO	Processing message 138dd242-7b53-40d0-88d5-7228e89f1b47

2024-02-27T21:01:14.258Z 2024-02-27T21:01:14.258Z	74d16835-019e-5364-8ea4-366d4e44208a	INFO	Start syncing the balance {
  transaction: {
    id: '01HQP5Y84KMPMVK3ZVY16XZZ8Z',
    type: 'DEBIT',
    source: 'MANUAL_DEDUCTION',
    action: 'DELIVERY_DEDUCTION',
    userId: '2ce08ce4-2c63-4e7e-84aa-79b8a520bdbc',
    paymentBalance: 3757.5,
    updatePaymentBalance: true,
    metadata: '{"walletId":"wallet#2ce08ce4-2c63-4e7e-84aa-79b8a520bdbc","deliveryId":"39323690-65c8-4e96-8730-c978b09a4bad","walletSk":"39323690-65c8-4e96-8730-c978b09a4bad"}',
    currency: 'SAR',
    amount: 76.5,
    vat: 0,
    oldBalance: 3834,
    newBalance: 3757.5
  }
}

2024-02-27T21:01:14.302Z 2024-02-27T21:01:14.302Z	74d16835-019e-5364-8ea4-366d4e44208a	INFO	SubscriptionBalanceUpdated event published

2024-02-27T21:01:14.316Z 2024-02-27T21:01:14.316Z	74d16835-019e-5364-8ea4-366d4e44208a	INFO	Processing message 68938dcc-403f-44c6-b716-b75d7cdf512d

2024-02-27T21:01:14.321Z 2024-02-27T21:01:14.321Z	74d16835-019e-5364-8ea4-366d4e44208a	INFO	Start syncing the balance {
  transaction: {
    id: '01HQP5Y851M79KQCWY79Y4HXNR',
    type: 'DEBIT',
    source: 'MANUAL_DEDUCTION',
    action: 'DELIVERY_DEDUCTION',
    userId: '5b25fc0d-4b52-479d-a9e9-5533cece208a',
    paymentBalance: 0,
    updatePaymentBalance: true,
    metadata: '{"walletId":"wallet#5b25fc0d-4b52-479d-a9e9-5533cece208a","deliveryId":"6f837015-8b98-4bfa-adde-7a1ce6123af7","walletSk":"6f837015-8b98-4bfa-adde-7a1ce6123af7"}',
    currency: 'SAR',
    amount: 90,
    vat: 0,
    oldBalance: 90,
    newBalance: 0
  }
}

