2024-04-20T21:01:06.661Z INIT_START Runtime Version: nodejs:20.v22	Runtime Version ARN: arn:aws:lambda:us-east-1::runtime:da57c20c4b965d5b75540f6865a35fc8030358e33ec44ecfed33e90901a27a72

2024-04-20T21:01:07.680Z START RequestId: 26e4877a-5e47-532b-b5c2-d9e47102666d Version: $LATEST

2024-04-20T21:01:07.828Z 2024-04-20T21:01:07.828Z	26e4877a-5e47-532b-b5c2-d9e47102666d	INFO	Processing message 37bdd92e-65d0-4c7d-a2a1-8bd6fbac1ee4

2024-04-20T21:01:07.884Z 2024-04-20T21:01:07.884Z	26e4877a-5e47-532b-b5c2-d9e47102666d	INFO	Start syncing the balance {
  transaction: {
    id: '01HVYN01M3DN4XHTS83E3YR70G',
    type: 'DEBIT',
    source: 'MANUAL_DEDUCTION',
    action: 'DELIVERY_DEDUCTION',
    userId: 'c50d5d7c-cfeb-46ff-84f0-6659ddb36ff6',
    paymentBalance: 4131,
    updatePaymentBalance: true,
    metadata: '{"walletId":"wallet#c50d5d7c-cfeb-46ff-84f0-6659ddb36ff6","deliveryId":"7079c5b7-e047-4b76-817a-4c387e66515a","walletSk":"7079c5b7-e047-4b76-817a-4c387e66515a"}',
    currency: 'SAR',
    amount: 81,
    vat: 0,
    oldBalance: 4212,
    newBalance: 4131
  }
}

2024-04-20T21:01:07.995Z 2024-04-20T21:01:07.995Z	26e4877a-5e47-532b-b5c2-d9e47102666d	INFO	SubscriptionBalanceUpdated event published

2024-04-20T21:01:08.153Z END RequestId: 26e4877a-5e47-532b-b5c2-d9e47102666d

2024-04-20T21:01:08.153Z REPORT RequestId: 26e4877a-5e47-532b-b5c2-d9e47102666d	Duration: 473.71 ms	Billed Duration: 474 ms	Memory Size: 1024 MB	Max Memory Used: 116 MB	Init Duration: 1017.84 ms	

2024-04-20T21:01:09.193Z START RequestId: ab033beb-391a-5246-af08-6575164f6700 Version: $LATEST

2024-04-20T21:01:09.212Z 2024-04-20T21:01:09.212Z	ab033beb-391a-5246-af08-6575164f6700	INFO	Processing message 9423c834-0fda-4dfb-a56e-3af7d8f6e56c

2024-04-20T21:01:09.221Z 2024-04-20T21:01:09.221Z	ab033beb-391a-5246-af08-6575164f6700	INFO	Start syncing the balance {
  transaction: {
    id: '01HVYN01NGN435MYB94PE9PW8Q',
    type: 'DEBIT',
    source: 'MANUAL_DEDUCTION',
    action: 'DELIVERY_DEDUCTION',
    userId: '80308098-8d24-4be6-96c2-f4c2c5e03699',
    paymentBalance: 1946.97,
    updatePaymentBalance: true,
    metadata: '{"walletId":"wallet#80308098-8d24-4be6-96c2-f4c2c5e03699","deliveryId":"1bccc41b-4801-44e7-8dd0-592d224e6ca2","walletSk":"1bccc41b-4801-44e7-8dd0-592d224e6ca2"}',
    currency: 'SAR',
    amount: 70,
    vat: 0,
    oldBalance: 2016.97,
    newBalance: 1946.97
  }
}

2024-04-20T21:01:09.275Z 2024-04-20T21:01:09.275Z	ab033beb-391a-5246-af08-6575164f6700	INFO	SubscriptionBalanceUpdated event published

2024-04-20T21:01:09.291Z 2024-04-20T21:01:09.291Z	ab033beb-391a-5246-af08-6575164f6700	INFO	Processing message 886e42e9-f43b-4140-a016-aa151575ff37

2024-04-20T21:01:09.299Z 2024-04-20T21:01:09.299Z	ab033beb-391a-5246-af08-6575164f6700	INFO	Start syncing the balance {
  transaction: {
    id: '01HVYN03CRC762TMEN6586JREQ',
    type: 'DEBIT',
    source: 'MANUAL_DEDUCTION',
    action: 'DELIVERY_DEDUCTION',
    userId: '9e652ba2-e1f3-4c64-a256-7bc39337e0ca',
    paymentBalance: 108.727,
    updatePaymentBalance: true,
    metadata: '{"walletId":"wallet#9e652ba2-e1f3-4c64-a256-7bc39337e0ca","deliveryId":"23b1fda3-d7cc-47e8-ba88-1d9981de4b67","walletSk":"23b1fda3-d7cc-47e8-ba88-1d9981de4b67"}',
    currency: 'BHD',
    amount: 10,
    vat: 0,
    oldBalance: 118.727,
    newBalance: 108.727
  }
}

2024-04-20T21:01:09.345Z 2024-04-20T21:01:09.345Z	ab033beb-391a-5246-af08-6575164f6700	INFO	SubscriptionBalanceUpdated event published

2024-04-20T21:01:09.358Z 2024-04-20T21:01:09.358Z	ab033beb-391a-5246-af08-6575164f6700	INFO	Processing message 43c96720-13e5-4437-9c28-4536185a1ca7

2024-04-20T21:01:09.364Z 2024-04-20T21:01:09.364Z	ab033beb-391a-5246-af08-6575164f6700	INFO	Start syncing the balance {
  transaction: {
    id: '01HVYN023D2RKDAFEG82NPB8TX',
    type: 'DEBIT',
    source: 'MANUAL_DEDUCTION',
    action: 'DELIVERY_DEDUCTION',
    userId: '61445a84-78c0-43a8-894f-77137ba2279e',
    paymentBalance: 243.818,
    updatePaymentBalance: true,
    metadata: '{"walletId":"wallet#61445a84-78c0-43a8-894f-77137ba2279e","deliveryId":"9f850233-cc75-4520-a2d2-ec6be8aa4229","walletSk":"9f850233-cc75-4520-a2d2-ec6be8aa4229"}',
    currency: 'BHD',
    amount: 9,
    vat: 0,
    oldBalance: 252.818,
    newBalance: 243.818
  }
}

2024-04-20T21:01:09.407Z 2024-04-20T21:01:09.407Z	ab033beb-391a-5246-af08-6575164f6700	INFO	SubscriptionBalanceUpdated event published

2024-04-20T21:01:09.422Z 2024-04-20T21:01:09.422Z	ab033beb-391a-5246-af08-6575164f6700	INFO	Processing message 638690cd-a4ea-4492-b027-9ec98f9b153f

2024-04-20T21:01:09.429Z 2024-04-20T21:01:09.429Z	ab033beb-391a-5246-af08-6575164f6700	INFO	Start syncing the balance {
  transaction: {
    id: '01HVYN03G2EJZXB2846MDABJ4J',
    type: 'DEBIT',
    source: 'MANUAL_DEDUCTION',
    action: 'DELIVERY_DEDUCTION',
    userId: '30258a94-92e8-4fe1-b8e5-0033deddc1a4',
    paymentBalance: 3628.69,
    updatePaymentBalance: true,
    metadata: '{"walletId":"wallet#30258a94-92e8-4fe1-b8e5-0033deddc1a4","deliveryId":"ccd7c55e-5358-4967-847c-51bd651c315f","walletSk":"ccd7c55e-5358-4967-847c-51bd651c315f"}',
    currency: 'SAR',
    amount: 90,
    vat: 0,
    oldBalance: 2278.69,
    newBalance: 2188.69
  }
}

2024-04-20T21:01:09.492Z 2024-04-20T21:01:09.492Z	ab033beb-391a-5246-af08-6575164f6700	INFO	SubscriptionBalanceUpdated event published

2024-04-20T21:01:09.508Z 2024-04-20T21:01:09.508Z	ab033beb-391a-5246-af08-6575164f6700	ERROR	Subscription balance and payment balance are not in sync {
  userId: '30258a94-92e8-4fe1-b8e5-0033deddc1a4',
  subscriptionBalance: 2188.69,
  paymentBalance: 3628.69
}

2024-04-20T21:01:09.526Z 2024-04-20T21:01:09.526Z	ab033beb-391a-5246-af08-6575164f6700	INFO	Processing message 7b6188af-6035-491c-b08b-3e3f0a82aeb1

2024-04-20T21:01:09.532Z 2024-04-20T21:01:09.532Z	ab033beb-391a-5246-af08-6575164f6700	INFO	Start syncing the balance {
  transaction: {
    id: '01HVYN029X05W1ZXG2WT2KFYQ8',
    type: 'DEBIT',
    source: 'MANUAL_DEDUCTION',
    action: 'DELIVERY_DEDUCTION',
    userId: '813ee3cd-2349-43ae-8915-f0a2c12b4245',
    paymentBalance: 547.954,
    updatePaymentBalance: true,
    metadata: '{"walletId":"wallet#813ee3cd-2349-43ae-8915-f0a2c12b4245","deliveryId":"002c788d-8888-4c35-bd87-211a99864b39","walletSk":"002c788d-8888-4c35-bd87-211a99864b39"}',
    currency: 'BHD',
    amount: 9.5,
    vat: 0,
    oldBalance: 215.454,
    newBalance: 205.954
  }
}

2024-04-20T21:01:09.577Z 2024-04-20T21:01:09.577Z	ab033beb-391a-5246-af08-6575164f6700	INFO	SubscriptionBalanceUpdated event published

2024-04-20T21:01:09.594Z 2024-04-20T21:01:09.594Z	ab033beb-391a-5246-af08-6575164f6700	ERROR	Subscription balance and payment balance are not in sync {
  userId: '813ee3cd-2349-43ae-8915-f0a2c12b4245',
  subscriptionBalance: 205.954,
  paymentBalance: 547.954
}

2024-04-20T21:01:09.610Z 2024-04-20T21:01:09.610Z	ab033beb-391a-5246-af08-6575164f6700	INFO	Processing message 50d9de99-9d96-4557-a0a2-0e78a9a337bb

2024-04-20T21:01:09.616Z 2024-04-20T21:01:09.616Z	ab033beb-391a-5246-af08-6575164f6700	INFO	Start syncing the balance {
  transaction: {
    id: '01HVYN02T6BC8BHKK2M195PQFH',
    type: 'DEBIT',
    source: 'MANUAL_DEDUCTION',
    action: 'DELIVERY_DEDUCTION',
    userId: '3c8cc622-c7bf-4e77-bbc0-a11d28bb978e',
    paymentBalance: 820,
    updatePaymentBalance: true,
    metadata: '{"walletId":"wallet#3c8cc622-c7bf-4e77-bbc0-a11d28bb978e","deliveryId":"7356bb14-f6a1-41c7-a8f7-ba33180e4c32","walletSk":"7356bb14-f6a1-41c7-a8f7-ba33180e4c32"}',
    currency: 'AED',
    amount: 82,
    vat: 0,
    oldBalance: 902,
    newBalance: 820
  }
}

2024-04-20T21:01:09.663Z 2024-04-20T21:01:09.663Z	ab033beb-391a-5246-af08-6575164f6700	INFO	SubscriptionBalanceUpdated event published

2024-04-20T21:01:09.679Z 2024-04-20T21:01:09.679Z	ab033beb-391a-5246-af08-6575164f6700	INFO	Processing message 013b8640-9ef9-4b67-abcb-463cb2b89582

2024-04-20T21:01:09.685Z 2024-04-20T21:01:09.685Z	ab033beb-391a-5246-af08-6575164f6700	INFO	Start syncing the balance {
  transaction: {
    id: '01HVYN02ZNMB82BHK3RHBZ5BE7',
    type: 'DEBIT',
    source: 'MANUAL_DEDUCTION',
    action: 'DELIVERY_DEDUCTION',
    userId: '74adce2a-39bc-4867-b6a8-84bbc95c7170',
    paymentBalance: 135.181,
    updatePaymentBalance: true,
    metadata: '{"walletId":"wallet#74adce2a-39bc-4867-b6a8-84bbc95c7170","deliveryId":"104a3b63-a58c-44ac-a520-3ee0adad9980","walletSk":"104a3b63-a58c-44ac-a520-3ee0adad9980"}',
    currency: 'BHD',
    amount: 10,
    vat: 0,
    oldBalance: 145.181,
    newBalance: 135.181
  }
}

2024-04-20T21:01:09.731Z 2024-04-20T21:01:09.731Z	ab033beb-391a-5246-af08-6575164f6700	INFO	SubscriptionBalanceUpdated event published

2024-04-20T21:01:09.747Z 2024-04-20T21:01:09.747Z	ab033beb-391a-5246-af08-6575164f6700	INFO	Processing message bbb5116c-02a6-4b4f-a2eb-dab40c31d8b1

2024-04-20T21:01:09.753Z 2024-04-20T21:01:09.753Z	ab033beb-391a-5246-af08-6575164f6700	INFO	Start syncing the balance {
  transaction: {
    id: '01HVYN03T5155BTVK3MREJ3N6S',
    type: 'DEBIT',
    source: 'MANUAL_DEDUCTION',
    action: 'DELIVERY_DEDUCTION',
    userId: 'face7bee-4afe-4d4e-932f-778190df3e54',
    paymentBalance: 25,
    updatePaymentBalance: true,
    metadata: '{"walletId":"wallet#face7bee-4afe-4d4e-932f-778190df3e54","deliveryId":"f126d2f5-a2d6-4ae0-9365-1786d7f63c75","walletSk":"f126d2f5-a2d6-4ae0-9365-1786d7f63c75"}',
    currency: 'BHD',
    amount: 5,
    vat: 0,
    oldBalance: 30,
    newBalance: 25
  }
}

2024-04-20T21:01:09.800Z 2024-04-20T21:01:09.800Z	ab033beb-391a-5246-af08-6575164f6700	INFO	SubscriptionBalanceUpdated event published

2024-04-20T21:01:09.812Z 2024-04-20T21:01:09.812Z	ab033beb-391a-5246-af08-6575164f6700	INFO	Processing message 25b8166d-5f1a-42bc-9f15-893fdc1de83c

2024-04-20T21:01:09.817Z 2024-04-20T21:01:09.817Z	ab033beb-391a-5246-af08-6575164f6700	INFO	Start syncing the balance {
  transaction: {
    id: '01HVYN03MH7GN5M2EBPH9HYQNE',
    type: 'DEBIT',
    source: 'MANUAL_DEDUCTION',
    action: 'DELIVERY_DEDUCTION',
    userId: 'ecc835ac-ecb9-423d-b41a-7c1a15ff72c3',
    paymentBalance: 1016.591,
    updatePaymentBalance: true,
    metadata: '{"walletId":"wallet#ecc835ac-ecb9-423d-b41a-7c1a15ff72c3","deliveryId":"35046be6-4bc8-4ff5-96da-14855f666eeb","walletSk":"35046be6-4bc8-4ff5-96da-14855f666eeb"}',
    currency: 'BHD',
    amount: 9,
    vat: 0,
    oldBalance: 1025.591,
    newBalance: 1016.591
  }
}

2024-04-20T21:01:09.870Z 2024-04-20T21:01:09.870Z	ab033beb-391a-5246-af08-6575164f6700	INFO	SubscriptionBalanceUpdated event published

2024-04-20T21:01:09.886Z 2024-04-20T21:01:09.886Z	ab033beb-391a-5246-af08-6575164f6700	INFO	Processing message 43fc5aad-eb87-42cd-8235-965405574940

2024-04-20T21:01:09.901Z 2024-04-20T21:01:09.901Z	ab033beb-391a-5246-af08-6575164f6700	INFO	Start syncing the balance {
  transaction: {
    id: '01HVYN03WK66FBCQPNVQ6GH3Y8',
    type: 'DEBIT',
    source: 'MANUAL_DEDUCTION',
    action: 'DELIVERY_DEDUCTION',
    userId: '6f19e21c-ef6b-4f56-9d4d-9f17262be110',
    paymentBalance: 1964.568,
    updatePaymentBalance: true,
    metadata: '{"walletId":"wallet#6f19e21c-ef6b-4f56-9d4d-9f17262be110","deliveryId":"1725d015-31e3-482d-8b6b-917696c5f42c","walletSk":"1725d015-31e3-482d-8b6b-917696c5f42c"}',
    currency: 'BHD',
    amount: 9,
    vat: 0,
    oldBalance: 291,
    newBalance: 282
  }
}

2024-04-20T21:01:09.946Z 2024-04-20T21:01:09.946Z	ab033beb-391a-5246-af08-6575164f6700	INFO	SubscriptionBalanceUpdated event published

2024-04-20T21:01:09.959Z 2024-04-20T21:01:09.959Z	ab033beb-391a-5246-af08-6575164f6700	ERROR	Subscription balance and payment balance are not in sync {
  userId: '6f19e21c-ef6b-4f56-9d4d-9f17262be110',
  subscriptionBalance: 282,
  paymentBalance: 1964.568
}

2024-04-20T21:01:09.977Z END RequestId: ab033beb-391a-5246-af08-6575164f6700

2024-04-20T21:01:09.977Z REPORT RequestId: ab033beb-391a-5246-af08-6575164f6700	Duration: 784.54 ms	Billed Duration: 785 ms	Memory Size: 1024 MB	Max Memory Used: 119 MB	

