2024-03-20T16:36:56.879Z START RequestId: 72b68029-ae9c-50cd-abad-de5cbc4acc37 Version: $LATEST

2024-03-20T16:36:56.908Z 2024-03-20T16:36:56.908Z	72b68029-ae9c-50cd-abad-de5cbc4acc37	INFO	Processing message de6cc838-28c0-418f-90c7-c9490c10f386

2024-03-20T16:36:56.915Z 2024-03-20T16:36:56.915Z	72b68029-ae9c-50cd-abad-de5cbc4acc37	INFO	Start syncing the balance {
  transaction: {
    id: '01HSEBJ4BHDQ86Z01YWBDS5G32',
    type: 'CREDIT',
    source: 'PAYMENT',
    action: 'AUTO_RENEW_SUBSCRIPTION',
    userId: 'd6c46650-614a-478f-afee-de5b836244fe',
    paymentBalance: 172.8,
    updatePaymentBalance: true,
    metadata: '{"walletId":"wallet#d6c46650-614a-478f-afee-de5b836244fe","eventSessionId":"5eead61b-2d9e-4e82-85d2-375f263b69db","walletSk":"862ac25f-ec7e-41c8-8a15-09a0a80c4819","deliveryTime":"\\"evening\\"","renewalDate":"2024-04-22","type":"autoRenew","frequency":"monthly","subscriptionCost":192,"deliveryDays":"[0,1,2,3,4,6]","addonCosts":"{}","nextPlan":"{\\"id\\":\\"full\\",\\"dietType\\":\\"chef-picks\\",\\"extras\\":[],\\"foodType\\":[\\"breakfast\\",\\"dinner\\",\\"lunch\\",\\"snack\\"],\\"frequency\\":\\"monthly\\",\\"pricePerDay\\":8,\\"deliveryDays\\":[0,1,2,3,4,6],\\"planPrice\\":192,\\"startDate\\":\\"2024-04-22\\",\\"type\\":\\"DATE_RANGE\\"}","dayAllowance":0,"addonSubscription":"[]"}',
    currency: 'BHD',
    amount: 190.08,
    vat: 17.28,
    oldBalance: 0,
    newBalance: 172.8
  }
}

2024-03-20T16:36:56.973Z 2024-03-20T16:36:56.973Z	72b68029-ae9c-50cd-abad-de5cbc4acc37	INFO	SubscriptionBalanceUpdated event published

2024-03-20T16:36:57.006Z END RequestId: 72b68029-ae9c-50cd-abad-de5cbc4acc37

2024-03-20T16:36:57.006Z REPORT RequestId: 72b68029-ae9c-50cd-abad-de5cbc4acc37	Duration: 126.73 ms	Billed Duration: 127 ms	Memory Size: 1024 MB	Max Memory Used: 126 MB	

2024-03-20T16:36:58.104Z START RequestId: a9ec0a30-710f-5947-bb9c-544563d250fb Version: $LATEST

2024-03-20T16:36:58.132Z 2024-03-20T16:36:58.132Z	a9ec0a30-710f-5947-bb9c-544563d250fb	INFO	Processing message d6a57cb1-8334-4368-99d7-ceca54652dbd

2024-03-20T16:36:58.140Z 2024-03-20T16:36:58.140Z	a9ec0a30-710f-5947-bb9c-544563d250fb	INFO	Start syncing the balance {
  transaction: {
    id: '01HSEBJ5VAT5W1C1ZMEH8GT7VJ',
    type: 'CREDIT',
    source: 'MANUAL_ADDITION',
    action: 'CUSTOMERS_CALO_EXPERIMENTS',
    userId: 'd6c46650-614a-478f-afee-de5b836244fe',
    paymentBalance: 192,
    updatePaymentBalance: true,
    metadata: '{"walletId":"wallet#d6c46650-614a-478f-afee-de5b836244fe","walletSk":"34a04faa-aaf6-4ff4-bc46-eb2819ab0274"}',
    currency: 'BHD',
    amount: 19.2,
    vat: 0,
    oldBalance: 172.8,
    newBalance: 192
  }
}

2024-03-20T16:36:58.185Z 2024-03-20T16:36:58.185Z	a9ec0a30-710f-5947-bb9c-544563d250fb	INFO	SubscriptionBalanceUpdated event published

2024-03-20T16:36:58.201Z END RequestId: a9ec0a30-710f-5947-bb9c-544563d250fb

2024-03-20T16:36:58.201Z REPORT RequestId: a9ec0a30-710f-5947-bb9c-544563d250fb	Duration: 96.82 ms	Billed Duration: 97 ms	Memory Size: 1024 MB	Max Memory Used: 126 MB	

2024-03-20T16:34:26.265Z 2024-03-20T16:34:26.265Z	fbd24d6a-cdaa-5d45-9eaa-131fdf95a4f9	INFO	Processing message b921d5bb-2d98-47dc-bf39-0845718cab56

2024-03-20T16:34:26.273Z 2024-03-20T16:34:26.273Z	fbd24d6a-cdaa-5d45-9eaa-131fdf95a4f9	INFO	Start syncing the balance {
  transaction: {
    id: '01HSEBDH9DBNBRZS830V42CGV1',
    type: 'CREDIT',
    source: 'MANUAL_ADDITION',
    action: 'CUSTOMERS_CALO_EXPERIMENTS',
    userId: 'd6c46650-614a-478f-afee-de5b836244fe',
    paymentBalance: 170.88,
    updatePaymentBalance: true,
    metadata: '{"walletId":"wallet#d6c46650-614a-478f-afee-de5b836244fe","walletSk":"914532fa-d807-4686-ac84-38131693f750"}',
    currency: 'BHD',
    amount: 17.28,
    vat: 0,
    oldBalance: 153.6,
    newBalance: 170.88
  }
}

2024-03-20T16:34:26.343Z 2024-03-20T16:34:26.343Z	fbd24d6a-cdaa-5d45-9eaa-131fdf95a4f9	INFO	SubscriptionBalanceUpdated event published

2024-03-20T16:34:26.381Z END RequestId: fbd24d6a-cdaa-5d45-9eaa-131fdf95a4f9

2024-03-20T16:34:26.381Z REPORT RequestId: fbd24d6a-cdaa-5d45-9eaa-131fdf95a4f9	Duration: 213.11 ms	Billed Duration: 214 ms	Memory Size: 1024 MB	Max Memory Used: 126 MB	

2024-03-20T16:36:24.727Z START RequestId: 1e9649c0-4470-5f3d-9699-17b556c7c681 Version: $LATEST

2024-03-20T16:36:24.788Z 2024-03-20T16:36:24.788Z	1e9649c0-4470-5f3d-9699-17b556c7c681	INFO	Processing message f8a5339a-377e-47fb-9ac7-131fd146badb

2024-03-20T16:36:24.816Z 2024-03-20T16:36:24.816Z	1e9649c0-4470-5f3d-9699-17b556c7c681	INFO	Start syncing the balance {
  transaction: {
    id: '01HSEBH53WSSH6M5DNFQSBDPBW',
    type: 'DEBIT',
    source: 'MANUAL_DEDUCTION',
    action: 'INVAILID_ENTRY',
    userId: 'd6c46650-614a-478f-afee-de5b836244fe',
    paymentBalance: 0,
    updatePaymentBalance: true,
    metadata: '{"walletId":"wallet#d6c46650-614a-478f-afee-de5b836244fe","walletSk":"7464a913-ab28-4ac6-b3e9-0b5c9938843d"}',
    currency: 'BHD',
    amount: 170.88,
    vat: 0,
    oldBalance: 170.88,
    newBalance: 0
  }
}

2024-03-20T16:36:24.889Z 2024-03-20T16:36:24.889Z	1e9649c0-4470-5f3d-9699-17b556c7c681	INFO	SubscriptionBalanceUpdated event published

2024-03-20T16:36:24.926Z END RequestId: 1e9649c0-4470-5f3d-9699-17b556c7c681

2024-03-20T16:36:24.926Z REPORT RequestId: 1e9649c0-4470-5f3d-9699-17b556c7c681	Duration: 198.27 ms	Billed Duration: 199 ms	Memory Size: 1024 MB	Max Memory Used: 126 MB	

2024-03-20T16:33:34.693Z INIT_START Runtime Version: nodejs:20.v19	Runtime Version ARN: arn:aws:lambda:us-east-1::runtime:2d68d583b872accb8815f845161e9bbabc6ac3ed4d0ab8c23e75f8788cf5444a

2024-03-20T16:33:35.744Z START RequestId: f3d7ec14-e023-5624-8ddf-b261f22dbfa5 Version: $LATEST

2024-03-20T16:33:35.903Z 2024-03-20T16:33:35.903Z	f3d7ec14-e023-5624-8ddf-b261f22dbfa5	INFO	Processing message 3d73e63c-7b7e-47ee-a0cc-ebd79b63c358

2024-03-20T16:33:35.951Z 2024-03-20T16:33:35.951Z	f3d7ec14-e023-5624-8ddf-b261f22dbfa5	INFO	Start syncing the balance {
  transaction: {
    id: '01HSEBBYNCRKZATGBPH9G6XE7F',
    type: 'DEBIT',
    source: 'MANUAL_DEDUCTION',
    action: 'INVAILID_ENTRY',
    userId: 'd6c46650-614a-478f-afee-de5b836244fe',
    paymentBalance: 0,
    updatePaymentBalance: true,
    metadata: '{"walletId":"wallet#d6c46650-614a-478f-afee-de5b836244fe","walletSk":"ede787f8-1b23-489a-8f99-3c60008bcbba"}',
    currency: 'BHD',
    amount: 160,
    vat: 0,
    oldBalance: 160,
    newBalance: 0
  }
}

2024-03-20T16:33:36.064Z 2024-03-20T16:33:36.064Z	f3d7ec14-e023-5624-8ddf-b261f22dbfa5	INFO	SubscriptionBalanceUpdated event published

2024-03-20T16:33:36.116Z END RequestId: f3d7ec14-e023-5624-8ddf-b261f22dbfa5

2024-03-20T16:33:36.116Z REPORT RequestId: f3d7ec14-e023-5624-8ddf-b261f22dbfa5	Duration: 371.93 ms	Billed Duration: 372 ms	Memory Size: 1024 MB	Max Memory Used: 115 MB	Init Duration: 1050.22 ms	

2024-03-20T16:34:17.205Z START RequestId: 49e0f657-bbb4-54c7-b2ed-a822a982ad46 Version: $LATEST

2024-03-20T16:34:17.308Z 2024-03-20T16:34:17.308Z	49e0f657-bbb4-54c7-b2ed-a822a982ad46	INFO	Processing message a10a30f9-c58c-44ec-a18f-ee982ab3be64

2024-03-20T16:34:17.335Z 2024-03-20T16:34:17.335Z	49e0f657-bbb4-54c7-b2ed-a822a982ad46	INFO	Start syncing the balance {
  transaction: {
    id: '01HSEBD7Z19RNJCY3HN0H3WJB7',
    type: 'CREDIT',
    source: 'PAYMENT',
    action: 'AUTO_RENEW_SUBSCRIPTION',
    userId: 'd6c46650-614a-478f-afee-de5b836244fe',
    paymentBalance: 153.6,
    updatePaymentBalance: true,
    metadata: '{"walletId":"wallet#d6c46650-614a-478f-afee-de5b836244fe","eventSessionId":"7a389f5b-c7c8-4aec-a79f-7f0dcce9cdbf","walletSk":"d6a8f0ab-aee3-44a3-b7ce-254c39d70bdd","deliveryTime":"\\"evening\\"","renewalDate":"2024-04-22","type":"autoRenew","frequency":"monthly","subscriptionCost":192,"deliveryDays":"[0,1,2,3,4,6]","addonCosts":"{}","nextPlan":"{\\"id\\":\\"full\\",\\"dietType\\":\\"chef-picks\\",\\"extras\\":[],\\"foodType\\":[\\"breakfast\\",\\"dinner\\",\\"lunch\\",\\"snack\\"],\\"frequency\\":\\"monthly\\",\\"pricePerDay\\":8,\\"deliveryDays\\":[0,1,2,3,4,6],\\"planPrice\\":192,\\"startDate\\":\\"2024-04-22\\",\\"type\\":\\"DATE_RANGE\\"}","dayAllowance":0,"addonSubscription":"[]"}',
    currency: 'BHD',
    amount: 168.96,
    vat: 15.36,
    oldBalance: 0,
    newBalance: 153.6
  }
}

2024-03-20T16:34:17.416Z 2024-03-20T16:34:17.416Z	49e0f657-bbb4-54c7-b2ed-a822a982ad46	INFO	SubscriptionBalanceUpdated event published

2024-03-20T16:34:17.456Z END RequestId: 49e0f657-bbb4-54c7-b2ed-a822a982ad46

2024-03-20T16:34:17.456Z REPORT RequestId: 49e0f657-bbb4-54c7-b2ed-a822a982ad46	Duration: 251.26 ms	Billed Duration: 252 ms	Memory Size: 1024 MB	Max Memory Used: 126 MB	
XRAY TraceId: 1-65fb1009-fc7196abebd8719678fa0437	SegmentId: 08ffed6b0a99823a	Sampled: true	

2024-03-20T16:34:26.168Z START RequestId: fbd24d6a-cdaa-5d45-9eaa-131fdf95a4f9 Version: $LATEST

