2024-05-15T07:47:22.362Z INIT_START Runtime Version: nodejs:20.v22	Runtime Version ARN: arn:aws:lambda:us-east-1::runtime:da57c20c4b965d5b75540f6865a35fc8030358e33ec44ecfed33e90901a27a72

2024-05-15T07:47:23.345Z START RequestId: 048ecce4-4d5d-57a5-aff2-925a27ebda4f Version: $LATEST

2024-05-15T07:47:23.494Z 2024-05-15T07:47:23.494Z	048ecce4-4d5d-57a5-aff2-925a27ebda4f	INFO	Processing message 8af78279-8ec1-4e41-9b5b-c3682ffccfd5

2024-05-15T07:47:23.554Z 2024-05-15T07:47:23.554Z	048ecce4-4d5d-57a5-aff2-925a27ebda4f	INFO	Start syncing the balance {
  transaction: {
    id: '01HXXKGP9JD2Z8E65KR0T0S7JG',
    type: 'DEBIT',
    source: 'MANUAL_DEDUCTION',
    action: 'FIXING_BALANCE',
    userId: 'e3d43d6d-7b07-45c8-bda5-8278df2ae92d',
    paymentBalance: 228.982,
    updatePaymentBalance: true,
    metadata: '{"walletId":"wallet#e3d43d6d-7b07-45c8-bda5-8278df2ae92d","walletSk":"f6c556f8-ec37-4289-94f2-fe4e1d975c64"}',
    currency: 'BHD',
    amount: 181.818,
    vat: 0,
    oldBalance: 410.8,
    newBalance: 228.982
  }
}

2024-05-15T07:47:23.679Z 2024-05-15T07:47:23.679Z	048ecce4-4d5d-57a5-aff2-925a27ebda4f	INFO	SubscriptionBalanceUpdated event published

2024-05-15T07:47:23.724Z END RequestId: 048ecce4-4d5d-57a5-aff2-925a27ebda4f

2024-05-15T07:47:23.724Z REPORT RequestId: 048ecce4-4d5d-57a5-aff2-925a27ebda4f	Duration: 378.61 ms	Billed Duration: 379 ms	Memory Size: 1024 MB	Max Memory Used: 119 MB	Init Duration: 981.88 ms	

2024-05-15T07:47:47.874Z START RequestId: fc0c464e-8f29-578c-bee2-18f0e5f9c100 Version: $LATEST

2024-05-15T07:47:47.964Z 2024-05-15T07:47:47.964Z	fc0c464e-8f29-578c-bee2-18f0e5f9c100	INFO	Processing message 89324f35-bfe7-44ab-b61c-d435dcc32509

2024-05-15T07:47:47.972Z 2024-05-15T07:47:47.972Z	fc0c464e-8f29-578c-bee2-18f0e5f9c100	INFO	Start syncing the balance {
  transaction: {
    id: '01HXXKHFKYRFRSGKHG6ETSH9BX',
    type: 'DEBIT',
    source: 'MANUAL_DEDUCTION',
    action: 'FIXING_BALANCE',
    userId: 'e3d43d6d-7b07-45c8-bda5-8278df2ae92d',
    paymentBalance: 92.618,
    updatePaymentBalance: true,
    metadata: '{"walletId":"wallet#e3d43d6d-7b07-45c8-bda5-8278df2ae92d","walletSk":"717926a0-2ef7-4153-bdc6-13ba05757025"}',
    currency: 'BHD',
    amount: 136.364,
    vat: 0,
    oldBalance: 228.982,
    newBalance: 92.618
  }
}

2024-05-15T07:47:48.046Z 2024-05-15T07:47:48.046Z	fc0c464e-8f29-578c-bee2-18f0e5f9c100	INFO	SubscriptionBalanceUpdated event published

2024-05-15T07:47:48.300Z END RequestId: fc0c464e-8f29-578c-bee2-18f0e5f9c100

2024-05-15T07:47:48.300Z REPORT RequestId: fc0c464e-8f29-578c-bee2-18f0e5f9c100	Duration: 425.52 ms	Billed Duration: 426 ms	Memory Size: 1024 MB	Max Memory Used: 122 MB	

