2024-01-25T21:01:03.794Z START RequestId: 5fbddac8-f029-5db3-bb54-84e43e136ed2 Version: $LATEST

2024-01-25T21:01:03.947Z 2024-01-25T21:01:03.947Z	5fbddac8-f029-5db3-bb54-84e43e136ed2	INFO	Processing message 9543f5db-54c8-42d8-8b37-9323cb35aa44

2024-01-25T21:01:03.993Z 2024-01-25T21:01:03.993Z	5fbddac8-f029-5db3-bb54-84e43e136ed2	INFO	Start syncing the balance {
  transaction: {
    id: '01HN16T42QQVBPB6D386KGC28Q',
    type: 'DEBIT',
    source: 'MANUAL_DEDUCTION',
    action: 'DELIVERY_DEDUCTION',
    userId: '608e45e6-0a97-4054-ac29-51a125d92af9',
    paymentBalance: 106.182,
    updatePaymentBalance: true,
    metadata: '{"walletId":"wallet#608e45e6-0a97-4054-ac29-51a125d92af9","deliveryId":"71176768-5a08-4008-934c-1c5be446463e","walletSk":"71176768-5a08-4008-934c-1c5be446463e"}',
    currency: 'BHD',
    amount: 8,
    vat: 0,
    oldBalance: 114.182,
    newBalance: 106.182
  }
}

2024-01-25T21:01:04.108Z 2024-01-25T21:01:04.108Z	5fbddac8-f029-5db3-bb54-84e43e136ed2	INFO	SubscriptionBalanceUpdated event published

2024-01-25T21:01:04.155Z END RequestId: 5fbddac8-f029-5db3-bb54-84e43e136ed2

2024-01-25T21:01:04.155Z REPORT RequestId: 5fbddac8-f029-5db3-bb54-84e43e136ed2	Duration: 361.14 ms	Billed Duration: 362 ms	Memory Size: 1024 MB	Max Memory Used: 101 MB	Init Duration: 734.63 ms	

2024-01-25T21:01:05.674Z START RequestId: fce57c98-9a71-5445-9c1a-22b45420bee6 Version: $LATEST

2024-01-25T21:01:05.709Z 2024-01-25T21:01:05.709Z	fce57c98-9a71-5445-9c1a-22b45420bee6	INFO	Processing message 8fb1fd4c-5fde-4345-bb67-390fd6399ab9

2024-01-25T21:01:05.773Z 2024-01-25T21:01:05.773Z	fce57c98-9a71-5445-9c1a-22b45420bee6	INFO	Start syncing the balance {
  transaction: {
    id: '01HN16T6HP3EXQXJ7DY3E4K774',
    type: 'DEBIT',
    source: 'MANUAL_DEDUCTION',
    action: 'DELIVERY_DEDUCTION',
    userId: '575e110d-9fbf-4b98-acd0-ff3b6d33a3d1',
    paymentBalance: 93,
    updatePaymentBalance: true,
    metadata: '{"walletId":"wallet#575e110d-9fbf-4b98-acd0-ff3b6d33a3d1","deliveryId":"27d7670a-e9dd-4b93-b8d1-8348b7e5c25c","walletSk":"27d7670a-e9dd-4b93-b8d1-8348b7e5c25c"}',
    currency: 'BHD',
    amount: 9,
    vat: 0,
    oldBalance: 102,
    newBalance: 93
  }
}

2024-01-25T21:01:05.844Z 2024-01-25T21:01:05.844Z	fce57c98-9a71-5445-9c1a-22b45420bee6	INFO	SubscriptionBalanceUpdated event published

2024-01-25T21:01:05.858Z 2024-01-25T21:01:05.858Z	fce57c98-9a71-5445-9c1a-22b45420bee6	INFO	Processing message 10628263-e30f-4acd-8263-7766cff93cb9

2024-01-25T21:01:05.866Z 2024-01-25T21:01:05.866Z	fce57c98-9a71-5445-9c1a-22b45420bee6	INFO	Start syncing the balance {
  transaction: {
    id: '01HN16T642ZY4ZJR61E36V4FDB',
    type: 'DEBIT',
    source: 'MANUAL_DEDUCTION',
    action: 'DELIVERY_DEDUCTION',
    userId: 'f50005b1-ee81-4cb6-a3b0-882b19122f35',
    paymentBalance: 216,
    updatePaymentBalance: true,
    metadata: '{"walletId":"wallet#f50005b1-ee81-4cb6-a3b0-882b19122f35","deliveryId":"c832286a-7b47-4505-bf8f-f91c7dcb21ea","walletSk":"c832286a-7b47-4505-bf8f-f91c7dcb21ea"}',
    currency: 'BHD',
    amount: 9,
    vat: 0,
    oldBalance: 225,
    newBalance: 216
  }
}

2024-01-25T21:01:05.916Z 2024-01-25T21:01:05.916Z	fce57c98-9a71-5445-9c1a-22b45420bee6	INFO	SubscriptionBalanceUpdated event published

2024-01-25T21:01:05.930Z 2024-01-25T21:01:05.930Z	fce57c98-9a71-5445-9c1a-22b45420bee6	INFO	Processing message be04808d-3b02-4ddf-b9ba-4f28f45ff03d

2024-01-25T21:01:05.937Z 2024-01-25T21:01:05.937Z	fce57c98-9a71-5445-9c1a-22b45420bee6	INFO	Start syncing the balance {
  transaction: {
    id: '01HN16T67EFPYRJ5BAJYBVZ6VC',
    type: 'DEBIT',
    source: 'MANUAL_DEDUCTION',
    action: 'DELIVERY_DEDUCTION',
    userId: 'd8e22713-a177-4738-bdb6-e48b189eb487',
    paymentBalance: 142.5,
    updatePaymentBalance: true,
    metadata: '{"walletId":"wallet#d8e22713-a177-4738-bdb6-e48b189eb487","deliveryId":"bd34dbc8-a7e0-4ba8-8069-a459b6e44fe4","walletSk":"bd34dbc8-a7e0-4ba8-8069-a459b6e44fe4"}',
    currency: 'KWD',
    amount: 7.5,
    vat: 0,
    oldBalance: 150,
    newBalance: 142.5
  }
}

2024-01-25T21:01:05.980Z 2024-01-25T21:01:05.980Z	fce57c98-9a71-5445-9c1a-22b45420bee6	INFO	SubscriptionBalanceUpdated event published

2024-01-25T21:01:05.996Z 2024-01-25T21:01:05.996Z	fce57c98-9a71-5445-9c1a-22b45420bee6	INFO	Processing message 974bba8e-c252-4cd0-be24-215c3236e86a

2024-01-25T21:01:06.010Z 2024-01-25T21:01:06.010Z	fce57c98-9a71-5445-9c1a-22b45420bee6	INFO	Start syncing the balance {
  transaction: {
    id: '01HN16T72WJM9SCWMSEHZG6RZT',
    type: 'DEBIT',
    source: 'MANUAL_DEDUCTION',
    action: 'DELIVERY_DEDUCTION',
    userId: 'ae273dbb-7c60-4427-aee6-164103d514b5',
    paymentBalance: 99.5,
    updatePaymentBalance: true,
    metadata: '{"walletId":"wallet#ae273dbb-7c60-4427-aee6-164103d514b5","deliveryId":"3be42683-e47c-4ab8-970b-261f5aaa24ef","walletSk":"3be42683-e47c-4ab8-970b-261f5aaa24ef"}',
    currency: 'BHD',
    amount: 9,
    vat: 0,
    oldBalance: 117.5,
    newBalance: 108.5
  }
}

2024-01-25T21:01:06.060Z 2024-01-25T21:01:06.060Z	fce57c98-9a71-5445-9c1a-22b45420bee6	INFO	SubscriptionBalanceUpdated event published

2024-01-25T21:01:06.073Z 2024-01-25T21:01:06.073Z	fce57c98-9a71-5445-9c1a-22b45420bee6	ERROR	Subscription balance and payment balance are not in sync {
  userId: 'ae273dbb-7c60-4427-aee6-164103d514b5',
  subscriptionBalance: 108.5,
  paymentBalance: 99.5
}

2024-01-25T21:01:06.093Z 2024-01-25T21:01:06.093Z	fce57c98-9a71-5445-9c1a-22b45420bee6	INFO	Processing message 0af9e044-a483-41da-b8b1-c337d73de33c

2024-01-25T21:01:06.099Z 2024-01-25T21:01:06.099Z	fce57c98-9a71-5445-9c1a-22b45420bee6	INFO	Start syncing the balance {
  transaction: {
    id: '01HN16T7A3M7ZZ8EPP6CYZHSSN',
    type: 'DEBIT',
    source: 'MANUAL_DEDUCTION',
    action: 'DELIVERY_DEDUCTION',
    userId: '53fbb8f0-608a-43af-b8c0-ba03894e147a',
    paymentBalance: 111,
    updatePaymentBalance: true,
    metadata: '{"walletId":"wallet#53fbb8f0-608a-43af-b8c0-ba03894e147a","deliveryId":"1a72d0e6-5c73-4dc1-afb9-7fa7f610a8be","walletSk":"1a72d0e6-5c73-4dc1-afb9-7fa7f610a8be"}',
    currency: 'BHD',
    amount: 9,
    vat: 0,
    oldBalance: 129,
    newBalance: 120
  }
}

2024-01-25T21:01:06.152Z 2024-01-25T21:01:06.152Z	fce57c98-9a71-5445-9c1a-22b45420bee6	INFO	SubscriptionBalanceUpdated event published

2024-01-25T21:01:06.163Z 2024-01-25T21:01:06.163Z	fce57c98-9a71-5445-9c1a-22b45420bee6	ERROR	Subscription balance and payment balance are not in sync {
  userId: '53fbb8f0-608a-43af-b8c0-ba03894e147a',
  subscriptionBalance: 120,
  paymentBalance: 111
}

2024-01-25T21:01:06.179Z 2024-01-25T21:01:06.179Z	fce57c98-9a71-5445-9c1a-22b45420bee6	INFO	Processing message 0705b945-1866-4f3d-b9af-944c503b3d30

2024-01-25T21:01:06.185Z 2024-01-25T21:01:06.185Z	fce57c98-9a71-5445-9c1a-22b45420bee6	INFO	Start syncing the balance {
  transaction: {
    id: '01HN16T7TCTW9EK43H5DXEGFKJ',
    type: 'DEBIT',
    source: 'MANUAL_DEDUCTION',
    action: 'DELIVERY_DEDUCTION',
    userId: '66bbc06f-0bb0-40a8-9b2f-ca307be70653',
    paymentBalance: 72,
    updatePaymentBalance: true,
    metadata: '{"walletId":"wallet#66bbc06f-0bb0-40a8-9b2f-ca307be70653","deliveryId":"78961837-249c-42cd-9689-7a0db7c11678","walletSk":"78961837-249c-42cd-9689-7a0db7c11678"}',
    currency: 'BHD',
    amount: 9,
    vat: 0,
    oldBalance: 90,
    newBalance: 81
  }
}

2024-01-25T21:01:06.237Z 2024-01-25T21:01:06.237Z	fce57c98-9a71-5445-9c1a-22b45420bee6	INFO	SubscriptionBalanceUpdated event published

2024-01-25T21:01:06.250Z 2024-01-25T21:01:06.250Z	fce57c98-9a71-5445-9c1a-22b45420bee6	ERROR	Subscription balance and payment balance are not in sync {
  userId: '66bbc06f-0bb0-40a8-9b2f-ca307be70653',
  subscriptionBalance: 81,
  paymentBalance: 72
}

2024-01-25T21:01:06.270Z 2024-01-25T21:01:06.270Z	fce57c98-9a71-5445-9c1a-22b45420bee6	INFO	Processing message 7d38121d-b028-43b2-ba48-fc055e92a504

2024-01-25T21:01:06.277Z 2024-01-25T21:01:06.277Z	fce57c98-9a71-5445-9c1a-22b45420bee6	INFO	Start syncing the balance {
  transaction: {
    id: '01HN16T7STBXVT9RTJATX743ZX',
    type: 'DEBIT',
    source: 'MANUAL_DEDUCTION',
    action: 'DELIVERY_DEDUCTION',
    userId: 'a09d7e6f-cd6a-4e47-8fd6-6b9a7dd03d4d',
    paymentBalance: 43,
    updatePaymentBalance: true,
    metadata: '{"walletId":"wallet#a09d7e6f-cd6a-4e47-8fd6-6b9a7dd03d4d","deliveryId":"7af716e2-fc44-4de2-9d0d-b02fc5a86780","walletSk":"7af716e2-fc44-4de2-9d0d-b02fc5a86780"}',
    currency: 'BHD',
    amount: 9,
    vat: 0,
    oldBalance: 61,
    newBalance: 52
  }
}

2024-01-25T21:01:06.330Z 2024-01-25T21:01:06.330Z	fce57c98-9a71-5445-9c1a-22b45420bee6	INFO	SubscriptionBalanceUpdated event published

2024-01-25T21:01:06.343Z 2024-01-25T21:01:06.343Z	fce57c98-9a71-5445-9c1a-22b45420bee6	ERROR	Subscription balance and payment balance are not in sync {
  userId: 'a09d7e6f-cd6a-4e47-8fd6-6b9a7dd03d4d',
  subscriptionBalance: 52,
  paymentBalance: 43
}

2024-01-25T21:01:06.366Z 2024-01-25T21:01:06.366Z	fce57c98-9a71-5445-9c1a-22b45420bee6	INFO	Processing message e4ab1466-5bb1-48c6-930b-13b16d774e40

2024-01-25T21:01:06.372Z 2024-01-25T21:01:06.372Z	fce57c98-9a71-5445-9c1a-22b45420bee6	INFO	Start syncing the balance {
  transaction: {
    id: '01HN16T818MWD36M7NDF4NZH3H',
    type: 'DEBIT',
    source: 'MANUAL_DEDUCTION',
    action: 'DELIVERY_DEDUCTION',
    userId: '4531caaa-fb25-419c-b8cc-1e41df747a6a',
    paymentBalance: 93,
    updatePaymentBalance: true,
    metadata: '{"walletId":"wallet#4531caaa-fb25-419c-b8cc-1e41df747a6a","deliveryId":"ce8a680a-a0fe-4d06-b120-5095455d4d83","walletSk":"ce8a680a-a0fe-4d06-b120-5095455d4d83"}',
    currency: 'BHD',
    amount: 9,
    vat: 0,
    oldBalance: 111,
    newBalance: 102
  }
}

2024-01-25T21:01:06.422Z 2024-01-25T21:01:06.422Z	fce57c98-9a71-5445-9c1a-22b45420bee6	INFO	SubscriptionBalanceUpdated event published

2024-01-25T21:01:06.436Z 2024-01-25T21:01:06.436Z	fce57c98-9a71-5445-9c1a-22b45420bee6	ERROR	Subscription balance and payment balance are not in sync {
  userId: '4531caaa-fb25-419c-b8cc-1e41df747a6a',
  subscriptionBalance: 102,
  paymentBalance: 93
}

2024-01-25T21:01:06.452Z 2024-01-25T21:01:06.452Z	fce57c98-9a71-5445-9c1a-22b45420bee6	INFO	Processing message b9f201be-5337-459b-ad82-98c3aa6d0776

2024-01-25T21:01:06.459Z 2024-01-25T21:01:06.459Z	fce57c98-9a71-5445-9c1a-22b45420bee6	INFO	Start syncing the balance {
  transaction: {
    id: '01HN16T821CKVJCYEXVFRF3PZA',
    type: 'DEBIT',
    source: 'MANUAL_DEDUCTION',
    action: 'DELIVERY_DEDUCTION',
    userId: '6e44450d-f3af-4661-ab1a-4f857ee3040f',
    paymentBalance: 15.93,
    updatePaymentBalance: true,
    metadata: '{"walletId":"wallet#6e44450d-f3af-4661-ab1a-4f857ee3040f","deliveryId":"8dda99fb-f361-4fdd-aebf-ac9c8f103826","walletSk":"8dda99fb-f361-4fdd-aebf-ac9c8f103826"}',
    currency: 'BHD',
    amount: 8,
    vat: 0,
    oldBalance: 25.49,
    newBalance: 17.49
  }
}

2024-01-25T21:01:06.521Z 2024-01-25T21:01:06.521Z	fce57c98-9a71-5445-9c1a-22b45420bee6	INFO	SubscriptionBalanceUpdated event published

2024-01-25T21:01:06.534Z 2024-01-25T21:01:06.534Z	fce57c98-9a71-5445-9c1a-22b45420bee6	ERROR	Subscription balance and payment balance are not in sync {
  userId: '6e44450d-f3af-4661-ab1a-4f857ee3040f',
  subscriptionBalance: 17.49,
  paymentBalance: 15.93
}

2024-01-25T21:01:06.548Z 2024-01-25T21:01:06.548Z	fce57c98-9a71-5445-9c1a-22b45420bee6	INFO	Processing message 5aa858e3-0ba0-4f61-9439-6479bb93e49b

2024-01-25T21:01:06.555Z 2024-01-25T21:01:06.555Z	fce57c98-9a71-5445-9c1a-22b45420bee6	INFO	Start syncing the balance {
  transaction: {
    id: '01HN16T89QGTQP9CFHE84PY8EZ',
    type: 'DEBIT',
    source: 'MANUAL_DEDUCTION',
    action: 'DELIVERY_DEDUCTION',
    userId: '35d6378d-dd42-42e6-8e21-1656572aca3f',
    paymentBalance: 102,
    updatePaymentBalance: true,
    metadata: '{"walletId":"wallet#35d6378d-dd42-42e6-8e21-1656572aca3f","deliveryId":"267f247c-bb7b-484d-96a6-2eda10d0c52e","walletSk":"267f247c-bb7b-484d-96a6-2eda10d0c52e"}',
    currency: 'BHD',
    amount: 9,
    vat: 0,
    oldBalance: 111,
    newBalance: 102
  }
}

2024-01-25T21:01:06.610Z 2024-01-25T21:01:06.610Z	fce57c98-9a71-5445-9c1a-22b45420bee6	INFO	SubscriptionBalanceUpdated event published

2024-01-25T21:01:06.624Z END RequestId: fce57c98-9a71-5445-9c1a-22b45420bee6

2024-01-25T21:01:06.624Z REPORT RequestId: fce57c98-9a71-5445-9c1a-22b45420bee6	Duration: 949.66 ms	Billed Duration: 950 ms	Memory Size: 1024 MB	Max Memory Used: 107 MB	

2024-01-25T21:01:06.768Z START RequestId: a23ee7bf-4525-5f8e-8c57-b9938b772cef Version: $LATEST

2024-01-25T21:01:06.802Z 2024-01-25T21:01:06.802Z	a23ee7bf-4525-5f8e-8c57-b9938b772cef	INFO	Processing message 10ec14c4-e59b-4256-9151-42cd48fbbe20

2024-01-25T21:01:06.807Z 2024-01-25T21:01:06.807Z	a23ee7bf-4525-5f8e-8c57-b9938b772cef	INFO	Start syncing the balance {
  transaction: {
    id: '01HN16T89WM0FCP3YPDSS9K2Q7',
    type: 'DEBIT',
    source: 'MANUAL_DEDUCTION',
    action: 'DELIVERY_DEDUCTION',
    userId: '8c5e33e3-3618-4d09-8e79-c8d42c74731d',
    paymentBalance: 111,
    updatePaymentBalance: true,
    metadata: '{"walletId":"wallet#8c5e33e3-3618-4d09-8e79-c8d42c74731d","deliveryId":"09f012d3-2d00-42d1-843e-485d849f671c","walletSk":"09f012d3-2d00-42d1-843e-485d849f671c"}',
    currency: 'BHD',
    amount: 9,
    vat: 0,
    oldBalance: 129,
    newBalance: 120
  }
}

2024-01-25T21:01:06.852Z 2024-01-25T21:01:06.852Z	a23ee7bf-4525-5f8e-8c57-b9938b772cef	INFO	SubscriptionBalanceUpdated event published

2024-01-25T21:01:06.867Z 2024-01-25T21:01:06.867Z	a23ee7bf-4525-5f8e-8c57-b9938b772cef	ERROR	Subscription balance and payment balance are not in sync {
  userId: '8c5e33e3-3618-4d09-8e79-c8d42c74731d',
  subscriptionBalance: 120,
  paymentBalance: 111
}

2024-01-25T21:01:06.882Z 2024-01-25T21:01:06.882Z	a23ee7bf-4525-5f8e-8c57-b9938b772cef	INFO	Processing message 2e2ddee7-1297-4fa8-80a2-6e8a922fe549

2024-01-25T21:01:06.889Z 2024-01-25T21:01:06.889Z	a23ee7bf-4525-5f8e-8c57-b9938b772cef	INFO	Start syncing the balance {
  transaction: {
    id: '01HN16T8G4JNPPXY08V6C9130G',
    type: 'DEBIT',
    source: 'MANUAL_DEDUCTION',
    action: 'DELIVERY_DEDUCTION',
    userId: '07cb8a00-acd7-4e6c-b4b1-ba09fecd14a4',
    paymentBalance: 81,
    updatePaymentBalance: true,
    metadata: '{"walletId":"wallet#07cb8a00-acd7-4e6c-b4b1-ba09fecd14a4","deliveryId":"d19705ad-33da-4217-9079-b23d1837a494","walletSk":"d19705ad-33da-4217-9079-b23d1837a494"}',
    currency: 'BHD',
    amount: 9,
    vat: 0,
    oldBalance: 99,
    newBalance: 90
  }
}

2024-01-25T21:01:06.934Z 2024-01-25T21:01:06.934Z	a23ee7bf-4525-5f8e-8c57-b9938b772cef	INFO	SubscriptionBalanceUpdated event published

2024-01-25T21:01:06.951Z 2024-01-25T21:01:06.951Z	a23ee7bf-4525-5f8e-8c57-b9938b772cef	ERROR	Subscription balance and payment balance are not in sync {
  userId: '07cb8a00-acd7-4e6c-b4b1-ba09fecd14a4',
  subscriptionBalance: 90,
  paymentBalance: 81
}

2024-01-25T21:01:06.965Z 2024-01-25T21:01:06.965Z	a23ee7bf-4525-5f8e-8c57-b9938b772cef	INFO	Processing message fa1f31f6-b865-44a1-817a-97d233aea49c

2024-01-25T21:01:06.973Z 2024-01-25T21:01:06.973Z	a23ee7bf-4525-5f8e-8c57-b9938b772cef	INFO	Start syncing the balance {
  transaction: {
    id: '01HN16T8HYNQGNEC05VC785H11',
    type: 'DEBIT',
    source: 'MANUAL_DEDUCTION',
    action: 'DELIVERY_DEDUCTION',
    userId: 'feba4728-4fb0-4646-bebb-38f5495a11cd',
    paymentBalance: 115,
    updatePaymentBalance: true,
    metadata: '{"walletId":"wallet#feba4728-4fb0-4646-bebb-38f5495a11cd","deliveryId":"9cfbc25d-690f-4524-89d0-26259008ddac","walletSk":"9cfbc25d-690f-4524-89d0-26259008ddac"}',
    currency: 'BHD',
    amount: 9,
    vat: 0,
    oldBalance: 124,
    newBalance: 115
  }
}

2024-01-25T21:01:07.025Z 2024-01-25T21:01:07.025Z	a23ee7bf-4525-5f8e-8c57-b9938b772cef	INFO	SubscriptionBalanceUpdated event published

2024-01-25T21:01:07.037Z 2024-01-25T21:01:07.037Z	a23ee7bf-4525-5f8e-8c57-b9938b772cef	INFO	Processing message e08394be-24b4-425c-ab05-de121710bf98

2024-01-25T21:01:07.043Z 2024-01-25T21:01:07.043Z	a23ee7bf-4525-5f8e-8c57-b9938b772cef	INFO	Start syncing the balance {
  transaction: {
    id: '01HN16T8S4A531RHWN2N3VV28J',
    type: 'DEBIT',
    source: 'MANUAL_DEDUCTION',
    action: 'DELIVERY_DEDUCTION',
    userId: 'b1d7d4bd-f8f6-4592-9fa3-f2275305d802',
    paymentBalance: 72,
    updatePaymentBalance: true,
    metadata: '{"walletId":"wallet#b1d7d4bd-f8f6-4592-9fa3-f2275305d802","deliveryId":"b4fc0d01-ad19-4126-b587-326c2bf13c81","walletSk":"b4fc0d01-ad19-4126-b587-326c2bf13c81"}',
    currency: 'BHD',
    amount: 9,
    vat: 0,
    oldBalance: 81,
    newBalance: 72
  }
}

2024-01-25T21:01:07.090Z 2024-01-25T21:01:07.090Z	a23ee7bf-4525-5f8e-8c57-b9938b772cef	INFO	SubscriptionBalanceUpdated event published

2024-01-25T21:01:07.105Z 2024-01-25T21:01:07.105Z	a23ee7bf-4525-5f8e-8c57-b9938b772cef	INFO	Processing message f489fa12-b101-4612-aa79-0b3b2f8de853

2024-01-25T21:01:07.110Z 2024-01-25T21:01:07.110Z	a23ee7bf-4525-5f8e-8c57-b9938b772cef	INFO	Start syncing the balance {
  transaction: {
    id: '01HN16T8SJTD49Q1DPCNS07XB8',
    type: 'DEBIT',
    source: 'MANUAL_DEDUCTION',
    action: 'DELIVERY_DEDUCTION',
    userId: '15469d49-7d54-4ea1-833c-708f679471d4',
    paymentBalance: 188,
    updatePaymentBalance: true,
    metadata: '{"walletId":"wallet#15469d49-7d54-4ea1-833c-708f679471d4","deliveryId":"78e3fbef-0d51-4e56-a9b2-3946cf6f0ea6","walletSk":"78e3fbef-0d51-4e56-a9b2-3946cf6f0ea6"}',
    currency: 'BHD',
    amount: 8,
    vat: 0,
    oldBalance: 196,
    newBalance: 188
  }
}

2024-01-25T21:01:07.164Z 2024-01-25T21:01:07.164Z	a23ee7bf-4525-5f8e-8c57-b9938b772cef	INFO	SubscriptionBalanceUpdated event published

2024-01-25T21:01:07.178Z 2024-01-25T21:01:07.178Z	a23ee7bf-4525-5f8e-8c57-b9938b772cef	INFO	Processing message b0a2da05-4036-4d26-9806-1689ec718439

2024-01-25T21:01:07.185Z 2024-01-25T21:01:07.185Z	a23ee7bf-4525-5f8e-8c57-b9938b772cef	INFO	Start syncing the balance {
  transaction: {
    id: '01HN16T8YKM4QZCAF332XEJVST',
    type: 'DEBIT',
    source: 'MANUAL_DEDUCTION',
    action: 'DELIVERY_DEDUCTION',
    userId: '7a46f077-87df-49e3-b606-f37d0f061728',
    paymentBalance: 1,
    updatePaymentBalance: true,
    metadata: '{"walletId":"wallet#7a46f077-87df-49e3-b606-f37d0f061728","deliveryId":"a73974dd-1001-40ed-9ee7-046c7576116c","walletSk":"a73974dd-1001-40ed-9ee7-046c7576116c"}',
    currency: 'BHD',
    amount: 4,
    vat: 0,
    oldBalance: 5,
    newBalance: 1
  }
}

2024-01-25T21:01:07.239Z 2024-01-25T21:01:07.239Z	a23ee7bf-4525-5f8e-8c57-b9938b772cef	INFO	SubscriptionBalanceUpdated event published

2024-01-25T21:01:07.254Z 2024-01-25T21:01:07.254Z	a23ee7bf-4525-5f8e-8c57-b9938b772cef	INFO	Processing message 6931cad9-e52c-446f-acf8-6db4cd638edc

2024-01-25T21:01:07.261Z 2024-01-25T21:01:07.261Z	a23ee7bf-4525-5f8e-8c57-b9938b772cef	INFO	Start syncing the balance {
  transaction: {
    id: '01HN16T9537VT8KEDWG5WXVMSC',
    type: 'DEBIT',
    source: 'MANUAL_DEDUCTION',
    action: 'DELIVERY_DEDUCTION',
    userId: '20f25ac8-8c5b-4ddf-a655-12257aed6fff',
    paymentBalance: 138,
    updatePaymentBalance: true,
    metadata: '{"walletId":"wallet#20f25ac8-8c5b-4ddf-a655-12257aed6fff","deliveryId":"96367aaf-e52a-4e7a-990f-3eceb52807cc","walletSk":"96367aaf-e52a-4e7a-990f-3eceb52807cc"}',
    currency: 'BHD',
    amount: 9,
    vat: 0,
    oldBalance: 156,
    newBalance: 147
  }
}

2024-01-25T21:01:07.318Z 2024-01-25T21:01:07.318Z	a23ee7bf-4525-5f8e-8c57-b9938b772cef	INFO	SubscriptionBalanceUpdated event published

2024-01-25T21:01:07.333Z 2024-01-25T21:01:07.333Z	a23ee7bf-4525-5f8e-8c57-b9938b772cef	ERROR	Subscription balance and payment balance are not in sync {
  userId: '20f25ac8-8c5b-4ddf-a655-12257aed6fff',
  subscriptionBalance: 147,
  paymentBalance: 138
}

2024-01-25T21:01:07.349Z 2024-01-25T21:01:07.349Z	a23ee7bf-4525-5f8e-8c57-b9938b772cef	INFO	Processing message d1e30c60-d0d5-414b-9e53-8d1d4e0c5e1d

2024-01-25T21:01:07.356Z 2024-01-25T21:01:07.356Z	a23ee7bf-4525-5f8e-8c57-b9938b772cef	INFO	Start syncing the balance {
  transaction: {
    id: '01HN16T95FGEQMVB53TJ3FSSBF',
    type: 'DEBIT',
    source: 'MANUAL_DEDUCTION',
    action: 'DELIVERY_DEDUCTION',
    userId: 'f0f93bcc-c131-4a3b-ab25-2f23ff4a8f05',
    paymentBalance: 72,
    updatePaymentBalance: true,
    metadata: '{"walletId":"wallet#f0f93bcc-c131-4a3b-ab25-2f23ff4a8f05","deliveryId":"0d58240b-3c18-4ffe-8b13-54f88665761e","walletSk":"0d58240b-3c18-4ffe-8b13-54f88665761e"}',
    currency: 'BHD',
    amount: 9,
    vat: 0,
    oldBalance: 81,
    newBalance: 72
  }
}

2024-01-25T21:01:07.430Z 2024-01-25T21:01:07.430Z	a23ee7bf-4525-5f8e-8c57-b9938b772cef	INFO	SubscriptionBalanceUpdated event published

2024-01-25T21:01:07.445Z 2024-01-25T21:01:07.445Z	a23ee7bf-4525-5f8e-8c57-b9938b772cef	INFO	Processing message 12beabaa-33a2-41a2-97c3-fe3c6489429d

2024-01-25T21:01:07.450Z 2024-01-25T21:01:07.450Z	a23ee7bf-4525-5f8e-8c57-b9938b772cef	INFO	Start syncing the balance {
  transaction: {
    id: '01HN16T9B2HTMZMWM210CXZYCB',
    type: 'DEBIT',
    source: 'MANUAL_DEDUCTION',
    action: 'DELIVERY_DEDUCTION',
    userId: '5fd7a797-569b-483e-9e96-9361757e3749',
    paymentBalance: 111,
    updatePaymentBalance: true,
    metadata: '{"walletId":"wallet#5fd7a797-569b-483e-9e96-9361757e3749","deliveryId":"3d0dff8e-8e63-481f-8937-8016749b6a59","walletSk":"3d0dff8e-8e63-481f-8937-8016749b6a59"}',
    currency: 'BHD',
    amount: 9,
    vat: 0,
    oldBalance: 120,
    newBalance: 111
  }
}

2024-01-25T21:01:07.509Z 2024-01-25T21:01:07.509Z	a23ee7bf-4525-5f8e-8c57-b9938b772cef	INFO	SubscriptionBalanceUpdated event published

2024-01-25T21:01:07.526Z 2024-01-25T21:01:07.526Z	a23ee7bf-4525-5f8e-8c57-b9938b772cef	INFO	Processing message 45674231-96a8-4567-bb40-087fb46f8427

2024-01-25T21:01:07.535Z 2024-01-25T21:01:07.535Z	a23ee7bf-4525-5f8e-8c57-b9938b772cef	INFO	Start syncing the balance {
  transaction: {
    id: '01HN16T99CRAAC0RFYAGRR2GHX',
    type: 'DEBIT',
    source: 'MANUAL_DEDUCTION',
    action: 'DELIVERY_DEDUCTION',
    userId: 'bd7971c8-c11b-46ab-96c7-105eb10b444e',
    paymentBalance: 120,
    updatePaymentBalance: true,
    metadata: '{"walletId":"wallet#bd7971c8-c11b-46ab-96c7-105eb10b444e","deliveryId":"3c2d2e94-2981-41d8-b43b-913eaded8115","walletSk":"3c2d2e94-2981-41d8-b43b-913eaded8115"}',
    currency: 'BHD',
    amount: 9,
    vat: 0,
    oldBalance: 138,
    newBalance: 129
  }
}

2024-01-25T21:01:07.585Z 2024-01-25T21:01:07.585Z	a23ee7bf-4525-5f8e-8c57-b9938b772cef	INFO	SubscriptionBalanceUpdated event published

2024-01-25T21:01:07.596Z 2024-01-25T21:01:07.596Z	a23ee7bf-4525-5f8e-8c57-b9938b772cef	ERROR	Subscription balance and payment balance are not in sync {
  userId: 'bd7971c8-c11b-46ab-96c7-105eb10b444e',
  subscriptionBalance: 129,
  paymentBalance: 120
}

2024-01-25T21:01:07.614Z END RequestId: a23ee7bf-4525-5f8e-8c57-b9938b772cef

2024-01-25T21:01:07.614Z REPORT RequestId: a23ee7bf-4525-5f8e-8c57-b9938b772cef	Duration: 846.56 ms	Billed Duration: 847 ms	Memory Size: 1024 MB	Max Memory Used: 114 MB	

2024-01-25T21:01:08.018Z START RequestId: 281e852b-8a92-5ff1-b1fd-db0744c19552 Version: $LATEST

2024-01-25T21:01:08.053Z 2024-01-25T21:01:08.053Z	281e852b-8a92-5ff1-b1fd-db0744c19552	INFO	Processing message 1e9581eb-0b88-4244-9130-c536c806301e

2024-01-25T21:01:08.059Z 2024-01-25T21:01:08.059Z	281e852b-8a92-5ff1-b1fd-db0744c19552	INFO	Start syncing the balance {
  transaction: {
    id: '01HN16TAMG7TNN068JM3DHXTNK',
    type: 'DEBIT',
    source: 'MANUAL_DEDUCTION',
    action: 'DELIVERY_DEDUCTION',
    userId: 'f5a6b9b6-e936-4af9-af4f-a713e4e3d8fc',
    paymentBalance: 231.5,
    updatePaymentBalance: true,
    metadata: '{"walletId":"wallet#f5a6b9b6-e936-4af9-af4f-a713e4e3d8fc","deliveryId":"3ed87fea-251b-4762-bca1-b72ff1bd0485","walletSk":"3ed87fea-251b-4762-bca1-b72ff1bd0485"}',
    currency: 'BHD',
    amount: 9,
    vat: 0,
    oldBalance: 240.5,
    newBalance: 231.5
  }
}

2024-01-25T21:01:08.107Z 2024-01-25T21:01:08.107Z	281e852b-8a92-5ff1-b1fd-db0744c19552	INFO	SubscriptionBalanceUpdated event published

2024-01-25T21:01:08.123Z END RequestId: 281e852b-8a92-5ff1-b1fd-db0744c19552

2024-01-25T21:01:08.123Z REPORT RequestId: 281e852b-8a92-5ff1-b1fd-db0744c19552	Duration: 105.10 ms	Billed Duration: 106 ms	Memory Size: 1024 MB	Max Memory Used: 114 MB	

2024-01-25T21:01:08.204Z START RequestId: 7adb82f1-aaf1-5eee-a677-dcdd64a2944d Version: $LATEST

2024-01-25T21:01:08.233Z 2024-01-25T21:01:08.233Z	7adb82f1-aaf1-5eee-a677-dcdd64a2944d	INFO	Processing message 97267408-6e4d-48c0-b5c5-eae101030fe8

2024-01-25T21:01:08.242Z 2024-01-25T21:01:08.242Z	7adb82f1-aaf1-5eee-a677-dcdd64a2944d	INFO	Start syncing the balance {
  transaction: {
    id: '01HN16TANXBP1Q8MA2X2MKWDFP',
    type: 'DEBIT',
    source: 'MANUAL_DEDUCTION',
    action: 'DELIVERY_DEDUCTION',
    userId: 'e8062346-faa2-400f-a070-a970fc4caab4',
    paymentBalance: 1614.61,
    updatePaymentBalance: true,
    metadata: '{"walletId":"wallet#e8062346-faa2-400f-a070-a970fc4caab4","deliveryId":"ba11c21f-44c8-46aa-aab2-9e9eb81e9a41","walletSk":"ba11c21f-44c8-46aa-aab2-9e9eb81e9a41"}',
    currency: 'BHD',
    amount: 4.5,
    vat: 0,
    oldBalance: 103.5,
    newBalance: 99
  }
}

2024-01-25T21:01:08.293Z 2024-01-25T21:01:08.293Z	7adb82f1-aaf1-5eee-a677-dcdd64a2944d	INFO	SubscriptionBalanceUpdated event published

2024-01-25T21:01:08.305Z 2024-01-25T21:01:08.305Z	7adb82f1-aaf1-5eee-a677-dcdd64a2944d	ERROR	Subscription balance and payment balance are not in sync {
  userId: 'e8062346-faa2-400f-a070-a970fc4caab4',
  subscriptionBalance: 99,
  paymentBalance: 1614.61
}

2024-01-25T21:01:08.320Z END RequestId: 7adb82f1-aaf1-5eee-a677-dcdd64a2944d

2024-01-25T21:01:08.320Z REPORT RequestId: 7adb82f1-aaf1-5eee-a677-dcdd64a2944d	Duration: 116.60 ms	Billed Duration: 117 ms	Memory Size: 1024 MB	Max Memory Used: 114 MB	

2024-01-25T21:01:13.106Z START RequestId: fcfdb68c-a142-565d-8bcc-e8a06f17953c Version: $LATEST

2024-01-25T21:01:13.137Z 2024-01-25T21:01:13.137Z	fcfdb68c-a142-565d-8bcc-e8a06f17953c	INFO	Processing message 98e38ddd-e1c9-4f23-8668-5e664046a827

2024-01-25T21:01:13.143Z 2024-01-25T21:01:13.143Z	fcfdb68c-a142-565d-8bcc-e8a06f17953c	INFO	Start syncing the balance {
  transaction: {
    id: '01HN16TG695VXJRE77BP17JJXW',
    type: 'DEBIT',
    source: 'MANUAL_DEDUCTION',
    action: 'DELIVERY_DEDUCTION',
    userId: 'c3d5a0ac-89f2-43a6-a880-640ad2538d1a',
    paymentBalance: 231.5,
    updatePaymentBalance: true,
    metadata: '{"walletId":"wallet#c3d5a0ac-89f2-43a6-a880-640ad2538d1a","deliveryId":"b6bbe56d-0ab0-4a33-85ca-d20345183b78","walletSk":"b6bbe56d-0ab0-4a33-85ca-d20345183b78"}',
    currency: 'BHD',
    amount: 9,
    vat: 0,
    oldBalance: 240.5,
    newBalance: 231.5
  }
}

2024-01-25T21:01:13.194Z 2024-01-25T21:01:13.194Z	fcfdb68c-a142-565d-8bcc-e8a06f17953c	INFO	SubscriptionBalanceUpdated event published

2024-01-25T21:01:13.210Z END RequestId: fcfdb68c-a142-565d-8bcc-e8a06f17953c

2024-01-25T21:01:13.210Z REPORT RequestId: fcfdb68c-a142-565d-8bcc-e8a06f17953c	Duration: 103.85 ms	Billed Duration: 104 ms	Memory Size: 1024 MB	Max Memory Used: 114 MB	

2024-01-25T21:01:13.332Z START RequestId: 296fde1a-d2b2-5ecb-af60-80361cebadaa Version: $LATEST

2024-01-25T21:01:13.358Z 2024-01-25T21:01:13.358Z	296fde1a-d2b2-5ecb-af60-80361cebadaa	INFO	Processing message d5e25bd8-6ae3-4755-840b-45d7ee1585b6

2024-01-25T21:01:13.367Z 2024-01-25T21:01:13.367Z	296fde1a-d2b2-5ecb-af60-80361cebadaa	INFO	Start syncing the balance {
  transaction: {
    id: '01HN16TG8Y1VYD3AJHN4DF7QFM',
    type: 'DEBIT',
    source: 'MANUAL_DEDUCTION',
    action: 'DELIVERY_DEDUCTION',
    userId: '7f97b814-017d-430e-9779-877ec174861e',
    paymentBalance: -100.248,
    updatePaymentBalance: true,
    metadata: '{"walletId":"wallet#7f97b814-017d-430e-9779-877ec174861e","deliveryId":"06269850-ffa2-49a0-8ae8-32b6a98bc168","walletSk":"06269850-ffa2-49a0-8ae8-32b6a98bc168"}',
    currency: 'BHD',
    amount: 6,
    vat: 0,
    oldBalance: 911.3718,
    newBalance: 905.372
  }
}

2024-01-25T21:01:13.416Z 2024-01-25T21:01:13.416Z	296fde1a-d2b2-5ecb-af60-80361cebadaa	INFO	SubscriptionBalanceUpdated event published

2024-01-25T21:01:13.430Z 2024-01-25T21:01:13.430Z	296fde1a-d2b2-5ecb-af60-80361cebadaa	ERROR	Subscription balance and payment balance are not in sync {
  userId: '7f97b814-017d-430e-9779-877ec174861e',
  subscriptionBalance: 905.372,
  paymentBalance: -100.248
}

2024-01-25T21:01:13.469Z END RequestId: 296fde1a-d2b2-5ecb-af60-80361cebadaa

2024-01-25T21:01:13.469Z REPORT RequestId: 296fde1a-d2b2-5ecb-af60-80361cebadaa	Duration: 138.28 ms	Billed Duration: 139 ms	Memory Size: 1024 MB	Max Memory Used: 114 MB	

2024-01-25T21:01:13.810Z START RequestId: 24b571dc-8cfc-5c3a-8bb7-2ff042a50699 Version: $LATEST

2024-01-25T21:01:13.837Z 2024-01-25T21:01:13.837Z	24b571dc-8cfc-5c3a-8bb7-2ff042a50699	INFO	Processing message e4519db8-d2af-4928-b45b-494355cfc0d4

2024-01-25T21:01:13.844Z 2024-01-25T21:01:13.844Z	24b571dc-8cfc-5c3a-8bb7-2ff042a50699	INFO	Start syncing the balance {
  transaction: {
    id: '01HN16TGNKAFWHX96HM17AXZ2S',
    type: 'DEBIT',
    source: 'MANUAL_DEDUCTION',
    action: 'DELIVERY_DEDUCTION',
    userId: '2af65ba7-48fc-4433-be65-5dca7e3094a8',
    paymentBalance: 577.071,
    updatePaymentBalance: true,
    metadata: '{"walletId":"wallet#2af65ba7-48fc-4433-be65-5dca7e3094a8","deliveryId":"435f3beb-1ef8-42e5-9de4-eb0c04afbb2f","walletSk":"435f3beb-1ef8-42e5-9de4-eb0c04afbb2f"}',
    currency: 'BHD',
    amount: 5,
    vat: 0,
    oldBalance: 452.455,
    newBalance: 447.455
  }
}

2024-01-25T21:01:13.885Z 2024-01-25T21:01:13.885Z	24b571dc-8cfc-5c3a-8bb7-2ff042a50699	INFO	SubscriptionBalanceUpdated event published

2024-01-25T21:01:13.898Z 2024-01-25T21:01:13.898Z	24b571dc-8cfc-5c3a-8bb7-2ff042a50699	ERROR	Subscription balance and payment balance are not in sync {
  userId: '2af65ba7-48fc-4433-be65-5dca7e3094a8',
  subscriptionBalance: 447.455,
  paymentBalance: 577.071
}

2024-01-25T21:01:13.917Z END RequestId: 24b571dc-8cfc-5c3a-8bb7-2ff042a50699

2024-01-25T21:01:13.917Z REPORT RequestId: 24b571dc-8cfc-5c3a-8bb7-2ff042a50699	Duration: 107.11 ms	Billed Duration: 108 ms	Memory Size: 1024 MB	Max Memory Used: 114 MB	

2024-01-25T21:01:14.303Z START RequestId: 43014bbd-6579-52a3-822c-1591ab2351c2 Version: $LATEST

2024-01-25T21:01:14.331Z 2024-01-25T21:01:14.331Z	43014bbd-6579-52a3-822c-1591ab2351c2	INFO	Processing message b91b81d6-80d2-46d3-8a4a-fd81f8788087

2024-01-25T21:01:14.337Z 2024-01-25T21:01:14.337Z	43014bbd-6579-52a3-822c-1591ab2351c2	INFO	Start syncing the balance {
  transaction: {
    id: '01HN16THEWS0TAAV8D8T27D1ET',
    type: 'DEBIT',
    source: 'MANUAL_DEDUCTION',
    action: 'DELIVERY_DEDUCTION',
    userId: '789e2517-7115-46a9-a260-717333a06b69',
    paymentBalance: 156,
    updatePaymentBalance: true,
    metadata: '{"walletId":"wallet#789e2517-7115-46a9-a260-717333a06b69","deliveryId":"a3e4e229-7997-4d9e-9e9b-d69b99f59fc3","walletSk":"a3e4e229-7997-4d9e-9e9b-d69b99f59fc3"}',
    currency: 'BHD',
    amount: 9,
    vat: 0,
    oldBalance: 174,
    newBalance: 165
  }
}

2024-01-25T21:01:14.383Z 2024-01-25T21:01:14.383Z	43014bbd-6579-52a3-822c-1591ab2351c2	INFO	SubscriptionBalanceUpdated event published

2024-01-25T21:01:14.410Z 2024-01-25T21:01:14.410Z	43014bbd-6579-52a3-822c-1591ab2351c2	ERROR	Subscription balance and payment balance are not in sync {
  userId: '789e2517-7115-46a9-a260-717333a06b69',
  subscriptionBalance: 165,
  paymentBalance: 156
}

2024-01-25T21:01:14.427Z END RequestId: 43014bbd-6579-52a3-822c-1591ab2351c2

2024-01-25T21:01:14.427Z REPORT RequestId: 43014bbd-6579-52a3-822c-1591ab2351c2	Duration: 124.62 ms	Billed Duration: 125 ms	Memory Size: 1024 MB	Max Memory Used: 114 MB	

2024-01-25T21:01:15.331Z START RequestId: 418d9481-1d96-5d58-bc19-caadd3cd27fb Version: $LATEST

2024-01-25T21:01:15.378Z 2024-01-25T21:01:15.378Z	418d9481-1d96-5d58-bc19-caadd3cd27fb	INFO	Processing message a1aa97a2-d4b4-4597-b5ce-e09d3e0114b1

2024-01-25T21:01:15.385Z 2024-01-25T21:01:15.385Z	418d9481-1d96-5d58-bc19-caadd3cd27fb	INFO	Start syncing the balance {
  transaction: {
    id: '01HN16TJECRDCCDWS2CZ94F5SG',
    type: 'DEBIT',
    source: 'MANUAL_DEDUCTION',
    action: 'DELIVERY_DEDUCTION',
    userId: '383f0a7e-4daa-4294-ae9f-cafbddbb408e',
    paymentBalance: 156.5,
    updatePaymentBalance: true,
    metadata: '{"walletId":"wallet#383f0a7e-4daa-4294-ae9f-cafbddbb408e","deliveryId":"57e8c8da-c201-414d-8d63-ee3d3c088be2","walletSk":"57e8c8da-c201-414d-8d63-ee3d3c088be2"}',
    currency: 'BHD',
    amount: 8,
    vat: 0,
    oldBalance: 172.5,
    newBalance: 164.5
  }
}

2024-01-25T21:01:15.436Z 2024-01-25T21:01:15.436Z	418d9481-1d96-5d58-bc19-caadd3cd27fb	INFO	SubscriptionBalanceUpdated event published

2024-01-25T21:01:15.449Z 2024-01-25T21:01:15.449Z	418d9481-1d96-5d58-bc19-caadd3cd27fb	ERROR	Subscription balance and payment balance are not in sync {
  userId: '383f0a7e-4daa-4294-ae9f-cafbddbb408e',
  subscriptionBalance: 164.5,
  paymentBalance: 156.5
}

2024-01-25T21:01:15.475Z END RequestId: 418d9481-1d96-5d58-bc19-caadd3cd27fb

2024-01-25T21:01:15.475Z REPORT RequestId: 418d9481-1d96-5d58-bc19-caadd3cd27fb	Duration: 143.56 ms	Billed Duration: 144 ms	Memory Size: 1024 MB	Max Memory Used: 114 MB	

2024-01-25T21:01:15.571Z START RequestId: f9be92d9-8642-57e8-b32a-ccf54819b489 Version: $LATEST

2024-01-25T21:01:15.595Z 2024-01-25T21:01:15.595Z	f9be92d9-8642-57e8-b32a-ccf54819b489	INFO	Processing message 3abb1f33-1a8e-4ddc-a806-e5333410efa9

2024-01-25T21:01:15.601Z 2024-01-25T21:01:15.601Z	f9be92d9-8642-57e8-b32a-ccf54819b489	INFO	Start syncing the balance {
  transaction: {
    id: '01HN16TJNJNWYD8S4GDA1WMGQQ',
    type: 'DEBIT',
    source: 'MANUAL_DEDUCTION',
    action: 'DELIVERY_DEDUCTION',
    userId: 'f8c629ff-e140-4e26-b38c-f99d237959da',
    paymentBalance: 22817.4,
    updatePaymentBalance: true,
    metadata: '{"walletId":"wallet#f8c629ff-e140-4e26-b38c-f99d237959da","deliveryId":"7eeb9aca-c890-462d-8c45-4c9b8b201cfa","walletSk":"7eeb9aca-c890-462d-8c45-4c9b8b201cfa"}',
    currency: 'SAR',
    amount: 100,
    vat: 0,
    oldBalance: 22908.7,
    newBalance: 22808.7
  }
}

2024-01-25T21:01:15.657Z 2024-01-25T21:01:15.657Z	f9be92d9-8642-57e8-b32a-ccf54819b489	INFO	SubscriptionBalanceUpdated event published

2024-01-25T21:01:15.673Z 2024-01-25T21:01:15.673Z	f9be92d9-8642-57e8-b32a-ccf54819b489	ERROR	Subscription balance and payment balance are not in sync {
  userId: 'f8c629ff-e140-4e26-b38c-f99d237959da',
  subscriptionBalance: 22808.7,
  paymentBalance: 22817.4
}

2024-01-25T21:01:15.689Z END RequestId: f9be92d9-8642-57e8-b32a-ccf54819b489

2024-01-25T21:01:15.689Z REPORT RequestId: f9be92d9-8642-57e8-b32a-ccf54819b489	Duration: 118.05 ms	Billed Duration: 119 ms	Memory Size: 1024 MB	Max Memory Used: 114 MB	

2024-01-25T21:01:15.836Z START RequestId: 0b1808ba-d4c1-5261-8658-56961a9a492b Version: $LATEST

2024-01-25T21:01:15.862Z 2024-01-25T21:01:15.862Z	0b1808ba-d4c1-5261-8658-56961a9a492b	INFO	Processing message 56bd82bf-d664-458b-94df-7bbe17862663

2024-01-25T21:01:15.868Z 2024-01-25T21:01:15.868Z	0b1808ba-d4c1-5261-8658-56961a9a492b	INFO	Start syncing the balance {
  transaction: {
    id: '01HN16TJXQF0A9SY24TN2XVEMK',
    type: 'DEBIT',
    source: 'MANUAL_DEDUCTION',
    action: 'DELIVERY_DEDUCTION',
    userId: 'cdd0df27-94a4-4f72-9e67-6f435cce0485',
    paymentBalance: 99.5,
    updatePaymentBalance: true,
    metadata: '{"walletId":"wallet#cdd0df27-94a4-4f72-9e67-6f435cce0485","deliveryId":"5c3de367-d17f-4664-aac1-dc49be3f3d4e","walletSk":"5c3de367-d17f-4664-aac1-dc49be3f3d4e"}',
    currency: 'BHD',
    amount: 9,
    vat: 0,
    oldBalance: 117.5,
    newBalance: 108.5
  }
}

2024-01-25T21:01:15.913Z 2024-01-25T21:01:15.913Z	0b1808ba-d4c1-5261-8658-56961a9a492b	INFO	SubscriptionBalanceUpdated event published

2024-01-25T21:01:15.926Z 2024-01-25T21:01:15.926Z	0b1808ba-d4c1-5261-8658-56961a9a492b	ERROR	Subscription balance and payment balance are not in sync {
  userId: 'cdd0df27-94a4-4f72-9e67-6f435cce0485',
  subscriptionBalance: 108.5,
  paymentBalance: 99.5
}

2024-01-25T21:01:15.944Z END RequestId: 0b1808ba-d4c1-5261-8658-56961a9a492b

2024-01-25T21:01:15.944Z REPORT RequestId: 0b1808ba-d4c1-5261-8658-56961a9a492b	Duration: 107.74 ms	Billed Duration: 108 ms	Memory Size: 1024 MB	Max Memory Used: 114 MB	

2024-01-25T21:01:16.077Z START RequestId: f3da8c41-935a-5c3c-82ab-d26d5d015776 Version: $LATEST

2024-01-25T21:01:16.094Z 2024-01-25T21:01:16.094Z	f3da8c41-935a-5c3c-82ab-d26d5d015776	INFO	Processing message 4fd9edd1-b984-4f75-bc69-d94d0225e0e8

2024-01-25T21:01:16.100Z 2024-01-25T21:01:16.100Z	f3da8c41-935a-5c3c-82ab-d26d5d015776	INFO	Start syncing the balance {
  transaction: {
    id: '01HN16TK5EQMC9A6D05GWAHNE2',
    type: 'DEBIT',
    source: 'MANUAL_DEDUCTION',
    action: 'DELIVERY_DEDUCTION',
    userId: '4e84f0ec-7629-49dc-b110-27a6eb9b4d9c',
    paymentBalance: 429,
    updatePaymentBalance: true,
    metadata: '{"walletId":"wallet#4e84f0ec-7629-49dc-b110-27a6eb9b4d9c","deliveryId":"9e1c2af7-4fb7-4ffa-b349-4590b3f79c44","walletSk":"9e1c2af7-4fb7-4ffa-b349-4590b3f79c44"}',
    currency: 'BHD',
    amount: 9,
    vat: 0,
    oldBalance: 111,
    newBalance: 102
  }
}

2024-01-25T21:01:16.148Z 2024-01-25T21:01:16.148Z	f3da8c41-935a-5c3c-82ab-d26d5d015776	INFO	SubscriptionBalanceUpdated event published

2024-01-25T21:01:16.164Z 2024-01-25T21:01:16.164Z	f3da8c41-935a-5c3c-82ab-d26d5d015776	ERROR	Subscription balance and payment balance are not in sync {
  userId: '4e84f0ec-7629-49dc-b110-27a6eb9b4d9c',
  subscriptionBalance: 102,
  paymentBalance: 429
}

2024-01-25T21:01:16.181Z END RequestId: f3da8c41-935a-5c3c-82ab-d26d5d015776

2024-01-25T21:01:16.181Z REPORT RequestId: f3da8c41-935a-5c3c-82ab-d26d5d015776	Duration: 104.26 ms	Billed Duration: 105 ms	Memory Size: 1024 MB	Max Memory Used: 114 MB	

2024-01-25T21:01:16.608Z START RequestId: fbe855d3-5214-57ef-be94-0bff9c48648e Version: $LATEST

2024-01-25T21:01:16.641Z 2024-01-25T21:01:16.641Z	fbe855d3-5214-57ef-be94-0bff9c48648e	INFO	Processing message 9aadfb4f-02b6-45ca-b533-dce2cddaa156

2024-01-25T21:01:16.646Z 2024-01-25T21:01:16.646Z	fbe855d3-5214-57ef-be94-0bff9c48648e	INFO	Start syncing the balance {
  transaction: {
    id: '01HN16TKNRNDNG0HTBX20PK6F4',
    type: 'DEBIT',
    source: 'MANUAL_DEDUCTION',
    action: 'DELIVERY_DEDUCTION',
    userId: 'e11c95b2-2f68-4c79-9cd1-47cd978c81b5',
    paymentBalance: 81,
    updatePaymentBalance: true,
    metadata: '{"walletId":"wallet#e11c95b2-2f68-4c79-9cd1-47cd978c81b5","deliveryId":"23dc3d1a-e1d9-4b94-b689-896633d5dc02","walletSk":"23dc3d1a-e1d9-4b94-b689-896633d5dc02"}',
    currency: 'BHD',
    amount: 9,
    vat: 0,
    oldBalance: 99,
    newBalance: 90
  }
}

2024-01-25T21:01:16.690Z 2024-01-25T21:01:16.690Z	fbe855d3-5214-57ef-be94-0bff9c48648e	INFO	SubscriptionBalanceUpdated event published

2024-01-25T21:01:16.701Z 2024-01-25T21:01:16.701Z	fbe855d3-5214-57ef-be94-0bff9c48648e	ERROR	Subscription balance and payment balance are not in sync {
  userId: 'e11c95b2-2f68-4c79-9cd1-47cd978c81b5',
  subscriptionBalance: 90,
  paymentBalance: 81
}

2024-01-25T21:01:16.732Z END RequestId: fbe855d3-5214-57ef-be94-0bff9c48648e

2024-01-25T21:01:16.732Z REPORT RequestId: fbe855d3-5214-57ef-be94-0bff9c48648e	Duration: 124.47 ms	Billed Duration: 125 ms	Memory Size: 1024 MB	Max Memory Used: 114 MB	

2024-01-25T21:01:17.057Z START RequestId: 800ec78f-d41b-58ae-8ed3-99a31a4743e4 Version: $LATEST

2024-01-25T21:01:17.085Z 2024-01-25T21:01:17.085Z	800ec78f-d41b-58ae-8ed3-99a31a4743e4	INFO	Processing message c2aea35d-31ab-4eab-825c-f2acc5fff11b

2024-01-25T21:01:17.091Z 2024-01-25T21:01:17.091Z	800ec78f-d41b-58ae-8ed3-99a31a4743e4	INFO	Start syncing the balance {
  transaction: {
    id: '01HN16TKWTTJBY3VE4FMTY9CZZ',
    type: 'DEBIT',
    source: 'MANUAL_DEDUCTION',
    action: 'DELIVERY_DEDUCTION',
    userId: 'ab0945cb-5f97-44d7-ab7d-1eda2af91f18',
    paymentBalance: 198,
    updatePaymentBalance: true,
    metadata: '{"walletId":"wallet#ab0945cb-5f97-44d7-ab7d-1eda2af91f18","deliveryId":"8f3438dc-91e6-445c-8fb2-7375af4e965b","walletSk":"8f3438dc-91e6-445c-8fb2-7375af4e965b"}',
    currency: 'BHD',
    amount: 9,
    vat: 0,
    oldBalance: 207,
    newBalance: 198
  }
}

2024-01-25T21:01:17.137Z 2024-01-25T21:01:17.137Z	800ec78f-d41b-58ae-8ed3-99a31a4743e4	INFO	SubscriptionBalanceUpdated event published

2024-01-25T21:01:17.151Z END RequestId: 800ec78f-d41b-58ae-8ed3-99a31a4743e4

2024-01-25T21:01:17.151Z REPORT RequestId: 800ec78f-d41b-58ae-8ed3-99a31a4743e4	Duration: 94.27 ms	Billed Duration: 95 ms	Memory Size: 1024 MB	Max Memory Used: 114 MB	

2024-01-25T21:01:03.058Z INIT_START Runtime Version: nodejs:20.v14	Runtime Version ARN: arn:aws:lambda:us-east-1::runtime:d4c968f0a85420c036d732975b0317307799fc7152619b3c4fb289f5d8e34f8a

