2024-02-22T21:01:04.770Z START RequestId: e26cf631-caa1-53a7-b78b-a86072f19d07 Version: $LATEST

2024-02-22T21:01:04.801Z 2024-02-22T21:01:04.801Z	e26cf631-caa1-53a7-b78b-a86072f19d07	INFO	Processing message ff6e1694-7fb5-4535-ba55-891c0b13ccc7

2024-02-22T21:01:04.824Z 2024-02-22T21:01:04.824Z	e26cf631-caa1-53a7-b78b-a86072f19d07	INFO	Start syncing the balance {
  transaction: {
    id: '01HQ99YA4TAWY1MBER4DK1JTC7',
    type: 'DEBIT',
    source: 'MANUAL_DEDUCTION',
    action: 'DELIVERY_DEDUCTION',
    userId: '7cbe3797-c6a1-492c-9c31-8bd1c8c38d90',
    paymentBalance: 190.179,
    updatePaymentBalance: true,
    metadata: '{"walletId":"wallet#7cbe3797-c6a1-492c-9c31-8bd1c8c38d90","deliveryId":"61457cf5-379e-4531-a767-190e94fabac9","walletSk":"61457cf5-379e-4531-a767-190e94fabac9"}',
    currency: 'BHD',
    amount: 11.682,
    vat: 0,
    oldBalance: 201.861,
    newBalance: 190.179
  }
}

2024-02-22T21:01:04.898Z 2024-02-22T21:01:04.898Z	e26cf631-caa1-53a7-b78b-a86072f19d07	INFO	SubscriptionBalanceUpdated event published

2024-02-22T21:01:04.916Z 2024-02-22T21:01:04.916Z	e26cf631-caa1-53a7-b78b-a86072f19d07	INFO	Processing message 43652c49-2d68-4ec9-a47a-2b2398b39816

2024-02-22T21:01:04.922Z 2024-02-22T21:01:04.922Z	e26cf631-caa1-53a7-b78b-a86072f19d07	INFO	Start syncing the balance {
  transaction: {
    id: '01HQ99Y9YJ933CHCMP37YT3T0B',
    type: 'DEBIT',
    source: 'MANUAL_DEDUCTION',
    action: 'DELIVERY_DEDUCTION',
    userId: '7366dc6d-d047-46d5-b203-39e81633a8b4',
    paymentBalance: 4338.4,
    updatePaymentBalance: true,
    metadata: '{"walletId":"wallet#7366dc6d-d047-46d5-b203-39e81633a8b4","deliveryId":"64650e6e-bb0b-4d15-939e-b79dc6bf48bc","walletSk":"64650e6e-bb0b-4d15-939e-b79dc6bf48bc"}',
    currency: 'SAR',
    amount: 37.8,
    vat: 0,
    oldBalance: 4376.2,
    newBalance: 4338.4
  }
}

2024-02-22T21:01:04.972Z 2024-02-22T21:01:04.972Z	e26cf631-caa1-53a7-b78b-a86072f19d07	INFO	SubscriptionBalanceUpdated event published

2024-02-22T21:01:04.986Z 2024-02-22T21:01:04.986Z	e26cf631-caa1-53a7-b78b-a86072f19d07	INFO	Processing message b0455d10-208a-4400-8d0b-4879d8721a30

2024-02-22T21:01:04.993Z 2024-02-22T21:01:04.993Z	e26cf631-caa1-53a7-b78b-a86072f19d07	INFO	Start syncing the balance {
  transaction: {
    id: '01HQ99YA3H4M6E2X98C61Q86T7',
    type: 'DEBIT',
    source: 'MANUAL_DEDUCTION',
    action: 'DELIVERY_DEDUCTION',
    userId: '2c2a8830-b2f7-4b3e-a180-7a5654eee40c',
    paymentBalance: 36506.39,
    updatePaymentBalance: true,
    metadata: '{"walletId":"wallet#2c2a8830-b2f7-4b3e-a180-7a5654eee40c","deliveryId":"dbeb116a-b3eb-441a-91cf-de92b6b73b17","walletSk":"dbeb116a-b3eb-441a-91cf-de92b6b73b17"}',
    currency: 'SAR',
    amount: 90,
    vat: 0,
    oldBalance: 36686.39,
    newBalance: 36596.39
  }
}

2024-02-22T21:01:05.059Z 2024-02-22T21:01:05.059Z	e26cf631-caa1-53a7-b78b-a86072f19d07	INFO	SubscriptionBalanceUpdated event published

2024-02-22T21:01:05.074Z 2024-02-22T21:01:05.074Z	e26cf631-caa1-53a7-b78b-a86072f19d07	ERROR	Subscription balance and payment balance are not in sync {
  userId: '2c2a8830-b2f7-4b3e-a180-7a5654eee40c',
  subscriptionBalance: 36596.39,
  paymentBalance: 36506.39
}

2024-02-22T21:01:05.091Z 2024-02-22T21:01:05.091Z	e26cf631-caa1-53a7-b78b-a86072f19d07	INFO	Processing message 2afef34a-b78f-4afd-af6a-c260b3df716e

2024-02-22T21:01:05.097Z 2024-02-22T21:01:05.097Z	e26cf631-caa1-53a7-b78b-a86072f19d07	INFO	Start syncing the balance {
  transaction: {
    id: '01HQ99YA8KKAZ38E36E2SQQ2A9',
    type: 'DEBIT',
    source: 'MANUAL_DEDUCTION',
    action: 'DELIVERY_DEDUCTION',
    userId: '302335d2-712e-4d41-bee8-3046c3eafe61',
    paymentBalance: 54,
    updatePaymentBalance: true,
    metadata: '{"walletId":"wallet#302335d2-712e-4d41-bee8-3046c3eafe61","deliveryId":"fc83e16c-679c-4f93-aaa1-79bab7243e9d","walletSk":"fc83e16c-679c-4f93-aaa1-79bab7243e9d"}',
    currency: 'BHD',
    amount: 9,
    vat: 0,
    oldBalance: 63,
    newBalance: 54
  }
}

2024-02-22T21:01:05.144Z 2024-02-22T21:01:05.144Z	e26cf631-caa1-53a7-b78b-a86072f19d07	INFO	SubscriptionBalanceUpdated event published

2024-02-22T21:01:05.157Z 2024-02-22T21:01:05.157Z	e26cf631-caa1-53a7-b78b-a86072f19d07	INFO	Processing message 6f209b7d-6bc7-4892-aa4b-a2af1e9dc5c2

2024-02-22T21:01:05.164Z 2024-02-22T21:01:05.164Z	e26cf631-caa1-53a7-b78b-a86072f19d07	INFO	Start syncing the balance {
  transaction: {
    id: '01HQ99YA9CNTQ90GYNJYWYJQBX',
    type: 'DEBIT',
    source: 'MANUAL_DEDUCTION',
    action: 'DELIVERY_DEDUCTION',
    userId: 'eefb84af-6a9b-435b-b589-5c9734648a74',
    paymentBalance: 3307.909,
    updatePaymentBalance: true,
    metadata: '{"walletId":"wallet#eefb84af-6a9b-435b-b589-5c9734648a74","deliveryId":"1e27b71a-ecf5-43c5-85cc-6a8c2fde4aa4","walletSk":"1e27b71a-ecf5-43c5-85cc-6a8c2fde4aa4"}',
    currency: 'BHD',
    amount: 4,
    vat: 0,
    oldBalance: 322.909,
    newBalance: 318.909
  }
}

2024-02-22T21:01:05.209Z 2024-02-22T21:01:05.209Z	e26cf631-caa1-53a7-b78b-a86072f19d07	INFO	SubscriptionBalanceUpdated event published

2024-02-22T21:01:05.224Z 2024-02-22T21:01:05.224Z	e26cf631-caa1-53a7-b78b-a86072f19d07	ERROR	Subscription balance and payment balance are not in sync {
  userId: 'eefb84af-6a9b-435b-b589-5c9734648a74',
  subscriptionBalance: 318.909,
  paymentBalance: 3307.909
}

2024-02-22T21:01:05.238Z 2024-02-22T21:01:05.238Z	e26cf631-caa1-53a7-b78b-a86072f19d07	INFO	Processing message e9010b79-6297-4dd3-80e3-fed9731a2e1f

2024-02-22T21:01:05.243Z 2024-02-22T21:01:05.243Z	e26cf631-caa1-53a7-b78b-a86072f19d07	INFO	Start syncing the balance {
  transaction: {
    id: '01HQ99YAD1AN2Z32M5CTB36N43',
    type: 'DEBIT',
    source: 'MANUAL_DEDUCTION',
    action: 'DELIVERY_DEDUCTION',
    userId: 'a19f1f44-2782-4e7f-8826-f3f3ef589ea8',
    paymentBalance: 360,
    updatePaymentBalance: true,
    metadata: '{"walletId":"wallet#a19f1f44-2782-4e7f-8826-f3f3ef589ea8","deliveryId":"ff3a6fbd-5bff-46e1-8eef-68a12b84ce1f","walletSk":"ff3a6fbd-5bff-46e1-8eef-68a12b84ce1f"}',
    currency: 'SAR',
    amount: 90,
    vat: 0,
    oldBalance: 450,
    newBalance: 360
  }
}

2024-02-22T21:01:05.290Z 2024-02-22T21:01:05.290Z	e26cf631-caa1-53a7-b78b-a86072f19d07	INFO	SubscriptionBalanceUpdated event published

2024-02-22T21:01:05.303Z 2024-02-22T21:01:05.303Z	e26cf631-caa1-53a7-b78b-a86072f19d07	INFO	Processing message 991087dc-9ae9-45ed-b272-9a7768a9b77d

2024-02-22T21:01:05.309Z 2024-02-22T21:01:05.309Z	e26cf631-caa1-53a7-b78b-a86072f19d07	INFO	Start syncing the balance {
  transaction: {
    id: '01HQ99YAMY1VB7NW90BW6Z545E',
    type: 'DEBIT',
    source: 'MANUAL_DEDUCTION',
    action: 'DELIVERY_DEDUCTION',
    userId: '4c4ceed7-e0a3-4168-9e92-e84ee46e6082',
    paymentBalance: 450,
    updatePaymentBalance: true,
    metadata: '{"walletId":"wallet#4c4ceed7-e0a3-4168-9e92-e84ee46e6082","deliveryId":"1b8eb613-a13f-433d-a729-d90a2fdf9dc6","walletSk":"1b8eb613-a13f-433d-a729-d90a2fdf9dc6"}',
    currency: 'SAR',
    amount: 90,
    vat: 0,
    oldBalance: 540,
    newBalance: 450
  }
}

2024-02-22T21:01:05.357Z 2024-02-22T21:01:05.357Z	e26cf631-caa1-53a7-b78b-a86072f19d07	INFO	SubscriptionBalanceUpdated event published

2024-02-22T21:01:05.371Z 2024-02-22T21:01:05.371Z	e26cf631-caa1-53a7-b78b-a86072f19d07	INFO	Processing message 1b89fa91-ab0f-452e-9b77-68ff19ed710d

2024-02-22T21:01:05.377Z 2024-02-22T21:01:05.377Z	e26cf631-caa1-53a7-b78b-a86072f19d07	INFO	Start syncing the balance {
  transaction: {
    id: '01HQ99YASRJV2KN3MC394ZN1H0',
    type: 'DEBIT',
    source: 'MANUAL_DEDUCTION',
    action: 'DELIVERY_DEDUCTION',
    userId: '6a816b89-1fc6-4fe2-b33f-f7f8224f5c88',
    paymentBalance: 2250,
    updatePaymentBalance: true,
    metadata: '{"walletId":"wallet#6a816b89-1fc6-4fe2-b33f-f7f8224f5c88","deliveryId":"c046b430-d2d3-4c2c-83e2-9b1fc51d66e0","walletSk":"c046b430-d2d3-4c2c-83e2-9b1fc51d66e0"}',
    currency: 'SAR',
    amount: 90,
    vat: 0,
    oldBalance: 2340,
    newBalance: 2250
  }
}

2024-02-22T21:01:05.424Z 2024-02-22T21:01:05.424Z	e26cf631-caa1-53a7-b78b-a86072f19d07	INFO	SubscriptionBalanceUpdated event published

2024-02-22T21:01:05.438Z 2024-02-22T21:01:05.438Z	e26cf631-caa1-53a7-b78b-a86072f19d07	INFO	Processing message 0fe00890-d981-424d-8f86-cd9aa45a9f9d

2024-02-22T21:01:05.443Z 2024-02-22T21:01:05.443Z	e26cf631-caa1-53a7-b78b-a86072f19d07	INFO	Start syncing the balance {
  transaction: {
    id: '01HQ99YAEKJJGPXMEKF41GVEHJ',
    type: 'DEBIT',
    source: 'MANUAL_DEDUCTION',
    action: 'DELIVERY_DEDUCTION',
    userId: 'e2498377-494a-4a01-b189-5b9febd136e0',
    paymentBalance: 108,
    updatePaymentBalance: true,
    metadata: '{"walletId":"wallet#e2498377-494a-4a01-b189-5b9febd136e0","deliveryId":"408e42a8-bd0a-45cd-9203-54b1c4389642","walletSk":"408e42a8-bd0a-45cd-9203-54b1c4389642"}',
    currency: 'BHD',
    amount: 9,
    vat: 0,
    oldBalance: 117,
    newBalance: 108
  }
}

2024-02-22T21:01:05.486Z 2024-02-22T21:01:05.486Z	e26cf631-caa1-53a7-b78b-a86072f19d07	INFO	SubscriptionBalanceUpdated event published

2024-02-22T21:01:05.504Z 2024-02-22T21:01:05.504Z	e26cf631-caa1-53a7-b78b-a86072f19d07	INFO	Processing message 86820ea0-71a1-40de-9ff5-9772ce43f599

2024-02-22T21:01:05.510Z 2024-02-22T21:01:05.510Z	e26cf631-caa1-53a7-b78b-a86072f19d07	INFO	Start syncing the balance {
  transaction: {
    id: '01HQ99YATTW5NVD8EM3JNSVBHV',
    type: 'DEBIT',
    source: 'MANUAL_DEDUCTION',
    action: 'DELIVERY_DEDUCTION',
    userId: 'b11a22a9-3283-4c2a-8530-5f685c1035b4',
    paymentBalance: -5,
    updatePaymentBalance: true,
    metadata: '{"walletId":"wallet#b11a22a9-3283-4c2a-8530-5f685c1035b4","deliveryId":"78602f06-256e-4577-b25e-1c408b66aeb1","walletSk":"78602f06-256e-4577-b25e-1c408b66aeb1"}',
    currency: 'BHD',
    amount: 9,
    vat: 0,
    oldBalance: 13,
    newBalance: 4
  }
}

2024-02-22T21:01:05.555Z 2024-02-22T21:01:05.555Z	e26cf631-caa1-53a7-b78b-a86072f19d07	INFO	SubscriptionBalanceUpdated event published

2024-02-22T21:01:05.571Z 2024-02-22T21:01:05.571Z	e26cf631-caa1-53a7-b78b-a86072f19d07	ERROR	Subscription balance and payment balance are not in sync {
  userId: 'b11a22a9-3283-4c2a-8530-5f685c1035b4',
  subscriptionBalance: 4,
  paymentBalance: -5
}

2024-02-22T21:01:05.589Z END RequestId: e26cf631-caa1-53a7-b78b-a86072f19d07

2024-02-22T21:01:05.589Z REPORT RequestId: e26cf631-caa1-53a7-b78b-a86072f19d07	Duration: 818.77 ms	Billed Duration: 819 ms	Memory Size: 1024 MB	Max Memory Used: 126 MB	

2024-02-22T21:01:05.985Z START RequestId: 8c61a917-6643-58a2-ab6c-f746de12c602 Version: $LATEST

2024-02-22T21:01:06.014Z 2024-02-22T21:01:06.014Z	8c61a917-6643-58a2-ab6c-f746de12c602	INFO	Processing message 30ee18ee-48d4-4770-8bcd-f0058f2cc93c

2024-02-22T21:01:06.021Z 2024-02-22T21:01:06.021Z	8c61a917-6643-58a2-ab6c-f746de12c602	INFO	Start syncing the balance {
  transaction: {
    id: '01HQ99YB5PZHY9EDVGZQ13GQJ9',
    type: 'DEBIT',
    source: 'MANUAL_DEDUCTION',
    action: 'DELIVERY_DEDUCTION',
    userId: 'cac838c5-a9e1-41b1-877e-2587cbea7b20',
    paymentBalance: 13004.206,
    updatePaymentBalance: true,
    metadata: '{"walletId":"wallet#cac838c5-a9e1-41b1-877e-2587cbea7b20","deliveryId":"41ccfff7-ebf7-47e3-9ef7-51038654a226","walletSk":"41ccfff7-ebf7-47e3-9ef7-51038654a226"}',
    currency: 'BHD',
    amount: 10.818,
    vat: 0,
    oldBalance: 11245.024300000001,
    newBalance: 11234.206
  }
}

2024-02-22T21:01:06.105Z 2024-02-22T21:01:06.105Z	8c61a917-6643-58a2-ab6c-f746de12c602	INFO	SubscriptionBalanceUpdated event published

2024-02-22T21:01:06.127Z 2024-02-22T21:01:06.127Z	8c61a917-6643-58a2-ab6c-f746de12c602	ERROR	Subscription balance and payment balance are not in sync {
  userId: 'cac838c5-a9e1-41b1-877e-2587cbea7b20',
  subscriptionBalance: 11234.206,
  paymentBalance: 13004.206
}

2024-02-22T21:01:06.147Z 2024-02-22T21:01:06.147Z	8c61a917-6643-58a2-ab6c-f746de12c602	INFO	Processing message a472ed95-35e5-422b-b64b-396dbcb09617

2024-02-22T21:01:06.164Z 2024-02-22T21:01:06.164Z	8c61a917-6643-58a2-ab6c-f746de12c602	INFO	Start syncing the balance {
  transaction: {
    id: '01HQ99YB8NN8KD1GJ4FMA3F5DK',
    type: 'DEBIT',
    source: 'MANUAL_DEDUCTION',
    action: 'DELIVERY_DEDUCTION',
    userId: '980720fb-9953-4b7b-bb0d-83e08cf7c6c4',
    paymentBalance: 1992,
    updatePaymentBalance: true,
    metadata: '{"walletId":"wallet#980720fb-9953-4b7b-bb0d-83e08cf7c6c4","deliveryId":"a8160ed5-006f-47e3-b399-8b980eda5ea8","walletSk":"a8160ed5-006f-47e3-b399-8b980eda5ea8"}',
    currency: 'SAR',
    amount: 42,
    vat: 0,
    oldBalance: 2034,
    newBalance: 1992
  }
}

2024-02-22T21:01:06.209Z 2024-02-22T21:01:06.209Z	8c61a917-6643-58a2-ab6c-f746de12c602	INFO	SubscriptionBalanceUpdated event published

2024-02-22T21:01:06.226Z 2024-02-22T21:01:06.226Z	8c61a917-6643-58a2-ab6c-f746de12c602	INFO	Processing message a1da1732-aff8-495a-8ca7-53a14680f160

2024-02-22T21:01:06.231Z 2024-02-22T21:01:06.231Z	8c61a917-6643-58a2-ab6c-f746de12c602	INFO	Start syncing the balance {
  transaction: {
    id: '01HQ99YB8QH3TTVXTXMDCAEJM9',
    type: 'DEBIT',
    source: 'MANUAL_DEDUCTION',
    action: 'DELIVERY_DEDUCTION',
    userId: '2c43bfa6-6b49-4228-a405-d7bf42ccacad',
    paymentBalance: 0,
    updatePaymentBalance: true,
    metadata: '{"walletId":"wallet#2c43bfa6-6b49-4228-a405-d7bf42ccacad","deliveryId":"1d1346c8-8604-4ff0-b730-22e0bf909619","walletSk":"1d1346c8-8604-4ff0-b730-22e0bf909619"}',
    currency: 'BHD',
    amount: 9,
    vat: 0,
    oldBalance: 9,
    newBalance: 0
  }
}

2024-02-22T21:01:06.272Z 2024-02-22T21:01:06.272Z	8c61a917-6643-58a2-ab6c-f746de12c602	INFO	SubscriptionBalanceUpdated event published

2024-02-22T21:01:06.286Z 2024-02-22T21:01:06.286Z	8c61a917-6643-58a2-ab6c-f746de12c602	INFO	Processing message 86520630-2f88-4e11-894a-cfc0b04b015a

2024-02-22T21:01:06.291Z 2024-02-22T21:01:06.291Z	8c61a917-6643-58a2-ab6c-f746de12c602	INFO	Start syncing the balance {
  transaction: {
    id: '01HQ99YBDFXA9BNB8MT9BJWS8X',
    type: 'DEBIT',
    source: 'MANUAL_DEDUCTION',
    action: 'DELIVERY_DEDUCTION',
    userId: 'a6db30c1-5d78-471c-b1e7-007c345db06a',
    paymentBalance: 450,
    updatePaymentBalance: true,
    metadata: '{"walletId":"wallet#a6db30c1-5d78-471c-b1e7-007c345db06a","deliveryId":"794bee5e-4e24-4724-ae5b-25c269cabf58","walletSk":"794bee5e-4e24-4724-ae5b-25c269cabf58"}',
    currency: 'SAR',
    amount: 90,
    vat: 0,
    oldBalance: 540,
    newBalance: 450
  }
}

2024-02-22T21:01:06.334Z 2024-02-22T21:01:06.334Z	8c61a917-6643-58a2-ab6c-f746de12c602	INFO	SubscriptionBalanceUpdated event published

2024-02-22T21:01:06.347Z 2024-02-22T21:01:06.347Z	8c61a917-6643-58a2-ab6c-f746de12c602	INFO	Processing message bb5d5da3-555b-4e7b-989a-3ab7650d1554

2024-02-22T21:01:06.352Z 2024-02-22T21:01:06.352Z	8c61a917-6643-58a2-ab6c-f746de12c602	INFO	Start syncing the balance {
  transaction: {
    id: '01HQ99YBRCKVZM0CJ5Q1YRPTN7',
    type: 'DEBIT',
    source: 'MANUAL_DEDUCTION',
    action: 'DELIVERY_DEDUCTION',
    userId: '53e1b2ec-386f-46e5-8992-77254abee927',
    paymentBalance: 6209.4,
    updatePaymentBalance: true,
    metadata: '{"walletId":"wallet#53e1b2ec-386f-46e5-8992-77254abee927","deliveryId":"21c3cb37-06c5-4c20-91e7-03d2d9a17867","walletSk":"21c3cb37-06c5-4c20-91e7-03d2d9a17867"}',
    currency: 'SAR',
    amount: 52.2,
    vat: 0,
    oldBalance: 6261.6,
    newBalance: 6209.4
  }
}

2024-02-22T21:01:06.424Z 2024-02-22T21:01:06.424Z	8c61a917-6643-58a2-ab6c-f746de12c602	INFO	SubscriptionBalanceUpdated event published

2024-02-22T21:01:06.438Z END RequestId: 8c61a917-6643-58a2-ab6c-f746de12c602

2024-02-22T21:01:06.438Z REPORT RequestId: 8c61a917-6643-58a2-ab6c-f746de12c602	Duration: 453.60 ms	Billed Duration: 454 ms	Memory Size: 1024 MB	Max Memory Used: 129 MB	
XRAY TraceId: 1-65d7b611-2dbc115e934b845a5d0a23fb	SegmentId: 53c37b601b56bfa4	Sampled: true	

2024-02-22T21:01:06.447Z START RequestId: cd11243d-8a0d-597e-94f5-7a6c325f47de Version: $LATEST

2024-02-22T21:01:06.475Z 2024-02-22T21:01:06.475Z	cd11243d-8a0d-597e-94f5-7a6c325f47de	INFO	Processing message 73471b25-8e8b-4970-8b66-3d8ec466d668

2024-02-22T21:01:06.482Z 2024-02-22T21:01:06.482Z	cd11243d-8a0d-597e-94f5-7a6c325f47de	INFO	Start syncing the balance {
  transaction: {
    id: '01HQ99YDMSR9C42JBNN7561SQA',
    type: 'DEBIT',
    source: 'MANUAL_DEDUCTION',
    action: 'DELIVERY_DEDUCTION',
    userId: 'a2fca693-0874-4083-b84e-1d123f19eb07',
    paymentBalance: 123.5,
    updatePaymentBalance: true,
    metadata: '{"walletId":"wallet#a2fca693-0874-4083-b84e-1d123f19eb07","deliveryId":"e47917e9-3357-436f-9d55-1dde8857b69e","walletSk":"e47917e9-3357-436f-9d55-1dde8857b69e"}',
    currency: 'BHD',
    amount: 9,
    vat: 0,
    oldBalance: 132.5,
    newBalance: 123.5
  }
}

2024-02-22T21:01:06.525Z 2024-02-22T21:01:06.525Z	cd11243d-8a0d-597e-94f5-7a6c325f47de	INFO	SubscriptionBalanceUpdated event published

2024-02-22T21:01:06.539Z END RequestId: cd11243d-8a0d-597e-94f5-7a6c325f47de

2024-02-22T21:01:06.539Z REPORT RequestId: cd11243d-8a0d-597e-94f5-7a6c325f47de	Duration: 91.42 ms	Billed Duration: 92 ms	Memory Size: 1024 MB	Max Memory Used: 129 MB	

2024-02-22T21:01:02.262Z INIT_START Runtime Version: nodejs:20.v15	Runtime Version ARN: arn:aws:lambda:us-east-1::runtime:379cd8c4d157c2e16f1b841486b613da2188da597609ef24d67497ad9c22a53e

2024-02-22T21:01:03.505Z START RequestId: ea56fbd5-ff8f-584c-b71d-a58447c902f6 Version: $LATEST

2024-02-22T21:01:03.664Z 2024-02-22T21:01:03.664Z	ea56fbd5-ff8f-584c-b71d-a58447c902f6	INFO	Processing message ae33f31e-0d56-4505-86a1-04b569d0fdf4

2024-02-22T21:01:03.712Z 2024-02-22T21:01:03.712Z	ea56fbd5-ff8f-584c-b71d-a58447c902f6	INFO	Start syncing the balance {
  transaction: {
    id: '01HQ99Y8BDGJFNXEGZZ4DX9VAJ',
    type: 'DEBIT',
    source: 'MANUAL_DEDUCTION',
    action: 'DELIVERY_DEDUCTION',
    userId: '5b25fc0d-4b52-479d-a9e9-5533cece208a',
    paymentBalance: 360,
    updatePaymentBalance: true,
    metadata: '{"walletId":"wallet#5b25fc0d-4b52-479d-a9e9-5533cece208a","deliveryId":"ff6a993d-b702-4626-be78-46a7e9e72d72","walletSk":"ff6a993d-b702-4626-be78-46a7e9e72d72"}',
    currency: 'SAR',
    amount: 90,
    vat: 0,
    oldBalance: 450,
    newBalance: 360
  }
}

2024-02-22T21:01:03.804Z 2024-02-22T21:01:03.804Z	ea56fbd5-ff8f-584c-b71d-a58447c902f6	INFO	SubscriptionBalanceUpdated event published

2024-02-22T21:01:03.858Z END RequestId: ea56fbd5-ff8f-584c-b71d-a58447c902f6

2024-02-22T21:01:03.858Z REPORT RequestId: ea56fbd5-ff8f-584c-b71d-a58447c902f6	Duration: 352.73 ms	Billed Duration: 353 ms	Memory Size: 1024 MB	Max Memory Used: 124 MB	Init Duration: 1242.08 ms	

