2024-04-07T10:28:28.807Z START RequestId: 723774c8-6aad-53ca-990e-2a441dd4754d Version: $LATEST

2024-04-07T10:28:28.907Z 2024-04-07T10:28:28.907Z	723774c8-6aad-53ca-990e-2a441dd4754d	INFO	Processing message a59b9fbf-93b3-4bad-8e9c-62364baa5771

2024-04-07T10:28:28.907Z 2024-04-07T10:28:28.907Z	723774c8-6aad-53ca-990e-2a441dd4754d	INFO	Skipping the balance sync for create subscription, it will be synced from create subscription payment listener

2024-04-07T10:28:28.909Z END RequestId: 723774c8-6aad-53ca-990e-2a441dd4754d

2024-04-07T10:28:28.909Z REPORT RequestId: 723774c8-6aad-53ca-990e-2a441dd4754d	Duration: 101.86 ms	Billed Duration: 102 ms	Memory Size: 1024 MB	Max Memory Used: 126 MB	

2024-04-07T10:23:58.605Z START RequestId: 8add17a5-99bb-504a-becc-4929efce2364 Version: $LATEST

2024-04-07T10:23:58.635Z 2024-04-07T10:23:58.635Z	8add17a5-99bb-504a-becc-4929efce2364	INFO	Processing message e64ae825-28f7-4815-afae-74040bc11a93

2024-04-07T10:23:58.635Z 2024-04-07T10:23:58.635Z	8add17a5-99bb-504a-becc-4929efce2364	INFO	Skipping the balance sync for create subscription, it will be synced from create subscription payment listener

2024-04-07T10:23:58.637Z END RequestId: 8add17a5-99bb-504a-becc-4929efce2364

2024-04-07T10:23:58.637Z REPORT RequestId: 8add17a5-99bb-504a-becc-4929efce2364	Duration: 31.93 ms	Billed Duration: 32 ms	Memory Size: 1024 MB	Max Memory Used: 126 MB	

2024-04-07T10:23:26.588Z START RequestId: bc9ecbe2-4ff8-5ac9-a556-956e39a8b9e7 Version: $LATEST

2024-04-07T10:23:26.631Z 2024-04-07T10:23:26.631Z	bc9ecbe2-4ff8-5ac9-a556-956e39a8b9e7	INFO	Processing message 28c4db7e-aad2-49e4-9673-3693a4a3dd6c

2024-04-07T10:23:26.648Z 2024-04-07T10:23:26.648Z	bc9ecbe2-4ff8-5ac9-a556-956e39a8b9e7	INFO	Skipping the balance sync for create subscription, it will be synced from create subscription payment listener

2024-04-07T10:23:26.649Z END RequestId: bc9ecbe2-4ff8-5ac9-a556-956e39a8b9e7

2024-04-07T10:23:26.649Z REPORT RequestId: bc9ecbe2-4ff8-5ac9-a556-956e39a8b9e7	Duration: 61.52 ms	Billed Duration: 62 ms	Memory Size: 1024 MB	Max Memory Used: 126 MB	

2024-04-07T10:23:28.865Z START RequestId: fcf823dd-2503-5e08-9df6-7d5153581917 Version: $LATEST

2024-04-07T10:23:28.911Z 2024-04-07T10:23:28.911Z	fcf823dd-2503-5e08-9df6-7d5153581917	INFO	Processing message 37624053-4d9e-4661-8cc9-c6ca0ccb5649

2024-04-07T10:23:28.911Z 2024-04-07T10:23:28.911Z	fcf823dd-2503-5e08-9df6-7d5153581917	INFO	Skipping the balance sync for create subscription, it will be synced from create subscription payment listener

2024-04-07T10:23:28.912Z END RequestId: fcf823dd-2503-5e08-9df6-7d5153581917

2024-04-07T10:23:28.912Z REPORT RequestId: fcf823dd-2503-5e08-9df6-7d5153581917	Duration: 47.18 ms	Billed Duration: 48 ms	Memory Size: 1024 MB	Max Memory Used: 126 MB	

2024-04-07T10:23:28.917Z START RequestId: 036136d1-6361-5581-9759-685d153e76af Version: $LATEST

2024-04-07T10:23:28.943Z 2024-04-07T10:23:28.943Z	036136d1-6361-5581-9759-685d153e76af	INFO	Processing message ee697a89-4073-4a4b-81f1-be1b316acc51

2024-04-07T10:23:28.944Z 2024-04-07T10:23:28.944Z	036136d1-6361-5581-9759-685d153e76af	INFO	Skipping the balance sync for create subscription, it will be synced from create subscription payment listener

2024-04-07T10:23:28.945Z END RequestId: 036136d1-6361-5581-9759-685d153e76af

2024-04-07T10:23:28.945Z REPORT RequestId: 036136d1-6361-5581-9759-685d153e76af	Duration: 28.01 ms	Billed Duration: 29 ms	Memory Size: 1024 MB	Max Memory Used: 126 MB	

2024-04-07T10:22:48.973Z INIT_START Runtime Version: nodejs:20.v19	Runtime Version ARN: arn:aws:lambda:us-east-1::runtime:2d68d583b872accb8815f845161e9bbabc6ac3ed4d0ab8c23e75f8788cf5444a

2024-04-07T10:22:49.973Z START RequestId: 7b0cff5b-5db8-54e1-95cd-a1d72b90e7cf Version: $LATEST

2024-04-07T10:22:50.118Z 2024-04-07T10:22:50.118Z	7b0cff5b-5db8-54e1-95cd-a1d72b90e7cf	INFO	Processing message a8beea00-de26-4dcb-b8d8-62560a63c298

2024-04-07T10:22:50.177Z 2024-04-07T10:22:50.177Z	7b0cff5b-5db8-54e1-95cd-a1d72b90e7cf	INFO	Start syncing the balance {
  transaction: {
    id: '01HTV3BP24T1KQK8EZZ5K3H4VZ',
    type: 'CREDIT',
    source: 'MANUAL_ADDITION',
    action: 'CALO_TEAM_PERKS',
    userId: '67c42c0a-38dc-4917-b323-f8e7e0a5e9cb',
    paymentBalance: 10000,
    updatePaymentBalance: true,
    metadata: '{"walletId":"wallet#67c42c0a-38dc-4917-b323-f8e7e0a5e9cb","walletSk":"c816ae5b-623f-422d-a516-23969b802550"}',
    currency: 'BHD',
    amount: 909.091,
    vat: 0,
    oldBalance: 0,
    newBalance: 909.091
  }
}

2024-04-07T10:22:50.286Z 2024-04-07T10:22:50.286Z	7b0cff5b-5db8-54e1-95cd-a1d72b90e7cf	INFO	SubscriptionBalanceUpdated event published

2024-04-07T10:22:50.324Z 2024-04-07T10:22:50.324Z	7b0cff5b-5db8-54e1-95cd-a1d72b90e7cf	ERROR	Subscription balance and payment balance are not in sync {
  userId: '67c42c0a-38dc-4917-b323-f8e7e0a5e9cb',
  subscriptionBalance: 909.091,
  paymentBalance: 10000
}

2024-04-07T10:22:50.351Z END RequestId: 7b0cff5b-5db8-54e1-95cd-a1d72b90e7cf

2024-04-07T10:22:50.351Z REPORT RequestId: 7b0cff5b-5db8-54e1-95cd-a1d72b90e7cf	Duration: 377.70 ms	Billed Duration: 378 ms	Memory Size: 1024 MB	Max Memory Used: 116 MB	Init Duration: 999.22 ms	

