2024-03-19T21:01:11.585Z 2024-03-19T21:01:11.585Z	02b75682-6eb8-5d18-8362-08f191efe65a	INFO	SubscriptionBalanceUpdated event published

2024-03-19T21:01:11.598Z 2024-03-19T21:01:11.598Z	02b75682-6eb8-5d18-8362-08f191efe65a	INFO	Processing message 3dce34f8-bdfe-4af7-aa79-d1e6c0ef45be

2024-03-19T21:01:11.604Z 2024-03-19T21:01:11.604Z	02b75682-6eb8-5d18-8362-08f191efe65a	INFO	Start syncing the balance {
  transaction: {
    id: '01HSC898JKE6FMRNE3ZZBCA10S',
    type: 'DEBIT',
    source: 'MANUAL_DEDUCTION',
    action: 'DELIVERY_DEDUCTION',
    userId: 'fb387231-a328-4c4d-8d82-dda7943af9e7',
    paymentBalance: 33609,
    updatePaymentBalance: true,
    metadata: '{"walletId":"wallet#fb387231-a328-4c4d-8d82-dda7943af9e7","deliveryId":"5f2b43d8-a802-4502-90bb-8efcc5e6be32","walletSk":"5f2b43d8-a802-4502-90bb-8efcc5e6be32"}',
    currency: 'SAR',
    amount: 115,
    vat: 0,
    oldBalance: 33824,
    newBalance: 33709
  }
}

2024-03-19T21:01:11.644Z 2024-03-19T21:01:11.644Z	02b75682-6eb8-5d18-8362-08f191efe65a	INFO	SubscriptionBalanceUpdated event published

2024-03-19T21:01:11.655Z 2024-03-19T21:01:11.655Z	02b75682-6eb8-5d18-8362-08f191efe65a	ERROR	Subscription balance and payment balance are not in sync {
  userId: 'fb387231-a328-4c4d-8d82-dda7943af9e7',
  subscriptionBalance: 33709,
  paymentBalance: 33609
}

2024-03-19T21:01:11.672Z 2024-03-19T21:01:11.672Z	02b75682-6eb8-5d18-8362-08f191efe65a	INFO	Processing message 63bca515-dfd5-4b85-8bff-9e5c5dd625d4

2024-03-19T21:01:11.678Z 2024-03-19T21:01:11.678Z	02b75682-6eb8-5d18-8362-08f191efe65a	INFO	Start syncing the balance {
  transaction: {
    id: '01HSC898Q5M8WYP2J6Y8BP3SZ7',
    type: 'DEBIT',
    source: 'MANUAL_DEDUCTION',
    action: 'DELIVERY_DEDUCTION',
    userId: '7f97b814-017d-430e-9779-877ec174861e',
    paymentBalance: -382.032,
    updatePaymentBalance: true,
    metadata: '{"walletId":"wallet#7f97b814-017d-430e-9779-877ec174861e","deliveryId":"383e33d0-d907-4770-ac29-7096f9df6ed7","walletSk":"383e33d0-d907-4770-ac29-7096f9df6ed7"}',
    currency: 'BHD',
    amount: 6,
    vat: 0,
    oldBalance: 629.5878,
    newBalance: 623.588
  }
}

2024-03-19T21:01:11.721Z 2024-03-19T21:01:11.721Z	02b75682-6eb8-5d18-8362-08f191efe65a	INFO	SubscriptionBalanceUpdated event published

2024-03-19T21:01:11.734Z 2024-03-19T21:01:11.734Z	02b75682-6eb8-5d18-8362-08f191efe65a	ERROR	Subscription balance and payment balance are not in sync {
  userId: '7f97b814-017d-430e-9779-877ec174861e',
  subscriptionBalance: 623.588,
  paymentBalance: -382.032
}

2024-03-19T21:01:11.749Z 2024-03-19T21:01:11.749Z	02b75682-6eb8-5d18-8362-08f191efe65a	INFO	Processing message 0fdfb53f-fda6-41b0-a05f-46df0aaec01c

2024-03-19T21:01:11.755Z 2024-03-19T21:01:11.755Z	02b75682-6eb8-5d18-8362-08f191efe65a	INFO	Start syncing the balance {
  transaction: {
    id: '01HSC898NPKX1SV8B1E4Q27XWN',
    type: 'DEBIT',
    source: 'MANUAL_DEDUCTION',
    action: 'DELIVERY_DEDUCTION',
    userId: '2c77a724-b701-4868-b804-c96855a3e9d8',
    paymentBalance: 1319.3,
    updatePaymentBalance: true,
    metadata: '{"walletId":"wallet#2c77a724-b701-4868-b804-c96855a3e9d8","deliveryId":"0026607b-9163-4aa6-95e0-657321dac861","walletSk":"0026607b-9163-4aa6-95e0-657321dac861"}',
    currency: 'BHD',
    amount: 8,
    vat: 0,
    oldBalance: 1327.3,
    newBalance: 1319.3
  }
}

2024-03-19T21:01:11.798Z 2024-03-19T21:01:11.798Z	02b75682-6eb8-5d18-8362-08f191efe65a	INFO	SubscriptionBalanceUpdated event published

2024-03-19T21:01:11.826Z 2024-03-19T21:01:11.826Z	02b75682-6eb8-5d18-8362-08f191efe65a	INFO	Processing message 132d956f-fa97-4878-a497-c77f00ec9f9e

2024-03-19T21:01:11.831Z 2024-03-19T21:01:11.831Z	02b75682-6eb8-5d18-8362-08f191efe65a	INFO	Start syncing the balance {
  transaction: {
    id: '01HSC898G0AKRXX4QE65V3TKM2',
    type: 'DEBIT',
    source: 'MANUAL_DEDUCTION',
    action: 'DELIVERY_DEDUCTION',
    userId: '1a65135a-58fd-4db7-aaaa-5a2a8b799470',
    paymentBalance: 112,
    updatePaymentBalance: true,
    metadata: '{"walletId":"wallet#1a65135a-58fd-4db7-aaaa-5a2a8b799470","deliveryId":"0f780af8-eee3-4f09-8bd9-4aec45d93b57","walletSk":"0f780af8-eee3-4f09-8bd9-4aec45d93b57"}',
    currency: 'BHD',
    amount: 8,
    vat: 0,
    oldBalance: 120,
    newBalance: 112
  }
}

2024-03-19T21:01:11.897Z 2024-03-19T21:01:11.897Z	02b75682-6eb8-5d18-8362-08f191efe65a	INFO	SubscriptionBalanceUpdated event published

2024-03-19T21:01:11.910Z END RequestId: 02b75682-6eb8-5d18-8362-08f191efe65a

2024-03-19T21:01:11.910Z REPORT RequestId: 02b75682-6eb8-5d18-8362-08f191efe65a	Duration: 407.73 ms	Billed Duration: 408 ms	Memory Size: 1024 MB	Max Memory Used: 129 MB	

2024-03-19T21:01:11.988Z START RequestId: 115917c9-f9a8-5bcb-be59-49ba06ffc089 Version: $LATEST

2024-03-19T21:01:12.020Z 2024-03-19T21:01:12.020Z	115917c9-f9a8-5bcb-be59-49ba06ffc089	INFO	Processing message aef8e1d9-8f47-40f6-a7c8-aa2e40cf338a

2024-03-19T21:01:12.025Z 2024-03-19T21:01:12.025Z	115917c9-f9a8-5bcb-be59-49ba06ffc089	INFO	Start syncing the balance {
  transaction: {
    id: '01HSC89917X69JTZW59RGDHANR',
    type: 'DEBIT',
    source: 'MANUAL_DEDUCTION',
    action: 'DELIVERY_DEDUCTION',
    userId: 'f434d164-8656-429c-a7c9-fc4ab238f377',
    paymentBalance: 34.909,
    updatePaymentBalance: true,
    metadata: '{"walletId":"wallet#f434d164-8656-429c-a7c9-fc4ab238f377","deliveryId":"5944c97d-b5a4-44fc-84fd-b8a0a301b08a","walletSk":"5944c97d-b5a4-44fc-84fd-b8a0a301b08a"}',
    currency: 'BHD',
    amount: 4,
    vat: 0,
    oldBalance: 38.909,
    newBalance: 34.909
  }
}

2024-03-19T21:01:12.068Z 2024-03-19T21:01:12.068Z	115917c9-f9a8-5bcb-be59-49ba06ffc089	INFO	SubscriptionBalanceUpdated event published

2024-03-19T21:01:12.079Z 2024-03-19T21:01:12.079Z	115917c9-f9a8-5bcb-be59-49ba06ffc089	INFO	Processing message a58e6e02-aae6-4bf9-9400-1759e63ac99b

2024-03-19T21:01:12.085Z 2024-03-19T21:01:12.085Z	115917c9-f9a8-5bcb-be59-49ba06ffc089	INFO	Start syncing the balance {
  transaction: {
    id: '01HSC8996Y0Z9JKMXR900FHR53',
    type: 'DEBIT',
    source: 'MANUAL_DEDUCTION',
    action: 'DELIVERY_DEDUCTION',
    userId: 'db6f61ad-2c50-447e-b22a-69cbdefd1b93',
    paymentBalance: 1734,
    updatePaymentBalance: true,
    metadata: '{"walletId":"wallet#db6f61ad-2c50-447e-b22a-69cbdefd1b93","deliveryId":"7e2a9ef9-3b3d-4b00-b81f-c9c71c17de65","walletSk":"7e2a9ef9-3b3d-4b00-b81f-c9c71c17de65"}',
    currency: 'SAR',
    amount: 102,
    vat: 0,
    oldBalance: 1836,
    newBalance: 1734
  }
}

2024-03-19T21:01:12.124Z 2024-03-19T21:01:12.124Z	115917c9-f9a8-5bcb-be59-49ba06ffc089	INFO	SubscriptionBalanceUpdated event published

2024-03-19T21:01:12.137Z END RequestId: 115917c9-f9a8-5bcb-be59-49ba06ffc089

2024-03-19T21:01:12.137Z REPORT RequestId: 115917c9-f9a8-5bcb-be59-49ba06ffc089	Duration: 148.74 ms	Billed Duration: 149 ms	Memory Size: 1024 MB	Max Memory Used: 129 MB	

2024-03-19T21:01:12.159Z START RequestId: 3d397a8c-77b9-51d9-8cdf-24ff88e17a9b Version: $LATEST

2024-03-19T21:01:12.186Z 2024-03-19T21:01:12.186Z	3d397a8c-77b9-51d9-8cdf-24ff88e17a9b	INFO	Processing message e485f1ec-4c35-45cf-a922-e0468b642399

2024-03-19T21:01:12.191Z 2024-03-19T21:01:12.191Z	3d397a8c-77b9-51d9-8cdf-24ff88e17a9b	INFO	Start syncing the balance {
  transaction: {
    id: '01HSC8991Z2CM8MQSC0G00HFR2',
    type: 'DEBIT',
    source: 'MANUAL_DEDUCTION',
    action: 'DELIVERY_DEDUCTION',
    userId: '2248520a-3a2a-4202-855c-5fa92d33d90b',
    paymentBalance: 168,
    updatePaymentBalance: true,
    metadata: '{"walletId":"wallet#2248520a-3a2a-4202-855c-5fa92d33d90b","deliveryId":"7f6c03ed-c991-46ea-a654-23bb51ec221e","walletSk":"7f6c03ed-c991-46ea-a654-23bb51ec221e"}',
    currency: 'BHD',
    amount: 8,
    vat: 0,
    oldBalance: 176,
    newBalance: 168
  }
}

2024-03-19T21:01:12.232Z 2024-03-19T21:01:12.232Z	3d397a8c-77b9-51d9-8cdf-24ff88e17a9b	INFO	SubscriptionBalanceUpdated event published

2024-03-19T21:01:12.246Z 2024-03-19T21:01:12.246Z	3d397a8c-77b9-51d9-8cdf-24ff88e17a9b	INFO	Processing message 6537d046-b0f9-4cf8-9e49-aba6df6af60e

2024-03-19T21:01:12.251Z 2024-03-19T21:01:12.251Z	3d397a8c-77b9-51d9-8cdf-24ff88e17a9b	INFO	Start syncing the balance {
  transaction: {
    id: '01HSC8994Q0MDJBR4CQV6TTN1F',
    type: 'DEBIT',
    source: 'MANUAL_DEDUCTION',
    action: 'DELIVERY_DEDUCTION',
    userId: '76b5101c-400d-45d2-9392-ee6d94c113db',
    paymentBalance: 48,
    updatePaymentBalance: true,
    metadata: '{"walletId":"wallet#76b5101c-400d-45d2-9392-ee6d94c113db","deliveryId":"89759625-8f4b-4816-9859-a84f7593d9f7","walletSk":"89759625-8f4b-4816-9859-a84f7593d9f7"}',
    currency: 'BHD',
    amount: 8,
    vat: 0,
    oldBalance: 56,
    newBalance: 48
  }
}

2024-03-19T21:01:12.296Z 2024-03-19T21:01:12.296Z	3d397a8c-77b9-51d9-8cdf-24ff88e17a9b	INFO	SubscriptionBalanceUpdated event published

2024-03-19T21:01:12.307Z END RequestId: 3d397a8c-77b9-51d9-8cdf-24ff88e17a9b

2024-03-19T21:01:12.307Z REPORT RequestId: 3d397a8c-77b9-51d9-8cdf-24ff88e17a9b	Duration: 148.47 ms	Billed Duration: 149 ms	Memory Size: 1024 MB	Max Memory Used: 129 MB	

2024-03-19T21:01:12.347Z START RequestId: 3672f63c-d691-508a-b1c0-a84f29c99b74 Version: $LATEST

2024-03-19T21:01:12.369Z 2024-03-19T21:01:12.369Z	3672f63c-d691-508a-b1c0-a84f29c99b74	INFO	Processing message 509dbdde-486a-4c63-a6af-9799b24357ab

2024-03-19T21:01:12.374Z 2024-03-19T21:01:12.374Z	3672f63c-d691-508a-b1c0-a84f29c99b74	INFO	Start syncing the balance {
  transaction: {
    id: '01HSC899DS5TKZVMKYC85D381N',
    type: 'DEBIT',
    source: 'MANUAL_DEDUCTION',
    action: 'DELIVERY_DEDUCTION',
    userId: '3c623147-03b8-4887-8357-05fb23aa3f10',
    paymentBalance: 120,
    updatePaymentBalance: true,
    metadata: '{"walletId":"wallet#3c623147-03b8-4887-8357-05fb23aa3f10","deliveryId":"863f826a-9b57-4d6c-8c9c-d4d957cf91d8","walletSk":"863f826a-9b57-4d6c-8c9c-d4d957cf91d8"}',
    currency: 'BHD',
    amount: 8,
    vat: 0,
    oldBalance: 128,
    newBalance: 120
  }
}

2024-03-19T21:01:12.417Z 2024-03-19T21:01:12.417Z	3672f63c-d691-508a-b1c0-a84f29c99b74	INFO	SubscriptionBalanceUpdated event published

2024-03-19T21:01:12.432Z END RequestId: 3672f63c-d691-508a-b1c0-a84f29c99b74

2024-03-19T21:01:12.432Z REPORT RequestId: 3672f63c-d691-508a-b1c0-a84f29c99b74	Duration: 84.99 ms	Billed Duration: 85 ms	Memory Size: 1024 MB	Max Memory Used: 129 MB	

2024-03-19T21:01:12.446Z START RequestId: 31da0b48-a6f4-562b-bcba-553b59ac0dd5 Version: $LATEST

2024-03-19T21:01:12.460Z 2024-03-19T21:01:12.460Z	31da0b48-a6f4-562b-bcba-553b59ac0dd5	INFO	Processing message 5d16ad7d-90a9-4ace-9ed6-27481e837c1b

2024-03-19T21:01:12.465Z 2024-03-19T21:01:12.465Z	31da0b48-a6f4-562b-bcba-553b59ac0dd5	INFO	Start syncing the balance {
  transaction: {
    id: '01HSC899KMH8AB5938YEH64MPG',
    type: 'DEBIT',
    source: 'MANUAL_DEDUCTION',
    action: 'DELIVERY_DEDUCTION',
    userId: '42df422f-7763-4677-954d-6cad41429c49',
    paymentBalance: 120,
    updatePaymentBalance: true,
    metadata: '{"walletId":"wallet#42df422f-7763-4677-954d-6cad41429c49","deliveryId":"9e43b0d9-3443-4fe1-9563-864db27402b4","walletSk":"9e43b0d9-3443-4fe1-9563-864db27402b4"}',
    currency: 'BHD',
    amount: 8,
    vat: 0,
    oldBalance: 128,
    newBalance: 120
  }
}

2024-03-19T21:01:12.509Z 2024-03-19T21:01:12.509Z	31da0b48-a6f4-562b-bcba-553b59ac0dd5	INFO	SubscriptionBalanceUpdated event published

2024-03-19T21:01:12.519Z 2024-03-19T21:01:12.519Z	31da0b48-a6f4-562b-bcba-553b59ac0dd5	INFO	Processing message ee2143c8-8e36-4822-a1da-da2383f73b5d

2024-03-19T21:01:12.523Z 2024-03-19T21:01:12.523Z	31da0b48-a6f4-562b-bcba-553b59ac0dd5	INFO	Start syncing the balance {
  transaction: {
    id: '01HSC899K37ZY6VX441YRHGD20',
    type: 'DEBIT',
    source: 'MANUAL_DEDUCTION',
    action: 'DELIVERY_DEDUCTION',
    userId: 'ecc1a359-4cfc-4372-9dd6-f18c617e60b0',
    paymentBalance: 112,
    updatePaymentBalance: true,
    metadata: '{"walletId":"wallet#ecc1a359-4cfc-4372-9dd6-f18c617e60b0","deliveryId":"94e71755-f022-47d9-9f00-f7f2e724e318","walletSk":"94e71755-f022-47d9-9f00-f7f2e724e318"}',
    currency: 'BHD',
    amount: 8,
    vat: 0,
    oldBalance: 120,
    newBalance: 112
  }
}

2024-03-19T21:01:12.564Z 2024-03-19T21:01:12.564Z	31da0b48-a6f4-562b-bcba-553b59ac0dd5	INFO	SubscriptionBalanceUpdated event published

2024-03-19T21:01:12.576Z END RequestId: 31da0b48-a6f4-562b-bcba-553b59ac0dd5

2024-03-19T21:01:12.576Z REPORT RequestId: 31da0b48-a6f4-562b-bcba-553b59ac0dd5	Duration: 130.65 ms	Billed Duration: 131 ms	Memory Size: 1024 MB	Max Memory Used: 129 MB	

2024-03-19T21:01:12.675Z START RequestId: c3d840d0-7eb7-5d66-9955-1ea381eff624 Version: $LATEST

2024-03-19T21:01:12.689Z 2024-03-19T21:01:12.689Z	c3d840d0-7eb7-5d66-9955-1ea381eff624	INFO	Processing message 70cd4ccb-1e10-4ca5-ab49-4d7c0e77b081

2024-03-19T21:01:12.695Z 2024-03-19T21:01:12.695Z	c3d840d0-7eb7-5d66-9955-1ea381eff624	INFO	Start syncing the balance {
  transaction: {
    id: '01HSC899QR1PQJBXDG6RVGPJRK',
    type: 'DEBIT',
    source: 'MANUAL_DEDUCTION',
    action: 'DELIVERY_DEDUCTION',
    userId: 'e8062346-faa2-400f-a070-a970fc4caab4',
    paymentBalance: 1939.076,
    updatePaymentBalance: true,
    metadata: '{"walletId":"wallet#e8062346-faa2-400f-a070-a970fc4caab4","deliveryId":"a0c2deed-4fdc-4ce2-96b4-3cecd16cd1a8","walletSk":"a0c2deed-4fdc-4ce2-96b4-3cecd16cd1a8"}',
    currency: 'BHD',
    amount: 3.5,
    vat: 0,
    oldBalance: 33.2,
    newBalance: 29.7
  }
}

2024-03-19T21:01:12.735Z 2024-03-19T21:01:12.735Z	c3d840d0-7eb7-5d66-9955-1ea381eff624	INFO	SubscriptionBalanceUpdated event published

2024-03-19T21:01:12.749Z 2024-03-19T21:01:12.749Z	c3d840d0-7eb7-5d66-9955-1ea381eff624	ERROR	Subscription balance and payment balance are not in sync {
  userId: 'e8062346-faa2-400f-a070-a970fc4caab4',
  subscriptionBalance: 29.7,
  paymentBalance: 1939.076
}

2024-03-19T21:01:12.767Z END RequestId: c3d840d0-7eb7-5d66-9955-1ea381eff624

2024-03-19T21:01:12.767Z REPORT RequestId: c3d840d0-7eb7-5d66-9955-1ea381eff624	Duration: 92.42 ms	Billed Duration: 93 ms	Memory Size: 1024 MB	Max Memory Used: 129 MB	

2024-03-19T21:01:12.983Z START RequestId: 144ccacd-b70f-5078-9c3d-94be4857eb3a Version: $LATEST

2024-03-19T21:01:12.998Z 2024-03-19T21:01:12.998Z	144ccacd-b70f-5078-9c3d-94be4857eb3a	INFO	Processing message b9747124-2921-4b67-bb0f-4266058c6dbd

2024-03-19T21:01:13.003Z 2024-03-19T21:01:13.003Z	144ccacd-b70f-5078-9c3d-94be4857eb3a	INFO	Start syncing the balance {
  transaction: {
    id: '01HSC89A2YBVSAA32W6NPYEA76',
    type: 'DEBIT',
    source: 'MANUAL_DEDUCTION',
    action: 'DELIVERY_DEDUCTION',
    userId: '2af65ba7-48fc-4433-be65-5dca7e3094a8',
    paymentBalance: 224.195,
    updatePaymentBalance: true,
    metadata: '{"walletId":"wallet#2af65ba7-48fc-4433-be65-5dca7e3094a8","deliveryId":"b1d90675-c5be-4497-b8b2-9a06c5aed6be","walletSk":"b1d90675-c5be-4497-b8b2-9a06c5aed6be"}',
    currency: 'BHD',
    amount: 60.164,
    vat: 0,
    oldBalance: 154.743,
    newBalance: 94.579
  }
}

2024-03-19T21:01:13.046Z 2024-03-19T21:01:13.046Z	144ccacd-b70f-5078-9c3d-94be4857eb3a	INFO	SubscriptionBalanceUpdated event published

2024-03-19T21:01:13.058Z 2024-03-19T21:01:13.058Z	144ccacd-b70f-5078-9c3d-94be4857eb3a	ERROR	Subscription balance and payment balance are not in sync {
  userId: '2af65ba7-48fc-4433-be65-5dca7e3094a8',
  subscriptionBalance: 94.579,
  paymentBalance: 224.195
}

2024-03-19T21:01:13.079Z END RequestId: 144ccacd-b70f-5078-9c3d-94be4857eb3a

2024-03-19T21:01:13.079Z REPORT RequestId: 144ccacd-b70f-5078-9c3d-94be4857eb3a	Duration: 95.67 ms	Billed Duration: 96 ms	Memory Size: 1024 MB	Max Memory Used: 129 MB	

2024-03-19T21:01:13.171Z START RequestId: 5a0e3843-35e5-5091-8598-6630cabcebd3 Version: $LATEST

2024-03-19T21:01:13.198Z 2024-03-19T21:01:13.198Z	5a0e3843-35e5-5091-8598-6630cabcebd3	INFO	Processing message b8ba80a5-7998-4106-bd05-eaaf3bbeb4ff

2024-03-19T21:01:13.205Z 2024-03-19T21:01:13.205Z	5a0e3843-35e5-5091-8598-6630cabcebd3	INFO	Start syncing the balance {
  transaction: {
    id: '01HSC89A4B1JKRZD3RSQTYRNGH',
    type: 'DEBIT',
    source: 'MANUAL_DEDUCTION',
    action: 'DELIVERY_DEDUCTION',
    userId: '91d43fa2-78da-464b-b348-fb35489b1397',
    paymentBalance: 63,
    updatePaymentBalance: true,
    metadata: '{"walletId":"wallet#91d43fa2-78da-464b-b348-fb35489b1397","deliveryId":"2c6b0ee3-612f-4c86-b659-6537ebd6e64c","walletSk":"2c6b0ee3-612f-4c86-b659-6537ebd6e64c"}',
    currency: 'BHD',
    amount: 9,
    vat: 0,
    oldBalance: 72,
    newBalance: 63
  }
}

2024-03-19T21:01:13.244Z 2024-03-19T21:01:13.244Z	5a0e3843-35e5-5091-8598-6630cabcebd3	INFO	SubscriptionBalanceUpdated event published

2024-03-19T21:01:13.261Z END RequestId: 5a0e3843-35e5-5091-8598-6630cabcebd3

2024-03-19T21:01:13.261Z REPORT RequestId: 5a0e3843-35e5-5091-8598-6630cabcebd3	Duration: 89.56 ms	Billed Duration: 90 ms	Memory Size: 1024 MB	Max Memory Used: 129 MB	

2024-03-19T21:01:13.417Z START RequestId: d1a2db13-8d73-5623-ab2d-8560722a2d61 Version: $LATEST

2024-03-19T21:01:13.438Z 2024-03-19T21:01:13.438Z	d1a2db13-8d73-5623-ab2d-8560722a2d61	INFO	Processing message 957cc925-01ce-4757-9d00-24eed7ba628b

2024-03-19T21:01:13.444Z 2024-03-19T21:01:13.444Z	d1a2db13-8d73-5623-ab2d-8560722a2d61	INFO	Start syncing the balance {
  transaction: {
    id: '01HSC89AFGVZK1F0CYF55Q0PVK',
    type: 'DEBIT',
    source: 'MANUAL_DEDUCTION',
    action: 'DELIVERY_DEDUCTION',
    userId: '148aacab-07be-4a6a-8827-a02ea043df6a',
    paymentBalance: 1700,
    updatePaymentBalance: true,
    metadata: '{"walletId":"wallet#148aacab-07be-4a6a-8827-a02ea043df6a","deliveryId":"09fd562d-21ce-4cfc-807a-6267a02f1e6c","walletSk":"09fd562d-21ce-4cfc-807a-6267a02f1e6c"}',
    currency: 'SAR',
    amount: 100,
    vat: 0,
    oldBalance: 1800,
    newBalance: 1700
  }
}

2024-03-19T21:01:13.482Z 2024-03-19T21:01:13.482Z	d1a2db13-8d73-5623-ab2d-8560722a2d61	INFO	SubscriptionBalanceUpdated event published

2024-03-19T21:01:13.495Z END RequestId: d1a2db13-8d73-5623-ab2d-8560722a2d61

2024-03-19T21:01:13.495Z REPORT RequestId: d1a2db13-8d73-5623-ab2d-8560722a2d61	Duration: 78.50 ms	Billed Duration: 79 ms	Memory Size: 1024 MB	Max Memory Used: 129 MB	

2024-03-19T21:01:13.670Z START RequestId: c8de8b9f-99f5-5125-84ba-d5ec66ac2a67 Version: $LATEST

2024-03-19T21:01:13.693Z 2024-03-19T21:01:13.693Z	c8de8b9f-99f5-5125-84ba-d5ec66ac2a67	INFO	Processing message 4d39439d-f96c-40dd-a866-eae994757a74

2024-03-19T21:01:13.698Z 2024-03-19T21:01:13.698Z	c8de8b9f-99f5-5125-84ba-d5ec66ac2a67	INFO	Start syncing the balance {
  transaction: {
    id: '01HSC89ATNSMRDRFRXN1ZX7HSM',
    type: 'DEBIT',
    source: 'MANUAL_DEDUCTION',
    action: 'DELIVERY_DEDUCTION',
    userId: '31ff3bfa-4a07-4ddd-b4ce-b3b7a8211975',
    paymentBalance: 136,
    updatePaymentBalance: true,
    metadata: '{"walletId":"wallet#31ff3bfa-4a07-4ddd-b4ce-b3b7a8211975","deliveryId":"2020ef67-2fac-4b40-b5e7-39b0a641fd87","walletSk":"2020ef67-2fac-4b40-b5e7-39b0a641fd87"}',
    currency: 'BHD',
    amount: 8,
    vat: 0,
    oldBalance: 144,
    newBalance: 136
  }
}

2024-03-19T21:01:13.741Z 2024-03-19T21:01:13.741Z	c8de8b9f-99f5-5125-84ba-d5ec66ac2a67	INFO	SubscriptionBalanceUpdated event published

2024-03-19T21:01:13.759Z END RequestId: c8de8b9f-99f5-5125-84ba-d5ec66ac2a67

2024-03-19T21:01:13.759Z REPORT RequestId: c8de8b9f-99f5-5125-84ba-d5ec66ac2a67	Duration: 88.48 ms	Billed Duration: 89 ms	Memory Size: 1024 MB	Max Memory Used: 129 MB	

2024-03-19T21:01:13.922Z START RequestId: 9955e8a9-3a79-5b62-b75f-b6dac520e020 Version: $LATEST

2024-03-19T21:01:13.947Z 2024-03-19T21:01:13.947Z	9955e8a9-3a79-5b62-b75f-b6dac520e020	INFO	Processing message b62bbd7b-8937-4daf-8896-0a059a1c2979

2024-03-19T21:01:13.952Z 2024-03-19T21:01:13.952Z	9955e8a9-3a79-5b62-b75f-b6dac520e020	INFO	Start syncing the balance {
  transaction: {
    id: '01HSC89AXP3PX76Y697KTZRB1E',
    type: 'DEBIT',
    source: 'MANUAL_DEDUCTION',
    action: 'DELIVERY_DEDUCTION',
    userId: '85b299bd-0fd0-4ed0-8614-3332cdf067dd',
    paymentBalance: 1498,
    updatePaymentBalance: true,
    metadata: '{"walletId":"wallet#85b299bd-0fd0-4ed0-8614-3332cdf067dd","deliveryId":"063ba47f-e4a6-4d5a-aebe-67e1d0aeb2fb","walletSk":"063ba47f-e4a6-4d5a-aebe-67e1d0aeb2fb"}',
    currency: 'AED',
    amount: 107,
    vat: 0,
    oldBalance: 1605,
    newBalance: 1498
  }
}

2024-03-19T21:01:13.996Z 2024-03-19T21:01:13.996Z	9955e8a9-3a79-5b62-b75f-b6dac520e020	INFO	SubscriptionBalanceUpdated event published

2024-03-19T21:01:14.010Z END RequestId: 9955e8a9-3a79-5b62-b75f-b6dac520e020

2024-03-19T21:01:14.010Z REPORT RequestId: 9955e8a9-3a79-5b62-b75f-b6dac520e020	Duration: 87.74 ms	Billed Duration: 88 ms	Memory Size: 1024 MB	Max Memory Used: 129 MB	

2024-03-19T21:01:14.090Z START RequestId: 4de06359-0504-5d65-bbe7-3d2afa5ed627 Version: $LATEST

2024-03-19T21:01:14.112Z 2024-03-19T21:01:14.112Z	4de06359-0504-5d65-bbe7-3d2afa5ed627	INFO	Processing message 9474fb91-a179-453f-b909-f320f4d286aa

2024-03-19T21:01:14.117Z 2024-03-19T21:01:14.117Z	4de06359-0504-5d65-bbe7-3d2afa5ed627	INFO	Start syncing the balance {
  transaction: {
    id: '01HSC89B0HCZZZJTMBNRXW8V0G',
    type: 'DEBIT',
    source: 'MANUAL_DEDUCTION',
    action: 'DELIVERY_DEDUCTION',
    userId: '5bc3c6b5-3049-4d37-9f04-c36bcb6de4a2',
    paymentBalance: 76809.136,
    updatePaymentBalance: true,
    metadata: '{"walletId":"wallet#5bc3c6b5-3049-4d37-9f04-c36bcb6de4a2","deliveryId":"de413582-cf94-46a1-8d2c-d705b5fc22cd","walletSk":"de413582-cf94-46a1-8d2c-d705b5fc22cd"}',
    currency: 'BHD',
    amount: 53,
    vat: 0,
    oldBalance: 76915.13636363637,
    newBalance: 76862.136
  }
}

2024-03-19T21:01:14.163Z 2024-03-19T21:01:14.163Z	4de06359-0504-5d65-bbe7-3d2afa5ed627	INFO	SubscriptionBalanceUpdated event published

2024-03-19T21:01:14.176Z 2024-03-19T21:01:14.176Z	4de06359-0504-5d65-bbe7-3d2afa5ed627	ERROR	Subscription balance and payment balance are not in sync {
  userId: '5bc3c6b5-3049-4d37-9f04-c36bcb6de4a2',
  subscriptionBalance: 76862.136,
  paymentBalance: 76809.136
}

2024-03-19T21:01:14.196Z 2024-03-19T21:01:14.196Z	4de06359-0504-5d65-bbe7-3d2afa5ed627	INFO	Processing message da74fca5-dde1-4e2a-a88d-db4770bc6495

2024-03-19T21:01:14.202Z 2024-03-19T21:01:14.202Z	4de06359-0504-5d65-bbe7-3d2afa5ed627	INFO	Start syncing the balance {
  transaction: {
    id: '01HSC89B64H63CD0FNRF4XKHKA',
    type: 'DEBIT',
    source: 'MANUAL_DEDUCTION',
    action: 'DELIVERY_DEDUCTION',
    userId: 'ddbc5455-86aa-4bdc-b4ae-ea5181bc0e4c',
    paymentBalance: 3369,
    updatePaymentBalance: true,
    metadata: '{"walletId":"wallet#ddbc5455-86aa-4bdc-b4ae-ea5181bc0e4c","deliveryId":"6777d62f-db77-480c-895f-60756214e637","walletSk":"6777d62f-db77-480c-895f-60756214e637"}',
    currency: 'SAR',
    amount: 81,
    vat: 0,
    oldBalance: 3450,
    newBalance: 3369
  }
}

2024-03-19T21:01:14.244Z 2024-03-19T21:01:14.244Z	4de06359-0504-5d65-bbe7-3d2afa5ed627	INFO	SubscriptionBalanceUpdated event published

2024-03-19T21:01:14.259Z 2024-03-19T21:01:14.259Z	4de06359-0504-5d65-bbe7-3d2afa5ed627	INFO	Processing message aa68c586-358b-466b-ac33-6878a2e1bd74

2024-03-19T21:01:14.265Z 2024-03-19T21:01:14.265Z	4de06359-0504-5d65-bbe7-3d2afa5ed627	INFO	Start syncing the balance {
  transaction: {
    id: '01HSC89B2TYDB4KS76Q6CRV8VQ',
    type: 'DEBIT',
    source: 'MANUAL_DEDUCTION',
    action: 'DELIVERY_DEDUCTION',
    userId: 'd469e45d-23f3-4430-b828-549a9237ea86',
    paymentBalance: 1530,
    updatePaymentBalance: true,
    metadata: '{"walletId":"wallet#d469e45d-23f3-4430-b828-549a9237ea86","deliveryId":"b096083c-1ef5-4115-a21a-8dd7a00798d0","walletSk":"b096083c-1ef5-4115-a21a-8dd7a00798d0"}',
    currency: 'SAR',
    amount: 90,
    vat: 0,
    oldBalance: 1620,
    newBalance: 1530
  }
}

2024-03-19T21:01:14.309Z 2024-03-19T21:01:14.309Z	4de06359-0504-5d65-bbe7-3d2afa5ed627	INFO	SubscriptionBalanceUpdated event published

2024-03-19T21:01:14.323Z 2024-03-19T21:01:14.323Z	4de06359-0504-5d65-bbe7-3d2afa5ed627	INFO	Processing message 3cc3fd0c-2a18-45a4-a8b8-30c17a68f560

2024-03-19T21:01:14.328Z 2024-03-19T21:01:14.328Z	4de06359-0504-5d65-bbe7-3d2afa5ed627	INFO	Start syncing the balance {
  transaction: {
    id: '01HSC89AXD03Z0KSHZ4YMCH65T',
    type: 'DEBIT',
    source: 'MANUAL_DEDUCTION',
    action: 'DELIVERY_DEDUCTION',
    userId: 'cfee18c3-4c5c-43d6-8333-459ced998886',
    paymentBalance: 400,
    updatePaymentBalance: true,
    metadata: '{"walletId":"wallet#cfee18c3-4c5c-43d6-8333-459ced998886","deliveryId":"f6a9fad6-dff7-4ebf-9071-9534bfc77b9c","walletSk":"f6a9fad6-dff7-4ebf-9071-9534bfc77b9c"}',
    currency: 'SAR',
    amount: 100,
    vat: 0,
    oldBalance: 500,
    newBalance: 400
  }
}

2024-03-19T21:01:14.374Z 2024-03-19T21:01:14.374Z	4de06359-0504-5d65-bbe7-3d2afa5ed627	INFO	SubscriptionBalanceUpdated event published

2024-03-19T21:01:14.386Z 2024-03-19T21:01:14.386Z	4de06359-0504-5d65-bbe7-3d2afa5ed627	INFO	Processing message a36df96a-83e7-47eb-9200-7adae9f1e9da

2024-03-19T21:01:14.390Z 2024-03-19T21:01:14.390Z	4de06359-0504-5d65-bbe7-3d2afa5ed627	INFO	Start syncing the balance {
  transaction: {
    id: '01HSC89B3QM1V2VB94H98ZXXY9',
    type: 'DEBIT',
    source: 'MANUAL_DEDUCTION',
    action: 'DELIVERY_DEDUCTION',
    userId: 'ed1e80f5-f440-4bed-9be8-352faed8f39a',
    paymentBalance: 144,
    updatePaymentBalance: true,
    metadata: '{"walletId":"wallet#ed1e80f5-f440-4bed-9be8-352faed8f39a","deliveryId":"7f0d4057-9f2e-4349-ab0f-17adcc95f43e","walletSk":"7f0d4057-9f2e-4349-ab0f-17adcc95f43e"}',
    currency: 'BHD',
    amount: 8,
    vat: 0,
    oldBalance: 152,
    newBalance: 144
  }
}

2024-03-19T21:01:14.433Z 2024-03-19T21:01:14.433Z	4de06359-0504-5d65-bbe7-3d2afa5ed627	INFO	SubscriptionBalanceUpdated event published

2024-03-19T21:01:14.445Z 2024-03-19T21:01:14.445Z	4de06359-0504-5d65-bbe7-3d2afa5ed627	INFO	Processing message 52170596-b13a-47f3-a57e-15d522cc7df0

2024-03-19T21:01:14.450Z 2024-03-19T21:01:14.450Z	4de06359-0504-5d65-bbe7-3d2afa5ed627	INFO	Start syncing the balance {
  transaction: {
    id: '01HSC89B0JVB3HME27SQGSVHDD',
    type: 'DEBIT',
    source: 'MANUAL_DEDUCTION',
    action: 'DELIVERY_DEDUCTION',
    userId: '09ab0c9d-acb3-41ef-b844-c50508c878e4',
    paymentBalance: 4699.1,
    updatePaymentBalance: true,
    metadata: '{"walletId":"wallet#09ab0c9d-acb3-41ef-b844-c50508c878e4","deliveryId":"9987995f-ad6f-4779-93b8-1571ab6a618f","walletSk":"9987995f-ad6f-4779-93b8-1571ab6a618f"}',
    currency: 'SAR',
    amount: 63,
    vat: 0,
    oldBalance: 4762.1,
    newBalance: 4699.1
  }
}

2024-03-19T21:01:14.498Z 2024-03-19T21:01:14.498Z	4de06359-0504-5d65-bbe7-3d2afa5ed627	INFO	SubscriptionBalanceUpdated event published

2024-03-19T21:01:14.511Z END RequestId: 4de06359-0504-5d65-bbe7-3d2afa5ed627

2024-03-19T21:01:14.511Z REPORT RequestId: 4de06359-0504-5d65-bbe7-3d2afa5ed627	Duration: 420.49 ms	Billed Duration: 421 ms	Memory Size: 1024 MB	Max Memory Used: 129 MB	

2024-03-19T21:01:14.548Z START RequestId: 83fa1ff8-ad7e-559d-a9c6-418b5224dedf Version: $LATEST

2024-03-19T21:01:14.573Z 2024-03-19T21:01:14.573Z	83fa1ff8-ad7e-559d-a9c6-418b5224dedf	INFO	Processing message 9617713c-6214-484d-a20c-89cea378b054

2024-03-19T21:01:14.580Z 2024-03-19T21:01:14.580Z	83fa1ff8-ad7e-559d-a9c6-418b5224dedf	INFO	Start syncing the balance {
  transaction: {
    id: '01HSC89BN8VK4PEE4VNXPYF5B1',
    type: 'DEBIT',
    source: 'MANUAL_DEDUCTION',
    action: 'DELIVERY_DEDUCTION',
    userId: '20f08d87-ee26-41f8-bfb1-a9622510e28a',
    paymentBalance: 2247,
    updatePaymentBalance: true,
    metadata: '{"walletId":"wallet#20f08d87-ee26-41f8-bfb1-a9622510e28a","deliveryId":"f0398d60-7d9c-4e2d-ae26-2e6e3626a9b6","walletSk":"f0398d60-7d9c-4e2d-ae26-2e6e3626a9b6"}',
    currency: 'SAR',
    amount: 81,
    vat: 0,
    oldBalance: 2328,
    newBalance: 2247
  }
}

2024-03-19T21:01:14.618Z 2024-03-19T21:01:14.618Z	83fa1ff8-ad7e-559d-a9c6-418b5224dedf	INFO	SubscriptionBalanceUpdated event published

2024-03-19T21:01:14.633Z 2024-03-19T21:01:14.633Z	83fa1ff8-ad7e-559d-a9c6-418b5224dedf	INFO	Processing message cd23ab13-27f2-45fe-a21d-ff5e76104c82

2024-03-19T21:01:14.637Z 2024-03-19T21:01:14.637Z	83fa1ff8-ad7e-559d-a9c6-418b5224dedf	INFO	Start syncing the balance {
  transaction: {
    id: '01HSC89BFNBQQXQ44DR40XH0VM',
    type: 'DEBIT',
    source: 'MANUAL_DEDUCTION',
    action: 'DELIVERY_DEDUCTION',
    userId: '392ab34d-0682-4c8f-90bc-e42ec930727f',
    paymentBalance: 114,
    updatePaymentBalance: true,
    metadata: '{"walletId":"wallet#392ab34d-0682-4c8f-90bc-e42ec930727f","deliveryId":"1509c28f-2361-4706-9225-f2021d267088","walletSk":"1509c28f-2361-4706-9225-f2021d267088"}',
    currency: 'BHD',
    amount: 9,
    vat: 0,
    oldBalance: 123,
    newBalance: 114
  }
}

2024-03-19T21:01:14.690Z 2024-03-19T21:01:14.690Z	83fa1ff8-ad7e-559d-a9c6-418b5224dedf	INFO	SubscriptionBalanceUpdated event published

2024-03-19T21:01:14.708Z END RequestId: 83fa1ff8-ad7e-559d-a9c6-418b5224dedf

2024-03-19T21:01:14.708Z REPORT RequestId: 83fa1ff8-ad7e-559d-a9c6-418b5224dedf	Duration: 159.73 ms	Billed Duration: 160 ms	Memory Size: 1024 MB	Max Memory Used: 129 MB	
XRAY TraceId: 1-65f9fd1a-e2b10f13be1807deb2661219	SegmentId: 7a9d251b4d50b7f7	Sampled: true	

2024-03-19T21:01:14.872Z START RequestId: c7f50da6-4923-5924-957f-53d5b679e266 Version: $LATEST

2024-03-19T21:01:14.896Z 2024-03-19T21:01:14.896Z	c7f50da6-4923-5924-957f-53d5b679e266	INFO	Processing message 2552869a-261c-4681-aea0-07b6c00d5ae3

2024-03-19T21:01:14.902Z 2024-03-19T21:01:14.902Z	c7f50da6-4923-5924-957f-53d5b679e266	INFO	Start syncing the balance {
  transaction: {
    id: '01HSC89BRM50B3C9JVSDQZ5A62',
    type: 'DEBIT',
    source: 'MANUAL_DEDUCTION',
    action: 'DELIVERY_DEDUCTION',
    userId: '133b402d-c353-4365-a759-d84e09c4533d',
    paymentBalance: 9261.6,
    updatePaymentBalance: true,
    metadata: '{"walletId":"wallet#133b402d-c353-4365-a759-d84e09c4533d","deliveryId":"8a484041-b2aa-4f3e-9f93-e565bc638d55","walletSk":"8a484041-b2aa-4f3e-9f93-e565bc638d55"}',
    currency: 'BHD',
    amount: 6.5,
    vat: 0,
    oldBalance: 9268.1,
    newBalance: 9261.6
  }
}

2024-03-19T21:01:14.944Z 2024-03-19T21:01:14.944Z	c7f50da6-4923-5924-957f-53d5b679e266	INFO	SubscriptionBalanceUpdated event published

2024-03-19T21:01:14.970Z 2024-03-19T21:01:14.970Z	c7f50da6-4923-5924-957f-53d5b679e266	INFO	Processing message 467ab5ea-19e0-45f7-ada7-95fd7dab7b00

2024-03-19T21:01:14.975Z 2024-03-19T21:01:14.975Z	c7f50da6-4923-5924-957f-53d5b679e266	INFO	Start syncing the balance {
  transaction: {
    id: '01HSC89BQ44R20R1WWC4WN0PTG',
    type: 'DEBIT',
    source: 'MANUAL_DEDUCTION',
    action: 'DELIVERY_DEDUCTION',
    userId: '8cfb0a41-4446-43f9-8ace-c17b9c9a9c7e',
    paymentBalance: 15865,
    updatePaymentBalance: true,
    metadata: '{"walletId":"wallet#8cfb0a41-4446-43f9-8ace-c17b9c9a9c7e","deliveryId":"962f5656-27c6-4014-a862-d5109d022915","walletSk":"962f5656-27c6-4014-a862-d5109d022915"}',
    currency: 'SAR',
    amount: 60,
    vat: 0,
    oldBalance: 15925,
    newBalance: 15865
  }
}

2024-03-19T21:01:15.018Z 2024-03-19T21:01:15.018Z	c7f50da6-4923-5924-957f-53d5b679e266	INFO	SubscriptionBalanceUpdated event published

2024-03-19T21:01:15.029Z 2024-03-19T21:01:15.029Z	c7f50da6-4923-5924-957f-53d5b679e266	INFO	Processing message b47f9dc5-3631-41b7-abc6-2a373e7d08c2

2024-03-19T21:01:15.035Z 2024-03-19T21:01:15.035Z	c7f50da6-4923-5924-957f-53d5b679e266	INFO	Start syncing the balance {
  transaction: {
    id: '01HSC89BVP1CBFKNV5RAWA9SWP',
    type: 'DEBIT',
    source: 'MANUAL_DEDUCTION',
    action: 'DELIVERY_DEDUCTION',
    userId: 'c5e1fca1-5f7b-4830-92d4-09fbddcec953',
    paymentBalance: 114,
    updatePaymentBalance: true,
    metadata: '{"walletId":"wallet#c5e1fca1-5f7b-4830-92d4-09fbddcec953","deliveryId":"1bf19b4c-b732-4467-8358-04eddb5f91b4","walletSk":"1bf19b4c-b732-4467-8358-04eddb5f91b4"}',
    currency: 'BHD',
    amount: 9,
    vat: 0,
    oldBalance: 123,
    newBalance: 114
  }
}

2024-03-19T21:01:15.076Z 2024-03-19T21:01:15.076Z	c7f50da6-4923-5924-957f-53d5b679e266	INFO	SubscriptionBalanceUpdated event published

2024-03-19T21:01:15.090Z 2024-03-19T21:01:15.090Z	c7f50da6-4923-5924-957f-53d5b679e266	INFO	Processing message 95635a8e-510a-4edf-8c8f-db7e78262010

2024-03-19T21:01:15.095Z 2024-03-19T21:01:15.095Z	c7f50da6-4923-5924-957f-53d5b679e266	INFO	Start syncing the balance {
  transaction: {
    id: '01HSC89BW0BQ71P82FRRE6VG99',
    type: 'DEBIT',
    source: 'MANUAL_DEDUCTION',
    action: 'DELIVERY_DEDUCTION',
    userId: 'd2f1ae61-0b7a-4892-8bf3-774ebfa3b7ac',
    paymentBalance: 136.5,
    updatePaymentBalance: true,
    metadata: '{"walletId":"wallet#d2f1ae61-0b7a-4892-8bf3-774ebfa3b7ac","deliveryId":"dcc0c9c0-d609-438d-a4fa-0cb0ecf78784","walletSk":"dcc0c9c0-d609-438d-a4fa-0cb0ecf78784"}',
    currency: 'BHD',
    amount: 10.5,
    vat: 0,
    oldBalance: 147,
    newBalance: 136.5
  }
}

2024-03-19T21:01:15.134Z 2024-03-19T21:01:15.134Z	c7f50da6-4923-5924-957f-53d5b679e266	INFO	SubscriptionBalanceUpdated event published

2024-03-19T21:01:15.145Z END RequestId: c7f50da6-4923-5924-957f-53d5b679e266

2024-03-19T21:01:15.145Z REPORT RequestId: c7f50da6-4923-5924-957f-53d5b679e266	Duration: 272.99 ms	Billed Duration: 273 ms	Memory Size: 1024 MB	Max Memory Used: 129 MB	

2024-03-19T21:01:15.492Z START RequestId: e61dc4a0-4179-5c2f-bfa3-9ad3be22f76d Version: $LATEST

2024-03-19T21:01:15.514Z 2024-03-19T21:01:15.514Z	e61dc4a0-4179-5c2f-bfa3-9ad3be22f76d	INFO	Processing message 7fee2b68-16e0-4b6a-9c35-66f7c8e4456e

2024-03-19T21:01:15.520Z 2024-03-19T21:01:15.520Z	e61dc4a0-4179-5c2f-bfa3-9ad3be22f76d	INFO	Start syncing the balance {
  transaction: {
    id: '01HSC89CN5Y1492A56ZVQZHJBA',
    type: 'DEBIT',
    source: 'MANUAL_DEDUCTION',
    action: 'DELIVERY_DEDUCTION',
    userId: 'f8c629ff-e140-4e26-b38c-f99d237959da',
    paymentBalance: 44763.4,
    updatePaymentBalance: true,
    metadata: '{"walletId":"wallet#f8c629ff-e140-4e26-b38c-f99d237959da","deliveryId":"3891cf88-f0ec-45b1-a2f8-dca8ce4ebdd1","walletSk":"3891cf88-f0ec-45b1-a2f8-dca8ce4ebdd1"}',
    currency: 'SAR',
    amount: 166,
    vat: 0,
    oldBalance: 2190,
    newBalance: 2024
  }
}

2024-03-19T21:01:15.558Z 2024-03-19T21:01:15.558Z	e61dc4a0-4179-5c2f-bfa3-9ad3be22f76d	INFO	SubscriptionBalanceUpdated event published

2024-03-19T21:01:15.572Z 2024-03-19T21:01:15.572Z	e61dc4a0-4179-5c2f-bfa3-9ad3be22f76d	ERROR	Subscription balance and payment balance are not in sync {
  userId: 'f8c629ff-e140-4e26-b38c-f99d237959da',
  subscriptionBalance: 2024,
  paymentBalance: 44763.4
}

2024-03-19T21:01:15.589Z 2024-03-19T21:01:15.589Z	e61dc4a0-4179-5c2f-bfa3-9ad3be22f76d	INFO	Processing message e4c6bf9e-0f5e-4e3a-b69b-3bccafcd1d28

2024-03-19T21:01:15.594Z 2024-03-19T21:01:15.594Z	e61dc4a0-4179-5c2f-bfa3-9ad3be22f76d	INFO	Start syncing the balance {
  transaction: {
    id: '01HSC89CJC5RTXCPH27XRZR2D9',
    type: 'DEBIT',
    source: 'MANUAL_DEDUCTION',
    action: 'DELIVERY_DEDUCTION',
    userId: '5c1cc792-51d1-4a86-9497-6f845dbb4319',
    paymentBalance: 64,
    updatePaymentBalance: true,
    metadata: '{"walletId":"wallet#5c1cc792-51d1-4a86-9497-6f845dbb4319","deliveryId":"f14119b8-27f5-45da-a98f-bbcc2d7046bd","walletSk":"f14119b8-27f5-45da-a98f-bbcc2d7046bd"}',
    currency: 'BHD',
    amount: 9,
    vat: 0,
    oldBalance: 73,
    newBalance: 64
  }
}

2024-03-19T21:01:15.632Z 2024-03-19T21:01:15.632Z	e61dc4a0-4179-5c2f-bfa3-9ad3be22f76d	INFO	SubscriptionBalanceUpdated event published

2024-03-19T21:01:15.644Z END RequestId: e61dc4a0-4179-5c2f-bfa3-9ad3be22f76d

2024-03-19T21:01:15.644Z REPORT RequestId: e61dc4a0-4179-5c2f-bfa3-9ad3be22f76d	Duration: 152.17 ms	Billed Duration: 153 ms	Memory Size: 1024 MB	Max Memory Used: 130 MB	

2024-03-19T21:01:15.674Z START RequestId: 2ac56a75-4c2a-5c4d-a448-3406b371b70f Version: $LATEST

2024-03-19T21:01:15.690Z 2024-03-19T21:01:15.690Z	2ac56a75-4c2a-5c4d-a448-3406b371b70f	INFO	Processing message eb828003-e5e0-444d-81ce-8833081909d7

2024-03-19T21:01:15.695Z 2024-03-19T21:01:15.695Z	2ac56a75-4c2a-5c4d-a448-3406b371b70f	INFO	Start syncing the balance {
  transaction: {
    id: '01HSC89CFN94GBHJYBZ1VFD950',
    type: 'DEBIT',
    source: 'MANUAL_DEDUCTION',
    action: 'DELIVERY_DEDUCTION',
    userId: '1ee44c0f-cc07-4d36-b5ed-93d121e4f4d2',
    paymentBalance: 152,
    updatePaymentBalance: true,
    metadata: '{"walletId":"wallet#1ee44c0f-cc07-4d36-b5ed-93d121e4f4d2","deliveryId":"59b29c68-5dfd-4e75-8fd7-67bc8c2561b7","walletSk":"59b29c68-5dfd-4e75-8fd7-67bc8c2561b7"}',
    currency: 'BHD',
    amount: 8,
    vat: 0,
    oldBalance: 160,
    newBalance: 152
  }
}

2024-03-19T21:01:15.734Z 2024-03-19T21:01:15.734Z	2ac56a75-4c2a-5c4d-a448-3406b371b70f	INFO	SubscriptionBalanceUpdated event published

2024-03-19T21:01:15.747Z END RequestId: 2ac56a75-4c2a-5c4d-a448-3406b371b70f

2024-03-19T21:01:15.747Z REPORT RequestId: 2ac56a75-4c2a-5c4d-a448-3406b371b70f	Duration: 73.57 ms	Billed Duration: 74 ms	Memory Size: 1024 MB	Max Memory Used: 130 MB	
XRAY TraceId: 1-65f9fd1b-4156b5a0d7962f6649f40bfc	SegmentId: 2ef3429c724d3571	Sampled: true	

2024-03-19T21:01:16.454Z START RequestId: 57099e28-96f7-57c2-99c2-c05b69abec3c Version: $LATEST

2024-03-19T21:01:16.478Z 2024-03-19T21:01:16.478Z	57099e28-96f7-57c2-99c2-c05b69abec3c	INFO	Processing message 663fc7d3-affc-474a-96db-f1767bfb1766

2024-03-19T21:01:16.484Z 2024-03-19T21:01:16.484Z	57099e28-96f7-57c2-99c2-c05b69abec3c	INFO	Start syncing the balance {
  transaction: {
    id: '01HSC89DGJG6WEK06WGB3T9834',
    type: 'DEBIT',
    source: 'MANUAL_DEDUCTION',
    action: 'DELIVERY_DEDUCTION',
    userId: '078a520a-b504-4794-8e9b-910d86e4e96d',
    paymentBalance: 1078.56,
    updatePaymentBalance: true,
    metadata: '{"walletId":"wallet#078a520a-b504-4794-8e9b-910d86e4e96d","deliveryId":"206fd0e9-2128-444b-8230-bc385b699612","walletSk":"206fd0e9-2128-444b-8230-bc385b699612"}',
    currency: 'SAR',
    amount: 42,
    vat: 0,
    oldBalance: 126.01,
    newBalance: 84.01
  }
}

2024-03-19T21:01:16.526Z 2024-03-19T21:01:16.526Z	57099e28-96f7-57c2-99c2-c05b69abec3c	INFO	SubscriptionBalanceUpdated event published

2024-03-19T21:01:16.538Z 2024-03-19T21:01:16.538Z	57099e28-96f7-57c2-99c2-c05b69abec3c	ERROR	Subscription balance and payment balance are not in sync {
  userId: '078a520a-b504-4794-8e9b-910d86e4e96d',
  subscriptionBalance: 84.01,
  paymentBalance: 1078.56
}

2024-03-19T21:01:16.553Z 2024-03-19T21:01:16.553Z	57099e28-96f7-57c2-99c2-c05b69abec3c	INFO	Processing message 3a69af52-b0a7-4732-ae5a-d308c93a45cc

2024-03-19T21:01:16.558Z 2024-03-19T21:01:16.558Z	57099e28-96f7-57c2-99c2-c05b69abec3c	INFO	Start syncing the balance {
  transaction: {
    id: '01HSC89DEA0E5ZT25S8W5PSS63',
    type: 'DEBIT',
    source: 'MANUAL_DEDUCTION',
    action: 'DELIVERY_DEDUCTION',
    userId: '6b33684f-ce10-4ca9-8319-cabaa76aee28',
    paymentBalance: 27,
    updatePaymentBalance: true,
    metadata: '{"walletId":"wallet#6b33684f-ce10-4ca9-8319-cabaa76aee28","deliveryId":"66333fb9-a902-4ea1-bb84-7a0c45447ce3","walletSk":"66333fb9-a902-4ea1-bb84-7a0c45447ce3"}',
    currency: 'BHD',
    amount: 9,
    vat: 0,
    oldBalance: 36,
    newBalance: 27
  }
}

2024-03-19T21:01:16.597Z 2024-03-19T21:01:16.597Z	57099e28-96f7-57c2-99c2-c05b69abec3c	INFO	SubscriptionBalanceUpdated event published

2024-03-19T21:01:16.607Z END RequestId: 57099e28-96f7-57c2-99c2-c05b69abec3c

2024-03-19T21:01:16.607Z REPORT RequestId: 57099e28-96f7-57c2-99c2-c05b69abec3c	Duration: 152.60 ms	Billed Duration: 153 ms	Memory Size: 1024 MB	Max Memory Used: 130 MB	

2024-03-19T21:01:16.690Z START RequestId: c87e37a8-c60e-5d65-bdf4-69db3952f69b Version: $LATEST

2024-03-19T21:01:16.714Z 2024-03-19T21:01:16.714Z	c87e37a8-c60e-5d65-bdf4-69db3952f69b	INFO	Processing message 0fa0019e-0f9b-46d2-aa89-1ce051329cb9

2024-03-19T21:01:16.719Z 2024-03-19T21:01:16.719Z	c87e37a8-c60e-5d65-bdf4-69db3952f69b	INFO	Start syncing the balance {
  transaction: {
    id: '01HSC89DPYM3G3W4PXVX5NBS3B',
    type: 'DEBIT',
    source: 'MANUAL_DEDUCTION',
    action: 'DELIVERY_DEDUCTION',
    userId: '079b35b6-fecd-41e0-aff2-b291a42880f2',
    paymentBalance: 40,
    updatePaymentBalance: true,
    metadata: '{"walletId":"wallet#079b35b6-fecd-41e0-aff2-b291a42880f2","deliveryId":"2dedea8d-4165-4048-896a-fd7cfdfbd14a","walletSk":"2dedea8d-4165-4048-896a-fd7cfdfbd14a"}',
    currency: 'BHD',
    amount: 8,
    vat: 0,
    oldBalance: 48,
    newBalance: 40
  }
}

2024-03-19T21:01:16.761Z 2024-03-19T21:01:16.761Z	c87e37a8-c60e-5d65-bdf4-69db3952f69b	INFO	SubscriptionBalanceUpdated event published

2024-03-19T21:01:16.776Z END RequestId: c87e37a8-c60e-5d65-bdf4-69db3952f69b

2024-03-19T21:01:16.776Z REPORT RequestId: c87e37a8-c60e-5d65-bdf4-69db3952f69b	Duration: 85.84 ms	Billed Duration: 86 ms	Memory Size: 1024 MB	Max Memory Used: 130 MB	

2024-03-19T21:01:16.873Z START RequestId: 6728f8a5-1cab-521e-9e95-a6d6e3f7f9e0 Version: $LATEST

2024-03-19T21:01:16.887Z 2024-03-19T21:01:16.887Z	6728f8a5-1cab-521e-9e95-a6d6e3f7f9e0	INFO	Processing message ba94fe75-df0b-4c0d-a4e1-2e04b806c930

2024-03-19T21:01:16.892Z 2024-03-19T21:01:16.892Z	6728f8a5-1cab-521e-9e95-a6d6e3f7f9e0	INFO	Start syncing the balance {
  transaction: {
    id: '01HSC89DPMRE52RREQ1ZPXJ28X',
    type: 'DEBIT',
    source: 'MANUAL_DEDUCTION',
    action: 'DELIVERY_DEDUCTION',
    userId: '54f55e3d-8580-4e47-b15e-c35e2d29effd',
    paymentBalance: 880.5,
    updatePaymentBalance: true,
    metadata: '{"walletId":"wallet#54f55e3d-8580-4e47-b15e-c35e2d29effd","deliveryId":"5ea58734-e3df-4bc9-b18c-12c595fdd1eb","walletSk":"5ea58734-e3df-4bc9-b18c-12c595fdd1eb"}',
    currency: 'BHD',
    amount: 9,
    vat: 0,
    oldBalance: 889.5,
    newBalance: 880.5
  }
}

2024-03-19T21:01:16.935Z 2024-03-19T21:01:16.935Z	6728f8a5-1cab-521e-9e95-a6d6e3f7f9e0	INFO	SubscriptionBalanceUpdated event published

2024-03-19T21:01:16.945Z 2024-03-19T21:01:16.945Z	6728f8a5-1cab-521e-9e95-a6d6e3f7f9e0	INFO	Processing message 49e301a9-ddbb-4c4b-95bd-c9559f2940a9

2024-03-19T21:01:16.950Z 2024-03-19T21:01:16.950Z	6728f8a5-1cab-521e-9e95-a6d6e3f7f9e0	INFO	Start syncing the balance {
  transaction: {
    id: '01HSC89DSVA28SEFDGRG0VMPRW',
    type: 'DEBIT',
    source: 'MANUAL_DEDUCTION',
    action: 'DELIVERY_DEDUCTION',
    userId: '461aee88-be38-4d36-8244-522e74ddc424',
    paymentBalance: 199.5,
    updatePaymentBalance: true,
    metadata: '{"walletId":"wallet#461aee88-be38-4d36-8244-522e74ddc424","deliveryId":"6cf8b064-b37b-4606-9441-367455f87bad","walletSk":"6cf8b064-b37b-4606-9441-367455f87bad"}',
    currency: 'BHD',
    amount: 10.5,
    vat: 0,
    oldBalance: 210,
    newBalance: 199.5
  }
}

2024-03-19T21:01:16.991Z 2024-03-19T21:01:16.991Z	6728f8a5-1cab-521e-9e95-a6d6e3f7f9e0	INFO	SubscriptionBalanceUpdated event published

2024-03-19T21:01:17.002Z 2024-03-19T21:01:17.002Z	6728f8a5-1cab-521e-9e95-a6d6e3f7f9e0	INFO	Processing message 55e0a483-4817-4c50-8e57-ede40776fd5d

2024-03-19T21:01:17.008Z 2024-03-19T21:01:17.008Z	6728f8a5-1cab-521e-9e95-a6d6e3f7f9e0	INFO	Start syncing the balance {
  transaction: {
    id: '01HSC89DSHZBE26JJZD60KMBTB',
    type: 'DEBIT',
    source: 'MANUAL_DEDUCTION',
    action: 'DELIVERY_DEDUCTION',
    userId: '7cbe3797-c6a1-492c-9c31-8bd1c8c38d90',
    paymentBalance: 32.996,
    updatePaymentBalance: true,
    metadata: '{"walletId":"wallet#7cbe3797-c6a1-492c-9c31-8bd1c8c38d90","deliveryId":"c9c817b3-946d-4cd7-ad1d-f9785e57ff65","walletSk":"c9c817b3-946d-4cd7-ad1d-f9785e57ff65"}',
    currency: 'BHD',
    amount: 5.5,
    vat: 0,
    oldBalance: 38.496,
    newBalance: 32.996
  }
}

2024-03-19T21:01:17.123Z 2024-03-19T21:01:17.123Z	6728f8a5-1cab-521e-9e95-a6d6e3f7f9e0	INFO	SubscriptionBalanceUpdated event published

2024-03-19T21:01:17.142Z END RequestId: 6728f8a5-1cab-521e-9e95-a6d6e3f7f9e0

2024-03-19T21:01:17.142Z REPORT RequestId: 6728f8a5-1cab-521e-9e95-a6d6e3f7f9e0	Duration: 268.57 ms	Billed Duration: 269 ms	Memory Size: 1024 MB	Max Memory Used: 130 MB	

2024-03-19T21:01:17.673Z START RequestId: 64fda7cd-5079-599b-a4b7-f9beaf24a265 Version: $LATEST

2024-03-19T21:01:17.699Z 2024-03-19T21:01:17.699Z	64fda7cd-5079-599b-a4b7-f9beaf24a265	INFO	Processing message 1b7f9e22-ff98-4936-9ad5-3a76ff425de5

2024-03-19T21:01:17.704Z 2024-03-19T21:01:17.704Z	64fda7cd-5079-599b-a4b7-f9beaf24a265	INFO	Start syncing the balance {
  transaction: {
    id: '01HSC89EQ333HMGB7HPMNHY4ZS',
    type: 'DEBIT',
    source: 'MANUAL_DEDUCTION',
    action: 'DELIVERY_DEDUCTION',
    userId: 'ed3dc329-d66f-4fb7-8e3b-99a0034ff60f',
    paymentBalance: 94.5,
    updatePaymentBalance: true,
    metadata: '{"walletId":"wallet#ed3dc329-d66f-4fb7-8e3b-99a0034ff60f","deliveryId":"52eaf808-f0b2-4aa5-9a61-8c36ca59490e","walletSk":"52eaf808-f0b2-4aa5-9a61-8c36ca59490e"}',
    currency: 'BHD',
    amount: 5,
    vat: 0,
    oldBalance: 99.5,
    newBalance: 94.5
  }
}

2024-03-19T21:01:17.746Z 2024-03-19T21:01:17.746Z	64fda7cd-5079-599b-a4b7-f9beaf24a265	INFO	SubscriptionBalanceUpdated event published

2024-03-19T21:01:17.786Z END RequestId: 64fda7cd-5079-599b-a4b7-f9beaf24a265

2024-03-19T21:01:17.786Z REPORT RequestId: 64fda7cd-5079-599b-a4b7-f9beaf24a265	Duration: 112.82 ms	Billed Duration: 113 ms	Memory Size: 1024 MB	Max Memory Used: 130 MB	

2024-03-19T21:01:18.176Z START RequestId: 03609748-a0eb-5524-b568-c93b5fb6feda Version: $LATEST

2024-03-19T21:01:18.203Z 2024-03-19T21:01:18.203Z	03609748-a0eb-5524-b568-c93b5fb6feda	INFO	Processing message 724d2fa9-98e9-4748-8ff4-f49128098912

2024-03-19T21:01:18.208Z 2024-03-19T21:01:18.208Z	03609748-a0eb-5524-b568-c93b5fb6feda	INFO	Start syncing the balance {
  transaction: {
    id: '01HSC89F5KGHK0CQ7FW1BT2X4G',
    type: 'DEBIT',
    source: 'MANUAL_DEDUCTION',
    action: 'DELIVERY_DEDUCTION',
    userId: 'cc9f78ca-ae9d-41bf-87a4-0b644222c99e',
    paymentBalance: 72,
    updatePaymentBalance: true,
    metadata: '{"walletId":"wallet#cc9f78ca-ae9d-41bf-87a4-0b644222c99e","deliveryId":"57bf5796-e185-475e-815e-bbe54b56d36b","walletSk":"57bf5796-e185-475e-815e-bbe54b56d36b"}',
    currency: 'BHD',
    amount: 9,
    vat: 0,
    oldBalance: 81,
    newBalance: 72
  }
}

2024-03-19T21:01:18.283Z 2024-03-19T21:01:18.283Z	03609748-a0eb-5524-b568-c93b5fb6feda	INFO	SubscriptionBalanceUpdated event published

2024-03-19T21:01:18.298Z END RequestId: 03609748-a0eb-5524-b568-c93b5fb6feda

2024-03-19T21:01:18.298Z REPORT RequestId: 03609748-a0eb-5524-b568-c93b5fb6feda	Duration: 121.80 ms	Billed Duration: 122 ms	Memory Size: 1024 MB	Max Memory Used: 130 MB	

2024-03-19T21:01:18.427Z START RequestId: 97d3c0c1-f88a-5f73-8f64-9eb207d4448d Version: $LATEST

2024-03-19T21:01:18.442Z 2024-03-19T21:01:18.442Z	97d3c0c1-f88a-5f73-8f64-9eb207d4448d	INFO	Processing message 88cb52ff-f6bc-4f57-95c5-6b3c7580b998

2024-03-19T21:01:18.447Z 2024-03-19T21:01:18.447Z	97d3c0c1-f88a-5f73-8f64-9eb207d4448d	INFO	Start syncing the balance {
  transaction: {
    id: '01HSC89F4XB6HATVWPB1QZGC4J',
    type: 'DEBIT',
    source: 'MANUAL_DEDUCTION',
    action: 'DELIVERY_DEDUCTION',
    userId: '5d03c516-74a1-4fec-a784-df1c63ef3294',
    paymentBalance: 120,
    updatePaymentBalance: true,
    metadata: '{"walletId":"wallet#5d03c516-74a1-4fec-a784-df1c63ef3294","deliveryId":"a0e12de7-33d5-4bf0-9885-0d9f2b8f0e74","walletSk":"a0e12de7-33d5-4bf0-9885-0d9f2b8f0e74"}',
    currency: 'BHD',
    amount: 8,
    vat: 0,
    oldBalance: 128,
    newBalance: 120
  }
}

2024-03-19T21:01:18.486Z 2024-03-19T21:01:18.486Z	97d3c0c1-f88a-5f73-8f64-9eb207d4448d	INFO	SubscriptionBalanceUpdated event published

2024-03-19T21:01:18.499Z END RequestId: 97d3c0c1-f88a-5f73-8f64-9eb207d4448d

2024-03-19T21:01:18.499Z REPORT RequestId: 97d3c0c1-f88a-5f73-8f64-9eb207d4448d	Duration: 72.45 ms	Billed Duration: 73 ms	Memory Size: 1024 MB	Max Memory Used: 130 MB	

2024-03-19T21:01:18.567Z START RequestId: 621ee0cb-3497-5a93-88aa-beb8cbc9c16d Version: $LATEST

2024-03-19T21:01:18.591Z 2024-03-19T21:01:18.591Z	621ee0cb-3497-5a93-88aa-beb8cbc9c16d	INFO	Processing message 74e9df37-1d1a-4687-a3e3-ebd3407386a6

2024-03-19T21:01:18.596Z 2024-03-19T21:01:18.596Z	621ee0cb-3497-5a93-88aa-beb8cbc9c16d	INFO	Start syncing the balance {
  transaction: {
    id: '01HSC89FCVM646AT7KK18TAE13',
    type: 'DEBIT',
    source: 'MANUAL_DEDUCTION',
    action: 'DELIVERY_DEDUCTION',
    userId: '15469d49-7d54-4ea1-833c-708f679471d4',
    paymentBalance: 4,
    updatePaymentBalance: true,
    metadata: '{"walletId":"wallet#15469d49-7d54-4ea1-833c-708f679471d4","deliveryId":"f4cc9628-5c95-422e-9521-f20a76827e81","walletSk":"f4cc9628-5c95-422e-9521-f20a76827e81"}',
    currency: 'BHD',
    amount: 8,
    vat: 0,
    oldBalance: 12,
    newBalance: 4
  }
}

2024-03-19T21:01:18.636Z 2024-03-19T21:01:18.636Z	621ee0cb-3497-5a93-88aa-beb8cbc9c16d	INFO	SubscriptionBalanceUpdated event published

2024-03-19T21:01:18.649Z 2024-03-19T21:01:18.649Z	621ee0cb-3497-5a93-88aa-beb8cbc9c16d	INFO	Processing message 7e6e15b8-eedf-4064-a81c-0a29a447c0a1

2024-03-19T21:01:18.655Z 2024-03-19T21:01:18.655Z	621ee0cb-3497-5a93-88aa-beb8cbc9c16d	INFO	Start syncing the balance {
  transaction: {
    id: '01HSC89FFKQW3EXD1V2B2MNKYA',
    type: 'DEBIT',
    source: 'MANUAL_DEDUCTION',
    action: 'DELIVERY_DEDUCTION',
    userId: 'b642cee5-b0b3-45da-9169-84372e3a5a59',
    paymentBalance: 904.909,
    updatePaymentBalance: true,
    metadata: '{"walletId":"wallet#b642cee5-b0b3-45da-9169-84372e3a5a59","deliveryId":"fa555f28-94df-45d2-b4da-00dba3199f8e","walletSk":"fa555f28-94df-45d2-b4da-00dba3199f8e"}',
    currency: 'BHD',
    amount: 8,
    vat: 0,
    oldBalance: 912.909,
    newBalance: 904.909
  }
}

2024-03-19T21:01:18.698Z 2024-03-19T21:01:18.698Z	621ee0cb-3497-5a93-88aa-beb8cbc9c16d	INFO	SubscriptionBalanceUpdated event published

2024-03-19T21:01:18.712Z END RequestId: 621ee0cb-3497-5a93-88aa-beb8cbc9c16d

2024-03-19T21:01:18.712Z REPORT RequestId: 621ee0cb-3497-5a93-88aa-beb8cbc9c16d	Duration: 144.41 ms	Billed Duration: 145 ms	Memory Size: 1024 MB	Max Memory Used: 130 MB	

2024-03-19T21:01:18.769Z START RequestId: 8cad818f-d4b4-582e-89d4-dffc2bea53d0 Version: $LATEST

2024-03-19T21:01:18.791Z 2024-03-19T21:01:18.791Z	8cad818f-d4b4-582e-89d4-dffc2bea53d0	INFO	Processing message 477178f6-ada9-4532-ad09-7207cca3b7d9

2024-03-19T21:01:18.796Z 2024-03-19T21:01:18.796Z	8cad818f-d4b4-582e-89d4-dffc2bea53d0	INFO	Start syncing the balance {
  transaction: {
    id: '01HSC89FMVAYGFYA4Q8ME6ZWYF',
    type: 'DEBIT',
    source: 'MANUAL_DEDUCTION',
    action: 'DELIVERY_DEDUCTION',
    userId: 'd694c21d-aa12-47c7-ad78-aaa9bc76bc03',
    paymentBalance: 7.9,
    updatePaymentBalance: true,
    metadata: '{"walletId":"wallet#d694c21d-aa12-47c7-ad78-aaa9bc76bc03","deliveryId":"bb610211-53e7-4a4a-9dff-23bc3b989f31","walletSk":"bb610211-53e7-4a4a-9dff-23bc3b989f31"}',
    currency: 'BHD',
    amount: 1.8,
    vat: 0,
    oldBalance: 9.7,
    newBalance: 7.9
  }
}

2024-03-19T21:01:18.836Z 2024-03-19T21:01:18.836Z	8cad818f-d4b4-582e-89d4-dffc2bea53d0	INFO	SubscriptionBalanceUpdated event published

2024-03-19T21:01:18.849Z END RequestId: 8cad818f-d4b4-582e-89d4-dffc2bea53d0

2024-03-19T21:01:18.849Z REPORT RequestId: 8cad818f-d4b4-582e-89d4-dffc2bea53d0	Duration: 79.89 ms	Billed Duration: 80 ms	Memory Size: 1024 MB	Max Memory Used: 130 MB	

2024-03-19T21:01:19.210Z START RequestId: 042249a4-9466-5b63-9c19-17d76b38d09d Version: $LATEST

2024-03-19T21:01:19.234Z 2024-03-19T21:01:19.234Z	042249a4-9466-5b63-9c19-17d76b38d09d	INFO	Processing message 3dcd6080-7609-4abe-873b-f60f3a323454

2024-03-19T21:01:19.239Z 2024-03-19T21:01:19.239Z	042249a4-9466-5b63-9c19-17d76b38d09d	INFO	Start syncing the balance {
  transaction: {
    id: '01HSC89FWNA7TDQ83924GYGTJN',
    type: 'DEBIT',
    source: 'MANUAL_DEDUCTION',
    action: 'DELIVERY_DEDUCTION',
    userId: '893b1a3b-9230-450c-abb3-f89895c8183e',
    paymentBalance: 632.087,
    updatePaymentBalance: true,
    metadata: '{"walletId":"wallet#893b1a3b-9230-450c-abb3-f89895c8183e","deliveryId":"81d26f0d-958a-4d56-b1eb-b10fd64ecbb0","walletSk":"81d26f0d-958a-4d56-b1eb-b10fd64ecbb0"}',
    currency: 'BHD',
    amount: 9,
    vat: 0,
    oldBalance: 641.087,
    newBalance: 632.087
  }
}

2024-03-19T21:01:19.281Z 2024-03-19T21:01:19.281Z	042249a4-9466-5b63-9c19-17d76b38d09d	INFO	SubscriptionBalanceUpdated event published

2024-03-19T21:01:19.295Z END RequestId: 042249a4-9466-5b63-9c19-17d76b38d09d

2024-03-19T21:01:19.295Z REPORT RequestId: 042249a4-9466-5b63-9c19-17d76b38d09d	Duration: 84.78 ms	Billed Duration: 85 ms	Memory Size: 1024 MB	Max Memory Used: 130 MB	

2024-03-19T21:01:21.756Z START RequestId: b68f33d6-196e-5b0a-a94c-6da5e63818bd Version: $LATEST

2024-03-19T21:01:21.783Z 2024-03-19T21:01:21.783Z	b68f33d6-196e-5b0a-a94c-6da5e63818bd	INFO	Processing message e12f1122-3433-4b6a-9278-f5ffae85e552

2024-03-19T21:01:21.788Z 2024-03-19T21:01:21.788Z	b68f33d6-196e-5b0a-a94c-6da5e63818bd	INFO	Start syncing the balance {
  transaction: {
    id: '01HSC897N4FTY8X1JP7XS68Z6K',
    type: 'DEBIT',
    source: 'MANUAL_DEDUCTION',
    action: 'DELIVERY_DEDUCTION',
    userId: '2c2a8830-b2f7-4b3e-a180-7a5654eee40c',
    paymentBalance: 34616.39,
    updatePaymentBalance: true,
    metadata: '{"walletId":"wallet#2c2a8830-b2f7-4b3e-a180-7a5654eee40c","deliveryId":"955516ca-5682-46a1-8aae-8e2f9b6862a3","walletSk":"955516ca-5682-46a1-8aae-8e2f9b6862a3"}',
    currency: 'SAR',
    amount: 90,
    vat: 0,
    oldBalance: 34796.39,
    newBalance: 34706.39
  }
}

2024-03-19T21:01:21.832Z 2024-03-19T21:01:21.832Z	b68f33d6-196e-5b0a-a94c-6da5e63818bd	INFO	SubscriptionBalanceUpdated event published

2024-03-19T21:01:21.847Z 2024-03-19T21:01:21.847Z	b68f33d6-196e-5b0a-a94c-6da5e63818bd	ERROR	Subscription balance and payment balance are not in sync {
  userId: '2c2a8830-b2f7-4b3e-a180-7a5654eee40c',
  subscriptionBalance: 34706.39,
  paymentBalance: 34616.39
}

2024-03-19T21:01:21.865Z END RequestId: b68f33d6-196e-5b0a-a94c-6da5e63818bd

2024-03-19T21:01:21.865Z REPORT RequestId: b68f33d6-196e-5b0a-a94c-6da5e63818bd	Duration: 108.77 ms	Billed Duration: 109 ms	Memory Size: 1024 MB	Max Memory Used: 130 MB	

2024-03-19T21:01:06.228Z INIT_START Runtime Version: nodejs:20.v19	Runtime Version ARN: arn:aws:lambda:us-east-1::runtime:2d68d583b872accb8815f845161e9bbabc6ac3ed4d0ab8c23e75f8788cf5444a

2024-03-19T21:01:07.249Z START RequestId: 12f48271-eb62-5cfd-a671-dc02145f970b Version: $LATEST

2024-03-19T21:01:07.394Z 2024-03-19T21:01:07.394Z	12f48271-eb62-5cfd-a671-dc02145f970b	INFO	Processing message 6c65d13d-b174-4f15-8fb6-1b2787c16fa2

2024-03-19T21:01:07.439Z 2024-03-19T21:01:07.439Z	12f48271-eb62-5cfd-a671-dc02145f970b	INFO	Start syncing the balance {
  transaction: {
    id: '01HSC89213QF03A6HWCA3EBK44',
    type: 'DEBIT',
    source: 'MANUAL_DEDUCTION',
    action: 'DELIVERY_DEDUCTION',
    userId: '5569c4fe-b85e-4d18-87aa-074a1197c0ec',
    paymentBalance: 1498,
    updatePaymentBalance: true,
    metadata: '{"walletId":"wallet#5569c4fe-b85e-4d18-87aa-074a1197c0ec","deliveryId":"4cf90309-f7b5-4f6c-a27d-651c29b4fd4c","walletSk":"4cf90309-f7b5-4f6c-a27d-651c29b4fd4c"}',
    currency: 'AED',
    amount: 107,
    vat: 0,
    oldBalance: 1605,
    newBalance: 1498
  }
}

2024-03-19T21:01:07.571Z 2024-03-19T21:01:07.571Z	12f48271-eb62-5cfd-a671-dc02145f970b	INFO	SubscriptionBalanceUpdated event published

2024-03-19T21:01:07.623Z END RequestId: 12f48271-eb62-5cfd-a671-dc02145f970b

2024-03-19T21:01:07.623Z REPORT RequestId: 12f48271-eb62-5cfd-a671-dc02145f970b	Duration: 374.87 ms	Billed Duration: 375 ms	Memory Size: 1024 MB	Max Memory Used: 114 MB	Init Duration: 1019.27 ms	

2024-03-19T21:01:07.648Z START RequestId: 9b43877b-ffe4-54b8-a35a-d90800b76f4e Version: $LATEST

2024-03-19T21:01:07.675Z 2024-03-19T21:01:07.675Z	9b43877b-ffe4-54b8-a35a-d90800b76f4e	INFO	Processing message 4cbafc05-6170-48de-ac38-b0c4b4a70560

2024-03-19T21:01:07.683Z 2024-03-19T21:01:07.683Z	9b43877b-ffe4-54b8-a35a-d90800b76f4e	INFO	Start syncing the balance {
  transaction: {
    id: '01HSC891MTSKYF5YW2NZ98FEQW',
    type: 'DEBIT',
    source: 'MANUAL_DEDUCTION',
    action: 'DELIVERY_DEDUCTION',
    userId: '7e284fe5-0676-4f3a-9604-6c13194b2d44',
    paymentBalance: 120,
    updatePaymentBalance: true,
    metadata: '{"walletId":"wallet#7e284fe5-0676-4f3a-9604-6c13194b2d44","deliveryId":"534effe3-332b-49ae-9833-4d32b6daca8b","walletSk":"534effe3-332b-49ae-9833-4d32b6daca8b"}',
    currency: 'BHD',
    amount: 8,
    vat: 0,
    oldBalance: 128,
    newBalance: 120
  }
}

2024-03-19T21:01:07.746Z 2024-03-19T21:01:07.746Z	9b43877b-ffe4-54b8-a35a-d90800b76f4e	INFO	SubscriptionBalanceUpdated event published

2024-03-19T21:01:07.759Z 2024-03-19T21:01:07.759Z	9b43877b-ffe4-54b8-a35a-d90800b76f4e	INFO	Processing message 1bdf745f-9c64-43fd-bb3e-a072962069fd

2024-03-19T21:01:07.766Z 2024-03-19T21:01:07.766Z	9b43877b-ffe4-54b8-a35a-d90800b76f4e	INFO	Start syncing the balance {
  transaction: {
    id: '01HSC89253F2AZVRV0GBWYES9F',
    type: 'DEBIT',
    source: 'MANUAL_DEDUCTION',
    action: 'DELIVERY_DEDUCTION',
    userId: 'e635a3ea-fc8b-46c4-b091-5480637486ad',
    paymentBalance: 1545.864,
    updatePaymentBalance: true,
    metadata: '{"walletId":"wallet#e635a3ea-fc8b-46c4-b091-5480637486ad","deliveryId":"58465792-c839-441b-9bcd-766f5298dd32","walletSk":"58465792-c839-441b-9bcd-766f5298dd32"}',
    currency: 'BHD',
    amount: 4,
    vat: 0,
    oldBalance: 129,
    newBalance: 125
  }
}

2024-03-19T21:01:07.813Z 2024-03-19T21:01:07.813Z	9b43877b-ffe4-54b8-a35a-d90800b76f4e	INFO	SubscriptionBalanceUpdated event published

2024-03-19T21:01:07.829Z 2024-03-19T21:01:07.829Z	9b43877b-ffe4-54b8-a35a-d90800b76f4e	ERROR	Subscription balance and payment balance are not in sync {
  userId: 'e635a3ea-fc8b-46c4-b091-5480637486ad',
  subscriptionBalance: 125,
  paymentBalance: 1545.864
}

2024-03-19T21:01:07.847Z 2024-03-19T21:01:07.847Z	9b43877b-ffe4-54b8-a35a-d90800b76f4e	INFO	Processing message dbac250e-aaf0-44e2-9ae5-57f9eda3120d

2024-03-19T21:01:07.853Z 2024-03-19T21:01:07.853Z	9b43877b-ffe4-54b8-a35a-d90800b76f4e	INFO	Start syncing the balance {
  transaction: {
    id: '01HSC892X1NDPYMV45N2ZKGYTK',
    type: 'DEBIT',
    source: 'MANUAL_DEDUCTION',
    action: 'DELIVERY_DEDUCTION',
    userId: '67305f3f-628b-4997-83f9-1247a896127a',
    paymentBalance: 2556,
    updatePaymentBalance: true,
    metadata: '{"walletId":"wallet#67305f3f-628b-4997-83f9-1247a896127a","deliveryId":"f511357f-1950-49b9-af19-98a9b2bf6869","walletSk":"f511357f-1950-49b9-af19-98a9b2bf6869"}',
    currency: 'BHD',
    amount: 9,
    vat: 0,
    oldBalance: 2574,
    newBalance: 2565
  }
}

2024-03-19T21:01:07.902Z 2024-03-19T21:01:07.902Z	9b43877b-ffe4-54b8-a35a-d90800b76f4e	INFO	SubscriptionBalanceUpdated event published

2024-03-19T21:01:07.915Z 2024-03-19T21:01:07.915Z	9b43877b-ffe4-54b8-a35a-d90800b76f4e	ERROR	Subscription balance and payment balance are not in sync {
  userId: '67305f3f-628b-4997-83f9-1247a896127a',
  subscriptionBalance: 2565,
  paymentBalance: 2556
}

2024-03-19T21:01:07.934Z 2024-03-19T21:01:07.934Z	9b43877b-ffe4-54b8-a35a-d90800b76f4e	INFO	Processing message d52d252e-86d0-45ef-8574-f5ca3464a04a

2024-03-19T21:01:07.941Z 2024-03-19T21:01:07.941Z	9b43877b-ffe4-54b8-a35a-d90800b76f4e	INFO	Start syncing the balance {
  transaction: {
    id: '01HSC8930W0T5CHMVDTWRHE8N7',
    type: 'DEBIT',
    source: 'MANUAL_DEDUCTION',
    action: 'DELIVERY_DEDUCTION',
    userId: '6447c637-23bd-4205-aca7-ac527c27ea0f',
    paymentBalance: 3771,
    updatePaymentBalance: true,
    metadata: '{"walletId":"wallet#6447c637-23bd-4205-aca7-ac527c27ea0f","deliveryId":"e090e8ac-8ad7-454f-94d6-e156ca6479c6","walletSk":"e090e8ac-8ad7-454f-94d6-e156ca6479c6"}',
    currency: 'SAR',
    amount: 39.9,
    vat: 0,
    oldBalance: 3810.9,
    newBalance: 3771
  }
}

2024-03-19T21:01:07.991Z 2024-03-19T21:01:07.991Z	9b43877b-ffe4-54b8-a35a-d90800b76f4e	INFO	SubscriptionBalanceUpdated event published

2024-03-19T21:01:08.005Z 2024-03-19T21:01:08.005Z	9b43877b-ffe4-54b8-a35a-d90800b76f4e	INFO	Processing message 50e06c3f-9048-4cd6-b43b-a878470aa513

2024-03-19T21:01:08.012Z 2024-03-19T21:01:08.012Z	9b43877b-ffe4-54b8-a35a-d90800b76f4e	INFO	Start syncing the balance {
  transaction: {
    id: '01HSC8938CC5EZAW2BR0NFW935',
    type: 'DEBIT',
    source: 'MANUAL_DEDUCTION',
    action: 'DELIVERY_DEDUCTION',
    userId: 'f899dcef-1bc0-479f-833d-82c3351e403b',
    paymentBalance: 1196.2,
    updatePaymentBalance: true,
    metadata: '{"walletId":"wallet#f899dcef-1bc0-479f-833d-82c3351e403b","deliveryId":"3b2777e1-e850-4e4d-9eec-b9385b0d265c","walletSk":"3b2777e1-e850-4e4d-9eec-b9385b0d265c"}',
    currency: 'SAR',
    amount: 39.9,
    vat: 0,
    oldBalance: 1236.1,
    newBalance: 1196.2
  }
}

2024-03-19T21:01:08.059Z 2024-03-19T21:01:08.059Z	9b43877b-ffe4-54b8-a35a-d90800b76f4e	INFO	SubscriptionBalanceUpdated event published

2024-03-19T21:01:08.071Z 2024-03-19T21:01:08.071Z	9b43877b-ffe4-54b8-a35a-d90800b76f4e	INFO	Processing message 4bcec569-d6a0-4f6e-8315-851d1352e356

2024-03-19T21:01:08.078Z 2024-03-19T21:01:08.078Z	9b43877b-ffe4-54b8-a35a-d90800b76f4e	INFO	Start syncing the balance {
  transaction: {
    id: '01HSC893ECR7YZK399K97B702C',
    type: 'DEBIT',
    source: 'MANUAL_DEDUCTION',
    action: 'DELIVERY_DEDUCTION',
    userId: '8696adcb-0a63-49cd-b41a-a4fd9a2aecdd',
    paymentBalance: 120,
    updatePaymentBalance: true,
    metadata: '{"walletId":"wallet#8696adcb-0a63-49cd-b41a-a4fd9a2aecdd","deliveryId":"cadc81c5-41e6-48c9-9165-e686b5f5dbc6","walletSk":"cadc81c5-41e6-48c9-9165-e686b5f5dbc6"}',
    currency: 'BHD',
    amount: 8,
    vat: 0,
    oldBalance: 128,
    newBalance: 120
  }
}

2024-03-19T21:01:08.122Z 2024-03-19T21:01:08.122Z	9b43877b-ffe4-54b8-a35a-d90800b76f4e	INFO	SubscriptionBalanceUpdated event published

2024-03-19T21:01:08.134Z 2024-03-19T21:01:08.134Z	9b43877b-ffe4-54b8-a35a-d90800b76f4e	INFO	Processing message e1140cce-2bb6-41d1-ab3d-205bf57cbd17

2024-03-19T21:01:08.141Z 2024-03-19T21:01:08.141Z	9b43877b-ffe4-54b8-a35a-d90800b76f4e	INFO	Start syncing the balance {
  transaction: {
    id: '01HSC893F9WYT0N387C47D8X3X',
    type: 'DEBIT',
    source: 'MANUAL_DEDUCTION',
    action: 'DELIVERY_DEDUCTION',
    userId: 'c46976ec-7a7b-444f-b623-ba5ddea493e9',
    paymentBalance: 212,
    updatePaymentBalance: true,
    metadata: '{"walletId":"wallet#c46976ec-7a7b-444f-b623-ba5ddea493e9","deliveryId":"99bfc557-9d34-472b-8ed9-6a5c33a76dc3","walletSk":"99bfc557-9d34-472b-8ed9-6a5c33a76dc3"}',
    currency: 'BHD',
    amount: 4,
    vat: 0,
    oldBalance: 216,
    newBalance: 212
  }
}

2024-03-19T21:01:08.188Z 2024-03-19T21:01:08.188Z	9b43877b-ffe4-54b8-a35a-d90800b76f4e	INFO	SubscriptionBalanceUpdated event published

2024-03-19T21:01:08.201Z 2024-03-19T21:01:08.201Z	9b43877b-ffe4-54b8-a35a-d90800b76f4e	INFO	Processing message 33e50129-739e-4bcc-81a8-4d59523dad17

2024-03-19T21:01:08.206Z 2024-03-19T21:01:08.206Z	9b43877b-ffe4-54b8-a35a-d90800b76f4e	INFO	Start syncing the balance {
  transaction: {
    id: '01HSC893NNKFQ3ZTSBS7QDA1G5',
    type: 'DEBIT',
    source: 'MANUAL_DEDUCTION',
    action: 'DELIVERY_DEDUCTION',
    userId: '756f5781-d829-455d-a164-4268135b5262',
    paymentBalance: 630,
    updatePaymentBalance: true,
    metadata: '{"walletId":"wallet#756f5781-d829-455d-a164-4268135b5262","deliveryId":"17f6f39c-844b-41b6-82bf-5e17d35b5f41","walletSk":"17f6f39c-844b-41b6-82bf-5e17d35b5f41"}',
    currency: 'SAR',
    amount: 90,
    vat: 0,
    oldBalance: 720,
    newBalance: 630
  }
}

2024-03-19T21:01:08.254Z 2024-03-19T21:01:08.254Z	9b43877b-ffe4-54b8-a35a-d90800b76f4e	INFO	SubscriptionBalanceUpdated event published

2024-03-19T21:01:08.271Z 2024-03-19T21:01:08.271Z	9b43877b-ffe4-54b8-a35a-d90800b76f4e	INFO	Processing message e5ef58d0-cb85-4e42-a43d-f1bb20320b8d

2024-03-19T21:01:08.276Z 2024-03-19T21:01:08.276Z	9b43877b-ffe4-54b8-a35a-d90800b76f4e	INFO	Start syncing the balance {
  transaction: {
    id: '01HSC893JRC8SRQFX1ZM5SMXWZ',
    type: 'DEBIT',
    source: 'MANUAL_DEDUCTION',
    action: 'DELIVERY_DEDUCTION',
    userId: '736e4f2f-c86c-4cc9-836e-ef0b177f2af9',
    paymentBalance: 120,
    updatePaymentBalance: true,
    metadata: '{"walletId":"wallet#736e4f2f-c86c-4cc9-836e-ef0b177f2af9","deliveryId":"620812e2-7f99-47fb-bd6d-d0a2a5e1aa75","walletSk":"620812e2-7f99-47fb-bd6d-d0a2a5e1aa75"}',
    currency: 'BHD',
    amount: 8,
    vat: 0,
    oldBalance: 128,
    newBalance: 120
  }
}

2024-03-19T21:01:08.320Z 2024-03-19T21:01:08.320Z	9b43877b-ffe4-54b8-a35a-d90800b76f4e	INFO	SubscriptionBalanceUpdated event published

2024-03-19T21:01:08.335Z 2024-03-19T21:01:08.335Z	9b43877b-ffe4-54b8-a35a-d90800b76f4e	INFO	Processing message c8543aca-efc3-4194-a3fb-6ea22020e404

2024-03-19T21:01:08.341Z 2024-03-19T21:01:08.341Z	9b43877b-ffe4-54b8-a35a-d90800b76f4e	INFO	Start syncing the balance {
  transaction: {
    id: '01HSC893REP6EMECDD3CZBFVET',
    type: 'DEBIT',
    source: 'MANUAL_DEDUCTION',
    action: 'DELIVERY_DEDUCTION',
    userId: 'e9227141-8df9-46c9-bbbf-7228b3ad82c1',
    paymentBalance: 144.5,
    updatePaymentBalance: true,
    metadata: '{"walletId":"wallet#e9227141-8df9-46c9-bbbf-7228b3ad82c1","deliveryId":"be0c6af2-8ee1-4179-a201-d76356bea0b2","walletSk":"be0c6af2-8ee1-4179-a201-d76356bea0b2"}',
    currency: 'BHD',
    amount: 9.5,
    vat: 0,
    oldBalance: 154,
    newBalance: 144.5
  }
}

2024-03-19T21:01:08.383Z 2024-03-19T21:01:08.383Z	9b43877b-ffe4-54b8-a35a-d90800b76f4e	INFO	SubscriptionBalanceUpdated event published

2024-03-19T21:01:08.401Z END RequestId: 9b43877b-ffe4-54b8-a35a-d90800b76f4e

2024-03-19T21:01:08.401Z REPORT RequestId: 9b43877b-ffe4-54b8-a35a-d90800b76f4e	Duration: 753.08 ms	Billed Duration: 754 ms	Memory Size: 1024 MB	Max Memory Used: 120 MB	

2024-03-19T21:01:08.606Z START RequestId: 63d93bdc-8aef-5c10-913a-65af75bc3fa7 Version: $LATEST

2024-03-19T21:01:08.631Z 2024-03-19T21:01:08.631Z	63d93bdc-8aef-5c10-913a-65af75bc3fa7	INFO	Processing message 288af57c-3acb-4e9a-84f6-57149f5a2e6f

2024-03-19T21:01:08.636Z 2024-03-19T21:01:08.636Z	63d93bdc-8aef-5c10-913a-65af75bc3fa7	INFO	Start syncing the balance {
  transaction: {
    id: '01HSC894JNG9GXF9QB5G48J5X0',
    type: 'DEBIT',
    source: 'MANUAL_DEDUCTION',
    action: 'DELIVERY_DEDUCTION',
    userId: 'ebf35a94-9822-41da-9c95-656d2eedbec6',
    paymentBalance: 136,
    updatePaymentBalance: true,
    metadata: '{"walletId":"wallet#ebf35a94-9822-41da-9c95-656d2eedbec6","deliveryId":"adb71ad1-b989-44c4-9575-00ed4be9984d","walletSk":"adb71ad1-b989-44c4-9575-00ed4be9984d"}',
    currency: 'BHD',
    amount: 8,
    vat: 0,
    oldBalance: 144,
    newBalance: 136
  }
}

2024-03-19T21:01:08.680Z 2024-03-19T21:01:08.680Z	63d93bdc-8aef-5c10-913a-65af75bc3fa7	INFO	SubscriptionBalanceUpdated event published

2024-03-19T21:01:08.693Z 2024-03-19T21:01:08.693Z	63d93bdc-8aef-5c10-913a-65af75bc3fa7	INFO	Processing message fe2780c6-4b4e-49e5-8e79-a4522cac1e82

2024-03-19T21:01:08.699Z 2024-03-19T21:01:08.699Z	63d93bdc-8aef-5c10-913a-65af75bc3fa7	INFO	Start syncing the balance {
  transaction: {
    id: '01HSC894R78J6SJHZQ4X59VQW9',
    type: 'DEBIT',
    source: 'MANUAL_DEDUCTION',
    action: 'DELIVERY_DEDUCTION',
    userId: 'fd69d4fc-de98-4146-a5fc-9fba707a510a',
    paymentBalance: 136,
    updatePaymentBalance: true,
    metadata: '{"walletId":"wallet#fd69d4fc-de98-4146-a5fc-9fba707a510a","deliveryId":"59b740d4-e54a-4b92-a55c-6bf62be0504b","walletSk":"59b740d4-e54a-4b92-a55c-6bf62be0504b"}',
    currency: 'BHD',
    amount: 8,
    vat: 0,
    oldBalance: 144,
    newBalance: 136
  }
}

2024-03-19T21:01:08.748Z 2024-03-19T21:01:08.748Z	63d93bdc-8aef-5c10-913a-65af75bc3fa7	INFO	SubscriptionBalanceUpdated event published

2024-03-19T21:01:08.765Z 2024-03-19T21:01:08.765Z	63d93bdc-8aef-5c10-913a-65af75bc3fa7	INFO	Processing message 9dfdaf9b-8a31-4ef7-badc-09685d6da1c6

2024-03-19T21:01:08.771Z 2024-03-19T21:01:08.771Z	63d93bdc-8aef-5c10-913a-65af75bc3fa7	INFO	Start syncing the balance {
  transaction: {
    id: '01HSC894PP7XRAJTEEXG1E4BTG',
    type: 'DEBIT',
    source: 'MANUAL_DEDUCTION',
    action: 'DELIVERY_DEDUCTION',
    userId: '073d8401-e882-4dc0-a104-c212f6019ebd',
    paymentBalance: 4297.5,
    updatePaymentBalance: true,
    metadata: '{"walletId":"wallet#073d8401-e882-4dc0-a104-c212f6019ebd","deliveryId":"9156ba49-c920-4ffc-9680-eafe3e8e232d","walletSk":"9156ba49-c920-4ffc-9680-eafe3e8e232d"}',
    currency: 'SAR',
    amount: 81,
    vat: 0,
    oldBalance: 4378.5,
    newBalance: 4297.5
  }
}

2024-03-19T21:01:08.825Z 2024-03-19T21:01:08.825Z	63d93bdc-8aef-5c10-913a-65af75bc3fa7	INFO	SubscriptionBalanceUpdated event published

2024-03-19T21:01:08.842Z 2024-03-19T21:01:08.842Z	63d93bdc-8aef-5c10-913a-65af75bc3fa7	INFO	Processing message 83b6e29e-0a5d-4b8e-b550-6626feef28e5

2024-03-19T21:01:08.848Z 2024-03-19T21:01:08.848Z	63d93bdc-8aef-5c10-913a-65af75bc3fa7	INFO	Start syncing the balance {
  transaction: {
    id: '01HSC894WVR1ZMX1CJKGTFJDKD',
    type: 'DEBIT',
    source: 'MANUAL_DEDUCTION',
    action: 'DELIVERY_DEDUCTION',
    userId: 'd8e22713-a177-4738-bdb6-e48b189eb487',
    paymentBalance: 172.5,
    updatePaymentBalance: true,
    metadata: '{"walletId":"wallet#d8e22713-a177-4738-bdb6-e48b189eb487","deliveryId":"169b5449-0f7c-41a2-9687-a5dc1968c840","walletSk":"169b5449-0f7c-41a2-9687-a5dc1968c840"}',
    currency: 'KWD',
    amount: 8.5,
    vat: 0,
    oldBalance: 181,
    newBalance: 172.5
  }
}

2024-03-19T21:01:08.890Z 2024-03-19T21:01:08.890Z	63d93bdc-8aef-5c10-913a-65af75bc3fa7	INFO	SubscriptionBalanceUpdated event published

2024-03-19T21:01:08.934Z 2024-03-19T21:01:08.934Z	63d93bdc-8aef-5c10-913a-65af75bc3fa7	INFO	Processing message 2177061f-010a-4851-b1f4-19731df07b84

2024-03-19T21:01:08.940Z 2024-03-19T21:01:08.940Z	63d93bdc-8aef-5c10-913a-65af75bc3fa7	INFO	Start syncing the balance {
  transaction: {
    id: '01HSC8950S2EGWRNKS9T2HB7SK',
    type: 'DEBIT',
    source: 'MANUAL_DEDUCTION',
    action: 'DELIVERY_DEDUCTION',
    userId: '26558ed9-8e30-4020-8875-54a87e2265fa',
    paymentBalance: 27,
    updatePaymentBalance: true,
    metadata: '{"walletId":"wallet#26558ed9-8e30-4020-8875-54a87e2265fa","deliveryId":"89f3dabf-734d-4470-854e-ea0c9fa57f00","walletSk":"89f3dabf-734d-4470-854e-ea0c9fa57f00"}',
    currency: 'BHD',
    amount: 9,
    vat: 0,
    oldBalance: 36,
    newBalance: 27
  }
}

2024-03-19T21:01:08.984Z 2024-03-19T21:01:08.984Z	63d93bdc-8aef-5c10-913a-65af75bc3fa7	INFO	SubscriptionBalanceUpdated event published

2024-03-19T21:01:08.998Z END RequestId: 63d93bdc-8aef-5c10-913a-65af75bc3fa7

2024-03-19T21:01:08.998Z REPORT RequestId: 63d93bdc-8aef-5c10-913a-65af75bc3fa7	Duration: 392.06 ms	Billed Duration: 393 ms	Memory Size: 1024 MB	Max Memory Used: 124 MB	

2024-03-19T21:01:09.093Z START RequestId: b601fdf8-69d1-5a79-813d-a38b968589ce Version: $LATEST

2024-03-19T21:01:09.122Z 2024-03-19T21:01:09.122Z	b601fdf8-69d1-5a79-813d-a38b968589ce	INFO	Processing message c1366d68-5c57-413c-b8f0-c0985032aaf1

2024-03-19T21:01:09.127Z 2024-03-19T21:01:09.127Z	b601fdf8-69d1-5a79-813d-a38b968589ce	INFO	Start syncing the balance {
  transaction: {
    id: '01HSC895PXPFS5KPFPRVE8ZC02',
    type: 'DEBIT',
    source: 'MANUAL_DEDUCTION',
    action: 'DELIVERY_DEDUCTION',
    userId: 'bfdcbdf4-59e4-4340-b37e-8fd95c61546e',
    paymentBalance: 1530,
    updatePaymentBalance: true,
    metadata: '{"walletId":"wallet#bfdcbdf4-59e4-4340-b37e-8fd95c61546e","deliveryId":"56e2d6a2-8c13-4bb9-81ce-9ac0f70bcf66","walletSk":"56e2d6a2-8c13-4bb9-81ce-9ac0f70bcf66"}',
    currency: 'SAR',
    amount: 90,
    vat: 0,
    oldBalance: 1620,
    newBalance: 1530
  }
}

2024-03-19T21:01:09.170Z 2024-03-19T21:01:09.170Z	b601fdf8-69d1-5a79-813d-a38b968589ce	INFO	SubscriptionBalanceUpdated event published

2024-03-19T21:01:09.183Z 2024-03-19T21:01:09.183Z	b601fdf8-69d1-5a79-813d-a38b968589ce	INFO	Processing message 6d5811dd-b628-492b-b3f4-81d665289d10

2024-03-19T21:01:09.189Z 2024-03-19T21:01:09.189Z	b601fdf8-69d1-5a79-813d-a38b968589ce	INFO	Start syncing the balance {
  transaction: {
    id: '01HSC895ME16HKQYB7ATT3CDGN',
    type: 'DEBIT',
    source: 'MANUAL_DEDUCTION',
    action: 'DELIVERY_DEDUCTION',
    userId: '52ebb322-696b-423b-bd79-2de604defbdd',
    paymentBalance: 3107.01,
    updatePaymentBalance: true,
    metadata: '{"walletId":"wallet#52ebb322-696b-423b-bd79-2de604defbdd","deliveryId":"692d6354-1dd2-4984-a707-2c0930a618f2","walletSk":"692d6354-1dd2-4984-a707-2c0930a618f2"}',
    currency: 'SAR',
    amount: 42,
    vat: 0,
    oldBalance: 676,
    newBalance: 634
  }
}

2024-03-19T21:01:09.232Z 2024-03-19T21:01:09.232Z	b601fdf8-69d1-5a79-813d-a38b968589ce	INFO	SubscriptionBalanceUpdated event published

2024-03-19T21:01:09.247Z 2024-03-19T21:01:09.247Z	b601fdf8-69d1-5a79-813d-a38b968589ce	ERROR	Subscription balance and payment balance are not in sync {
  userId: '52ebb322-696b-423b-bd79-2de604defbdd',
  subscriptionBalance: 634,
  paymentBalance: 3107.01
}

2024-03-19T21:01:09.295Z 2024-03-19T21:01:09.295Z	b601fdf8-69d1-5a79-813d-a38b968589ce	INFO	Processing message b85c94d4-a074-45e0-9055-86ca67d39a03

2024-03-19T21:01:09.300Z 2024-03-19T21:01:09.300Z	b601fdf8-69d1-5a79-813d-a38b968589ce	INFO	Start syncing the balance {
  transaction: {
    id: '01HSC895NJF8NT35WNJGF5SN90',
    type: 'DEBIT',
    source: 'MANUAL_DEDUCTION',
    action: 'DELIVERY_DEDUCTION',
    userId: '7c503289-2428-4094-90e7-316cabba70a5',
    paymentBalance: 120,
    updatePaymentBalance: true,
    metadata: '{"walletId":"wallet#7c503289-2428-4094-90e7-316cabba70a5","deliveryId":"2037de8b-0459-4b5d-ad2c-3671549e9b19","walletSk":"2037de8b-0459-4b5d-ad2c-3671549e9b19"}',
    currency: 'BHD',
    amount: 8,
    vat: 0,
    oldBalance: 128,
    newBalance: 120
  }
}

2024-03-19T21:01:09.343Z 2024-03-19T21:01:09.343Z	b601fdf8-69d1-5a79-813d-a38b968589ce	INFO	SubscriptionBalanceUpdated event published

2024-03-19T21:01:09.354Z 2024-03-19T21:01:09.354Z	b601fdf8-69d1-5a79-813d-a38b968589ce	INFO	Processing message e1360d87-c5ac-44ce-8655-9c7d218de9a8

2024-03-19T21:01:09.360Z 2024-03-19T21:01:09.360Z	b601fdf8-69d1-5a79-813d-a38b968589ce	INFO	Start syncing the balance {
  transaction: {
    id: '01HSC895XWHNX3Z1202M9DVVF6',
    type: 'DEBIT',
    source: 'MANUAL_DEDUCTION',
    action: 'DELIVERY_DEDUCTION',
    userId: '8b198b5a-ad5d-41e8-93b8-edb79a887fc2',
    paymentBalance: 120,
    updatePaymentBalance: true,
    metadata: '{"walletId":"wallet#8b198b5a-ad5d-41e8-93b8-edb79a887fc2","deliveryId":"68e81335-8ee5-4b23-a7b1-69fc70fc0754","walletSk":"68e81335-8ee5-4b23-a7b1-69fc70fc0754"}',
    currency: 'BHD',
    amount: 8,
    vat: 0,
    oldBalance: 128,
    newBalance: 120
  }
}

2024-03-19T21:01:09.401Z 2024-03-19T21:01:09.401Z	b601fdf8-69d1-5a79-813d-a38b968589ce	INFO	SubscriptionBalanceUpdated event published

2024-03-19T21:01:09.412Z 2024-03-19T21:01:09.412Z	b601fdf8-69d1-5a79-813d-a38b968589ce	INFO	Processing message 3e325ace-bcda-4bf9-b20b-e52add8fdd82

2024-03-19T21:01:09.417Z 2024-03-19T21:01:09.417Z	b601fdf8-69d1-5a79-813d-a38b968589ce	INFO	Start syncing the balance {
  transaction: {
    id: '01HSC895TBAD5BK6T95D0A2Q2J',
    type: 'DEBIT',
    source: 'MANUAL_DEDUCTION',
    action: 'DELIVERY_DEDUCTION',
    userId: '7adfc49c-ce37-4072-b9a9-6e987d983441',
    paymentBalance: 120,
    updatePaymentBalance: true,
    metadata: '{"walletId":"wallet#7adfc49c-ce37-4072-b9a9-6e987d983441","deliveryId":"cf5f99a1-5bb2-4f01-af72-3d6e1ffeee18","walletSk":"cf5f99a1-5bb2-4f01-af72-3d6e1ffeee18"}',
    currency: 'BHD',
    amount: 8,
    vat: 0,
    oldBalance: 128,
    newBalance: 120
  }
}

2024-03-19T21:01:09.502Z 2024-03-19T21:01:09.502Z	b601fdf8-69d1-5a79-813d-a38b968589ce	INFO	SubscriptionBalanceUpdated event published

2024-03-19T21:01:09.513Z 2024-03-19T21:01:09.513Z	b601fdf8-69d1-5a79-813d-a38b968589ce	INFO	Processing message 7295d3cc-0766-4f48-902b-1213f63c5ae3

2024-03-19T21:01:09.517Z 2024-03-19T21:01:09.517Z	b601fdf8-69d1-5a79-813d-a38b968589ce	INFO	Start syncing the balance {
  transaction: {
    id: '01HSC895TYMDZ9GC3VFZVNN1DG',
    type: 'DEBIT',
    source: 'MANUAL_DEDUCTION',
    action: 'DELIVERY_DEDUCTION',
    userId: 'ebca158e-dd63-46a2-8d05-c3d7edfb2f94',
    paymentBalance: 104.909,
    updatePaymentBalance: true,
    metadata: '{"walletId":"wallet#ebca158e-dd63-46a2-8d05-c3d7edfb2f94","deliveryId":"6bd2c15a-43bd-41a9-916b-da4c4e2255fd","walletSk":"6bd2c15a-43bd-41a9-916b-da4c4e2255fd"}',
    currency: 'BHD',
    amount: 8,
    vat: 0,
    oldBalance: 112.909,
    newBalance: 104.909
  }
}

2024-03-19T21:01:09.558Z 2024-03-19T21:01:09.558Z	b601fdf8-69d1-5a79-813d-a38b968589ce	INFO	SubscriptionBalanceUpdated event published

2024-03-19T21:01:09.569Z 2024-03-19T21:01:09.569Z	b601fdf8-69d1-5a79-813d-a38b968589ce	INFO	Processing message 7c33a615-94d8-46d8-ad9d-032ff30fbddb

2024-03-19T21:01:09.575Z 2024-03-19T21:01:09.575Z	b601fdf8-69d1-5a79-813d-a38b968589ce	INFO	Start syncing the balance {
  transaction: {
    id: '01HSC895Z30B2NHEM856KGDWYH',
    type: 'DEBIT',
    source: 'MANUAL_DEDUCTION',
    action: 'DELIVERY_DEDUCTION',
    userId: '9a19fa44-d798-4468-b553-9db30af97ea6',
    paymentBalance: 5580,
    updatePaymentBalance: true,
    metadata: '{"walletId":"wallet#9a19fa44-d798-4468-b553-9db30af97ea6","deliveryId":"53069297-1e48-440e-99a1-a4d7a5bb1626","walletSk":"53069297-1e48-440e-99a1-a4d7a5bb1626"}',
    currency: 'SAR',
    amount: 90,
    vat: 0,
    oldBalance: 1350,
    newBalance: 1260
  }
}

2024-03-19T21:01:09.621Z 2024-03-19T21:01:09.621Z	b601fdf8-69d1-5a79-813d-a38b968589ce	INFO	SubscriptionBalanceUpdated event published

2024-03-19T21:01:09.633Z 2024-03-19T21:01:09.633Z	b601fdf8-69d1-5a79-813d-a38b968589ce	ERROR	Subscription balance and payment balance are not in sync {
  userId: '9a19fa44-d798-4468-b553-9db30af97ea6',
  subscriptionBalance: 1260,
  paymentBalance: 5580
}

2024-03-19T21:01:09.658Z END RequestId: b601fdf8-69d1-5a79-813d-a38b968589ce

2024-03-19T21:01:09.658Z REPORT RequestId: b601fdf8-69d1-5a79-813d-a38b968589ce	Duration: 564.90 ms	Billed Duration: 565 ms	Memory Size: 1024 MB	Max Memory Used: 128 MB	

2024-03-19T21:01:09.827Z START RequestId: d03c50de-a34a-55ed-b77c-0ead5c1fb65a Version: $LATEST

2024-03-19T21:01:09.845Z 2024-03-19T21:01:09.845Z	d03c50de-a34a-55ed-b77c-0ead5c1fb65a	INFO	Processing message b0803ce4-75ac-4520-b5b8-fd11cc3e2cea

2024-03-19T21:01:09.850Z 2024-03-19T21:01:09.850Z	d03c50de-a34a-55ed-b77c-0ead5c1fb65a	INFO	Start syncing the balance {
  transaction: {
    id: '01HSC8969Y26HPKCR8S04FM4XJ',
    type: 'DEBIT',
    source: 'MANUAL_DEDUCTION',
    action: 'DELIVERY_DEDUCTION',
    userId: '78fc4995-9960-449a-b6aa-80f47ff25403',
    paymentBalance: 54,
    updatePaymentBalance: true,
    metadata: '{"walletId":"wallet#78fc4995-9960-449a-b6aa-80f47ff25403","deliveryId":"d1e410bc-ea9e-4a14-91f0-1c799a827004","walletSk":"d1e410bc-ea9e-4a14-91f0-1c799a827004"}',
    currency: 'BHD',
    amount: 9,
    vat: 0,
    oldBalance: 63,
    newBalance: 54
  }
}

2024-03-19T21:01:09.888Z 2024-03-19T21:01:09.888Z	d03c50de-a34a-55ed-b77c-0ead5c1fb65a	INFO	SubscriptionBalanceUpdated event published

2024-03-19T21:01:09.902Z 2024-03-19T21:01:09.902Z	d03c50de-a34a-55ed-b77c-0ead5c1fb65a	INFO	Processing message be7a2a32-d08c-424c-b1cb-eaf662c87fa8

2024-03-19T21:01:09.906Z 2024-03-19T21:01:09.906Z	d03c50de-a34a-55ed-b77c-0ead5c1fb65a	INFO	Start syncing the balance {
  transaction: {
    id: '01HSC896KTR5JSEH7C4JMD3D4P',
    type: 'DEBIT',
    source: 'MANUAL_DEDUCTION',
    action: 'DELIVERY_DEDUCTION',
    userId: '26c3588a-3771-4c4f-9b9f-7a456dc81c3c',
    paymentBalance: 96,
    updatePaymentBalance: true,
    metadata: '{"walletId":"wallet#26c3588a-3771-4c4f-9b9f-7a456dc81c3c","deliveryId":"fa9804c9-5eb5-414e-837c-0a11bfcb6edd","walletSk":"fa9804c9-5eb5-414e-837c-0a11bfcb6edd"}',
    currency: 'BHD',
    amount: 8,
    vat: 0,
    oldBalance: 104,
    newBalance: 96
  }
}

2024-03-19T21:01:09.943Z 2024-03-19T21:01:09.943Z	d03c50de-a34a-55ed-b77c-0ead5c1fb65a	INFO	SubscriptionBalanceUpdated event published

2024-03-19T21:01:09.952Z 2024-03-19T21:01:09.952Z	d03c50de-a34a-55ed-b77c-0ead5c1fb65a	INFO	Processing message 9ad7f4a6-945a-4931-a751-19c8cde6b5a0

2024-03-19T21:01:09.957Z 2024-03-19T21:01:09.957Z	d03c50de-a34a-55ed-b77c-0ead5c1fb65a	INFO	Start syncing the balance {
  transaction: {
    id: '01HSC896DHASBVKMTBS5X4542S',
    type: 'DEBIT',
    source: 'MANUAL_DEDUCTION',
    action: 'DELIVERY_DEDUCTION',
    userId: '711ae9b8-965b-4834-9249-3310249a5743',
    paymentBalance: 10,
    updatePaymentBalance: true,
    metadata: '{"walletId":"wallet#711ae9b8-965b-4834-9249-3310249a5743","deliveryId":"e545c6ca-b026-4fa0-bc4a-3305c4b143d1","walletSk":"e545c6ca-b026-4fa0-bc4a-3305c4b143d1"}',
    currency: 'BHD',
    amount: 10,
    vat: 0,
    oldBalance: 20,
    newBalance: 10
  }
}

2024-03-19T21:01:10.000Z 2024-03-19T21:01:10.000Z	d03c50de-a34a-55ed-b77c-0ead5c1fb65a	INFO	SubscriptionBalanceUpdated event published

2024-03-19T21:01:10.016Z 2024-03-19T21:01:10.016Z	d03c50de-a34a-55ed-b77c-0ead5c1fb65a	INFO	Processing message 19797939-72c5-4fc6-a392-f77d44063e3b

2024-03-19T21:01:10.022Z 2024-03-19T21:01:10.022Z	d03c50de-a34a-55ed-b77c-0ead5c1fb65a	INFO	Start syncing the balance {
  transaction: {
    id: '01HSC896M9PD4CR9C3QA6M53QV',
    type: 'DEBIT',
    source: 'MANUAL_DEDUCTION',
    action: 'DELIVERY_DEDUCTION',
    userId: '9488264a-0173-4cf8-b89d-e92b2cd1d5c7',
    paymentBalance: 96,
    updatePaymentBalance: true,
    metadata: '{"walletId":"wallet#9488264a-0173-4cf8-b89d-e92b2cd1d5c7","deliveryId":"06af0eda-2e97-4f07-9bbc-45074ee779b0","walletSk":"06af0eda-2e97-4f07-9bbc-45074ee779b0"}',
    currency: 'BHD',
    amount: 8,
    vat: 0,
    oldBalance: 104,
    newBalance: 96
  }
}

2024-03-19T21:01:10.067Z 2024-03-19T21:01:10.067Z	d03c50de-a34a-55ed-b77c-0ead5c1fb65a	INFO	SubscriptionBalanceUpdated event published

2024-03-19T21:01:10.079Z 2024-03-19T21:01:10.079Z	d03c50de-a34a-55ed-b77c-0ead5c1fb65a	INFO	Processing message bde5be36-23e9-4516-9caa-db800ecffcf1

2024-03-19T21:01:10.084Z 2024-03-19T21:01:10.084Z	d03c50de-a34a-55ed-b77c-0ead5c1fb65a	INFO	Start syncing the balance {
  transaction: {
    id: '01HSC896R9ARJEKVK04V64APDC',
    type: 'DEBIT',
    source: 'MANUAL_DEDUCTION',
    action: 'DELIVERY_DEDUCTION',
    userId: 'e35d763e-f15e-41ac-8e18-a0a58635ea99',
    paymentBalance: 136,
    updatePaymentBalance: true,
    metadata: '{"walletId":"wallet#e35d763e-f15e-41ac-8e18-a0a58635ea99","deliveryId":"802988b4-5433-41f1-bf16-1e293ccba66d","walletSk":"802988b4-5433-41f1-bf16-1e293ccba66d"}',
    currency: 'BHD',
    amount: 8,
    vat: 0,
    oldBalance: 144,
    newBalance: 136
  }
}

2024-03-19T21:01:10.133Z 2024-03-19T21:01:10.133Z	d03c50de-a34a-55ed-b77c-0ead5c1fb65a	INFO	SubscriptionBalanceUpdated event published

2024-03-19T21:01:10.146Z 2024-03-19T21:01:10.146Z	d03c50de-a34a-55ed-b77c-0ead5c1fb65a	INFO	Processing message 66c293ed-33de-46dc-a795-20986a6b3d48

2024-03-19T21:01:10.151Z 2024-03-19T21:01:10.151Z	d03c50de-a34a-55ed-b77c-0ead5c1fb65a	INFO	Start syncing the balance {
  transaction: {
    id: '01HSC896SS9KFW04W0BX3RAA96',
    type: 'DEBIT',
    source: 'MANUAL_DEDUCTION',
    action: 'DELIVERY_DEDUCTION',
    userId: 'afdc346e-3110-4f5d-bdab-9c1ed0ac50ba',
    paymentBalance: 152,
    updatePaymentBalance: true,
    metadata: '{"walletId":"wallet#afdc346e-3110-4f5d-bdab-9c1ed0ac50ba","deliveryId":"aace559f-6636-4335-949c-882566355ab7","walletSk":"aace559f-6636-4335-949c-882566355ab7"}',
    currency: 'BHD',
    amount: 8,
    vat: 0,
    oldBalance: 160,
    newBalance: 152
  }
}

2024-03-19T21:01:10.192Z 2024-03-19T21:01:10.192Z	d03c50de-a34a-55ed-b77c-0ead5c1fb65a	INFO	SubscriptionBalanceUpdated event published

2024-03-19T21:01:10.205Z 2024-03-19T21:01:10.205Z	d03c50de-a34a-55ed-b77c-0ead5c1fb65a	INFO	Processing message 3060756b-d8d8-4337-a916-b3eed3d27364

2024-03-19T21:01:10.210Z 2024-03-19T21:01:10.210Z	d03c50de-a34a-55ed-b77c-0ead5c1fb65a	INFO	Start syncing the balance {
  transaction: {
    id: '01HSC896XR8TPF7VWW9TR8T2Z6',
    type: 'DEBIT',
    source: 'MANUAL_DEDUCTION',
    action: 'DELIVERY_DEDUCTION',
    userId: '91886874-40ec-4324-87ea-10bcee9904f5',
    paymentBalance: 16.15,
    updatePaymentBalance: true,
    metadata: '{"walletId":"wallet#91886874-40ec-4324-87ea-10bcee9904f5","deliveryId":"503e8521-b102-42b9-b83a-1d6ef2d2c6f3","walletSk":"503e8521-b102-42b9-b83a-1d6ef2d2c6f3"}',
    currency: 'BHD',
    amount: 3.3,
    vat: 0,
    oldBalance: 19.45,
    newBalance: 16.15
  }
}

2024-03-19T21:01:10.253Z 2024-03-19T21:01:10.253Z	d03c50de-a34a-55ed-b77c-0ead5c1fb65a	INFO	SubscriptionBalanceUpdated event published

2024-03-19T21:01:10.264Z 2024-03-19T21:01:10.264Z	d03c50de-a34a-55ed-b77c-0ead5c1fb65a	INFO	Processing message 5c561c88-0733-4d03-a5b5-7173a21eaf35

2024-03-19T21:01:10.269Z 2024-03-19T21:01:10.269Z	d03c50de-a34a-55ed-b77c-0ead5c1fb65a	INFO	Start syncing the balance {
  transaction: {
    id: '01HSC896Z0HEM5AM7DQQKR383P',
    type: 'DEBIT',
    source: 'MANUAL_DEDUCTION',
    action: 'DELIVERY_DEDUCTION',
    userId: '653c01bf-3af2-4c57-87c4-afdaf8b48d59',
    paymentBalance: 1191.6,
    updatePaymentBalance: true,
    metadata: '{"walletId":"wallet#653c01bf-3af2-4c57-87c4-afdaf8b48d59","deliveryId":"087419df-dcce-485b-97a0-61c1ed771463","walletSk":"087419df-dcce-485b-97a0-61c1ed771463"}',
    currency: 'SAR',
    amount: 39.9,
    vat: 0,
    oldBalance: 1231.5,
    newBalance: 1191.6
  }
}

2024-03-19T21:01:10.310Z 2024-03-19T21:01:10.310Z	d03c50de-a34a-55ed-b77c-0ead5c1fb65a	INFO	SubscriptionBalanceUpdated event published

2024-03-19T21:01:10.324Z END RequestId: d03c50de-a34a-55ed-b77c-0ead5c1fb65a

2024-03-19T21:01:10.324Z REPORT RequestId: d03c50de-a34a-55ed-b77c-0ead5c1fb65a	Duration: 497.69 ms	Billed Duration: 498 ms	Memory Size: 1024 MB	Max Memory Used: 129 MB	
XRAY TraceId: 1-65f9fd15-dadf3392d0f48a5b9d3cb215	SegmentId: 715f50da1ec700a0	Sampled: true	

2024-03-19T21:01:10.415Z START RequestId: 3d533843-14cc-5c4e-b3a4-6630eb9a862f Version: $LATEST

2024-03-19T21:01:10.438Z 2024-03-19T21:01:10.438Z	3d533843-14cc-5c4e-b3a4-6630eb9a862f	INFO	Processing message 6605843e-ff94-4464-9209-44e1988477c9

2024-03-19T21:01:10.444Z 2024-03-19T21:01:10.444Z	3d533843-14cc-5c4e-b3a4-6630eb9a862f	INFO	Start syncing the balance {
  transaction: {
    id: '01HSC897KNZQVQQ2PJTBXPTKR8',
    type: 'DEBIT',
    source: 'MANUAL_DEDUCTION',
    action: 'DELIVERY_DEDUCTION',
    userId: 'e43c3e20-d78b-4fdc-b46a-9d72e46f393a',
    paymentBalance: 1797.109,
    updatePaymentBalance: true,
    metadata: '{"walletId":"wallet#e43c3e20-d78b-4fdc-b46a-9d72e46f393a","deliveryId":"9c1f8476-026d-418a-880a-39f3ac54d9f0","walletSk":"9c1f8476-026d-418a-880a-39f3ac54d9f0"}',
    currency: 'BHD',
    amount: 4,
    vat: 0,
    oldBalance: 1801.109,
    newBalance: 1797.109
  }
}

2024-03-19T21:01:10.487Z 2024-03-19T21:01:10.487Z	3d533843-14cc-5c4e-b3a4-6630eb9a862f	INFO	SubscriptionBalanceUpdated event published

2024-03-19T21:01:10.501Z END RequestId: 3d533843-14cc-5c4e-b3a4-6630eb9a862f

2024-03-19T21:01:10.501Z REPORT RequestId: 3d533843-14cc-5c4e-b3a4-6630eb9a862f	Duration: 86.08 ms	Billed Duration: 87 ms	Memory Size: 1024 MB	Max Memory Used: 129 MB	

2024-03-19T21:01:10.748Z START RequestId: 4fbeb500-21e6-57ef-88fc-eb73deb02d8e Version: $LATEST

2024-03-19T21:01:10.775Z 2024-03-19T21:01:10.775Z	4fbeb500-21e6-57ef-88fc-eb73deb02d8e	INFO	Processing message ac1487e5-10af-4a98-9501-428f83bc482f

2024-03-19T21:01:10.781Z 2024-03-19T21:01:10.781Z	4fbeb500-21e6-57ef-88fc-eb73deb02d8e	INFO	Start syncing the balance {
  transaction: {
    id: '01HSC897W5DVYZWZY26DW385QN',
    type: 'DEBIT',
    source: 'MANUAL_DEDUCTION',
    action: 'DELIVERY_DEDUCTION',
    userId: '5932ea94-ff0d-4254-909f-406cde949da5',
    paymentBalance: 2938.5,
    updatePaymentBalance: true,
    metadata: '{"walletId":"wallet#5932ea94-ff0d-4254-909f-406cde949da5","deliveryId":"613e2dd8-d1ac-450b-8bc8-5fd84ee5e753","walletSk":"613e2dd8-d1ac-450b-8bc8-5fd84ee5e753"}',
    currency: 'SAR',
    amount: 81,
    vat: 0,
    oldBalance: 3019.5,
    newBalance: 2938.5
  }
}

2024-03-19T21:01:10.822Z 2024-03-19T21:01:10.822Z	4fbeb500-21e6-57ef-88fc-eb73deb02d8e	INFO	SubscriptionBalanceUpdated event published

2024-03-19T21:01:10.834Z 2024-03-19T21:01:10.834Z	4fbeb500-21e6-57ef-88fc-eb73deb02d8e	INFO	Processing message 3f1da3db-aba2-4d4b-adee-3e50f25dbf5a

2024-03-19T21:01:10.840Z 2024-03-19T21:01:10.840Z	4fbeb500-21e6-57ef-88fc-eb73deb02d8e	INFO	Start syncing the balance {
  transaction: {
    id: '01HSC897Y27CHZ62HVRJ6R1GG5',
    type: 'DEBIT',
    source: 'MANUAL_DEDUCTION',
    action: 'DELIVERY_DEDUCTION',
    userId: '9be2b7c1-a4d9-4128-bfdd-f85d8f1e0adc',
    paymentBalance: 64,
    updatePaymentBalance: true,
    metadata: '{"walletId":"wallet#9be2b7c1-a4d9-4128-bfdd-f85d8f1e0adc","deliveryId":"d729617a-5bca-48c6-8064-930fd203e496","walletSk":"d729617a-5bca-48c6-8064-930fd203e496"}',
    currency: 'BHD',
    amount: 8,
    vat: 0,
    oldBalance: 72,
    newBalance: 64
  }
}

2024-03-19T21:01:10.879Z 2024-03-19T21:01:10.879Z	4fbeb500-21e6-57ef-88fc-eb73deb02d8e	INFO	SubscriptionBalanceUpdated event published

2024-03-19T21:01:10.891Z 2024-03-19T21:01:10.891Z	4fbeb500-21e6-57ef-88fc-eb73deb02d8e	INFO	Processing message 4020000a-c158-4466-8ec5-e126979bdb50

2024-03-19T21:01:10.896Z 2024-03-19T21:01:10.896Z	4fbeb500-21e6-57ef-88fc-eb73deb02d8e	INFO	Start syncing the balance {
  transaction: {
    id: '01HSC897YFACVYPPKZZH1ZJ959',
    type: 'DEBIT',
    source: 'MANUAL_DEDUCTION',
    action: 'DELIVERY_DEDUCTION',
    userId: '8a7f8c21-2221-472e-9be8-877a538f282e',
    paymentBalance: 9610.615,
    updatePaymentBalance: true,
    metadata: '{"walletId":"wallet#8a7f8c21-2221-472e-9be8-877a538f282e","deliveryId":"37358611-d7d8-406d-9db6-6b2f7857da8a","walletSk":"37358611-d7d8-406d-9db6-6b2f7857da8a"}',
    currency: 'BHD',
    amount: 9,
    vat: 0,
    oldBalance: 9619.615,
    newBalance: 9610.615
  }
}

2024-03-19T21:01:10.933Z 2024-03-19T21:01:10.933Z	4fbeb500-21e6-57ef-88fc-eb73deb02d8e	INFO	SubscriptionBalanceUpdated event published

2024-03-19T21:01:10.946Z END RequestId: 4fbeb500-21e6-57ef-88fc-eb73deb02d8e

2024-03-19T21:01:10.946Z REPORT RequestId: 4fbeb500-21e6-57ef-88fc-eb73deb02d8e	Duration: 198.51 ms	Billed Duration: 199 ms	Memory Size: 1024 MB	Max Memory Used: 129 MB	

2024-03-19T21:01:10.963Z START RequestId: f05acf7b-4dfa-5057-93ee-9108b2ac2a36 Version: $LATEST

2024-03-19T21:01:10.989Z 2024-03-19T21:01:10.989Z	f05acf7b-4dfa-5057-93ee-9108b2ac2a36	INFO	Processing message fc94a06c-05f5-430c-bafa-6b25135d5b3a

2024-03-19T21:01:10.996Z 2024-03-19T21:01:10.996Z	f05acf7b-4dfa-5057-93ee-9108b2ac2a36	INFO	Start syncing the balance {
  transaction: {
    id: '01HSC8982YJKHE46965KW5BMWX',
    type: 'DEBIT',
    source: 'MANUAL_DEDUCTION',
    action: 'DELIVERY_DEDUCTION',
    userId: 'eefb84af-6a9b-435b-b589-5c9734648a74',
    paymentBalance: 3223.909,
    updatePaymentBalance: true,
    metadata: '{"walletId":"wallet#eefb84af-6a9b-435b-b589-5c9734648a74","deliveryId":"32e87c14-2dd1-43d1-bf1c-5043f344f8af","walletSk":"32e87c14-2dd1-43d1-bf1c-5043f344f8af"}',
    currency: 'BHD',
    amount: 4,
    vat: 0,
    oldBalance: 238.909,
    newBalance: 234.909
  }
}

2024-03-19T21:01:11.033Z 2024-03-19T21:01:11.033Z	f05acf7b-4dfa-5057-93ee-9108b2ac2a36	INFO	SubscriptionBalanceUpdated event published

2024-03-19T21:01:11.046Z 2024-03-19T21:01:11.046Z	f05acf7b-4dfa-5057-93ee-9108b2ac2a36	ERROR	Subscription balance and payment balance are not in sync {
  userId: 'eefb84af-6a9b-435b-b589-5c9734648a74',
  subscriptionBalance: 234.909,
  paymentBalance: 3223.909
}

2024-03-19T21:01:11.060Z 2024-03-19T21:01:11.060Z	f05acf7b-4dfa-5057-93ee-9108b2ac2a36	INFO	Processing message 787b2a36-23bd-4859-82db-fd4420f1c9c6

2024-03-19T21:01:11.065Z 2024-03-19T21:01:11.065Z	f05acf7b-4dfa-5057-93ee-9108b2ac2a36	INFO	Start syncing the balance {
  transaction: {
    id: '01HSC8983T8ZHG0XE0QWBK4WRG',
    type: 'DEBIT',
    source: 'MANUAL_DEDUCTION',
    action: 'DELIVERY_DEDUCTION',
    userId: '31b1dd38-a529-4bf1-b5ab-79347415a917',
    paymentBalance: 96,
    updatePaymentBalance: true,
    metadata: '{"walletId":"wallet#31b1dd38-a529-4bf1-b5ab-79347415a917","deliveryId":"28565029-9748-41c6-9f38-5661f3598ef6","walletSk":"28565029-9748-41c6-9f38-5661f3598ef6"}',
    currency: 'BHD',
    amount: 8,
    vat: 0,
    oldBalance: 104,
    newBalance: 96
  }
}

2024-03-19T21:01:11.103Z 2024-03-19T21:01:11.103Z	f05acf7b-4dfa-5057-93ee-9108b2ac2a36	INFO	SubscriptionBalanceUpdated event published

2024-03-19T21:01:11.118Z END RequestId: f05acf7b-4dfa-5057-93ee-9108b2ac2a36

2024-03-19T21:01:11.118Z REPORT RequestId: f05acf7b-4dfa-5057-93ee-9108b2ac2a36	Duration: 154.35 ms	Billed Duration: 155 ms	Memory Size: 1024 MB	Max Memory Used: 129 MB	

2024-03-19T21:01:11.502Z START RequestId: 02b75682-6eb8-5d18-8362-08f191efe65a Version: $LATEST

2024-03-19T21:01:11.543Z 2024-03-19T21:01:11.543Z	02b75682-6eb8-5d18-8362-08f191efe65a	INFO	Processing message 29b095aa-2a45-44c3-93ad-13b95f0b12d3

2024-03-19T21:01:11.547Z 2024-03-19T21:01:11.547Z	02b75682-6eb8-5d18-8362-08f191efe65a	INFO	Start syncing the balance {
  transaction: {
    id: '01HSC898J3CC2Z2EXWDXT5XM0K',
    type: 'DEBIT',
    source: 'MANUAL_DEDUCTION',
    action: 'DELIVERY_DEDUCTION',
    userId: 'a1ec0f12-9aaa-42cf-ba7a-b74b41e2710d',
    paymentBalance: 120,
    updatePaymentBalance: true,
    metadata: '{"walletId":"wallet#a1ec0f12-9aaa-42cf-ba7a-b74b41e2710d","deliveryId":"140de792-f097-48cc-a0ea-cc9f4288a9b7","walletSk":"140de792-f097-48cc-a0ea-cc9f4288a9b7"}',
    currency: 'BHD',
    amount: 8,
    vat: 0,
    oldBalance: 128,
    newBalance: 120
  }
}

