2024-02-14T14:37:57.114Z START RequestId: 3b1fcdff-bfa2-53dc-84c0-93b96dd93443 Version: $LATEST

2024-02-14T14:37:57.143Z 2024-02-14T14:37:57.143Z	3b1fcdff-bfa2-53dc-84c0-93b96dd93443	INFO	Processing message e9d4a1eb-5a8f-4060-97e1-255906a0a9a3

2024-02-14T14:37:57.143Z 2024-02-14T14:37:57.143Z	3b1fcdff-bfa2-53dc-84c0-93b96dd93443	INFO	Skipping the process, Update Payment Balance Flag is set to false { transactionAction: 'DONATE_RAMADAN_MEAL' }

2024-02-14T14:37:57.145Z END RequestId: 3b1fcdff-bfa2-53dc-84c0-93b96dd93443

2024-02-14T14:37:57.145Z REPORT RequestId: 3b1fcdff-bfa2-53dc-84c0-93b96dd93443	Duration: 30.85 ms	Billed Duration: 31 ms	Memory Size: 1024 MB	Max Memory Used: 113 MB	

2024-02-14T14:30:12.046Z INIT_START Runtime Version: nodejs:20.v15	Runtime Version ARN: arn:aws:lambda:us-east-1::runtime:379cd8c4d157c2e16f1b841486b613da2188da597609ef24d67497ad9c22a53e

2024-02-14T14:30:12.834Z START RequestId: 08cb2ca9-e85f-57bf-86a7-72ef38fdcd59 Version: $LATEST

2024-02-14T14:30:12.977Z 2024-02-14T14:30:12.977Z	08cb2ca9-e85f-57bf-86a7-72ef38fdcd59	INFO	Processing message 6ac0e5ca-20ec-44b0-947d-8544b7fd59bc

2024-02-14T14:30:12.978Z 2024-02-14T14:30:12.978Z	08cb2ca9-e85f-57bf-86a7-72ef38fdcd59	INFO	Skipping the process, Update Payment Balance Flag is set to false { transactionAction: 'DONATE_RAMADAN_MEAL' }

2024-02-14T14:30:12.988Z END RequestId: 08cb2ca9-e85f-57bf-86a7-72ef38fdcd59

2024-02-14T14:30:12.988Z REPORT RequestId: 08cb2ca9-e85f-57bf-86a7-72ef38fdcd59	Duration: 154.09 ms	Billed Duration: 155 ms	Memory Size: 1024 MB	Max Memory Used: 103 MB	Init Duration: 787.80 ms	

2024-02-14T14:37:30.424Z START RequestId: caad1622-7844-56eb-ab31-4864aa21956f Version: $LATEST

2024-02-14T14:37:30.451Z 2024-02-14T14:37:30.451Z	caad1622-7844-56eb-ab31-4864aa21956f	INFO	Processing message a7a41822-4277-42e5-8621-dffafd629682

2024-02-14T14:37:30.451Z 2024-02-14T14:37:30.451Z	caad1622-7844-56eb-ab31-4864aa21956f	INFO	Skipping the process, Update Payment Balance Flag is set to false { transactionAction: 'DONATE_RAMADAN_MEAL' }

2024-02-14T14:37:30.452Z END RequestId: caad1622-7844-56eb-ab31-4864aa21956f

2024-02-14T14:37:30.452Z REPORT RequestId: caad1622-7844-56eb-ab31-4864aa21956f	Duration: 28.17 ms	Billed Duration: 29 ms	Memory Size: 1024 MB	Max Memory Used: 113 MB	

2024-02-14T14:32:45.116Z START RequestId: b4f9c71a-d0ae-5ff3-b53d-995c01eae322 Version: $LATEST

2024-02-14T14:32:45.260Z 2024-02-14T14:32:45.260Z	b4f9c71a-d0ae-5ff3-b53d-995c01eae322	INFO	Processing message 979195f2-d218-44b0-b498-f84c1b74df69

2024-02-14T14:32:45.261Z 2024-02-14T14:32:45.261Z	b4f9c71a-d0ae-5ff3-b53d-995c01eae322	INFO	Skipping the process, Update Payment Balance Flag is set to false { transactionAction: 'DONATE_RAMADAN_MEAL' }

2024-02-14T14:32:45.263Z END RequestId: b4f9c71a-d0ae-5ff3-b53d-995c01eae322

2024-02-14T14:32:45.263Z REPORT RequestId: b4f9c71a-d0ae-5ff3-b53d-995c01eae322	Duration: 147.40 ms	Billed Duration: 148 ms	Memory Size: 1024 MB	Max Memory Used: 105 MB	
XRAY TraceId: 1-65cccf0d-3167a9922baae86d3b93fd86	SegmentId: 76fa142060a96f92	Sampled: true	

2024-02-14T14:37:07.324Z START RequestId: 8dae27cf-b355-52cf-9df7-7989611f8e90 Version: $LATEST

2024-02-14T14:37:07.448Z 2024-02-14T14:37:07.448Z	8dae27cf-b355-52cf-9df7-7989611f8e90	INFO	Processing message 6c7989ab-0bf1-4582-b7a4-0bcd6325e2dc

2024-02-14T14:37:07.448Z 2024-02-14T14:37:07.448Z	8dae27cf-b355-52cf-9df7-7989611f8e90	INFO	Skipping the process, Update Payment Balance Flag is set to false { transactionAction: 'DONATE_RAMADAN_MEAL' }

2024-02-14T14:37:07.450Z END RequestId: 8dae27cf-b355-52cf-9df7-7989611f8e90

2024-02-14T14:37:07.450Z REPORT RequestId: 8dae27cf-b355-52cf-9df7-7989611f8e90	Duration: 126.19 ms	Billed Duration: 127 ms	Memory Size: 1024 MB	Max Memory Used: 113 MB	

