2024-05-21T21:01:14.948Z 2024-05-21T21:01:14.948Z	1aa9d699-ecae-57d0-99a4-885ee174d0b7	INFO	Processing message f40d4c5c-593a-44f5-b46f-e29f30b14ff2

2024-05-21T21:01:14.953Z 2024-05-21T21:01:14.953Z	1aa9d699-ecae-57d0-99a4-885ee174d0b7	INFO	Start syncing the balance {
  transaction: {
    id: '01HYEFAMG6D5P7DXGMZM51RCT8',
    type: 'DEBIT',
    source: 'MANUAL_DEDUCTION',
    action: 'DELIVERY_DEDUCTION',
    userId: '9e652ba2-e1f3-4c64-a256-7bc39337e0ca',
    paymentBalance: 29,
    updatePaymentBalance: true,
    metadata: '{"walletId":"wallet#9e652ba2-e1f3-4c64-a256-7bc39337e0ca","deliveryId":"78ed2a11-e884-4ed0-a7d6-b83a9953628b","walletSk":"78ed2a11-e884-4ed0-a7d6-b83a9953628b"}',
    currency: 'BHD',
    amount: 11,
    vat: 0,
    oldBalance: 40,
    newBalance: 29
  }
}

2024-05-21T21:01:14.991Z 2024-05-21T21:01:14.991Z	1aa9d699-ecae-57d0-99a4-885ee174d0b7	INFO	SubscriptionBalanceUpdated event published

2024-05-21T21:01:15.007Z 2024-05-21T21:01:15.007Z	1aa9d699-ecae-57d0-99a4-885ee174d0b7	INFO	Processing message abd28434-ca0f-4ceb-a9cf-53655f5985e5

2024-05-21T21:01:15.014Z 2024-05-21T21:01:15.014Z	1aa9d699-ecae-57d0-99a4-885ee174d0b7	INFO	Start syncing the balance {
  transaction: {
    id: '01HYEFAMRN3R1X8R8PJGA02X5C',
    type: 'DEBIT',
    source: 'MANUAL_DEDUCTION',
    action: 'DELIVERY_DEDUCTION',
    userId: '47d33033-5eb8-4a91-8f00-330e5e00816c',
    paymentBalance: 990,
    updatePaymentBalance: true,
    metadata: '{"walletId":"wallet#47d33033-5eb8-4a91-8f00-330e5e00816c","deliveryId":"e1459151-0078-4f61-9bfc-d8af51138c54","walletSk":"e1459151-0078-4f61-9bfc-d8af51138c54"}',
    currency: 'SAR',
    amount: 90,
    vat: 0,
    oldBalance: 2880,
    newBalance: 2790
  }
}

2024-05-21T21:01:15.051Z 2024-05-21T21:01:15.051Z	1aa9d699-ecae-57d0-99a4-885ee174d0b7	INFO	SubscriptionBalanceUpdated event published

2024-05-21T21:01:15.068Z 2024-05-21T21:01:15.068Z	1aa9d699-ecae-57d0-99a4-885ee174d0b7	ERROR	Subscription balance and payment balance are not in sync {
  userId: '47d33033-5eb8-4a91-8f00-330e5e00816c',
  subscriptionBalance: 2790,
  paymentBalance: 990
}

2024-05-21T21:01:15.083Z 2024-05-21T21:01:15.083Z	1aa9d699-ecae-57d0-99a4-885ee174d0b7	INFO	Processing message 9edc2f44-726e-4e55-b248-f7061d8f8b29

2024-05-21T21:01:15.088Z 2024-05-21T21:01:15.088Z	1aa9d699-ecae-57d0-99a4-885ee174d0b7	INFO	Start syncing the balance {
  transaction: {
    id: '01HYEFAMK5WEPKQBGSGZ8K1GQS',
    type: 'DEBIT',
    source: 'MANUAL_DEDUCTION',
    action: 'DELIVERY_DEDUCTION',
    userId: 'f22d8b99-d7ee-4fd8-a180-5f9de2862658',
    paymentBalance: 1350,
    updatePaymentBalance: true,
    metadata: '{"walletId":"wallet#f22d8b99-d7ee-4fd8-a180-5f9de2862658","deliveryId":"00afa2bb-1265-4424-8ca3-8b424053b267","walletSk":"00afa2bb-1265-4424-8ca3-8b424053b267"}',
    currency: 'SAR',
    amount: 90,
    vat: 0,
    oldBalance: 1440,
    newBalance: 1350
  }
}

2024-05-21T21:01:15.128Z 2024-05-21T21:01:15.128Z	1aa9d699-ecae-57d0-99a4-885ee174d0b7	INFO	SubscriptionBalanceUpdated event published

2024-05-21T21:01:15.144Z 2024-05-21T21:01:15.144Z	1aa9d699-ecae-57d0-99a4-885ee174d0b7	INFO	Processing message 97aea324-867a-43b5-9b1c-d95a8e4d5319

2024-05-21T21:01:15.150Z 2024-05-21T21:01:15.150Z	1aa9d699-ecae-57d0-99a4-885ee174d0b7	INFO	Start syncing the balance {
  transaction: {
    id: '01HYEFAMNN6SDZEKA3R83VS2YR',
    type: 'DEBIT',
    source: 'MANUAL_DEDUCTION',
    action: 'DELIVERY_DEDUCTION',
    userId: 'f4dc5822-594f-4474-af3a-404dc05c6174',
    paymentBalance: 2295,
    updatePaymentBalance: true,
    metadata: '{"walletId":"wallet#f4dc5822-594f-4474-af3a-404dc05c6174","deliveryId":"11c46c42-b821-4a5f-ae67-e2c0a14d6b3e","walletSk":"11c46c42-b821-4a5f-ae67-e2c0a14d6b3e"}',
    currency: 'QAR',
    amount: 105,
    vat: 0,
    oldBalance: 2400,
    newBalance: 2295
  }
}

2024-05-21T21:01:15.193Z 2024-05-21T21:01:15.193Z	1aa9d699-ecae-57d0-99a4-885ee174d0b7	INFO	SubscriptionBalanceUpdated event published

2024-05-21T21:01:15.208Z END RequestId: 1aa9d699-ecae-57d0-99a4-885ee174d0b7

2024-05-21T21:01:15.208Z REPORT RequestId: 1aa9d699-ecae-57d0-99a4-885ee174d0b7	Duration: 444.84 ms	Billed Duration: 445 ms	Memory Size: 1024 MB	Max Memory Used: 148 MB	
XRAY TraceId: 1-664d0b9a-de4df00d118f62cbe5e78580	SegmentId: 3f6d1210071c9d95	Sampled: true	

2024-05-21T21:01:15.217Z START RequestId: ae2c2cb0-f711-5810-8e74-7277facabf77 Version: $LATEST

2024-05-21T21:01:15.238Z 2024-05-21T21:01:15.238Z	ae2c2cb0-f711-5810-8e74-7277facabf77	INFO	Processing message cb6f1c52-f1e2-42cf-85f7-9049ef2ce7c8

2024-05-21T21:01:15.243Z 2024-05-21T21:01:15.243Z	ae2c2cb0-f711-5810-8e74-7277facabf77	INFO	Start syncing the balance {
  transaction: {
    id: '01HYEFAMVHDQMT200Z54NZMP6H',
    type: 'DEBIT',
    source: 'MANUAL_DEDUCTION',
    action: 'DELIVERY_DEDUCTION',
    userId: 'f50d0778-fab9-47c1-bf7d-a23e9649e127',
    paymentBalance: 9855.908,
    updatePaymentBalance: true,
    metadata: '{"walletId":"wallet#f50d0778-fab9-47c1-bf7d-a23e9649e127","deliveryId":"33753fae-85a6-4749-b303-94cf09f92e37","walletSk":"33753fae-85a6-4749-b303-94cf09f92e37"}',
    currency: 'BHD',
    amount: 9,
    vat: 0,
    oldBalance: 9864.908,
    newBalance: 9855.908
  }
}

2024-05-21T21:01:15.281Z 2024-05-21T21:01:15.281Z	ae2c2cb0-f711-5810-8e74-7277facabf77	INFO	SubscriptionBalanceUpdated event published

2024-05-21T21:01:15.295Z 2024-05-21T21:01:15.295Z	ae2c2cb0-f711-5810-8e74-7277facabf77	INFO	Processing message a7a7163c-09fa-4352-b77a-62cb03c1da44

2024-05-21T21:01:15.302Z 2024-05-21T21:01:15.302Z	ae2c2cb0-f711-5810-8e74-7277facabf77	INFO	Start syncing the balance {
  transaction: {
    id: '01HYEFAN0XH9DK7CX0VQX4Q445',
    type: 'DEBIT',
    source: 'MANUAL_DEDUCTION',
    action: 'DELIVERY_DEDUCTION',
    userId: '512be50c-a203-43c0-813b-106428cc25b9',
    paymentBalance: 1260,
    updatePaymentBalance: true,
    metadata: '{"walletId":"wallet#512be50c-a203-43c0-813b-106428cc25b9","deliveryId":"e3b27af5-9df7-4723-ac08-ed9f00d484ed","walletSk":"e3b27af5-9df7-4723-ac08-ed9f00d484ed"}',
    currency: 'SAR',
    amount: 90,
    vat: 0,
    oldBalance: 3150,
    newBalance: 3060
  }
}

2024-05-21T21:01:15.348Z 2024-05-21T21:01:15.348Z	ae2c2cb0-f711-5810-8e74-7277facabf77	INFO	SubscriptionBalanceUpdated event published

2024-05-21T21:01:15.360Z 2024-05-21T21:01:15.360Z	ae2c2cb0-f711-5810-8e74-7277facabf77	ERROR	Subscription balance and payment balance are not in sync {
  userId: '512be50c-a203-43c0-813b-106428cc25b9',
  subscriptionBalance: 3060,
  paymentBalance: 1260
}

2024-05-21T21:01:15.374Z 2024-05-21T21:01:15.374Z	ae2c2cb0-f711-5810-8e74-7277facabf77	INFO	Processing message 39e886a9-a4ad-4099-b746-8f968efc9dfc

2024-05-21T21:01:15.380Z 2024-05-21T21:01:15.380Z	ae2c2cb0-f711-5810-8e74-7277facabf77	INFO	Start syncing the balance {
  transaction: {
    id: '01HYEFAMYF2Z8VY8WG8QSNE136',
    type: 'DEBIT',
    source: 'MANUAL_DEDUCTION',
    action: 'DELIVERY_DEDUCTION',
    userId: 'a3ef8330-86f3-4c4c-80e2-0d806a405c5f',
    paymentBalance: 164,
    updatePaymentBalance: true,
    metadata: '{"walletId":"wallet#a3ef8330-86f3-4c4c-80e2-0d806a405c5f","deliveryId":"c5cc615b-db36-43cc-adca-1223b1b507b0","walletSk":"c5cc615b-db36-43cc-adca-1223b1b507b0"}',
    currency: 'BHD',
    amount: 4,
    vat: 0,
    oldBalance: 168,
    newBalance: 164
  }
}

2024-05-21T21:01:15.416Z 2024-05-21T21:01:15.416Z	ae2c2cb0-f711-5810-8e74-7277facabf77	INFO	SubscriptionBalanceUpdated event published

2024-05-21T21:01:15.434Z 2024-05-21T21:01:15.434Z	ae2c2cb0-f711-5810-8e74-7277facabf77	INFO	Processing message 73f1e1a6-5400-4890-ad60-669fbeaf8f4a

2024-05-21T21:01:15.439Z 2024-05-21T21:01:15.439Z	ae2c2cb0-f711-5810-8e74-7277facabf77	INFO	Start syncing the balance {
  transaction: {
    id: '01HYEFAN4BJ640A859A493N3S6',
    type: 'DEBIT',
    source: 'MANUAL_DEDUCTION',
    action: 'DELIVERY_DEDUCTION',
    userId: '482cd140-b381-4122-bcdc-b74fedd083f6',
    paymentBalance: 143,
    updatePaymentBalance: true,
    metadata: '{"walletId":"wallet#482cd140-b381-4122-bcdc-b74fedd083f6","deliveryId":"b99617c3-3ab4-47d6-bf03-17f1cf940dfe","walletSk":"b99617c3-3ab4-47d6-bf03-17f1cf940dfe"}',
    currency: 'BHD',
    amount: 6,
    vat: 0,
    oldBalance: 149,
    newBalance: 143
  }
}

2024-05-21T21:01:15.476Z 2024-05-21T21:01:15.476Z	ae2c2cb0-f711-5810-8e74-7277facabf77	INFO	SubscriptionBalanceUpdated event published

2024-05-21T21:01:15.488Z 2024-05-21T21:01:15.488Z	ae2c2cb0-f711-5810-8e74-7277facabf77	INFO	Processing message 398fb5fc-a184-4225-810a-a7cfad324ee7

2024-05-21T21:01:15.494Z 2024-05-21T21:01:15.494Z	ae2c2cb0-f711-5810-8e74-7277facabf77	INFO	Start syncing the balance {
  transaction: {
    id: '01HYEFAN9WJMRV2HMPP91C1X4T',
    type: 'DEBIT',
    source: 'MANUAL_DEDUCTION',
    action: 'DELIVERY_DEDUCTION',
    userId: 'f3d4c61b-6917-4a7c-99c0-aaa26571e99e',
    paymentBalance: 141.2,
    updatePaymentBalance: true,
    metadata: '{"walletId":"wallet#f3d4c61b-6917-4a7c-99c0-aaa26571e99e","deliveryId":"b5622bd3-bacb-41d6-837f-1e809edd031f","walletSk":"b5622bd3-bacb-41d6-837f-1e809edd031f"}',
    currency: 'BHD',
    amount: 3.3,
    vat: 0,
    oldBalance: 144.5,
    newBalance: 141.2
  }
}

2024-05-21T21:01:15.532Z 2024-05-21T21:01:15.532Z	ae2c2cb0-f711-5810-8e74-7277facabf77	INFO	SubscriptionBalanceUpdated event published

2024-05-21T21:01:15.548Z END RequestId: ae2c2cb0-f711-5810-8e74-7277facabf77

2024-05-21T21:01:15.548Z REPORT RequestId: ae2c2cb0-f711-5810-8e74-7277facabf77	Duration: 330.96 ms	Billed Duration: 331 ms	Memory Size: 1024 MB	Max Memory Used: 148 MB	

2024-05-21T21:01:15.585Z START RequestId: c88b85f5-b6df-5f86-9101-db32bb04e8e1 Version: $LATEST

2024-05-21T21:01:15.609Z 2024-05-21T21:01:15.609Z	c88b85f5-b6df-5f86-9101-db32bb04e8e1	INFO	Processing message 0bc37f58-de31-47f6-927a-43bc44c87181

2024-05-21T21:01:15.617Z 2024-05-21T21:01:15.617Z	c88b85f5-b6df-5f86-9101-db32bb04e8e1	INFO	Start syncing the balance {
  transaction: {
    id: '01HYEFANKQ4CABVJG30VRGSX4F',
    type: 'DEBIT',
    source: 'MANUAL_DEDUCTION',
    action: 'DELIVERY_DEDUCTION',
    userId: 'ada642e4-bef1-4fd9-8b93-7f3f3813ae19',
    paymentBalance: 129.619,
    updatePaymentBalance: true,
    metadata: '{"walletId":"wallet#ada642e4-bef1-4fd9-8b93-7f3f3813ae19","deliveryId":"732114dd-5f48-46ca-9799-086723a2e12a","walletSk":"732114dd-5f48-46ca-9799-086723a2e12a"}',
    currency: 'BHD',
    amount: 10.8,
    vat: 0,
    oldBalance: 156.419,
    newBalance: 145.619
  }
}

2024-05-21T21:01:15.652Z 2024-05-21T21:01:15.652Z	c88b85f5-b6df-5f86-9101-db32bb04e8e1	INFO	SubscriptionBalanceUpdated event published

2024-05-21T21:01:15.668Z 2024-05-21T21:01:15.668Z	c88b85f5-b6df-5f86-9101-db32bb04e8e1	ERROR	Subscription balance and payment balance are not in sync {
  userId: 'ada642e4-bef1-4fd9-8b93-7f3f3813ae19',
  subscriptionBalance: 145.619,
  paymentBalance: 129.619
}

2024-05-21T21:01:15.683Z END RequestId: c88b85f5-b6df-5f86-9101-db32bb04e8e1

2024-05-21T21:01:15.683Z REPORT RequestId: c88b85f5-b6df-5f86-9101-db32bb04e8e1	Duration: 98.59 ms	Billed Duration: 99 ms	Memory Size: 1024 MB	Max Memory Used: 149 MB	

2024-05-21T21:01:15.700Z START RequestId: fd2077e1-fa3b-5bcb-b088-2926f7e00cac Version: $LATEST

2024-05-21T21:01:15.736Z 2024-05-21T21:01:15.736Z	fd2077e1-fa3b-5bcb-b088-2926f7e00cac	INFO	Processing message 112dcddf-1e2e-45b8-95b4-4844b31683db

2024-05-21T21:01:15.742Z 2024-05-21T21:01:15.742Z	fd2077e1-fa3b-5bcb-b088-2926f7e00cac	INFO	Start syncing the balance {
  transaction: {
    id: '01HYEFANEXSCJBKATXW23WVY54',
    type: 'DEBIT',
    source: 'MANUAL_DEDUCTION',
    action: 'DELIVERY_DEDUCTION',
    userId: 'f36a2266-17eb-4ac3-9d54-0cf28b8b5bd4',
    paymentBalance: 1600,
    updatePaymentBalance: true,
    metadata: '{"walletId":"wallet#f36a2266-17eb-4ac3-9d54-0cf28b8b5bd4","deliveryId":"b25dd7df-bb40-4bb3-8468-2440623e8b99","walletSk":"b25dd7df-bb40-4bb3-8468-2440623e8b99"}',
    currency: 'SAR',
    amount: 100,
    vat: 0,
    oldBalance: 1700,
    newBalance: 1600
  }
}

2024-05-21T21:01:15.780Z 2024-05-21T21:01:15.780Z	fd2077e1-fa3b-5bcb-b088-2926f7e00cac	INFO	SubscriptionBalanceUpdated event published

2024-05-21T21:01:15.794Z END RequestId: fd2077e1-fa3b-5bcb-b088-2926f7e00cac

2024-05-21T21:01:15.794Z REPORT RequestId: fd2077e1-fa3b-5bcb-b088-2926f7e00cac	Duration: 94.41 ms	Billed Duration: 95 ms	Memory Size: 1024 MB	Max Memory Used: 149 MB	

2024-05-21T21:01:15.969Z START RequestId: cb53a806-dfa4-5518-9825-f6c1d27f527f Version: $LATEST

2024-05-21T21:01:15.997Z 2024-05-21T21:01:15.997Z	cb53a806-dfa4-5518-9825-f6c1d27f527f	INFO	Processing message f179ed7b-886b-4501-a7ce-f41a49d5970d

2024-05-21T21:01:16.004Z 2024-05-21T21:01:16.004Z	cb53a806-dfa4-5518-9825-f6c1d27f527f	INFO	Start syncing the balance {
  transaction: {
    id: '01HYEFANRSSN870TBZ139ERAKJ',
    type: 'DEBIT',
    source: 'MANUAL_DEDUCTION',
    action: 'DELIVERY_DEDUCTION',
    userId: '68c3122c-7318-4e51-aee3-37ce3f855c6a',
    paymentBalance: 210,
    updatePaymentBalance: true,
    metadata: '{"walletId":"wallet#68c3122c-7318-4e51-aee3-37ce3f855c6a","deliveryId":"3795b885-25f4-4950-b88d-ae6b43893560","walletSk":"3795b885-25f4-4950-b88d-ae6b43893560"}',
    currency: 'BHD',
    amount: 8.25,
    vat: 0,
    oldBalance: 218.25,
    newBalance: 210
  }
}

2024-05-21T21:01:16.042Z 2024-05-21T21:01:16.042Z	cb53a806-dfa4-5518-9825-f6c1d27f527f	INFO	SubscriptionBalanceUpdated event published

2024-05-21T21:01:16.056Z END RequestId: cb53a806-dfa4-5518-9825-f6c1d27f527f

2024-05-21T21:01:16.056Z REPORT RequestId: cb53a806-dfa4-5518-9825-f6c1d27f527f	Duration: 86.55 ms	Billed Duration: 87 ms	Memory Size: 1024 MB	Max Memory Used: 149 MB	

2024-05-21T21:01:16.126Z START RequestId: 5da8860f-d801-562a-9a79-d8c8d5ddc14d Version: $LATEST

2024-05-21T21:01:16.139Z 2024-05-21T21:01:16.139Z	5da8860f-d801-562a-9a79-d8c8d5ddc14d	INFO	Processing message 0223c771-7850-46db-8c70-7948c321f3f7

2024-05-21T21:01:16.146Z 2024-05-21T21:01:16.146Z	5da8860f-d801-562a-9a79-d8c8d5ddc14d	INFO	Start syncing the balance {
  transaction: {
    id: '01HYEFAP024W1H56SBXFGS12Q5',
    type: 'DEBIT',
    source: 'MANUAL_DEDUCTION',
    action: 'DELIVERY_DEDUCTION',
    userId: '0e57c6e2-d98c-423d-a2a4-4c35104a3f7c',
    paymentBalance: 20,
    updatePaymentBalance: true,
    metadata: '{"walletId":"wallet#0e57c6e2-d98c-423d-a2a4-4c35104a3f7c","deliveryId":"998653b4-76d7-4278-aa8c-d46848e7f363","walletSk":"998653b4-76d7-4278-aa8c-d46848e7f363"}',
    currency: 'BHD',
    amount: 10,
    vat: 0,
    oldBalance: 30,
    newBalance: 20
  }
}

2024-05-21T21:01:16.203Z 2024-05-21T21:01:16.203Z	5da8860f-d801-562a-9a79-d8c8d5ddc14d	INFO	SubscriptionBalanceUpdated event published

2024-05-21T21:01:16.219Z 2024-05-21T21:01:16.219Z	5da8860f-d801-562a-9a79-d8c8d5ddc14d	INFO	Processing message ac14ce93-2c23-4eca-a200-b7bc4e694ed4

2024-05-21T21:01:16.227Z 2024-05-21T21:01:16.227Z	5da8860f-d801-562a-9a79-d8c8d5ddc14d	INFO	Start syncing the balance {
  transaction: {
    id: '01HYEFANXYDKE3FGCP93TB5RSH',
    type: 'DEBIT',
    source: 'MANUAL_DEDUCTION',
    action: 'DELIVERY_DEDUCTION',
    userId: '67c42c0a-38dc-4917-b323-f8e7e0a5e9cb',
    paymentBalance: 10703.567,
    updatePaymentBalance: true,
    metadata: '{"walletId":"wallet#67c42c0a-38dc-4917-b323-f8e7e0a5e9cb","deliveryId":"41abe190-2d65-48d2-808b-77c52e1ab85e","walletSk":"41abe190-2d65-48d2-808b-77c52e1ab85e"}',
    currency: 'BHD',
    amount: 8.25,
    vat: 0,
    oldBalance: 10711.817,
    newBalance: 10703.567
  }
}

2024-05-21T21:01:16.266Z 2024-05-21T21:01:16.266Z	5da8860f-d801-562a-9a79-d8c8d5ddc14d	INFO	SubscriptionBalanceUpdated event published

2024-05-21T21:01:16.280Z END RequestId: 5da8860f-d801-562a-9a79-d8c8d5ddc14d

2024-05-21T21:01:16.280Z REPORT RequestId: 5da8860f-d801-562a-9a79-d8c8d5ddc14d	Duration: 153.86 ms	Billed Duration: 154 ms	Memory Size: 1024 MB	Max Memory Used: 149 MB	

2024-05-21T21:01:16.446Z START RequestId: d0a63320-4252-5bde-98bb-6de74f8e2234 Version: $LATEST

2024-05-21T21:01:16.470Z 2024-05-21T21:01:16.470Z	d0a63320-4252-5bde-98bb-6de74f8e2234	INFO	Processing message d795722b-2f02-4f73-b6fc-7ea533b7b81b

2024-05-21T21:01:16.476Z 2024-05-21T21:01:16.476Z	d0a63320-4252-5bde-98bb-6de74f8e2234	INFO	Start syncing the balance {
  transaction: {
    id: '01HYEFAP8Q5DE9MVS11A2GSE4R',
    type: 'DEBIT',
    source: 'MANUAL_DEDUCTION',
    action: 'DELIVERY_DEDUCTION',
    userId: 'f380b5b2-4e39-49d3-a51a-47b9b9445222',
    paymentBalance: 45.546,
    updatePaymentBalance: true,
    metadata: '{"walletId":"wallet#f380b5b2-4e39-49d3-a51a-47b9b9445222","deliveryId":"e59ef7ed-9859-41a9-8214-4aeee6f19d2d","walletSk":"e59ef7ed-9859-41a9-8214-4aeee6f19d2d"}',
    currency: 'BHD',
    amount: 9,
    vat: 0,
    oldBalance: 54.546,
    newBalance: 45.546
  }
}

2024-05-21T21:01:16.513Z 2024-05-21T21:01:16.513Z	d0a63320-4252-5bde-98bb-6de74f8e2234	INFO	SubscriptionBalanceUpdated event published

2024-05-21T21:01:16.527Z 2024-05-21T21:01:16.527Z	d0a63320-4252-5bde-98bb-6de74f8e2234	INFO	Processing message ab547f7a-b22c-4184-9048-064e4258bf17

2024-05-21T21:01:16.532Z 2024-05-21T21:01:16.532Z	d0a63320-4252-5bde-98bb-6de74f8e2234	INFO	Start syncing the balance {
  transaction: {
    id: '01HYEFAP3EA7V5795FA87BQZBZ',
    type: 'DEBIT',
    source: 'MANUAL_DEDUCTION',
    action: 'DELIVERY_DEDUCTION',
    userId: '70288e33-aa61-4270-b958-4465a7993716',
    paymentBalance: 38.5,
    updatePaymentBalance: true,
    metadata: '{"walletId":"wallet#70288e33-aa61-4270-b958-4465a7993716","deliveryId":"725c0ace-6e90-4d95-a80d-9d60f9fa92f0","walletSk":"725c0ace-6e90-4d95-a80d-9d60f9fa92f0"}',
    currency: 'BHD',
    amount: 10,
    vat: 0,
    oldBalance: 48.5,
    newBalance: 38.5
  }
}

2024-05-21T21:01:16.569Z 2024-05-21T21:01:16.569Z	d0a63320-4252-5bde-98bb-6de74f8e2234	INFO	SubscriptionBalanceUpdated event published

2024-05-21T21:01:16.579Z 2024-05-21T21:01:16.579Z	d0a63320-4252-5bde-98bb-6de74f8e2234	INFO	Processing message fae85316-a1fc-4826-97a6-efbc37d6b2d6

2024-05-21T21:01:16.585Z 2024-05-21T21:01:16.585Z	d0a63320-4252-5bde-98bb-6de74f8e2234	INFO	Start syncing the balance {
  transaction: {
    id: '01HYEFAP5TNXQ6454N320T8A97',
    type: 'DEBIT',
    source: 'MANUAL_DEDUCTION',
    action: 'DELIVERY_DEDUCTION',
    userId: 'c2e78d8f-98f5-443f-8213-bcfd7af82b57',
    paymentBalance: 798,
    updatePaymentBalance: true,
    metadata: '{"walletId":"wallet#c2e78d8f-98f5-443f-8213-bcfd7af82b57","deliveryId":"108cff64-fc72-405f-9895-c974ea2f34ea","walletSk":"108cff64-fc72-405f-9895-c974ea2f34ea"}',
    currency: 'SAR',
    amount: 42,
    vat: 0,
    oldBalance: 840,
    newBalance: 798
  }
}

2024-05-21T21:01:16.621Z 2024-05-21T21:01:16.621Z	d0a63320-4252-5bde-98bb-6de74f8e2234	INFO	SubscriptionBalanceUpdated event published

2024-05-21T21:01:16.631Z 2024-05-21T21:01:16.631Z	d0a63320-4252-5bde-98bb-6de74f8e2234	INFO	Processing message c88ee495-7bfe-437c-877c-7179b1d346f4

2024-05-21T21:01:16.636Z 2024-05-21T21:01:16.636Z	d0a63320-4252-5bde-98bb-6de74f8e2234	INFO	Start syncing the balance {
  transaction: {
    id: '01HYEFAPEPRTRS5PBTJ2C6AR79',
    type: 'DEBIT',
    source: 'MANUAL_DEDUCTION',
    action: 'DELIVERY_DEDUCTION',
    userId: 'e3d43d6d-7b07-45c8-bda5-8278df2ae92d',
    paymentBalance: 47.618,
    updatePaymentBalance: true,
    metadata: '{"walletId":"wallet#e3d43d6d-7b07-45c8-bda5-8278df2ae92d","deliveryId":"a64500e1-b7e7-486a-98bd-0d4dd6b8dfd4","walletSk":"a64500e1-b7e7-486a-98bd-0d4dd6b8dfd4"}',
    currency: 'BHD',
    amount: 9,
    vat: 0,
    oldBalance: 56.618,
    newBalance: 47.618
  }
}

2024-05-21T21:01:16.672Z 2024-05-21T21:01:16.672Z	d0a63320-4252-5bde-98bb-6de74f8e2234	INFO	SubscriptionBalanceUpdated event published

2024-05-21T21:01:16.686Z 2024-05-21T21:01:16.686Z	d0a63320-4252-5bde-98bb-6de74f8e2234	INFO	Processing message 44d57ad1-c325-44ee-9019-f2a7de70a5da

2024-05-21T21:01:16.692Z 2024-05-21T21:01:16.692Z	d0a63320-4252-5bde-98bb-6de74f8e2234	INFO	Start syncing the balance {
  transaction: {
    id: '01HYEFAPHGP58AD5ZQDZF6427B',
    type: 'DEBIT',
    source: 'MANUAL_DEDUCTION',
    action: 'DELIVERY_DEDUCTION',
    userId: '60a4696b-c433-4080-ad6d-061bd95b7d56',
    paymentBalance: 14038.51,
    updatePaymentBalance: true,
    metadata: '{"walletId":"wallet#60a4696b-c433-4080-ad6d-061bd95b7d56","deliveryId":"e84a835a-bf2e-4916-bb89-3e7ae69348e3","walletSk":"e84a835a-bf2e-4916-bb89-3e7ae69348e3"}',
    currency: 'SAR',
    amount: 78.26,
    vat: 0,
    oldBalance: 4734.77,
    newBalance: 4656.51
  }
}

2024-05-21T21:01:16.729Z 2024-05-21T21:01:16.729Z	d0a63320-4252-5bde-98bb-6de74f8e2234	INFO	SubscriptionBalanceUpdated event published

2024-05-21T21:01:16.739Z 2024-05-21T21:01:16.739Z	d0a63320-4252-5bde-98bb-6de74f8e2234	ERROR	Subscription balance and payment balance are not in sync {
  userId: '60a4696b-c433-4080-ad6d-061bd95b7d56',
  subscriptionBalance: 4656.51,
  paymentBalance: 14038.51
}

2024-05-21T21:01:16.771Z 2024-05-21T21:01:16.771Z	d0a63320-4252-5bde-98bb-6de74f8e2234	INFO	Processing message 1c7f4ada-ba3d-412f-9e86-59bc3a115f95

2024-05-21T21:01:16.776Z 2024-05-21T21:01:16.776Z	d0a63320-4252-5bde-98bb-6de74f8e2234	INFO	Start syncing the balance {
  transaction: {
    id: '01HYEFAPBYNTT4NG25ACEB8TZE',
    type: 'DEBIT',
    source: 'MANUAL_DEDUCTION',
    action: 'DELIVERY_DEDUCTION',
    userId: '663e78c9-903b-4227-b79a-46d5c8d71e91',
    paymentBalance: 470,
    updatePaymentBalance: true,
    metadata: '{"walletId":"wallet#663e78c9-903b-4227-b79a-46d5c8d71e91","deliveryId":"e77df58e-808a-437a-a34d-1d2498975622","walletSk":"e77df58e-808a-437a-a34d-1d2498975622"}',
    currency: 'SAR',
    amount: 47,
    vat: 0,
    oldBalance: 1457,
    newBalance: 1410
  }
}

2024-05-21T21:01:16.819Z 2024-05-21T21:01:16.819Z	d0a63320-4252-5bde-98bb-6de74f8e2234	INFO	SubscriptionBalanceUpdated event published

2024-05-21T21:01:16.832Z 2024-05-21T21:01:16.832Z	d0a63320-4252-5bde-98bb-6de74f8e2234	ERROR	Subscription balance and payment balance are not in sync {
  userId: '663e78c9-903b-4227-b79a-46d5c8d71e91',
  subscriptionBalance: 1410,
  paymentBalance: 470
}

2024-05-21T21:01:16.848Z END RequestId: d0a63320-4252-5bde-98bb-6de74f8e2234

2024-05-21T21:01:16.848Z REPORT RequestId: d0a63320-4252-5bde-98bb-6de74f8e2234	Duration: 402.26 ms	Billed Duration: 403 ms	Memory Size: 1024 MB	Max Memory Used: 149 MB	

2024-05-21T21:01:16.945Z START RequestId: d3f24ecb-eb62-593f-90aa-100ce6be3128 Version: $LATEST

2024-05-21T21:01:16.969Z 2024-05-21T21:01:16.969Z	d3f24ecb-eb62-593f-90aa-100ce6be3128	INFO	Processing message aa86cb24-c83d-4a38-becf-00f2bf0502a9

2024-05-21T21:01:16.974Z 2024-05-21T21:01:16.974Z	d3f24ecb-eb62-593f-90aa-100ce6be3128	INFO	Start syncing the balance {
  transaction: {
    id: '01HYEFAPRK7PXK5AWBY8B1KDHT',
    type: 'DEBIT',
    source: 'MANUAL_DEDUCTION',
    action: 'DELIVERY_DEDUCTION',
    userId: '34da8625-71ba-4993-bf09-80b734a942a9',
    paymentBalance: 1080,
    updatePaymentBalance: true,
    metadata: '{"walletId":"wallet#34da8625-71ba-4993-bf09-80b734a942a9","deliveryId":"6dcdd7ec-f9cd-4986-9109-45cf1f386c16","walletSk":"6dcdd7ec-f9cd-4986-9109-45cf1f386c16"}',
    currency: 'SAR',
    amount: 90,
    vat: 0,
    oldBalance: 2970,
    newBalance: 2880
  }
}

2024-05-21T21:01:17.010Z 2024-05-21T21:01:17.010Z	d3f24ecb-eb62-593f-90aa-100ce6be3128	INFO	SubscriptionBalanceUpdated event published

2024-05-21T21:01:17.025Z 2024-05-21T21:01:17.025Z	d3f24ecb-eb62-593f-90aa-100ce6be3128	ERROR	Subscription balance and payment balance are not in sync {
  userId: '34da8625-71ba-4993-bf09-80b734a942a9',
  subscriptionBalance: 2880,
  paymentBalance: 1080
}

2024-05-21T21:01:17.039Z 2024-05-21T21:01:17.039Z	d3f24ecb-eb62-593f-90aa-100ce6be3128	INFO	Processing message ac57fda1-e8d3-4f2b-850f-d15c8d418b92

2024-05-21T21:01:17.045Z 2024-05-21T21:01:17.045Z	d3f24ecb-eb62-593f-90aa-100ce6be3128	INFO	Start syncing the balance {
  transaction: {
    id: '01HYEFAPX75SZ5G3EJQDGHJD8H',
    type: 'DEBIT',
    source: 'MANUAL_DEDUCTION',
    action: 'DELIVERY_DEDUCTION',
    userId: '795af69b-d265-4642-bba8-9d51ba0fd511',
    paymentBalance: 55,
    updatePaymentBalance: true,
    metadata: '{"walletId":"wallet#795af69b-d265-4642-bba8-9d51ba0fd511","deliveryId":"b0d8be6e-fec5-48d3-b541-3f7f7af640b1","walletSk":"b0d8be6e-fec5-48d3-b541-3f7f7af640b1"}',
    currency: 'BHD',
    amount: 9,
    vat: 0,
    oldBalance: 64,
    newBalance: 55
  }
}

2024-05-21T21:01:17.101Z 2024-05-21T21:01:17.101Z	d3f24ecb-eb62-593f-90aa-100ce6be3128	INFO	SubscriptionBalanceUpdated event published

2024-05-21T21:01:17.115Z 2024-05-21T21:01:17.115Z	d3f24ecb-eb62-593f-90aa-100ce6be3128	INFO	Processing message 7480c216-62ba-4ee9-8eb3-60900b00d7cc

2024-05-21T21:01:17.120Z 2024-05-21T21:01:17.120Z	d3f24ecb-eb62-593f-90aa-100ce6be3128	INFO	Start syncing the balance {
  transaction: {
    id: '01HYEFAPXJCX9D2N1NJ2JD9ZFA',
    type: 'DEBIT',
    source: 'MANUAL_DEDUCTION',
    action: 'DELIVERY_DEDUCTION',
    userId: '967fd261-abf3-403d-a5d8-86903093cf32',
    paymentBalance: 1620,
    updatePaymentBalance: true,
    metadata: '{"walletId":"wallet#967fd261-abf3-403d-a5d8-86903093cf32","deliveryId":"eb2ecfc9-3645-45e3-879a-2ee67dfe494f","walletSk":"eb2ecfc9-3645-45e3-879a-2ee67dfe494f"}',
    currency: 'SAR',
    amount: 90,
    vat: 0,
    oldBalance: 1710,
    newBalance: 1620
  }
}

2024-05-21T21:01:17.175Z 2024-05-21T21:01:17.175Z	d3f24ecb-eb62-593f-90aa-100ce6be3128	INFO	SubscriptionBalanceUpdated event published

2024-05-21T21:01:17.189Z END RequestId: d3f24ecb-eb62-593f-90aa-100ce6be3128

2024-05-21T21:01:17.189Z REPORT RequestId: d3f24ecb-eb62-593f-90aa-100ce6be3128	Duration: 243.37 ms	Billed Duration: 244 ms	Memory Size: 1024 MB	Max Memory Used: 149 MB	

2024-05-21T21:01:17.256Z START RequestId: 9f1b2ca6-ea53-59b3-8612-7261e78ea1a4 Version: $LATEST

2024-05-21T21:01:17.281Z 2024-05-21T21:01:17.281Z	9f1b2ca6-ea53-59b3-8612-7261e78ea1a4	INFO	Processing message 25fc498a-24c5-451d-8e20-b6b9ca922c7a

2024-05-21T21:01:17.287Z 2024-05-21T21:01:17.287Z	9f1b2ca6-ea53-59b3-8612-7261e78ea1a4	INFO	Start syncing the balance {
  transaction: {
    id: '01HYEFAQ375EQES8SXT2813WF6',
    type: 'DEBIT',
    source: 'MANUAL_DEDUCTION',
    action: 'DELIVERY_DEDUCTION',
    userId: '5076a190-8faf-4488-8289-dd54be3bf453',
    paymentBalance: 1360,
    updatePaymentBalance: true,
    metadata: '{"walletId":"wallet#5076a190-8faf-4488-8289-dd54be3bf453","deliveryId":"bb328f73-5422-4fd8-b9a0-c629c40035d4","walletSk":"bb328f73-5422-4fd8-b9a0-c629c40035d4"}',
    currency: 'SAR',
    amount: 90,
    vat: 0,
    oldBalance: 1450,
    newBalance: 1360
  }
}

2024-05-21T21:01:17.322Z 2024-05-21T21:01:17.322Z	9f1b2ca6-ea53-59b3-8612-7261e78ea1a4	INFO	SubscriptionBalanceUpdated event published

2024-05-21T21:01:17.337Z 2024-05-21T21:01:17.337Z	9f1b2ca6-ea53-59b3-8612-7261e78ea1a4	INFO	Processing message 2778eda5-15b0-46ee-9640-588139b83b32

2024-05-21T21:01:17.342Z 2024-05-21T21:01:17.342Z	9f1b2ca6-ea53-59b3-8612-7261e78ea1a4	INFO	Start syncing the balance {
  transaction: {
    id: '01HYEFAPTX8FQT5914YVNAP56D',
    type: 'DEBIT',
    source: 'MANUAL_DEDUCTION',
    action: 'DELIVERY_DEDUCTION',
    userId: '74adce2a-39bc-4867-b6a8-84bbc95c7170',
    paymentBalance: 20.454,
    updatePaymentBalance: true,
    metadata: '{"walletId":"wallet#74adce2a-39bc-4867-b6a8-84bbc95c7170","deliveryId":"7facddcc-4198-4ffb-83b8-c6f467637768","walletSk":"7facddcc-4198-4ffb-83b8-c6f467637768"}',
    currency: 'BHD',
    amount: 10,
    vat: 0,
    oldBalance: 30.454,
    newBalance: 20.454
  }
}

2024-05-21T21:01:17.378Z 2024-05-21T21:01:17.378Z	9f1b2ca6-ea53-59b3-8612-7261e78ea1a4	INFO	SubscriptionBalanceUpdated event published

2024-05-21T21:01:17.392Z 2024-05-21T21:01:17.392Z	9f1b2ca6-ea53-59b3-8612-7261e78ea1a4	INFO	Processing message 0ca0866d-277c-43a2-9dc0-55dfd5c547d9

2024-05-21T21:01:17.397Z 2024-05-21T21:01:17.397Z	9f1b2ca6-ea53-59b3-8612-7261e78ea1a4	INFO	Start syncing the balance {
  transaction: {
    id: '01HYEFAQ68MD2ZAHE46PHZJY6T',
    type: 'DEBIT',
    source: 'MANUAL_DEDUCTION',
    action: 'DELIVERY_DEDUCTION',
    userId: '300f9c41-8122-49c9-97e8-5675d4e4b7f4',
    paymentBalance: 135,
    updatePaymentBalance: true,
    metadata: '{"walletId":"wallet#300f9c41-8122-49c9-97e8-5675d4e4b7f4","deliveryId":"d5e10869-6546-48b5-9efd-36d98a09fd6b","walletSk":"d5e10869-6546-48b5-9efd-36d98a09fd6b"}',
    currency: 'BHD',
    amount: 9,
    vat: 0,
    oldBalance: 144,
    newBalance: 135
  }
}

2024-05-21T21:01:17.434Z 2024-05-21T21:01:17.434Z	9f1b2ca6-ea53-59b3-8612-7261e78ea1a4	INFO	SubscriptionBalanceUpdated event published

2024-05-21T21:01:17.446Z 2024-05-21T21:01:17.446Z	9f1b2ca6-ea53-59b3-8612-7261e78ea1a4	INFO	Processing message cceefacd-db54-4650-b66b-fa308723c3e6

2024-05-21T21:01:17.451Z 2024-05-21T21:01:17.451Z	9f1b2ca6-ea53-59b3-8612-7261e78ea1a4	INFO	Start syncing the balance {
  transaction: {
    id: '01HYEFAQ0ACEQ3EGVD0MQ8GSDA',
    type: 'DEBIT',
    source: 'MANUAL_DEDUCTION',
    action: 'DELIVERY_DEDUCTION',
    userId: '9b462ea5-f561-409a-a637-2f559858813f',
    paymentBalance: 42,
    updatePaymentBalance: true,
    metadata: '{"walletId":"wallet#9b462ea5-f561-409a-a637-2f559858813f","deliveryId":"8289b2ee-4707-42ad-8187-79c7dd5b9d61","walletSk":"8289b2ee-4707-42ad-8187-79c7dd5b9d61"}',
    currency: 'BHD',
    amount: 9,
    vat: 0,
    oldBalance: 51,
    newBalance: 42
  }
}

2024-05-21T21:01:17.489Z 2024-05-21T21:01:17.489Z	9f1b2ca6-ea53-59b3-8612-7261e78ea1a4	INFO	SubscriptionBalanceUpdated event published

2024-05-21T21:01:17.504Z 2024-05-21T21:01:17.504Z	9f1b2ca6-ea53-59b3-8612-7261e78ea1a4	INFO	Processing message 681f6382-c200-4854-b099-0d4b7bb98c57

2024-05-21T21:01:17.509Z 2024-05-21T21:01:17.509Z	9f1b2ca6-ea53-59b3-8612-7261e78ea1a4	INFO	Start syncing the balance {
  transaction: {
    id: '01HYEFAQ8J5RESWEC3MAJ5R5EY',
    type: 'DEBIT',
    source: 'MANUAL_DEDUCTION',
    action: 'DELIVERY_DEDUCTION',
    userId: 'b6c1f37e-8e1e-4bd4-ac09-5c9fa7b49849',
    paymentBalance: 3150,
    updatePaymentBalance: true,
    metadata: '{"walletId":"wallet#b6c1f37e-8e1e-4bd4-ac09-5c9fa7b49849","deliveryId":"f59add79-4517-41dc-90e0-48a20a6311d0","walletSk":"f59add79-4517-41dc-90e0-48a20a6311d0"}',
    currency: 'SAR',
    amount: 90,
    vat: 0,
    oldBalance: 1440,
    newBalance: 1350
  }
}

2024-05-21T21:01:17.545Z 2024-05-21T21:01:17.545Z	9f1b2ca6-ea53-59b3-8612-7261e78ea1a4	INFO	SubscriptionBalanceUpdated event published

2024-05-21T21:01:17.559Z 2024-05-21T21:01:17.559Z	9f1b2ca6-ea53-59b3-8612-7261e78ea1a4	ERROR	Subscription balance and payment balance are not in sync {
  userId: 'b6c1f37e-8e1e-4bd4-ac09-5c9fa7b49849',
  subscriptionBalance: 1350,
  paymentBalance: 3150
}

2024-05-21T21:01:17.576Z END RequestId: 9f1b2ca6-ea53-59b3-8612-7261e78ea1a4

2024-05-21T21:01:17.576Z REPORT RequestId: 9f1b2ca6-ea53-59b3-8612-7261e78ea1a4	Duration: 320.52 ms	Billed Duration: 321 ms	Memory Size: 1024 MB	Max Memory Used: 149 MB	

2024-05-21T21:01:17.721Z START RequestId: da5fbdfd-1b24-5b02-9552-e33a16f922e8 Version: $LATEST

2024-05-21T21:01:17.748Z 2024-05-21T21:01:17.748Z	da5fbdfd-1b24-5b02-9552-e33a16f922e8	INFO	Processing message 11d7842b-67cc-4f79-ac9d-fec784865bb6

2024-05-21T21:01:17.752Z 2024-05-21T21:01:17.752Z	da5fbdfd-1b24-5b02-9552-e33a16f922e8	INFO	Start syncing the balance {
  transaction: {
    id: '01HYEFAQEKKBB4VAWZVBCGS8RZ',
    type: 'DEBIT',
    source: 'MANUAL_DEDUCTION',
    action: 'DELIVERY_DEDUCTION',
    userId: 'dd0ea762-90a1-4f41-9926-f8a2a8da4ab1',
    paymentBalance: 910,
    updatePaymentBalance: true,
    metadata: '{"walletId":"wallet#dd0ea762-90a1-4f41-9926-f8a2a8da4ab1","deliveryId":"8f7297cb-c7a6-464c-b1c4-0f1d2f41014f","walletSk":"8f7297cb-c7a6-464c-b1c4-0f1d2f41014f"}',
    currency: 'SAR',
    amount: 90,
    vat: 0,
    oldBalance: 1000,
    newBalance: 910
  }
}

2024-05-21T21:01:17.786Z 2024-05-21T21:01:17.786Z	da5fbdfd-1b24-5b02-9552-e33a16f922e8	INFO	SubscriptionBalanceUpdated event published

2024-05-21T21:01:17.803Z 2024-05-21T21:01:17.803Z	da5fbdfd-1b24-5b02-9552-e33a16f922e8	INFO	Processing message 81c626df-7304-4fdc-bdbd-4b3bea3aeba1

2024-05-21T21:01:17.845Z 2024-05-21T21:01:17.845Z	da5fbdfd-1b24-5b02-9552-e33a16f922e8	INFO	Start syncing the balance {
  transaction: {
    id: '01HYEFAQBP33068BAX8D133AXN',
    type: 'DEBIT',
    source: 'MANUAL_DEDUCTION',
    action: 'DELIVERY_DEDUCTION',
    userId: '4193ff00-96dd-4e41-8d0c-56717759b9d8',
    paymentBalance: 1080,
    updatePaymentBalance: true,
    metadata: '{"walletId":"wallet#4193ff00-96dd-4e41-8d0c-56717759b9d8","deliveryId":"290b1caf-1b5f-410a-aaf1-f3a563b10b41","walletSk":"290b1caf-1b5f-410a-aaf1-f3a563b10b41"}',
    currency: 'SAR',
    amount: 90,
    vat: 0,
    oldBalance: 2970,
    newBalance: 2880
  }
}

2024-05-21T21:01:17.886Z 2024-05-21T21:01:17.886Z	da5fbdfd-1b24-5b02-9552-e33a16f922e8	INFO	SubscriptionBalanceUpdated event published

2024-05-21T21:01:18.074Z 2024-05-21T21:01:18.074Z	da5fbdfd-1b24-5b02-9552-e33a16f922e8	ERROR	Subscription balance and payment balance are not in sync {
  userId: '4193ff00-96dd-4e41-8d0c-56717759b9d8',
  subscriptionBalance: 2880,
  paymentBalance: 1080
}

2024-05-21T21:01:18.088Z 2024-05-21T21:01:18.088Z	da5fbdfd-1b24-5b02-9552-e33a16f922e8	INFO	Processing message 43d39dc3-388f-441e-8fb7-56a479a22a6f

2024-05-21T21:01:18.092Z 2024-05-21T21:01:18.092Z	da5fbdfd-1b24-5b02-9552-e33a16f922e8	INFO	Start syncing the balance {
  transaction: {
    id: '01HYEFAQD7VGP1C16RMYWPPRAJ',
    type: 'DEBIT',
    source: 'MANUAL_DEDUCTION',
    action: 'DELIVERY_DEDUCTION',
    userId: 'f870b0d8-51fa-4511-80b0-8eb7ec0c5a82',
    paymentBalance: 1260,
    updatePaymentBalance: true,
    metadata: '{"walletId":"wallet#f870b0d8-51fa-4511-80b0-8eb7ec0c5a82","deliveryId":"b69376f4-c7c1-44ca-b799-c34b76308f41","walletSk":"b69376f4-c7c1-44ca-b799-c34b76308f41"}',
    currency: 'SAR',
    amount: 90,
    vat: 0,
    oldBalance: 3150,
    newBalance: 3060
  }
}

2024-05-21T21:01:18.126Z 2024-05-21T21:01:18.126Z	da5fbdfd-1b24-5b02-9552-e33a16f922e8	INFO	SubscriptionBalanceUpdated event published

2024-05-21T21:01:18.141Z 2024-05-21T21:01:18.141Z	da5fbdfd-1b24-5b02-9552-e33a16f922e8	ERROR	Subscription balance and payment balance are not in sync {
  userId: 'f870b0d8-51fa-4511-80b0-8eb7ec0c5a82',
  subscriptionBalance: 3060,
  paymentBalance: 1260
}

2024-05-21T21:01:18.155Z 2024-05-21T21:01:18.155Z	da5fbdfd-1b24-5b02-9552-e33a16f922e8	INFO	Processing message f5bc08da-c5fc-4765-ac4f-0f56fc0e2c45

2024-05-21T21:01:18.161Z 2024-05-21T21:01:18.161Z	da5fbdfd-1b24-5b02-9552-e33a16f922e8	INFO	Start syncing the balance {
  transaction: {
    id: '01HYEFAQH2E6ZDVHR721WQAC61',
    type: 'DEBIT',
    source: 'MANUAL_DEDUCTION',
    action: 'DELIVERY_DEDUCTION',
    userId: '763d5a26-36fb-4804-b35d-8e58fe15b0d4',
    paymentBalance: 1260,
    updatePaymentBalance: true,
    metadata: '{"walletId":"wallet#763d5a26-36fb-4804-b35d-8e58fe15b0d4","deliveryId":"41f2f93c-8342-48e9-9743-1a4eec4bebbe","walletSk":"41f2f93c-8342-48e9-9743-1a4eec4bebbe"}',
    currency: 'SAR',
    amount: 90,
    vat: 0,
    oldBalance: 3150,
    newBalance: 3060
  }
}

2024-05-21T21:01:18.196Z 2024-05-21T21:01:18.196Z	da5fbdfd-1b24-5b02-9552-e33a16f922e8	INFO	SubscriptionBalanceUpdated event published

2024-05-21T21:01:18.209Z 2024-05-21T21:01:18.209Z	da5fbdfd-1b24-5b02-9552-e33a16f922e8	ERROR	Subscription balance and payment balance are not in sync {
  userId: '763d5a26-36fb-4804-b35d-8e58fe15b0d4',
  subscriptionBalance: 3060,
  paymentBalance: 1260
}

2024-05-21T21:01:18.226Z 2024-05-21T21:01:18.226Z	da5fbdfd-1b24-5b02-9552-e33a16f922e8	INFO	Processing message 6688eea3-9b2a-47dd-bbc6-fbb2b715e82c

2024-05-21T21:01:18.231Z 2024-05-21T21:01:18.231Z	da5fbdfd-1b24-5b02-9552-e33a16f922e8	INFO	Start syncing the balance {
  transaction: {
    id: '01HYEFAQPNBMPJFW34XQN1H5BZ',
    type: 'DEBIT',
    source: 'MANUAL_DEDUCTION',
    action: 'DELIVERY_DEDUCTION',
    userId: 'f3c2d57e-6d8e-47be-9a08-af74bea1d842',
    paymentBalance: 242,
    updatePaymentBalance: true,
    metadata: '{"walletId":"wallet#f3c2d57e-6d8e-47be-9a08-af74bea1d842","deliveryId":"bfac7bfa-1068-47f4-ba70-d7f6e210dea5","walletSk":"bfac7bfa-1068-47f4-ba70-d7f6e210dea5"}',
    currency: 'BHD',
    amount: 10,
    vat: 0,
    oldBalance: 252,
    newBalance: 242
  }
}

2024-05-21T21:01:18.301Z 2024-05-21T21:01:18.301Z	da5fbdfd-1b24-5b02-9552-e33a16f922e8	INFO	SubscriptionBalanceUpdated event published

2024-05-21T21:01:18.312Z 2024-05-21T21:01:18.312Z	da5fbdfd-1b24-5b02-9552-e33a16f922e8	INFO	Processing message b731c1d9-3ac2-4c23-bd5f-d874f9da558f

2024-05-21T21:01:18.317Z 2024-05-21T21:01:18.317Z	da5fbdfd-1b24-5b02-9552-e33a16f922e8	INFO	Start syncing the balance {
  transaction: {
    id: '01HYEFAQKWTSZAJTX1014QS584',
    type: 'DEBIT',
    source: 'MANUAL_DEDUCTION',
    action: 'DELIVERY_DEDUCTION',
    userId: 'f3a186d2-d38f-4c2a-ab55-9f26e0ef1e43',
    paymentBalance: 1426.5,
    updatePaymentBalance: true,
    metadata: '{"walletId":"wallet#f3a186d2-d38f-4c2a-ab55-9f26e0ef1e43","deliveryId":"dbaaa30f-1e15-42db-896a-dfe4d2ea0316","walletSk":"dbaaa30f-1e15-42db-896a-dfe4d2ea0316"}',
    currency: 'BHD',
    amount: 9,
    vat: 0,
    oldBalance: 67.5,
    newBalance: 58.5
  }
}

2024-05-21T21:01:18.357Z 2024-05-21T21:01:18.357Z	da5fbdfd-1b24-5b02-9552-e33a16f922e8	INFO	SubscriptionBalanceUpdated event published

2024-05-21T21:01:18.370Z 2024-05-21T21:01:18.370Z	da5fbdfd-1b24-5b02-9552-e33a16f922e8	ERROR	Subscription balance and payment balance are not in sync {
  userId: 'f3a186d2-d38f-4c2a-ab55-9f26e0ef1e43',
  subscriptionBalance: 58.5,
  paymentBalance: 1426.5
}

2024-05-21T21:01:18.385Z 2024-05-21T21:01:18.385Z	da5fbdfd-1b24-5b02-9552-e33a16f922e8	INFO	Processing message 83ed7a2e-6fc4-4a84-a2b6-d9685c7e489f

2024-05-21T21:01:18.390Z 2024-05-21T21:01:18.390Z	da5fbdfd-1b24-5b02-9552-e33a16f922e8	INFO	Start syncing the balance {
  transaction: {
    id: '01HYEFAQSCQ6SADJK126X8RMJR',
    type: 'DEBIT',
    source: 'MANUAL_DEDUCTION',
    action: 'DELIVERY_DEDUCTION',
    userId: 'f692968c-c330-47d5-bfcc-c2782ff294bd',
    paymentBalance: 5270,
    updatePaymentBalance: true,
    metadata: '{"walletId":"wallet#f692968c-c330-47d5-bfcc-c2782ff294bd","deliveryId":"a558c31c-af4a-481a-876c-8efa55bbc610","walletSk":"a558c31c-af4a-481a-876c-8efa55bbc610"}',
    currency: 'SAR',
    amount: 82.5,
    vat: 0,
    oldBalance: 5352.5,
    newBalance: 5270
  }
}

2024-05-21T21:01:18.429Z 2024-05-21T21:01:18.429Z	da5fbdfd-1b24-5b02-9552-e33a16f922e8	INFO	SubscriptionBalanceUpdated event published

2024-05-21T21:01:18.444Z END RequestId: da5fbdfd-1b24-5b02-9552-e33a16f922e8

2024-05-21T21:01:18.444Z REPORT RequestId: da5fbdfd-1b24-5b02-9552-e33a16f922e8	Duration: 722.60 ms	Billed Duration: 723 ms	Memory Size: 1024 MB	Max Memory Used: 149 MB	
XRAY TraceId: 1-664d0b9d-c253f112b783c602685c7d25	SegmentId: 7b9d6a5551f1e1c4	Sampled: true	

2024-05-21T21:01:06.468Z INIT_START Runtime Version: nodejs:20.v22	Runtime Version ARN: arn:aws:lambda:us-east-1::runtime:da57c20c4b965d5b75540f6865a35fc8030358e33ec44ecfed33e90901a27a72

2024-05-21T21:01:07.477Z START RequestId: 8aec3253-9d82-59e9-a624-6c94903dbe8e Version: $LATEST

2024-05-21T21:01:07.625Z 2024-05-21T21:01:07.625Z	8aec3253-9d82-59e9-a624-6c94903dbe8e	INFO	Processing message 6c7c40cf-0e3f-4b00-b5ef-ca2a257ae2da

2024-05-21T21:01:07.704Z 2024-05-21T21:01:07.704Z	8aec3253-9d82-59e9-a624-6c94903dbe8e	INFO	Start syncing the balance {
  transaction: {
    id: '01HYEFAAHS135CKW2TRR0NBJVN',
    type: 'DEBIT',
    source: 'MANUAL_DEDUCTION',
    action: 'DELIVERY_DEDUCTION',
    userId: 'd8b5217e-f870-47ea-907a-3ff806ed96c6',
    paymentBalance: 62.25,
    updatePaymentBalance: true,
    metadata: '{"walletId":"wallet#d8b5217e-f870-47ea-907a-3ff806ed96c6","deliveryId":"9053b710-6cad-4f0b-a46c-8126d0d7901f","walletSk":"9053b710-6cad-4f0b-a46c-8126d0d7901f"}',
    currency: 'BHD',
    amount: 9,
    vat: 0,
    oldBalance: 71.25,
    newBalance: 62.25
  }
}

2024-05-21T21:01:07.838Z 2024-05-21T21:01:07.838Z	8aec3253-9d82-59e9-a624-6c94903dbe8e	INFO	SubscriptionBalanceUpdated event published

2024-05-21T21:01:07.884Z END RequestId: 8aec3253-9d82-59e9-a624-6c94903dbe8e

2024-05-21T21:01:07.884Z REPORT RequestId: 8aec3253-9d82-59e9-a624-6c94903dbe8e	Duration: 409.02 ms	Billed Duration: 410 ms	Memory Size: 1024 MB	Max Memory Used: 119 MB	Init Duration: 1005.33 ms	
XRAY TraceId: 1-664d0b92-1713fa3d24bb9fc25bdf6e77	SegmentId: 120fe22a57a21e25	Sampled: true	

2024-05-21T21:01:09.271Z START RequestId: 19c99c74-f692-568f-9544-c2b3fb4751e8 Version: $LATEST

2024-05-21T21:01:09.308Z 2024-05-21T21:01:09.308Z	19c99c74-f692-568f-9544-c2b3fb4751e8	INFO	Processing message 3286a831-07c9-44b4-a387-e5c319335545

2024-05-21T21:01:09.316Z 2024-05-21T21:01:09.316Z	19c99c74-f692-568f-9544-c2b3fb4751e8	INFO	Start syncing the balance {
  transaction: {
    id: '01HYEFAD52Y1YWDAVCRF1P0S5F',
    type: 'DEBIT',
    source: 'MANUAL_DEDUCTION',
    action: 'DELIVERY_DEDUCTION',
    userId: 'bdb2a839-1a4c-42df-852b-aa3122496538',
    paymentBalance: 1243.5,
    updatePaymentBalance: true,
    metadata: '{"walletId":"wallet#bdb2a839-1a4c-42df-852b-aa3122496538","deliveryId":"2459fa33-d056-4157-8a24-ef3d8dcc2dba","walletSk":"2459fa33-d056-4157-8a24-ef3d8dcc2dba"}',
    currency: 'SAR',
    amount: 95.65,
    vat: 0,
    oldBalance: 1339.15,
    newBalance: 1243.5
  }
}

2024-05-21T21:01:09.410Z 2024-05-21T21:01:09.410Z	19c99c74-f692-568f-9544-c2b3fb4751e8	INFO	SubscriptionBalanceUpdated event published

2024-05-21T21:01:09.428Z 2024-05-21T21:01:09.428Z	19c99c74-f692-568f-9544-c2b3fb4751e8	INFO	Processing message 621a59ad-2e8f-411d-8a4a-8ac25514ea5e

2024-05-21T21:01:09.443Z 2024-05-21T21:01:09.443Z	19c99c74-f692-568f-9544-c2b3fb4751e8	INFO	Start syncing the balance {
  transaction: {
    id: '01HYEFADAMCCHJTAX7R41GE71V',
    type: 'DEBIT',
    source: 'MANUAL_DEDUCTION',
    action: 'DELIVERY_DEDUCTION',
    userId: 'af485086-39e2-42db-bd5e-8576deb0338d',
    paymentBalance: 3615.6,
    updatePaymentBalance: true,
    metadata: '{"walletId":"wallet#af485086-39e2-42db-bd5e-8576deb0338d","deliveryId":"03903792-0cb6-4fbf-a259-14310c0abcc7","walletSk":"03903792-0cb6-4fbf-a259-14310c0abcc7"}',
    currency: 'SAR',
    amount: 86.09,
    vat: 0,
    oldBalance: 3701.69,
    newBalance: 3615.6
  }
}

2024-05-21T21:01:09.489Z 2024-05-21T21:01:09.489Z	19c99c74-f692-568f-9544-c2b3fb4751e8	INFO	SubscriptionBalanceUpdated event published

2024-05-21T21:01:09.502Z 2024-05-21T21:01:09.502Z	19c99c74-f692-568f-9544-c2b3fb4751e8	INFO	Processing message 864b86bf-a3e9-42ff-9d9b-0ed6221b7beb

2024-05-21T21:01:09.510Z 2024-05-21T21:01:09.510Z	19c99c74-f692-568f-9544-c2b3fb4751e8	INFO	Start syncing the balance {
  transaction: {
    id: '01HYEFADAVAVX31BJTCVFM2XAE',
    type: 'DEBIT',
    source: 'MANUAL_DEDUCTION',
    action: 'DELIVERY_DEDUCTION',
    userId: 'bf6bc6e9-7965-49df-b7ec-09414e01159b',
    paymentBalance: 36,
    updatePaymentBalance: true,
    metadata: '{"walletId":"wallet#bf6bc6e9-7965-49df-b7ec-09414e01159b","deliveryId":"cb6090c2-e214-48d9-b53c-74d796573b09","walletSk":"cb6090c2-e214-48d9-b53c-74d796573b09"}',
    currency: 'BHD',
    amount: 9,
    vat: 0,
    oldBalance: 45,
    newBalance: 36
  }
}

2024-05-21T21:01:09.561Z 2024-05-21T21:01:09.561Z	19c99c74-f692-568f-9544-c2b3fb4751e8	INFO	SubscriptionBalanceUpdated event published

2024-05-21T21:01:09.576Z 2024-05-21T21:01:09.576Z	19c99c74-f692-568f-9544-c2b3fb4751e8	INFO	Processing message 393e8581-c939-40cd-8166-b7d96faa7ef6

2024-05-21T21:01:09.583Z 2024-05-21T21:01:09.583Z	19c99c74-f692-568f-9544-c2b3fb4751e8	INFO	Start syncing the balance {
  transaction: {
    id: '01HYEFAD0NBKGGK4DZ13N82761',
    type: 'DEBIT',
    source: 'MANUAL_DEDUCTION',
    action: 'DELIVERY_DEDUCTION',
    userId: '89eaec56-47f7-4604-b116-33e110ca81f6',
    paymentBalance: 428.4,
    updatePaymentBalance: true,
    metadata: '{"walletId":"wallet#89eaec56-47f7-4604-b116-33e110ca81f6","deliveryId":"df4b9587-b6d3-4db5-be72-6169e518a615","walletSk":"df4b9587-b6d3-4db5-be72-6169e518a615"}',
    currency: 'BHD',
    amount: 8.1,
    vat: 0,
    oldBalance: 436.5,
    newBalance: 428.4
  }
}

2024-05-21T21:01:09.639Z 2024-05-21T21:01:09.639Z	19c99c74-f692-568f-9544-c2b3fb4751e8	INFO	SubscriptionBalanceUpdated event published

2024-05-21T21:01:09.652Z 2024-05-21T21:01:09.652Z	19c99c74-f692-568f-9544-c2b3fb4751e8	INFO	Processing message 811e35d2-d5c4-4cc7-bf09-b8d033591bbc

2024-05-21T21:01:09.660Z 2024-05-21T21:01:09.660Z	19c99c74-f692-568f-9544-c2b3fb4751e8	INFO	Start syncing the balance {
  transaction: {
    id: '01HYEFAD267DG66BAX9WGQFS57',
    type: 'DEBIT',
    source: 'MANUAL_DEDUCTION',
    action: 'DELIVERY_DEDUCTION',
    userId: 'cae375aa-711e-4757-80d2-d2491a2958c0',
    paymentBalance: 16,
    updatePaymentBalance: true,
    metadata: '{"walletId":"wallet#cae375aa-711e-4757-80d2-d2491a2958c0","deliveryId":"904926c8-83e7-44a9-bc1c-247995677dbb","walletSk":"904926c8-83e7-44a9-bc1c-247995677dbb"}',
    currency: 'BHD',
    amount: 4,
    vat: 0,
    oldBalance: 20,
    newBalance: 16
  }
}

2024-05-21T21:01:09.707Z 2024-05-21T21:01:09.707Z	19c99c74-f692-568f-9544-c2b3fb4751e8	INFO	SubscriptionBalanceUpdated event published

2024-05-21T21:01:09.722Z 2024-05-21T21:01:09.722Z	19c99c74-f692-568f-9544-c2b3fb4751e8	INFO	Processing message ae4352ee-71b2-4b35-b10a-35661bb6ca4a

2024-05-21T21:01:09.730Z 2024-05-21T21:01:09.730Z	19c99c74-f692-568f-9544-c2b3fb4751e8	INFO	Start syncing the balance {
  transaction: {
    id: '01HYEFAD556CXHC65PDBFK8Q12',
    type: 'DEBIT',
    source: 'MANUAL_DEDUCTION',
    action: 'DELIVERY_DEDUCTION',
    userId: '77c9c91b-d813-4b25-95ce-b0973137e030',
    paymentBalance: 518.2,
    updatePaymentBalance: true,
    metadata: '{"walletId":"wallet#77c9c91b-d813-4b25-95ce-b0973137e030","deliveryId":"b40bc185-1548-4df6-bd96-2bf67cb4d775","walletSk":"b40bc185-1548-4df6-bd96-2bf67cb4d775"}',
    currency: 'BHD',
    amount: 10,
    vat: 0,
    oldBalance: 528.2,
    newBalance: 518.2
  }
}

2024-05-21T21:01:09.808Z 2024-05-21T21:01:09.808Z	19c99c74-f692-568f-9544-c2b3fb4751e8	INFO	SubscriptionBalanceUpdated event published

2024-05-21T21:01:09.823Z 2024-05-21T21:01:09.823Z	19c99c74-f692-568f-9544-c2b3fb4751e8	INFO	Processing message a80c3201-8c6f-40dc-93df-5b84d69e5124

2024-05-21T21:01:09.830Z 2024-05-21T21:01:09.830Z	19c99c74-f692-568f-9544-c2b3fb4751e8	INFO	Start syncing the balance {
  transaction: {
    id: '01HYEFADFS952W0YXXJK2X3M1T',
    type: 'DEBIT',
    source: 'MANUAL_DEDUCTION',
    action: 'DELIVERY_DEDUCTION',
    userId: '1a9b77f5-4b26-410e-a367-75ecefaff3b3',
    paymentBalance: 1698,
    updatePaymentBalance: true,
    metadata: '{"walletId":"wallet#1a9b77f5-4b26-410e-a367-75ecefaff3b3","deliveryId":"24e355d4-6497-4dca-b080-b724c708f8aa","walletSk":"24e355d4-6497-4dca-b080-b724c708f8aa"}',
    currency: 'BHD',
    amount: 4,
    vat: 0,
    oldBalance: 135.5,
    newBalance: 131.5
  }
}

2024-05-21T21:01:09.891Z 2024-05-21T21:01:09.891Z	19c99c74-f692-568f-9544-c2b3fb4751e8	INFO	SubscriptionBalanceUpdated event published

2024-05-21T21:01:09.905Z 2024-05-21T21:01:09.905Z	19c99c74-f692-568f-9544-c2b3fb4751e8	ERROR	Subscription balance and payment balance are not in sync {
  userId: '1a9b77f5-4b26-410e-a367-75ecefaff3b3',
  subscriptionBalance: 131.5,
  paymentBalance: 1698
}

2024-05-21T21:01:09.926Z 2024-05-21T21:01:09.926Z	19c99c74-f692-568f-9544-c2b3fb4751e8	INFO	Processing message e6f6a55c-6a8c-45ee-95ce-e69609e1ab27

2024-05-21T21:01:09.933Z 2024-05-21T21:01:09.933Z	19c99c74-f692-568f-9544-c2b3fb4751e8	INFO	Start syncing the balance {
  transaction: {
    id: '01HYEFADNBZ8R8RBEKM6NYBDXQ',
    type: 'DEBIT',
    source: 'MANUAL_DEDUCTION',
    action: 'DELIVERY_DEDUCTION',
    userId: 'b8676c53-2f66-413d-b9ce-4f4597eba73f',
    paymentBalance: 3787.78,
    updatePaymentBalance: true,
    metadata: '{"walletId":"wallet#b8676c53-2f66-413d-b9ce-4f4597eba73f","deliveryId":"43223749-7a29-484f-8289-24d1fed3a30d","walletSk":"43223749-7a29-484f-8289-24d1fed3a30d"}',
    currency: 'SAR',
    amount: 86.09,
    vat: 0,
    oldBalance: 3873.87,
    newBalance: 3787.78
  }
}

2024-05-21T21:01:09.998Z 2024-05-21T21:01:09.998Z	19c99c74-f692-568f-9544-c2b3fb4751e8	INFO	SubscriptionBalanceUpdated event published

2024-05-21T21:01:10.013Z 2024-05-21T21:01:10.013Z	19c99c74-f692-568f-9544-c2b3fb4751e8	INFO	Processing message 28eb9218-6553-40ce-8775-3b33adf8119c

2024-05-21T21:01:10.019Z 2024-05-21T21:01:10.019Z	19c99c74-f692-568f-9544-c2b3fb4751e8	INFO	Start syncing the balance {
  transaction: {
    id: '01HYEFADGGZ26P7P5ERE0PAT23',
    type: 'DEBIT',
    source: 'MANUAL_DEDUCTION',
    action: 'DELIVERY_DEDUCTION',
    userId: '4f7384cd-6765-4ab5-8419-584a56627aad',
    paymentBalance: 30,
    updatePaymentBalance: true,
    metadata: '{"walletId":"wallet#4f7384cd-6765-4ab5-8419-584a56627aad","deliveryId":"cdff4c51-d29c-4cde-bf02-51e86aa42bb1","walletSk":"cdff4c51-d29c-4cde-bf02-51e86aa42bb1"}',
    currency: 'SAR',
    amount: 90,
    vat: 0,
    oldBalance: 120,
    newBalance: 30
  }
}

2024-05-21T21:01:10.069Z 2024-05-21T21:01:10.069Z	19c99c74-f692-568f-9544-c2b3fb4751e8	INFO	SubscriptionBalanceUpdated event published

2024-05-21T21:01:10.082Z 2024-05-21T21:01:10.082Z	19c99c74-f692-568f-9544-c2b3fb4751e8	INFO	Processing message 5ec6243d-2082-485c-87b9-fc7ddde0f41c

2024-05-21T21:01:10.090Z 2024-05-21T21:01:10.090Z	19c99c74-f692-568f-9544-c2b3fb4751e8	INFO	Start syncing the balance {
  transaction: {
    id: '01HYEFADNBRV10WYXG2W55YRFQ',
    type: 'DEBIT',
    source: 'MANUAL_DEDUCTION',
    action: 'DELIVERY_DEDUCTION',
    userId: '7c729204-cd4d-477c-ae93-7d3f0dd68cff',
    paymentBalance: 1260,
    updatePaymentBalance: true,
    metadata: '{"walletId":"wallet#7c729204-cd4d-477c-ae93-7d3f0dd68cff","deliveryId":"15a8ea05-4992-46b5-bbd0-829b9677241f","walletSk":"15a8ea05-4992-46b5-bbd0-829b9677241f"}',
    currency: 'SAR',
    amount: 90,
    vat: 0,
    oldBalance: 3150,
    newBalance: 3060
  }
}

2024-05-21T21:01:10.136Z 2024-05-21T21:01:10.136Z	19c99c74-f692-568f-9544-c2b3fb4751e8	INFO	SubscriptionBalanceUpdated event published

2024-05-21T21:01:10.152Z 2024-05-21T21:01:10.152Z	19c99c74-f692-568f-9544-c2b3fb4751e8	ERROR	Subscription balance and payment balance are not in sync {
  userId: '7c729204-cd4d-477c-ae93-7d3f0dd68cff',
  subscriptionBalance: 3060,
  paymentBalance: 1260
}

2024-05-21T21:01:10.170Z END RequestId: 19c99c74-f692-568f-9544-c2b3fb4751e8

2024-05-21T21:01:10.170Z REPORT RequestId: 19c99c74-f692-568f-9544-c2b3fb4751e8	Duration: 898.81 ms	Billed Duration: 899 ms	Memory Size: 1024 MB	Max Memory Used: 126 MB	
XRAY TraceId: 1-664d0b95-603ca0b0bfaf916f1138d5a0	SegmentId: 362d06b27fa50e94	Sampled: true	

2024-05-21T21:01:11.329Z START RequestId: b6b3d23a-2773-5cfa-9570-8cfd2aa43510 Version: $LATEST

2024-05-21T21:01:11.357Z 2024-05-21T21:01:11.357Z	b6b3d23a-2773-5cfa-9570-8cfd2aa43510	INFO	Processing message aa16e418-7421-4bbe-a6cf-7c133f9a0a59

2024-05-21T21:01:11.363Z 2024-05-21T21:01:11.363Z	b6b3d23a-2773-5cfa-9570-8cfd2aa43510	INFO	Start syncing the balance {
  transaction: {
    id: '01HYEFADT6FS6B10AKZCCMV3K8',
    type: 'DEBIT',
    source: 'MANUAL_DEDUCTION',
    action: 'DELIVERY_DEDUCTION',
    userId: '3dc705d8-af8f-4166-bfa7-290eb4bba8b7',
    paymentBalance: 36,
    updatePaymentBalance: true,
    metadata: '{"walletId":"wallet#3dc705d8-af8f-4166-bfa7-290eb4bba8b7","deliveryId":"a54d23a2-fe1a-4179-b3b6-22c62dad61aa","walletSk":"a54d23a2-fe1a-4179-b3b6-22c62dad61aa"}',
    currency: 'BHD',
    amount: 9,
    vat: 0,
    oldBalance: 45,
    newBalance: 36
  }
}

2024-05-21T21:01:11.411Z 2024-05-21T21:01:11.411Z	b6b3d23a-2773-5cfa-9570-8cfd2aa43510	INFO	SubscriptionBalanceUpdated event published

2024-05-21T21:01:11.428Z 2024-05-21T21:01:11.428Z	b6b3d23a-2773-5cfa-9570-8cfd2aa43510	INFO	Processing message 218bbbad-45c3-42b2-aba9-f028e4697ada

2024-05-21T21:01:11.433Z 2024-05-21T21:01:11.433Z	b6b3d23a-2773-5cfa-9570-8cfd2aa43510	INFO	Start syncing the balance {
  transaction: {
    id: '01HYEFADTE0K2YJVFR2P1SXKBW',
    type: 'DEBIT',
    source: 'MANUAL_DEDUCTION',
    action: 'DELIVERY_DEDUCTION',
    userId: '76cb24e4-60e0-46c5-a585-57ecf8bfb528',
    paymentBalance: 1080,
    updatePaymentBalance: true,
    metadata: '{"walletId":"wallet#76cb24e4-60e0-46c5-a585-57ecf8bfb528","deliveryId":"e22ca0b9-065f-4b81-b354-80dd89d94a7f","walletSk":"e22ca0b9-065f-4b81-b354-80dd89d94a7f"}',
    currency: 'SAR',
    amount: 90,
    vat: 0,
    oldBalance: 2970,
    newBalance: 2880
  }
}

2024-05-21T21:01:11.485Z 2024-05-21T21:01:11.485Z	b6b3d23a-2773-5cfa-9570-8cfd2aa43510	INFO	SubscriptionBalanceUpdated event published

2024-05-21T21:01:11.498Z 2024-05-21T21:01:11.498Z	b6b3d23a-2773-5cfa-9570-8cfd2aa43510	ERROR	Subscription balance and payment balance are not in sync {
  userId: '76cb24e4-60e0-46c5-a585-57ecf8bfb528',
  subscriptionBalance: 2880,
  paymentBalance: 1080
}

2024-05-21T21:01:11.526Z 2024-05-21T21:01:11.526Z	b6b3d23a-2773-5cfa-9570-8cfd2aa43510	INFO	Processing message e9494aab-f7d3-4936-9632-ba206830aff2

2024-05-21T21:01:11.532Z 2024-05-21T21:01:11.532Z	b6b3d23a-2773-5cfa-9570-8cfd2aa43510	INFO	Start syncing the balance {
  transaction: {
    id: '01HYEFADZD5BCGVXJAQ2R6MDTF',
    type: 'DEBIT',
    source: 'MANUAL_DEDUCTION',
    action: 'DELIVERY_DEDUCTION',
    userId: 'bd05066f-97f4-4b07-930b-740ac832a996',
    paymentBalance: 46,
    updatePaymentBalance: true,
    metadata: '{"walletId":"wallet#bd05066f-97f4-4b07-930b-740ac832a996","deliveryId":"384560df-a76c-447b-94ef-c70cef9879c6","walletSk":"384560df-a76c-447b-94ef-c70cef9879c6"}',
    currency: 'BHD',
    amount: 9,
    vat: 0,
    oldBalance: 55,
    newBalance: 46
  }
}

2024-05-21T21:01:11.571Z 2024-05-21T21:01:11.571Z	b6b3d23a-2773-5cfa-9570-8cfd2aa43510	INFO	SubscriptionBalanceUpdated event published

2024-05-21T21:01:11.584Z 2024-05-21T21:01:11.584Z	b6b3d23a-2773-5cfa-9570-8cfd2aa43510	INFO	Processing message 8863d6b1-d7a1-4570-ae76-cdf3d5b18174

2024-05-21T21:01:11.590Z 2024-05-21T21:01:11.590Z	b6b3d23a-2773-5cfa-9570-8cfd2aa43510	INFO	Start syncing the balance {
  transaction: {
    id: '01HYEFAE02NSXZ6ESDAASZZ5A0',
    type: 'DEBIT',
    source: 'MANUAL_DEDUCTION',
    action: 'DELIVERY_DEDUCTION',
    userId: 'ecc835ac-ecb9-423d-b41a-7c1a15ff72c3',
    paymentBalance: 1195.955,
    updatePaymentBalance: true,
    metadata: '{"walletId":"wallet#ecc835ac-ecb9-423d-b41a-7c1a15ff72c3","deliveryId":"b8679101-98df-4fc7-80ad-4602b5c34b33","walletSk":"b8679101-98df-4fc7-80ad-4602b5c34b33"}',
    currency: 'BHD',
    amount: 9,
    vat: 0,
    oldBalance: 1204.955,
    newBalance: 1195.955
  }
}

2024-05-21T21:01:11.632Z 2024-05-21T21:01:11.632Z	b6b3d23a-2773-5cfa-9570-8cfd2aa43510	INFO	SubscriptionBalanceUpdated event published

2024-05-21T21:01:11.644Z 2024-05-21T21:01:11.644Z	b6b3d23a-2773-5cfa-9570-8cfd2aa43510	INFO	Processing message 8b27eda1-236d-45a2-9005-525463b73d10

2024-05-21T21:01:11.651Z 2024-05-21T21:01:11.651Z	b6b3d23a-2773-5cfa-9570-8cfd2aa43510	INFO	Start syncing the balance {
  transaction: {
    id: '01HYEFAE4YRBCPD7P4F2AX2AQS',
    type: 'DEBIT',
    source: 'MANUAL_DEDUCTION',
    action: 'DELIVERY_DEDUCTION',
    userId: '45d9c6e4-9f0a-4a69-bc00-e458ca88b271',
    paymentBalance: 11113.43,
    updatePaymentBalance: true,
    metadata: '{"walletId":"wallet#45d9c6e4-9f0a-4a69-bc00-e458ca88b271","deliveryId":"2b41739f-005c-4230-a117-265706f567d6","walletSk":"2b41739f-005c-4230-a117-265706f567d6"}',
    currency: 'SAR',
    amount: 86.09,
    vat: 0,
    oldBalance: 11199.52,
    newBalance: 11113.43
  }
}

2024-05-21T21:01:11.713Z 2024-05-21T21:01:11.713Z	b6b3d23a-2773-5cfa-9570-8cfd2aa43510	INFO	SubscriptionBalanceUpdated event published

2024-05-21T21:01:11.728Z 2024-05-21T21:01:11.728Z	b6b3d23a-2773-5cfa-9570-8cfd2aa43510	INFO	Processing message 037e96ab-68b0-4719-8ef5-6c85be0b544c

2024-05-21T21:01:11.734Z 2024-05-21T21:01:11.734Z	b6b3d23a-2773-5cfa-9570-8cfd2aa43510	INFO	Start syncing the balance {
  transaction: {
    id: '01HYEFAE1VQ9398A1GTAFH38HM',
    type: 'DEBIT',
    source: 'MANUAL_DEDUCTION',
    action: 'DELIVERY_DEDUCTION',
    userId: '5b23dbde-574a-400b-994f-21f6e4ed0e11',
    paymentBalance: 1600,
    updatePaymentBalance: true,
    metadata: '{"walletId":"wallet#5b23dbde-574a-400b-994f-21f6e4ed0e11","deliveryId":"aa444052-812a-4df4-849d-8c26489e9f9a","walletSk":"aa444052-812a-4df4-849d-8c26489e9f9a"}',
    currency: 'SAR',
    amount: 100,
    vat: 0,
    oldBalance: 1700,
    newBalance: 1600
  }
}

2024-05-21T21:01:11.773Z 2024-05-21T21:01:11.773Z	b6b3d23a-2773-5cfa-9570-8cfd2aa43510	INFO	SubscriptionBalanceUpdated event published

2024-05-21T21:01:11.785Z 2024-05-21T21:01:11.785Z	b6b3d23a-2773-5cfa-9570-8cfd2aa43510	INFO	Processing message b85971b7-55e9-45f4-bcbd-dd302ddf3242

2024-05-21T21:01:11.794Z 2024-05-21T21:01:11.794Z	b6b3d23a-2773-5cfa-9570-8cfd2aa43510	INFO	Start syncing the balance {
  transaction: {
    id: '01HYEFAE4H6ZX342B37HBBE2XM',
    type: 'DEBIT',
    source: 'MANUAL_DEDUCTION',
    action: 'DELIVERY_DEDUCTION',
    userId: '813ee3cd-2349-43ae-8915-f0a2c12b4245',
    paymentBalance: 1746.59,
    updatePaymentBalance: true,
    metadata: '{"walletId":"wallet#813ee3cd-2349-43ae-8915-f0a2c12b4245","deliveryId":"1910536f-7df1-4d77-8638-3c5360bd6b65","walletSk":"1910536f-7df1-4d77-8638-3c5360bd6b65"}',
    currency: 'BHD',
    amount: 9,
    vat: 0,
    oldBalance: 163,
    newBalance: 154
  }
}

2024-05-21T21:01:11.834Z 2024-05-21T21:01:11.834Z	b6b3d23a-2773-5cfa-9570-8cfd2aa43510	INFO	SubscriptionBalanceUpdated event published

2024-05-21T21:01:11.866Z 2024-05-21T21:01:11.866Z	b6b3d23a-2773-5cfa-9570-8cfd2aa43510	ERROR	Subscription balance and payment balance are not in sync {
  userId: '813ee3cd-2349-43ae-8915-f0a2c12b4245',
  subscriptionBalance: 154,
  paymentBalance: 1746.59
}

2024-05-21T21:01:11.882Z 2024-05-21T21:01:11.882Z	b6b3d23a-2773-5cfa-9570-8cfd2aa43510	INFO	Processing message 113975f4-1d0d-4813-8f58-b9ce01ef81e5

2024-05-21T21:01:11.887Z 2024-05-21T21:01:11.887Z	b6b3d23a-2773-5cfa-9570-8cfd2aa43510	INFO	Start syncing the balance {
  transaction: {
    id: '01HYEFAE7B5RZ6DHKYYXR8HZ4A',
    type: 'DEBIT',
    source: 'MANUAL_DEDUCTION',
    action: 'DELIVERY_DEDUCTION',
    userId: 'c50d5d7c-cfeb-46ff-84f0-6659ddb36ff6',
    paymentBalance: 2470.88,
    updatePaymentBalance: true,
    metadata: '{"walletId":"wallet#c50d5d7c-cfeb-46ff-84f0-6659ddb36ff6","deliveryId":"9527263a-f241-4c23-8cee-795e639c0bfc","walletSk":"9527263a-f241-4c23-8cee-795e639c0bfc"}',
    currency: 'SAR',
    amount: 81,
    vat: 0,
    oldBalance: 2551.88,
    newBalance: 2470.88
  }
}

2024-05-21T21:01:11.930Z 2024-05-21T21:01:11.930Z	b6b3d23a-2773-5cfa-9570-8cfd2aa43510	INFO	SubscriptionBalanceUpdated event published

2024-05-21T21:01:11.944Z 2024-05-21T21:01:11.944Z	b6b3d23a-2773-5cfa-9570-8cfd2aa43510	INFO	Processing message 69445938-1e74-4041-9823-37b80ecffcbe

2024-05-21T21:01:11.952Z 2024-05-21T21:01:11.952Z	b6b3d23a-2773-5cfa-9570-8cfd2aa43510	INFO	Start syncing the balance {
  transaction: {
    id: '01HYEFAEF6F7X3ZPAMEG2AS470',
    type: 'DEBIT',
    source: 'MANUAL_DEDUCTION',
    action: 'DELIVERY_DEDUCTION',
    userId: '1be789f1-54d2-40d3-93f1-afac8e3d647a',
    paymentBalance: 2598.75,
    updatePaymentBalance: true,
    metadata: '{"walletId":"wallet#1be789f1-54d2-40d3-93f1-afac8e3d647a","deliveryId":"25f476bf-3f85-470c-891c-6901ccbebab4","walletSk":"25f476bf-3f85-470c-891c-6901ccbebab4"}',
    currency: 'BHD',
    amount: 4,
    vat: 0,
    oldBalance: 156.75,
    newBalance: 152.75
  }
}

2024-05-21T21:01:11.993Z 2024-05-21T21:01:11.993Z	b6b3d23a-2773-5cfa-9570-8cfd2aa43510	INFO	SubscriptionBalanceUpdated event published

2024-05-21T21:01:12.008Z 2024-05-21T21:01:12.008Z	b6b3d23a-2773-5cfa-9570-8cfd2aa43510	ERROR	Subscription balance and payment balance are not in sync {
  userId: '1be789f1-54d2-40d3-93f1-afac8e3d647a',
  subscriptionBalance: 152.75,
  paymentBalance: 2598.75
}

2024-05-21T21:01:12.028Z 2024-05-21T21:01:12.028Z	b6b3d23a-2773-5cfa-9570-8cfd2aa43510	INFO	Processing message bae3b92d-cae4-4210-8306-faa0dfd62868

2024-05-21T21:01:12.065Z 2024-05-21T21:01:12.065Z	b6b3d23a-2773-5cfa-9570-8cfd2aa43510	INFO	Start syncing the balance {
  transaction: {
    id: '01HYEFAE9YSH8KD8SE33QJFSEY',
    type: 'DEBIT',
    source: 'MANUAL_DEDUCTION',
    action: 'DELIVERY_DEDUCTION',
    userId: '647cc8fb-ae29-4f80-ac67-faed07c42d98',
    paymentBalance: 2889,
    updatePaymentBalance: true,
    metadata: '{"walletId":"wallet#647cc8fb-ae29-4f80-ac67-faed07c42d98","deliveryId":"370e84c5-0205-43af-a0a1-3463ef85b44f","walletSk":"370e84c5-0205-43af-a0a1-3463ef85b44f"}',
    currency: 'AED',
    amount: 107,
    vat: 0,
    oldBalance: 2996,
    newBalance: 2889
  }
}

2024-05-21T21:01:12.148Z 2024-05-21T21:01:12.148Z	b6b3d23a-2773-5cfa-9570-8cfd2aa43510	INFO	SubscriptionBalanceUpdated event published

2024-05-21T21:01:12.165Z END RequestId: b6b3d23a-2773-5cfa-9570-8cfd2aa43510

2024-05-21T21:01:12.165Z REPORT RequestId: b6b3d23a-2773-5cfa-9570-8cfd2aa43510	Duration: 837.72 ms	Billed Duration: 838 ms	Memory Size: 1024 MB	Max Memory Used: 130 MB	
XRAY TraceId: 1-664d0b97-8e575e8695eb111ebaf8dafc	SegmentId: 432a757363499cef	Sampled: true	

2024-05-21T21:01:12.206Z START RequestId: 212e2bfe-8c05-5520-814e-753981dd5cca Version: $LATEST

2024-05-21T21:01:12.246Z 2024-05-21T21:01:12.246Z	212e2bfe-8c05-5520-814e-753981dd5cca	INFO	Processing message 22fb23ff-1015-4898-b0e7-5e18db1f9e27

2024-05-21T21:01:12.252Z 2024-05-21T21:01:12.252Z	212e2bfe-8c05-5520-814e-753981dd5cca	INFO	Start syncing the balance {
  transaction: {
    id: '01HYEFAF1VWE3G6FHP8ZBAGS9E',
    type: 'DEBIT',
    source: 'MANUAL_DEDUCTION',
    action: 'DELIVERY_DEDUCTION',
    userId: 'e2bd0a8e-4904-4615-9c70-5c0c67a129c0',
    paymentBalance: 1091.31,
    updatePaymentBalance: true,
    metadata: '{"walletId":"wallet#e2bd0a8e-4904-4615-9c70-5c0c67a129c0","deliveryId":"3966a735-409f-4539-bd7d-88193d3b30a8","walletSk":"3966a735-409f-4539-bd7d-88193d3b30a8"}',
    currency: 'SAR',
    amount: 90,
    vat: 0,
    oldBalance: 2981.31,
    newBalance: 2891.31
  }
}

2024-05-21T21:01:12.292Z 2024-05-21T21:01:12.292Z	212e2bfe-8c05-5520-814e-753981dd5cca	INFO	SubscriptionBalanceUpdated event published

2024-05-21T21:01:12.309Z 2024-05-21T21:01:12.309Z	212e2bfe-8c05-5520-814e-753981dd5cca	ERROR	Subscription balance and payment balance are not in sync {
  userId: 'e2bd0a8e-4904-4615-9c70-5c0c67a129c0',
  subscriptionBalance: 2891.31,
  paymentBalance: 1091.31
}

2024-05-21T21:01:12.324Z 2024-05-21T21:01:12.324Z	212e2bfe-8c05-5520-814e-753981dd5cca	INFO	Processing message 3357ce25-4925-47c6-b7c4-d0d66e55c519

2024-05-21T21:01:12.330Z 2024-05-21T21:01:12.330Z	212e2bfe-8c05-5520-814e-753981dd5cca	INFO	Start syncing the balance {
  transaction: {
    id: '01HYEFAF16CAQ88JSVGXDX5B8B',
    type: 'DEBIT',
    source: 'MANUAL_DEDUCTION',
    action: 'DELIVERY_DEDUCTION',
    userId: 'aa4e3d29-341d-4af9-a0d4-4155bff8e47c',
    paymentBalance: 250,
    updatePaymentBalance: true,
    metadata: '{"walletId":"wallet#aa4e3d29-341d-4af9-a0d4-4155bff8e47c","deliveryId":"6ed28e43-e00f-4a97-83de-f714def1740e","walletSk":"6ed28e43-e00f-4a97-83de-f714def1740e"}',
    currency: 'BHD',
    amount: 10,
    vat: 0,
    oldBalance: 260,
    newBalance: 250
  }
}

2024-05-21T21:01:12.367Z 2024-05-21T21:01:12.367Z	212e2bfe-8c05-5520-814e-753981dd5cca	INFO	SubscriptionBalanceUpdated event published

2024-05-21T21:01:12.378Z 2024-05-21T21:01:12.378Z	212e2bfe-8c05-5520-814e-753981dd5cca	INFO	Processing message 6a3f05c6-0d6a-4f70-84a1-2cc6f83ee037

2024-05-21T21:01:12.385Z 2024-05-21T21:01:12.385Z	212e2bfe-8c05-5520-814e-753981dd5cca	INFO	Start syncing the balance {
  transaction: {
    id: '01HYEFAFECM15F4FKA2DVWRDZ4',
    type: 'DEBIT',
    source: 'MANUAL_DEDUCTION',
    action: 'DELIVERY_DEDUCTION',
    userId: '921f6d7c-e48e-4e91-90b4-9823e41b9c55',
    paymentBalance: 829.091,
    updatePaymentBalance: true,
    metadata: '{"walletId":"wallet#921f6d7c-e48e-4e91-90b4-9823e41b9c55","deliveryId":"b2b53f3c-dd5b-45c5-9ddb-8fd413591eed","walletSk":"b2b53f3c-dd5b-45c5-9ddb-8fd413591eed"}',
    currency: 'BHD',
    amount: 4,
    vat: 0,
    oldBalance: 833.091,
    newBalance: 829.091
  }
}

2024-05-21T21:01:12.424Z 2024-05-21T21:01:12.424Z	212e2bfe-8c05-5520-814e-753981dd5cca	INFO	SubscriptionBalanceUpdated event published

2024-05-21T21:01:12.435Z 2024-05-21T21:01:12.435Z	212e2bfe-8c05-5520-814e-753981dd5cca	INFO	Processing message d9c075cc-e947-487b-8cf5-97e5f64e2a92

2024-05-21T21:01:12.440Z 2024-05-21T21:01:12.440Z	212e2bfe-8c05-5520-814e-753981dd5cca	INFO	Start syncing the balance {
  transaction: {
    id: '01HYEFAF8FYA6J2VMTRVE629C9',
    type: 'DEBIT',
    source: 'MANUAL_DEDUCTION',
    action: 'DELIVERY_DEDUCTION',
    userId: 'c8c7697e-36ad-444d-ab95-53cc0aa27292',
    paymentBalance: 1410,
    updatePaymentBalance: true,
    metadata: '{"walletId":"wallet#c8c7697e-36ad-444d-ab95-53cc0aa27292","deliveryId":"5317bf43-0eff-482f-902d-e2c471d5dbda","walletSk":"5317bf43-0eff-482f-902d-e2c471d5dbda"}',
    currency: 'SAR',
    amount: 47,
    vat: 0,
    oldBalance: 2397,
    newBalance: 2350
  }
}

2024-05-21T21:01:12.478Z 2024-05-21T21:01:12.478Z	212e2bfe-8c05-5520-814e-753981dd5cca	INFO	SubscriptionBalanceUpdated event published

2024-05-21T21:01:12.494Z 2024-05-21T21:01:12.494Z	212e2bfe-8c05-5520-814e-753981dd5cca	ERROR	Subscription balance and payment balance are not in sync {
  userId: 'c8c7697e-36ad-444d-ab95-53cc0aa27292',
  subscriptionBalance: 2350,
  paymentBalance: 1410
}

2024-05-21T21:01:12.509Z 2024-05-21T21:01:12.509Z	212e2bfe-8c05-5520-814e-753981dd5cca	INFO	Processing message f9d93d75-2af0-436d-8c0a-d501a559cac4

2024-05-21T21:01:12.520Z 2024-05-21T21:01:12.520Z	212e2bfe-8c05-5520-814e-753981dd5cca	INFO	Start syncing the balance {
  transaction: {
    id: '01HYEFAF7FHD8EHNK8CBZJYD99',
    type: 'DEBIT',
    source: 'MANUAL_DEDUCTION',
    action: 'DELIVERY_DEDUCTION',
    userId: '5cf444b8-09b4-4a03-b22d-f3141a817dd8',
    paymentBalance: 89.091,
    updatePaymentBalance: true,
    metadata: '{"walletId":"wallet#5cf444b8-09b4-4a03-b22d-f3141a817dd8","deliveryId":"3c214443-9e51-4424-9bbf-3687438bdc4a","walletSk":"3c214443-9e51-4424-9bbf-3687438bdc4a"}',
    currency: 'BHD',
    amount: 6,
    vat: 0,
    oldBalance: 103.091,
    newBalance: 97.091
  }
}

2024-05-21T21:01:12.561Z 2024-05-21T21:01:12.561Z	212e2bfe-8c05-5520-814e-753981dd5cca	INFO	SubscriptionBalanceUpdated event published

2024-05-21T21:01:12.575Z 2024-05-21T21:01:12.575Z	212e2bfe-8c05-5520-814e-753981dd5cca	ERROR	Subscription balance and payment balance are not in sync {
  userId: '5cf444b8-09b4-4a03-b22d-f3141a817dd8',
  subscriptionBalance: 97.091,
  paymentBalance: 89.091
}

2024-05-21T21:01:12.589Z 2024-05-21T21:01:12.589Z	212e2bfe-8c05-5520-814e-753981dd5cca	INFO	Processing message 6c493046-ebd2-45e2-ab2d-fac668e29ec1

2024-05-21T21:01:12.595Z 2024-05-21T21:01:12.595Z	212e2bfe-8c05-5520-814e-753981dd5cca	INFO	Start syncing the balance {
  transaction: {
    id: '01HYEFAFBG004ZV986EZ08YDHR',
    type: 'DEBIT',
    source: 'MANUAL_DEDUCTION',
    action: 'DELIVERY_DEDUCTION',
    userId: 'e5cd7e42-5e94-46d2-b6ab-9ef7a6b6549d',
    paymentBalance: 1080,
    updatePaymentBalance: true,
    metadata: '{"walletId":"wallet#e5cd7e42-5e94-46d2-b6ab-9ef7a6b6549d","deliveryId":"84d4ed09-3152-43af-8fc5-fbe5b59d62f3","walletSk":"84d4ed09-3152-43af-8fc5-fbe5b59d62f3"}',
    currency: 'SAR',
    amount: 90,
    vat: 0,
    oldBalance: 2970,
    newBalance: 2880
  }
}

2024-05-21T21:01:12.637Z 2024-05-21T21:01:12.637Z	212e2bfe-8c05-5520-814e-753981dd5cca	INFO	SubscriptionBalanceUpdated event published

2024-05-21T21:01:12.649Z 2024-05-21T21:01:12.649Z	212e2bfe-8c05-5520-814e-753981dd5cca	ERROR	Subscription balance and payment balance are not in sync {
  userId: 'e5cd7e42-5e94-46d2-b6ab-9ef7a6b6549d',
  subscriptionBalance: 2880,
  paymentBalance: 1080
}

2024-05-21T21:01:12.666Z 2024-05-21T21:01:12.666Z	212e2bfe-8c05-5520-814e-753981dd5cca	INFO	Processing message 187ab251-c982-4158-bda9-ebc124a162a8

2024-05-21T21:01:12.671Z 2024-05-21T21:01:12.671Z	212e2bfe-8c05-5520-814e-753981dd5cca	INFO	Start syncing the balance {
  transaction: {
    id: '01HYEFAF69SERW2R4XR1WBPZAA',
    type: 'DEBIT',
    source: 'MANUAL_DEDUCTION',
    action: 'DELIVERY_DEDUCTION',
    userId: '2f4e1f0d-2cd3-4baf-83df-28b52498b061',
    paymentBalance: 1090,
    updatePaymentBalance: true,
    metadata: '{"walletId":"wallet#2f4e1f0d-2cd3-4baf-83df-28b52498b061","deliveryId":"8c116c04-95c9-4d76-82f2-cf918e53f40c","walletSk":"8c116c04-95c9-4d76-82f2-cf918e53f40c"}',
    currency: 'SAR',
    amount: 90,
    vat: 0,
    oldBalance: 2980,
    newBalance: 2890
  }
}

2024-05-21T21:01:12.725Z 2024-05-21T21:01:12.725Z	212e2bfe-8c05-5520-814e-753981dd5cca	INFO	SubscriptionBalanceUpdated event published

2024-05-21T21:01:12.738Z 2024-05-21T21:01:12.738Z	212e2bfe-8c05-5520-814e-753981dd5cca	ERROR	Subscription balance and payment balance are not in sync {
  userId: '2f4e1f0d-2cd3-4baf-83df-28b52498b061',
  subscriptionBalance: 2890,
  paymentBalance: 1090
}

2024-05-21T21:01:12.754Z 2024-05-21T21:01:12.754Z	212e2bfe-8c05-5520-814e-753981dd5cca	INFO	Processing message c99466fd-bd71-49a0-88d1-3b572af1826f

2024-05-21T21:01:12.760Z 2024-05-21T21:01:12.760Z	212e2bfe-8c05-5520-814e-753981dd5cca	INFO	Start syncing the balance {
  transaction: {
    id: '01HYEFAFCK5H963ZPNNF12220D',
    type: 'DEBIT',
    source: 'MANUAL_DEDUCTION',
    action: 'DELIVERY_DEDUCTION',
    userId: 'f73f4056-17a9-411c-9c87-e6823b037540',
    paymentBalance: 58.955,
    updatePaymentBalance: true,
    metadata: '{"walletId":"wallet#f73f4056-17a9-411c-9c87-e6823b037540","deliveryId":"b3fd688b-2146-4d8d-a408-db95cbc055f2","walletSk":"b3fd688b-2146-4d8d-a408-db95cbc055f2"}',
    currency: 'BHD',
    amount: 11,
    vat: 0,
    oldBalance: 69.955,
    newBalance: 58.955
  }
}

2024-05-21T21:01:12.801Z 2024-05-21T21:01:12.801Z	212e2bfe-8c05-5520-814e-753981dd5cca	INFO	SubscriptionBalanceUpdated event published

2024-05-21T21:01:12.815Z 2024-05-21T21:01:12.815Z	212e2bfe-8c05-5520-814e-753981dd5cca	INFO	Processing message bd811838-6bc3-4a3f-895f-54605cf59cb8

2024-05-21T21:01:12.820Z 2024-05-21T21:01:12.820Z	212e2bfe-8c05-5520-814e-753981dd5cca	INFO	Start syncing the balance {
  transaction: {
    id: '01HYEFAFHDPZ39SDXBBHWQCC87',
    type: 'DEBIT',
    source: 'MANUAL_DEDUCTION',
    action: 'DELIVERY_DEDUCTION',
    userId: '48803ac3-4913-4358-9d76-115d03ac29ac',
    paymentBalance: 150,
    updatePaymentBalance: true,
    metadata: '{"walletId":"wallet#48803ac3-4913-4358-9d76-115d03ac29ac","deliveryId":"11001e97-0ee3-47c6-9f58-0c3e0ce4a41f","walletSk":"11001e97-0ee3-47c6-9f58-0c3e0ce4a41f"}',
    currency: 'BHD',
    amount: 8.5,
    vat: 0,
    oldBalance: 158.5,
    newBalance: 150
  }
}

2024-05-21T21:01:12.859Z 2024-05-21T21:01:12.859Z	212e2bfe-8c05-5520-814e-753981dd5cca	INFO	SubscriptionBalanceUpdated event published

2024-05-21T21:01:12.871Z 2024-05-21T21:01:12.871Z	212e2bfe-8c05-5520-814e-753981dd5cca	INFO	Processing message cc4a6e23-47ea-4733-8202-45159297c4f9

2024-05-21T21:01:12.876Z 2024-05-21T21:01:12.876Z	212e2bfe-8c05-5520-814e-753981dd5cca	INFO	Start syncing the balance {
  transaction: {
    id: '01HYEFAFMMHPSKB429CG8CWPV6',
    type: 'DEBIT',
    source: 'MANUAL_DEDUCTION',
    action: 'DELIVERY_DEDUCTION',
    userId: 'a14aa589-0355-43f7-ab70-f4e230e1be91',
    paymentBalance: 1080,
    updatePaymentBalance: true,
    metadata: '{"walletId":"wallet#a14aa589-0355-43f7-ab70-f4e230e1be91","deliveryId":"3a455075-792b-4218-b3f0-b4849100cec0","walletSk":"3a455075-792b-4218-b3f0-b4849100cec0"}',
    currency: 'SAR',
    amount: 90,
    vat: 0,
    oldBalance: 2970,
    newBalance: 2880
  }
}

2024-05-21T21:01:12.915Z 2024-05-21T21:01:12.915Z	212e2bfe-8c05-5520-814e-753981dd5cca	INFO	SubscriptionBalanceUpdated event published

2024-05-21T21:01:12.927Z 2024-05-21T21:01:12.927Z	212e2bfe-8c05-5520-814e-753981dd5cca	ERROR	Subscription balance and payment balance are not in sync {
  userId: 'a14aa589-0355-43f7-ab70-f4e230e1be91',
  subscriptionBalance: 2880,
  paymentBalance: 1080
}

2024-05-21T21:01:12.944Z END RequestId: 212e2bfe-8c05-5520-814e-753981dd5cca

2024-05-21T21:01:12.944Z REPORT RequestId: 212e2bfe-8c05-5520-814e-753981dd5cca	Duration: 738.23 ms	Billed Duration: 739 ms	Memory Size: 1024 MB	Max Memory Used: 134 MB	
XRAY TraceId: 1-664d0b98-8ed132d106796474180f6d34	SegmentId: 5e5c83486faeb300	Sampled: true	

2024-05-21T21:01:12.961Z START RequestId: 5823503d-e273-5077-962a-0efaefabe99d Version: $LATEST

2024-05-21T21:01:12.990Z 2024-05-21T21:01:12.990Z	5823503d-e273-5077-962a-0efaefabe99d	INFO	Processing message 5afa1e59-1df9-4f0b-bff4-eb334626ac66

2024-05-21T21:01:12.997Z 2024-05-21T21:01:12.997Z	5823503d-e273-5077-962a-0efaefabe99d	INFO	Start syncing the balance {
  transaction: {
    id: '01HYEFAG2TNP683VRGYJ6AA2VR',
    type: 'DEBIT',
    source: 'MANUAL_DEDUCTION',
    action: 'DELIVERY_DEDUCTION',
    userId: '7f8437a2-6be6-4813-8509-1b2385b287db',
    paymentBalance: 1530,
    updatePaymentBalance: true,
    metadata: '{"walletId":"wallet#7f8437a2-6be6-4813-8509-1b2385b287db","deliveryId":"e1aa32e7-6d6f-4f41-aa4b-2cadcce6adb3","walletSk":"e1aa32e7-6d6f-4f41-aa4b-2cadcce6adb3"}',
    currency: 'SAR',
    amount: 90,
    vat: 0,
    oldBalance: 1620,
    newBalance: 1530
  }
}

2024-05-21T21:01:13.040Z 2024-05-21T21:01:13.040Z	5823503d-e273-5077-962a-0efaefabe99d	INFO	SubscriptionBalanceUpdated event published

2024-05-21T21:01:13.054Z 2024-05-21T21:01:13.054Z	5823503d-e273-5077-962a-0efaefabe99d	INFO	Processing message 7f2c0021-5c29-42e5-8e32-698002e9da18

2024-05-21T21:01:13.060Z 2024-05-21T21:01:13.060Z	5823503d-e273-5077-962a-0efaefabe99d	INFO	Start syncing the balance {
  transaction: {
    id: '01HYEFAG970BV17HRQJGFPSPH7',
    type: 'DEBIT',
    source: 'MANUAL_DEDUCTION',
    action: 'DELIVERY_DEDUCTION',
    userId: '2ffdc38a-1913-43eb-83f3-406f745b2831',
    paymentBalance: 754,
    updatePaymentBalance: true,
    metadata: '{"walletId":"wallet#2ffdc38a-1913-43eb-83f3-406f745b2831","deliveryId":"20a30933-004b-4e8c-ab18-882f14dcb070","walletSk":"20a30933-004b-4e8c-ab18-882f14dcb070"}',
    currency: 'BHD',
    amount: 9,
    vat: 0,
    oldBalance: 763,
    newBalance: 754
  }
}

2024-05-21T21:01:13.098Z 2024-05-21T21:01:13.098Z	5823503d-e273-5077-962a-0efaefabe99d	INFO	SubscriptionBalanceUpdated event published

2024-05-21T21:01:13.112Z 2024-05-21T21:01:13.112Z	5823503d-e273-5077-962a-0efaefabe99d	INFO	Processing message 6431557f-8f5b-4b51-8d29-f0b425774a2c

2024-05-21T21:01:13.118Z 2024-05-21T21:01:13.118Z	5823503d-e273-5077-962a-0efaefabe99d	INFO	Start syncing the balance {
  transaction: {
    id: '01HYEFAGAQCQNYF2SGSQCAKWJ7',
    type: 'DEBIT',
    source: 'MANUAL_DEDUCTION',
    action: 'DELIVERY_DEDUCTION',
    userId: 'de4a08a3-a40e-45ba-b582-8833fe5ce4fa',
    paymentBalance: 1620,
    updatePaymentBalance: true,
    metadata: '{"walletId":"wallet#de4a08a3-a40e-45ba-b582-8833fe5ce4fa","deliveryId":"8aa732ca-f3c1-429a-8d2a-bff337061444","walletSk":"8aa732ca-f3c1-429a-8d2a-bff337061444"}',
    currency: 'SAR',
    amount: 90,
    vat: 0,
    oldBalance: 3870,
    newBalance: 3780
  }
}

2024-05-21T21:01:13.158Z 2024-05-21T21:01:13.158Z	5823503d-e273-5077-962a-0efaefabe99d	INFO	SubscriptionBalanceUpdated event published

2024-05-21T21:01:13.174Z 2024-05-21T21:01:13.174Z	5823503d-e273-5077-962a-0efaefabe99d	ERROR	Subscription balance and payment balance are not in sync {
  userId: 'de4a08a3-a40e-45ba-b582-8833fe5ce4fa',
  subscriptionBalance: 3780,
  paymentBalance: 1620
}

2024-05-21T21:01:13.189Z 2024-05-21T21:01:13.189Z	5823503d-e273-5077-962a-0efaefabe99d	INFO	Processing message 5c777e00-d452-4867-a562-c668b5c730aa

2024-05-21T21:01:13.195Z 2024-05-21T21:01:13.195Z	5823503d-e273-5077-962a-0efaefabe99d	INFO	Start syncing the balance {
  transaction: {
    id: '01HYEFAG5FQX05XMEB82VPKSSS',
    type: 'DEBIT',
    source: 'MANUAL_DEDUCTION',
    action: 'DELIVERY_DEDUCTION',
    userId: '2f84400c-bd86-4ac2-b28b-bb6e2f90dfea',
    paymentBalance: 3529.51,
    updatePaymentBalance: true,
    metadata: '{"walletId":"wallet#2f84400c-bd86-4ac2-b28b-bb6e2f90dfea","deliveryId":"13687f96-0b9e-4c11-930d-87bdaf1f917b","walletSk":"13687f96-0b9e-4c11-930d-87bdaf1f917b"}',
    currency: 'SAR',
    amount: 86.09,
    vat: 0,
    oldBalance: 3615.6,
    newBalance: 3529.51
  }
}

2024-05-21T21:01:13.236Z 2024-05-21T21:01:13.236Z	5823503d-e273-5077-962a-0efaefabe99d	INFO	SubscriptionBalanceUpdated event published

2024-05-21T21:01:13.249Z 2024-05-21T21:01:13.249Z	5823503d-e273-5077-962a-0efaefabe99d	INFO	Processing message 5f19ea1e-1750-4141-b025-863f2c7feaf0

2024-05-21T21:01:13.255Z 2024-05-21T21:01:13.255Z	5823503d-e273-5077-962a-0efaefabe99d	INFO	Start syncing the balance {
  transaction: {
    id: '01HYEFAGF9X6MMRM9WCWDK91MQ',
    type: 'DEBIT',
    source: 'MANUAL_DEDUCTION',
    action: 'DELIVERY_DEDUCTION',
    userId: '6c430524-4c3c-459b-bbd9-5e607626eba0',
    paymentBalance: 177.3,
    updatePaymentBalance: true,
    metadata: '{"walletId":"wallet#6c430524-4c3c-459b-bbd9-5e607626eba0","deliveryId":"fd449c78-7725-4a6e-9be5-23701077cf4f","walletSk":"fd449c78-7725-4a6e-9be5-23701077cf4f"}',
    currency: 'BHD',
    amount: 8.25,
    vat: 0,
    oldBalance: 185.55,
    newBalance: 177.3
  }
}

2024-05-21T21:01:13.293Z 2024-05-21T21:01:13.293Z	5823503d-e273-5077-962a-0efaefabe99d	INFO	SubscriptionBalanceUpdated event published

2024-05-21T21:01:13.306Z 2024-05-21T21:01:13.306Z	5823503d-e273-5077-962a-0efaefabe99d	INFO	Processing message f3cc07a5-ea3b-4f57-a1e0-12953f4cac4e

2024-05-21T21:01:13.312Z 2024-05-21T21:01:13.312Z	5823503d-e273-5077-962a-0efaefabe99d	INFO	Start syncing the balance {
  transaction: {
    id: '01HYEFAGG26SQCEE8CJXXFD6E2',
    type: 'DEBIT',
    source: 'MANUAL_DEDUCTION',
    action: 'DELIVERY_DEDUCTION',
    userId: 'be217a4c-6b32-478c-a24a-6f4bef7f6dea',
    paymentBalance: 1080,
    updatePaymentBalance: true,
    metadata: '{"walletId":"wallet#be217a4c-6b32-478c-a24a-6f4bef7f6dea","deliveryId":"66b41485-7070-43a6-9534-7a863ff42089","walletSk":"66b41485-7070-43a6-9534-7a863ff42089"}',
    currency: 'SAR',
    amount: 90,
    vat: 0,
    oldBalance: 2970,
    newBalance: 2880
  }
}

2024-05-21T21:01:13.353Z 2024-05-21T21:01:13.353Z	5823503d-e273-5077-962a-0efaefabe99d	INFO	SubscriptionBalanceUpdated event published

2024-05-21T21:01:13.366Z 2024-05-21T21:01:13.366Z	5823503d-e273-5077-962a-0efaefabe99d	ERROR	Subscription balance and payment balance are not in sync {
  userId: 'be217a4c-6b32-478c-a24a-6f4bef7f6dea',
  subscriptionBalance: 2880,
  paymentBalance: 1080
}

2024-05-21T21:01:13.381Z 2024-05-21T21:01:13.381Z	5823503d-e273-5077-962a-0efaefabe99d	INFO	Processing message 8846a9ed-0f74-4c51-8561-e2bf6f069475

2024-05-21T21:01:13.387Z 2024-05-21T21:01:13.387Z	5823503d-e273-5077-962a-0efaefabe99d	INFO	Start syncing the balance {
  transaction: {
    id: '01HYEFAGNAZFTP3DM4RYC175VM',
    type: 'DEBIT',
    source: 'MANUAL_DEDUCTION',
    action: 'DELIVERY_DEDUCTION',
    userId: '9052e976-94c8-402e-b21f-6b75f2b7df41',
    paymentBalance: 155.818,
    updatePaymentBalance: true,
    metadata: '{"walletId":"wallet#9052e976-94c8-402e-b21f-6b75f2b7df41","deliveryId":"89fddd68-7c0d-47d7-80c2-a920312ba942","walletSk":"89fddd68-7c0d-47d7-80c2-a920312ba942"}',
    currency: 'BHD',
    amount: 4.5,
    vat: 0,
    oldBalance: 160.318,
    newBalance: 155.818
  }
}

2024-05-21T21:01:13.426Z 2024-05-21T21:01:13.426Z	5823503d-e273-5077-962a-0efaefabe99d	INFO	SubscriptionBalanceUpdated event published

2024-05-21T21:01:13.440Z 2024-05-21T21:01:13.440Z	5823503d-e273-5077-962a-0efaefabe99d	INFO	Processing message d20ddd2f-1faa-494b-bebb-367d3ce2e1be

2024-05-21T21:01:13.445Z 2024-05-21T21:01:13.445Z	5823503d-e273-5077-962a-0efaefabe99d	INFO	Start syncing the balance {
  transaction: {
    id: '01HYEFAGKQHM0HY36S3KJV867J',
    type: 'DEBIT',
    source: 'MANUAL_DEDUCTION',
    action: 'DELIVERY_DEDUCTION',
    userId: '6f9db617-31c6-4072-bfef-08d04f27b73a',
    paymentBalance: 180,
    updatePaymentBalance: true,
    metadata: '{"walletId":"wallet#6f9db617-31c6-4072-bfef-08d04f27b73a","deliveryId":"dc2691ad-7fa9-42cc-8f70-fb1987796a3f","walletSk":"dc2691ad-7fa9-42cc-8f70-fb1987796a3f"}',
    currency: 'BHD',
    amount: 4,
    vat: 0,
    oldBalance: 184,
    newBalance: 180
  }
}

2024-05-21T21:01:13.484Z 2024-05-21T21:01:13.484Z	5823503d-e273-5077-962a-0efaefabe99d	INFO	SubscriptionBalanceUpdated event published

2024-05-21T21:01:13.499Z 2024-05-21T21:01:13.499Z	5823503d-e273-5077-962a-0efaefabe99d	INFO	Processing message a4083cfc-de48-4a21-9cb4-6fafd07df754

2024-05-21T21:01:13.505Z 2024-05-21T21:01:13.505Z	5823503d-e273-5077-962a-0efaefabe99d	INFO	Start syncing the balance {
  transaction: {
    id: '01HYEFAGT1EG5JHK88R0DE8BNS',
    type: 'DEBIT',
    source: 'MANUAL_DEDUCTION',
    action: 'DELIVERY_DEDUCTION',
    userId: '19c6299a-a401-468a-b870-318de5ae571f',
    paymentBalance: 900,
    updatePaymentBalance: true,
    metadata: '{"walletId":"wallet#19c6299a-a401-468a-b870-318de5ae571f","deliveryId":"07f88583-e6ae-4ea3-beb7-a4e9f2603c7a","walletSk":"07f88583-e6ae-4ea3-beb7-a4e9f2603c7a"}',
    currency: 'SAR',
    amount: 90,
    vat: 0,
    oldBalance: 990,
    newBalance: 900
  }
}

2024-05-21T21:01:13.542Z 2024-05-21T21:01:13.542Z	5823503d-e273-5077-962a-0efaefabe99d	INFO	SubscriptionBalanceUpdated event published

2024-05-21T21:01:13.556Z 2024-05-21T21:01:13.556Z	5823503d-e273-5077-962a-0efaefabe99d	INFO	Processing message 0ef1e822-260a-4b77-b04f-62ddd03636a2

2024-05-21T21:01:13.561Z 2024-05-21T21:01:13.561Z	5823503d-e273-5077-962a-0efaefabe99d	INFO	Start syncing the balance {
  transaction: {
    id: '01HYEFAGQY29WNYFRF5M4QS0MC',
    type: 'DEBIT',
    source: 'MANUAL_DEDUCTION',
    action: 'DELIVERY_DEDUCTION',
    userId: 'e05d1822-8aff-4f59-b397-f1184e2d8fca',
    paymentBalance: 167,
    updatePaymentBalance: true,
    metadata: '{"walletId":"wallet#e05d1822-8aff-4f59-b397-f1184e2d8fca","deliveryId":"f92a685c-8864-427f-b29b-8d855bc185d9","walletSk":"f92a685c-8864-427f-b29b-8d855bc185d9"}',
    currency: 'BHD',
    amount: 8.5,
    vat: 0,
    oldBalance: 175.5,
    newBalance: 167
  }
}

2024-05-21T21:01:13.600Z 2024-05-21T21:01:13.600Z	5823503d-e273-5077-962a-0efaefabe99d	INFO	SubscriptionBalanceUpdated event published

2024-05-21T21:01:13.618Z END RequestId: 5823503d-e273-5077-962a-0efaefabe99d

2024-05-21T21:01:13.618Z REPORT RequestId: 5823503d-e273-5077-962a-0efaefabe99d	Duration: 657.21 ms	Billed Duration: 658 ms	Memory Size: 1024 MB	Max Memory Used: 140 MB	
XRAY TraceId: 1-664d0b98-b688de3089a38bd74ed2ce21	SegmentId: 054ccbed002aaf1b	Sampled: true	

2024-05-21T21:01:13.721Z START RequestId: 33dbda98-2da4-5970-a0a3-845f207d909a Version: $LATEST

2024-05-21T21:01:13.746Z 2024-05-21T21:01:13.746Z	33dbda98-2da4-5970-a0a3-845f207d909a	INFO	Processing message aec3e8dd-04cc-46d7-addc-bcc2086e2653

2024-05-21T21:01:13.752Z 2024-05-21T21:01:13.752Z	33dbda98-2da4-5970-a0a3-845f207d909a	INFO	Start syncing the balance {
  transaction: {
    id: '01HYEFAGTA8J4HXP2KRERG613R',
    type: 'DEBIT',
    source: 'MANUAL_DEDUCTION',
    action: 'DELIVERY_DEDUCTION',
    userId: '75b9c4ae-1dc9-4330-96e9-662d34429648',
    paymentBalance: 1410,
    updatePaymentBalance: true,
    metadata: '{"walletId":"wallet#75b9c4ae-1dc9-4330-96e9-662d34429648","deliveryId":"7db14068-ec99-484b-95af-ff4955294307","walletSk":"7db14068-ec99-484b-95af-ff4955294307"}',
    currency: 'SAR',
    amount: 47,
    vat: 0,
    oldBalance: 2397,
    newBalance: 2350
  }
}

2024-05-21T21:01:13.791Z 2024-05-21T21:01:13.791Z	33dbda98-2da4-5970-a0a3-845f207d909a	INFO	SubscriptionBalanceUpdated event published

2024-05-21T21:01:13.805Z 2024-05-21T21:01:13.805Z	33dbda98-2da4-5970-a0a3-845f207d909a	ERROR	Subscription balance and payment balance are not in sync {
  userId: '75b9c4ae-1dc9-4330-96e9-662d34429648',
  subscriptionBalance: 2350,
  paymentBalance: 1410
}

2024-05-21T21:01:13.822Z 2024-05-21T21:01:13.822Z	33dbda98-2da4-5970-a0a3-845f207d909a	INFO	Processing message c9291731-78ed-4395-b0d2-93d7ecfeda1c

2024-05-21T21:01:13.828Z 2024-05-21T21:01:13.828Z	33dbda98-2da4-5970-a0a3-845f207d909a	INFO	Start syncing the balance {
  transaction: {
    id: '01HYEFAGYJRSCZKEXBJTNYT119',
    type: 'DEBIT',
    source: 'MANUAL_DEDUCTION',
    action: 'DELIVERY_DEDUCTION',
    userId: 'a662ffb7-a7ab-437f-a29c-a60bf6a694fe',
    paymentBalance: 3224.79,
    updatePaymentBalance: true,
    metadata: '{"walletId":"wallet#a662ffb7-a7ab-437f-a29c-a60bf6a694fe","deliveryId":"8e8ecf91-e869-4075-87c9-ff853cd8e831","walletSk":"8e8ecf91-e869-4075-87c9-ff853cd8e831"}',
    currency: 'SAR',
    amount: 95.65,
    vat: 0,
    oldBalance: 1530.44,
    newBalance: 1434.79
  }
}

2024-05-21T21:01:13.868Z 2024-05-21T21:01:13.868Z	33dbda98-2da4-5970-a0a3-845f207d909a	INFO	SubscriptionBalanceUpdated event published

2024-05-21T21:01:13.884Z 2024-05-21T21:01:13.884Z	33dbda98-2da4-5970-a0a3-845f207d909a	ERROR	Subscription balance and payment balance are not in sync {
  userId: 'a662ffb7-a7ab-437f-a29c-a60bf6a694fe',
  subscriptionBalance: 1434.79,
  paymentBalance: 3224.79
}

2024-05-21T21:01:13.900Z 2024-05-21T21:01:13.900Z	33dbda98-2da4-5970-a0a3-845f207d909a	INFO	Processing message 4646e613-7952-47d9-9a09-5d5d1f4743f4

2024-05-21T21:01:13.906Z 2024-05-21T21:01:13.906Z	33dbda98-2da4-5970-a0a3-845f207d909a	INFO	Start syncing the balance {
  transaction: {
    id: '01HYEFAGZ62MG5T03DQK7EA5T2',
    type: 'DEBIT',
    source: 'MANUAL_DEDUCTION',
    action: 'DELIVERY_DEDUCTION',
    userId: '8bc3bf0b-126a-41a1-8202-85f2a903e080',
    paymentBalance: 64.5,
    updatePaymentBalance: true,
    metadata: '{"walletId":"wallet#8bc3bf0b-126a-41a1-8202-85f2a903e080","deliveryId":"d02c7486-98c2-44f0-a4aa-45a302fa1d82","walletSk":"d02c7486-98c2-44f0-a4aa-45a302fa1d82"}',
    currency: 'BHD',
    amount: 9,
    vat: 0,
    oldBalance: 73.5,
    newBalance: 64.5
  }
}

2024-05-21T21:01:13.943Z 2024-05-21T21:01:13.943Z	33dbda98-2da4-5970-a0a3-845f207d909a	INFO	SubscriptionBalanceUpdated event published

2024-05-21T21:01:13.958Z 2024-05-21T21:01:13.958Z	33dbda98-2da4-5970-a0a3-845f207d909a	INFO	Processing message 762e3c93-2e36-417a-b10c-d2c6be39e6d5

2024-05-21T21:01:13.963Z 2024-05-21T21:01:13.963Z	33dbda98-2da4-5970-a0a3-845f207d909a	INFO	Start syncing the balance {
  transaction: {
    id: '01HYEFAH5A5FX7BH950XFBG4A8',
    type: 'DEBIT',
    source: 'MANUAL_DEDUCTION',
    action: 'DELIVERY_DEDUCTION',
    userId: 'ebf14504-a08f-4dca-a98b-e733287ee14c',
    paymentBalance: 9450,
    updatePaymentBalance: true,
    metadata: '{"walletId":"wallet#ebf14504-a08f-4dca-a98b-e733287ee14c","deliveryId":"0852525a-f9bc-4190-9422-fb6e09068506","walletSk":"0852525a-f9bc-4190-9422-fb6e09068506"}',
    currency: 'SAR',
    amount: 90,
    vat: 0,
    oldBalance: 9540,
    newBalance: 9450
  }
}

2024-05-21T21:01:14.001Z 2024-05-21T21:01:14.001Z	33dbda98-2da4-5970-a0a3-845f207d909a	INFO	SubscriptionBalanceUpdated event published

2024-05-21T21:01:14.015Z 2024-05-21T21:01:14.015Z	33dbda98-2da4-5970-a0a3-845f207d909a	INFO	Processing message 3721271d-ae14-4def-b907-bd5ec9d5f031

2024-05-21T21:01:14.022Z 2024-05-21T21:01:14.022Z	33dbda98-2da4-5970-a0a3-845f207d909a	INFO	Start syncing the balance {
  transaction: {
    id: '01HYEFAH9YVJ5T1Z93CT0MHC4K',
    type: 'DEBIT',
    source: 'MANUAL_DEDUCTION',
    action: 'DELIVERY_DEDUCTION',
    userId: '2e24caa6-55e4-482f-b84f-322df55cf796',
    paymentBalance: 1080,
    updatePaymentBalance: true,
    metadata: '{"walletId":"wallet#2e24caa6-55e4-482f-b84f-322df55cf796","deliveryId":"d1131c57-0bb6-47ba-9a69-f5840d63bb72","walletSk":"d1131c57-0bb6-47ba-9a69-f5840d63bb72"}',
    currency: 'SAR',
    amount: 90,
    vat: 0,
    oldBalance: 2970,
    newBalance: 2880
  }
}

2024-05-21T21:01:14.061Z 2024-05-21T21:01:14.061Z	33dbda98-2da4-5970-a0a3-845f207d909a	INFO	SubscriptionBalanceUpdated event published

2024-05-21T21:01:14.073Z 2024-05-21T21:01:14.073Z	33dbda98-2da4-5970-a0a3-845f207d909a	ERROR	Subscription balance and payment balance are not in sync {
  userId: '2e24caa6-55e4-482f-b84f-322df55cf796',
  subscriptionBalance: 2880,
  paymentBalance: 1080
}

2024-05-21T21:01:14.090Z 2024-05-21T21:01:14.090Z	33dbda98-2da4-5970-a0a3-845f207d909a	INFO	Processing message aada7eff-a23d-481c-a9ff-13d723463a00

2024-05-21T21:01:14.095Z 2024-05-21T21:01:14.095Z	33dbda98-2da4-5970-a0a3-845f207d909a	INFO	Start syncing the balance {
  transaction: {
    id: '01HYEFAHEXB1QBAR4NWA3AW09A',
    type: 'DEBIT',
    source: 'MANUAL_DEDUCTION',
    action: 'DELIVERY_DEDUCTION',
    userId: 'a798aaca-ef61-44fe-a551-ca70b130cd82',
    paymentBalance: 99,
    updatePaymentBalance: true,
    metadata: '{"walletId":"wallet#a798aaca-ef61-44fe-a551-ca70b130cd82","deliveryId":"fd7253b6-c9aa-4914-9a57-8656341710da","walletSk":"fd7253b6-c9aa-4914-9a57-8656341710da"}',
    currency: 'BHD',
    amount: 9,
    vat: 0,
    oldBalance: 108,
    newBalance: 99
  }
}

2024-05-21T21:01:14.138Z 2024-05-21T21:01:14.138Z	33dbda98-2da4-5970-a0a3-845f207d909a	INFO	SubscriptionBalanceUpdated event published

2024-05-21T21:01:14.152Z 2024-05-21T21:01:14.152Z	33dbda98-2da4-5970-a0a3-845f207d909a	INFO	Processing message 6e1c90ad-720f-45ac-a2ff-27f059b9fef9

2024-05-21T21:01:14.190Z 2024-05-21T21:01:14.190Z	33dbda98-2da4-5970-a0a3-845f207d909a	INFO	Start syncing the balance {
  transaction: {
    id: '01HYEFAHKW7MMXEGH2WECM3JBG',
    type: 'DEBIT',
    source: 'MANUAL_DEDUCTION',
    action: 'DELIVERY_DEDUCTION',
    userId: 'af92f5f5-d9fa-494d-9874-1219688e64bb',
    paymentBalance: 642,
    updatePaymentBalance: true,
    metadata: '{"walletId":"wallet#af92f5f5-d9fa-494d-9874-1219688e64bb","deliveryId":"6b5fcad8-935c-4567-877d-dbf3daa919d7","walletSk":"6b5fcad8-935c-4567-877d-dbf3daa919d7"}',
    currency: 'AED',
    amount: 107,
    vat: 0,
    oldBalance: 749,
    newBalance: 642
  }
}

2024-05-21T21:01:14.229Z 2024-05-21T21:01:14.229Z	33dbda98-2da4-5970-a0a3-845f207d909a	INFO	SubscriptionBalanceUpdated event published

2024-05-21T21:01:14.243Z 2024-05-21T21:01:14.243Z	33dbda98-2da4-5970-a0a3-845f207d909a	INFO	Processing message 5d741642-baf1-4f2c-81aa-778df387b39d

2024-05-21T21:01:14.248Z 2024-05-21T21:01:14.248Z	33dbda98-2da4-5970-a0a3-845f207d909a	INFO	Start syncing the balance {
  transaction: {
    id: '01HYEFAHS0PA6QCZ65QSKNR6GQ',
    type: 'DEBIT',
    source: 'MANUAL_DEDUCTION',
    action: 'DELIVERY_DEDUCTION',
    userId: '7ba4c664-7d4a-47eb-905c-3d98c9edbab7',
    paymentBalance: 1530,
    updatePaymentBalance: true,
    metadata: '{"walletId":"wallet#7ba4c664-7d4a-47eb-905c-3d98c9edbab7","deliveryId":"5b790ed8-c76c-4ab4-998d-ff107df9d8c6","walletSk":"5b790ed8-c76c-4ab4-998d-ff107df9d8c6"}',
    currency: 'SAR',
    amount: 90,
    vat: 0,
    oldBalance: 1620,
    newBalance: 1530
  }
}

2024-05-21T21:01:14.287Z 2024-05-21T21:01:14.287Z	33dbda98-2da4-5970-a0a3-845f207d909a	INFO	SubscriptionBalanceUpdated event published

2024-05-21T21:01:14.509Z 2024-05-21T21:01:14.509Z	33dbda98-2da4-5970-a0a3-845f207d909a	INFO	Processing message 47455873-3e68-4d7e-a6e8-ac32bdecc2ec

2024-05-21T21:01:14.514Z 2024-05-21T21:01:14.514Z	33dbda98-2da4-5970-a0a3-845f207d909a	INFO	Start syncing the balance {
  transaction: {
    id: '01HYEFAHY8X9M1J3A2JJY114YN',
    type: 'DEBIT',
    source: 'MANUAL_DEDUCTION',
    action: 'DELIVERY_DEDUCTION',
    userId: '30258a94-92e8-4fe1-b8e5-0033deddc1a4',
    paymentBalance: 1812.19,
    updatePaymentBalance: true,
    metadata: '{"walletId":"wallet#30258a94-92e8-4fe1-b8e5-0033deddc1a4","deliveryId":"98fa427d-233e-46da-8d29-50675798cc87","walletSk":"98fa427d-233e-46da-8d29-50675798cc87"}',
    currency: 'SAR',
    amount: 90,
    vat: 0,
    oldBalance: 462.19,
    newBalance: 372.19
  }
}

2024-05-21T21:01:14.563Z 2024-05-21T21:01:14.563Z	33dbda98-2da4-5970-a0a3-845f207d909a	INFO	SubscriptionBalanceUpdated event published

2024-05-21T21:01:14.578Z 2024-05-21T21:01:14.578Z	33dbda98-2da4-5970-a0a3-845f207d909a	ERROR	Subscription balance and payment balance are not in sync {
  userId: '30258a94-92e8-4fe1-b8e5-0033deddc1a4',
  subscriptionBalance: 372.19,
  paymentBalance: 1812.19
}

2024-05-21T21:01:14.599Z 2024-05-21T21:01:14.599Z	33dbda98-2da4-5970-a0a3-845f207d909a	INFO	Processing message fbf2c160-bcb5-4999-8f8c-81dc7a685553

2024-05-21T21:01:14.605Z 2024-05-21T21:01:14.605Z	33dbda98-2da4-5970-a0a3-845f207d909a	INFO	Start syncing the balance {
  transaction: {
    id: '01HYEFAJ7XDN8EZST4STNDH8Q9',
    type: 'DEBIT',
    source: 'MANUAL_DEDUCTION',
    action: 'DELIVERY_DEDUCTION',
    userId: '5f393f89-d82d-4a78-aa06-bd7a64209eed',
    paymentBalance: 1800,
    updatePaymentBalance: true,
    metadata: '{"walletId":"wallet#5f393f89-d82d-4a78-aa06-bd7a64209eed","deliveryId":"08d434a6-ae04-4446-acc6-c24c612b4a5f","walletSk":"08d434a6-ae04-4446-acc6-c24c612b4a5f"}',
    currency: 'SAR',
    amount: 90,
    vat: 0,
    oldBalance: 1890,
    newBalance: 1800
  }
}

2024-05-21T21:01:14.643Z 2024-05-21T21:01:14.643Z	33dbda98-2da4-5970-a0a3-845f207d909a	INFO	SubscriptionBalanceUpdated event published

2024-05-21T21:01:14.660Z END RequestId: 33dbda98-2da4-5970-a0a3-845f207d909a

2024-05-21T21:01:14.660Z REPORT RequestId: 33dbda98-2da4-5970-a0a3-845f207d909a	Duration: 938.14 ms	Billed Duration: 939 ms	Memory Size: 1024 MB	Max Memory Used: 147 MB	
XRAY TraceId: 1-664d0b99-5f5ad2e258575c62a1b7418d	SegmentId: 437c7c616b7cc0c1	Sampled: true	

2024-05-21T21:01:14.763Z START RequestId: 1aa9d699-ecae-57d0-99a4-885ee174d0b7 Version: $LATEST

2024-05-21T21:01:14.794Z 2024-05-21T21:01:14.794Z	1aa9d699-ecae-57d0-99a4-885ee174d0b7	INFO	Processing message 2f753c4a-a9a9-4704-9dd9-e23be540f4c5

2024-05-21T21:01:14.799Z 2024-05-21T21:01:14.799Z	1aa9d699-ecae-57d0-99a4-885ee174d0b7	INFO	Start syncing the balance {
  transaction: {
    id: '01HYEFAM5TM38FPRK5XYJ1E98V',
    type: 'DEBIT',
    source: 'MANUAL_DEDUCTION',
    action: 'DELIVERY_DEDUCTION',
    userId: '89b26fd6-e392-42a5-93c4-ca1216e9fa14',
    paymentBalance: 1270,
    updatePaymentBalance: true,
    metadata: '{"walletId":"wallet#89b26fd6-e392-42a5-93c4-ca1216e9fa14","deliveryId":"d0c79e45-ab6e-483b-8b57-245754aa15c2","walletSk":"d0c79e45-ab6e-483b-8b57-245754aa15c2"}',
    currency: 'SAR',
    amount: 80,
    vat: 0,
    oldBalance: 3150,
    newBalance: 3070
  }
}

2024-05-21T21:01:14.837Z 2024-05-21T21:01:14.837Z	1aa9d699-ecae-57d0-99a4-885ee174d0b7	INFO	SubscriptionBalanceUpdated event published

2024-05-21T21:01:14.849Z 2024-05-21T21:01:14.849Z	1aa9d699-ecae-57d0-99a4-885ee174d0b7	ERROR	Subscription balance and payment balance are not in sync {
  userId: '89b26fd6-e392-42a5-93c4-ca1216e9fa14',
  subscriptionBalance: 3070,
  paymentBalance: 1270
}

2024-05-21T21:01:14.863Z 2024-05-21T21:01:14.863Z	1aa9d699-ecae-57d0-99a4-885ee174d0b7	INFO	Processing message 2bffe170-aa35-4d2b-8371-1c0e894c9750

2024-05-21T21:01:14.870Z 2024-05-21T21:01:14.870Z	1aa9d699-ecae-57d0-99a4-885ee174d0b7	INFO	Start syncing the balance {
  transaction: {
    id: '01HYEFAMB6P96GKBDRJ22AJAAS',
    type: 'DEBIT',
    source: 'MANUAL_DEDUCTION',
    action: 'DELIVERY_DEDUCTION',
    userId: '1b237415-c628-4342-9178-81e46ab75bbf',
    paymentBalance: 500,
    updatePaymentBalance: true,
    metadata: '{"walletId":"wallet#1b237415-c628-4342-9178-81e46ab75bbf","deliveryId":"cfeb95d6-f0d6-47e4-8e20-c36b68450cb2","walletSk":"cfeb95d6-f0d6-47e4-8e20-c36b68450cb2"}',
    currency: 'BHD',
    amount: 9,
    vat: 0,
    oldBalance: 190,
    newBalance: 181
  }
}

2024-05-21T21:01:14.918Z 2024-05-21T21:01:14.918Z	1aa9d699-ecae-57d0-99a4-885ee174d0b7	INFO	SubscriptionBalanceUpdated event published

2024-05-21T21:01:14.932Z 2024-05-21T21:01:14.932Z	1aa9d699-ecae-57d0-99a4-885ee174d0b7	ERROR	Subscription balance and payment balance are not in sync {
  userId: '1b237415-c628-4342-9178-81e46ab75bbf',
  subscriptionBalance: 181,
  paymentBalance: 500
}

