2024-01-12T13:33:26.585Z INIT_START Runtime Version: nodejs:20.v13	Runtime Version ARN: arn:aws:lambda:us-east-1::runtime:6fb7e564fae3347add879359ec92013de1e84ce02488f36ec21448277c28707c

2024-01-12T13:33:27.337Z START RequestId: 7cfc40ec-4db0-5082-a10a-1ef70c67d2c5 Version: $LATEST

2024-01-12T13:33:27.484Z 2024-01-12T13:33:27.484Z	7cfc40ec-4db0-5082-a10a-1ef70c67d2c5	INFO	Processing message 1361a500-a749-4d92-b36b-7352e875ad4b

2024-01-12T13:33:27.485Z 2024-01-12T13:33:27.485Z	7cfc40ec-4db0-5082-a10a-1ef70c67d2c5	INFO	Skipping the balance sync for create subscription, it will be synced from create subscription payment listener

2024-01-12T13:33:27.493Z END RequestId: 7cfc40ec-4db0-5082-a10a-1ef70c67d2c5

2024-01-12T13:33:27.493Z REPORT RequestId: 7cfc40ec-4db0-5082-a10a-1ef70c67d2c5	Duration: 155.64 ms	Billed Duration: 156 ms	Memory Size: 1024 MB	Max Memory Used: 102 MB	Init Duration: 749.05 ms	

2024-01-12T13:34:28.800Z START RequestId: d3712c65-2991-5e88-a50c-727e6b8510b9 Version: $LATEST

2024-01-12T13:34:28.885Z 2024-01-12T13:34:28.885Z	d3712c65-2991-5e88-a50c-727e6b8510b9	INFO	Processing message 037cc605-8662-4544-968b-daa4e3cc05eb

2024-01-12T13:34:28.921Z 2024-01-12T13:34:28.921Z	d3712c65-2991-5e88-a50c-727e6b8510b9	INFO	Start syncing the balance {
  transaction: {
    id: '01HKYY34ZJFZZ1RXNXBDKP333S',
    type: 'CREDIT',
    source: 'PAYMENT',
    action: 'REPLACE_FOOD',
    userId: 'f8c629ff-e140-4e26-b38c-f99d237959da',
    paymentBalance: 24017.4,
    updatePaymentBalance: true,
    metadata: '{"walletId":"wallet#f8c629ff-e140-4e26-b38c-f99d237959da","walletSk":"27bc99cc-118b-4702-927d-b65da8d97f0f","version":"syncBalanceSQS"}',
    currency: 'SAR',
    amount: 10,
    vat: 1.3,
    oldBalance: 24000,
    newBalance: 24008.7
  }
}

2024-01-12T13:34:29.033Z 2024-01-12T13:34:29.033Z	d3712c65-2991-5e88-a50c-727e6b8510b9	INFO	SubscriptionBalanceUpdated event published

2024-01-12T13:34:29.078Z 2024-01-12T13:34:29.078Z	d3712c65-2991-5e88-a50c-727e6b8510b9	ERROR	Subscription balance and payment balance are not in sync {
  userId: 'f8c629ff-e140-4e26-b38c-f99d237959da',
  subscriptionBalance: 24008.7,
  paymentBalance: 24017.4
}

2024-01-12T13:34:29.096Z END RequestId: d3712c65-2991-5e88-a50c-727e6b8510b9

2024-01-12T13:34:29.096Z REPORT RequestId: d3712c65-2991-5e88-a50c-727e6b8510b9	Duration: 295.81 ms	Billed Duration: 296 ms	Memory Size: 1024 MB	Max Memory Used: 104 MB	

