2024-03-26T08:46:39.853Z START RequestId: f004f041-e87e-51bf-a0c4-ae3d65d8a8df Version: $LATEST

2024-03-26T08:46:39.978Z 2024-03-26T08:46:39.978Z	f004f041-e87e-51bf-a0c4-ae3d65d8a8df	INFO	Processing message b79324a7-368a-4543-ac8d-57d68e87f307

2024-03-26T08:46:40.020Z 2024-03-26T08:46:40.020Z	f004f041-e87e-51bf-a0c4-ae3d65d8a8df	INFO	Start syncing the balance {
  transaction: {
    id: '01HSWZ1AS41H4A31VVJCXRJ0GF',
    type: 'CREDIT',
    source: 'MANUAL_ADDITION',
    action: 'CUSTOMERS_CALO_EXPERIMENTS',
    userId: '8b293101-dfef-43ed-9095-ac05a1507d34',
    paymentBalance: 80.821,
    updatePaymentBalance: true,
    metadata: '{"walletId":"wallet#8b293101-dfef-43ed-9095-ac05a1507d34","walletSk":"eb6424cc-9e2a-4ace-8f8d-98173c5e2030"}',
    currency: 'BHD',
    amount: 10,
    vat: 0,
    oldBalance: 70.821,
    newBalance: 80.821
  }
}

2024-03-26T08:46:40.120Z 2024-03-26T08:46:40.120Z	f004f041-e87e-51bf-a0c4-ae3d65d8a8df	INFO	SubscriptionBalanceUpdated event published

2024-03-26T08:46:40.176Z END RequestId: f004f041-e87e-51bf-a0c4-ae3d65d8a8df

2024-03-26T08:46:40.176Z REPORT RequestId: f004f041-e87e-51bf-a0c4-ae3d65d8a8df	Duration: 323.21 ms	Billed Duration: 324 ms	Memory Size: 1024 MB	Max Memory Used: 124 MB	

2024-03-26T08:41:52.787Z START RequestId: 29beac4d-a8af-562c-ac5b-f231242343a3 Version: $LATEST

2024-03-26T08:41:52.900Z 2024-03-26T08:41:52.900Z	29beac4d-a8af-562c-ac5b-f231242343a3	INFO	Processing message f0fdfbfd-5a30-4afc-a309-311eceedd4b8

2024-03-26T08:41:52.901Z 2024-03-26T08:41:52.901Z	29beac4d-a8af-562c-ac5b-f231242343a3	INFO	Skipping the process, Update Payment Balance Flag is set to false { transactionAction: 'PURCHASE_ADDONS_FOR_DELIVERY' }

2024-03-26T08:41:52.903Z END RequestId: 29beac4d-a8af-562c-ac5b-f231242343a3

2024-03-26T08:41:52.903Z REPORT RequestId: 29beac4d-a8af-562c-ac5b-f231242343a3	Duration: 115.85 ms	Billed Duration: 116 ms	Memory Size: 1024 MB	Max Memory Used: 124 MB	

2024-03-26T08:39:24.119Z INIT_START Runtime Version: nodejs:20.v19	Runtime Version ARN: arn:aws:lambda:us-east-1::runtime:2d68d583b872accb8815f845161e9bbabc6ac3ed4d0ab8c23e75f8788cf5444a

2024-03-26T08:39:25.164Z START RequestId: 887e5bc1-f8d8-559c-9557-05bd7330bd7b Version: $LATEST

2024-03-26T08:39:25.332Z 2024-03-26T08:39:25.332Z	887e5bc1-f8d8-559c-9557-05bd7330bd7b	INFO	Processing message 3563c26b-1bda-436e-82c9-3ded8679913d

2024-03-26T08:39:25.333Z 2024-03-26T08:39:25.333Z	887e5bc1-f8d8-559c-9557-05bd7330bd7b	INFO	Skipping the process, Update Payment Balance Flag is set to false { transactionAction: 'PURCHASE_ADDONS_FOR_DELIVERY' }

2024-03-26T08:39:25.349Z END RequestId: 887e5bc1-f8d8-559c-9557-05bd7330bd7b

2024-03-26T08:39:25.349Z REPORT RequestId: 887e5bc1-f8d8-559c-9557-05bd7330bd7b	Duration: 185.33 ms	Billed Duration: 186 ms	Memory Size: 1024 MB	Max Memory Used: 114 MB	Init Duration: 1041.58 ms	

