2024-04-01T09:40:57.677Z START RequestId: 7016ef86-a1f9-5b94-b012-b10222a4a67d Version: $LATEST

2024-04-01T09:40:57.709Z 2024-04-01T09:40:57.709Z	7016ef86-a1f9-5b94-b012-b10222a4a67d	INFO	Processing message 77919314-ba9c-4fcb-af8e-423465974d8f

2024-04-01T09:40:57.718Z 2024-04-01T09:40:57.718Z	7016ef86-a1f9-5b94-b012-b10222a4a67d	INFO	Start syncing the balance {
  transaction: {
    id: '01HTCGH2FPQX0AE5JMNDJWSZDA',
    type: 'CREDIT',
    source: 'MANUAL_ADDITION',
    action: 'CUSTOMERS_CALO_EXPERIMENTS',
    userId: '75f83a6d-9de4-4abb-a03e-94885a97ecb1',
    paymentBalance: 824,
    updatePaymentBalance: true,
    metadata: '{"walletId":"wallet#75f83a6d-9de4-4abb-a03e-94885a97ecb1","walletSk":"eeb31c33-dffb-4697-8ec4-a58034bda5d8"}',
    currency: 'BHD',
    amount: 25.2,
    vat: 0,
    oldBalance: 226.8,
    newBalance: 252
  }
}

2024-04-01T09:40:57.783Z 2024-04-01T09:40:57.783Z	7016ef86-a1f9-5b94-b012-b10222a4a67d	INFO	SubscriptionBalanceUpdated event published

2024-04-01T09:40:57.800Z 2024-04-01T09:40:57.800Z	7016ef86-a1f9-5b94-b012-b10222a4a67d	ERROR	Subscription balance and payment balance are not in sync {
  userId: '75f83a6d-9de4-4abb-a03e-94885a97ecb1',
  subscriptionBalance: 252,
  paymentBalance: 824
}

2024-04-01T09:40:57.838Z END RequestId: 7016ef86-a1f9-5b94-b012-b10222a4a67d

2024-04-01T09:40:57.838Z REPORT RequestId: 7016ef86-a1f9-5b94-b012-b10222a4a67d	Duration: 161.35 ms	Billed Duration: 162 ms	Memory Size: 1024 MB	Max Memory Used: 116 MB	
XRAY TraceId: 1-660a8129-1f24fd6d7599cdc0657422b8	SegmentId: 6c73f4076eb91159	Sampled: true	

2024-04-01T09:40:51.350Z INIT_START Runtime Version: nodejs:20.v19	Runtime Version ARN: arn:aws:lambda:us-east-1::runtime:2d68d583b872accb8815f845161e9bbabc6ac3ed4d0ab8c23e75f8788cf5444a

2024-04-01T09:40:52.373Z START RequestId: 02a4c524-c8cb-5cbd-b1f2-9ba04b9a2b80 Version: $LATEST

2024-04-01T09:40:52.518Z 2024-04-01T09:40:52.518Z	02a4c524-c8cb-5cbd-b1f2-9ba04b9a2b80	INFO	Processing message 755b0465-ed8a-43ad-b924-417879b4e7e6

2024-04-01T09:40:52.579Z 2024-04-01T09:40:52.579Z	02a4c524-c8cb-5cbd-b1f2-9ba04b9a2b80	INFO	Start syncing the balance {
  transaction: {
    id: '01HTCGGVW9QEFVE0N2MQHGMPTA',
    type: 'CREDIT',
    source: 'PAYMENT',
    action: 'RENEW_SUBSCRIPTION',
    userId: '75f83a6d-9de4-4abb-a03e-94885a97ecb1',
    paymentBalance: 798.8,
    updatePaymentBalance: true,
    metadata: '{"walletId":"wallet#75f83a6d-9de4-4abb-a03e-94885a97ecb1","planType":"weightLossChallenge","goal":"maintainWeight","eventSessionId":"c238e360-57e0-4b5d-832c-7914d91b6dec","walletSk":"3a50a6c6-6b90-4c3e-98f0-bc56b2a6cce6","deliveryTime":"morning","dietType":"weight-loss","renewalDate":"2024-04-03","type":"userRenew","frequency":"monthly","subscriptionCost":252,"version2":true,"addonCosts":"{}","nextPlan":"{\\"id\\":\\"weightLossChallenge\\",\\"pricePerDay\\":9,\\"foodType\\":[\\"breakfast\\",\\"lunch\\",\\"dinner\\",\\"salad\\",\\"salad\\",\\"snack\\",\\"snack\\"],\\"frequency\\":\\"monthly\\",\\"dietType\\":\\"weight-loss\\",\\"type\\":\\"DATE_RANGE\\",\\"planPrice\\":252,\\"startDate\\":\\"2024-04-03\\",\\"tier\\":\\"personalized\\",\\"deliveryDays\\":[0,1,2,3,4,5,6]}","addonSubscription":"[]"}',
    currency: 'BHD',
    amount: 249.48,
    vat: 22.68,
    oldBalance: 0,
    newBalance: 226.8
  }
}

2024-04-01T09:40:52.689Z 2024-04-01T09:40:52.689Z	02a4c524-c8cb-5cbd-b1f2-9ba04b9a2b80	INFO	SubscriptionBalanceUpdated event published

2024-04-01T09:40:52.740Z 2024-04-01T09:40:52.740Z	02a4c524-c8cb-5cbd-b1f2-9ba04b9a2b80	ERROR	Subscription balance and payment balance are not in sync {
  userId: '75f83a6d-9de4-4abb-a03e-94885a97ecb1',
  subscriptionBalance: 226.8,
  paymentBalance: 798.8
}

2024-04-01T09:40:52.760Z END RequestId: 02a4c524-c8cb-5cbd-b1f2-9ba04b9a2b80

2024-04-01T09:40:52.760Z REPORT RequestId: 02a4c524-c8cb-5cbd-b1f2-9ba04b9a2b80	Duration: 386.82 ms	Billed Duration: 387 ms	Memory Size: 1024 MB	Max Memory Used: 115 MB	Init Duration: 1022.18 ms	

