2024-04-15T07:50:19.032Z INIT_START Runtime Version: nodejs:20.v19	Runtime Version ARN: arn:aws:lambda:us-east-1::runtime:2d68d583b872accb8815f845161e9bbabc6ac3ed4d0ab8c23e75f8788cf5444a

2024-04-15T07:50:20.068Z START RequestId: b06ce408-4794-58de-8edf-ba9e99fba3a0 Version: $LATEST

2024-04-15T07:50:20.207Z 2024-04-15T07:50:20.207Z	b06ce408-4794-58de-8edf-ba9e99fba3a0	INFO	Processing message 960c7132-e105-49c5-8489-f6fd87614757

2024-04-15T07:50:20.270Z 2024-04-15T07:50:20.270Z	b06ce408-4794-58de-8edf-ba9e99fba3a0	INFO	Start syncing the balance {
  transaction: {
    id: '01HVGBRGBWE18ZTYFVRDD61EF4',
    type: 'DEBIT',
    source: 'MANUAL_DEDUCTION',
    action: 'INVAILID_ENTRY',
    userId: '0c2fd1eb-2c53-4fe5-83f3-e75d2cedab71',
    paymentBalance: 5.545,
    updatePaymentBalance: true,
    metadata: '{"walletId":"wallet#0c2fd1eb-2c53-4fe5-83f3-e75d2cedab71","walletSk":"be119c83-12b9-4f6f-9124-fa09b840f433"}',
    currency: 'BHD',
    amount: 45.455,
    vat: 0,
    oldBalance: 51,
    newBalance: 5.545
  }
}

2024-04-15T07:50:20.382Z 2024-04-15T07:50:20.382Z	b06ce408-4794-58de-8edf-ba9e99fba3a0	INFO	SubscriptionBalanceUpdated event published

2024-04-15T07:50:20.422Z END RequestId: b06ce408-4794-58de-8edf-ba9e99fba3a0

2024-04-15T07:50:20.422Z REPORT RequestId: b06ce408-4794-58de-8edf-ba9e99fba3a0	Duration: 354.59 ms	Billed Duration: 355 ms	Memory Size: 1024 MB	Max Memory Used: 114 MB	Init Duration: 1034.84 ms	

