2024-02-13T21:01:21.710Z START RequestId: 2dff67c5-d751-5085-9d08-39800db0da58 Version: $LATEST

2024-02-13T21:01:21.740Z 2024-02-13T21:01:21.740Z	2dff67c5-d751-5085-9d08-39800db0da58	INFO	Processing message d68048ff-ef52-464c-86e6-e926e4a1ef10

2024-02-13T21:01:21.745Z 2024-02-13T21:01:21.745Z	2dff67c5-d751-5085-9d08-39800db0da58	INFO	Start syncing the balance {
  transaction: {
    id: '01HPJ4CDJPENS1C6HQBEK8C2PA',
    type: 'DEBIT',
    source: 'MANUAL_DEDUCTION',
    action: 'DELIVERY_DEDUCTION',
    userId: 'e6087af9-b2a3-41a6-8322-9630d0e35923',
    paymentBalance: 144,
    updatePaymentBalance: true,
    metadata: '{"walletId":"wallet#e6087af9-b2a3-41a6-8322-9630d0e35923","deliveryId":"f7f25104-4b9b-4745-8d40-d4870495607f","walletSk":"f7f25104-4b9b-4745-8d40-d4870495607f"}',
    currency: 'BHD',
    amount: 9,
    vat: 0,
    oldBalance: 153,
    newBalance: 144
  }
}

2024-02-13T21:01:21.785Z 2024-02-13T21:01:21.785Z	2dff67c5-d751-5085-9d08-39800db0da58	INFO	SubscriptionBalanceUpdated event published

2024-02-13T21:01:21.801Z END RequestId: 2dff67c5-d751-5085-9d08-39800db0da58

2024-02-13T21:01:21.801Z REPORT RequestId: 2dff67c5-d751-5085-9d08-39800db0da58	Duration: 91.83 ms	Billed Duration: 92 ms	Memory Size: 1024 MB	Max Memory Used: 119 MB	

2024-02-13T21:01:21.958Z START RequestId: 5566e871-35ef-571a-98b1-b634ef0e5dc7 Version: $LATEST

2024-02-13T21:01:21.980Z 2024-02-13T21:01:21.980Z	5566e871-35ef-571a-98b1-b634ef0e5dc7	INFO	Processing message 11440abf-d37c-4de0-9bad-8cef67f64c58

2024-02-13T21:01:21.985Z 2024-02-13T21:01:21.985Z	5566e871-35ef-571a-98b1-b634ef0e5dc7	INFO	Start syncing the balance {
  transaction: {
    id: '01HPJ4CE211A7DXATWM0D6ED0A',
    type: 'DEBIT',
    source: 'MANUAL_DEDUCTION',
    action: 'DELIVERY_DEDUCTION',
    userId: 'a72b531c-1fb0-46b5-bcc8-e28902c88861',
    paymentBalance: 900,
    updatePaymentBalance: true,
    metadata: '{"walletId":"wallet#a72b531c-1fb0-46b5-bcc8-e28902c88861","deliveryId":"d0993583-3af3-4e53-ada8-3aebe0b6df92","walletSk":"d0993583-3af3-4e53-ada8-3aebe0b6df92"}',
    currency: 'SAR',
    amount: 90,
    vat: 0,
    oldBalance: 990,
    newBalance: 900
  }
}

2024-02-13T21:01:22.029Z 2024-02-13T21:01:22.029Z	5566e871-35ef-571a-98b1-b634ef0e5dc7	INFO	SubscriptionBalanceUpdated event published

2024-02-13T21:01:22.046Z END RequestId: 5566e871-35ef-571a-98b1-b634ef0e5dc7

2024-02-13T21:01:22.046Z REPORT RequestId: 5566e871-35ef-571a-98b1-b634ef0e5dc7	Duration: 87.42 ms	Billed Duration: 88 ms	Memory Size: 1024 MB	Max Memory Used: 119 MB	

2024-02-13T21:01:22.122Z START RequestId: 1e0760fa-8dec-5e4e-be4d-3ebf570e9493 Version: $LATEST

2024-02-13T21:01:22.148Z 2024-02-13T21:01:22.148Z	1e0760fa-8dec-5e4e-be4d-3ebf570e9493	INFO	Processing message f11cf3bb-3572-4a1c-a5c3-0ef3024e4877

2024-02-13T21:01:22.153Z 2024-02-13T21:01:22.153Z	1e0760fa-8dec-5e4e-be4d-3ebf570e9493	INFO	Start syncing the balance {
  transaction: {
    id: '01HPJ4CDT1EYCK0CQJY73FYFF3',
    type: 'DEBIT',
    source: 'MANUAL_DEDUCTION',
    action: 'DELIVERY_DEDUCTION',
    userId: '66fdf614-4615-4205-a971-69231a3ea8bc',
    paymentBalance: 360,
    updatePaymentBalance: true,
    metadata: '{"walletId":"wallet#66fdf614-4615-4205-a971-69231a3ea8bc","deliveryId":"673f4e27-42f1-46be-a5c5-6cc0de15655d","walletSk":"673f4e27-42f1-46be-a5c5-6cc0de15655d"}',
    currency: 'SAR',
    amount: 90,
    vat: 0,
    oldBalance: 450,
    newBalance: 360
  }
}

2024-02-13T21:01:22.195Z 2024-02-13T21:01:22.195Z	1e0760fa-8dec-5e4e-be4d-3ebf570e9493	INFO	SubscriptionBalanceUpdated event published

2024-02-13T21:01:22.209Z 2024-02-13T21:01:22.209Z	1e0760fa-8dec-5e4e-be4d-3ebf570e9493	INFO	Processing message 1fdea69c-5fa7-437a-a862-6eb48da65878

2024-02-13T21:01:22.214Z 2024-02-13T21:01:22.214Z	1e0760fa-8dec-5e4e-be4d-3ebf570e9493	INFO	Start syncing the balance {
  transaction: {
    id: '01HPJ4CDV1MN74YA7PB1THQQ72',
    type: 'DEBIT',
    source: 'MANUAL_DEDUCTION',
    action: 'DELIVERY_DEDUCTION',
    userId: '44845afa-7d2a-4d3c-ba5b-c4c072e3cb6b',
    paymentBalance: 450,
    updatePaymentBalance: true,
    metadata: '{"walletId":"wallet#44845afa-7d2a-4d3c-ba5b-c4c072e3cb6b","deliveryId":"ea195748-7293-4386-85ea-8f7ebc6bb46b","walletSk":"ea195748-7293-4386-85ea-8f7ebc6bb46b"}',
    currency: 'SAR',
    amount: 90,
    vat: 0,
    oldBalance: 540,
    newBalance: 450
  }
}

2024-02-13T21:01:22.263Z 2024-02-13T21:01:22.263Z	1e0760fa-8dec-5e4e-be4d-3ebf570e9493	INFO	SubscriptionBalanceUpdated event published

2024-02-13T21:01:22.277Z 2024-02-13T21:01:22.277Z	1e0760fa-8dec-5e4e-be4d-3ebf570e9493	INFO	Processing message 12f839ba-69d9-4399-8ee4-df54dad855ec

2024-02-13T21:01:22.282Z 2024-02-13T21:01:22.282Z	1e0760fa-8dec-5e4e-be4d-3ebf570e9493	INFO	Start syncing the balance {
  transaction: {
    id: '01HPJ4CDXECZ6SKVQKHZKYTDTK',
    type: 'DEBIT',
    source: 'MANUAL_DEDUCTION',
    action: 'DELIVERY_DEDUCTION',
    userId: 'a126b5dc-9261-4852-ae5a-8f49b17944a3',
    paymentBalance: 64,
    updatePaymentBalance: true,
    metadata: '{"walletId":"wallet#a126b5dc-9261-4852-ae5a-8f49b17944a3","deliveryId":"0ef2407f-13f5-438e-b7d6-3c2661e4a546","walletSk":"0ef2407f-13f5-438e-b7d6-3c2661e4a546"}',
    currency: 'BHD',
    amount: 8,
    vat: 0,
    oldBalance: 72,
    newBalance: 64
  }
}

2024-02-13T21:01:22.324Z 2024-02-13T21:01:22.324Z	1e0760fa-8dec-5e4e-be4d-3ebf570e9493	INFO	SubscriptionBalanceUpdated event published

2024-02-13T21:01:22.342Z END RequestId: 1e0760fa-8dec-5e4e-be4d-3ebf570e9493

2024-02-13T21:01:22.342Z REPORT RequestId: 1e0760fa-8dec-5e4e-be4d-3ebf570e9493	Duration: 220.25 ms	Billed Duration: 221 ms	Memory Size: 1024 MB	Max Memory Used: 119 MB	

2024-02-13T21:01:22.700Z START RequestId: 13d63a53-4eb3-5017-b108-64169451152d Version: $LATEST

2024-02-13T21:01:22.731Z 2024-02-13T21:01:22.731Z	13d63a53-4eb3-5017-b108-64169451152d	INFO	Processing message 8d9399ce-c106-4cfc-b8e2-9f5d9ab42f5c

2024-02-13T21:01:22.736Z 2024-02-13T21:01:22.736Z	13d63a53-4eb3-5017-b108-64169451152d	INFO	Start syncing the balance {
  transaction: {
    id: '01HPJ4CEHV3RW62E1ABX9JEXN7',
    type: 'DEBIT',
    source: 'MANUAL_DEDUCTION',
    action: 'DELIVERY_DEDUCTION',
    userId: 'd9e426cf-4b0b-43ed-b5ca-2a5f547c0427',
    paymentBalance: 103,
    updatePaymentBalance: true,
    metadata: '{"walletId":"wallet#d9e426cf-4b0b-43ed-b5ca-2a5f547c0427","deliveryId":"459854eb-78e2-4693-8745-e96e158ebff0","walletSk":"459854eb-78e2-4693-8745-e96e158ebff0"}',
    currency: 'BHD',
    amount: 4,
    vat: 0,
    oldBalance: 107,
    newBalance: 103
  }
}

2024-02-13T21:01:22.784Z 2024-02-13T21:01:22.784Z	13d63a53-4eb3-5017-b108-64169451152d	INFO	SubscriptionBalanceUpdated event published

2024-02-13T21:01:22.801Z END RequestId: 13d63a53-4eb3-5017-b108-64169451152d

2024-02-13T21:01:22.801Z REPORT RequestId: 13d63a53-4eb3-5017-b108-64169451152d	Duration: 101.01 ms	Billed Duration: 102 ms	Memory Size: 1024 MB	Max Memory Used: 119 MB	

2024-02-13T21:01:23.218Z START RequestId: 6c6f6501-17ab-500c-ad36-3b44cd48cad1 Version: $LATEST

2024-02-13T21:01:23.237Z 2024-02-13T21:01:23.237Z	6c6f6501-17ab-500c-ad36-3b44cd48cad1	INFO	Processing message 87fdec81-1cd6-4dcc-8eba-1935b22f8049

2024-02-13T21:01:23.242Z 2024-02-13T21:01:23.242Z	6c6f6501-17ab-500c-ad36-3b44cd48cad1	INFO	Start syncing the balance {
  transaction: {
    id: '01HPJ4CF1G34EQFYK33YADM9K5',
    type: 'DEBIT',
    source: 'MANUAL_DEDUCTION',
    action: 'DELIVERY_DEDUCTION',
    userId: '72aab299-a5df-4618-b8ca-368d38fde16f',
    paymentBalance: 64,
    updatePaymentBalance: true,
    metadata: '{"walletId":"wallet#72aab299-a5df-4618-b8ca-368d38fde16f","deliveryId":"efaa07d7-973c-4b91-b4d8-9ea9327123ef","walletSk":"efaa07d7-973c-4b91-b4d8-9ea9327123ef"}',
    currency: 'BHD',
    amount: 8,
    vat: 0,
    oldBalance: 72,
    newBalance: 64
  }
}

2024-02-13T21:01:23.287Z 2024-02-13T21:01:23.287Z	6c6f6501-17ab-500c-ad36-3b44cd48cad1	INFO	SubscriptionBalanceUpdated event published

2024-02-13T21:01:23.304Z END RequestId: 6c6f6501-17ab-500c-ad36-3b44cd48cad1

2024-02-13T21:01:23.304Z REPORT RequestId: 6c6f6501-17ab-500c-ad36-3b44cd48cad1	Duration: 86.44 ms	Billed Duration: 87 ms	Memory Size: 1024 MB	Max Memory Used: 119 MB	

2024-02-13T21:01:23.713Z START RequestId: ab4133c2-505c-528c-a964-6d878abfe7b6 Version: $LATEST

2024-02-13T21:01:23.738Z 2024-02-13T21:01:23.738Z	ab4133c2-505c-528c-a964-6d878abfe7b6	INFO	Processing message cf8ffeea-8c47-4160-8dcf-4feb6e1b4803

2024-02-13T21:01:23.743Z 2024-02-13T21:01:23.743Z	ab4133c2-505c-528c-a964-6d878abfe7b6	INFO	Start syncing the balance {
  transaction: {
    id: '01HPJ4CFC0V4BFSGCCGD3A95CP',
    type: 'DEBIT',
    source: 'MANUAL_DEDUCTION',
    action: 'DELIVERY_DEDUCTION',
    userId: '131df926-1e3f-45fc-98bb-0bc1f6804674',
    paymentBalance: 64,
    updatePaymentBalance: true,
    metadata: '{"walletId":"wallet#131df926-1e3f-45fc-98bb-0bc1f6804674","deliveryId":"b4174455-138c-4f2a-aff2-1021075c45f0","walletSk":"b4174455-138c-4f2a-aff2-1021075c45f0"}',
    currency: 'BHD',
    amount: 8,
    vat: 0,
    oldBalance: 72,
    newBalance: 64
  }
}

2024-02-13T21:01:23.785Z 2024-02-13T21:01:23.785Z	ab4133c2-505c-528c-a964-6d878abfe7b6	INFO	SubscriptionBalanceUpdated event published

2024-02-13T21:01:23.800Z END RequestId: ab4133c2-505c-528c-a964-6d878abfe7b6

2024-02-13T21:01:23.800Z REPORT RequestId: ab4133c2-505c-528c-a964-6d878abfe7b6	Duration: 87.01 ms	Billed Duration: 88 ms	Memory Size: 1024 MB	Max Memory Used: 119 MB	

2024-02-13T21:01:23.909Z START RequestId: fa2ea3b6-2f35-5105-8db7-fdf3f5d6143f Version: $LATEST

2024-02-13T21:01:23.938Z 2024-02-13T21:01:23.938Z	fa2ea3b6-2f35-5105-8db7-fdf3f5d6143f	INFO	Processing message eb89b9d6-f0c1-4399-8f92-dfcd85ee7202

2024-02-13T21:01:23.942Z 2024-02-13T21:01:23.942Z	fa2ea3b6-2f35-5105-8db7-fdf3f5d6143f	INFO	Start syncing the balance {
  transaction: {
    id: '01HPJ4CFKAHY09CGYFN9KP3JG2',
    type: 'DEBIT',
    source: 'MANUAL_DEDUCTION',
    action: 'DELIVERY_DEDUCTION',
    userId: 'abf660cd-113f-4fe2-8fff-ad9e33e54df3',
    paymentBalance: 964,
    updatePaymentBalance: true,
    metadata: '{"walletId":"wallet#abf660cd-113f-4fe2-8fff-ad9e33e54df3","deliveryId":"94212008-b20e-42d0-90df-783321c0ddbc","walletSk":"94212008-b20e-42d0-90df-783321c0ddbc"}',
    currency: 'BHD',
    amount: 4,
    vat: 0,
    oldBalance: 968,
    newBalance: 964
  }
}

2024-02-13T21:01:23.984Z 2024-02-13T21:01:23.984Z	fa2ea3b6-2f35-5105-8db7-fdf3f5d6143f	INFO	SubscriptionBalanceUpdated event published

2024-02-13T21:01:24.042Z 2024-02-13T21:01:24.042Z	fa2ea3b6-2f35-5105-8db7-fdf3f5d6143f	INFO	Processing message f15def02-ff3d-44d0-a06a-31f678f4f3a7

2024-02-13T21:01:24.046Z 2024-02-13T21:01:24.046Z	fa2ea3b6-2f35-5105-8db7-fdf3f5d6143f	INFO	Start syncing the balance {
  transaction: {
    id: '01HPJ4CFDG267S20N0T5EKT8W5',
    type: 'DEBIT',
    source: 'MANUAL_DEDUCTION',
    action: 'DELIVERY_DEDUCTION',
    userId: '6d56fc71-5f0c-42cd-a40d-ac25c15e5653',
    paymentBalance: 900,
    updatePaymentBalance: true,
    metadata: '{"walletId":"wallet#6d56fc71-5f0c-42cd-a40d-ac25c15e5653","deliveryId":"10c29f63-9800-4e9e-ba04-37f719b33870","walletSk":"10c29f63-9800-4e9e-ba04-37f719b33870"}',
    currency: 'SAR',
    amount: 90,
    vat: 0,
    oldBalance: 990,
    newBalance: 900
  }
}

2024-02-13T21:01:24.085Z 2024-02-13T21:01:24.085Z	fa2ea3b6-2f35-5105-8db7-fdf3f5d6143f	INFO	SubscriptionBalanceUpdated event published

2024-02-13T21:01:24.101Z END RequestId: fa2ea3b6-2f35-5105-8db7-fdf3f5d6143f

2024-02-13T21:01:24.101Z REPORT RequestId: fa2ea3b6-2f35-5105-8db7-fdf3f5d6143f	Duration: 192.30 ms	Billed Duration: 193 ms	Memory Size: 1024 MB	Max Memory Used: 119 MB	

2024-02-13T21:01:24.197Z START RequestId: 7269886d-b1f3-53ed-8a7a-d6286b1726d7 Version: $LATEST

2024-02-13T21:01:24.252Z 2024-02-13T21:01:24.252Z	7269886d-b1f3-53ed-8a7a-d6286b1726d7	INFO	Processing message ef24ed1f-c2b9-48fd-9f69-5841c5ebe29b

2024-02-13T21:01:24.257Z 2024-02-13T21:01:24.257Z	7269886d-b1f3-53ed-8a7a-d6286b1726d7	INFO	Start syncing the balance {
  transaction: {
    id: '01HPJ4CFSHWQP2SYSD52NZJ0ZZ',
    type: 'DEBIT',
    source: 'MANUAL_DEDUCTION',
    action: 'DELIVERY_DEDUCTION',
    userId: '14e0ddb5-9795-4886-aff1-a70683e226d7',
    paymentBalance: 120,
    updatePaymentBalance: true,
    metadata: '{"walletId":"wallet#14e0ddb5-9795-4886-aff1-a70683e226d7","deliveryId":"6b6b98f6-8fba-4dd0-a887-96b75c320b7d","walletSk":"6b6b98f6-8fba-4dd0-a887-96b75c320b7d"}',
    currency: 'BHD',
    amount: 8,
    vat: 0,
    oldBalance: 128,
    newBalance: 120
  }
}

2024-02-13T21:01:24.312Z 2024-02-13T21:01:24.312Z	7269886d-b1f3-53ed-8a7a-d6286b1726d7	INFO	SubscriptionBalanceUpdated event published

2024-02-13T21:01:24.326Z 2024-02-13T21:01:24.326Z	7269886d-b1f3-53ed-8a7a-d6286b1726d7	INFO	Processing message 64557ebd-4cf2-4417-aa6f-b416442d68ef

2024-02-13T21:01:24.330Z 2024-02-13T21:01:24.330Z	7269886d-b1f3-53ed-8a7a-d6286b1726d7	INFO	Start syncing the balance {
  transaction: {
    id: '01HPJ4CFV1AR3ZRHTNKVFNW1QM',
    type: 'DEBIT',
    source: 'MANUAL_DEDUCTION',
    action: 'DELIVERY_DEDUCTION',
    userId: '2de0042a-f334-4ec4-8515-b67bffcb7cd4',
    paymentBalance: 16,
    updatePaymentBalance: true,
    metadata: '{"walletId":"wallet#2de0042a-f334-4ec4-8515-b67bffcb7cd4","deliveryId":"a10374f1-796e-459a-af56-0201373c38f8","walletSk":"a10374f1-796e-459a-af56-0201373c38f8"}',
    currency: 'BHD',
    amount: 8,
    vat: 0,
    oldBalance: 24,
    newBalance: 16
  }
}

2024-02-13T21:01:24.369Z 2024-02-13T21:01:24.369Z	7269886d-b1f3-53ed-8a7a-d6286b1726d7	INFO	SubscriptionBalanceUpdated event published

2024-02-13T21:01:24.385Z END RequestId: 7269886d-b1f3-53ed-8a7a-d6286b1726d7

2024-02-13T21:01:24.385Z REPORT RequestId: 7269886d-b1f3-53ed-8a7a-d6286b1726d7	Duration: 188.31 ms	Billed Duration: 189 ms	Memory Size: 1024 MB	Max Memory Used: 119 MB	

2024-02-13T21:01:24.495Z START RequestId: d32c7a3e-31d0-53aa-be18-247beb341690 Version: $LATEST

2024-02-13T21:01:24.526Z 2024-02-13T21:01:24.526Z	d32c7a3e-31d0-53aa-be18-247beb341690	INFO	Processing message 0a575dba-e66a-483b-be71-98d5aba289ee

2024-02-13T21:01:24.531Z 2024-02-13T21:01:24.531Z	d32c7a3e-31d0-53aa-be18-247beb341690	INFO	Start syncing the balance {
  transaction: {
    id: '01HPJ4CGG5D5QQ6NNF0400A3Q7',
    type: 'DEBIT',
    source: 'MANUAL_DEDUCTION',
    action: 'DELIVERY_DEDUCTION',
    userId: '7a46f077-87df-49e3-b606-f37d0f061728',
    paymentBalance: 933,
    updatePaymentBalance: true,
    metadata: '{"walletId":"wallet#7a46f077-87df-49e3-b606-f37d0f061728","deliveryId":"fdb90c57-3ca0-4cf9-ae78-7761371d7bb1","walletSk":"fdb90c57-3ca0-4cf9-ae78-7761371d7bb1"}',
    currency: 'BHD',
    amount: 10,
    vat: 0,
    oldBalance: 943,
    newBalance: 933
  }
}

2024-02-13T21:01:24.571Z 2024-02-13T21:01:24.571Z	d32c7a3e-31d0-53aa-be18-247beb341690	INFO	SubscriptionBalanceUpdated event published

2024-02-13T21:01:24.586Z END RequestId: d32c7a3e-31d0-53aa-be18-247beb341690

2024-02-13T21:01:24.586Z REPORT RequestId: d32c7a3e-31d0-53aa-be18-247beb341690	Duration: 91.57 ms	Billed Duration: 92 ms	Memory Size: 1024 MB	Max Memory Used: 119 MB	

2024-02-13T21:01:24.967Z START RequestId: 22b5007a-6269-5c17-86ab-5e3fb88d96ca Version: $LATEST

2024-02-13T21:01:24.995Z 2024-02-13T21:01:24.995Z	22b5007a-6269-5c17-86ab-5e3fb88d96ca	INFO	Processing message fa45b9bd-7e90-47a6-b8f2-2c62c3d8b193

2024-02-13T21:01:24.999Z 2024-02-13T21:01:24.999Z	22b5007a-6269-5c17-86ab-5e3fb88d96ca	INFO	Start syncing the balance {
  transaction: {
    id: '01HPJ4CGGKG9KM8B446689JV35',
    type: 'DEBIT',
    source: 'MANUAL_DEDUCTION',
    action: 'DELIVERY_DEDUCTION',
    userId: '035e21a6-1dc3-4d87-bc4d-26b9dcefabbd',
    paymentBalance: 447.646,
    updatePaymentBalance: true,
    metadata: '{"walletId":"wallet#035e21a6-1dc3-4d87-bc4d-26b9dcefabbd","deliveryId":"29653dfe-e980-45c6-a0fd-9ad57e9b25c0","walletSk":"29653dfe-e980-45c6-a0fd-9ad57e9b25c0"}',
    currency: 'BHD',
    amount: 8,
    vat: 0,
    oldBalance: 159.646,
    newBalance: 151.646
  }
}

2024-02-13T21:01:25.121Z 2024-02-13T21:01:25.121Z	22b5007a-6269-5c17-86ab-5e3fb88d96ca	INFO	SubscriptionBalanceUpdated event published

2024-02-13T21:01:25.197Z 2024-02-13T21:01:25.197Z	22b5007a-6269-5c17-86ab-5e3fb88d96ca	ERROR	Subscription balance and payment balance are not in sync {
  userId: '035e21a6-1dc3-4d87-bc4d-26b9dcefabbd',
  subscriptionBalance: 151.646,
  paymentBalance: 447.646
}

2024-02-13T21:01:25.263Z END RequestId: 22b5007a-6269-5c17-86ab-5e3fb88d96ca

2024-02-13T21:01:25.263Z REPORT RequestId: 22b5007a-6269-5c17-86ab-5e3fb88d96ca	Duration: 296.00 ms	Billed Duration: 297 ms	Memory Size: 1024 MB	Max Memory Used: 119 MB	

2024-02-13T21:01:26.216Z START RequestId: 8e3f4741-dc6e-5ca6-8254-19040688a99c Version: $LATEST

2024-02-13T21:01:26.247Z 2024-02-13T21:01:26.247Z	8e3f4741-dc6e-5ca6-8254-19040688a99c	INFO	Processing message a4f21550-70fa-46c7-80cd-30afdca72fbe

2024-02-13T21:01:26.252Z 2024-02-13T21:01:26.252Z	8e3f4741-dc6e-5ca6-8254-19040688a99c	INFO	Start syncing the balance {
  transaction: {
    id: '01HPJ4CJ00H411PGQ5AVGQRXAK',
    type: 'DEBIT',
    source: 'MANUAL_DEDUCTION',
    action: 'DELIVERY_DEDUCTION',
    userId: 'a70fa231-9563-4656-93b8-9a38f42e0a2b',
    paymentBalance: 37.5,
    updatePaymentBalance: true,
    metadata: '{"walletId":"wallet#a70fa231-9563-4656-93b8-9a38f42e0a2b","deliveryId":"bd984512-2d89-486a-81ff-c61cb69d912f","walletSk":"bd984512-2d89-486a-81ff-c61cb69d912f"}',
    currency: 'KWD',
    amount: 7.5,
    vat: 0,
    oldBalance: 45,
    newBalance: 37.5
  }
}

2024-02-13T21:01:26.294Z 2024-02-13T21:01:26.294Z	8e3f4741-dc6e-5ca6-8254-19040688a99c	INFO	SubscriptionBalanceUpdated event published

2024-02-13T21:01:26.308Z END RequestId: 8e3f4741-dc6e-5ca6-8254-19040688a99c

2024-02-13T21:01:26.308Z REPORT RequestId: 8e3f4741-dc6e-5ca6-8254-19040688a99c	Duration: 91.77 ms	Billed Duration: 92 ms	Memory Size: 1024 MB	Max Memory Used: 119 MB	

2024-02-13T21:01:26.525Z START RequestId: f6ae4a83-9077-5ea1-9af2-14c64a91cb9b Version: $LATEST

2024-02-13T21:01:26.553Z 2024-02-13T21:01:26.553Z	f6ae4a83-9077-5ea1-9af2-14c64a91cb9b	INFO	Processing message ceb589ca-f847-4439-bb60-18e4e030df90

2024-02-13T21:01:26.558Z 2024-02-13T21:01:26.558Z	f6ae4a83-9077-5ea1-9af2-14c64a91cb9b	INFO	Start syncing the balance {
  transaction: {
    id: '01HPJ4CJ7D35DKX9CAERH7DGSW',
    type: 'DEBIT',
    source: 'MANUAL_DEDUCTION',
    action: 'DELIVERY_DEDUCTION',
    userId: '8a56d4a5-d3b0-47f0-a67f-01319777dee0',
    paymentBalance: 900,
    updatePaymentBalance: true,
    metadata: '{"walletId":"wallet#8a56d4a5-d3b0-47f0-a67f-01319777dee0","deliveryId":"7843e1cf-48e7-4169-b95d-16721bda2afd","walletSk":"7843e1cf-48e7-4169-b95d-16721bda2afd"}',
    currency: 'SAR',
    amount: 90,
    vat: 0,
    oldBalance: 990,
    newBalance: 900
  }
}

2024-02-13T21:01:26.600Z 2024-02-13T21:01:26.600Z	f6ae4a83-9077-5ea1-9af2-14c64a91cb9b	INFO	SubscriptionBalanceUpdated event published

2024-02-13T21:01:26.613Z 2024-02-13T21:01:26.613Z	f6ae4a83-9077-5ea1-9af2-14c64a91cb9b	INFO	Processing message 7aa78e44-0e50-43ad-a363-15952d1049b5

2024-02-13T21:01:26.618Z 2024-02-13T21:01:26.618Z	f6ae4a83-9077-5ea1-9af2-14c64a91cb9b	INFO	Start syncing the balance {
  transaction: {
    id: '01HPJ4CJF4RQ0TZDA23CJACX8R',
    type: 'DEBIT',
    source: 'MANUAL_DEDUCTION',
    action: 'DELIVERY_DEDUCTION',
    userId: 'abf660cd-113f-4fe2-8fff-ad9e33e54df3',
    paymentBalance: 960,
    updatePaymentBalance: true,
    metadata: '{"walletId":"wallet#abf660cd-113f-4fe2-8fff-ad9e33e54df3","deliveryId":"878d7249-f514-4e38-9dc1-9bae54f96515","walletSk":"878d7249-f514-4e38-9dc1-9bae54f96515"}',
    currency: 'BHD',
    amount: 4,
    vat: 0,
    oldBalance: 964,
    newBalance: 960
  }
}

2024-02-13T21:01:26.654Z 2024-02-13T21:01:26.654Z	f6ae4a83-9077-5ea1-9af2-14c64a91cb9b	INFO	SubscriptionBalanceUpdated event published

2024-02-13T21:01:26.670Z END RequestId: f6ae4a83-9077-5ea1-9af2-14c64a91cb9b

2024-02-13T21:01:26.670Z REPORT RequestId: f6ae4a83-9077-5ea1-9af2-14c64a91cb9b	Duration: 145.17 ms	Billed Duration: 146 ms	Memory Size: 1024 MB	Max Memory Used: 119 MB	

2024-02-13T21:01:26.827Z START RequestId: 105a2edd-c3ee-5c62-91eb-709819087958 Version: $LATEST

2024-02-13T21:01:26.853Z 2024-02-13T21:01:26.853Z	105a2edd-c3ee-5c62-91eb-709819087958	INFO	Processing message e3d8a003-2a77-4004-9e64-680ae0958edf

2024-02-13T21:01:26.858Z 2024-02-13T21:01:26.858Z	105a2edd-c3ee-5c62-91eb-709819087958	INFO	Start syncing the balance {
  transaction: {
    id: '01HPJ4CJFA4QJV8Y635S4B11H7',
    type: 'DEBIT',
    source: 'MANUAL_DEDUCTION',
    action: 'DELIVERY_DEDUCTION',
    userId: '4ebacdb2-8ba4-43e6-8d49-838bca5247be',
    paymentBalance: 854,
    updatePaymentBalance: true,
    metadata: '{"walletId":"wallet#4ebacdb2-8ba4-43e6-8d49-838bca5247be","deliveryId":"449f1728-6f42-4074-83ac-6248f1b4e7e7","walletSk":"449f1728-6f42-4074-83ac-6248f1b4e7e7"}',
    currency: 'BHD',
    amount: 8,
    vat: 0,
    oldBalance: 862,
    newBalance: 854
  }
}

2024-02-13T21:01:26.898Z 2024-02-13T21:01:26.898Z	105a2edd-c3ee-5c62-91eb-709819087958	INFO	SubscriptionBalanceUpdated event published

2024-02-13T21:01:26.913Z END RequestId: 105a2edd-c3ee-5c62-91eb-709819087958

2024-02-13T21:01:26.914Z REPORT RequestId: 105a2edd-c3ee-5c62-91eb-709819087958	Duration: 86.48 ms	Billed Duration: 87 ms	Memory Size: 1024 MB	Max Memory Used: 119 MB	

2024-02-13T21:01:27.214Z START RequestId: a29364cf-ed4c-5881-bb5c-3a8a37aac25c Version: $LATEST

2024-02-13T21:01:27.228Z 2024-02-13T21:01:27.228Z	a29364cf-ed4c-5881-bb5c-3a8a37aac25c	INFO	Processing message 7433fa66-0bb7-4b0b-a6e0-79f21cd573f5

2024-02-13T21:01:27.233Z 2024-02-13T21:01:27.233Z	a29364cf-ed4c-5881-bb5c-3a8a37aac25c	INFO	Start syncing the balance {
  transaction: {
    id: '01HPJ4CJYVR84XTCMVBFM6P5AJ',
    type: 'DEBIT',
    source: 'MANUAL_DEDUCTION',
    action: 'DELIVERY_DEDUCTION',
    userId: 'ffc1ae9d-3ae0-4160-94af-31a93bf4bcf4',
    paymentBalance: 68,
    updatePaymentBalance: true,
    metadata: '{"walletId":"wallet#ffc1ae9d-3ae0-4160-94af-31a93bf4bcf4","deliveryId":"44c77875-99c9-4e3e-ba04-d7bef3bca9bc","walletSk":"44c77875-99c9-4e3e-ba04-d7bef3bca9bc"}',
    currency: 'BHD',
    amount: 8,
    vat: 0,
    oldBalance: 76,
    newBalance: 68
  }
}

2024-02-13T21:01:27.277Z 2024-02-13T21:01:27.277Z	a29364cf-ed4c-5881-bb5c-3a8a37aac25c	INFO	SubscriptionBalanceUpdated event published

2024-02-13T21:01:27.293Z END RequestId: a29364cf-ed4c-5881-bb5c-3a8a37aac25c

2024-02-13T21:01:27.293Z REPORT RequestId: a29364cf-ed4c-5881-bb5c-3a8a37aac25c	Duration: 79.22 ms	Billed Duration: 80 ms	Memory Size: 1024 MB	Max Memory Used: 119 MB	

2024-02-13T21:01:27.467Z START RequestId: e85b5193-85b4-52e1-b694-0fd65f526485 Version: $LATEST

2024-02-13T21:01:27.492Z 2024-02-13T21:01:27.492Z	e85b5193-85b4-52e1-b694-0fd65f526485	INFO	Processing message 747e42d9-d63a-4ed8-8ed9-380d13650bfb

2024-02-13T21:01:27.497Z 2024-02-13T21:01:27.497Z	e85b5193-85b4-52e1-b694-0fd65f526485	INFO	Start syncing the balance {
  transaction: {
    id: '01HPJ4CK67VGFHZJ27DG8RRK7C',
    type: 'DEBIT',
    source: 'MANUAL_DEDUCTION',
    action: 'DELIVERY_DEDUCTION',
    userId: '471c5aca-2792-43c9-a9ec-031e7ad89171',
    paymentBalance: 38.909,
    updatePaymentBalance: true,
    metadata: '{"walletId":"wallet#471c5aca-2792-43c9-a9ec-031e7ad89171","deliveryId":"c37bbc02-66b3-40ec-b6fa-402071a80fcb","walletSk":"c37bbc02-66b3-40ec-b6fa-402071a80fcb"}',
    currency: 'BHD',
    amount: 8,
    vat: 0,
    oldBalance: 46.909,
    newBalance: 38.909
  }
}

2024-02-13T21:01:27.538Z 2024-02-13T21:01:27.538Z	e85b5193-85b4-52e1-b694-0fd65f526485	INFO	SubscriptionBalanceUpdated event published

2024-02-13T21:01:27.555Z END RequestId: e85b5193-85b4-52e1-b694-0fd65f526485

2024-02-13T21:01:27.555Z REPORT RequestId: e85b5193-85b4-52e1-b694-0fd65f526485	Duration: 88.41 ms	Billed Duration: 89 ms	Memory Size: 1024 MB	Max Memory Used: 119 MB	

2024-02-13T21:01:28.216Z START RequestId: 9bb0bf5b-a8f8-5456-9524-e11e721fbe8b Version: $LATEST

2024-02-13T21:01:28.241Z 2024-02-13T21:01:28.241Z	9bb0bf5b-a8f8-5456-9524-e11e721fbe8b	INFO	Processing message 61c04637-e797-4da4-b1f6-83ed9a08b53a

2024-02-13T21:01:28.246Z 2024-02-13T21:01:28.246Z	9bb0bf5b-a8f8-5456-9524-e11e721fbe8b	INFO	Start syncing the balance {
  transaction: {
    id: '01HPJ4CKPMPA65X9N20MBYTCWN',
    type: 'DEBIT',
    source: 'MANUAL_DEDUCTION',
    action: 'DELIVERY_DEDUCTION',
    userId: '47ab60dc-452f-4f1d-a3b6-141b43198aff',
    paymentBalance: 8,
    updatePaymentBalance: true,
    metadata: '{"walletId":"wallet#47ab60dc-452f-4f1d-a3b6-141b43198aff","deliveryId":"e9b30bc7-8f61-41b0-ad90-d61141373e39","walletSk":"e9b30bc7-8f61-41b0-ad90-d61141373e39"}',
    currency: 'BHD',
    amount: 8,
    vat: 0,
    oldBalance: 16,
    newBalance: 8
  }
}

2024-02-13T21:01:28.282Z 2024-02-13T21:01:28.282Z	9bb0bf5b-a8f8-5456-9524-e11e721fbe8b	INFO	SubscriptionBalanceUpdated event published

2024-02-13T21:01:28.402Z END RequestId: 9bb0bf5b-a8f8-5456-9524-e11e721fbe8b

2024-02-13T21:01:28.402Z REPORT RequestId: 9bb0bf5b-a8f8-5456-9524-e11e721fbe8b	Duration: 186.25 ms	Billed Duration: 187 ms	Memory Size: 1024 MB	Max Memory Used: 119 MB	

2024-02-13T21:01:08.865Z START RequestId: 763726a6-6339-5137-9f3e-78e3b9ede753 Version: $LATEST

2024-02-13T21:01:08.895Z 2024-02-13T21:01:08.895Z	763726a6-6339-5137-9f3e-78e3b9ede753	INFO	Processing message 927cdf28-7412-49e7-806f-3d9464c6cb40

2024-02-13T21:01:08.901Z 2024-02-13T21:01:08.901Z	763726a6-6339-5137-9f3e-78e3b9ede753	INFO	Start syncing the balance {
  transaction: {
    id: '01HPJ4BX69B9PQQY9ZD2W9PQ2B',
    type: 'DEBIT',
    source: 'MANUAL_DEDUCTION',
    action: 'DELIVERY_DEDUCTION',
    userId: '5bc3c6b5-3049-4d37-9f04-c36bcb6de4a2',
    paymentBalance: 78240.136,
    updatePaymentBalance: true,
    metadata: '{"walletId":"wallet#5bc3c6b5-3049-4d37-9f04-c36bcb6de4a2","deliveryId":"0ce059f0-55fc-4d2b-bd0b-98329450defd","walletSk":"0ce059f0-55fc-4d2b-bd0b-98329450defd"}',
    currency: 'BHD',
    amount: 53,
    vat: 0,
    oldBalance: 78346.13636363637,
    newBalance: 78293.136
  }
}

2024-02-13T21:01:08.945Z 2024-02-13T21:01:08.945Z	763726a6-6339-5137-9f3e-78e3b9ede753	INFO	SubscriptionBalanceUpdated event published

2024-02-13T21:01:08.960Z 2024-02-13T21:01:08.960Z	763726a6-6339-5137-9f3e-78e3b9ede753	ERROR	Subscription balance and payment balance are not in sync {
  userId: '5bc3c6b5-3049-4d37-9f04-c36bcb6de4a2',
  subscriptionBalance: 78293.136,
  paymentBalance: 78240.136
}

2024-02-13T21:01:08.977Z 2024-02-13T21:01:08.977Z	763726a6-6339-5137-9f3e-78e3b9ede753	INFO	Processing message 39f10eb8-4e79-4248-ae42-9e1a1f22ace4

2024-02-13T21:01:08.982Z 2024-02-13T21:01:08.982Z	763726a6-6339-5137-9f3e-78e3b9ede753	INFO	Start syncing the balance {
  transaction: {
    id: '01HPJ4BXB9YRAAK70ZWKP6N8ST',
    type: 'DEBIT',
    source: 'MANUAL_DEDUCTION',
    action: 'DELIVERY_DEDUCTION',
    userId: '66bcce6b-da10-462a-abed-276e95661eaa',
    paymentBalance: 428,
    updatePaymentBalance: true,
    metadata: '{"walletId":"wallet#66bcce6b-da10-462a-abed-276e95661eaa","deliveryId":"33b3bc0f-ccdd-48c4-b10d-c1d2cd10c328","walletSk":"33b3bc0f-ccdd-48c4-b10d-c1d2cd10c328"}',
    currency: 'AED',
    amount: 107,
    vat: 0,
    oldBalance: 535,
    newBalance: 428
  }
}

2024-02-13T21:01:09.028Z 2024-02-13T21:01:09.028Z	763726a6-6339-5137-9f3e-78e3b9ede753	INFO	SubscriptionBalanceUpdated event published

2024-02-13T21:01:09.041Z 2024-02-13T21:01:09.041Z	763726a6-6339-5137-9f3e-78e3b9ede753	INFO	Processing message d008334b-666b-4e60-81b1-7e39c4833585

2024-02-13T21:01:09.046Z 2024-02-13T21:01:09.046Z	763726a6-6339-5137-9f3e-78e3b9ede753	INFO	Start syncing the balance {
  transaction: {
    id: '01HPJ4BXVTATCWQY9YPPCDW3N8',
    type: 'DEBIT',
    source: 'MANUAL_DEDUCTION',
    action: 'DELIVERY_DEDUCTION',
    userId: 'a19f1f44-2782-4e7f-8826-f3f3ef589ea8',
    paymentBalance: 1170,
    updatePaymentBalance: true,
    metadata: '{"walletId":"wallet#a19f1f44-2782-4e7f-8826-f3f3ef589ea8","deliveryId":"5a5b819e-7e26-411e-855d-28ec3d2c80c5","walletSk":"5a5b819e-7e26-411e-855d-28ec3d2c80c5"}',
    currency: 'SAR',
    amount: 90,
    vat: 0,
    oldBalance: 1260,
    newBalance: 1170
  }
}

2024-02-13T21:01:09.090Z 2024-02-13T21:01:09.090Z	763726a6-6339-5137-9f3e-78e3b9ede753	INFO	SubscriptionBalanceUpdated event published

2024-02-13T21:01:09.104Z 2024-02-13T21:01:09.104Z	763726a6-6339-5137-9f3e-78e3b9ede753	INFO	Processing message c9098b86-db97-422e-8288-15ecc77c167c

2024-02-13T21:01:09.109Z 2024-02-13T21:01:09.109Z	763726a6-6339-5137-9f3e-78e3b9ede753	INFO	Start syncing the balance {
  transaction: {
    id: '01HPJ4BXW503GWS6HVGHD4NMYP',
    type: 'DEBIT',
    source: 'MANUAL_DEDUCTION',
    action: 'DELIVERY_DEDUCTION',
    userId: '92bad53a-ed04-4827-87ac-eba49d16e61e',
    paymentBalance: 900,
    updatePaymentBalance: true,
    metadata: '{"walletId":"wallet#92bad53a-ed04-4827-87ac-eba49d16e61e","deliveryId":"821aeff0-fde8-4491-b26d-dfff321be6ce","walletSk":"821aeff0-fde8-4491-b26d-dfff321be6ce"}',
    currency: 'SAR',
    amount: 90,
    vat: 0,
    oldBalance: 990,
    newBalance: 900
  }
}

2024-02-13T21:01:09.158Z 2024-02-13T21:01:09.158Z	763726a6-6339-5137-9f3e-78e3b9ede753	INFO	SubscriptionBalanceUpdated event published

2024-02-13T21:01:09.174Z 2024-02-13T21:01:09.174Z	763726a6-6339-5137-9f3e-78e3b9ede753	INFO	Processing message 19b8985e-b927-4fda-b471-d1961fb28251

2024-02-13T21:01:09.181Z 2024-02-13T21:01:09.181Z	763726a6-6339-5137-9f3e-78e3b9ede753	INFO	Start syncing the balance {
  transaction: {
    id: '01HPJ4BXPJBXKBHXJ2HDE8Y5SR',
    type: 'DEBIT',
    source: 'MANUAL_DEDUCTION',
    action: 'DELIVERY_DEDUCTION',
    userId: '954a7216-210a-49d5-8f1e-e2d84f1b8c05',
    paymentBalance: 0,
    updatePaymentBalance: true,
    metadata: '{"walletId":"wallet#954a7216-210a-49d5-8f1e-e2d84f1b8c05","deliveryId":"c5587e4e-df1f-44ee-bc1f-ca8f693b6268","walletSk":"c5587e4e-df1f-44ee-bc1f-ca8f693b6268"}',
    currency: 'BHD',
    amount: 8,
    vat: 0,
    oldBalance: 8,
    newBalance: 0
  }
}

2024-02-13T21:01:09.225Z 2024-02-13T21:01:09.225Z	763726a6-6339-5137-9f3e-78e3b9ede753	INFO	SubscriptionBalanceUpdated event published

2024-02-13T21:01:09.240Z 2024-02-13T21:01:09.240Z	763726a6-6339-5137-9f3e-78e3b9ede753	INFO	Processing message d1e01b8f-6ec0-41c4-86da-2591d501f152

2024-02-13T21:01:09.246Z 2024-02-13T21:01:09.246Z	763726a6-6339-5137-9f3e-78e3b9ede753	INFO	Start syncing the balance {
  transaction: {
    id: '01HPJ4BXPX0JCDRQ53KPPBMQK7',
    type: 'DEBIT',
    source: 'MANUAL_DEDUCTION',
    action: 'DELIVERY_DEDUCTION',
    userId: '383f0a7e-4daa-4294-ae9f-cafbddbb408e',
    paymentBalance: 44.5,
    updatePaymentBalance: true,
    metadata: '{"walletId":"wallet#383f0a7e-4daa-4294-ae9f-cafbddbb408e","deliveryId":"56c8c73e-c425-4a91-8694-0252a03dda02","walletSk":"56c8c73e-c425-4a91-8694-0252a03dda02"}',
    currency: 'BHD',
    amount: 8,
    vat: 0,
    oldBalance: 60.5,
    newBalance: 52.5
  }
}

2024-02-13T21:01:09.290Z 2024-02-13T21:01:09.290Z	763726a6-6339-5137-9f3e-78e3b9ede753	INFO	SubscriptionBalanceUpdated event published

2024-02-13T21:01:09.305Z 2024-02-13T21:01:09.305Z	763726a6-6339-5137-9f3e-78e3b9ede753	ERROR	Subscription balance and payment balance are not in sync {
  userId: '383f0a7e-4daa-4294-ae9f-cafbddbb408e',
  subscriptionBalance: 52.5,
  paymentBalance: 44.5
}

2024-02-13T21:01:09.325Z 2024-02-13T21:01:09.325Z	763726a6-6339-5137-9f3e-78e3b9ede753	INFO	Processing message 196662a6-4044-44b5-ab7e-2e435647e5ba

2024-02-13T21:01:09.330Z 2024-02-13T21:01:09.330Z	763726a6-6339-5137-9f3e-78e3b9ede753	INFO	Start syncing the balance {
  transaction: {
    id: '01HPJ4BXSW1W4BMFK1G26D9TH3',
    type: 'DEBIT',
    source: 'MANUAL_DEDUCTION',
    action: 'DELIVERY_DEDUCTION',
    userId: '4b1b0190-24ad-4fcb-a590-1459ab5da802',
    paymentBalance: 450,
    updatePaymentBalance: true,
    metadata: '{"walletId":"wallet#4b1b0190-24ad-4fcb-a590-1459ab5da802","deliveryId":"05c685af-8c49-4be8-94b4-8768ae9c4247","walletSk":"05c685af-8c49-4be8-94b4-8768ae9c4247"}',
    currency: 'SAR',
    amount: 90,
    vat: 0,
    oldBalance: 540,
    newBalance: 450
  }
}

2024-02-13T21:01:09.373Z 2024-02-13T21:01:09.373Z	763726a6-6339-5137-9f3e-78e3b9ede753	INFO	SubscriptionBalanceUpdated event published

2024-02-13T21:01:09.389Z 2024-02-13T21:01:09.389Z	763726a6-6339-5137-9f3e-78e3b9ede753	INFO	Processing message 2ba41bda-31ca-495b-978d-527824a53454

2024-02-13T21:01:09.394Z 2024-02-13T21:01:09.394Z	763726a6-6339-5137-9f3e-78e3b9ede753	INFO	Start syncing the balance {
  transaction: {
    id: '01HPJ4BY63DYSBN1BBE0QVZAWX',
    type: 'DEBIT',
    source: 'MANUAL_DEDUCTION',
    action: 'DELIVERY_DEDUCTION',
    userId: 'b2dc5001-0a7d-4eed-8357-b7ee732cf707',
    paymentBalance: 0,
    updatePaymentBalance: true,
    metadata: '{"walletId":"wallet#b2dc5001-0a7d-4eed-8357-b7ee732cf707","deliveryId":"d4528a72-4633-4170-815f-832c87715fbf","walletSk":"d4528a72-4633-4170-815f-832c87715fbf"}',
    currency: 'BHD',
    amount: 8,
    vat: 0,
    oldBalance: 8,
    newBalance: 0
  }
}

2024-02-13T21:01:09.438Z 2024-02-13T21:01:09.438Z	763726a6-6339-5137-9f3e-78e3b9ede753	INFO	SubscriptionBalanceUpdated event published

2024-02-13T21:01:09.451Z 2024-02-13T21:01:09.451Z	763726a6-6339-5137-9f3e-78e3b9ede753	INFO	Processing message bdb0d3b5-f6fe-4627-8ef1-8261e63f80b6

2024-02-13T21:01:09.456Z 2024-02-13T21:01:09.456Z	763726a6-6339-5137-9f3e-78e3b9ede753	INFO	Start syncing the balance {
  transaction: {
    id: '01HPJ4BXZB1512EZK6QKMH82PS',
    type: 'DEBIT',
    source: 'MANUAL_DEDUCTION',
    action: 'DELIVERY_DEDUCTION',
    userId: 'a491e75e-48a6-411c-8c52-065b5b0f618e',
    paymentBalance: 810,
    updatePaymentBalance: true,
    metadata: '{"walletId":"wallet#a491e75e-48a6-411c-8c52-065b5b0f618e","deliveryId":"8cbe8789-1f48-4087-a926-057f0df38e49","walletSk":"8cbe8789-1f48-4087-a926-057f0df38e49"}',
    currency: 'SAR',
    amount: 90,
    vat: 0,
    oldBalance: 900,
    newBalance: 810
  }
}

2024-02-13T21:01:09.500Z 2024-02-13T21:01:09.500Z	763726a6-6339-5137-9f3e-78e3b9ede753	INFO	SubscriptionBalanceUpdated event published

2024-02-13T21:01:09.515Z 2024-02-13T21:01:09.515Z	763726a6-6339-5137-9f3e-78e3b9ede753	INFO	Processing message 5c5f967b-2f62-4b02-8804-154c5493182d

2024-02-13T21:01:09.520Z 2024-02-13T21:01:09.520Z	763726a6-6339-5137-9f3e-78e3b9ede753	INFO	Start syncing the balance {
  transaction: {
    id: '01HPJ4BYD7MTEP44V707C9514W',
    type: 'DEBIT',
    source: 'MANUAL_DEDUCTION',
    action: 'DELIVERY_DEDUCTION',
    userId: '60428780-69f1-4fec-a2ee-593bed3732c0',
    paymentBalance: 38.5,
    updatePaymentBalance: true,
    metadata: '{"walletId":"wallet#60428780-69f1-4fec-a2ee-593bed3732c0","deliveryId":"ba3f8853-9074-41aa-a5a5-3ab250cb1f8e","walletSk":"ba3f8853-9074-41aa-a5a5-3ab250cb1f8e"}',
    currency: 'KWD',
    amount: 3.5,
    vat: 0,
    oldBalance: 42,
    newBalance: 38.5
  }
}

2024-02-13T21:01:09.587Z 2024-02-13T21:01:09.587Z	763726a6-6339-5137-9f3e-78e3b9ede753	INFO	SubscriptionBalanceUpdated event published

2024-02-13T21:01:09.603Z END RequestId: 763726a6-6339-5137-9f3e-78e3b9ede753

2024-02-13T21:01:09.603Z REPORT RequestId: 763726a6-6339-5137-9f3e-78e3b9ede753	Duration: 738.36 ms	Billed Duration: 739 ms	Memory Size: 1024 MB	Max Memory Used: 115 MB	

2024-02-13T21:01:09.709Z START RequestId: 661a109d-2aad-59bd-86c0-4ed8f0782bd7 Version: $LATEST

2024-02-13T21:01:09.734Z 2024-02-13T21:01:09.734Z	661a109d-2aad-59bd-86c0-4ed8f0782bd7	INFO	Processing message b4a951dc-8a5c-44e2-8784-6334b44e517a

2024-02-13T21:01:09.739Z 2024-02-13T21:01:09.739Z	661a109d-2aad-59bd-86c0-4ed8f0782bd7	INFO	Start syncing the balance {
  transaction: {
    id: '01HPJ4BZDD452NTXXERGXV4D8X',
    type: 'DEBIT',
    source: 'MANUAL_DEDUCTION',
    action: 'DELIVERY_DEDUCTION',
    userId: 'a2fca693-0874-4083-b84e-1d123f19eb07',
    paymentBalance: 207.25,
    updatePaymentBalance: true,
    metadata: '{"walletId":"wallet#a2fca693-0874-4083-b84e-1d123f19eb07","deliveryId":"71050219-3220-41ee-b83c-97fddc54c924","walletSk":"71050219-3220-41ee-b83c-97fddc54c924"}',
    currency: 'BHD',
    amount: 9,
    vat: 0,
    oldBalance: 216.25,
    newBalance: 207.25
  }
}

2024-02-13T21:01:09.783Z 2024-02-13T21:01:09.783Z	661a109d-2aad-59bd-86c0-4ed8f0782bd7	INFO	SubscriptionBalanceUpdated event published

2024-02-13T21:01:09.798Z 2024-02-13T21:01:09.798Z	661a109d-2aad-59bd-86c0-4ed8f0782bd7	INFO	Processing message 8c264285-6a15-4ac8-a669-386bc12db622

2024-02-13T21:01:09.803Z 2024-02-13T21:01:09.803Z	661a109d-2aad-59bd-86c0-4ed8f0782bd7	INFO	Start syncing the balance {
  transaction: {
    id: '01HPJ4BZ81XE8A4TQBNSF6R4HS',
    type: 'DEBIT',
    source: 'MANUAL_DEDUCTION',
    action: 'DELIVERY_DEDUCTION',
    userId: '581ac5c9-5f0e-4349-aaf4-8a1660d860f5',
    paymentBalance: 180,
    updatePaymentBalance: true,
    metadata: '{"walletId":"wallet#581ac5c9-5f0e-4349-aaf4-8a1660d860f5","deliveryId":"f6e81e06-a7ab-4356-8111-5645f2b827d5","walletSk":"f6e81e06-a7ab-4356-8111-5645f2b827d5"}',
    currency: 'SAR',
    amount: 90,
    vat: 0,
    oldBalance: 270,
    newBalance: 180
  }
}

2024-02-13T21:01:09.845Z 2024-02-13T21:01:09.845Z	661a109d-2aad-59bd-86c0-4ed8f0782bd7	INFO	SubscriptionBalanceUpdated event published

2024-02-13T21:01:09.873Z 2024-02-13T21:01:09.873Z	661a109d-2aad-59bd-86c0-4ed8f0782bd7	INFO	Processing message f60e6bd0-1ea4-47e0-8806-0290183d535b

2024-02-13T21:01:09.894Z 2024-02-13T21:01:09.894Z	661a109d-2aad-59bd-86c0-4ed8f0782bd7	INFO	Start syncing the balance {
  transaction: {
    id: '01HPJ4BZHWDMH2RH5ZDF5PKF8Y',
    type: 'DEBIT',
    source: 'MANUAL_DEDUCTION',
    action: 'DELIVERY_DEDUCTION',
    userId: 'eb6875d4-8663-4dc5-8838-1148a2425c13',
    paymentBalance: 11698.435,
    updatePaymentBalance: true,
    metadata: '{"walletId":"wallet#eb6875d4-8663-4dc5-8838-1148a2425c13","deliveryId":"efe2ab62-4f74-4e94-a24d-34ca81d63fd4","walletSk":"efe2ab62-4f74-4e94-a24d-34ca81d63fd4"}',
    currency: 'BHD',
    amount: 9.818,
    vat: 0,
    oldBalance: 230.273,
    newBalance: 220.455
  }
}

2024-02-13T21:01:09.938Z 2024-02-13T21:01:09.938Z	661a109d-2aad-59bd-86c0-4ed8f0782bd7	INFO	SubscriptionBalanceUpdated event published

2024-02-13T21:01:09.953Z 2024-02-13T21:01:09.953Z	661a109d-2aad-59bd-86c0-4ed8f0782bd7	ERROR	Subscription balance and payment balance are not in sync {
  userId: 'eb6875d4-8663-4dc5-8838-1148a2425c13',
  subscriptionBalance: 220.455,
  paymentBalance: 11698.435
}

2024-02-13T21:01:09.968Z 2024-02-13T21:01:09.968Z	661a109d-2aad-59bd-86c0-4ed8f0782bd7	INFO	Processing message ceb6b76e-0fa3-4405-9942-0df77392bc09

2024-02-13T21:01:09.977Z 2024-02-13T21:01:09.977Z	661a109d-2aad-59bd-86c0-4ed8f0782bd7	INFO	Start syncing the balance {
  transaction: {
    id: '01HPJ4BZG5BT3M9QAXS1MBKGYZ',
    type: 'DEBIT',
    source: 'MANUAL_DEDUCTION',
    action: 'DELIVERY_DEDUCTION',
    userId: '95548cdd-9c30-4a34-8e13-6b526f0426da',
    paymentBalance: 4400.005,
    updatePaymentBalance: true,
    metadata: '{"walletId":"wallet#95548cdd-9c30-4a34-8e13-6b526f0426da","deliveryId":"f7c2228d-1b4f-44b7-b7bf-794ca3dbdcee","walletSk":"f7c2228d-1b4f-44b7-b7bf-794ca3dbdcee"}',
    currency: 'BHD',
    amount: 8,
    vat: 0,
    oldBalance: 192.467,
    newBalance: 184.467
  }
}

2024-02-13T21:01:10.027Z 2024-02-13T21:01:10.027Z	661a109d-2aad-59bd-86c0-4ed8f0782bd7	INFO	SubscriptionBalanceUpdated event published

2024-02-13T21:01:10.042Z 2024-02-13T21:01:10.042Z	661a109d-2aad-59bd-86c0-4ed8f0782bd7	ERROR	Subscription balance and payment balance are not in sync {
  userId: '95548cdd-9c30-4a34-8e13-6b526f0426da',
  subscriptionBalance: 184.467,
  paymentBalance: 4400.005
}

2024-02-13T21:01:10.071Z 2024-02-13T21:01:10.071Z	661a109d-2aad-59bd-86c0-4ed8f0782bd7	INFO	Processing message 452eebe6-81cb-4d53-9a05-d867882bbb78

2024-02-13T21:01:10.076Z 2024-02-13T21:01:10.076Z	661a109d-2aad-59bd-86c0-4ed8f0782bd7	INFO	Start syncing the balance {
  transaction: {
    id: '01HPJ4BZQ28KZE49FM7A9VNJ5Q',
    type: 'DEBIT',
    source: 'MANUAL_DEDUCTION',
    action: 'DELIVERY_DEDUCTION',
    userId: '8fd614d8-9638-4c66-8345-319280777aae',
    paymentBalance: 2140.491,
    updatePaymentBalance: true,
    metadata: '{"walletId":"wallet#8fd614d8-9638-4c66-8345-319280777aae","deliveryId":"460d0fb6-545b-4eaf-a04d-d9ed9cf88655","walletSk":"460d0fb6-545b-4eaf-a04d-d9ed9cf88655"}',
    currency: 'BHD',
    amount: 41.8,
    vat: 0,
    oldBalance: 650.6,
    newBalance: 608.8
  }
}

2024-02-13T21:01:10.115Z 2024-02-13T21:01:10.115Z	661a109d-2aad-59bd-86c0-4ed8f0782bd7	INFO	SubscriptionBalanceUpdated event published

2024-02-13T21:01:10.131Z 2024-02-13T21:01:10.131Z	661a109d-2aad-59bd-86c0-4ed8f0782bd7	ERROR	Subscription balance and payment balance are not in sync {
  userId: '8fd614d8-9638-4c66-8345-319280777aae',
  subscriptionBalance: 608.8,
  paymentBalance: 2140.491
}

2024-02-13T21:01:10.148Z 2024-02-13T21:01:10.148Z	661a109d-2aad-59bd-86c0-4ed8f0782bd7	INFO	Processing message 133632e9-1042-4af4-834b-62be03759920

2024-02-13T21:01:10.153Z 2024-02-13T21:01:10.153Z	661a109d-2aad-59bd-86c0-4ed8f0782bd7	INFO	Start syncing the balance {
  transaction: {
    id: '01HPJ4BZRGMVPPJ5NP81TYC6K9',
    type: 'DEBIT',
    source: 'MANUAL_DEDUCTION',
    action: 'DELIVERY_DEDUCTION',
    userId: '705f6d18-f5fe-4202-beb9-bc39461813ce',
    paymentBalance: 696,
    updatePaymentBalance: true,
    metadata: '{"walletId":"wallet#705f6d18-f5fe-4202-beb9-bc39461813ce","deliveryId":"3568c310-cd63-4a1a-91a8-af4e4ed4c06c","walletSk":"3568c310-cd63-4a1a-91a8-af4e4ed4c06c"}',
    currency: 'BHD',
    amount: 8,
    vat: 0,
    oldBalance: 704,
    newBalance: 696
  }
}

2024-02-13T21:01:10.192Z 2024-02-13T21:01:10.192Z	661a109d-2aad-59bd-86c0-4ed8f0782bd7	INFO	SubscriptionBalanceUpdated event published

2024-02-13T21:01:10.204Z 2024-02-13T21:01:10.204Z	661a109d-2aad-59bd-86c0-4ed8f0782bd7	INFO	Processing message 74e5609f-b0e6-4a9e-a830-bdc0080f7e4d

2024-02-13T21:01:10.209Z 2024-02-13T21:01:10.209Z	661a109d-2aad-59bd-86c0-4ed8f0782bd7	INFO	Start syncing the balance {
  transaction: {
    id: '01HPJ4BZNXT683KENTH3HJ3GTS',
    type: 'DEBIT',
    source: 'MANUAL_DEDUCTION',
    action: 'DELIVERY_DEDUCTION',
    userId: 'c4d5b7dc-42d2-4c13-8e18-316332146553',
    paymentBalance: 64,
    updatePaymentBalance: true,
    metadata: '{"walletId":"wallet#c4d5b7dc-42d2-4c13-8e18-316332146553","deliveryId":"51a88ac1-4061-4fed-ad91-2be8a434b9fc","walletSk":"51a88ac1-4061-4fed-ad91-2be8a434b9fc"}',
    currency: 'BHD',
    amount: 8,
    vat: 0,
    oldBalance: 72,
    newBalance: 64
  }
}

2024-02-13T21:01:10.249Z 2024-02-13T21:01:10.249Z	661a109d-2aad-59bd-86c0-4ed8f0782bd7	INFO	SubscriptionBalanceUpdated event published

2024-02-13T21:01:10.265Z 2024-02-13T21:01:10.265Z	661a109d-2aad-59bd-86c0-4ed8f0782bd7	INFO	Processing message ac81161d-c614-4401-9c56-8ec1d76713cc

2024-02-13T21:01:10.270Z 2024-02-13T21:01:10.270Z	661a109d-2aad-59bd-86c0-4ed8f0782bd7	INFO	Start syncing the balance {
  transaction: {
    id: '01HPJ4BZWBN805N3NSGFSA3DSW',
    type: 'DEBIT',
    source: 'MANUAL_DEDUCTION',
    action: 'DELIVERY_DEDUCTION',
    userId: 'e635a3ea-fc8b-46c4-b091-5480637486ad',
    paymentBalance: 1549.064,
    updatePaymentBalance: true,
    metadata: '{"walletId":"wallet#e635a3ea-fc8b-46c4-b091-5480637486ad","deliveryId":"d0521fbc-a6c5-45d2-923e-dd498e8ff201","walletSk":"d0521fbc-a6c5-45d2-923e-dd498e8ff201"}',
    currency: 'BHD',
    amount: 20.1,
    vat: 0,
    oldBalance: 1569.1645,
    newBalance: 1549.065
  }
}

2024-02-13T21:01:10.316Z 2024-02-13T21:01:10.316Z	661a109d-2aad-59bd-86c0-4ed8f0782bd7	INFO	SubscriptionBalanceUpdated event published

2024-02-13T21:01:10.331Z 2024-02-13T21:01:10.331Z	661a109d-2aad-59bd-86c0-4ed8f0782bd7	ERROR	Subscription balance and payment balance are not in sync {
  userId: 'e635a3ea-fc8b-46c4-b091-5480637486ad',
  subscriptionBalance: 1549.065,
  paymentBalance: 1549.064
}

2024-02-13T21:01:10.346Z 2024-02-13T21:01:10.346Z	661a109d-2aad-59bd-86c0-4ed8f0782bd7	INFO	Processing message f89d1de1-6ecf-4742-9085-00815656f92e

2024-02-13T21:01:10.352Z 2024-02-13T21:01:10.352Z	661a109d-2aad-59bd-86c0-4ed8f0782bd7	INFO	Start syncing the balance {
  transaction: {
    id: '01HPJ4BZWBNZX7TV2XDPYHC2NY',
    type: 'DEBIT',
    source: 'MANUAL_DEDUCTION',
    action: 'DELIVERY_DEDUCTION',
    userId: 'e5521da8-1d62-43fa-b81a-e3c9801bfe8d',
    paymentBalance: 72,
    updatePaymentBalance: true,
    metadata: '{"walletId":"wallet#e5521da8-1d62-43fa-b81a-e3c9801bfe8d","deliveryId":"25fd65fb-e18b-4c6a-9950-8aeea950ee8e","walletSk":"25fd65fb-e18b-4c6a-9950-8aeea950ee8e"}',
    currency: 'BHD',
    amount: 8,
    vat: 0,
    oldBalance: 80,
    newBalance: 72
  }
}

2024-02-13T21:01:10.394Z 2024-02-13T21:01:10.394Z	661a109d-2aad-59bd-86c0-4ed8f0782bd7	INFO	SubscriptionBalanceUpdated event published

2024-02-13T21:01:10.407Z 2024-02-13T21:01:10.407Z	661a109d-2aad-59bd-86c0-4ed8f0782bd7	INFO	Processing message 3b192ed6-f2f5-44d7-ba2d-6e31e7d59059

2024-02-13T21:01:10.412Z 2024-02-13T21:01:10.412Z	661a109d-2aad-59bd-86c0-4ed8f0782bd7	INFO	Start syncing the balance {
  transaction: {
    id: '01HPJ4BZYZZPTF05W794926JNX',
    type: 'DEBIT',
    source: 'MANUAL_DEDUCTION',
    action: 'DELIVERY_DEDUCTION',
    userId: '70a06120-33ab-4ec5-be43-5222fd0bf140',
    paymentBalance: 56,
    updatePaymentBalance: true,
    metadata: '{"walletId":"wallet#70a06120-33ab-4ec5-be43-5222fd0bf140","deliveryId":"fea4e269-7e1f-4951-a35e-715cf2d90017","walletSk":"fea4e269-7e1f-4951-a35e-715cf2d90017"}',
    currency: 'BHD',
    amount: 8,
    vat: 0,
    oldBalance: 64,
    newBalance: 56
  }
}

2024-02-13T21:01:10.453Z 2024-02-13T21:01:10.453Z	661a109d-2aad-59bd-86c0-4ed8f0782bd7	INFO	SubscriptionBalanceUpdated event published

2024-02-13T21:01:10.468Z END RequestId: 661a109d-2aad-59bd-86c0-4ed8f0782bd7

2024-02-13T21:01:10.468Z REPORT RequestId: 661a109d-2aad-59bd-86c0-4ed8f0782bd7	Duration: 759.88 ms	Billed Duration: 760 ms	Memory Size: 1024 MB	Max Memory Used: 117 MB	
XRAY TraceId: 1-65cbd895-70667b13209d4867fc536a95	SegmentId: 36b8ed672f58b9d8	Sampled: true	

2024-02-13T21:01:10.705Z START RequestId: d9fc0c23-2616-5a7c-aac3-5266fcc09c18 Version: $LATEST

2024-02-13T21:01:10.725Z 2024-02-13T21:01:10.725Z	d9fc0c23-2616-5a7c-aac3-5266fcc09c18	INFO	Processing message b97830c1-8fac-4d46-a667-bf8e5530d442

2024-02-13T21:01:10.730Z 2024-02-13T21:01:10.730Z	d9fc0c23-2616-5a7c-aac3-5266fcc09c18	INFO	Start syncing the balance {
  transaction: {
    id: '01HPJ4C2TDGVPM32N1KR24TP48',
    type: 'DEBIT',
    source: 'MANUAL_DEDUCTION',
    action: 'DELIVERY_DEDUCTION',
    userId: '4143771f-aa88-481b-8198-0cfdef9779c7',
    paymentBalance: 270,
    updatePaymentBalance: true,
    metadata: '{"walletId":"wallet#4143771f-aa88-481b-8198-0cfdef9779c7","deliveryId":"506f3d4f-c8ef-439c-bcf9-5643ad2af59f","walletSk":"506f3d4f-c8ef-439c-bcf9-5643ad2af59f"}',
    currency: 'SAR',
    amount: 90,
    vat: 0,
    oldBalance: 360,
    newBalance: 270
  }
}

2024-02-13T21:01:10.774Z 2024-02-13T21:01:10.774Z	d9fc0c23-2616-5a7c-aac3-5266fcc09c18	INFO	SubscriptionBalanceUpdated event published

2024-02-13T21:01:10.788Z END RequestId: d9fc0c23-2616-5a7c-aac3-5266fcc09c18

2024-02-13T21:01:10.788Z REPORT RequestId: d9fc0c23-2616-5a7c-aac3-5266fcc09c18	Duration: 83.31 ms	Billed Duration: 84 ms	Memory Size: 1024 MB	Max Memory Used: 117 MB	

2024-02-13T21:01:11.707Z START RequestId: eefc5573-f745-55b2-9626-0b362d929088 Version: $LATEST

2024-02-13T21:01:11.735Z 2024-02-13T21:01:11.735Z	eefc5573-f745-55b2-9626-0b362d929088	INFO	Processing message a35e747b-a5c1-4d28-9af1-8f98faf2fefd

2024-02-13T21:01:11.741Z 2024-02-13T21:01:11.741Z	eefc5573-f745-55b2-9626-0b362d929088	INFO	Start syncing the balance {
  transaction: {
    id: '01HPJ4C3J0EGVMVDQEFTPE5YJ4',
    type: 'DEBIT',
    source: 'MANUAL_DEDUCTION',
    action: 'DELIVERY_DEDUCTION',
    userId: '528c05e9-7412-4b18-b48d-a9127fe55529',
    paymentBalance: 65.001,
    updatePaymentBalance: true,
    metadata: '{"walletId":"wallet#528c05e9-7412-4b18-b48d-a9127fe55529","deliveryId":"3e1be8ee-3da2-45ae-b7c0-454f11cc5be2","walletSk":"3e1be8ee-3da2-45ae-b7c0-454f11cc5be2"}',
    currency: 'BHD',
    amount: 8,
    vat: 0,
    oldBalance: 73.001,
    newBalance: 65.001
  }
}

2024-02-13T21:01:11.785Z 2024-02-13T21:01:11.785Z	eefc5573-f745-55b2-9626-0b362d929088	INFO	SubscriptionBalanceUpdated event published

2024-02-13T21:01:11.801Z END RequestId: eefc5573-f745-55b2-9626-0b362d929088

2024-02-13T21:01:11.801Z REPORT RequestId: eefc5573-f745-55b2-9626-0b362d929088	Duration: 94.00 ms	Billed Duration: 95 ms	Memory Size: 1024 MB	Max Memory Used: 117 MB	

2024-02-13T21:01:12.588Z START RequestId: 73428ecc-7883-5ae7-b921-d089a2541fdd Version: $LATEST

2024-02-13T21:01:12.608Z 2024-02-13T21:01:12.608Z	73428ecc-7883-5ae7-b921-d089a2541fdd	INFO	Processing message 08de4643-7bec-4175-9db6-49e063a7e67e

2024-02-13T21:01:12.613Z 2024-02-13T21:01:12.613Z	73428ecc-7883-5ae7-b921-d089a2541fdd	INFO	Start syncing the balance {
  transaction: {
    id: '01HPJ4C4H008Z5WWN1NX29AK2X',
    type: 'DEBIT',
    source: 'MANUAL_DEDUCTION',
    action: 'DELIVERY_DEDUCTION',
    userId: '7ea81f9e-1a24-4664-bd94-4d88dc6fd07d',
    paymentBalance: 81.5,
    updatePaymentBalance: true,
    metadata: '{"walletId":"wallet#7ea81f9e-1a24-4664-bd94-4d88dc6fd07d","deliveryId":"5527bc61-0132-47a0-86d4-6ece9ac27224","walletSk":"5527bc61-0132-47a0-86d4-6ece9ac27224"}',
    currency: 'BHD',
    amount: 8,
    vat: 0,
    oldBalance: 89.5,
    newBalance: 81.5
  }
}

2024-02-13T21:01:12.654Z 2024-02-13T21:01:12.654Z	73428ecc-7883-5ae7-b921-d089a2541fdd	INFO	SubscriptionBalanceUpdated event published

2024-02-13T21:01:12.671Z END RequestId: 73428ecc-7883-5ae7-b921-d089a2541fdd

2024-02-13T21:01:12.671Z REPORT RequestId: 73428ecc-7883-5ae7-b921-d089a2541fdd	Duration: 83.69 ms	Billed Duration: 84 ms	Memory Size: 1024 MB	Max Memory Used: 117 MB	

2024-02-13T21:01:12.881Z START RequestId: cf52cca8-3a02-580e-b917-92ede0daca64 Version: $LATEST

2024-02-13T21:01:12.905Z 2024-02-13T21:01:12.905Z	cf52cca8-3a02-580e-b917-92ede0daca64	INFO	Processing message c931285c-ad13-40a1-91eb-43507a85e4fb

2024-02-13T21:01:12.910Z 2024-02-13T21:01:12.910Z	cf52cca8-3a02-580e-b917-92ede0daca64	INFO	Start syncing the balance {
  transaction: {
    id: '01HPJ4C4S92HT6E4NS2SZTZY6R',
    type: 'DEBIT',
    source: 'MANUAL_DEDUCTION',
    action: 'DELIVERY_DEDUCTION',
    userId: '0a57897f-fa4f-40ff-8aec-9c7958ce8351',
    paymentBalance: 40,
    updatePaymentBalance: true,
    metadata: '{"walletId":"wallet#0a57897f-fa4f-40ff-8aec-9c7958ce8351","deliveryId":"314a6915-cf6e-48fb-b2fb-35dda82bf1f9","walletSk":"314a6915-cf6e-48fb-b2fb-35dda82bf1f9"}',
    currency: 'BHD',
    amount: 8,
    vat: 0,
    oldBalance: 48,
    newBalance: 40
  }
}

2024-02-13T21:01:12.958Z 2024-02-13T21:01:12.958Z	cf52cca8-3a02-580e-b917-92ede0daca64	INFO	SubscriptionBalanceUpdated event published

2024-02-13T21:01:12.975Z END RequestId: cf52cca8-3a02-580e-b917-92ede0daca64

2024-02-13T21:01:12.975Z REPORT RequestId: cf52cca8-3a02-580e-b917-92ede0daca64	Duration: 94.44 ms	Billed Duration: 95 ms	Memory Size: 1024 MB	Max Memory Used: 117 MB	

2024-02-13T21:01:12.984Z START RequestId: dbc9efcd-fffc-579e-acd8-b1882524d2a4 Version: $LATEST

2024-02-13T21:01:13.022Z 2024-02-13T21:01:13.022Z	dbc9efcd-fffc-579e-acd8-b1882524d2a4	INFO	Processing message 6956a379-ec27-4c11-95f8-f88d54c6b593

2024-02-13T21:01:13.028Z 2024-02-13T21:01:13.028Z	dbc9efcd-fffc-579e-acd8-b1882524d2a4	INFO	Start syncing the balance {
  transaction: {
    id: '01HPJ4C589Y4PVZ2HFD1GG7TQP',
    type: 'DEBIT',
    source: 'MANUAL_DEDUCTION',
    action: 'DELIVERY_DEDUCTION',
    userId: '2c43bfa6-6b49-4228-a405-d7bf42ccacad',
    paymentBalance: 81,
    updatePaymentBalance: true,
    metadata: '{"walletId":"wallet#2c43bfa6-6b49-4228-a405-d7bf42ccacad","deliveryId":"817422ec-9f17-4c42-bf46-39b48ae3bd97","walletSk":"817422ec-9f17-4c42-bf46-39b48ae3bd97"}',
    currency: 'BHD',
    amount: 9,
    vat: 0,
    oldBalance: 90,
    newBalance: 81
  }
}

2024-02-13T21:01:13.068Z 2024-02-13T21:01:13.068Z	dbc9efcd-fffc-579e-acd8-b1882524d2a4	INFO	SubscriptionBalanceUpdated event published

2024-02-13T21:01:13.085Z END RequestId: dbc9efcd-fffc-579e-acd8-b1882524d2a4

2024-02-13T21:01:13.085Z REPORT RequestId: dbc9efcd-fffc-579e-acd8-b1882524d2a4	Duration: 101.09 ms	Billed Duration: 102 ms	Memory Size: 1024 MB	Max Memory Used: 117 MB	

2024-02-13T21:01:13.408Z START RequestId: 54996c3b-eabf-5eab-ab09-327e3067db91 Version: $LATEST

2024-02-13T21:01:13.432Z 2024-02-13T21:01:13.432Z	54996c3b-eabf-5eab-ab09-327e3067db91	INFO	Processing message dea45565-da9d-4a9b-80fc-0028c931c40b

2024-02-13T21:01:13.437Z 2024-02-13T21:01:13.437Z	54996c3b-eabf-5eab-ab09-327e3067db91	INFO	Start syncing the balance {
  transaction: {
    id: '01HPJ4C5GJXGCB8Q5R2Q957GPQ',
    type: 'DEBIT',
    source: 'MANUAL_DEDUCTION',
    action: 'DELIVERY_DEDUCTION',
    userId: '15469d49-7d54-4ea1-833c-708f679471d4',
    paymentBalance: 55,
    updatePaymentBalance: true,
    metadata: '{"walletId":"wallet#15469d49-7d54-4ea1-833c-708f679471d4","deliveryId":"7739de5d-df0b-4dfb-9f06-6790ecb2c4ca","walletSk":"7739de5d-df0b-4dfb-9f06-6790ecb2c4ca"}',
    currency: 'BHD',
    amount: 8,
    vat: 0,
    oldBalance: 63,
    newBalance: 55
  }
}

2024-02-13T21:01:13.483Z 2024-02-13T21:01:13.483Z	54996c3b-eabf-5eab-ab09-327e3067db91	INFO	SubscriptionBalanceUpdated event published

2024-02-13T21:01:13.499Z END RequestId: 54996c3b-eabf-5eab-ab09-327e3067db91

2024-02-13T21:01:13.499Z REPORT RequestId: 54996c3b-eabf-5eab-ab09-327e3067db91	Duration: 90.77 ms	Billed Duration: 91 ms	Memory Size: 1024 MB	Max Memory Used: 117 MB	

2024-02-13T21:01:13.677Z START RequestId: 77fdbc17-78f4-5dd3-b79c-e252a22dc8e9 Version: $LATEST

2024-02-13T21:01:13.708Z 2024-02-13T21:01:13.708Z	77fdbc17-78f4-5dd3-b79c-e252a22dc8e9	INFO	Processing message 6ddf2bd3-f7e1-40b3-8356-740252980a9d

2024-02-13T21:01:13.714Z 2024-02-13T21:01:13.714Z	77fdbc17-78f4-5dd3-b79c-e252a22dc8e9	INFO	Start syncing the balance {
  transaction: {
    id: '01HPJ4C5RN8SHX0FYXPN3JV0PC',
    type: 'DEBIT',
    source: 'MANUAL_DEDUCTION',
    action: 'DELIVERY_DEDUCTION',
    userId: '789e2517-7115-46a9-a260-717333a06b69',
    paymentBalance: -6,
    updatePaymentBalance: true,
    metadata: '{"walletId":"wallet#789e2517-7115-46a9-a260-717333a06b69","deliveryId":"d3e04f1d-8e82-4b4a-b00c-359115ae48b3","walletSk":"d3e04f1d-8e82-4b4a-b00c-359115ae48b3"}',
    currency: 'BHD',
    amount: 9,
    vat: 0,
    oldBalance: 12,
    newBalance: 3
  }
}

2024-02-13T21:01:13.752Z 2024-02-13T21:01:13.752Z	77fdbc17-78f4-5dd3-b79c-e252a22dc8e9	INFO	SubscriptionBalanceUpdated event published

2024-02-13T21:01:13.768Z 2024-02-13T21:01:13.768Z	77fdbc17-78f4-5dd3-b79c-e252a22dc8e9	ERROR	Subscription balance and payment balance are not in sync {
  userId: '789e2517-7115-46a9-a260-717333a06b69',
  subscriptionBalance: 3,
  paymentBalance: -6
}

2024-02-13T21:01:13.789Z END RequestId: 77fdbc17-78f4-5dd3-b79c-e252a22dc8e9

2024-02-13T21:01:13.789Z REPORT RequestId: 77fdbc17-78f4-5dd3-b79c-e252a22dc8e9	Duration: 112.23 ms	Billed Duration: 113 ms	Memory Size: 1024 MB	Max Memory Used: 117 MB	

2024-02-13T21:01:13.974Z START RequestId: 89719a18-6c3a-5f82-aa16-c45db6e3bab8 Version: $LATEST

2024-02-13T21:01:14.002Z 2024-02-13T21:01:14.002Z	89719a18-6c3a-5f82-aa16-c45db6e3bab8	INFO	Processing message 6853a9fc-538b-4f0d-a1d3-8283902f7da5

2024-02-13T21:01:14.010Z 2024-02-13T21:01:14.010Z	89719a18-6c3a-5f82-aa16-c45db6e3bab8	INFO	Start syncing the balance {
  transaction: {
    id: '01HPJ4C5ZYSFDBRQYCMZ7AWFFH',
    type: 'DEBIT',
    source: 'MANUAL_DEDUCTION',
    action: 'DELIVERY_DEDUCTION',
    userId: 'f2760655-ac6c-4a19-a85e-0cba3913eb42',
    paymentBalance: 1710,
    updatePaymentBalance: true,
    metadata: '{"walletId":"wallet#f2760655-ac6c-4a19-a85e-0cba3913eb42","deliveryId":"c005643a-0d25-43e1-8890-4f38f10fad72","walletSk":"c005643a-0d25-43e1-8890-4f38f10fad72"}',
    currency: 'SAR',
    amount: 90,
    vat: 0,
    oldBalance: 1800,
    newBalance: 1710
  }
}

2024-02-13T21:01:14.109Z 2024-02-13T21:01:14.109Z	89719a18-6c3a-5f82-aa16-c45db6e3bab8	INFO	SubscriptionBalanceUpdated event published

2024-02-13T21:01:14.127Z END RequestId: 89719a18-6c3a-5f82-aa16-c45db6e3bab8

2024-02-13T21:01:14.127Z REPORT RequestId: 89719a18-6c3a-5f82-aa16-c45db6e3bab8	Duration: 153.40 ms	Billed Duration: 154 ms	Memory Size: 1024 MB	Max Memory Used: 117 MB	

2024-02-13T21:01:14.439Z START RequestId: c317f39d-01fa-577c-90af-add8db205246 Version: $LATEST

2024-02-13T21:01:14.464Z 2024-02-13T21:01:14.464Z	c317f39d-01fa-577c-90af-add8db205246	INFO	Processing message 77c63551-5dc3-41a3-b60d-0f506887339a

2024-02-13T21:01:14.469Z 2024-02-13T21:01:14.469Z	c317f39d-01fa-577c-90af-add8db205246	INFO	Start syncing the balance {
  transaction: {
    id: '01HPJ4C68EDQ6EP23PZ4PDZFXV',
    type: 'DEBIT',
    source: 'MANUAL_DEDUCTION',
    action: 'DELIVERY_DEDUCTION',
    userId: 'a311a299-9f89-4f82-9b63-cf15944e4d42',
    paymentBalance: 207,
    updatePaymentBalance: true,
    metadata: '{"walletId":"wallet#a311a299-9f89-4f82-9b63-cf15944e4d42","deliveryId":"5236fd87-9cb2-49ea-aa20-49e90a1f3e84","walletSk":"5236fd87-9cb2-49ea-aa20-49e90a1f3e84"}',
    currency: 'BHD',
    amount: 9,
    vat: 0,
    oldBalance: 216,
    newBalance: 207
  }
}

2024-02-13T21:01:14.515Z 2024-02-13T21:01:14.515Z	c317f39d-01fa-577c-90af-add8db205246	INFO	SubscriptionBalanceUpdated event published

2024-02-13T21:01:14.528Z END RequestId: c317f39d-01fa-577c-90af-add8db205246

2024-02-13T21:01:14.528Z REPORT RequestId: c317f39d-01fa-577c-90af-add8db205246	Duration: 89.95 ms	Billed Duration: 90 ms	Memory Size: 1024 MB	Max Memory Used: 117 MB	

2024-02-13T21:01:14.788Z START RequestId: 5c0e2c90-e8dc-51a9-bcf6-72d53206f493 Version: $LATEST

2024-02-13T21:01:14.820Z 2024-02-13T21:01:14.820Z	5c0e2c90-e8dc-51a9-bcf6-72d53206f493	INFO	Processing message 2b69bad3-5e97-4f5f-96e6-20d64bedfe7b

2024-02-13T21:01:14.825Z 2024-02-13T21:01:14.825Z	5c0e2c90-e8dc-51a9-bcf6-72d53206f493	INFO	Start syncing the balance {
  transaction: {
    id: '01HPJ4C6FSSBRDD3EWM2PWSNEH',
    type: 'DEBIT',
    source: 'MANUAL_DEDUCTION',
    action: 'DELIVERY_DEDUCTION',
    userId: 'c3d5a0ac-89f2-43a6-a880-640ad2538d1a',
    paymentBalance: 76,
    updatePaymentBalance: true,
    metadata: '{"walletId":"wallet#c3d5a0ac-89f2-43a6-a880-640ad2538d1a","deliveryId":"3cba99a5-61f7-41e8-a3dd-681f3f1487b7","walletSk":"3cba99a5-61f7-41e8-a3dd-681f3f1487b7"}',
    currency: 'BHD',
    amount: 9,
    vat: 0,
    oldBalance: 85,
    newBalance: 76
  }
}

2024-02-13T21:01:14.870Z 2024-02-13T21:01:14.870Z	5c0e2c90-e8dc-51a9-bcf6-72d53206f493	INFO	SubscriptionBalanceUpdated event published

2024-02-13T21:01:14.885Z 2024-02-13T21:01:14.885Z	5c0e2c90-e8dc-51a9-bcf6-72d53206f493	INFO	Processing message a4085221-7052-4723-b483-b685e684d693

2024-02-13T21:01:14.891Z 2024-02-13T21:01:14.891Z	5c0e2c90-e8dc-51a9-bcf6-72d53206f493	INFO	Start syncing the balance {
  transaction: {
    id: '01HPJ4C6G6T2R596FPP3P7TVPH',
    type: 'DEBIT',
    source: 'MANUAL_DEDUCTION',
    action: 'DELIVERY_DEDUCTION',
    userId: '2f4fd556-537a-4e93-ae1d-be1ed7c51547',
    paymentBalance: 6180,
    updatePaymentBalance: true,
    metadata: '{"walletId":"wallet#2f4fd556-537a-4e93-ae1d-be1ed7c51547","deliveryId":"a4fe99b8-9262-4662-b586-a607b92b1049","walletSk":"a4fe99b8-9262-4662-b586-a607b92b1049"}',
    currency: 'QAR',
    amount: 120,
    vat: 0,
    oldBalance: 1500,
    newBalance: 1380
  }
}

2024-02-13T21:01:14.932Z 2024-02-13T21:01:14.932Z	5c0e2c90-e8dc-51a9-bcf6-72d53206f493	INFO	SubscriptionBalanceUpdated event published

2024-02-13T21:01:14.947Z 2024-02-13T21:01:14.947Z	5c0e2c90-e8dc-51a9-bcf6-72d53206f493	ERROR	Subscription balance and payment balance are not in sync {
  userId: '2f4fd556-537a-4e93-ae1d-be1ed7c51547',
  subscriptionBalance: 1380,
  paymentBalance: 6180
}

2024-02-13T21:01:14.966Z 2024-02-13T21:01:14.966Z	5c0e2c90-e8dc-51a9-bcf6-72d53206f493	INFO	Processing message a455cbc7-d601-4513-b582-c252d0c29d71

2024-02-13T21:01:14.971Z 2024-02-13T21:01:14.971Z	5c0e2c90-e8dc-51a9-bcf6-72d53206f493	INFO	Start syncing the balance {
  transaction: {
    id: '01HPJ4C6SN5VJ280H6WM0QZ1KX',
    type: 'DEBIT',
    source: 'MANUAL_DEDUCTION',
    action: 'DELIVERY_DEDUCTION',
    userId: '24be096d-7ff0-485f-938d-41f65f172e87',
    paymentBalance: 27,
    updatePaymentBalance: true,
    metadata: '{"walletId":"wallet#24be096d-7ff0-485f-938d-41f65f172e87","deliveryId":"ec987295-6195-4fce-a1e0-16f8cd7f0930","walletSk":"ec987295-6195-4fce-a1e0-16f8cd7f0930"}',
    currency: 'BHD',
    amount: 9,
    vat: 0,
    oldBalance: 36,
    newBalance: 27
  }
}

2024-02-13T21:01:15.016Z 2024-02-13T21:01:15.016Z	5c0e2c90-e8dc-51a9-bcf6-72d53206f493	INFO	SubscriptionBalanceUpdated event published

2024-02-13T21:01:15.034Z END RequestId: 5c0e2c90-e8dc-51a9-bcf6-72d53206f493

2024-02-13T21:01:15.034Z REPORT RequestId: 5c0e2c90-e8dc-51a9-bcf6-72d53206f493	Duration: 246.63 ms	Billed Duration: 247 ms	Memory Size: 1024 MB	Max Memory Used: 117 MB	

2024-02-13T21:01:15.151Z START RequestId: 10b7e6ff-7229-5773-934c-b8baa8f28249 Version: $LATEST

2024-02-13T21:01:15.165Z 2024-02-13T21:01:15.165Z	10b7e6ff-7229-5773-934c-b8baa8f28249	INFO	Processing message d2a45c04-d9af-4bad-890b-f2a972261b56

2024-02-13T21:01:15.170Z 2024-02-13T21:01:15.170Z	10b7e6ff-7229-5773-934c-b8baa8f28249	INFO	Start syncing the balance {
  transaction: {
    id: '01HPJ4C71B20ZBHJZJC4G8D0EQ',
    type: 'DEBIT',
    source: 'MANUAL_DEDUCTION',
    action: 'DELIVERY_DEDUCTION',
    userId: '1d12eecd-5660-42cc-bd48-8dc05704c440',
    paymentBalance: 900,
    updatePaymentBalance: true,
    metadata: '{"walletId":"wallet#1d12eecd-5660-42cc-bd48-8dc05704c440","deliveryId":"f03065b4-dd8d-42b8-8bfa-0d44d802f4a1","walletSk":"f03065b4-dd8d-42b8-8bfa-0d44d802f4a1"}',
    currency: 'SAR',
    amount: 90,
    vat: 0,
    oldBalance: 990,
    newBalance: 900
  }
}

2024-02-13T21:01:15.218Z 2024-02-13T21:01:15.218Z	10b7e6ff-7229-5773-934c-b8baa8f28249	INFO	SubscriptionBalanceUpdated event published

2024-02-13T21:01:15.234Z END RequestId: 10b7e6ff-7229-5773-934c-b8baa8f28249

2024-02-13T21:01:15.234Z REPORT RequestId: 10b7e6ff-7229-5773-934c-b8baa8f28249	Duration: 82.48 ms	Billed Duration: 83 ms	Memory Size: 1024 MB	Max Memory Used: 117 MB	

2024-02-13T21:01:15.259Z START RequestId: 0633eaaa-04fd-5952-804b-b4efde26bf36 Version: $LATEST

2024-02-13T21:01:15.287Z 2024-02-13T21:01:15.287Z	0633eaaa-04fd-5952-804b-b4efde26bf36	INFO	Processing message ba7eeee2-9cd6-4069-9d1a-ba2e70f3e948

2024-02-13T21:01:15.292Z 2024-02-13T21:01:15.292Z	0633eaaa-04fd-5952-804b-b4efde26bf36	INFO	Start syncing the balance {
  transaction: {
    id: '01HPJ4C778KVXDZKR8H0ZVCKS2',
    type: 'DEBIT',
    source: 'MANUAL_DEDUCTION',
    action: 'DELIVERY_DEDUCTION',
    userId: '67305f3f-628b-4997-83f9-1247a896127a',
    paymentBalance: 2790,
    updatePaymentBalance: true,
    metadata: '{"walletId":"wallet#67305f3f-628b-4997-83f9-1247a896127a","deliveryId":"ad122696-0b25-44a6-94f3-dbf61c8bb619","walletSk":"ad122696-0b25-44a6-94f3-dbf61c8bb619"}',
    currency: 'BHD',
    amount: 9,
    vat: 0,
    oldBalance: 2808,
    newBalance: 2799
  }
}

2024-02-13T21:01:15.338Z 2024-02-13T21:01:15.338Z	0633eaaa-04fd-5952-804b-b4efde26bf36	INFO	SubscriptionBalanceUpdated event published

2024-02-13T21:01:15.354Z 2024-02-13T21:01:15.354Z	0633eaaa-04fd-5952-804b-b4efde26bf36	ERROR	Subscription balance and payment balance are not in sync {
  userId: '67305f3f-628b-4997-83f9-1247a896127a',
  subscriptionBalance: 2799,
  paymentBalance: 2790
}

2024-02-13T21:01:15.370Z 2024-02-13T21:01:15.370Z	0633eaaa-04fd-5952-804b-b4efde26bf36	INFO	Processing message 27ffa409-e445-4b41-ab42-2c2bd5a978d7

2024-02-13T21:01:15.374Z 2024-02-13T21:01:15.374Z	0633eaaa-04fd-5952-804b-b4efde26bf36	INFO	Start syncing the balance {
  transaction: {
    id: '01HPJ4C6YVBEE75Y6CYYSVE8V6',
    type: 'DEBIT',
    source: 'MANUAL_DEDUCTION',
    action: 'DELIVERY_DEDUCTION',
    userId: '65413bc6-0755-451e-8e53-caf2833ea8b1',
    paymentBalance: 4500,
    updatePaymentBalance: true,
    metadata: '{"walletId":"wallet#65413bc6-0755-451e-8e53-caf2833ea8b1","deliveryId":"1b2ee554-f8a2-43c0-87d7-fba8c01e956c","walletSk":"1b2ee554-f8a2-43c0-87d7-fba8c01e956c"}',
    currency: 'SAR',
    amount: 90,
    vat: 0,
    oldBalance: 4590,
    newBalance: 4500
  }
}

2024-02-13T21:01:15.418Z 2024-02-13T21:01:15.418Z	0633eaaa-04fd-5952-804b-b4efde26bf36	INFO	SubscriptionBalanceUpdated event published

2024-02-13T21:01:15.432Z 2024-02-13T21:01:15.432Z	0633eaaa-04fd-5952-804b-b4efde26bf36	INFO	Processing message d08a21b1-6b6d-40b5-b4db-daac23504385

2024-02-13T21:01:15.438Z 2024-02-13T21:01:15.438Z	0633eaaa-04fd-5952-804b-b4efde26bf36	INFO	Start syncing the balance {
  transaction: {
    id: '01HPJ4C6ZVVS2KA2RAY4ZWA1BV',
    type: 'DEBIT',
    source: 'MANUAL_DEDUCTION',
    action: 'DELIVERY_DEDUCTION',
    userId: '999fad11-856f-4ac1-bf25-fd10dafb02e7',
    paymentBalance: 0,
    updatePaymentBalance: true,
    metadata: '{"walletId":"wallet#999fad11-856f-4ac1-bf25-fd10dafb02e7","deliveryId":"cb54d2eb-60d7-41d3-b4f9-4e9ccae81fc1","walletSk":"cb54d2eb-60d7-41d3-b4f9-4e9ccae81fc1"}',
    currency: 'SAR',
    amount: 90,
    vat: 0,
    oldBalance: 90,
    newBalance: 0
  }
}

2024-02-13T21:01:15.500Z 2024-02-13T21:01:15.500Z	0633eaaa-04fd-5952-804b-b4efde26bf36	INFO	SubscriptionBalanceUpdated event published

2024-02-13T21:01:15.523Z 2024-02-13T21:01:15.523Z	0633eaaa-04fd-5952-804b-b4efde26bf36	INFO	Processing message 3b6101f3-1a04-4594-9881-86e8acf5c08c

2024-02-13T21:01:15.528Z 2024-02-13T21:01:15.528Z	0633eaaa-04fd-5952-804b-b4efde26bf36	INFO	Start syncing the balance {
  transaction: {
    id: '01HPJ4C77BYVT2810ZZPSY1F9T',
    type: 'DEBIT',
    source: 'MANUAL_DEDUCTION',
    action: 'DELIVERY_DEDUCTION',
    userId: 'ca13c1e4-d692-41eb-b914-025333c89e8a',
    paymentBalance: 72,
    updatePaymentBalance: true,
    metadata: '{"walletId":"wallet#ca13c1e4-d692-41eb-b914-025333c89e8a","deliveryId":"74ac4f7e-fb9d-4b58-8d66-550fb8b73a5f","walletSk":"74ac4f7e-fb9d-4b58-8d66-550fb8b73a5f"}',
    currency: 'BHD',
    amount: 8,
    vat: 0,
    oldBalance: 80,
    newBalance: 72
  }
}

2024-02-13T21:01:15.569Z 2024-02-13T21:01:15.569Z	0633eaaa-04fd-5952-804b-b4efde26bf36	INFO	SubscriptionBalanceUpdated event published

2024-02-13T21:01:15.585Z END RequestId: 0633eaaa-04fd-5952-804b-b4efde26bf36

2024-02-13T21:01:15.585Z REPORT RequestId: 0633eaaa-04fd-5952-804b-b4efde26bf36	Duration: 326.53 ms	Billed Duration: 327 ms	Memory Size: 1024 MB	Max Memory Used: 117 MB	
XRAY TraceId: 1-65cbd89b-448bd245dabfeb550f4de34b	SegmentId: 4f2eb5815cb0f56c	Sampled: true	

2024-02-13T21:01:15.627Z START RequestId: e0953d37-85d2-5f24-94cd-63725f098940 Version: $LATEST

2024-02-13T21:01:15.653Z 2024-02-13T21:01:15.653Z	e0953d37-85d2-5f24-94cd-63725f098940	INFO	Processing message d7cc76cc-767c-4498-992a-4f6a9e92d9de

2024-02-13T21:01:15.658Z 2024-02-13T21:01:15.658Z	e0953d37-85d2-5f24-94cd-63725f098940	INFO	Start syncing the balance {
  transaction: {
    id: '01HPJ4C7G89YRQT1W8ZB921QT3',
    type: 'DEBIT',
    source: 'MANUAL_DEDUCTION',
    action: 'DELIVERY_DEDUCTION',
    userId: '5def4009-fdba-4a02-9555-9210152eb1f4',
    paymentBalance: 904,
    updatePaymentBalance: true,
    metadata: '{"walletId":"wallet#5def4009-fdba-4a02-9555-9210152eb1f4","deliveryId":"1851e144-f27f-47c4-8d7f-f1befd239bc0","walletSk":"1851e144-f27f-47c4-8d7f-f1befd239bc0"}',
    currency: 'BHD',
    amount: 4,
    vat: 0,
    oldBalance: 908,
    newBalance: 904
  }
}

2024-02-13T21:01:15.729Z 2024-02-13T21:01:15.729Z	e0953d37-85d2-5f24-94cd-63725f098940	INFO	SubscriptionBalanceUpdated event published

2024-02-13T21:01:15.746Z END RequestId: e0953d37-85d2-5f24-94cd-63725f098940

2024-02-13T21:01:15.746Z REPORT RequestId: e0953d37-85d2-5f24-94cd-63725f098940	Duration: 118.73 ms	Billed Duration: 119 ms	Memory Size: 1024 MB	Max Memory Used: 117 MB	

2024-02-13T21:01:15.858Z START RequestId: c855d3c6-91e4-523c-9ba7-8d834b3f9458 Version: $LATEST

2024-02-13T21:01:15.892Z 2024-02-13T21:01:15.892Z	c855d3c6-91e4-523c-9ba7-8d834b3f9458	INFO	Processing message 61d87d85-3090-484c-9e37-23a5b9c30084

2024-02-13T21:01:15.897Z 2024-02-13T21:01:15.897Z	c855d3c6-91e4-523c-9ba7-8d834b3f9458	INFO	Start syncing the balance {
  transaction: {
    id: '01HPJ4C7ST0JQCV0AHZXE2CDT1',
    type: 'DEBIT',
    source: 'MANUAL_DEDUCTION',
    action: 'DELIVERY_DEDUCTION',
    userId: '31e9a4bb-5f7f-4eed-81c3-dffcbeeb0eea',
    paymentBalance: 80,
    updatePaymentBalance: true,
    metadata: '{"walletId":"wallet#31e9a4bb-5f7f-4eed-81c3-dffcbeeb0eea","deliveryId":"3c861f12-e351-478c-ab75-4e71f38b5f89","walletSk":"3c861f12-e351-478c-ab75-4e71f38b5f89"}',
    currency: 'BHD',
    amount: 4,
    vat: 0,
    oldBalance: 84,
    newBalance: 80
  }
}

2024-02-13T21:01:15.940Z 2024-02-13T21:01:15.940Z	c855d3c6-91e4-523c-9ba7-8d834b3f9458	INFO	SubscriptionBalanceUpdated event published

2024-02-13T21:01:15.957Z 2024-02-13T21:01:15.957Z	c855d3c6-91e4-523c-9ba7-8d834b3f9458	INFO	Processing message 80813111-bc7a-46f3-9482-9154bc7eae9a

2024-02-13T21:01:15.962Z 2024-02-13T21:01:15.962Z	c855d3c6-91e4-523c-9ba7-8d834b3f9458	INFO	Start syncing the balance {
  transaction: {
    id: '01HPJ4C7VY5QNQAC841GBMVW80',
    type: 'DEBIT',
    source: 'MANUAL_DEDUCTION',
    action: 'DELIVERY_DEDUCTION',
    userId: 'fcc11748-a02c-411d-83ae-03a4053b8461',
    paymentBalance: 24.5,
    updatePaymentBalance: true,
    metadata: '{"walletId":"wallet#fcc11748-a02c-411d-83ae-03a4053b8461","deliveryId":"985702ee-d954-44f3-9234-d66134618e43","walletSk":"985702ee-d954-44f3-9234-d66134618e43"}',
    currency: 'BHD',
    amount: 8,
    vat: 0,
    oldBalance: 32.5,
    newBalance: 24.5
  }
}

2024-02-13T21:01:16.031Z 2024-02-13T21:01:16.031Z	c855d3c6-91e4-523c-9ba7-8d834b3f9458	INFO	SubscriptionBalanceUpdated event published

2024-02-13T21:01:16.055Z END RequestId: c855d3c6-91e4-523c-9ba7-8d834b3f9458

2024-02-13T21:01:16.055Z REPORT RequestId: c855d3c6-91e4-523c-9ba7-8d834b3f9458	Duration: 197.66 ms	Billed Duration: 198 ms	Memory Size: 1024 MB	Max Memory Used: 117 MB	

2024-02-13T21:01:16.173Z START RequestId: 6d373b91-db88-5291-8880-65d4015fe0fb Version: $LATEST

2024-02-13T21:01:16.196Z 2024-02-13T21:01:16.196Z	6d373b91-db88-5291-8880-65d4015fe0fb	INFO	Processing message 2322fedd-ed46-4ff2-85c9-dc1156cc1afc

2024-02-13T21:01:16.201Z 2024-02-13T21:01:16.201Z	6d373b91-db88-5291-8880-65d4015fe0fb	INFO	Start syncing the balance {
  transaction: {
    id: '01HPJ4C3N2JMEW8QW98F7D0CFM',
    type: 'DEBIT',
    source: 'MANUAL_DEDUCTION',
    action: 'DELIVERY_DEDUCTION',
    userId: '1676ca47-7110-4f13-8173-86ed62ef215d',
    paymentBalance: 88,
    updatePaymentBalance: true,
    metadata: '{"walletId":"wallet#1676ca47-7110-4f13-8173-86ed62ef215d","deliveryId":"c8cdb8a1-1e21-43f6-bd3a-b04ddd50f925","walletSk":"c8cdb8a1-1e21-43f6-bd3a-b04ddd50f925"}',
    currency: 'BHD',
    amount: 8,
    vat: 0,
    oldBalance: 96,
    newBalance: 88
  }
}

2024-02-13T21:01:16.245Z 2024-02-13T21:01:16.245Z	6d373b91-db88-5291-8880-65d4015fe0fb	INFO	SubscriptionBalanceUpdated event published

2024-02-13T21:01:16.262Z END RequestId: 6d373b91-db88-5291-8880-65d4015fe0fb

2024-02-13T21:01:16.262Z REPORT RequestId: 6d373b91-db88-5291-8880-65d4015fe0fb	Duration: 89.37 ms	Billed Duration: 90 ms	Memory Size: 1024 MB	Max Memory Used: 118 MB	

2024-02-13T21:01:16.923Z START RequestId: ce9fd4c1-fd90-55aa-b223-8a84274ca7c0 Version: $LATEST

2024-02-13T21:01:16.949Z 2024-02-13T21:01:16.949Z	ce9fd4c1-fd90-55aa-b223-8a84274ca7c0	INFO	Processing message f4e206db-7a92-4ec1-9dee-43988a20f0e4

2024-02-13T21:01:16.954Z 2024-02-13T21:01:16.954Z	ce9fd4c1-fd90-55aa-b223-8a84274ca7c0	INFO	Start syncing the balance {
  transaction: {
    id: '01HPJ4C8ZYKWZV7N99ZKG115A6',
    type: 'DEBIT',
    source: 'MANUAL_DEDUCTION',
    action: 'DELIVERY_DEDUCTION',
    userId: '7cbe3797-c6a1-492c-9c31-8bd1c8c38d90',
    paymentBalance: 271.953,
    updatePaymentBalance: true,
    metadata: '{"walletId":"wallet#7cbe3797-c6a1-492c-9c31-8bd1c8c38d90","deliveryId":"8b59742d-3dae-432c-a4f6-9fee533eada2","walletSk":"8b59742d-3dae-432c-a4f6-9fee533eada2"}',
    currency: 'BHD',
    amount: 11.682,
    vat: 0,
    oldBalance: 283.635,
    newBalance: 271.953
  }
}

2024-02-13T21:01:17.005Z 2024-02-13T21:01:17.005Z	ce9fd4c1-fd90-55aa-b223-8a84274ca7c0	INFO	SubscriptionBalanceUpdated event published

2024-02-13T21:01:17.019Z END RequestId: ce9fd4c1-fd90-55aa-b223-8a84274ca7c0

2024-02-13T21:01:17.019Z REPORT RequestId: ce9fd4c1-fd90-55aa-b223-8a84274ca7c0	Duration: 96.19 ms	Billed Duration: 97 ms	Memory Size: 1024 MB	Max Memory Used: 119 MB	

2024-02-13T21:01:17.417Z START RequestId: 18952aca-8a10-5410-87f8-748f50cd812a Version: $LATEST

2024-02-13T21:01:17.434Z 2024-02-13T21:01:17.434Z	18952aca-8a10-5410-87f8-748f50cd812a	INFO	Processing message d071b371-0069-40e0-9c25-2360a9e8b530

2024-02-13T21:01:17.439Z 2024-02-13T21:01:17.439Z	18952aca-8a10-5410-87f8-748f50cd812a	INFO	Start syncing the balance {
  transaction: {
    id: '01HPJ4C9D9JASCED6HZKBGJEAW',
    type: 'DEBIT',
    source: 'MANUAL_DEDUCTION',
    action: 'DELIVERY_DEDUCTION',
    userId: '6bdfe9ee-1503-4a6b-91de-79bffe4550be',
    paymentBalance: 42.5,
    updatePaymentBalance: true,
    metadata: '{"walletId":"wallet#6bdfe9ee-1503-4a6b-91de-79bffe4550be","deliveryId":"7e494e29-9ca6-4e8a-b06d-422c0f5afbe7","walletSk":"7e494e29-9ca6-4e8a-b06d-422c0f5afbe7"}',
    currency: 'BHD',
    amount: 9,
    vat: 0,
    oldBalance: 51.5,
    newBalance: 42.5
  }
}

2024-02-13T21:01:17.484Z 2024-02-13T21:01:17.484Z	18952aca-8a10-5410-87f8-748f50cd812a	INFO	SubscriptionBalanceUpdated event published

2024-02-13T21:01:17.501Z END RequestId: 18952aca-8a10-5410-87f8-748f50cd812a

2024-02-13T21:01:17.501Z REPORT RequestId: 18952aca-8a10-5410-87f8-748f50cd812a	Duration: 83.36 ms	Billed Duration: 84 ms	Memory Size: 1024 MB	Max Memory Used: 119 MB	

2024-02-13T21:01:17.532Z START RequestId: 2ceb114b-149e-597e-9a02-4f0ece43bc44 Version: $LATEST

2024-02-13T21:01:17.557Z 2024-02-13T21:01:17.557Z	2ceb114b-149e-597e-9a02-4f0ece43bc44	INFO	Processing message 3dc60c20-aba3-4e06-ba5d-6e82fafd730d

2024-02-13T21:01:17.562Z 2024-02-13T21:01:17.562Z	2ceb114b-149e-597e-9a02-4f0ece43bc44	INFO	Start syncing the balance {
  transaction: {
    id: '01HPJ4C9FF9RVJVZ9CHKRKHSS4',
    type: 'DEBIT',
    source: 'MANUAL_DEDUCTION',
    action: 'DELIVERY_DEDUCTION',
    userId: '560a6990-9572-48b5-8d03-0b67f1e26359',
    paymentBalance: 64,
    updatePaymentBalance: true,
    metadata: '{"walletId":"wallet#560a6990-9572-48b5-8d03-0b67f1e26359","deliveryId":"7ad8862b-306a-4561-9393-8d60324ad231","walletSk":"7ad8862b-306a-4561-9393-8d60324ad231"}',
    currency: 'BHD',
    amount: 8,
    vat: 0,
    oldBalance: 72,
    newBalance: 64
  }
}

2024-02-13T21:01:17.617Z 2024-02-13T21:01:17.617Z	2ceb114b-149e-597e-9a02-4f0ece43bc44	INFO	SubscriptionBalanceUpdated event published

2024-02-13T21:01:17.630Z END RequestId: 2ceb114b-149e-597e-9a02-4f0ece43bc44

2024-02-13T21:01:17.630Z REPORT RequestId: 2ceb114b-149e-597e-9a02-4f0ece43bc44	Duration: 98.75 ms	Billed Duration: 99 ms	Memory Size: 1024 MB	Max Memory Used: 119 MB	

2024-02-13T21:01:04.065Z INIT_START Runtime Version: nodejs:20.v15	Runtime Version ARN: arn:aws:lambda:us-east-1::runtime:379cd8c4d157c2e16f1b841486b613da2188da597609ef24d67497ad9c22a53e

2024-02-13T21:01:04.785Z START RequestId: 394cceec-5f42-5e6d-abbb-90a98589a809 Version: $LATEST

2024-02-13T21:01:04.945Z 2024-02-13T21:01:04.945Z	394cceec-5f42-5e6d-abbb-90a98589a809	INFO	Processing message 59c057d6-19db-4642-a253-d25f2ac80c83

2024-02-13T21:01:05.058Z 2024-02-13T21:01:05.058Z	394cceec-5f42-5e6d-abbb-90a98589a809	INFO	Start syncing the balance {
  transaction: {
    id: '01HPJ4BVBNWG2F42PAJN4D3DM6',
    type: 'DEBIT',
    source: 'MANUAL_DEDUCTION',
    action: 'DELIVERY_DEDUCTION',
    userId: 'e8990a0b-9d19-439a-b2db-be43088e1e6f',
    paymentBalance: 71.637,
    updatePaymentBalance: true,
    metadata: '{"walletId":"wallet#e8990a0b-9d19-439a-b2db-be43088e1e6f","deliveryId":"61c9bf7b-d060-4947-ab04-520a1e2c7d7e","walletSk":"61c9bf7b-d060-4947-ab04-520a1e2c7d7e"}',
    currency: 'BHD',
    amount: 8,
    vat: 0,
    oldBalance: 79.637,
    newBalance: 71.637
  }
}

2024-02-13T21:01:05.158Z 2024-02-13T21:01:05.158Z	394cceec-5f42-5e6d-abbb-90a98589a809	INFO	SubscriptionBalanceUpdated event published

2024-02-13T21:01:05.210Z END RequestId: 394cceec-5f42-5e6d-abbb-90a98589a809

2024-02-13T21:01:05.210Z REPORT RequestId: 394cceec-5f42-5e6d-abbb-90a98589a809	Duration: 424.32 ms	Billed Duration: 425 ms	Memory Size: 1024 MB	Max Memory Used: 104 MB	Init Duration: 719.01 ms	

2024-02-13T21:01:06.581Z START RequestId: 0951c409-31e4-5cad-ade6-9a4ceb36bec7 Version: $LATEST

2024-02-13T21:01:06.701Z 2024-02-13T21:01:06.701Z	0951c409-31e4-5cad-ade6-9a4ceb36bec7	INFO	Processing message 6cc424bf-bcee-4867-8324-ce33a8266358

2024-02-13T21:01:06.708Z 2024-02-13T21:01:06.708Z	0951c409-31e4-5cad-ade6-9a4ceb36bec7	INFO	Start syncing the balance {
  transaction: {
    id: '01HPJ4BW3H4MPCGFR40C93Z1K7',
    type: 'DEBIT',
    source: 'MANUAL_DEDUCTION',
    action: 'DELIVERY_DEDUCTION',
    userId: '63b6bfa4-ac71-4e21-9e0a-f8a78bcd7267',
    paymentBalance: 0,
    updatePaymentBalance: true,
    metadata: '{"walletId":"wallet#63b6bfa4-ac71-4e21-9e0a-f8a78bcd7267","deliveryId":"9ed9b6ee-74dd-4f8c-b670-084e6a3e91a6","walletSk":"9ed9b6ee-74dd-4f8c-b670-084e6a3e91a6"}',
    currency: 'BHD',
    amount: 10,
    vat: 0,
    oldBalance: 10,
    newBalance: 0
  }
}

2024-02-13T21:01:06.759Z 2024-02-13T21:01:06.759Z	0951c409-31e4-5cad-ade6-9a4ceb36bec7	INFO	SubscriptionBalanceUpdated event published

2024-02-13T21:01:06.775Z 2024-02-13T21:01:06.775Z	0951c409-31e4-5cad-ade6-9a4ceb36bec7	INFO	Processing message a877cd39-c091-4a34-8af3-c44ed5d90b01

2024-02-13T21:01:06.782Z 2024-02-13T21:01:06.782Z	0951c409-31e4-5cad-ade6-9a4ceb36bec7	INFO	Start syncing the balance {
  transaction: {
    id: '01HPJ4BWDV9A2G8MRGAK15V9GQ',
    type: 'DEBIT',
    source: 'MANUAL_DEDUCTION',
    action: 'DELIVERY_DEDUCTION',
    userId: '954efdec-5815-4925-b0f6-041d83c02b01',
    paymentBalance: 1195.5,
    updatePaymentBalance: true,
    metadata: '{"walletId":"wallet#954efdec-5815-4925-b0f6-041d83c02b01","deliveryId":"1eb9cc33-2542-447f-9a00-8c6e83402609","walletSk":"1eb9cc33-2542-447f-9a00-8c6e83402609"}',
    currency: 'BHD',
    amount: 8,
    vat: 0,
    oldBalance: 1203.5,
    newBalance: 1195.5
  }
}

2024-02-13T21:01:06.829Z 2024-02-13T21:01:06.829Z	0951c409-31e4-5cad-ade6-9a4ceb36bec7	INFO	SubscriptionBalanceUpdated event published

2024-02-13T21:01:06.851Z 2024-02-13T21:01:06.851Z	0951c409-31e4-5cad-ade6-9a4ceb36bec7	INFO	Processing message 309502b4-e7da-41d6-974b-08faa134bfbc

2024-02-13T21:01:06.857Z 2024-02-13T21:01:06.857Z	0951c409-31e4-5cad-ade6-9a4ceb36bec7	INFO	Start syncing the balance {
  transaction: {
    id: '01HPJ4BWFSS03J8MZ36HMC5X6S',
    type: 'DEBIT',
    source: 'MANUAL_DEDUCTION',
    action: 'DELIVERY_DEDUCTION',
    userId: '893b1a3b-9230-450c-abb3-f89895c8183e',
    paymentBalance: 839.087,
    updatePaymentBalance: true,
    metadata: '{"walletId":"wallet#893b1a3b-9230-450c-abb3-f89895c8183e","deliveryId":"8a1887cd-6c10-4d8d-8174-b7ab033d571d","walletSk":"8a1887cd-6c10-4d8d-8174-b7ab033d571d"}',
    currency: 'BHD',
    amount: 9,
    vat: 0,
    oldBalance: 848.087,
    newBalance: 839.087
  }
}

2024-02-13T21:01:06.899Z 2024-02-13T21:01:06.899Z	0951c409-31e4-5cad-ade6-9a4ceb36bec7	INFO	SubscriptionBalanceUpdated event published

2024-02-13T21:01:06.915Z 2024-02-13T21:01:06.915Z	0951c409-31e4-5cad-ade6-9a4ceb36bec7	INFO	Processing message 1c4e6464-67b1-4470-b340-1ac7835d3251

2024-02-13T21:01:06.922Z 2024-02-13T21:01:06.922Z	0951c409-31e4-5cad-ade6-9a4ceb36bec7	INFO	Start syncing the balance {
  transaction: {
    id: '01HPJ4BWMT1VS516A5HAR6M4M6',
    type: 'DEBIT',
    source: 'MANUAL_DEDUCTION',
    action: 'DELIVERY_DEDUCTION',
    userId: 'abf660cd-113f-4fe2-8fff-ad9e33e54df3',
    paymentBalance: 968,
    updatePaymentBalance: true,
    metadata: '{"walletId":"wallet#abf660cd-113f-4fe2-8fff-ad9e33e54df3","deliveryId":"5307b013-a92a-4171-b51e-2e3279d04616","walletSk":"5307b013-a92a-4171-b51e-2e3279d04616"}',
    currency: 'BHD',
    amount: 4,
    vat: 0,
    oldBalance: 972,
    newBalance: 968
  }
}

2024-02-13T21:01:06.967Z 2024-02-13T21:01:06.967Z	0951c409-31e4-5cad-ade6-9a4ceb36bec7	INFO	SubscriptionBalanceUpdated event published

2024-02-13T21:01:06.983Z 2024-02-13T21:01:06.983Z	0951c409-31e4-5cad-ade6-9a4ceb36bec7	INFO	Processing message ff76d0cf-f164-42d3-87f0-6e4134855a42

2024-02-13T21:01:06.989Z 2024-02-13T21:01:06.989Z	0951c409-31e4-5cad-ade6-9a4ceb36bec7	INFO	Start syncing the balance {
  transaction: {
    id: '01HPJ4BWK5B90E2Q18X5J0B7F1',
    type: 'DEBIT',
    source: 'MANUAL_DEDUCTION',
    action: 'DELIVERY_DEDUCTION',
    userId: 'ec4bc6ed-2447-47dd-b7cc-2407383d7c0b',
    paymentBalance: 72,
    updatePaymentBalance: true,
    metadata: '{"walletId":"wallet#ec4bc6ed-2447-47dd-b7cc-2407383d7c0b","deliveryId":"80e3cbbb-5554-4e4d-a182-f8604b709ed3","walletSk":"80e3cbbb-5554-4e4d-a182-f8604b709ed3"}',
    currency: 'BHD',
    amount: 8,
    vat: 0,
    oldBalance: 80,
    newBalance: 72
  }
}

2024-02-13T21:01:07.034Z 2024-02-13T21:01:07.034Z	0951c409-31e4-5cad-ade6-9a4ceb36bec7	INFO	SubscriptionBalanceUpdated event published

2024-02-13T21:01:07.053Z 2024-02-13T21:01:07.053Z	0951c409-31e4-5cad-ade6-9a4ceb36bec7	INFO	Processing message 424d974b-c8e1-4f79-ac97-e82221bc3563

2024-02-13T21:01:07.059Z 2024-02-13T21:01:07.059Z	0951c409-31e4-5cad-ade6-9a4ceb36bec7	INFO	Start syncing the balance {
  transaction: {
    id: '01HPJ4BWR04YHTY96GH7W0EJ56',
    type: 'DEBIT',
    source: 'MANUAL_DEDUCTION',
    action: 'DELIVERY_DEDUCTION',
    userId: '14f6a8f7-e2fc-4a10-9049-b5e02d490ff1',
    paymentBalance: 72,
    updatePaymentBalance: true,
    metadata: '{"walletId":"wallet#14f6a8f7-e2fc-4a10-9049-b5e02d490ff1","deliveryId":"31a15070-5428-4038-b610-7dbc72419586","walletSk":"31a15070-5428-4038-b610-7dbc72419586"}',
    currency: 'BHD',
    amount: 8,
    vat: 0,
    oldBalance: 80,
    newBalance: 72
  }
}

2024-02-13T21:01:07.099Z 2024-02-13T21:01:07.099Z	0951c409-31e4-5cad-ade6-9a4ceb36bec7	INFO	SubscriptionBalanceUpdated event published

2024-02-13T21:01:07.117Z 2024-02-13T21:01:07.117Z	0951c409-31e4-5cad-ade6-9a4ceb36bec7	INFO	Processing message 2a0fe781-9615-47bf-8323-92538a0545a8

2024-02-13T21:01:07.123Z 2024-02-13T21:01:07.123Z	0951c409-31e4-5cad-ade6-9a4ceb36bec7	INFO	Start syncing the balance {
  transaction: {
    id: '01HPJ4BWSJDR3RCSP60V6J75K8',
    type: 'DEBIT',
    source: 'MANUAL_DEDUCTION',
    action: 'DELIVERY_DEDUCTION',
    userId: 'a97832fd-15f6-4064-b880-3bca9f8e5479',
    paymentBalance: 64,
    updatePaymentBalance: true,
    metadata: '{"walletId":"wallet#a97832fd-15f6-4064-b880-3bca9f8e5479","deliveryId":"c5ab8456-d097-4704-b943-9780b314e207","walletSk":"c5ab8456-d097-4704-b943-9780b314e207"}',
    currency: 'BHD',
    amount: 8,
    vat: 0,
    oldBalance: 72,
    newBalance: 64
  }
}

2024-02-13T21:01:07.167Z 2024-02-13T21:01:07.167Z	0951c409-31e4-5cad-ade6-9a4ceb36bec7	INFO	SubscriptionBalanceUpdated event published

2024-02-13T21:01:07.181Z 2024-02-13T21:01:07.181Z	0951c409-31e4-5cad-ade6-9a4ceb36bec7	INFO	Processing message cfab4343-fd39-4caf-aefd-5f6e00719c54

2024-02-13T21:01:07.187Z 2024-02-13T21:01:07.187Z	0951c409-31e4-5cad-ade6-9a4ceb36bec7	INFO	Start syncing the balance {
  transaction: {
    id: '01HPJ4BWZAGN36FRNWMXF337PH',
    type: 'DEBIT',
    source: 'MANUAL_DEDUCTION',
    action: 'DELIVERY_DEDUCTION',
    userId: '6a18cb86-df94-4693-8e0f-0d3d9cceed57',
    paymentBalance: 72,
    updatePaymentBalance: true,
    metadata: '{"walletId":"wallet#6a18cb86-df94-4693-8e0f-0d3d9cceed57","deliveryId":"edd6d9af-9fd0-4954-ad13-4cc9661eaa98","walletSk":"edd6d9af-9fd0-4954-ad13-4cc9661eaa98"}',
    currency: 'BHD',
    amount: 8,
    vat: 0,
    oldBalance: 80,
    newBalance: 72
  }
}

2024-02-13T21:01:07.235Z 2024-02-13T21:01:07.235Z	0951c409-31e4-5cad-ade6-9a4ceb36bec7	INFO	SubscriptionBalanceUpdated event published

2024-02-13T21:01:07.249Z 2024-02-13T21:01:07.249Z	0951c409-31e4-5cad-ade6-9a4ceb36bec7	INFO	Processing message 1848942a-d731-48c4-90bc-d3a82601a716

2024-02-13T21:01:07.256Z 2024-02-13T21:01:07.256Z	0951c409-31e4-5cad-ade6-9a4ceb36bec7	INFO	Start syncing the balance {
  transaction: {
    id: '01HPJ4BWYJ1QN8VR7B4TZW7FT7',
    type: 'DEBIT',
    source: 'MANUAL_DEDUCTION',
    action: 'DELIVERY_DEDUCTION',
    userId: 'b66d065b-3a4b-4871-9d0c-99701e74c8e9',
    paymentBalance: 29820,
    updatePaymentBalance: true,
    metadata: '{"walletId":"wallet#b66d065b-3a4b-4871-9d0c-99701e74c8e9","deliveryId":"fd700bf2-d048-4d5f-832d-ace79032c14c","walletSk":"fd700bf2-d048-4d5f-832d-ace79032c14c"}',
    currency: 'SAR',
    amount: 90,
    vat: 0,
    oldBalance: 22242,
    newBalance: 22152
  }
}

2024-02-13T21:01:07.302Z 2024-02-13T21:01:07.302Z	0951c409-31e4-5cad-ade6-9a4ceb36bec7	INFO	SubscriptionBalanceUpdated event published

2024-02-13T21:01:07.316Z 2024-02-13T21:01:07.316Z	0951c409-31e4-5cad-ade6-9a4ceb36bec7	ERROR	Subscription balance and payment balance are not in sync {
  userId: 'b66d065b-3a4b-4871-9d0c-99701e74c8e9',
  subscriptionBalance: 22152,
  paymentBalance: 29820
}

2024-02-13T21:01:07.335Z 2024-02-13T21:01:07.335Z	0951c409-31e4-5cad-ade6-9a4ceb36bec7	INFO	Processing message f1e1290a-bc00-4753-b557-4386cfca9e79

2024-02-13T21:01:07.340Z 2024-02-13T21:01:07.340Z	0951c409-31e4-5cad-ade6-9a4ceb36bec7	INFO	Start syncing the balance {
  transaction: {
    id: '01HPJ4BX6DCWAJYWVJGW2PPZ6Y',
    type: 'DEBIT',
    source: 'MANUAL_DEDUCTION',
    action: 'DELIVERY_DEDUCTION',
    userId: '6bbead3f-2d31-4c38-a194-f29d720108e0',
    paymentBalance: 120,
    updatePaymentBalance: true,
    metadata: '{"walletId":"wallet#6bbead3f-2d31-4c38-a194-f29d720108e0","deliveryId":"c2941bb1-effc-474c-90cf-d6ad3503edd7","walletSk":"c2941bb1-effc-474c-90cf-d6ad3503edd7"}',
    currency: 'BHD',
    amount: 8,
    vat: 0,
    oldBalance: 128,
    newBalance: 120
  }
}

2024-02-13T21:01:07.383Z 2024-02-13T21:01:07.383Z	0951c409-31e4-5cad-ade6-9a4ceb36bec7	INFO	SubscriptionBalanceUpdated event published

2024-02-13T21:01:07.399Z END RequestId: 0951c409-31e4-5cad-ade6-9a4ceb36bec7

2024-02-13T21:01:07.399Z REPORT RequestId: 0951c409-31e4-5cad-ade6-9a4ceb36bec7	Duration: 817.73 ms	Billed Duration: 818 ms	Memory Size: 1024 MB	Max Memory Used: 109 MB	
XRAY TraceId: 1-65cbd892-49c5a5b73ee488a9c051007f	SegmentId: 2baff4b430c43c89	Sampled: true	

