2024-02-07T21:01:03.064Z INIT_START Runtime Version: nodejs:20.v15	Runtime Version ARN: arn:aws:lambda:us-east-1::runtime:379cd8c4d157c2e16f1b841486b613da2188da597609ef24d67497ad9c22a53e

2024-02-07T21:01:03.759Z START RequestId: 8a0e9bf6-6ec6-5d1f-b2f5-c5cb9f041902 Version: $LATEST

2024-02-07T21:01:03.905Z 2024-02-07T21:01:03.905Z	8a0e9bf6-6ec6-5d1f-b2f5-c5cb9f041902	INFO	Processing message f855d328-0658-48fd-adc3-9e81339cea38

2024-02-07T21:01:04.019Z 2024-02-07T21:01:04.019Z	8a0e9bf6-6ec6-5d1f-b2f5-c5cb9f041902	INFO	Start syncing the balance {
  transaction: {
    id: '01HP2NZGGFYFMG4V7P53T1EX8D',
    type: 'DEBIT',
    source: 'MANUAL_DEDUCTION',
    action: 'DELIVERY_DEDUCTION',
    userId: 'bb21d0f4-b9ae-4912-abb5-7e4c7302221a',
    paymentBalance: 25,
    updatePaymentBalance: true,
    metadata: '{"walletId":"wallet#bb21d0f4-b9ae-4912-abb5-7e4c7302221a","deliveryId":"8efec231-77d4-4261-afeb-748e4f64b761","walletSk":"8efec231-77d4-4261-afeb-748e4f64b761"}',
    currency: 'BHD',
    amount: 9,
    vat: 0,
    oldBalance: 34,
    newBalance: 25
  }
}

2024-02-07T21:01:04.134Z 2024-02-07T21:01:04.134Z	8a0e9bf6-6ec6-5d1f-b2f5-c5cb9f041902	INFO	SubscriptionBalanceUpdated event published

2024-02-07T21:01:04.173Z END RequestId: 8a0e9bf6-6ec6-5d1f-b2f5-c5cb9f041902

2024-02-07T21:01:04.173Z REPORT RequestId: 8a0e9bf6-6ec6-5d1f-b2f5-c5cb9f041902	Duration: 413.46 ms	Billed Duration: 414 ms	Memory Size: 1024 MB	Max Memory Used: 104 MB	Init Duration: 695.04 ms	

2024-02-07T21:01:05.824Z START RequestId: 257fb557-fcde-52f0-a889-eb6a0d0f72b2 Version: $LATEST

2024-02-07T21:01:05.852Z 2024-02-07T21:01:05.852Z	257fb557-fcde-52f0-a889-eb6a0d0f72b2	INFO	Processing message 47595857-a6b1-4e65-9d22-6e638124b5c6

2024-02-07T21:01:05.859Z 2024-02-07T21:01:05.859Z	257fb557-fcde-52f0-a889-eb6a0d0f72b2	INFO	Start syncing the balance {
  transaction: {
    id: '01HP2NZHEA3796G8TTY8YHWWWQ',
    type: 'DEBIT',
    source: 'MANUAL_DEDUCTION',
    action: 'DELIVERY_DEDUCTION',
    userId: '8c5e33e3-3618-4d09-8e79-c8d42c74731d',
    paymentBalance: -6,
    updatePaymentBalance: true,
    metadata: '{"walletId":"wallet#8c5e33e3-3618-4d09-8e79-c8d42c74731d","deliveryId":"6ab440b4-332a-4ce4-8f15-707ff847f5d8","walletSk":"6ab440b4-332a-4ce4-8f15-707ff847f5d8"}',
    currency: 'BHD',
    amount: 9,
    vat: 0,
    oldBalance: 12,
    newBalance: 3
  }
}

2024-02-07T21:01:05.913Z 2024-02-07T21:01:05.913Z	257fb557-fcde-52f0-a889-eb6a0d0f72b2	INFO	SubscriptionBalanceUpdated event published

2024-02-07T21:01:05.929Z 2024-02-07T21:01:05.929Z	257fb557-fcde-52f0-a889-eb6a0d0f72b2	ERROR	Subscription balance and payment balance are not in sync {
  userId: '8c5e33e3-3618-4d09-8e79-c8d42c74731d',
  subscriptionBalance: 3,
  paymentBalance: -6
}

2024-02-07T21:01:05.950Z 2024-02-07T21:01:05.950Z	257fb557-fcde-52f0-a889-eb6a0d0f72b2	INFO	Processing message ccbd06a1-95ba-4aeb-851a-aa1e44b81a64

2024-02-07T21:01:05.956Z 2024-02-07T21:01:05.956Z	257fb557-fcde-52f0-a889-eb6a0d0f72b2	INFO	Start syncing the balance {
  transaction: {
    id: '01HP2NZHB5TZTXMZ0FDN7B50KY',
    type: 'DEBIT',
    source: 'MANUAL_DEDUCTION',
    action: 'DELIVERY_DEDUCTION',
    userId: '2f893545-21a1-45ce-8cd0-c1f12e8f23e5',
    paymentBalance: 1710,
    updatePaymentBalance: true,
    metadata: '{"walletId":"wallet#2f893545-21a1-45ce-8cd0-c1f12e8f23e5","deliveryId":"3ebf056f-f066-4693-bc87-66c06d23967d","walletSk":"3ebf056f-f066-4693-bc87-66c06d23967d"}',
    currency: 'SAR',
    amount: 90,
    vat: 0,
    oldBalance: 1800,
    newBalance: 1710
  }
}

2024-02-07T21:01:06.015Z 2024-02-07T21:01:06.015Z	257fb557-fcde-52f0-a889-eb6a0d0f72b2	INFO	SubscriptionBalanceUpdated event published

2024-02-07T21:01:06.029Z 2024-02-07T21:01:06.029Z	257fb557-fcde-52f0-a889-eb6a0d0f72b2	INFO	Processing message 0ffa791d-1a29-41c6-a967-04ed629bf11b

2024-02-07T21:01:06.034Z 2024-02-07T21:01:06.034Z	257fb557-fcde-52f0-a889-eb6a0d0f72b2	INFO	Start syncing the balance {
  transaction: {
    id: '01HP2NZJB4K0JPY0KJS365B6Y8',
    type: 'DEBIT',
    source: 'MANUAL_DEDUCTION',
    action: 'DELIVERY_DEDUCTION',
    userId: '72b8eeff-c0f0-4665-bbbe-a1b1a6730a51',
    paymentBalance: 4476.7,
    updatePaymentBalance: true,
    metadata: '{"walletId":"wallet#72b8eeff-c0f0-4665-bbbe-a1b1a6730a51","deliveryId":"e3393d33-d16b-41ac-9170-95f0a9d2e58b","walletSk":"e3393d33-d16b-41ac-9170-95f0a9d2e58b"}',
    currency: 'AED',
    amount: 107,
    vat: 0,
    oldBalance: 4840.5,
    newBalance: 4733.5
  }
}

2024-02-07T21:01:06.153Z 2024-02-07T21:01:06.153Z	257fb557-fcde-52f0-a889-eb6a0d0f72b2	INFO	SubscriptionBalanceUpdated event published

2024-02-07T21:01:06.166Z 2024-02-07T21:01:06.166Z	257fb557-fcde-52f0-a889-eb6a0d0f72b2	ERROR	Subscription balance and payment balance are not in sync {
  userId: '72b8eeff-c0f0-4665-bbbe-a1b1a6730a51',
  subscriptionBalance: 4733.5,
  paymentBalance: 4476.7
}

2024-02-07T21:01:06.182Z 2024-02-07T21:01:06.182Z	257fb557-fcde-52f0-a889-eb6a0d0f72b2	INFO	Processing message 7d95e691-6b8a-4520-b0e5-a97e0c37bde1

2024-02-07T21:01:06.188Z 2024-02-07T21:01:06.188Z	257fb557-fcde-52f0-a889-eb6a0d0f72b2	INFO	Start syncing the balance {
  transaction: {
    id: '01HP2NZJVW9K9MJVTH3FJVXTTH',
    type: 'DEBIT',
    source: 'MANUAL_DEDUCTION',
    action: 'DELIVERY_DEDUCTION',
    userId: '302335d2-712e-4d41-bee8-3046c3eafe61',
    paymentBalance: 180,
    updatePaymentBalance: true,
    metadata: '{"walletId":"wallet#302335d2-712e-4d41-bee8-3046c3eafe61","deliveryId":"8f0a2084-51b4-417c-97cb-8c774743b966","walletSk":"8f0a2084-51b4-417c-97cb-8c774743b966"}',
    currency: 'BHD',
    amount: 9,
    vat: 0,
    oldBalance: 189,
    newBalance: 180
  }
}

2024-02-07T21:01:06.230Z 2024-02-07T21:01:06.230Z	257fb557-fcde-52f0-a889-eb6a0d0f72b2	INFO	SubscriptionBalanceUpdated event published

2024-02-07T21:01:06.243Z 2024-02-07T21:01:06.243Z	257fb557-fcde-52f0-a889-eb6a0d0f72b2	INFO	Processing message f68b8689-f2fd-49d9-906b-eae55d4e63d8

2024-02-07T21:01:06.248Z 2024-02-07T21:01:06.248Z	257fb557-fcde-52f0-a889-eb6a0d0f72b2	INFO	Start syncing the balance {
  transaction: {
    id: '01HP2NZJTA0GYJNMVH239PRF2Z',
    type: 'DEBIT',
    source: 'MANUAL_DEDUCTION',
    action: 'DELIVERY_DEDUCTION',
    userId: '39c207b4-99aa-4e4e-95f8-9fd67e3aaca7',
    paymentBalance: 1086.96,
    updatePaymentBalance: true,
    metadata: '{"walletId":"wallet#39c207b4-99aa-4e4e-95f8-9fd67e3aaca7","deliveryId":"cb1e4c4a-3563-4e24-b7f9-1d392ad822c0","walletSk":"cb1e4c4a-3563-4e24-b7f9-1d392ad822c0"}',
    currency: 'SAR',
    amount: 90,
    vat: 0,
    oldBalance: 1176.96,
    newBalance: 1086.96
  }
}

2024-02-07T21:01:06.296Z 2024-02-07T21:01:06.296Z	257fb557-fcde-52f0-a889-eb6a0d0f72b2	INFO	SubscriptionBalanceUpdated event published

2024-02-07T21:01:06.308Z 2024-02-07T21:01:06.308Z	257fb557-fcde-52f0-a889-eb6a0d0f72b2	INFO	Processing message 173cba9d-e8af-4893-a356-9555934525e2

2024-02-07T21:01:06.314Z 2024-02-07T21:01:06.314Z	257fb557-fcde-52f0-a889-eb6a0d0f72b2	INFO	Start syncing the balance {
  transaction: {
    id: '01HP2NZKAR6ZTDJ4N07X3WKDAZ',
    type: 'DEBIT',
    source: 'MANUAL_DEDUCTION',
    action: 'DELIVERY_DEDUCTION',
    userId: 'feba4728-4fb0-4646-bebb-38f5495a11cd',
    paymentBalance: 7,
    updatePaymentBalance: true,
    metadata: '{"walletId":"wallet#feba4728-4fb0-4646-bebb-38f5495a11cd","deliveryId":"b013cd94-3b7a-44fc-a99a-df04bf6aef2a","walletSk":"b013cd94-3b7a-44fc-a99a-df04bf6aef2a"}',
    currency: 'BHD',
    amount: 9,
    vat: 0,
    oldBalance: 16,
    newBalance: 7
  }
}

2024-02-07T21:01:06.387Z 2024-02-07T21:01:06.387Z	257fb557-fcde-52f0-a889-eb6a0d0f72b2	INFO	SubscriptionBalanceUpdated event published

2024-02-07T21:01:06.399Z 2024-02-07T21:01:06.399Z	257fb557-fcde-52f0-a889-eb6a0d0f72b2	INFO	Processing message 6c18cb03-781d-4340-9ea1-f316cd217a1e

2024-02-07T21:01:06.406Z 2024-02-07T21:01:06.406Z	257fb557-fcde-52f0-a889-eb6a0d0f72b2	INFO	Start syncing the balance {
  transaction: {
    id: '01HP2NZKGJ5K43K4S9WM0A3V6C',
    type: 'DEBIT',
    source: 'MANUAL_DEDUCTION',
    action: 'DELIVERY_DEDUCTION',
    userId: 'cd538e28-b272-40b3-a42b-3a25561c8773',
    paymentBalance: 333,
    updatePaymentBalance: true,
    metadata: '{"walletId":"wallet#cd538e28-b272-40b3-a42b-3a25561c8773","deliveryId":"34ff670e-f400-4bb3-bf82-dd1a75933dfb","walletSk":"34ff670e-f400-4bb3-bf82-dd1a75933dfb"}',
    currency: 'SAR',
    amount: 47,
    vat: 0,
    oldBalance: 380,
    newBalance: 333
  }
}

2024-02-07T21:01:06.449Z 2024-02-07T21:01:06.449Z	257fb557-fcde-52f0-a889-eb6a0d0f72b2	INFO	SubscriptionBalanceUpdated event published

2024-02-07T21:01:06.464Z 2024-02-07T21:01:06.464Z	257fb557-fcde-52f0-a889-eb6a0d0f72b2	INFO	Processing message cf68888e-acbe-42a0-bf99-d00094d07bb6

2024-02-07T21:01:06.470Z 2024-02-07T21:01:06.470Z	257fb557-fcde-52f0-a889-eb6a0d0f72b2	INFO	Start syncing the balance {
  transaction: {
    id: '01HP2NZKBDDXPRG3A4KC1SNQMJ',
    type: 'DEBIT',
    source: 'MANUAL_DEDUCTION',
    action: 'DELIVERY_DEDUCTION',
    userId: '6bdfe9ee-1503-4a6b-91de-79bffe4550be',
    paymentBalance: 87.5,
    updatePaymentBalance: true,
    metadata: '{"walletId":"wallet#6bdfe9ee-1503-4a6b-91de-79bffe4550be","deliveryId":"01df07b4-3fa7-4072-9141-32feceefcc94","walletSk":"01df07b4-3fa7-4072-9141-32feceefcc94"}',
    currency: 'BHD',
    amount: 9,
    vat: 0,
    oldBalance: 96.5,
    newBalance: 87.5
  }
}

2024-02-07T21:01:06.517Z 2024-02-07T21:01:06.517Z	257fb557-fcde-52f0-a889-eb6a0d0f72b2	INFO	SubscriptionBalanceUpdated event published

2024-02-07T21:01:06.530Z 2024-02-07T21:01:06.530Z	257fb557-fcde-52f0-a889-eb6a0d0f72b2	INFO	Processing message 73139338-6b90-4a6b-b8cd-04a48051e30f

2024-02-07T21:01:06.536Z 2024-02-07T21:01:06.536Z	257fb557-fcde-52f0-a889-eb6a0d0f72b2	INFO	Start syncing the balance {
  transaction: {
    id: '01HP2NZKTGFWE5BHE9030QSTG1',
    type: 'DEBIT',
    source: 'MANUAL_DEDUCTION',
    action: 'DELIVERY_DEDUCTION',
    userId: 'a19f1f44-2782-4e7f-8826-f3f3ef589ea8',
    paymentBalance: 1620,
    updatePaymentBalance: true,
    metadata: '{"walletId":"wallet#a19f1f44-2782-4e7f-8826-f3f3ef589ea8","deliveryId":"e0b312cb-33f1-431b-980b-8049cfb08a01","walletSk":"e0b312cb-33f1-431b-980b-8049cfb08a01"}',
    currency: 'SAR',
    amount: 90,
    vat: 0,
    oldBalance: 1710,
    newBalance: 1620
  }
}

2024-02-07T21:01:06.660Z 2024-02-07T21:01:06.660Z	257fb557-fcde-52f0-a889-eb6a0d0f72b2	INFO	SubscriptionBalanceUpdated event published

2024-02-07T21:01:06.669Z 2024-02-07T21:01:06.669Z	257fb557-fcde-52f0-a889-eb6a0d0f72b2	INFO	Processing message ea330470-6650-4a36-b0c4-4fa01956d88a

2024-02-07T21:01:06.674Z 2024-02-07T21:01:06.674Z	257fb557-fcde-52f0-a889-eb6a0d0f72b2	INFO	Start syncing the balance {
  transaction: {
    id: '01HP2NZKGRYN8TTS5BMJ90WNW3',
    type: 'DEBIT',
    source: 'MANUAL_DEDUCTION',
    action: 'DELIVERY_DEDUCTION',
    userId: '54f55e3d-8580-4e47-b15e-c35e2d29effd',
    paymentBalance: 132.5,
    updatePaymentBalance: true,
    metadata: '{"walletId":"wallet#54f55e3d-8580-4e47-b15e-c35e2d29effd","deliveryId":"1bba5ff1-87fb-45a9-8f09-3654994e0361","walletSk":"1bba5ff1-87fb-45a9-8f09-3654994e0361"}',
    currency: 'BHD',
    amount: 9,
    vat: 0,
    oldBalance: 141.5,
    newBalance: 132.5
  }
}

2024-02-07T21:01:06.714Z 2024-02-07T21:01:06.714Z	257fb557-fcde-52f0-a889-eb6a0d0f72b2	INFO	SubscriptionBalanceUpdated event published

2024-02-07T21:01:06.725Z END RequestId: 257fb557-fcde-52f0-a889-eb6a0d0f72b2

2024-02-07T21:01:06.725Z REPORT RequestId: 257fb557-fcde-52f0-a889-eb6a0d0f72b2	Duration: 901.69 ms	Billed Duration: 902 ms	Memory Size: 1024 MB	Max Memory Used: 109 MB	

2024-02-07T21:01:06.817Z START RequestId: d7b151d1-9c9d-5b52-91b9-0fec6d4f5f4f Version: $LATEST

2024-02-07T21:01:06.842Z 2024-02-07T21:01:06.842Z	d7b151d1-9c9d-5b52-91b9-0fec6d4f5f4f	INFO	Processing message 59157c3b-ea8c-41d0-aade-1b8bc9d668a0

2024-02-07T21:01:06.849Z 2024-02-07T21:01:06.849Z	d7b151d1-9c9d-5b52-91b9-0fec6d4f5f4f	INFO	Start syncing the balance {
  transaction: {
    id: '01HP2NZKTC63CMRHEXC1QZPVEN',
    type: 'DEBIT',
    source: 'MANUAL_DEDUCTION',
    action: 'DELIVERY_DEDUCTION',
    userId: '5b25fc0d-4b52-479d-a9e9-5533cece208a',
    paymentBalance: 1620,
    updatePaymentBalance: true,
    metadata: '{"walletId":"wallet#5b25fc0d-4b52-479d-a9e9-5533cece208a","deliveryId":"df2ac3db-2e18-4765-97ea-62dafc920296","walletSk":"df2ac3db-2e18-4765-97ea-62dafc920296"}',
    currency: 'SAR',
    amount: 90,
    vat: 0,
    oldBalance: 1710,
    newBalance: 1620
  }
}

2024-02-07T21:01:06.891Z 2024-02-07T21:01:06.891Z	d7b151d1-9c9d-5b52-91b9-0fec6d4f5f4f	INFO	SubscriptionBalanceUpdated event published

2024-02-07T21:01:06.906Z 2024-02-07T21:01:06.906Z	d7b151d1-9c9d-5b52-91b9-0fec6d4f5f4f	INFO	Processing message 0b28b76a-cd10-49c6-9a62-20723d163b34

2024-02-07T21:01:06.910Z 2024-02-07T21:01:06.910Z	d7b151d1-9c9d-5b52-91b9-0fec6d4f5f4f	INFO	Start syncing the balance {
  transaction: {
    id: '01HP2NZM5647R2ZEGKSVCEMMPP',
    type: 'DEBIT',
    source: 'MANUAL_DEDUCTION',
    action: 'DELIVERY_DEDUCTION',
    userId: 'c3d5a0ac-89f2-43a6-a880-640ad2538d1a',
    paymentBalance: 121,
    updatePaymentBalance: true,
    metadata: '{"walletId":"wallet#c3d5a0ac-89f2-43a6-a880-640ad2538d1a","deliveryId":"371ddd0a-0008-472e-8fe4-c8439f89f1cd","walletSk":"371ddd0a-0008-472e-8fe4-c8439f89f1cd"}',
    currency: 'BHD',
    amount: 9,
    vat: 0,
    oldBalance: 130,
    newBalance: 121
  }
}

2024-02-07T21:01:06.960Z 2024-02-07T21:01:06.960Z	d7b151d1-9c9d-5b52-91b9-0fec6d4f5f4f	INFO	SubscriptionBalanceUpdated event published

2024-02-07T21:01:06.973Z 2024-02-07T21:01:06.973Z	d7b151d1-9c9d-5b52-91b9-0fec6d4f5f4f	INFO	Processing message 80c1963d-2a6e-4713-a241-8b55a182d124

2024-02-07T21:01:06.979Z 2024-02-07T21:01:06.979Z	d7b151d1-9c9d-5b52-91b9-0fec6d4f5f4f	INFO	Start syncing the balance {
  transaction: {
    id: '01HP2NZMAB4ENBQMTY7NZS9Z03',
    type: 'DEBIT',
    source: 'MANUAL_DEDUCTION',
    action: 'DELIVERY_DEDUCTION',
    userId: 'ab0945cb-5f97-44d7-ab7d-1eda2af91f18',
    paymentBalance: 99,
    updatePaymentBalance: true,
    metadata: '{"walletId":"wallet#ab0945cb-5f97-44d7-ab7d-1eda2af91f18","deliveryId":"85c2226c-1a3c-4d41-900e-fb91a425b8bc","walletSk":"85c2226c-1a3c-4d41-900e-fb91a425b8bc"}',
    currency: 'BHD',
    amount: 9,
    vat: 0,
    oldBalance: 108,
    newBalance: 99
  }
}

2024-02-07T21:01:07.033Z 2024-02-07T21:01:07.033Z	d7b151d1-9c9d-5b52-91b9-0fec6d4f5f4f	INFO	SubscriptionBalanceUpdated event published

2024-02-07T21:01:07.045Z 2024-02-07T21:01:07.045Z	d7b151d1-9c9d-5b52-91b9-0fec6d4f5f4f	INFO	Processing message 008b0937-669e-4207-8f40-6329b65ac819

2024-02-07T21:01:07.051Z 2024-02-07T21:01:07.051Z	d7b151d1-9c9d-5b52-91b9-0fec6d4f5f4f	INFO	Start syncing the balance {
  transaction: {
    id: '01HP2NZMJWFT4B2JRWP7GMW82C',
    type: 'DEBIT',
    source: 'MANUAL_DEDUCTION',
    action: 'DELIVERY_DEDUCTION',
    userId: 'd8e22713-a177-4738-bdb6-e48b189eb487',
    paymentBalance: 45,
    updatePaymentBalance: true,
    metadata: '{"walletId":"wallet#d8e22713-a177-4738-bdb6-e48b189eb487","deliveryId":"6197b928-c240-4c87-9d34-6fd4f13cb0cc","walletSk":"6197b928-c240-4c87-9d34-6fd4f13cb0cc"}',
    currency: 'KWD',
    amount: 7.5,
    vat: 0,
    oldBalance: 52.5,
    newBalance: 45
  }
}

2024-02-07T21:01:07.098Z 2024-02-07T21:01:07.098Z	d7b151d1-9c9d-5b52-91b9-0fec6d4f5f4f	INFO	SubscriptionBalanceUpdated event published

2024-02-07T21:01:07.112Z END RequestId: d7b151d1-9c9d-5b52-91b9-0fec6d4f5f4f

2024-02-07T21:01:07.112Z REPORT RequestId: d7b151d1-9c9d-5b52-91b9-0fec6d4f5f4f	Duration: 295.22 ms	Billed Duration: 296 ms	Memory Size: 1024 MB	Max Memory Used: 110 MB	

