2024-04-18T14:16:27.349Z INIT_START Runtime Version: nodejs:20.v22	Runtime Version ARN: arn:aws:lambda:us-east-1::runtime:da57c20c4b965d5b75540f6865a35fc8030358e33ec44ecfed33e90901a27a72

2024-04-18T14:16:28.384Z START RequestId: 88ee7d0c-8301-5f24-bffe-2397ae66e5f7 Version: $LATEST

2024-04-18T14:16:28.519Z 2024-04-18T14:16:28.519Z	88ee7d0c-8301-5f24-bffe-2397ae66e5f7	INFO	Processing message d2d2f5b3-3a02-4833-a36c-90a793637284

2024-04-18T14:16:28.593Z 2024-04-18T14:16:28.593Z	88ee7d0c-8301-5f24-bffe-2397ae66e5f7	INFO	Start syncing the balance {
  transaction: {
    id: '01HVRS1PD015TXY8SHHNCW2WKF',
    type: 'CREDIT',
    source: 'MANUAL_ADDITION',
    action: 'CASH_OR_BENEFIT_PAYMENT',
    userId: '0c2fd1eb-2c53-4fe5-83f3-e75d2cedab71',
    paymentBalance: 80,
    updatePaymentBalance: true,
    metadata: '{"walletId":"wallet#0c2fd1eb-2c53-4fe5-83f3-e75d2cedab71","walletSk":"63229326-063c-422a-be40-688a93e2599e"}',
    currency: 'BHD',
    amount: 72.727,
    vat: 0,
    oldBalance: 7.273,
    newBalance: 80
  }
}

2024-04-18T14:16:28.691Z 2024-04-18T14:16:28.691Z	88ee7d0c-8301-5f24-bffe-2397ae66e5f7	INFO	SubscriptionBalanceUpdated event published

2024-04-18T14:16:28.731Z END RequestId: 88ee7d0c-8301-5f24-bffe-2397ae66e5f7

2024-04-18T14:16:28.731Z REPORT RequestId: 88ee7d0c-8301-5f24-bffe-2397ae66e5f7	Duration: 346.96 ms	Billed Duration: 347 ms	Memory Size: 1024 MB	Max Memory Used: 119 MB	Init Duration: 1033.82 ms	

