2024-03-29T21:01:05.173Z INIT_START Runtime Version: nodejs:20.v19	Runtime Version ARN: arn:aws:lambda:us-east-1::runtime:2d68d583b872accb8815f845161e9bbabc6ac3ed4d0ab8c23e75f8788cf5444a

2024-03-29T21:01:06.213Z START RequestId: 36cc9479-7206-5e81-a60e-caf85c39a454 Version: $LATEST

2024-03-29T21:01:06.368Z 2024-03-29T21:01:06.368Z	36cc9479-7206-5e81-a60e-caf85c39a454	INFO	Processing message 917fb28b-4f9b-46e4-a452-154aa87d1103

2024-03-29T21:01:06.416Z 2024-03-29T21:01:06.416Z	36cc9479-7206-5e81-a60e-caf85c39a454	INFO	Start syncing the balance {
  transaction: {
    id: '01HT60867TXDDP387B6DHNS0PA',
    type: 'DEBIT',
    source: 'MANUAL_DEDUCTION',
    action: 'DELIVERY_DEDUCTION',
    userId: '78fc4995-9960-449a-b6aa-80f47ff25403',
    paymentBalance: 0,
    updatePaymentBalance: true,
    metadata: '{"walletId":"wallet#78fc4995-9960-449a-b6aa-80f47ff25403","deliveryId":"9e380be1-eb0d-4669-b1ab-506f757156fb","walletSk":"9e380be1-eb0d-4669-b1ab-506f757156fb"}',
    currency: 'BHD',
    amount: 9,
    vat: 0,
    oldBalance: 9,
    newBalance: 0
  }
}

2024-03-29T21:01:06.531Z 2024-03-29T21:01:06.531Z	36cc9479-7206-5e81-a60e-caf85c39a454	INFO	SubscriptionBalanceUpdated event published

2024-03-29T21:01:06.586Z END RequestId: 36cc9479-7206-5e81-a60e-caf85c39a454

2024-03-29T21:01:06.586Z REPORT RequestId: 36cc9479-7206-5e81-a60e-caf85c39a454	Duration: 372.66 ms	Billed Duration: 373 ms	Memory Size: 1024 MB	Max Memory Used: 116 MB	Init Duration: 1039.57 ms	
XRAY TraceId: 1-66072c10-a0e4eb64bdde32782d20de1a	SegmentId: 2c441d1b17ab99f1	Sampled: true	

2024-03-29T21:01:07.619Z START RequestId: 55b72df4-d088-53ae-a993-7375fedb0826 Version: $LATEST

2024-03-29T21:01:07.651Z 2024-03-29T21:01:07.651Z	55b72df4-d088-53ae-a993-7375fedb0826	INFO	Processing message 8ad891b7-d661-4717-b0bd-ddf26ef47fc0

2024-03-29T21:01:07.659Z 2024-03-29T21:01:07.659Z	55b72df4-d088-53ae-a993-7375fedb0826	INFO	Start syncing the balance {
  transaction: {
    id: '01HT6088DTJYYZ2M29J7YP1G3Q',
    type: 'DEBIT',
    source: 'MANUAL_DEDUCTION',
    action: 'DELIVERY_DEDUCTION',
    userId: 'fa41bf56-daa0-4f2d-b8db-e44dd087cb04',
    paymentBalance: 136.5,
    updatePaymentBalance: true,
    metadata: '{"walletId":"wallet#fa41bf56-daa0-4f2d-b8db-e44dd087cb04","deliveryId":"60f7dbda-03c0-459e-906e-2b3915ff9f64","walletSk":"60f7dbda-03c0-459e-906e-2b3915ff9f64"}',
    currency: 'BHD',
    amount: 10.5,
    vat: 0,
    oldBalance: 147,
    newBalance: 136.5
  }
}

2024-03-29T21:01:07.712Z 2024-03-29T21:01:07.712Z	55b72df4-d088-53ae-a993-7375fedb0826	INFO	SubscriptionBalanceUpdated event published

2024-03-29T21:01:07.728Z 2024-03-29T21:01:07.728Z	55b72df4-d088-53ae-a993-7375fedb0826	INFO	Processing message a461cf2f-c87a-4d99-80e7-2c3e9d6b6fb1

2024-03-29T21:01:07.736Z 2024-03-29T21:01:07.736Z	55b72df4-d088-53ae-a993-7375fedb0826	INFO	Start syncing the balance {
  transaction: {
    id: '01HT6088FB6M397Q6RV84H7YVX',
    type: 'DEBIT',
    source: 'MANUAL_DEDUCTION',
    action: 'DELIVERY_DEDUCTION',
    userId: '1fd1d3ef-382a-4cad-9a25-2bb8ccb6ab3f',
    paymentBalance: 109.272,
    updatePaymentBalance: true,
    metadata: '{"walletId":"wallet#1fd1d3ef-382a-4cad-9a25-2bb8ccb6ab3f","deliveryId":"e7b776f6-c81a-420e-a667-b09e29e82684","walletSk":"e7b776f6-c81a-420e-a667-b09e29e82684"}',
    currency: 'BHD',
    amount: 8,
    vat: 0,
    oldBalance: 117.272,
    newBalance: 109.272
  }
}

2024-03-29T21:01:07.785Z 2024-03-29T21:01:07.785Z	55b72df4-d088-53ae-a993-7375fedb0826	INFO	SubscriptionBalanceUpdated event published

2024-03-29T21:01:07.800Z 2024-03-29T21:01:07.800Z	55b72df4-d088-53ae-a993-7375fedb0826	INFO	Processing message 5f6f3b22-e17b-46f8-bbf2-2c5a99ad9511

2024-03-29T21:01:07.807Z 2024-03-29T21:01:07.807Z	55b72df4-d088-53ae-a993-7375fedb0826	INFO	Start syncing the balance {
  transaction: {
    id: '01HT6088JSX7A5NQ4PCAWM9SD6',
    type: 'DEBIT',
    source: 'MANUAL_DEDUCTION',
    action: 'DELIVERY_DEDUCTION',
    userId: 'ebca158e-dd63-46a2-8d05-c3d7edfb2f94',
    paymentBalance: 56.909,
    updatePaymentBalance: true,
    metadata: '{"walletId":"wallet#ebca158e-dd63-46a2-8d05-c3d7edfb2f94","deliveryId":"1186ef07-4763-4140-85ff-3c6f5a7f129c","walletSk":"1186ef07-4763-4140-85ff-3c6f5a7f129c"}',
    currency: 'BHD',
    amount: 8,
    vat: 0,
    oldBalance: 64.909,
    newBalance: 56.909
  }
}

2024-03-29T21:01:07.868Z 2024-03-29T21:01:07.868Z	55b72df4-d088-53ae-a993-7375fedb0826	INFO	SubscriptionBalanceUpdated event published

2024-03-29T21:01:07.880Z 2024-03-29T21:01:07.880Z	55b72df4-d088-53ae-a993-7375fedb0826	INFO	Processing message 410c9551-5d76-4979-ae0e-9153ed8615a5

2024-03-29T21:01:07.889Z 2024-03-29T21:01:07.889Z	55b72df4-d088-53ae-a993-7375fedb0826	INFO	Start syncing the balance {
  transaction: {
    id: '01HT6088QVSXA0ZTTZVF1Y9G93',
    type: 'DEBIT',
    source: 'MANUAL_DEDUCTION',
    action: 'DELIVERY_DEDUCTION',
    userId: '4a3c1af0-6939-4d17-b8c0-967edf23d425',
    paymentBalance: 1470,
    updatePaymentBalance: true,
    metadata: '{"walletId":"wallet#4a3c1af0-6939-4d17-b8c0-967edf23d425","deliveryId":"107c1bb5-5768-44c0-99a8-6285eacde65c","walletSk":"107c1bb5-5768-44c0-99a8-6285eacde65c"}',
    currency: 'SAR',
    amount: 105,
    vat: 0,
    oldBalance: 1575,
    newBalance: 1470
  }
}

2024-03-29T21:01:07.938Z 2024-03-29T21:01:07.938Z	55b72df4-d088-53ae-a993-7375fedb0826	INFO	SubscriptionBalanceUpdated event published

2024-03-29T21:01:07.951Z 2024-03-29T21:01:07.951Z	55b72df4-d088-53ae-a993-7375fedb0826	INFO	Processing message d4020c07-f68b-4632-93fa-15035afbba58

2024-03-29T21:01:07.959Z 2024-03-29T21:01:07.959Z	55b72df4-d088-53ae-a993-7375fedb0826	INFO	Start syncing the balance {
  transaction: {
    id: '01HT6089271WXDXVHRMDB5RTK6',
    type: 'DEBIT',
    source: 'MANUAL_DEDUCTION',
    action: 'DELIVERY_DEDUCTION',
    userId: 'b66d065b-3a4b-4871-9d0c-99701e74c8e9',
    paymentBalance: 27210,
    updatePaymentBalance: true,
    metadata: '{"walletId":"wallet#b66d065b-3a4b-4871-9d0c-99701e74c8e9","deliveryId":"7cfc1b2f-7440-4198-a385-8db3396ffe37","walletSk":"7cfc1b2f-7440-4198-a385-8db3396ffe37"}',
    currency: 'SAR',
    amount: 90,
    vat: 0,
    oldBalance: 19632,
    newBalance: 19542
  }
}

2024-03-29T21:01:08.010Z 2024-03-29T21:01:08.010Z	55b72df4-d088-53ae-a993-7375fedb0826	INFO	SubscriptionBalanceUpdated event published

2024-03-29T21:01:08.026Z 2024-03-29T21:01:08.026Z	55b72df4-d088-53ae-a993-7375fedb0826	ERROR	Subscription balance and payment balance are not in sync {
  userId: 'b66d065b-3a4b-4871-9d0c-99701e74c8e9',
  subscriptionBalance: 19542,
  paymentBalance: 27210
}

2024-03-29T21:01:08.046Z 2024-03-29T21:01:08.046Z	55b72df4-d088-53ae-a993-7375fedb0826	INFO	Processing message dbd4d9cf-8e2f-472e-a987-7a6c2fdfc3aa

2024-03-29T21:01:08.052Z 2024-03-29T21:01:08.052Z	55b72df4-d088-53ae-a993-7375fedb0826	INFO	Start syncing the balance {
  transaction: {
    id: '01HT60893E2Y17S2WB27Q8Y9Y2',
    type: 'DEBIT',
    source: 'MANUAL_DEDUCTION',
    action: 'DELIVERY_DEDUCTION',
    userId: '7ea81f9e-1a24-4664-bd94-4d88dc6fd07d',
    paymentBalance: 2853.5,
    updatePaymentBalance: true,
    metadata: '{"walletId":"wallet#7ea81f9e-1a24-4664-bd94-4d88dc6fd07d","deliveryId":"0b4e6bc8-3af3-491f-8f44-a1b80b5cb171","walletSk":"0b4e6bc8-3af3-491f-8f44-a1b80b5cb171"}',
    currency: 'BHD',
    amount: 8,
    vat: 0,
    oldBalance: 216,
    newBalance: 208
  }
}

2024-03-29T21:01:08.109Z 2024-03-29T21:01:08.109Z	55b72df4-d088-53ae-a993-7375fedb0826	INFO	SubscriptionBalanceUpdated event published

2024-03-29T21:01:08.124Z 2024-03-29T21:01:08.124Z	55b72df4-d088-53ae-a993-7375fedb0826	ERROR	Subscription balance and payment balance are not in sync {
  userId: '7ea81f9e-1a24-4664-bd94-4d88dc6fd07d',
  subscriptionBalance: 208,
  paymentBalance: 2853.5
}

2024-03-29T21:01:08.143Z 2024-03-29T21:01:08.143Z	55b72df4-d088-53ae-a993-7375fedb0826	INFO	Processing message 9637f380-dca4-4d2b-ac82-9751dc0dbe23

2024-03-29T21:01:08.150Z 2024-03-29T21:01:08.150Z	55b72df4-d088-53ae-a993-7375fedb0826	INFO	Start syncing the balance {
  transaction: {
    id: '01HT6088X23XQXRQEAYQ12KKCW',
    type: 'DEBIT',
    source: 'MANUAL_DEDUCTION',
    action: 'DELIVERY_DEDUCTION',
    userId: 'ce39bee1-85b2-4bb2-a149-76515fe7df8c',
    paymentBalance: 393,
    updatePaymentBalance: true,
    metadata: '{"walletId":"wallet#ce39bee1-85b2-4bb2-a149-76515fe7df8c","deliveryId":"0fe7e73f-3831-44a7-82a1-92cd3deb4971","walletSk":"0fe7e73f-3831-44a7-82a1-92cd3deb4971"}',
    currency: 'BHD',
    amount: 8,
    vat: 0,
    oldBalance: 168,
    newBalance: 160
  }
}

2024-03-29T21:01:08.200Z 2024-03-29T21:01:08.200Z	55b72df4-d088-53ae-a993-7375fedb0826	INFO	SubscriptionBalanceUpdated event published

2024-03-29T21:01:08.214Z 2024-03-29T21:01:08.214Z	55b72df4-d088-53ae-a993-7375fedb0826	ERROR	Subscription balance and payment balance are not in sync {
  userId: 'ce39bee1-85b2-4bb2-a149-76515fe7df8c',
  subscriptionBalance: 160,
  paymentBalance: 393
}

2024-03-29T21:01:08.232Z 2024-03-29T21:01:08.232Z	55b72df4-d088-53ae-a993-7375fedb0826	INFO	Processing message 4a686de0-0aaa-4886-add2-6458fc8e6512

2024-03-29T21:01:08.238Z 2024-03-29T21:01:08.238Z	55b72df4-d088-53ae-a993-7375fedb0826	INFO	Start syncing the balance {
  transaction: {
    id: '01HT60898PX16JS5W73NB26B88',
    type: 'DEBIT',
    source: 'MANUAL_DEDUCTION',
    action: 'DELIVERY_DEDUCTION',
    userId: '2248520a-3a2a-4202-855c-5fa92d33d90b',
    paymentBalance: 104,
    updatePaymentBalance: true,
    metadata: '{"walletId":"wallet#2248520a-3a2a-4202-855c-5fa92d33d90b","deliveryId":"0c3d59ad-f050-45a2-828f-f106e8a299a2","walletSk":"0c3d59ad-f050-45a2-828f-f106e8a299a2"}',
    currency: 'BHD',
    amount: 8,
    vat: 0,
    oldBalance: 112,
    newBalance: 104
  }
}

2024-03-29T21:01:08.287Z 2024-03-29T21:01:08.287Z	55b72df4-d088-53ae-a993-7375fedb0826	INFO	SubscriptionBalanceUpdated event published

2024-03-29T21:01:08.304Z 2024-03-29T21:01:08.304Z	55b72df4-d088-53ae-a993-7375fedb0826	INFO	Processing message dc15b8e5-fa71-4f35-be6d-eee087b4ff77

2024-03-29T21:01:08.310Z 2024-03-29T21:01:08.310Z	55b72df4-d088-53ae-a993-7375fedb0826	INFO	Start syncing the balance {
  transaction: {
    id: '01HT608979EV5DVY10R1E9G90C',
    type: 'DEBIT',
    source: 'MANUAL_DEDUCTION',
    action: 'DELIVERY_DEDUCTION',
    userId: 'eda3a694-6d70-4e7f-ba8e-14b39855e155',
    paymentBalance: 72,
    updatePaymentBalance: true,
    metadata: '{"walletId":"wallet#eda3a694-6d70-4e7f-ba8e-14b39855e155","deliveryId":"7171406b-ee9e-4746-ac23-0607929375c3","walletSk":"7171406b-ee9e-4746-ac23-0607929375c3"}',
    currency: 'BHD',
    amount: 8,
    vat: 0,
    oldBalance: 80,
    newBalance: 72
  }
}

2024-03-29T21:01:08.363Z 2024-03-29T21:01:08.363Z	55b72df4-d088-53ae-a993-7375fedb0826	INFO	SubscriptionBalanceUpdated event published

2024-03-29T21:01:08.375Z 2024-03-29T21:01:08.375Z	55b72df4-d088-53ae-a993-7375fedb0826	INFO	Processing message b6b3b829-cccf-47bb-ac42-8cddad459042

2024-03-29T21:01:08.383Z 2024-03-29T21:01:08.383Z	55b72df4-d088-53ae-a993-7375fedb0826	INFO	Start syncing the balance {
  transaction: {
    id: '01HT6088YKKEFT8T5M0GDZRM9X',
    type: 'DEBIT',
    source: 'MANUAL_DEDUCTION',
    action: 'DELIVERY_DEDUCTION',
    userId: 'b7744f55-1a88-4854-8191-bd4094ef18bf',
    paymentBalance: 18,
    updatePaymentBalance: true,
    metadata: '{"walletId":"wallet#b7744f55-1a88-4854-8191-bd4094ef18bf","deliveryId":"2ca04ec8-0861-4a7e-b94c-ff04a33447ec","walletSk":"2ca04ec8-0861-4a7e-b94c-ff04a33447ec"}',
    currency: 'BHD',
    amount: 9,
    vat: 0,
    oldBalance: 27,
    newBalance: 18
  }
}

2024-03-29T21:01:08.438Z 2024-03-29T21:01:08.438Z	55b72df4-d088-53ae-a993-7375fedb0826	INFO	SubscriptionBalanceUpdated event published

2024-03-29T21:01:08.450Z END RequestId: 55b72df4-d088-53ae-a993-7375fedb0826

2024-03-29T21:01:08.450Z REPORT RequestId: 55b72df4-d088-53ae-a993-7375fedb0826	Duration: 830.90 ms	Billed Duration: 831 ms	Memory Size: 1024 MB	Max Memory Used: 121 MB	
XRAY TraceId: 1-66072c13-e950109c80b86eb17431176a	SegmentId: 6e0f6bec56012284	Sampled: true	

2024-03-29T21:01:10.229Z START RequestId: 360bdc60-25d2-58c5-8642-82e10b849210 Version: $LATEST

2024-03-29T21:01:10.259Z 2024-03-29T21:01:10.259Z	360bdc60-25d2-58c5-8642-82e10b849210	INFO	Processing message 0dc05cc6-a990-4756-95d7-752bacfb169d

2024-03-29T21:01:10.266Z 2024-03-29T21:01:10.266Z	360bdc60-25d2-58c5-8642-82e10b849210	INFO	Start syncing the balance {
  transaction: {
    id: '01HT608A6RHJCCRZJZRXHYE97V',
    type: 'DEBIT',
    source: 'MANUAL_DEDUCTION',
    action: 'DELIVERY_DEDUCTION',
    userId: '54f55e3d-8580-4e47-b15e-c35e2d29effd',
    paymentBalance: 790.5,
    updatePaymentBalance: true,
    metadata: '{"walletId":"wallet#54f55e3d-8580-4e47-b15e-c35e2d29effd","deliveryId":"ff33819f-69c8-4eb8-a23f-3f5ea60d91a7","walletSk":"ff33819f-69c8-4eb8-a23f-3f5ea60d91a7"}',
    currency: 'BHD',
    amount: 9,
    vat: 0,
    oldBalance: 799.5,
    newBalance: 790.5
  }
}

2024-03-29T21:01:10.329Z 2024-03-29T21:01:10.329Z	360bdc60-25d2-58c5-8642-82e10b849210	INFO	SubscriptionBalanceUpdated event published

2024-03-29T21:01:10.343Z 2024-03-29T21:01:10.343Z	360bdc60-25d2-58c5-8642-82e10b849210	INFO	Processing message a3746798-bef1-48ac-a8f1-6b117e488f35

2024-03-29T21:01:10.349Z 2024-03-29T21:01:10.349Z	360bdc60-25d2-58c5-8642-82e10b849210	INFO	Start syncing the balance {
  transaction: {
    id: '01HT608ACP5PPS4MG238TY9143',
    type: 'DEBIT',
    source: 'MANUAL_DEDUCTION',
    action: 'DELIVERY_DEDUCTION',
    userId: 'ecc1a359-4cfc-4372-9dd6-f18c617e60b0',
    paymentBalance: 64,
    updatePaymentBalance: true,
    metadata: '{"walletId":"wallet#ecc1a359-4cfc-4372-9dd6-f18c617e60b0","deliveryId":"b00e048c-1790-498f-bb7f-ed4ae9487b32","walletSk":"b00e048c-1790-498f-bb7f-ed4ae9487b32"}',
    currency: 'BHD',
    amount: 8,
    vat: 0,
    oldBalance: 72,
    newBalance: 64
  }
}

2024-03-29T21:01:10.394Z 2024-03-29T21:01:10.394Z	360bdc60-25d2-58c5-8642-82e10b849210	INFO	SubscriptionBalanceUpdated event published

2024-03-29T21:01:10.408Z 2024-03-29T21:01:10.408Z	360bdc60-25d2-58c5-8642-82e10b849210	INFO	Processing message c39a4b99-46f7-4ff0-a597-ecde674609a9

2024-03-29T21:01:10.415Z 2024-03-29T21:01:10.415Z	360bdc60-25d2-58c5-8642-82e10b849210	INFO	Start syncing the balance {
  transaction: {
    id: '01HT608AFWZFQRZKAFZW3Z0C09',
    type: 'DEBIT',
    source: 'MANUAL_DEDUCTION',
    action: 'DELIVERY_DEDUCTION',
    userId: 'd028855c-dba7-4062-ab04-83c8526ee695',
    paymentBalance: 64.909,
    updatePaymentBalance: true,
    metadata: '{"walletId":"wallet#d028855c-dba7-4062-ab04-83c8526ee695","deliveryId":"7008e003-f18c-41ce-a55a-fd8ae3188537","walletSk":"7008e003-f18c-41ce-a55a-fd8ae3188537"}',
    currency: 'BHD',
    amount: 8,
    vat: 0,
    oldBalance: 72.909,
    newBalance: 64.909
  }
}

2024-03-29T21:01:10.467Z 2024-03-29T21:01:10.467Z	360bdc60-25d2-58c5-8642-82e10b849210	INFO	SubscriptionBalanceUpdated event published

2024-03-29T21:01:10.478Z 2024-03-29T21:01:10.478Z	360bdc60-25d2-58c5-8642-82e10b849210	INFO	Processing message 54735e5c-46c9-4b64-8a12-fd687b6ca61c

2024-03-29T21:01:10.485Z 2024-03-29T21:01:10.485Z	360bdc60-25d2-58c5-8642-82e10b849210	INFO	Start syncing the balance {
  transaction: {
    id: '01HT608AHG4G3AHD6BXT7NSD2Q',
    type: 'DEBIT',
    source: 'MANUAL_DEDUCTION',
    action: 'DELIVERY_DEDUCTION',
    userId: 'd25324fd-a4c2-4d20-9007-477811fadc9e',
    paymentBalance: 990,
    updatePaymentBalance: true,
    metadata: '{"walletId":"wallet#d25324fd-a4c2-4d20-9007-477811fadc9e","deliveryId":"0c877a2c-08fe-4ede-bade-184ab081b335","walletSk":"0c877a2c-08fe-4ede-bade-184ab081b335"}',
    currency: 'SAR',
    amount: 90,
    vat: 0,
    oldBalance: 1080,
    newBalance: 990
  }
}

2024-03-29T21:01:10.528Z 2024-03-29T21:01:10.528Z	360bdc60-25d2-58c5-8642-82e10b849210	INFO	SubscriptionBalanceUpdated event published

2024-03-29T21:01:10.542Z 2024-03-29T21:01:10.542Z	360bdc60-25d2-58c5-8642-82e10b849210	INFO	Processing message 15b1ee4b-8fc2-494c-a4ff-1bd0d08f2873

2024-03-29T21:01:10.549Z 2024-03-29T21:01:10.549Z	360bdc60-25d2-58c5-8642-82e10b849210	INFO	Start syncing the balance {
  transaction: {
    id: '01HT608ATPEZ9NDE5JC7QTJCCC',
    type: 'DEBIT',
    source: 'MANUAL_DEDUCTION',
    action: 'DELIVERY_DEDUCTION',
    userId: '7c503289-2428-4094-90e7-316cabba70a5',
    paymentBalance: 72,
    updatePaymentBalance: true,
    metadata: '{"walletId":"wallet#7c503289-2428-4094-90e7-316cabba70a5","deliveryId":"cf1157f4-f328-4149-b286-ebc6fac35280","walletSk":"cf1157f4-f328-4149-b286-ebc6fac35280"}',
    currency: 'BHD',
    amount: 8,
    vat: 0,
    oldBalance: 80,
    newBalance: 72
  }
}

2024-03-29T21:01:10.594Z 2024-03-29T21:01:10.594Z	360bdc60-25d2-58c5-8642-82e10b849210	INFO	SubscriptionBalanceUpdated event published

2024-03-29T21:01:10.609Z 2024-03-29T21:01:10.609Z	360bdc60-25d2-58c5-8642-82e10b849210	INFO	Processing message a8c98715-5c6e-4d34-b1f6-01d88f134083

2024-03-29T21:01:10.615Z 2024-03-29T21:01:10.615Z	360bdc60-25d2-58c5-8642-82e10b849210	INFO	Start syncing the balance {
  transaction: {
    id: '01HT608ABC5GT4757GB5H474YH',
    type: 'DEBIT',
    source: 'MANUAL_DEDUCTION',
    action: 'DELIVERY_DEDUCTION',
    userId: '7c6156e0-739f-4e3a-9b68-302219956a98',
    paymentBalance: 2601,
    updatePaymentBalance: true,
    metadata: '{"walletId":"wallet#7c6156e0-739f-4e3a-9b68-302219956a98","deliveryId":"6434f71e-462f-4bb2-8bcd-ef9cf1ee89a7","walletSk":"6434f71e-462f-4bb2-8bcd-ef9cf1ee89a7"}',
    currency: 'SAR',
    amount: 81,
    vat: 0,
    oldBalance: 2682,
    newBalance: 2601
  }
}

2024-03-29T21:01:10.662Z 2024-03-29T21:01:10.662Z	360bdc60-25d2-58c5-8642-82e10b849210	INFO	SubscriptionBalanceUpdated event published

2024-03-29T21:01:10.676Z 2024-03-29T21:01:10.676Z	360bdc60-25d2-58c5-8642-82e10b849210	INFO	Processing message 0e1b2e12-c4c7-4d12-8c87-ed08241bd488

2024-03-29T21:01:10.684Z 2024-03-29T21:01:10.684Z	360bdc60-25d2-58c5-8642-82e10b849210	INFO	Start syncing the balance {
  transaction: {
    id: '01HT608ANKZ7ZSVTN33HM7JA6C',
    type: 'DEBIT',
    source: 'MANUAL_DEDUCTION',
    action: 'DELIVERY_DEDUCTION',
    userId: '7a46f077-87df-49e3-b606-f37d0f061728',
    paymentBalance: 66.91,
    updatePaymentBalance: true,
    metadata: '{"walletId":"wallet#7a46f077-87df-49e3-b606-f37d0f061728","deliveryId":"f0948930-ec65-4824-bebc-c703c66651a8","walletSk":"f0948930-ec65-4824-bebc-c703c66651a8"}',
    currency: 'BHD',
    amount: 4,
    vat: 0,
    oldBalance: 70.91,
    newBalance: 66.91
  }
}

2024-03-29T21:01:10.734Z 2024-03-29T21:01:10.734Z	360bdc60-25d2-58c5-8642-82e10b849210	INFO	SubscriptionBalanceUpdated event published

2024-03-29T21:01:10.746Z 2024-03-29T21:01:10.746Z	360bdc60-25d2-58c5-8642-82e10b849210	INFO	Processing message 6ff67994-1c10-4ed5-a272-4d03d5a2d1e6

2024-03-29T21:01:10.761Z 2024-03-29T21:01:10.761Z	360bdc60-25d2-58c5-8642-82e10b849210	INFO	Start syncing the balance {
  transaction: {
    id: '01HT608AQ2GP5T9JRBBX1W41KN',
    type: 'DEBIT',
    source: 'MANUAL_DEDUCTION',
    action: 'DELIVERY_DEDUCTION',
    userId: '31b1dd38-a529-4bf1-b5ab-79347415a917',
    paymentBalance: 48,
    updatePaymentBalance: true,
    metadata: '{"walletId":"wallet#31b1dd38-a529-4bf1-b5ab-79347415a917","deliveryId":"da0ca37e-85b4-4626-976b-bdca39ac1d08","walletSk":"da0ca37e-85b4-4626-976b-bdca39ac1d08"}',
    currency: 'BHD',
    amount: 8,
    vat: 0,
    oldBalance: 56,
    newBalance: 48
  }
}

2024-03-29T21:01:10.807Z 2024-03-29T21:01:10.807Z	360bdc60-25d2-58c5-8642-82e10b849210	INFO	SubscriptionBalanceUpdated event published

2024-03-29T21:01:10.822Z 2024-03-29T21:01:10.822Z	360bdc60-25d2-58c5-8642-82e10b849210	INFO	Processing message e90f07c5-9dae-4e26-a714-e9d5fd45609e

2024-03-29T21:01:10.828Z 2024-03-29T21:01:10.828Z	360bdc60-25d2-58c5-8642-82e10b849210	INFO	Start syncing the balance {
  transaction: {
    id: '01HT608AVP0JNWEB177ZV79DW0',
    type: 'DEBIT',
    source: 'MANUAL_DEDUCTION',
    action: 'DELIVERY_DEDUCTION',
    userId: 'e9227141-8df9-46c9-bbbf-7228b3ad82c1',
    paymentBalance: 90.5,
    updatePaymentBalance: true,
    metadata: '{"walletId":"wallet#e9227141-8df9-46c9-bbbf-7228b3ad82c1","deliveryId":"326d8765-b4ee-4085-a2ea-5e28d4eac45c","walletSk":"326d8765-b4ee-4085-a2ea-5e28d4eac45c"}',
    currency: 'BHD',
    amount: 9,
    vat: 0,
    oldBalance: 99.5,
    newBalance: 90.5
  }
}

2024-03-29T21:01:10.871Z 2024-03-29T21:01:10.871Z	360bdc60-25d2-58c5-8642-82e10b849210	INFO	SubscriptionBalanceUpdated event published

2024-03-29T21:01:10.887Z 2024-03-29T21:01:10.887Z	360bdc60-25d2-58c5-8642-82e10b849210	INFO	Processing message e9ac0cae-26bf-4f55-b906-f83c2072ab63

2024-03-29T21:01:10.893Z 2024-03-29T21:01:10.893Z	360bdc60-25d2-58c5-8642-82e10b849210	INFO	Start syncing the balance {
  transaction: {
    id: '01HT608AX3X3XXDRJB4K8JTAAF',
    type: 'DEBIT',
    source: 'MANUAL_DEDUCTION',
    action: 'DELIVERY_DEDUCTION',
    userId: '9a19fa44-d798-4468-b553-9db30af97ea6',
    paymentBalance: 4680,
    updatePaymentBalance: true,
    metadata: '{"walletId":"wallet#9a19fa44-d798-4468-b553-9db30af97ea6","deliveryId":"934c5c42-2def-4595-8483-8602278de2ba","walletSk":"934c5c42-2def-4595-8483-8602278de2ba"}',
    currency: 'SAR',
    amount: 90,
    vat: 0,
    oldBalance: 450,
    newBalance: 360
  }
}

2024-03-29T21:01:10.936Z 2024-03-29T21:01:10.936Z	360bdc60-25d2-58c5-8642-82e10b849210	INFO	SubscriptionBalanceUpdated event published

2024-03-29T21:01:10.948Z 2024-03-29T21:01:10.948Z	360bdc60-25d2-58c5-8642-82e10b849210	ERROR	Subscription balance and payment balance are not in sync {
  userId: '9a19fa44-d798-4468-b553-9db30af97ea6',
  subscriptionBalance: 360,
  paymentBalance: 4680
}

2024-03-29T21:01:10.970Z END RequestId: 360bdc60-25d2-58c5-8642-82e10b849210

2024-03-29T21:01:10.970Z REPORT RequestId: 360bdc60-25d2-58c5-8642-82e10b849210	Duration: 741.07 ms	Billed Duration: 742 ms	Memory Size: 1024 MB	Max Memory Used: 126 MB	
XRAY TraceId: 1-66072c16-55e0af5161a4853d598f63a9	SegmentId: 56c4fae9106fd420	Sampled: true	

2024-03-29T21:01:11.129Z START RequestId: 543614cc-9758-5b5c-8755-4a4db90eb0d4 Version: $LATEST

2024-03-29T21:01:11.153Z 2024-03-29T21:01:11.153Z	543614cc-9758-5b5c-8755-4a4db90eb0d4	INFO	Processing message 5279a347-517a-4812-9c0d-052f20d05f4f

2024-03-29T21:01:11.159Z 2024-03-29T21:01:11.159Z	543614cc-9758-5b5c-8755-4a4db90eb0d4	INFO	Start syncing the balance {
  transaction: {
    id: '01HT608AZT88YAYK34AGBGYGT9',
    type: 'DEBIT',
    source: 'MANUAL_DEDUCTION',
    action: 'DELIVERY_DEDUCTION',
    userId: 'cac838c5-a9e1-41b1-877e-2587cbea7b20',
    paymentBalance: 11864.574,
    updatePaymentBalance: true,
    metadata: '{"walletId":"wallet#cac838c5-a9e1-41b1-877e-2587cbea7b20","deliveryId":"70016e32-1f61-48ca-8d53-12fcbe970b25","walletSk":"70016e32-1f61-48ca-8d53-12fcbe970b25"}',
    currency: 'BHD',
    amount: 11.818,
    vat: 0,
    oldBalance: 10106.3923,
    newBalance: 10094.574
  }
}

2024-03-29T21:01:11.206Z 2024-03-29T21:01:11.206Z	543614cc-9758-5b5c-8755-4a4db90eb0d4	INFO	SubscriptionBalanceUpdated event published

2024-03-29T21:01:11.218Z 2024-03-29T21:01:11.218Z	543614cc-9758-5b5c-8755-4a4db90eb0d4	ERROR	Subscription balance and payment balance are not in sync {
  userId: 'cac838c5-a9e1-41b1-877e-2587cbea7b20',
  subscriptionBalance: 10094.574,
  paymentBalance: 11864.574
}

2024-03-29T21:01:11.242Z 2024-03-29T21:01:11.242Z	543614cc-9758-5b5c-8755-4a4db90eb0d4	INFO	Processing message 928033d9-56e7-44fe-9d40-9a6b5636dc51

2024-03-29T21:01:11.273Z 2024-03-29T21:01:11.273Z	543614cc-9758-5b5c-8755-4a4db90eb0d4	INFO	Start syncing the balance {
  transaction: {
    id: '01HT608B2S8N28VNP8N6FDR670',
    type: 'DEBIT',
    source: 'MANUAL_DEDUCTION',
    action: 'DELIVERY_DEDUCTION',
    userId: 'eb6875d4-8663-4dc5-8838-1148a2425c13',
    paymentBalance: 11875.435,
    updatePaymentBalance: true,
    metadata: '{"walletId":"wallet#eb6875d4-8663-4dc5-8838-1148a2425c13","deliveryId":"2ae1d21d-e121-490e-bee5-f2022015ad64","walletSk":"2ae1d21d-e121-490e-bee5-f2022015ad64"}',
    currency: 'BHD',
    amount: 9,
    vat: 0,
    oldBalance: 194,
    newBalance: 185
  }
}

2024-03-29T21:01:11.317Z 2024-03-29T21:01:11.317Z	543614cc-9758-5b5c-8755-4a4db90eb0d4	INFO	SubscriptionBalanceUpdated event published

2024-03-29T21:01:11.330Z 2024-03-29T21:01:11.330Z	543614cc-9758-5b5c-8755-4a4db90eb0d4	ERROR	Subscription balance and payment balance are not in sync {
  userId: 'eb6875d4-8663-4dc5-8838-1148a2425c13',
  subscriptionBalance: 185,
  paymentBalance: 11875.435
}

2024-03-29T21:01:11.346Z 2024-03-29T21:01:11.346Z	543614cc-9758-5b5c-8755-4a4db90eb0d4	INFO	Processing message a9b3599c-7032-4123-a354-ea92d8bc1cbe

2024-03-29T21:01:11.355Z 2024-03-29T21:01:11.355Z	543614cc-9758-5b5c-8755-4a4db90eb0d4	INFO	Start syncing the balance {
  transaction: {
    id: '01HT608B17KYSPPNVHW8GQ7PPC',
    type: 'DEBIT',
    source: 'MANUAL_DEDUCTION',
    action: 'DELIVERY_DEDUCTION',
    userId: '7f97b814-017d-430e-9779-877ec174861e',
    paymentBalance: -438.532,
    updatePaymentBalance: true,
    metadata: '{"walletId":"wallet#7f97b814-017d-430e-9779-877ec174861e","deliveryId":"1fe17683-9a37-4f8d-8e74-a85db1900fb7","walletSk":"1fe17683-9a37-4f8d-8e74-a85db1900fb7"}',
    currency: 'BHD',
    amount: 8.5,
    vat: 0,
    oldBalance: 575.5878,
    newBalance: 567.088
  }
}

2024-03-29T21:01:11.400Z 2024-03-29T21:01:11.400Z	543614cc-9758-5b5c-8755-4a4db90eb0d4	INFO	SubscriptionBalanceUpdated event published

2024-03-29T21:01:11.415Z 2024-03-29T21:01:11.415Z	543614cc-9758-5b5c-8755-4a4db90eb0d4	ERROR	Subscription balance and payment balance are not in sync {
  userId: '7f97b814-017d-430e-9779-877ec174861e',
  subscriptionBalance: 567.088,
  paymentBalance: -438.532
}

2024-03-29T21:01:11.430Z 2024-03-29T21:01:11.430Z	543614cc-9758-5b5c-8755-4a4db90eb0d4	INFO	Processing message a69c2af0-d7db-4585-b433-43d7aed32052

2024-03-29T21:01:11.436Z 2024-03-29T21:01:11.436Z	543614cc-9758-5b5c-8755-4a4db90eb0d4	INFO	Start syncing the balance {
  transaction: {
    id: '01HT608B5XGKB31Q7TFDPRE3AZ',
    type: 'DEBIT',
    source: 'MANUAL_DEDUCTION',
    action: 'DELIVERY_DEDUCTION',
    userId: '2c2a8830-b2f7-4b3e-a180-7a5654eee40c',
    paymentBalance: 33896.39,
    updatePaymentBalance: true,
    metadata: '{"walletId":"wallet#2c2a8830-b2f7-4b3e-a180-7a5654eee40c","deliveryId":"fd60d0d8-2b7f-455b-b9e1-42cc915b5d13","walletSk":"fd60d0d8-2b7f-455b-b9e1-42cc915b5d13"}',
    currency: 'SAR',
    amount: 90,
    vat: 0,
    oldBalance: 34076.39,
    newBalance: 33986.39
  }
}

2024-03-29T21:01:11.483Z 2024-03-29T21:01:11.483Z	543614cc-9758-5b5c-8755-4a4db90eb0d4	INFO	SubscriptionBalanceUpdated event published

2024-03-29T21:01:11.498Z 2024-03-29T21:01:11.498Z	543614cc-9758-5b5c-8755-4a4db90eb0d4	ERROR	Subscription balance and payment balance are not in sync {
  userId: '2c2a8830-b2f7-4b3e-a180-7a5654eee40c',
  subscriptionBalance: 33986.39,
  paymentBalance: 33896.39
}

2024-03-29T21:01:11.513Z 2024-03-29T21:01:11.513Z	543614cc-9758-5b5c-8755-4a4db90eb0d4	INFO	Processing message b0ed05d4-3936-45ab-a22c-07c851b7bbcf

2024-03-29T21:01:11.519Z 2024-03-29T21:01:11.519Z	543614cc-9758-5b5c-8755-4a4db90eb0d4	INFO	Start syncing the balance {
  transaction: {
    id: '01HT608BBY10GCK5S3GT6KA12F',
    type: 'DEBIT',
    source: 'MANUAL_DEDUCTION',
    action: 'DELIVERY_DEDUCTION',
    userId: '26c3588a-3771-4c4f-9b9f-7a456dc81c3c',
    paymentBalance: 48,
    updatePaymentBalance: true,
    metadata: '{"walletId":"wallet#26c3588a-3771-4c4f-9b9f-7a456dc81c3c","deliveryId":"c4219114-9e60-4f1a-8a7a-a6c03b24e705","walletSk":"c4219114-9e60-4f1a-8a7a-a6c03b24e705"}',
    currency: 'BHD',
    amount: 8,
    vat: 0,
    oldBalance: 56,
    newBalance: 48
  }
}

2024-03-29T21:01:11.560Z 2024-03-29T21:01:11.560Z	543614cc-9758-5b5c-8755-4a4db90eb0d4	INFO	SubscriptionBalanceUpdated event published

2024-03-29T21:01:11.572Z 2024-03-29T21:01:11.572Z	543614cc-9758-5b5c-8755-4a4db90eb0d4	INFO	Processing message d363e177-e4e4-462f-bec0-ce2dbf1f2b6c

2024-03-29T21:01:11.581Z 2024-03-29T21:01:11.581Z	543614cc-9758-5b5c-8755-4a4db90eb0d4	INFO	Start syncing the balance {
  transaction: {
    id: '01HT608B6HX98JEHJHVT9TH6XN',
    type: 'DEBIT',
    source: 'MANUAL_DEDUCTION',
    action: 'DELIVERY_DEDUCTION',
    userId: '95548cdd-9c30-4a34-8e13-6b526f0426da',
    paymentBalance: 14080.823,
    updatePaymentBalance: true,
    metadata: '{"walletId":"wallet#95548cdd-9c30-4a34-8e13-6b526f0426da","deliveryId":"257ae271-f882-4aae-8d2e-9d72b25d3a10","walletSk":"257ae271-f882-4aae-8d2e-9d72b25d3a10"}',
    currency: 'BHD',
    amount: 10.818,
    vat: 0,
    oldBalance: 9876.103,
    newBalance: 9865.285
  }
}

2024-03-29T21:01:11.631Z 2024-03-29T21:01:11.631Z	543614cc-9758-5b5c-8755-4a4db90eb0d4	INFO	SubscriptionBalanceUpdated event published

2024-03-29T21:01:11.644Z 2024-03-29T21:01:11.644Z	543614cc-9758-5b5c-8755-4a4db90eb0d4	ERROR	Subscription balance and payment balance are not in sync {
  userId: '95548cdd-9c30-4a34-8e13-6b526f0426da',
  subscriptionBalance: 9865.285,
  paymentBalance: 14080.823
}

2024-03-29T21:01:11.663Z 2024-03-29T21:01:11.663Z	543614cc-9758-5b5c-8755-4a4db90eb0d4	INFO	Processing message bccb26a3-1912-4a70-87a9-b6df17e2853a

2024-03-29T21:01:11.673Z 2024-03-29T21:01:11.673Z	543614cc-9758-5b5c-8755-4a4db90eb0d4	INFO	Start syncing the balance {
  transaction: {
    id: '01HT608BF1J2270DHMT2592KTE',
    type: 'DEBIT',
    source: 'MANUAL_DEDUCTION',
    action: 'DELIVERY_DEDUCTION',
    userId: 'e2ff5a66-fc7d-4204-b5fe-48676a2faa07',
    paymentBalance: 126,
    updatePaymentBalance: true,
    metadata: '{"walletId":"wallet#e2ff5a66-fc7d-4204-b5fe-48676a2faa07","deliveryId":"bcd8005c-d4ad-4222-bbbf-03eb5fcdb0a3","walletSk":"bcd8005c-d4ad-4222-bbbf-03eb5fcdb0a3"}',
    currency: 'BHD',
    amount: 9,
    vat: 0,
    oldBalance: 135,
    newBalance: 126
  }
}

2024-03-29T21:01:11.714Z 2024-03-29T21:01:11.714Z	543614cc-9758-5b5c-8755-4a4db90eb0d4	INFO	SubscriptionBalanceUpdated event published

2024-03-29T21:01:11.729Z 2024-03-29T21:01:11.729Z	543614cc-9758-5b5c-8755-4a4db90eb0d4	INFO	Processing message fdc092e6-6cd5-40f3-b7bc-c6226099e537

2024-03-29T21:01:11.735Z 2024-03-29T21:01:11.735Z	543614cc-9758-5b5c-8755-4a4db90eb0d4	INFO	Start syncing the balance {
  transaction: {
    id: '01HT608B8XZ9AKVFCK5ZJC9CHP',
    type: 'DEBIT',
    source: 'MANUAL_DEDUCTION',
    action: 'DELIVERY_DEDUCTION',
    userId: 'be7f2b59-05e8-45c4-8590-6ee55d677751',
    paymentBalance: 0.5,
    updatePaymentBalance: true,
    metadata: '{"walletId":"wallet#be7f2b59-05e8-45c4-8590-6ee55d677751","deliveryId":"9d83ef55-5d68-43e4-b052-6c441fa9a246","walletSk":"9d83ef55-5d68-43e4-b052-6c441fa9a246"}',
    currency: 'BHD',
    amount: 9,
    vat: 0,
    oldBalance: 9.5,
    newBalance: 0.5
  }
}

2024-03-29T21:01:11.780Z 2024-03-29T21:01:11.780Z	543614cc-9758-5b5c-8755-4a4db90eb0d4	INFO	SubscriptionBalanceUpdated event published

2024-03-29T21:01:11.795Z 2024-03-29T21:01:11.795Z	543614cc-9758-5b5c-8755-4a4db90eb0d4	INFO	Processing message 5cf09d2f-18f0-4fe6-a52c-9b93082891fd

2024-03-29T21:01:11.800Z 2024-03-29T21:01:11.800Z	543614cc-9758-5b5c-8755-4a4db90eb0d4	INFO	Start syncing the balance {
  transaction: {
    id: '01HT608BF3SSD0Q7NGE1HMHH17',
    type: 'DEBIT',
    source: 'MANUAL_DEDUCTION',
    action: 'DELIVERY_DEDUCTION',
    userId: '76b5101c-400d-45d2-9392-ee6d94c113db',
    paymentBalance: 0,
    updatePaymentBalance: true,
    metadata: '{"walletId":"wallet#76b5101c-400d-45d2-9392-ee6d94c113db","deliveryId":"c8697a29-ced4-4bea-ad6b-a1787df0c697","walletSk":"c8697a29-ced4-4bea-ad6b-a1787df0c697"}',
    currency: 'BHD',
    amount: 8,
    vat: 0,
    oldBalance: 8,
    newBalance: 0
  }
}

2024-03-29T21:01:11.861Z 2024-03-29T21:01:11.861Z	543614cc-9758-5b5c-8755-4a4db90eb0d4	INFO	SubscriptionBalanceUpdated event published

2024-03-29T21:01:11.875Z 2024-03-29T21:01:11.875Z	543614cc-9758-5b5c-8755-4a4db90eb0d4	INFO	Processing message 4e88b2c0-6779-4d0d-a4ba-0745cd23f964

2024-03-29T21:01:11.881Z 2024-03-29T21:01:11.881Z	543614cc-9758-5b5c-8755-4a4db90eb0d4	INFO	Start syncing the balance {
  transaction: {
    id: '01HT608BHMQRJ8APB9KPV35P25',
    type: 'DEBIT',
    source: 'MANUAL_DEDUCTION',
    action: 'DELIVERY_DEDUCTION',
    userId: 'ebf35a94-9822-41da-9c95-656d2eedbec6',
    paymentBalance: 88,
    updatePaymentBalance: true,
    metadata: '{"walletId":"wallet#ebf35a94-9822-41da-9c95-656d2eedbec6","deliveryId":"f993381b-a096-41ca-ab8f-58f07a0ef6ae","walletSk":"f993381b-a096-41ca-ab8f-58f07a0ef6ae"}',
    currency: 'BHD',
    amount: 8,
    vat: 0,
    oldBalance: 96,
    newBalance: 88
  }
}

2024-03-29T21:01:11.928Z 2024-03-29T21:01:11.928Z	543614cc-9758-5b5c-8755-4a4db90eb0d4	INFO	SubscriptionBalanceUpdated event published

2024-03-29T21:01:11.943Z END RequestId: 543614cc-9758-5b5c-8755-4a4db90eb0d4

2024-03-29T21:01:11.943Z REPORT RequestId: 543614cc-9758-5b5c-8755-4a4db90eb0d4	Duration: 814.06 ms	Billed Duration: 815 ms	Memory Size: 1024 MB	Max Memory Used: 129 MB	

2024-03-29T21:01:11.993Z START RequestId: fafbeca0-d691-55e0-9a7a-b221f8c6cf35 Version: $LATEST

2024-03-29T21:01:12.025Z 2024-03-29T21:01:12.025Z	fafbeca0-d691-55e0-9a7a-b221f8c6cf35	INFO	Processing message 57fb5914-c84e-4eb1-b9fe-0b7cbc09749f

2024-03-29T21:01:12.031Z 2024-03-29T21:01:12.031Z	fafbeca0-d691-55e0-9a7a-b221f8c6cf35	INFO	Start syncing the balance {
  transaction: {
    id: '01HT608DEBF0T8DPDHHAQWK8X0',
    type: 'DEBIT',
    source: 'MANUAL_DEDUCTION',
    action: 'DELIVERY_DEDUCTION',
    userId: 'cc9f78ca-ae9d-41bf-87a4-0b644222c99e',
    paymentBalance: 18,
    updatePaymentBalance: true,
    metadata: '{"walletId":"wallet#cc9f78ca-ae9d-41bf-87a4-0b644222c99e","deliveryId":"f62da236-b564-49ed-a8f2-a464d2837e70","walletSk":"f62da236-b564-49ed-a8f2-a464d2837e70"}',
    currency: 'BHD',
    amount: 9,
    vat: 0,
    oldBalance: 27,
    newBalance: 18
  }
}

2024-03-29T21:01:12.077Z 2024-03-29T21:01:12.077Z	fafbeca0-d691-55e0-9a7a-b221f8c6cf35	INFO	SubscriptionBalanceUpdated event published

2024-03-29T21:01:12.092Z 2024-03-29T21:01:12.092Z	fafbeca0-d691-55e0-9a7a-b221f8c6cf35	INFO	Processing message 0d3b7755-feba-4011-8514-99f6761d36a0

2024-03-29T21:01:12.098Z 2024-03-29T21:01:12.098Z	fafbeca0-d691-55e0-9a7a-b221f8c6cf35	INFO	Start syncing the balance {
  transaction: {
    id: '01HT608DMB509Y41H3F7DPTPXG',
    type: 'DEBIT',
    source: 'MANUAL_DEDUCTION',
    action: 'DELIVERY_DEDUCTION',
    userId: '10be897d-92e5-4351-9946-e5af6c46e1e9',
    paymentBalance: 40.5,
    updatePaymentBalance: true,
    metadata: '{"walletId":"wallet#10be897d-92e5-4351-9946-e5af6c46e1e9","deliveryId":"d3ad101b-421a-48a1-b9ac-eb4427dfc30e","walletSk":"d3ad101b-421a-48a1-b9ac-eb4427dfc30e"}',
    currency: 'BHD',
    amount: 4.5,
    vat: 0,
    oldBalance: 45,
    newBalance: 40.5
  }
}

2024-03-29T21:01:12.138Z 2024-03-29T21:01:12.138Z	fafbeca0-d691-55e0-9a7a-b221f8c6cf35	INFO	SubscriptionBalanceUpdated event published

2024-03-29T21:01:12.151Z 2024-03-29T21:01:12.151Z	fafbeca0-d691-55e0-9a7a-b221f8c6cf35	INFO	Processing message ed9d3daa-6cab-4553-a1c2-b553141cafac

2024-03-29T21:01:12.157Z 2024-03-29T21:01:12.157Z	fafbeca0-d691-55e0-9a7a-b221f8c6cf35	INFO	Start syncing the balance {
  transaction: {
    id: '01HT608DG99BKKDDXJ3RCHP323',
    type: 'DEBIT',
    source: 'MANUAL_DEDUCTION',
    action: 'DELIVERY_DEDUCTION',
    userId: '7366dc6d-d047-46d5-b203-39e81633a8b4',
    paymentBalance: 3206.5,
    updatePaymentBalance: true,
    metadata: '{"walletId":"wallet#7366dc6d-d047-46d5-b203-39e81633a8b4","deliveryId":"2f6b107e-ad4b-46a7-ad4e-07de18164e9b","walletSk":"2f6b107e-ad4b-46a7-ad4e-07de18164e9b"}',
    currency: 'SAR',
    amount: 39.9,
    vat: 0,
    oldBalance: 3246.4,
    newBalance: 3206.5
  }
}

2024-03-29T21:01:12.198Z 2024-03-29T21:01:12.198Z	fafbeca0-d691-55e0-9a7a-b221f8c6cf35	INFO	SubscriptionBalanceUpdated event published

2024-03-29T21:01:12.209Z 2024-03-29T21:01:12.209Z	fafbeca0-d691-55e0-9a7a-b221f8c6cf35	INFO	Processing message e21a7516-7420-4ef0-8e5b-e1a05e12ab5c

2024-03-29T21:01:12.215Z 2024-03-29T21:01:12.215Z	fafbeca0-d691-55e0-9a7a-b221f8c6cf35	INFO	Start syncing the balance {
  transaction: {
    id: '01HT608DQAPHNNEXV7NF0X0DD0',
    type: 'DEBIT',
    source: 'MANUAL_DEDUCTION',
    action: 'DELIVERY_DEDUCTION',
    userId: '2c77a724-b701-4868-b804-c96855a3e9d8',
    paymentBalance: 1271.3,
    updatePaymentBalance: true,
    metadata: '{"walletId":"wallet#2c77a724-b701-4868-b804-c96855a3e9d8","deliveryId":"e3fe3387-f4d9-4ff9-bf6e-4244644bcf9d","walletSk":"e3fe3387-f4d9-4ff9-bf6e-4244644bcf9d"}',
    currency: 'BHD',
    amount: 8,
    vat: 0,
    oldBalance: 1279.3,
    newBalance: 1271.3
  }
}

2024-03-29T21:01:12.264Z 2024-03-29T21:01:12.264Z	fafbeca0-d691-55e0-9a7a-b221f8c6cf35	INFO	SubscriptionBalanceUpdated event published

2024-03-29T21:01:12.277Z 2024-03-29T21:01:12.277Z	fafbeca0-d691-55e0-9a7a-b221f8c6cf35	INFO	Processing message 07d1a192-8eb2-48bd-a229-7931122d2b4a

2024-03-29T21:01:12.283Z 2024-03-29T21:01:12.283Z	fafbeca0-d691-55e0-9a7a-b221f8c6cf35	INFO	Start syncing the balance {
  transaction: {
    id: '01HT608DP2DNSMJZYR6K1HRZQ5',
    type: 'DEBIT',
    source: 'MANUAL_DEDUCTION',
    action: 'DELIVERY_DEDUCTION',
    userId: '4d656d3d-b906-4b80-be7e-fb1b3d8e6959',
    paymentBalance: 133,
    updatePaymentBalance: true,
    metadata: '{"walletId":"wallet#4d656d3d-b906-4b80-be7e-fb1b3d8e6959","deliveryId":"7d698c3f-4567-444d-9563-1ac28b7d6c51","walletSk":"7d698c3f-4567-444d-9563-1ac28b7d6c51"}',
    currency: 'KWD',
    amount: 9.5,
    vat: 0,
    oldBalance: 142.5,
    newBalance: 133
  }
}

2024-03-29T21:01:12.322Z 2024-03-29T21:01:12.322Z	fafbeca0-d691-55e0-9a7a-b221f8c6cf35	INFO	SubscriptionBalanceUpdated event published

2024-03-29T21:01:12.338Z 2024-03-29T21:01:12.338Z	fafbeca0-d691-55e0-9a7a-b221f8c6cf35	INFO	Processing message 5413c907-0a6b-420d-bf3c-b12127fbe146

2024-03-29T21:01:12.344Z 2024-03-29T21:01:12.344Z	fafbeca0-d691-55e0-9a7a-b221f8c6cf35	INFO	Start syncing the balance {
  transaction: {
    id: '01HT608DV5Q0V90NWYK4VNZ93C',
    type: 'DEBIT',
    source: 'MANUAL_DEDUCTION',
    action: 'DELIVERY_DEDUCTION',
    userId: '89fba58b-ef23-44dd-b796-0695d1cde481',
    paymentBalance: 862.09,
    updatePaymentBalance: true,
    metadata: '{"walletId":"wallet#89fba58b-ef23-44dd-b796-0695d1cde481","deliveryId":"90c42aeb-125b-40cc-b30c-08edb18b73e1","walletSk":"90c42aeb-125b-40cc-b30c-08edb18b73e1"}',
    currency: 'BHD',
    amount: 9.364,
    vat: 0,
    oldBalance: 131.089,
    newBalance: 121.725
  }
}

2024-03-29T21:01:12.386Z 2024-03-29T21:01:12.386Z	fafbeca0-d691-55e0-9a7a-b221f8c6cf35	INFO	SubscriptionBalanceUpdated event published

2024-03-29T21:01:12.399Z 2024-03-29T21:01:12.399Z	fafbeca0-d691-55e0-9a7a-b221f8c6cf35	ERROR	Subscription balance and payment balance are not in sync {
  userId: '89fba58b-ef23-44dd-b796-0695d1cde481',
  subscriptionBalance: 121.725,
  paymentBalance: 862.09
}

2024-03-29T21:01:12.415Z 2024-03-29T21:01:12.415Z	fafbeca0-d691-55e0-9a7a-b221f8c6cf35	INFO	Processing message fe21db7e-5e46-402f-8c5b-7ef53c6bd406

2024-03-29T21:01:12.422Z 2024-03-29T21:01:12.422Z	fafbeca0-d691-55e0-9a7a-b221f8c6cf35	INFO	Start syncing the balance {
  transaction: {
    id: '01HT608DZWZXVAJB4NJ4THTVAV',
    type: 'DEBIT',
    source: 'MANUAL_DEDUCTION',
    action: 'DELIVERY_DEDUCTION',
    userId: 'db6f61ad-2c50-447e-b22a-69cbdefd1b93',
    paymentBalance: 1122,
    updatePaymentBalance: true,
    metadata: '{"walletId":"wallet#db6f61ad-2c50-447e-b22a-69cbdefd1b93","deliveryId":"f3ebbcd4-915c-4613-8072-46e827f06520","walletSk":"f3ebbcd4-915c-4613-8072-46e827f06520"}',
    currency: 'SAR',
    amount: 102,
    vat: 0,
    oldBalance: 1224,
    newBalance: 1122
  }
}

2024-03-29T21:01:12.467Z 2024-03-29T21:01:12.467Z	fafbeca0-d691-55e0-9a7a-b221f8c6cf35	INFO	SubscriptionBalanceUpdated event published

2024-03-29T21:01:12.480Z 2024-03-29T21:01:12.480Z	fafbeca0-d691-55e0-9a7a-b221f8c6cf35	INFO	Processing message 32525015-5cbe-4dbf-a235-4d3a62a7088c

2024-03-29T21:01:12.488Z 2024-03-29T21:01:12.488Z	fafbeca0-d691-55e0-9a7a-b221f8c6cf35	INFO	Start syncing the balance {
  transaction: {
    id: '01HT608DYWQN6HF9E3VVQ0EMFT',
    type: 'DEBIT',
    source: 'MANUAL_DEDUCTION',
    action: 'DELIVERY_DEDUCTION',
    userId: '8696adcb-0a63-49cd-b41a-a4fd9a2aecdd',
    paymentBalance: 72,
    updatePaymentBalance: true,
    metadata: '{"walletId":"wallet#8696adcb-0a63-49cd-b41a-a4fd9a2aecdd","deliveryId":"a90b8701-1621-412b-86ac-3254b2194bc7","walletSk":"a90b8701-1621-412b-86ac-3254b2194bc7"}',
    currency: 'BHD',
    amount: 8,
    vat: 0,
    oldBalance: 80,
    newBalance: 72
  }
}

2024-03-29T21:01:12.534Z 2024-03-29T21:01:12.534Z	fafbeca0-d691-55e0-9a7a-b221f8c6cf35	INFO	SubscriptionBalanceUpdated event published

2024-03-29T21:01:12.550Z 2024-03-29T21:01:12.550Z	fafbeca0-d691-55e0-9a7a-b221f8c6cf35	INFO	Processing message f40d9dfb-9d2e-4bff-8cc0-c04a57a7e90b

2024-03-29T21:01:12.555Z 2024-03-29T21:01:12.555Z	fafbeca0-d691-55e0-9a7a-b221f8c6cf35	INFO	Start syncing the balance {
  transaction: {
    id: '01HT608E1SZN16XFW6VW671YXM',
    type: 'DEBIT',
    source: 'MANUAL_DEDUCTION',
    action: 'DELIVERY_DEDUCTION',
    userId: 'ddbc5455-86aa-4bdc-b4ae-ea5181bc0e4c',
    paymentBalance: 2721,
    updatePaymentBalance: true,
    metadata: '{"walletId":"wallet#ddbc5455-86aa-4bdc-b4ae-ea5181bc0e4c","deliveryId":"fef1a80e-578f-490c-bebc-c669f1e03641","walletSk":"fef1a80e-578f-490c-bebc-c669f1e03641"}',
    currency: 'SAR',
    amount: 81,
    vat: 0,
    oldBalance: 2802,
    newBalance: 2721
  }
}

2024-03-29T21:01:12.599Z 2024-03-29T21:01:12.599Z	fafbeca0-d691-55e0-9a7a-b221f8c6cf35	INFO	SubscriptionBalanceUpdated event published

2024-03-29T21:01:12.614Z 2024-03-29T21:01:12.614Z	fafbeca0-d691-55e0-9a7a-b221f8c6cf35	INFO	Processing message 52f87e43-b377-42c7-9acb-8755ef73bb13

2024-03-29T21:01:12.620Z 2024-03-29T21:01:12.620Z	fafbeca0-d691-55e0-9a7a-b221f8c6cf35	INFO	Start syncing the balance {
  transaction: {
    id: '01HT608E4SRRQ3HVJHDDMQXRAS',
    type: 'DEBIT',
    source: 'MANUAL_DEDUCTION',
    action: 'DELIVERY_DEDUCTION',
    userId: '09ab0c9d-acb3-41ef-b844-c50508c878e4',
    paymentBalance: 4069.1,
    updatePaymentBalance: true,
    metadata: '{"walletId":"wallet#09ab0c9d-acb3-41ef-b844-c50508c878e4","deliveryId":"a1d6ed09-b3d6-4548-baa7-206232d42df5","walletSk":"a1d6ed09-b3d6-4548-baa7-206232d42df5"}',
    currency: 'SAR',
    amount: 63,
    vat: 0,
    oldBalance: 4132.1,
    newBalance: 4069.1
  }
}

2024-03-29T21:01:12.663Z 2024-03-29T21:01:12.663Z	fafbeca0-d691-55e0-9a7a-b221f8c6cf35	INFO	SubscriptionBalanceUpdated event published

2024-03-29T21:01:12.677Z END RequestId: fafbeca0-d691-55e0-9a7a-b221f8c6cf35

2024-03-29T21:01:12.677Z REPORT RequestId: fafbeca0-d691-55e0-9a7a-b221f8c6cf35	Duration: 684.73 ms	Billed Duration: 685 ms	Memory Size: 1024 MB	Max Memory Used: 129 MB	
XRAY TraceId: 1-66072c17-d63c19cd396a8fe72c8de3db	SegmentId: 3a09630d4df69781	Sampled: true	

2024-03-29T21:01:12.694Z START RequestId: bc6e669a-a689-53bd-84fb-381b88deb968 Version: $LATEST

2024-03-29T21:01:12.735Z 2024-03-29T21:01:12.735Z	bc6e669a-a689-53bd-84fb-381b88deb968	INFO	Processing message c1d61601-ed60-41d3-859f-8b119ed6bf3a

2024-03-29T21:01:12.741Z 2024-03-29T21:01:12.741Z	bc6e669a-a689-53bd-84fb-381b88deb968	INFO	Start syncing the balance {
  transaction: {
    id: '01HT608E3SAW08VE26B3GTEF9B',
    type: 'DEBIT',
    source: 'MANUAL_DEDUCTION',
    action: 'DELIVERY_DEDUCTION',
    userId: '6d918a91-3780-49d3-9c2c-ea2a8b7a2974',
    paymentBalance: 72,
    updatePaymentBalance: true,
    metadata: '{"walletId":"wallet#6d918a91-3780-49d3-9c2c-ea2a8b7a2974","deliveryId":"5efd65bd-b8e2-47b6-b7ee-c7a5543b22e1","walletSk":"5efd65bd-b8e2-47b6-b7ee-c7a5543b22e1"}',
    currency: 'BHD',
    amount: 8,
    vat: 0,
    oldBalance: 80,
    newBalance: 72
  }
}

2024-03-29T21:01:12.780Z 2024-03-29T21:01:12.780Z	bc6e669a-a689-53bd-84fb-381b88deb968	INFO	SubscriptionBalanceUpdated event published

2024-03-29T21:01:12.794Z 2024-03-29T21:01:12.794Z	bc6e669a-a689-53bd-84fb-381b88deb968	INFO	Processing message 5d4b7874-3271-4aaa-bd82-b2c1cf36a7d1

2024-03-29T21:01:12.801Z 2024-03-29T21:01:12.801Z	bc6e669a-a689-53bd-84fb-381b88deb968	INFO	Start syncing the balance {
  transaction: {
    id: '01HT608E7NHWK0JZYAXBCGY822',
    type: 'DEBIT',
    source: 'MANUAL_DEDUCTION',
    action: 'DELIVERY_DEDUCTION',
    userId: 'a7c8eb51-8a21-4d1a-a947-d9c711fd67e4',
    paymentBalance: 713.783,
    updatePaymentBalance: true,
    metadata: '{"walletId":"wallet#a7c8eb51-8a21-4d1a-a947-d9c711fd67e4","deliveryId":"35cecade-486a-4d53-9090-672ffbb10b6f","walletSk":"35cecade-486a-4d53-9090-672ffbb10b6f"}',
    currency: 'BHD',
    amount: 20.727,
    vat: 0,
    oldBalance: 734.51,
    newBalance: 713.783
  }
}

2024-03-29T21:01:12.840Z 2024-03-29T21:01:12.840Z	bc6e669a-a689-53bd-84fb-381b88deb968	INFO	SubscriptionBalanceUpdated event published

2024-03-29T21:01:12.857Z 2024-03-29T21:01:12.857Z	bc6e669a-a689-53bd-84fb-381b88deb968	INFO	Processing message 278c2b5d-eff9-4db3-b896-783a95e67c54

2024-03-29T21:01:12.862Z 2024-03-29T21:01:12.862Z	bc6e669a-a689-53bd-84fb-381b88deb968	INFO	Start syncing the balance {
  transaction: {
    id: '01HT608E9DPDHDRPEATCB0RFZS',
    type: 'DEBIT',
    source: 'MANUAL_DEDUCTION',
    action: 'DELIVERY_DEDUCTION',
    userId: '57e3222a-06f6-416a-83b5-fb1e967514d0',
    paymentBalance: 2452.5,
    updatePaymentBalance: true,
    metadata: '{"walletId":"wallet#57e3222a-06f6-416a-83b5-fb1e967514d0","deliveryId":"07a48252-e8d9-4d34-8dfe-07d3bae8c54b","walletSk":"07a48252-e8d9-4d34-8dfe-07d3bae8c54b"}',
    currency: 'SAR',
    amount: 81,
    vat: 0,
    oldBalance: 2533.5,
    newBalance: 2452.5
  }
}

2024-03-29T21:01:12.906Z 2024-03-29T21:01:12.906Z	bc6e669a-a689-53bd-84fb-381b88deb968	INFO	SubscriptionBalanceUpdated event published

2024-03-29T21:01:12.924Z 2024-03-29T21:01:12.924Z	bc6e669a-a689-53bd-84fb-381b88deb968	INFO	Processing message 6702f278-8d3c-4000-973d-e3f0bc76fba8

2024-03-29T21:01:12.929Z 2024-03-29T21:01:12.929Z	bc6e669a-a689-53bd-84fb-381b88deb968	INFO	Start syncing the balance {
  transaction: {
    id: '01HT608EAS7VW1PBW5KSA3Z4XE',
    type: 'DEBIT',
    source: 'MANUAL_DEDUCTION',
    action: 'DELIVERY_DEDUCTION',
    userId: 'd6c46650-614a-478f-afee-de5b836244fe',
    paymentBalance: 128,
    updatePaymentBalance: true,
    metadata: '{"walletId":"wallet#d6c46650-614a-478f-afee-de5b836244fe","deliveryId":"293c63c9-48f2-4364-a139-8c1631ff3a22","walletSk":"293c63c9-48f2-4364-a139-8c1631ff3a22"}',
    currency: 'BHD',
    amount: 8,
    vat: 0,
    oldBalance: 136,
    newBalance: 128
  }
}

2024-03-29T21:01:13.007Z 2024-03-29T21:01:13.007Z	bc6e669a-a689-53bd-84fb-381b88deb968	INFO	SubscriptionBalanceUpdated event published

2024-03-29T21:01:13.020Z 2024-03-29T21:01:13.020Z	bc6e669a-a689-53bd-84fb-381b88deb968	INFO	Processing message 6fcf5730-29f5-4304-8f48-74784802eab4

2024-03-29T21:01:13.026Z 2024-03-29T21:01:13.026Z	bc6e669a-a689-53bd-84fb-381b88deb968	INFO	Start syncing the balance {
  transaction: {
    id: '01HT608EDMC0QFVN4QD637DZHF',
    type: 'DEBIT',
    source: 'MANUAL_DEDUCTION',
    action: 'DELIVERY_DEDUCTION',
    userId: '2b07bc91-66bc-497f-8e10-c073264b7329',
    paymentBalance: 2721,
    updatePaymentBalance: true,
    metadata: '{"walletId":"wallet#2b07bc91-66bc-497f-8e10-c073264b7329","deliveryId":"5c8751a6-16c2-4023-a791-1d2ea3046f29","walletSk":"5c8751a6-16c2-4023-a791-1d2ea3046f29"}',
    currency: 'SAR',
    amount: 81,
    vat: 0,
    oldBalance: 2802,
    newBalance: 2721
  }
}

2024-03-29T21:01:13.075Z 2024-03-29T21:01:13.075Z	bc6e669a-a689-53bd-84fb-381b88deb968	INFO	SubscriptionBalanceUpdated event published

2024-03-29T21:01:13.090Z 2024-03-29T21:01:13.090Z	bc6e669a-a689-53bd-84fb-381b88deb968	INFO	Processing message dd235f7d-ef9c-46a4-99fe-d292c5778fd2

2024-03-29T21:01:13.098Z 2024-03-29T21:01:13.098Z	bc6e669a-a689-53bd-84fb-381b88deb968	INFO	Start syncing the balance {
  transaction: {
    id: '01HT608EGFBANQSEWMN4723V53',
    type: 'DEBIT',
    source: 'MANUAL_DEDUCTION',
    action: 'DELIVERY_DEDUCTION',
    userId: '44d262c4-560b-4825-802c-ac4df64b6177',
    paymentBalance: 8,
    updatePaymentBalance: true,
    metadata: '{"walletId":"wallet#44d262c4-560b-4825-802c-ac4df64b6177","deliveryId":"fc92d6b0-2f95-4c4f-a818-d6269d7e8424","walletSk":"fc92d6b0-2f95-4c4f-a818-d6269d7e8424"}',
    currency: 'BHD',
    amount: 8,
    vat: 0,
    oldBalance: 15.99999999999999,
    newBalance: 8
  }
}

2024-03-29T21:01:13.140Z 2024-03-29T21:01:13.140Z	bc6e669a-a689-53bd-84fb-381b88deb968	INFO	SubscriptionBalanceUpdated event published

2024-03-29T21:01:13.155Z 2024-03-29T21:01:13.155Z	bc6e669a-a689-53bd-84fb-381b88deb968	INFO	Processing message e5cd16f4-8adf-4a4b-952c-c0608b1d3cd2

2024-03-29T21:01:13.161Z 2024-03-29T21:01:13.161Z	bc6e669a-a689-53bd-84fb-381b88deb968	INFO	Start syncing the balance {
  transaction: {
    id: '01HT608EDNX6X4W24WEWH4PTWE',
    type: 'DEBIT',
    source: 'MANUAL_DEDUCTION',
    action: 'DELIVERY_DEDUCTION',
    userId: '30733090-6dcc-449f-80e6-af5e6f3f1e02',
    paymentBalance: 72,
    updatePaymentBalance: true,
    metadata: '{"walletId":"wallet#30733090-6dcc-449f-80e6-af5e6f3f1e02","deliveryId":"bda9124e-87d4-49fa-b2c1-2e3dacd966e0","walletSk":"bda9124e-87d4-49fa-b2c1-2e3dacd966e0"}',
    currency: 'BHD',
    amount: 8,
    vat: 0,
    oldBalance: 80,
    newBalance: 72
  }
}

2024-03-29T21:01:13.203Z 2024-03-29T21:01:13.203Z	bc6e669a-a689-53bd-84fb-381b88deb968	INFO	SubscriptionBalanceUpdated event published

2024-03-29T21:01:13.215Z 2024-03-29T21:01:13.215Z	bc6e669a-a689-53bd-84fb-381b88deb968	INFO	Processing message f9c5936d-c38c-40f6-bf3a-2b8b6fdf381c

2024-03-29T21:01:13.223Z 2024-03-29T21:01:13.223Z	bc6e669a-a689-53bd-84fb-381b88deb968	INFO	Start syncing the balance {
  transaction: {
    id: '01HT608EG7X0F7BF2PB7NB7VFY',
    type: 'DEBIT',
    source: 'MANUAL_DEDUCTION',
    action: 'DELIVERY_DEDUCTION',
    userId: '7e284fe5-0676-4f3a-9604-6c13194b2d44',
    paymentBalance: 72,
    updatePaymentBalance: true,
    metadata: '{"walletId":"wallet#7e284fe5-0676-4f3a-9604-6c13194b2d44","deliveryId":"bde8b8a7-6229-4e32-8917-04f9cbf68e02","walletSk":"bde8b8a7-6229-4e32-8917-04f9cbf68e02"}',
    currency: 'BHD',
    amount: 8,
    vat: 0,
    oldBalance: 80,
    newBalance: 72
  }
}

2024-03-29T21:01:13.264Z 2024-03-29T21:01:13.264Z	bc6e669a-a689-53bd-84fb-381b88deb968	INFO	SubscriptionBalanceUpdated event published

2024-03-29T21:01:13.278Z 2024-03-29T21:01:13.278Z	bc6e669a-a689-53bd-84fb-381b88deb968	INFO	Processing message 52205e5a-766e-4777-9c66-371a77681cd5

2024-03-29T21:01:13.285Z 2024-03-29T21:01:13.285Z	bc6e669a-a689-53bd-84fb-381b88deb968	INFO	Start syncing the balance {
  transaction: {
    id: '01HT608EJZ9NKA77NH1A7RV04M',
    type: 'DEBIT',
    source: 'MANUAL_DEDUCTION',
    action: 'DELIVERY_DEDUCTION',
    userId: 'fd69d4fc-de98-4146-a5fc-9fba707a510a',
    paymentBalance: 86.5,
    updatePaymentBalance: true,
    metadata: '{"walletId":"wallet#fd69d4fc-de98-4146-a5fc-9fba707a510a","deliveryId":"ad4a63e6-902c-4d76-ad96-3f80d3c982ed","walletSk":"ad4a63e6-902c-4d76-ad96-3f80d3c982ed"}',
    currency: 'BHD',
    amount: 8,
    vat: 0,
    oldBalance: 94.5,
    newBalance: 86.5
  }
}

2024-03-29T21:01:13.331Z 2024-03-29T21:01:13.331Z	bc6e669a-a689-53bd-84fb-381b88deb968	INFO	SubscriptionBalanceUpdated event published

2024-03-29T21:01:13.349Z 2024-03-29T21:01:13.349Z	bc6e669a-a689-53bd-84fb-381b88deb968	INFO	Processing message 53d8fcd1-37bb-4229-9d6b-84d45237c743

2024-03-29T21:01:13.354Z 2024-03-29T21:01:13.354Z	bc6e669a-a689-53bd-84fb-381b88deb968	INFO	Start syncing the balance {
  transaction: {
    id: '01HT608ESDE8R9M4464V8FAT36',
    type: 'DEBIT',
    source: 'MANUAL_DEDUCTION',
    action: 'DELIVERY_DEDUCTION',
    userId: '5c9d2bac-80ca-4a81-98ab-d307addd3468',
    paymentBalance: 72,
    updatePaymentBalance: true,
    metadata: '{"walletId":"wallet#5c9d2bac-80ca-4a81-98ab-d307addd3468","deliveryId":"b4232e2b-100e-498e-a60f-827895ba1436","walletSk":"b4232e2b-100e-498e-a60f-827895ba1436"}',
    currency: 'BHD',
    amount: 8,
    vat: 0,
    oldBalance: 80,
    newBalance: 72
  }
}

2024-03-29T21:01:13.398Z 2024-03-29T21:01:13.398Z	bc6e669a-a689-53bd-84fb-381b88deb968	INFO	SubscriptionBalanceUpdated event published

2024-03-29T21:01:13.412Z END RequestId: bc6e669a-a689-53bd-84fb-381b88deb968

2024-03-29T21:01:13.412Z REPORT RequestId: bc6e669a-a689-53bd-84fb-381b88deb968	Duration: 717.82 ms	Billed Duration: 718 ms	Memory Size: 1024 MB	Max Memory Used: 129 MB	

2024-03-29T21:01:13.550Z START RequestId: f77d5f3b-3ab6-5e51-8323-01ba14ef8484 Version: $LATEST

2024-03-29T21:01:13.581Z 2024-03-29T21:01:13.581Z	f77d5f3b-3ab6-5e51-8323-01ba14ef8484	INFO	Processing message 7e0acf11-fbc3-4b24-8517-327c6cc2e531

2024-03-29T21:01:13.587Z 2024-03-29T21:01:13.587Z	f77d5f3b-3ab6-5e51-8323-01ba14ef8484	INFO	Start syncing the balance {
  transaction: {
    id: '01HT608F9GF61T3EWV1M3W1VDQ',
    type: 'DEBIT',
    source: 'MANUAL_DEDUCTION',
    action: 'DELIVERY_DEDUCTION',
    userId: '5932ea94-ff0d-4254-909f-406cde949da5',
    paymentBalance: 2452.5,
    updatePaymentBalance: true,
    metadata: '{"walletId":"wallet#5932ea94-ff0d-4254-909f-406cde949da5","deliveryId":"34f12544-9e4e-4afa-b396-ae4344e17237","walletSk":"34f12544-9e4e-4afa-b396-ae4344e17237"}',
    currency: 'SAR',
    amount: 81,
    vat: 0,
    oldBalance: 2533.5,
    newBalance: 2452.5
  }
}

2024-03-29T21:01:13.631Z 2024-03-29T21:01:13.631Z	f77d5f3b-3ab6-5e51-8323-01ba14ef8484	INFO	SubscriptionBalanceUpdated event published

2024-03-29T21:01:13.646Z 2024-03-29T21:01:13.646Z	f77d5f3b-3ab6-5e51-8323-01ba14ef8484	INFO	Processing message 30e820e9-c857-4f16-a89a-b2ef174d3368

2024-03-29T21:01:13.652Z 2024-03-29T21:01:13.652Z	f77d5f3b-3ab6-5e51-8323-01ba14ef8484	INFO	Start syncing the balance {
  transaction: {
    id: '01HT608FH0T35QDJCPRNCW22D6',
    type: 'DEBIT',
    source: 'MANUAL_DEDUCTION',
    action: 'DELIVERY_DEDUCTION',
    userId: '653c01bf-3af2-4c57-87c4-afdaf8b48d59',
    paymentBalance: 952.2,
    updatePaymentBalance: true,
    metadata: '{"walletId":"wallet#653c01bf-3af2-4c57-87c4-afdaf8b48d59","deliveryId":"12b12718-76e6-4dbd-bbb3-ebe8d806d5a5","walletSk":"12b12718-76e6-4dbd-bbb3-ebe8d806d5a5"}',
    currency: 'SAR',
    amount: 39.9,
    vat: 0,
    oldBalance: 992.1,
    newBalance: 952.2
  }
}

2024-03-29T21:01:13.694Z 2024-03-29T21:01:13.694Z	f77d5f3b-3ab6-5e51-8323-01ba14ef8484	INFO	SubscriptionBalanceUpdated event published

2024-03-29T21:01:13.709Z 2024-03-29T21:01:13.709Z	f77d5f3b-3ab6-5e51-8323-01ba14ef8484	INFO	Processing message 072fef59-1520-461f-95f3-4cb4dce5c56b

2024-03-29T21:01:13.716Z 2024-03-29T21:01:13.716Z	f77d5f3b-3ab6-5e51-8323-01ba14ef8484	INFO	Start syncing the balance {
  transaction: {
    id: '01HT608FMJ1SRG6TWA7EWG46VQ',
    type: 'DEBIT',
    source: 'MANUAL_DEDUCTION',
    action: 'DELIVERY_DEDUCTION',
    userId: '446972d3-eff3-4f7b-a94b-7c0c56e5b545',
    paymentBalance: 30.409,
    updatePaymentBalance: true,
    metadata: '{"walletId":"wallet#446972d3-eff3-4f7b-a94b-7c0c56e5b545","deliveryId":"94da6692-24ea-4929-b31e-2788d21214fa","walletSk":"94da6692-24ea-4929-b31e-2788d21214fa"}',
    currency: 'BHD',
    amount: 8,
    vat: 0,
    oldBalance: 38.409,
    newBalance: 30.409
  }
}

2024-03-29T21:01:13.765Z 2024-03-29T21:01:13.765Z	f77d5f3b-3ab6-5e51-8323-01ba14ef8484	INFO	SubscriptionBalanceUpdated event published

2024-03-29T21:01:13.780Z 2024-03-29T21:01:13.780Z	f77d5f3b-3ab6-5e51-8323-01ba14ef8484	INFO	Processing message 0ce85de7-ef27-468e-9ef3-eb9a6a12ca75

2024-03-29T21:01:13.795Z 2024-03-29T21:01:13.795Z	f77d5f3b-3ab6-5e51-8323-01ba14ef8484	INFO	Start syncing the balance {
  transaction: {
    id: '01HT608FSAPZMS19RHDGZX4RXS',
    type: 'DEBIT',
    source: 'MANUAL_DEDUCTION',
    action: 'DELIVERY_DEDUCTION',
    userId: '460733e0-3f51-4cb4-b870-9f1a50ffd1a9',
    paymentBalance: 17.591,
    updatePaymentBalance: true,
    metadata: '{"walletId":"wallet#460733e0-3f51-4cb4-b870-9f1a50ffd1a9","deliveryId":"bf03ae05-769c-4167-b389-62dd44e4c762","walletSk":"bf03ae05-769c-4167-b389-62dd44e4c762"}',
    currency: 'BHD',
    amount: 4,
    vat: 0,
    oldBalance: 21.591,
    newBalance: 17.591
  }
}

2024-03-29T21:01:13.845Z 2024-03-29T21:01:13.845Z	f77d5f3b-3ab6-5e51-8323-01ba14ef8484	INFO	SubscriptionBalanceUpdated event published

2024-03-29T21:01:13.858Z 2024-03-29T21:01:13.858Z	f77d5f3b-3ab6-5e51-8323-01ba14ef8484	INFO	Processing message 906fa406-fb09-432e-a4f1-bee4e6063239

2024-03-29T21:01:13.864Z 2024-03-29T21:01:13.864Z	f77d5f3b-3ab6-5e51-8323-01ba14ef8484	INFO	Start syncing the balance {
  transaction: {
    id: '01HT608FVC3MM4KN43XCHT59G4',
    type: 'DEBIT',
    source: 'MANUAL_DEDUCTION',
    action: 'DELIVERY_DEDUCTION',
    userId: '3c623147-03b8-4887-8357-05fb23aa3f10',
    paymentBalance: 72,
    updatePaymentBalance: true,
    metadata: '{"walletId":"wallet#3c623147-03b8-4887-8357-05fb23aa3f10","deliveryId":"a71bbea4-84a9-4aa3-9647-9df5c981b97f","walletSk":"a71bbea4-84a9-4aa3-9647-9df5c981b97f"}',
    currency: 'BHD',
    amount: 8,
    vat: 0,
    oldBalance: 80,
    newBalance: 72
  }
}

2024-03-29T21:01:13.940Z 2024-03-29T21:01:13.940Z	f77d5f3b-3ab6-5e51-8323-01ba14ef8484	INFO	SubscriptionBalanceUpdated event published

2024-03-29T21:01:13.953Z 2024-03-29T21:01:13.953Z	f77d5f3b-3ab6-5e51-8323-01ba14ef8484	INFO	Processing message b252c6af-0d8e-484e-a639-5a76ba8a5bae

2024-03-29T21:01:13.958Z 2024-03-29T21:01:13.958Z	f77d5f3b-3ab6-5e51-8323-01ba14ef8484	INFO	Start syncing the balance {
  transaction: {
    id: '01HT608FHJ8RXKJGW902RSTRDN',
    type: 'DEBIT',
    source: 'MANUAL_DEDUCTION',
    action: 'DELIVERY_DEDUCTION',
    userId: '8b198b5a-ad5d-41e8-93b8-edb79a887fc2',
    paymentBalance: 72,
    updatePaymentBalance: true,
    metadata: '{"walletId":"wallet#8b198b5a-ad5d-41e8-93b8-edb79a887fc2","deliveryId":"d7c0e15f-253d-4517-b9fb-f233b701776f","walletSk":"d7c0e15f-253d-4517-b9fb-f233b701776f"}',
    currency: 'BHD',
    amount: 8,
    vat: 0,
    oldBalance: 80,
    newBalance: 72
  }
}

2024-03-29T21:01:14.005Z 2024-03-29T21:01:14.005Z	f77d5f3b-3ab6-5e51-8323-01ba14ef8484	INFO	SubscriptionBalanceUpdated event published

2024-03-29T21:01:14.019Z 2024-03-29T21:01:14.019Z	f77d5f3b-3ab6-5e51-8323-01ba14ef8484	INFO	Processing message efe9972c-708a-40f9-bdaf-2df6cd72c89f

2024-03-29T21:01:14.024Z 2024-03-29T21:01:14.024Z	f77d5f3b-3ab6-5e51-8323-01ba14ef8484	INFO	Start syncing the balance {
  transaction: {
    id: '01HT608FVS8FR1K8T2V90W6PP3',
    type: 'DEBIT',
    source: 'MANUAL_DEDUCTION',
    action: 'DELIVERY_DEDUCTION',
    userId: 'c4f83b6a-31d6-4110-95f2-3d46bc1de649',
    paymentBalance: 2365.5,
    updatePaymentBalance: true,
    metadata: '{"walletId":"wallet#c4f83b6a-31d6-4110-95f2-3d46bc1de649","deliveryId":"a1fd5406-e74e-45b3-b6c9-23bae8987c23","walletSk":"a1fd5406-e74e-45b3-b6c9-23bae8987c23"}',
    currency: 'SAR',
    amount: 81,
    vat: 0,
    oldBalance: 2446.5,
    newBalance: 2365.5
  }
}

2024-03-29T21:01:14.066Z 2024-03-29T21:01:14.066Z	f77d5f3b-3ab6-5e51-8323-01ba14ef8484	INFO	SubscriptionBalanceUpdated event published

2024-03-29T21:01:14.079Z 2024-03-29T21:01:14.079Z	f77d5f3b-3ab6-5e51-8323-01ba14ef8484	INFO	Processing message 7bdd2973-0d4c-4e4b-b780-994868199e47

2024-03-29T21:01:14.084Z 2024-03-29T21:01:14.084Z	f77d5f3b-3ab6-5e51-8323-01ba14ef8484	INFO	Start syncing the balance {
  transaction: {
    id: '01HT608FRZ4TTZEP1EJ0YKPZ19',
    type: 'DEBIT',
    source: 'MANUAL_DEDUCTION',
    action: 'DELIVERY_DEDUCTION',
    userId: '08c62826-f3ab-4e34-b32d-4bfdf5c3123f',
    paymentBalance: 1440,
    updatePaymentBalance: true,
    metadata: '{"walletId":"wallet#08c62826-f3ab-4e34-b32d-4bfdf5c3123f","deliveryId":"d175b2bb-a26f-4118-b724-250058195f29","walletSk":"d175b2bb-a26f-4118-b724-250058195f29"}',
    currency: 'SAR',
    amount: 90,
    vat: 0,
    oldBalance: 1530,
    newBalance: 1440
  }
}

2024-03-29T21:01:14.151Z 2024-03-29T21:01:14.151Z	f77d5f3b-3ab6-5e51-8323-01ba14ef8484	INFO	SubscriptionBalanceUpdated event published

2024-03-29T21:01:14.165Z 2024-03-29T21:01:14.165Z	f77d5f3b-3ab6-5e51-8323-01ba14ef8484	INFO	Processing message 6dd89734-83a7-4205-adf6-9d5dbd37ea2c

2024-03-29T21:01:14.170Z 2024-03-29T21:01:14.170Z	f77d5f3b-3ab6-5e51-8323-01ba14ef8484	INFO	Start syncing the balance {
  transaction: {
    id: '01HT608FXC6642EJMDJ1RFM5QZ',
    type: 'DEBIT',
    source: 'MANUAL_DEDUCTION',
    action: 'DELIVERY_DEDUCTION',
    userId: '5bc3c6b5-3049-4d37-9f04-c36bcb6de4a2',
    paymentBalance: 76385.136,
    updatePaymentBalance: true,
    metadata: '{"walletId":"wallet#5bc3c6b5-3049-4d37-9f04-c36bcb6de4a2","deliveryId":"7f57cec1-1b6c-4891-b53e-25ea7cdbcc68","walletSk":"7f57cec1-1b6c-4891-b53e-25ea7cdbcc68"}',
    currency: 'BHD',
    amount: 53,
    vat: 0,
    oldBalance: 76491.13636363637,
    newBalance: 76438.136
  }
}

2024-03-29T21:01:14.211Z 2024-03-29T21:01:14.211Z	f77d5f3b-3ab6-5e51-8323-01ba14ef8484	INFO	SubscriptionBalanceUpdated event published

2024-03-29T21:01:14.225Z 2024-03-29T21:01:14.225Z	f77d5f3b-3ab6-5e51-8323-01ba14ef8484	ERROR	Subscription balance and payment balance are not in sync {
  userId: '5bc3c6b5-3049-4d37-9f04-c36bcb6de4a2',
  subscriptionBalance: 76438.136,
  paymentBalance: 76385.136
}

2024-03-29T21:01:14.240Z 2024-03-29T21:01:14.240Z	f77d5f3b-3ab6-5e51-8323-01ba14ef8484	INFO	Processing message d3fd9c02-c524-46f6-b506-a2269af8c3a4

2024-03-29T21:01:14.246Z 2024-03-29T21:01:14.246Z	f77d5f3b-3ab6-5e51-8323-01ba14ef8484	INFO	Start syncing the balance {
  transaction: {
    id: '01HT608G1S6P1M4Y7JETKRN7YZ',
    type: 'DEBIT',
    source: 'MANUAL_DEDUCTION',
    action: 'DELIVERY_DEDUCTION',
    userId: 'f434d164-8656-429c-a7c9-fc4ab238f377',
    paymentBalance: 10.909,
    updatePaymentBalance: true,
    metadata: '{"walletId":"wallet#f434d164-8656-429c-a7c9-fc4ab238f377","deliveryId":"620d5829-987e-4fcc-91bc-7e1797dcbac2","walletSk":"620d5829-987e-4fcc-91bc-7e1797dcbac2"}',
    currency: 'BHD',
    amount: 4,
    vat: 0,
    oldBalance: 14.909,
    newBalance: 10.909
  }
}

2024-03-29T21:01:14.286Z 2024-03-29T21:01:14.286Z	f77d5f3b-3ab6-5e51-8323-01ba14ef8484	INFO	SubscriptionBalanceUpdated event published

2024-03-29T21:01:14.300Z END RequestId: f77d5f3b-3ab6-5e51-8323-01ba14ef8484

2024-03-29T21:01:14.300Z REPORT RequestId: f77d5f3b-3ab6-5e51-8323-01ba14ef8484	Duration: 750.29 ms	Billed Duration: 751 ms	Memory Size: 1024 MB	Max Memory Used: 129 MB	
XRAY TraceId: 1-66072c19-cb1204bd7afdcc582db80cbc	SegmentId: 0421d2987464c5f2	Sampled: true	

2024-03-29T21:01:14.371Z START RequestId: ec83e8bd-fef7-5cd9-b6ee-b63cd0ad660c Version: $LATEST

2024-03-29T21:01:14.398Z 2024-03-29T21:01:14.398Z	ec83e8bd-fef7-5cd9-b6ee-b63cd0ad660c	INFO	Processing message 41a885ea-9690-430d-ad3e-ee62bf9c09f5

2024-03-29T21:01:14.404Z 2024-03-29T21:01:14.404Z	ec83e8bd-fef7-5cd9-b6ee-b63cd0ad660c	INFO	Start syncing the balance {
  transaction: {
    id: '01HT608HBRC8NGNXTC9TH8588H',
    type: 'DEBIT',
    source: 'MANUAL_DEDUCTION',
    action: 'DELIVERY_DEDUCTION',
    userId: '133b402d-c353-4365-a759-d84e09c4533d',
    paymentBalance: 9222.6,
    updatePaymentBalance: true,
    metadata: '{"walletId":"wallet#133b402d-c353-4365-a759-d84e09c4533d","deliveryId":"2eba9f0d-1a38-49cf-a091-e423422dad4e","walletSk":"2eba9f0d-1a38-49cf-a091-e423422dad4e"}',
    currency: 'BHD',
    amount: 6.5,
    vat: 0,
    oldBalance: 9229.1,
    newBalance: 9222.6
  }
}

2024-03-29T21:01:14.448Z 2024-03-29T21:01:14.448Z	ec83e8bd-fef7-5cd9-b6ee-b63cd0ad660c	INFO	SubscriptionBalanceUpdated event published

2024-03-29T21:01:14.659Z 2024-03-29T21:01:14.659Z	ec83e8bd-fef7-5cd9-b6ee-b63cd0ad660c	INFO	Processing message ddce8425-95af-438f-ac0b-4c9cc9106dc1

2024-03-29T21:01:14.664Z 2024-03-29T21:01:14.664Z	ec83e8bd-fef7-5cd9-b6ee-b63cd0ad660c	INFO	Start syncing the balance {
  transaction: {
    id: '01HT608HB8X63BEGM9J0RV0VMD',
    type: 'DEBIT',
    source: 'MANUAL_DEDUCTION',
    action: 'DELIVERY_DEDUCTION',
    userId: 'ece6e6f5-4a6a-4dd2-8845-e1cf9c417526',
    paymentBalance: 64.909,
    updatePaymentBalance: true,
    metadata: '{"walletId":"wallet#ece6e6f5-4a6a-4dd2-8845-e1cf9c417526","deliveryId":"8bd2ed01-935b-4805-8fc7-c7f4e1141260","walletSk":"8bd2ed01-935b-4805-8fc7-c7f4e1141260"}',
    currency: 'BHD',
    amount: 8,
    vat: 0,
    oldBalance: 72.909,
    newBalance: 64.909
  }
}

2024-03-29T21:01:14.708Z 2024-03-29T21:01:14.708Z	ec83e8bd-fef7-5cd9-b6ee-b63cd0ad660c	INFO	SubscriptionBalanceUpdated event published

2024-03-29T21:01:14.722Z 2024-03-29T21:01:14.722Z	ec83e8bd-fef7-5cd9-b6ee-b63cd0ad660c	INFO	Processing message 8379b447-c391-40fc-9cf1-047082cd32b1

2024-03-29T21:01:14.727Z 2024-03-29T21:01:14.727Z	ec83e8bd-fef7-5cd9-b6ee-b63cd0ad660c	INFO	Start syncing the balance {
  transaction: {
    id: '01HT608HEERNKK7M3H47TW9DJ2',
    type: 'DEBIT',
    source: 'MANUAL_DEDUCTION',
    action: 'DELIVERY_DEDUCTION',
    userId: 'a1ec0f12-9aaa-42cf-ba7a-b74b41e2710d',
    paymentBalance: 72,
    updatePaymentBalance: true,
    metadata: '{"walletId":"wallet#a1ec0f12-9aaa-42cf-ba7a-b74b41e2710d","deliveryId":"95e31734-349a-4c10-af66-c79da58a5446","walletSk":"95e31734-349a-4c10-af66-c79da58a5446"}',
    currency: 'BHD',
    amount: 8,
    vat: 0,
    oldBalance: 80,
    newBalance: 72
  }
}

2024-03-29T21:01:14.781Z 2024-03-29T21:01:14.781Z	ec83e8bd-fef7-5cd9-b6ee-b63cd0ad660c	INFO	SubscriptionBalanceUpdated event published

2024-03-29T21:01:14.798Z END RequestId: ec83e8bd-fef7-5cd9-b6ee-b63cd0ad660c

2024-03-29T21:01:14.798Z REPORT RequestId: ec83e8bd-fef7-5cd9-b6ee-b63cd0ad660c	Duration: 427.44 ms	Billed Duration: 428 ms	Memory Size: 1024 MB	Max Memory Used: 129 MB	

2024-03-29T21:01:15.706Z START RequestId: dd7a5d33-0a55-529b-9d0b-03b2240e084e Version: $LATEST

2024-03-29T21:01:15.736Z 2024-03-29T21:01:15.736Z	dd7a5d33-0a55-529b-9d0b-03b2240e084e	INFO	Processing message b6dae546-97d8-4f2f-b7bf-7b376e60fa8d

2024-03-29T21:01:15.743Z 2024-03-29T21:01:15.743Z	dd7a5d33-0a55-529b-9d0b-03b2240e084e	INFO	Start syncing the balance {
  transaction: {
    id: '01HT608JV02SMXYJKHFKGV4D74',
    type: 'DEBIT',
    source: 'MANUAL_DEDUCTION',
    action: 'DELIVERY_DEDUCTION',
    userId: 'd8e22713-a177-4738-bdb6-e48b189eb487',
    paymentBalance: 104.5,
    updatePaymentBalance: true,
    metadata: '{"walletId":"wallet#d8e22713-a177-4738-bdb6-e48b189eb487","deliveryId":"d9f093c1-75d5-4ef1-8311-10ffefffa34c","walletSk":"d9f093c1-75d5-4ef1-8311-10ffefffa34c"}',
    currency: 'KWD',
    amount: 8.5,
    vat: 0,
    oldBalance: 113,
    newBalance: 104.5
  }
}

2024-03-29T21:01:15.787Z 2024-03-29T21:01:15.787Z	dd7a5d33-0a55-529b-9d0b-03b2240e084e	INFO	SubscriptionBalanceUpdated event published

2024-03-29T21:01:15.802Z END RequestId: dd7a5d33-0a55-529b-9d0b-03b2240e084e

2024-03-29T21:01:15.802Z REPORT RequestId: dd7a5d33-0a55-529b-9d0b-03b2240e084e	Duration: 95.98 ms	Billed Duration: 96 ms	Memory Size: 1024 MB	Max Memory Used: 129 MB	

2024-03-29T21:01:15.830Z START RequestId: 7c9797d8-1f30-536e-947a-c959316bb9bb Version: $LATEST

2024-03-29T21:01:15.856Z 2024-03-29T21:01:15.856Z	7c9797d8-1f30-536e-947a-c959316bb9bb	INFO	Processing message d602fc31-a944-4ce1-b177-3eecf2ee9351

2024-03-29T21:01:15.862Z 2024-03-29T21:01:15.862Z	7c9797d8-1f30-536e-947a-c959316bb9bb	INFO	Start syncing the balance {
  transaction: {
    id: '01HT608JQH71WDWF2BYMWT86WH',
    type: 'DEBIT',
    source: 'MANUAL_DEDUCTION',
    action: 'DELIVERY_DEDUCTION',
    userId: 'ec5a25e9-6a06-43fa-9eca-0e31ec111076',
    paymentBalance: 3389.878,
    updatePaymentBalance: true,
    metadata: '{"walletId":"wallet#ec5a25e9-6a06-43fa-9eca-0e31ec111076","deliveryId":"12b00443-d7f3-4af5-bdd3-25629d5453e1","walletSk":"12b00443-d7f3-4af5-bdd3-25629d5453e1"}',
    currency: 'BHD',
    amount: 9,
    vat: 0,
    oldBalance: 184.181,
    newBalance: 175.181
  }
}

2024-03-29T21:01:15.906Z 2024-03-29T21:01:15.906Z	7c9797d8-1f30-536e-947a-c959316bb9bb	INFO	SubscriptionBalanceUpdated event published

2024-03-29T21:01:15.922Z 2024-03-29T21:01:15.922Z	7c9797d8-1f30-536e-947a-c959316bb9bb	ERROR	Subscription balance and payment balance are not in sync {
  userId: 'ec5a25e9-6a06-43fa-9eca-0e31ec111076',
  subscriptionBalance: 175.181,
  paymentBalance: 3389.878
}

2024-03-29T21:01:15.938Z 2024-03-29T21:01:15.938Z	7c9797d8-1f30-536e-947a-c959316bb9bb	INFO	Processing message 01392bdc-e8ba-41ad-8cf1-86849cd31994

2024-03-29T21:01:15.944Z 2024-03-29T21:01:15.944Z	7c9797d8-1f30-536e-947a-c959316bb9bb	INFO	Start syncing the balance {
  transaction: {
    id: '01HT608JZDRJETBH8KDPY0HWM9',
    type: 'DEBIT',
    source: 'MANUAL_DEDUCTION',
    action: 'DELIVERY_DEDUCTION',
    userId: '42df422f-7763-4677-954d-6cad41429c49',
    paymentBalance: 72,
    updatePaymentBalance: true,
    metadata: '{"walletId":"wallet#42df422f-7763-4677-954d-6cad41429c49","deliveryId":"70bc719c-c09c-4e77-a814-b9c3fede5634","walletSk":"70bc719c-c09c-4e77-a814-b9c3fede5634"}',
    currency: 'BHD',
    amount: 8,
    vat: 0,
    oldBalance: 80,
    newBalance: 72
  }
}

2024-03-29T21:01:15.985Z 2024-03-29T21:01:15.985Z	7c9797d8-1f30-536e-947a-c959316bb9bb	INFO	SubscriptionBalanceUpdated event published

2024-03-29T21:01:15.996Z 2024-03-29T21:01:15.996Z	7c9797d8-1f30-536e-947a-c959316bb9bb	INFO	Processing message 7a26f929-6730-499b-8f7a-881cb9003885

2024-03-29T21:01:16.002Z 2024-03-29T21:01:16.002Z	7c9797d8-1f30-536e-947a-c959316bb9bb	INFO	Start syncing the balance {
  transaction: {
    id: '01HT608JF8KPAVNZ2AP1ZH2ZYE',
    type: 'DEBIT',
    source: 'MANUAL_DEDUCTION',
    action: 'DELIVERY_DEDUCTION',
    userId: '52ebb322-696b-423b-bd79-2de604defbdd',
    paymentBalance: 2855.01,
    updatePaymentBalance: true,
    metadata: '{"walletId":"wallet#52ebb322-696b-423b-bd79-2de604defbdd","deliveryId":"fdfcac7e-aa26-49e0-9ab4-714fdaf2e9a8","walletSk":"fdfcac7e-aa26-49e0-9ab4-714fdaf2e9a8"}',
    currency: 'SAR',
    amount: 42,
    vat: 0,
    oldBalance: 424,
    newBalance: 382
  }
}

2024-03-29T21:01:16.050Z 2024-03-29T21:01:16.050Z	7c9797d8-1f30-536e-947a-c959316bb9bb	INFO	SubscriptionBalanceUpdated event published

2024-03-29T21:01:16.066Z 2024-03-29T21:01:16.066Z	7c9797d8-1f30-536e-947a-c959316bb9bb	ERROR	Subscription balance and payment balance are not in sync {
  userId: '52ebb322-696b-423b-bd79-2de604defbdd',
  subscriptionBalance: 382,
  paymentBalance: 2855.01
}

2024-03-29T21:01:16.103Z 2024-03-29T21:01:16.103Z	7c9797d8-1f30-536e-947a-c959316bb9bb	INFO	Processing message 574d89e4-ba6f-4797-9255-df57d1ccaed1

2024-03-29T21:01:16.109Z 2024-03-29T21:01:16.109Z	7c9797d8-1f30-536e-947a-c959316bb9bb	INFO	Start syncing the balance {
  transaction: {
    id: '01HT608JSA3N6TT1M5PKG57Q6E',
    type: 'DEBIT',
    source: 'MANUAL_DEDUCTION',
    action: 'DELIVERY_DEDUCTION',
    userId: '1b3be8bc-3813-4dff-b42c-43efbdcfc5ae',
    paymentBalance: 1294,
    updatePaymentBalance: true,
    metadata: '{"walletId":"wallet#1b3be8bc-3813-4dff-b42c-43efbdcfc5ae","deliveryId":"379be2a4-c12d-4bf0-a663-b0c97c17dc8c","walletSk":"379be2a4-c12d-4bf0-a663-b0c97c17dc8c"}',
    currency: 'BHD',
    amount: 9,
    vat: 0,
    oldBalance: 162,
    newBalance: 153
  }
}

2024-03-29T21:01:16.156Z 2024-03-29T21:01:16.156Z	7c9797d8-1f30-536e-947a-c959316bb9bb	INFO	SubscriptionBalanceUpdated event published

2024-03-29T21:01:16.168Z 2024-03-29T21:01:16.168Z	7c9797d8-1f30-536e-947a-c959316bb9bb	ERROR	Subscription balance and payment balance are not in sync {
  userId: '1b3be8bc-3813-4dff-b42c-43efbdcfc5ae',
  subscriptionBalance: 153,
  paymentBalance: 1294
}

2024-03-29T21:01:16.182Z END RequestId: 7c9797d8-1f30-536e-947a-c959316bb9bb

2024-03-29T21:01:16.182Z REPORT RequestId: 7c9797d8-1f30-536e-947a-c959316bb9bb	Duration: 352.11 ms	Billed Duration: 353 ms	Memory Size: 1024 MB	Max Memory Used: 129 MB	

2024-03-29T21:01:16.247Z START RequestId: ea192710-161c-5847-981b-799138400292 Version: $LATEST

2024-03-29T21:01:16.271Z 2024-03-29T21:01:16.271Z	ea192710-161c-5847-981b-799138400292	INFO	Processing message 31ae81e7-f9a7-44f7-8772-cb5d6d4166c6

2024-03-29T21:01:16.277Z 2024-03-29T21:01:16.277Z	ea192710-161c-5847-981b-799138400292	INFO	Start syncing the balance {
  transaction: {
    id: '01HT608K8FT9W6CF1T5TPJD6T0',
    type: 'DEBIT',
    source: 'MANUAL_DEDUCTION',
    action: 'DELIVERY_DEDUCTION',
    userId: '660c08ce-e429-44cc-8f56-d05deea2018e',
    paymentBalance: 19830,
    updatePaymentBalance: true,
    metadata: '{"walletId":"wallet#660c08ce-e429-44cc-8f56-d05deea2018e","deliveryId":"8d776b39-b1bf-4474-92bc-b2e6d4c90f65","walletSk":"8d776b39-b1bf-4474-92bc-b2e6d4c90f65"}',
    currency: 'BHD',
    amount: 10,
    vat: 0,
    oldBalance: 19840,
    newBalance: 19830
  }
}

2024-03-29T21:01:16.320Z 2024-03-29T21:01:16.320Z	ea192710-161c-5847-981b-799138400292	INFO	SubscriptionBalanceUpdated event published

2024-03-29T21:01:16.333Z END RequestId: ea192710-161c-5847-981b-799138400292

2024-03-29T21:01:16.333Z REPORT RequestId: ea192710-161c-5847-981b-799138400292	Duration: 86.38 ms	Billed Duration: 87 ms	Memory Size: 1024 MB	Max Memory Used: 129 MB	

2024-03-29T21:01:16.432Z START RequestId: 00a8777a-2fc1-5ca1-8a7a-29fb019d3674 Version: $LATEST

2024-03-29T21:01:16.448Z 2024-03-29T21:01:16.448Z	00a8777a-2fc1-5ca1-8a7a-29fb019d3674	INFO	Processing message 6cece974-8d6b-4a1d-a7b6-df17e0e84c41

2024-03-29T21:01:16.454Z 2024-03-29T21:01:16.454Z	00a8777a-2fc1-5ca1-8a7a-29fb019d3674	INFO	Start syncing the balance {
  transaction: {
    id: '01HT608K9KPYADQSJZN1TT288B',
    type: 'DEBIT',
    source: 'MANUAL_DEDUCTION',
    action: 'DELIVERY_DEDUCTION',
    userId: '803ab6c9-5b94-46b4-8464-62796540a4ff',
    paymentBalance: 9824,
    updatePaymentBalance: true,
    metadata: '{"walletId":"wallet#803ab6c9-5b94-46b4-8464-62796540a4ff","deliveryId":"9d1d49c7-9b21-4f2b-9548-f10c7a87d68b","walletSk":"9d1d49c7-9b21-4f2b-9548-f10c7a87d68b"}',
    currency: 'BHD',
    amount: 8,
    vat: 0,
    oldBalance: 9832,
    newBalance: 9824
  }
}

2024-03-29T21:01:16.494Z 2024-03-29T21:01:16.494Z	00a8777a-2fc1-5ca1-8a7a-29fb019d3674	INFO	SubscriptionBalanceUpdated event published

2024-03-29T21:01:16.508Z 2024-03-29T21:01:16.508Z	00a8777a-2fc1-5ca1-8a7a-29fb019d3674	INFO	Processing message a297a03d-6264-4f60-86e3-01cb8b521204

2024-03-29T21:01:16.513Z 2024-03-29T21:01:16.513Z	00a8777a-2fc1-5ca1-8a7a-29fb019d3674	INFO	Start syncing the balance {
  transaction: {
    id: '01HT608KB8TDPNAB305GT7P447',
    type: 'DEBIT',
    source: 'MANUAL_DEDUCTION',
    action: 'DELIVERY_DEDUCTION',
    userId: 'abf660cd-113f-4fe2-8fff-ad9e33e54df3',
    paymentBalance: 1363,
    updatePaymentBalance: true,
    metadata: '{"walletId":"wallet#abf660cd-113f-4fe2-8fff-ad9e33e54df3","deliveryId":"43f596b9-e718-4355-9c6e-658b9fe90f53","walletSk":"43f596b9-e718-4355-9c6e-658b9fe90f53"}',
    currency: 'BHD',
    amount: 6,
    vat: 0,
    oldBalance: 1369,
    newBalance: 1363
  }
}

2024-03-29T21:01:16.556Z 2024-03-29T21:01:16.556Z	00a8777a-2fc1-5ca1-8a7a-29fb019d3674	INFO	SubscriptionBalanceUpdated event published

2024-03-29T21:01:16.568Z 2024-03-29T21:01:16.568Z	00a8777a-2fc1-5ca1-8a7a-29fb019d3674	INFO	Processing message 7731fa9c-03ff-4876-a727-df07d4d9791a

2024-03-29T21:01:16.576Z 2024-03-29T21:01:16.576Z	00a8777a-2fc1-5ca1-8a7a-29fb019d3674	INFO	Start syncing the balance {
  transaction: {
    id: '01HT608KEA5V0ARPYHHBK5GAFY',
    type: 'DEBIT',
    source: 'MANUAL_DEDUCTION',
    action: 'DELIVERY_DEDUCTION',
    userId: '1a65135a-58fd-4db7-aaaa-5a2a8b799470',
    paymentBalance: 64,
    updatePaymentBalance: true,
    metadata: '{"walletId":"wallet#1a65135a-58fd-4db7-aaaa-5a2a8b799470","deliveryId":"045e565f-cbf4-496a-9673-906409aaf4fd","walletSk":"045e565f-cbf4-496a-9673-906409aaf4fd"}',
    currency: 'BHD',
    amount: 8,
    vat: 0,
    oldBalance: 72,
    newBalance: 64
  }
}

2024-03-29T21:01:16.713Z 2024-03-29T21:01:16.713Z	00a8777a-2fc1-5ca1-8a7a-29fb019d3674	INFO	SubscriptionBalanceUpdated event published

2024-03-29T21:01:16.729Z 2024-03-29T21:01:16.729Z	00a8777a-2fc1-5ca1-8a7a-29fb019d3674	INFO	Processing message 9616ce9b-cb30-4108-8fa4-d912e1a5e7ec

2024-03-29T21:01:16.734Z 2024-03-29T21:01:16.734Z	00a8777a-2fc1-5ca1-8a7a-29fb019d3674	INFO	Start syncing the balance {
  transaction: {
    id: '01HT608KC4FCJ5PBP5DR1KSW8Q',
    type: 'DEBIT',
    source: 'MANUAL_DEDUCTION',
    action: 'DELIVERY_DEDUCTION',
    userId: '148aacab-07be-4a6a-8827-a02ea043df6a',
    paymentBalance: 1100,
    updatePaymentBalance: true,
    metadata: '{"walletId":"wallet#148aacab-07be-4a6a-8827-a02ea043df6a","deliveryId":"52d60a05-dcf7-4c22-8d77-e1775f3306ba","walletSk":"52d60a05-dcf7-4c22-8d77-e1775f3306ba"}',
    currency: 'SAR',
    amount: 100,
    vat: 0,
    oldBalance: 1200,
    newBalance: 1100
  }
}

2024-03-29T21:01:16.775Z 2024-03-29T21:01:16.775Z	00a8777a-2fc1-5ca1-8a7a-29fb019d3674	INFO	SubscriptionBalanceUpdated event published

2024-03-29T21:01:16.786Z 2024-03-29T21:01:16.786Z	00a8777a-2fc1-5ca1-8a7a-29fb019d3674	INFO	Processing message 47229667-1293-4336-bdf1-ed97411e75ea

2024-03-29T21:01:16.792Z 2024-03-29T21:01:16.792Z	00a8777a-2fc1-5ca1-8a7a-29fb019d3674	INFO	Start syncing the balance {
  transaction: {
    id: '01HT608KGNRRQCX60T90X7CP5R',
    type: 'DEBIT',
    source: 'MANUAL_DEDUCTION',
    action: 'DELIVERY_DEDUCTION',
    userId: '92ac8ff5-8656-4055-89c4-8f46420df86b',
    paymentBalance: 126,
    updatePaymentBalance: true,
    metadata: '{"walletId":"wallet#92ac8ff5-8656-4055-89c4-8f46420df86b","deliveryId":"280a523f-939a-4f21-b0b5-da0d5c3277ac","walletSk":"280a523f-939a-4f21-b0b5-da0d5c3277ac"}',
    currency: 'BHD',
    amount: 9,
    vat: 0,
    oldBalance: 135,
    newBalance: 126
  }
}

2024-03-29T21:01:16.841Z 2024-03-29T21:01:16.841Z	00a8777a-2fc1-5ca1-8a7a-29fb019d3674	INFO	SubscriptionBalanceUpdated event published

2024-03-29T21:01:16.855Z END RequestId: 00a8777a-2fc1-5ca1-8a7a-29fb019d3674

2024-03-29T21:01:16.855Z REPORT RequestId: 00a8777a-2fc1-5ca1-8a7a-29fb019d3674	Duration: 423.14 ms	Billed Duration: 424 ms	Memory Size: 1024 MB	Max Memory Used: 130 MB	

2024-03-29T21:01:17.064Z START RequestId: 6c8467ee-b6bb-5610-85df-396f98e61cc5 Version: $LATEST

2024-03-29T21:01:17.092Z 2024-03-29T21:01:17.092Z	6c8467ee-b6bb-5610-85df-396f98e61cc5	INFO	Processing message 1a9d08e0-5459-4b6c-8385-a9b6e153ada5

2024-03-29T21:01:17.097Z 2024-03-29T21:01:17.097Z	6c8467ee-b6bb-5610-85df-396f98e61cc5	INFO	Start syncing the balance {
  transaction: {
    id: '01HT608KW9SR321HAVJ5PGKBG4',
    type: 'DEBIT',
    source: 'MANUAL_DEDUCTION',
    action: 'DELIVERY_DEDUCTION',
    userId: '1ee44c0f-cc07-4d36-b5ed-93d121e4f4d2',
    paymentBalance: 104,
    updatePaymentBalance: true,
    metadata: '{"walletId":"wallet#1ee44c0f-cc07-4d36-b5ed-93d121e4f4d2","deliveryId":"0f8b08d4-657b-48e4-97bd-4e35273f2786","walletSk":"0f8b08d4-657b-48e4-97bd-4e35273f2786"}',
    currency: 'BHD',
    amount: 8,
    vat: 0,
    oldBalance: 112,
    newBalance: 104
  }
}

2024-03-29T21:01:17.148Z 2024-03-29T21:01:17.148Z	6c8467ee-b6bb-5610-85df-396f98e61cc5	INFO	SubscriptionBalanceUpdated event published

2024-03-29T21:01:17.331Z 2024-03-29T21:01:17.331Z	6c8467ee-b6bb-5610-85df-396f98e61cc5	INFO	Processing message f8416b5b-d9e2-4702-afbd-8f6404af45c5

2024-03-29T21:01:17.337Z 2024-03-29T21:01:17.337Z	6c8467ee-b6bb-5610-85df-396f98e61cc5	INFO	Start syncing the balance {
  transaction: {
    id: '01HT608M1EXTHGS9WHFVWNMSS2',
    type: 'DEBIT',
    source: 'MANUAL_DEDUCTION',
    action: 'DELIVERY_DEDUCTION',
    userId: 'c46976ec-7a7b-444f-b623-ba5ddea493e9',
    paymentBalance: 172,
    updatePaymentBalance: true,
    metadata: '{"walletId":"wallet#c46976ec-7a7b-444f-b623-ba5ddea493e9","deliveryId":"d120dfdc-56fe-4f12-8f1d-762fc7a2b50d","walletSk":"d120dfdc-56fe-4f12-8f1d-762fc7a2b50d"}',
    currency: 'BHD',
    amount: 4,
    vat: 0,
    oldBalance: 176,
    newBalance: 172
  }
}

2024-03-29T21:01:17.379Z 2024-03-29T21:01:17.379Z	6c8467ee-b6bb-5610-85df-396f98e61cc5	INFO	SubscriptionBalanceUpdated event published

2024-03-29T21:01:17.393Z 2024-03-29T21:01:17.393Z	6c8467ee-b6bb-5610-85df-396f98e61cc5	INFO	Processing message e8db959e-25e0-4003-b051-1999696c5a73

2024-03-29T21:01:17.398Z 2024-03-29T21:01:17.398Z	6c8467ee-b6bb-5610-85df-396f98e61cc5	INFO	Start syncing the balance {
  transaction: {
    id: '01HT608KY3PR3NZ6FN5RDRE0FE',
    type: 'DEBIT',
    source: 'MANUAL_DEDUCTION',
    action: 'DELIVERY_DEDUCTION',
    userId: '5afbb073-9784-45f8-ad1d-5cda26f45748',
    paymentBalance: 283,
    updatePaymentBalance: true,
    metadata: '{"walletId":"wallet#5afbb073-9784-45f8-ad1d-5cda26f45748","deliveryId":"e567cf9c-0f74-4ec1-9b5c-6ba1636e55ac","walletSk":"e567cf9c-0f74-4ec1-9b5c-6ba1636e55ac"}',
    currency: 'BHD',
    amount: 9,
    vat: 0,
    oldBalance: 162,
    newBalance: 153
  }
}

2024-03-29T21:01:17.441Z 2024-03-29T21:01:17.441Z	6c8467ee-b6bb-5610-85df-396f98e61cc5	INFO	SubscriptionBalanceUpdated event published

2024-03-29T21:01:17.454Z 2024-03-29T21:01:17.454Z	6c8467ee-b6bb-5610-85df-396f98e61cc5	ERROR	Subscription balance and payment balance are not in sync {
  userId: '5afbb073-9784-45f8-ad1d-5cda26f45748',
  subscriptionBalance: 153,
  paymentBalance: 283
}

2024-03-29T21:01:17.470Z 2024-03-29T21:01:17.470Z	6c8467ee-b6bb-5610-85df-396f98e61cc5	INFO	Processing message b5cf8854-5853-4a5d-8e71-4097f210daac

2024-03-29T21:01:17.475Z 2024-03-29T21:01:17.475Z	6c8467ee-b6bb-5610-85df-396f98e61cc5	INFO	Start syncing the balance {
  transaction: {
    id: '01HT608M16ZZ4Z8KZ2N7HRGY8B',
    type: 'DEBIT',
    source: 'MANUAL_DEDUCTION',
    action: 'DELIVERY_DEDUCTION',
    userId: 'd27554f1-9cdb-42c1-9164-330927006961',
    paymentBalance: 9,
    updatePaymentBalance: true,
    metadata: '{"walletId":"wallet#d27554f1-9cdb-42c1-9164-330927006961","deliveryId":"147e9cd9-eaa5-4e92-bc34-60b694a9de45","walletSk":"147e9cd9-eaa5-4e92-bc34-60b694a9de45"}',
    currency: 'BHD',
    amount: 9,
    vat: 0,
    oldBalance: 18,
    newBalance: 9
  }
}

2024-03-29T21:01:17.518Z 2024-03-29T21:01:17.518Z	6c8467ee-b6bb-5610-85df-396f98e61cc5	INFO	SubscriptionBalanceUpdated event published

2024-03-29T21:01:17.533Z END RequestId: 6c8467ee-b6bb-5610-85df-396f98e61cc5

2024-03-29T21:01:17.533Z REPORT RequestId: 6c8467ee-b6bb-5610-85df-396f98e61cc5	Duration: 469.34 ms	Billed Duration: 470 ms	Memory Size: 1024 MB	Max Memory Used: 130 MB	
XRAY TraceId: 1-66072c1d-3a57e64b6be95163e482867b	SegmentId: 7436ee364aaffc86	Sampled: true	

2024-03-29T21:01:17.714Z START RequestId: 95304562-af26-57da-ba51-1be3817b0d0f Version: $LATEST

2024-03-29T21:01:17.740Z 2024-03-29T21:01:17.740Z	95304562-af26-57da-ba51-1be3817b0d0f	INFO	Processing message ee8fb216-8635-4da7-922b-c75af21a8ea5

2024-03-29T21:01:17.747Z 2024-03-29T21:01:17.747Z	95304562-af26-57da-ba51-1be3817b0d0f	INFO	Start syncing the balance {
  transaction: {
    id: '01HT608MQA08G33CZZ9PRTK1QG',
    type: 'DEBIT',
    source: 'MANUAL_DEDUCTION',
    action: 'DELIVERY_DEDUCTION',
    userId: '48a233cd-3852-496d-a981-f71f5ece3617',
    paymentBalance: 72,
    updatePaymentBalance: true,
    metadata: '{"walletId":"wallet#48a233cd-3852-496d-a981-f71f5ece3617","deliveryId":"45a39dae-d7d3-4280-8bd9-d1fff094df5e","walletSk":"45a39dae-d7d3-4280-8bd9-d1fff094df5e"}',
    currency: 'BHD',
    amount: 8,
    vat: 0,
    oldBalance: 80,
    newBalance: 72
  }
}

2024-03-29T21:01:17.783Z 2024-03-29T21:01:17.783Z	95304562-af26-57da-ba51-1be3817b0d0f	INFO	SubscriptionBalanceUpdated event published

2024-03-29T21:01:17.799Z END RequestId: 95304562-af26-57da-ba51-1be3817b0d0f

2024-03-29T21:01:17.799Z REPORT RequestId: 95304562-af26-57da-ba51-1be3817b0d0f	Duration: 85.02 ms	Billed Duration: 86 ms	Memory Size: 1024 MB	Max Memory Used: 130 MB	

2024-03-29T21:01:18.430Z START RequestId: c13f5b21-0ba7-541f-9d4c-05a025f06f97 Version: $LATEST

2024-03-29T21:01:18.458Z 2024-03-29T21:01:18.458Z	c13f5b21-0ba7-541f-9d4c-05a025f06f97	INFO	Processing message 02954c8e-baab-47d8-8730-399ee018e8b5

2024-03-29T21:01:18.465Z 2024-03-29T21:01:18.465Z	c13f5b21-0ba7-541f-9d4c-05a025f06f97	INFO	Start syncing the balance {
  transaction: {
    id: '01HT608C6K4W51HJQRES73029H',
    type: 'DEBIT',
    source: 'MANUAL_DEDUCTION',
    action: 'DELIVERY_DEDUCTION',
    userId: '31ff3bfa-4a07-4ddd-b4ce-b3b7a8211975',
    paymentBalance: 88,
    updatePaymentBalance: true,
    metadata: '{"walletId":"wallet#31ff3bfa-4a07-4ddd-b4ce-b3b7a8211975","deliveryId":"c21a1eeb-37c4-4f0a-bbd7-7e5b2e00c6c0","walletSk":"c21a1eeb-37c4-4f0a-bbd7-7e5b2e00c6c0"}',
    currency: 'BHD',
    amount: 8,
    vat: 0,
    oldBalance: 96,
    newBalance: 88
  }
}

2024-03-29T21:01:18.506Z 2024-03-29T21:01:18.506Z	c13f5b21-0ba7-541f-9d4c-05a025f06f97	INFO	SubscriptionBalanceUpdated event published

2024-03-29T21:01:18.516Z 2024-03-29T21:01:18.516Z	c13f5b21-0ba7-541f-9d4c-05a025f06f97	INFO	Processing message 7944f59e-fb39-4483-8dbd-e2b02fb15094

2024-03-29T21:01:18.522Z 2024-03-29T21:01:18.522Z	c13f5b21-0ba7-541f-9d4c-05a025f06f97	INFO	Start syncing the balance {
  transaction: {
    id: '01HT608C5E6N70GCDDNGJZHZNZ',
    type: 'DEBIT',
    source: 'MANUAL_DEDUCTION',
    action: 'DELIVERY_DEDUCTION',
    userId: '1306427b-7f89-48fd-8bf0-ee859c8b95d4',
    paymentBalance: 51710,
    updatePaymentBalance: true,
    metadata: '{"walletId":"wallet#1306427b-7f89-48fd-8bf0-ee859c8b95d4","deliveryId":"335ff3c3-b4a2-41da-ba80-3fd6838d88b1","walletSk":"335ff3c3-b4a2-41da-ba80-3fd6838d88b1"}',
    currency: 'SAR',
    amount: 81,
    vat: 0,
    oldBalance: 51791,
    newBalance: 51710
  }
}

2024-03-29T21:01:18.565Z 2024-03-29T21:01:18.565Z	c13f5b21-0ba7-541f-9d4c-05a025f06f97	INFO	SubscriptionBalanceUpdated event published

2024-03-29T21:01:18.577Z 2024-03-29T21:01:18.577Z	c13f5b21-0ba7-541f-9d4c-05a025f06f97	INFO	Processing message 4e5b4b64-a131-485e-a549-d8cb00c573cc

2024-03-29T21:01:18.582Z 2024-03-29T21:01:18.582Z	c13f5b21-0ba7-541f-9d4c-05a025f06f97	INFO	Start syncing the balance {
  transaction: {
    id: '01HT608CCJMZZRADDSBF80Z1QH',
    type: 'DEBIT',
    source: 'MANUAL_DEDUCTION',
    action: 'DELIVERY_DEDUCTION',
    userId: 'e70febec-5cec-4e5d-adc1-c893aab5402c',
    paymentBalance: 415,
    updatePaymentBalance: true,
    metadata: '{"walletId":"wallet#e70febec-5cec-4e5d-adc1-c893aab5402c","deliveryId":"0b5eb195-2060-48a8-9add-2fe75309f4bf","walletSk":"0b5eb195-2060-48a8-9add-2fe75309f4bf"}',
    currency: 'BHD',
    amount: 8,
    vat: 0,
    oldBalance: 18.5,
    newBalance: 10.5
  }
}

2024-03-29T21:01:18.621Z 2024-03-29T21:01:18.621Z	c13f5b21-0ba7-541f-9d4c-05a025f06f97	INFO	SubscriptionBalanceUpdated event published

2024-03-29T21:01:18.635Z 2024-03-29T21:01:18.635Z	c13f5b21-0ba7-541f-9d4c-05a025f06f97	ERROR	Subscription balance and payment balance are not in sync {
  userId: 'e70febec-5cec-4e5d-adc1-c893aab5402c',
  subscriptionBalance: 10.5,
  paymentBalance: 415
}

2024-03-29T21:01:18.652Z 2024-03-29T21:01:18.652Z	c13f5b21-0ba7-541f-9d4c-05a025f06f97	INFO	Processing message 6b48ad24-2366-4779-9fe3-39301ee8238b

2024-03-29T21:01:18.657Z 2024-03-29T21:01:18.657Z	c13f5b21-0ba7-541f-9d4c-05a025f06f97	INFO	Start syncing the balance {
  transaction: {
    id: '01HT608C9RVWW3TVSW9CZ0KZS2',
    type: 'DEBIT',
    source: 'MANUAL_DEDUCTION',
    action: 'DELIVERY_DEDUCTION',
    userId: 'ed1e80f5-f440-4bed-9be8-352faed8f39a',
    paymentBalance: 96,
    updatePaymentBalance: true,
    metadata: '{"walletId":"wallet#ed1e80f5-f440-4bed-9be8-352faed8f39a","deliveryId":"c73ba5e2-36b2-4bb1-998b-1b1884964e57","walletSk":"c73ba5e2-36b2-4bb1-998b-1b1884964e57"}',
    currency: 'BHD',
    amount: 8,
    vat: 0,
    oldBalance: 104,
    newBalance: 96
  }
}

2024-03-29T21:01:18.697Z 2024-03-29T21:01:18.697Z	c13f5b21-0ba7-541f-9d4c-05a025f06f97	INFO	SubscriptionBalanceUpdated event published

2024-03-29T21:01:18.708Z 2024-03-29T21:01:18.708Z	c13f5b21-0ba7-541f-9d4c-05a025f06f97	INFO	Processing message 74f6aaae-1895-4f14-87c0-897d31741d4d

2024-03-29T21:01:18.735Z 2024-03-29T21:01:18.735Z	c13f5b21-0ba7-541f-9d4c-05a025f06f97	INFO	Start syncing the balance {
  transaction: {
    id: '01HT608CHGYCFN2YFYJK393YDV',
    type: 'DEBIT',
    source: 'MANUAL_DEDUCTION',
    action: 'DELIVERY_DEDUCTION',
    userId: '8cfb0a41-4446-43f9-8ace-c17b9c9a9c7e',
    paymentBalance: 15505,
    updatePaymentBalance: true,
    metadata: '{"walletId":"wallet#8cfb0a41-4446-43f9-8ace-c17b9c9a9c7e","deliveryId":"370c0d50-c07a-4bba-8417-144daea63213","walletSk":"370c0d50-c07a-4bba-8417-144daea63213"}',
    currency: 'SAR',
    amount: 60,
    vat: 0,
    oldBalance: 15565,
    newBalance: 15505
  }
}

2024-03-29T21:01:18.794Z 2024-03-29T21:01:18.794Z	c13f5b21-0ba7-541f-9d4c-05a025f06f97	INFO	SubscriptionBalanceUpdated event published

2024-03-29T21:01:18.811Z 2024-03-29T21:01:18.811Z	c13f5b21-0ba7-541f-9d4c-05a025f06f97	INFO	Processing message 4b643f11-a57e-47fa-bbee-1e9c4264da8e

2024-03-29T21:01:18.817Z 2024-03-29T21:01:18.817Z	c13f5b21-0ba7-541f-9d4c-05a025f06f97	INFO	Start syncing the balance {
  transaction: {
    id: '01HT608CFPGTP4JTZ18TWGGDQA',
    type: 'DEBIT',
    source: 'MANUAL_DEDUCTION',
    action: 'DELIVERY_DEDUCTION',
    userId: '3a3032d5-0841-422e-b3a8-1fe38d0a75b7',
    paymentBalance: 2245.5,
    updatePaymentBalance: true,
    metadata: '{"walletId":"wallet#3a3032d5-0841-422e-b3a8-1fe38d0a75b7","deliveryId":"cf986d83-ba74-4c19-83dc-e52c08764d75","walletSk":"cf986d83-ba74-4c19-83dc-e52c08764d75"}',
    currency: 'SAR',
    amount: 81,
    vat: 0,
    oldBalance: 2326.5,
    newBalance: 2245.5
  }
}

2024-03-29T21:01:18.858Z 2024-03-29T21:01:18.858Z	c13f5b21-0ba7-541f-9d4c-05a025f06f97	INFO	SubscriptionBalanceUpdated event published

2024-03-29T21:01:18.872Z 2024-03-29T21:01:18.872Z	c13f5b21-0ba7-541f-9d4c-05a025f06f97	INFO	Processing message 9cbeb7af-e5f6-4a1e-9a17-ebcf67e45df7

2024-03-29T21:01:18.879Z 2024-03-29T21:01:18.879Z	c13f5b21-0ba7-541f-9d4c-05a025f06f97	INFO	Start syncing the balance {
  transaction: {
    id: '01HT608CNQM3C3MQKNGVEB9XYD',
    type: 'DEBIT',
    source: 'MANUAL_DEDUCTION',
    action: 'DELIVERY_DEDUCTION',
    userId: '03cca6cd-e3af-4bff-a7e1-c0e7c2ff7e2f',
    paymentBalance: 112,
    updatePaymentBalance: true,
    metadata: '{"walletId":"wallet#03cca6cd-e3af-4bff-a7e1-c0e7c2ff7e2f","deliveryId":"6f247703-edc0-460b-b04e-ba19dc01eb08","walletSk":"6f247703-edc0-460b-b04e-ba19dc01eb08"}',
    currency: 'BHD',
    amount: 8,
    vat: 0,
    oldBalance: 120,
    newBalance: 112
  }
}

2024-03-29T21:01:18.921Z 2024-03-29T21:01:18.921Z	c13f5b21-0ba7-541f-9d4c-05a025f06f97	INFO	SubscriptionBalanceUpdated event published

2024-03-29T21:01:18.935Z 2024-03-29T21:01:18.935Z	c13f5b21-0ba7-541f-9d4c-05a025f06f97	INFO	Processing message ca16bcab-b9a9-4e97-b9b6-d9caddff6c9c

2024-03-29T21:01:18.941Z 2024-03-29T21:01:18.941Z	c13f5b21-0ba7-541f-9d4c-05a025f06f97	INFO	Start syncing the balance {
  transaction: {
    id: '01HT608CRARJ3GJ7M4H6GYP6EW',
    type: 'DEBIT',
    source: 'MANUAL_DEDUCTION',
    action: 'DELIVERY_DEDUCTION',
    userId: 'd787cbed-f230-43cd-9bc8-fd1154b60376',
    paymentBalance: 810,
    updatePaymentBalance: true,
    metadata: '{"walletId":"wallet#d787cbed-f230-43cd-9bc8-fd1154b60376","deliveryId":"71ca9953-0794-4f59-a3ad-da9b5d912e2e","walletSk":"71ca9953-0794-4f59-a3ad-da9b5d912e2e"}',
    currency: 'SAR',
    amount: 90,
    vat: 0,
    oldBalance: 900,
    newBalance: 810
  }
}

2024-03-29T21:01:18.983Z 2024-03-29T21:01:18.983Z	c13f5b21-0ba7-541f-9d4c-05a025f06f97	INFO	SubscriptionBalanceUpdated event published

2024-03-29T21:01:18.995Z 2024-03-29T21:01:18.995Z	c13f5b21-0ba7-541f-9d4c-05a025f06f97	INFO	Processing message 8d0ba7d2-88fc-4584-82dc-cc5e3a9c9274

2024-03-29T21:01:19.002Z 2024-03-29T21:01:19.002Z	c13f5b21-0ba7-541f-9d4c-05a025f06f97	INFO	Start syncing the balance {
  transaction: {
    id: '01HT608CSWY60M6RKJVSVRKY1F',
    type: 'DEBIT',
    source: 'MANUAL_DEDUCTION',
    action: 'DELIVERY_DEDUCTION',
    userId: '4b979862-58a0-4f14-9645-7d7a64b53c33',
    paymentBalance: 88,
    updatePaymentBalance: true,
    metadata: '{"walletId":"wallet#4b979862-58a0-4f14-9645-7d7a64b53c33","deliveryId":"48567374-f84b-4f2f-8df4-f239bb6aec17","walletSk":"48567374-f84b-4f2f-8df4-f239bb6aec17"}',
    currency: 'BHD',
    amount: 8,
    vat: 0,
    oldBalance: 96,
    newBalance: 88
  }
}

2024-03-29T21:01:19.051Z 2024-03-29T21:01:19.051Z	c13f5b21-0ba7-541f-9d4c-05a025f06f97	INFO	SubscriptionBalanceUpdated event published

2024-03-29T21:01:19.064Z 2024-03-29T21:01:19.064Z	c13f5b21-0ba7-541f-9d4c-05a025f06f97	INFO	Processing message c423af93-170b-47e3-bf0e-39c6d3fc60bd

2024-03-29T21:01:19.069Z 2024-03-29T21:01:19.069Z	c13f5b21-0ba7-541f-9d4c-05a025f06f97	INFO	Start syncing the balance {
  transaction: {
    id: '01HT608CN5KWR3H9ZW2E9BCCFD',
    type: 'DEBIT',
    source: 'MANUAL_DEDUCTION',
    action: 'DELIVERY_DEDUCTION',
    userId: 'c5e1fca1-5f7b-4830-92d4-09fbddcec953',
    paymentBalance: 58.5,
    updatePaymentBalance: true,
    metadata: '{"walletId":"wallet#c5e1fca1-5f7b-4830-92d4-09fbddcec953","deliveryId":"699e8299-59df-4515-92d4-c8d0da6cea36","walletSk":"699e8299-59df-4515-92d4-c8d0da6cea36"}',
    currency: 'BHD',
    amount: 9,
    vat: 0,
    oldBalance: 67.5,
    newBalance: 58.5
  }
}

2024-03-29T21:01:19.124Z 2024-03-29T21:01:19.124Z	c13f5b21-0ba7-541f-9d4c-05a025f06f97	INFO	SubscriptionBalanceUpdated event published

2024-03-29T21:01:19.140Z END RequestId: c13f5b21-0ba7-541f-9d4c-05a025f06f97

2024-03-29T21:01:19.140Z REPORT RequestId: c13f5b21-0ba7-541f-9d4c-05a025f06f97	Duration: 709.41 ms	Billed Duration: 710 ms	Memory Size: 1024 MB	Max Memory Used: 130 MB	

2024-03-29T21:09:31.639Z START RequestId: 47bd73a8-4605-51b8-8588-2d29763bda01 Version: $LATEST

2024-03-29T21:09:31.791Z 2024-03-29T21:09:31.791Z	47bd73a8-4605-51b8-8588-2d29763bda01	INFO	Processing message 9d64d2a1-d96a-455b-a352-1417049ed159

2024-03-29T21:09:31.816Z 2024-03-29T21:09:31.816Z	47bd73a8-4605-51b8-8588-2d29763bda01	INFO	Start syncing the balance {
  transaction: {
    id: '01HT60QPS6026NSJNDFR7YCKMC',
    type: 'DEBIT',
    source: 'MANUAL_DEDUCTION',
    action: 'DELIVERY_DEDUCTION',
    userId: '8b3fae92-5944-4c15-825b-22399235f8eb',
    paymentBalance: 3523.5,
    updatePaymentBalance: true,
    metadata: '{"walletId":"wallet#8b3fae92-5944-4c15-825b-22399235f8eb","deliveryId":"06dafb42-694b-4f61-9f8b-1d56b0941e59","walletSk":"06dafb42-694b-4f61-9f8b-1d56b0941e59"}',
    currency: 'SAR',
    amount: 81,
    vat: 0,
    oldBalance: 3604.5,
    newBalance: 3523.5
  }
}

2024-03-29T21:09:31.882Z 2024-03-29T21:09:31.882Z	47bd73a8-4605-51b8-8588-2d29763bda01	INFO	SubscriptionBalanceUpdated event published

2024-03-29T21:09:31.935Z END RequestId: 47bd73a8-4605-51b8-8588-2d29763bda01

2024-03-29T21:09:31.935Z REPORT RequestId: 47bd73a8-4605-51b8-8588-2d29763bda01	Duration: 296.10 ms	Billed Duration: 297 ms	Memory Size: 1024 MB	Max Memory Used: 132 MB	

2024-03-29T21:09:32.202Z START RequestId: b645fbe3-ca68-5139-881b-a562fa244a80 Version: $LATEST

2024-03-29T21:09:32.227Z 2024-03-29T21:09:32.227Z	b645fbe3-ca68-5139-881b-a562fa244a80	INFO	Processing message 907f80f6-2272-4b9f-b84f-98a647545651

2024-03-29T21:09:32.233Z 2024-03-29T21:09:32.233Z	b645fbe3-ca68-5139-881b-a562fa244a80	INFO	Start syncing the balance {
  transaction: {
    id: '01HT60QQFFPZCSZTHYSV557RE9',
    type: 'DEBIT',
    source: 'MANUAL_DEDUCTION',
    action: 'DELIVERY_DEDUCTION',
    userId: '2ce08ce4-2c63-4e7e-84aa-79b8a520bdbc',
    paymentBalance: 2275.5,
    updatePaymentBalance: true,
    metadata: '{"walletId":"wallet#2ce08ce4-2c63-4e7e-84aa-79b8a520bdbc","deliveryId":"7d17b0d2-37e1-4857-a52f-f3767b8f2d4a","walletSk":"7d17b0d2-37e1-4857-a52f-f3767b8f2d4a"}',
    currency: 'SAR',
    amount: 81,
    vat: 0,
    oldBalance: 2356.5,
    newBalance: 2275.5
  }
}

2024-03-29T21:09:32.276Z 2024-03-29T21:09:32.276Z	b645fbe3-ca68-5139-881b-a562fa244a80	INFO	SubscriptionBalanceUpdated event published

2024-03-29T21:09:32.532Z END RequestId: b645fbe3-ca68-5139-881b-a562fa244a80

2024-03-29T21:09:32.532Z REPORT RequestId: b645fbe3-ca68-5139-881b-a562fa244a80	Duration: 330.32 ms	Billed Duration: 331 ms	Memory Size: 1024 MB	Max Memory Used: 132 MB	

2024-03-29T21:09:32.778Z START RequestId: 75f8e2d9-9569-5018-8078-bc58a5256ba1 Version: $LATEST

2024-03-29T21:09:32.807Z 2024-03-29T21:09:32.807Z	75f8e2d9-9569-5018-8078-bc58a5256ba1	INFO	Processing message 06aab7b6-513e-4b11-89e8-70a3bf999183

2024-03-29T21:09:32.813Z 2024-03-29T21:09:32.813Z	75f8e2d9-9569-5018-8078-bc58a5256ba1	INFO	Start syncing the balance {
  transaction: {
    id: '01HT60QQPG57K4F1GRPJC4A8SJ',
    type: 'DEBIT',
    source: 'MANUAL_DEDUCTION',
    action: 'DELIVERY_DEDUCTION',
    userId: 'd2f1ae61-0b7a-4892-8bf3-774ebfa3b7ac',
    paymentBalance: 73.5,
    updatePaymentBalance: true,
    metadata: '{"walletId":"wallet#d2f1ae61-0b7a-4892-8bf3-774ebfa3b7ac","deliveryId":"3099f870-f8ad-4371-ba32-c4a174353686","walletSk":"3099f870-f8ad-4371-ba32-c4a174353686"}',
    currency: 'BHD',
    amount: 10.5,
    vat: 0,
    oldBalance: 84,
    newBalance: 73.5
  }
}

2024-03-29T21:09:32.861Z 2024-03-29T21:09:32.861Z	75f8e2d9-9569-5018-8078-bc58a5256ba1	INFO	SubscriptionBalanceUpdated event published

2024-03-29T21:09:32.876Z END RequestId: 75f8e2d9-9569-5018-8078-bc58a5256ba1

2024-03-29T21:09:32.876Z REPORT RequestId: 75f8e2d9-9569-5018-8078-bc58a5256ba1	Duration: 98.44 ms	Billed Duration: 99 ms	Memory Size: 1024 MB	Max Memory Used: 132 MB	

