2024-02-28T13:44:33.982Z START RequestId: d3ee6bf1-5517-5fe4-91e0-35a86ff8a55b Version: $LATEST

2024-02-28T13:44:34.010Z 2024-02-28T13:44:34.010Z	d3ee6bf1-5517-5fe4-91e0-35a86ff8a55b	INFO	Processing message eea69c04-6f97-4104-8368-8bcc8207957f

2024-02-28T13:44:34.017Z 2024-02-28T13:44:34.017Z	d3ee6bf1-5517-5fe4-91e0-35a86ff8a55b	INFO	Start syncing the balance {
  transaction: {
    id: '01HQQZBCWC5QZ2CRYFHTW21WBR',
    type: 'CREDIT',
    source: 'PAYMENT',
    action: 'RENEW_SUBSCRIPTION',
    userId: '52ebb322-696b-423b-bd79-2de604defbdd',
    paymentBalance: 3933.01,
    updatePaymentBalance: true,
    metadata: '{"referralBalanceDiscount":0,"walletId":"wallet#52ebb322-696b-423b-bd79-2de604defbdd","planType":"skipBreakfast","goal":"maintainWeight","eventSessionId":"05407b21-b8c8-4e48-a6e3-8c27e7e67015","walletSk":"902c8aed-e7ab-4ff2-aa2b-0704f7e3aa5b","deliveryTime":"evening","dietType":"balanced","renewalDate":"2024-03-03","type":"userRenew","frequency":"monthly","couponDiscount":0,"tier":"personalized","version2":true,"nextPlan":"{\\"id\\":\\"skipBreakfast\\",\\"frequency\\":\\"monthly\\",\\"extras\\":[],\\"foodType\\":[\\"dinner\\",\\"lunch\\",\\"snack\\"],\\"pricePerDay\\":70,\\"dietType\\":\\"balanced\\",\\"type\\":\\"DATE_RANGE\\",\\"startDate\\":\\"2024-03-03\\",\\"deliveryDays\\":[0,1,2,3,4]}","addonSubscription":"[]"}',
    currency: 'SAR',
    amount: 1610,
    vat: 210,
    oldBalance: 60,
    newBalance: 1460
  }
}

2024-02-28T13:44:34.085Z 2024-02-28T13:44:34.085Z	d3ee6bf1-5517-5fe4-91e0-35a86ff8a55b	INFO	SubscriptionBalanceUpdated event published

2024-02-28T13:44:34.125Z 2024-02-28T13:44:34.125Z	d3ee6bf1-5517-5fe4-91e0-35a86ff8a55b	ERROR	Subscription balance and payment balance are not in sync {
  userId: '52ebb322-696b-423b-bd79-2de604defbdd',
  subscriptionBalance: 1460,
  paymentBalance: 3933.01
}

2024-02-28T13:44:34.144Z END RequestId: d3ee6bf1-5517-5fe4-91e0-35a86ff8a55b

2024-02-28T13:44:34.144Z REPORT RequestId: d3ee6bf1-5517-5fe4-91e0-35a86ff8a55b	Duration: 162.88 ms	Billed Duration: 163 ms	Memory Size: 1024 MB	Max Memory Used: 126 MB	

2024-02-28T13:41:59.627Z START RequestId: d5174201-32b2-531b-b1c6-1c5808e8444f Version: $LATEST

2024-02-28T13:41:59.788Z 2024-02-28T13:41:59.788Z	d5174201-32b2-531b-b1c6-1c5808e8444f	INFO	Processing message 9b0221f8-e689-4d86-9db5-10d4e3a1bd80

2024-02-28T13:41:59.825Z 2024-02-28T13:41:59.825Z	d5174201-32b2-531b-b1c6-1c5808e8444f	INFO	Start syncing the balance {
  transaction: {
    id: '01HQQZ6PAZD0TW0NHPZJW9MQWN',
    type: 'CREDIT',
    source: 'PAYMENT',
    action: 'PAY_PENDING_AMOUNT',
    userId: '67a2107b-77d2-432b-8436-9f9b4af7cad0',
    paymentBalance: 1820,
    updatePaymentBalance: true,
    metadata: '{"walletId":"wallet#67a2107b-77d2-432b-8436-9f9b4af7cad0","eventSessionId":"a089f6b2-4a17-47fe-822e-ce39d8642f91","walletSk":"2b6e4a57-8d38-409b-9178-51adcb203a53","version2":true}',
    currency: 'SAR',
    amount: 11.5,
    vat: 1.5,
    oldBalance: 1810,
    newBalance: 1820
  }
}

2024-02-28T13:41:59.920Z 2024-02-28T13:41:59.920Z	d5174201-32b2-531b-b1c6-1c5808e8444f	INFO	SubscriptionBalanceUpdated event published

2024-02-28T13:41:59.952Z END RequestId: d5174201-32b2-531b-b1c6-1c5808e8444f

2024-02-28T13:41:59.952Z REPORT RequestId: d5174201-32b2-531b-b1c6-1c5808e8444f	Duration: 325.31 ms	Billed Duration: 326 ms	Memory Size: 1024 MB	Max Memory Used: 126 MB	

2024-02-28T13:49:11.345Z START RequestId: 6ab89ee7-5f18-53ba-b3b0-c0be631e8096 Version: $LATEST

2024-02-28T13:49:11.396Z 2024-02-28T13:49:11.396Z	6ab89ee7-5f18-53ba-b3b0-c0be631e8096	INFO	Processing message 517a16cb-0478-4b8c-8995-7f44a082c524

2024-02-28T13:49:11.421Z 2024-02-28T13:49:11.421Z	6ab89ee7-5f18-53ba-b3b0-c0be631e8096	INFO	Start syncing the balance {
  transaction: {
    id: '01HQQZKW214JV5T3V9BJ9GTYHN',
    type: 'CREDIT',
    source: 'PAYMENT',
    action: 'PAY_PENDING_AMOUNT',
    userId: '67a2107b-77d2-432b-8436-9f9b4af7cad0',
    paymentBalance: 1850,
    updatePaymentBalance: true,
    metadata: '{"walletId":"wallet#67a2107b-77d2-432b-8436-9f9b4af7cad0","eventSessionId":"94fa4f15-107f-4f0f-88ed-e5abd4d85677","walletSk":"3deb0abf-99b6-4ed0-ac68-670bf1152e64","version2":true}',
    currency: 'SAR',
    amount: 11.5,
    vat: 1.5,
    oldBalance: 1840,
    newBalance: 1850
  }
}

2024-02-28T13:49:11.494Z 2024-02-28T13:49:11.494Z	6ab89ee7-5f18-53ba-b3b0-c0be631e8096	INFO	SubscriptionBalanceUpdated event published

2024-02-28T13:49:11.533Z END RequestId: 6ab89ee7-5f18-53ba-b3b0-c0be631e8096

2024-02-28T13:49:11.533Z REPORT RequestId: 6ab89ee7-5f18-53ba-b3b0-c0be631e8096	Duration: 187.74 ms	Billed Duration: 188 ms	Memory Size: 1024 MB	Max Memory Used: 126 MB	

2024-02-28T13:45:54.922Z START RequestId: f05f04bb-db00-5353-87b8-5ae2e0416d06 Version: $LATEST

2024-02-28T13:45:54.983Z 2024-02-28T13:45:54.983Z	f05f04bb-db00-5353-87b8-5ae2e0416d06	INFO	Processing message 2880580a-f299-4965-9581-1ee248e5dbf2

2024-02-28T13:45:55.012Z 2024-02-28T13:45:55.012Z	f05f04bb-db00-5353-87b8-5ae2e0416d06	INFO	Start syncing the balance {
  transaction: {
    id: '01HQQZDWAT62DGSFMEW8EWXXW7',
    type: 'CREDIT',
    source: 'PAYMENT',
    action: 'PAY_PENDING_AMOUNT',
    userId: '67a2107b-77d2-432b-8436-9f9b4af7cad0',
    paymentBalance: 1840,
    updatePaymentBalance: true,
    metadata: '{"walletId":"wallet#67a2107b-77d2-432b-8436-9f9b4af7cad0","eventSessionId":"9546a677-ab92-42d3-9669-07df29d1ad4d","walletSk":"5b32a60e-e064-49a6-a629-93df9be31ade","version2":true}',
    currency: 'SAR',
    amount: 11.5,
    vat: 1.5,
    oldBalance: 1830,
    newBalance: 1840
  }
}

2024-02-28T13:45:55.084Z 2024-02-28T13:45:55.084Z	f05f04bb-db00-5353-87b8-5ae2e0416d06	INFO	SubscriptionBalanceUpdated event published

2024-02-28T13:45:55.117Z END RequestId: f05f04bb-db00-5353-87b8-5ae2e0416d06

2024-02-28T13:45:55.117Z REPORT RequestId: f05f04bb-db00-5353-87b8-5ae2e0416d06	Duration: 194.68 ms	Billed Duration: 195 ms	Memory Size: 1024 MB	Max Memory Used: 126 MB	

2024-02-28T13:40:02.273Z INIT_START Runtime Version: nodejs:20.v16	Runtime Version ARN: arn:aws:lambda:us-east-1::runtime:e06356b9cc317b394b345659ca7fe94e5360e45227db179a224757608b8effe6

2024-02-28T13:40:03.507Z START RequestId: 7e5f8c0f-4825-5ded-b40d-d25671c75ab9 Version: $LATEST

2024-02-28T13:40:03.662Z 2024-02-28T13:40:03.662Z	7e5f8c0f-4825-5ded-b40d-d25671c75ab9	INFO	Processing message a055f6c6-2fdb-4f78-a389-3d11799d5906

2024-02-28T13:40:03.718Z 2024-02-28T13:40:03.718Z	7e5f8c0f-4825-5ded-b40d-d25671c75ab9	INFO	Start syncing the balance {
  transaction: {
    id: '01HQQZ32X1RRJR6CR0CQSQMF6B',
    type: 'CREDIT',
    source: 'PAYMENT',
    action: 'PAY_PENDING_AMOUNT',
    userId: '67a2107b-77d2-432b-8436-9f9b4af7cad0',
    paymentBalance: 1810,
    updatePaymentBalance: true,
    metadata: '{"walletId":"wallet#67a2107b-77d2-432b-8436-9f9b4af7cad0","eventSessionId":"5061bfe0-c93d-4ca2-a2f5-8b22ab36ca75","walletSk":"4bc0b002-065b-48f7-b5a6-7ced26aac0a1","version2":true}',
    currency: 'SAR',
    amount: 11.5,
    vat: 1.5,
    oldBalance: 1800,
    newBalance: 1810
  }
}

2024-02-28T13:40:03.826Z 2024-02-28T13:40:03.826Z	7e5f8c0f-4825-5ded-b40d-d25671c75ab9	INFO	SubscriptionBalanceUpdated event published

2024-02-28T13:40:03.885Z END RequestId: 7e5f8c0f-4825-5ded-b40d-d25671c75ab9

2024-02-28T13:40:03.885Z REPORT RequestId: 7e5f8c0f-4825-5ded-b40d-d25671c75ab9	Duration: 377.39 ms	Billed Duration: 378 ms	Memory Size: 1024 MB	Max Memory Used: 123 MB	Init Duration: 1233.26 ms	

2024-02-28T13:43:37.708Z START RequestId: f9f8d833-566c-5756-ba91-866a6cd4e3ca Version: $LATEST

2024-02-28T13:43:37.923Z 2024-02-28T13:43:37.923Z	f9f8d833-566c-5756-ba91-866a6cd4e3ca	INFO	Processing message 29a01e80-464d-4814-afa4-b38af675e542

2024-02-28T13:43:37.948Z 2024-02-28T13:43:37.948Z	f9f8d833-566c-5756-ba91-866a6cd4e3ca	INFO	Start syncing the balance {
  transaction: {
    id: '01HQQZ9NWJDYD8M9MG1DV6WQ4B',
    type: 'CREDIT',
    source: 'PAYMENT',
    action: 'PAY_PENDING_AMOUNT',
    userId: '67a2107b-77d2-432b-8436-9f9b4af7cad0',
    paymentBalance: 1830,
    updatePaymentBalance: true,
    metadata: '{"walletId":"wallet#67a2107b-77d2-432b-8436-9f9b4af7cad0","eventSessionId":"79749d86-6439-468a-9062-b35810a726f7","walletSk":"5007c11a-5b59-4c4d-a141-50913b92f8e1","version2":true}',
    currency: 'SAR',
    amount: 11.5,
    vat: 1.5,
    oldBalance: 1820,
    newBalance: 1830
  }
}

2024-02-28T13:43:38.030Z 2024-02-28T13:43:38.030Z	f9f8d833-566c-5756-ba91-866a6cd4e3ca	INFO	SubscriptionBalanceUpdated event published

2024-02-28T13:43:38.065Z END RequestId: f9f8d833-566c-5756-ba91-866a6cd4e3ca

2024-02-28T13:43:38.065Z REPORT RequestId: f9f8d833-566c-5756-ba91-866a6cd4e3ca	Duration: 356.83 ms	Billed Duration: 357 ms	Memory Size: 1024 MB	Max Memory Used: 126 MB	

