2024-01-28T21:02:22.113Z START RequestId: 782fb06f-913e-5d5c-a059-ee5f5232114a Version: $LATEST

2024-01-28T21:02:22.141Z 2024-01-28T21:02:22.141Z	782fb06f-913e-5d5c-a059-ee5f5232114a	INFO	Processing message ca72c662-f54b-4c7b-849b-27e1b7c44143

2024-01-28T21:02:22.148Z 2024-01-28T21:02:22.148Z	782fb06f-913e-5d5c-a059-ee5f5232114a	INFO	Start syncing the balance {
  transaction: {
    id: '01HN8Y2RPBH0BEDQS3AXG069A5',
    type: 'DEBIT',
    source: 'MANUAL_DEDUCTION',
    action: 'DELIVERY_DEDUCTION',
    userId: '7f1aba25-1b61-46fe-b01d-d91ad61d4deb',
    paymentBalance: 630,
    updatePaymentBalance: true,
    metadata: '{"walletId":"wallet#7f1aba25-1b61-46fe-b01d-d91ad61d4deb","deliveryId":"0df7cd10-5646-46e6-95a6-05f2224299cd","walletSk":"0df7cd10-5646-46e6-95a6-05f2224299cd"}',
    currency: 'SAR',
    amount: 90,
    vat: 0,
    oldBalance: 720,
    newBalance: 630
  }
}

2024-01-28T21:02:22.215Z 2024-01-28T21:02:22.215Z	782fb06f-913e-5d5c-a059-ee5f5232114a	INFO	SubscriptionBalanceUpdated event published

2024-01-28T21:02:22.251Z END RequestId: 782fb06f-913e-5d5c-a059-ee5f5232114a

2024-01-28T21:02:22.251Z REPORT RequestId: 782fb06f-913e-5d5c-a059-ee5f5232114a	Duration: 137.67 ms	Billed Duration: 138 ms	Memory Size: 1024 MB	Max Memory Used: 116 MB	

2024-01-28T21:02:23.106Z START RequestId: 71c2cab9-4659-5d80-9b7e-948985553f83 Version: $LATEST

2024-01-28T21:02:23.131Z 2024-01-28T21:02:23.131Z	71c2cab9-4659-5d80-9b7e-948985553f83	INFO	Processing message 64e669d5-654b-472a-bf6e-fa11e65171fd

2024-01-28T21:02:23.137Z 2024-01-28T21:02:23.137Z	71c2cab9-4659-5d80-9b7e-948985553f83	INFO	Start syncing the balance {
  transaction: {
    id: '01HN8Y2SCDR2VQ5RNC3B9H46BE',
    type: 'DEBIT',
    source: 'MANUAL_DEDUCTION',
    action: 'DELIVERY_DEDUCTION',
    userId: '2669d640-a5cb-4d0d-a4b3-e95de0b3f4ad',
    paymentBalance: 75,
    updatePaymentBalance: true,
    metadata: '{"walletId":"wallet#2669d640-a5cb-4d0d-a4b3-e95de0b3f4ad","deliveryId":"60c705a0-26ba-4948-ac23-b5c05774b5fa","walletSk":"60c705a0-26ba-4948-ac23-b5c05774b5fa"}',
    currency: 'BHD',
    amount: 9,
    vat: 0,
    oldBalance: 93,
    newBalance: 84
  }
}

2024-01-28T21:02:23.180Z 2024-01-28T21:02:23.180Z	71c2cab9-4659-5d80-9b7e-948985553f83	INFO	SubscriptionBalanceUpdated event published

2024-01-28T21:02:23.194Z 2024-01-28T21:02:23.194Z	71c2cab9-4659-5d80-9b7e-948985553f83	ERROR	Subscription balance and payment balance are not in sync {
  userId: '2669d640-a5cb-4d0d-a4b3-e95de0b3f4ad',
  subscriptionBalance: 84,
  paymentBalance: 75
}

2024-01-28T21:02:23.212Z END RequestId: 71c2cab9-4659-5d80-9b7e-948985553f83

2024-01-28T21:02:23.212Z REPORT RequestId: 71c2cab9-4659-5d80-9b7e-948985553f83	Duration: 106.08 ms	Billed Duration: 107 ms	Memory Size: 1024 MB	Max Memory Used: 116 MB	

2024-01-28T21:01:08.317Z START RequestId: 132df7f5-b7ba-59ea-99bb-a9c57569649c Version: $LATEST

2024-01-28T21:01:08.346Z 2024-01-28T21:01:08.346Z	132df7f5-b7ba-59ea-99bb-a9c57569649c	INFO	Processing message f2e672ee-0934-4df7-beec-27c94e0c06f6

2024-01-28T21:01:08.352Z 2024-01-28T21:01:08.352Z	132df7f5-b7ba-59ea-99bb-a9c57569649c	INFO	Start syncing the balance {
  transaction: {
    id: '01HN8Y0GME0MDWQBST1TCJE68Z',
    type: 'DEBIT',
    source: 'MANUAL_DEDUCTION',
    action: 'DELIVERY_DEDUCTION',
    userId: 'da3380f3-1016-4965-881a-0bb66f3a801e',
    paymentBalance: 7.2,
    updatePaymentBalance: true,
    metadata: '{"walletId":"wallet#da3380f3-1016-4965-881a-0bb66f3a801e","deliveryId":"1b8af69b-8b14-4ae7-902b-ade3669a5b4b","walletSk":"1b8af69b-8b14-4ae7-902b-ade3669a5b4b"}',
    currency: 'BHD',
    amount: 1.8,
    vat: 0,
    oldBalance: 10.8,
    newBalance: 9
  }
}

2024-01-28T21:01:08.402Z 2024-01-28T21:01:08.402Z	132df7f5-b7ba-59ea-99bb-a9c57569649c	INFO	SubscriptionBalanceUpdated event published

2024-01-28T21:01:08.416Z 2024-01-28T21:01:08.416Z	132df7f5-b7ba-59ea-99bb-a9c57569649c	ERROR	Subscription balance and payment balance are not in sync {
  userId: 'da3380f3-1016-4965-881a-0bb66f3a801e',
  subscriptionBalance: 9,
  paymentBalance: 7.2
}

2024-01-28T21:01:08.436Z END RequestId: 132df7f5-b7ba-59ea-99bb-a9c57569649c

2024-01-28T21:01:08.436Z REPORT RequestId: 132df7f5-b7ba-59ea-99bb-a9c57569649c	Duration: 118.29 ms	Billed Duration: 119 ms	Memory Size: 1024 MB	Max Memory Used: 108 MB	

2024-01-28T21:01:10.348Z START RequestId: 2f0ecdc8-d718-55c9-9ec4-93f815cd58ec Version: $LATEST

2024-01-28T21:01:10.377Z 2024-01-28T21:01:10.377Z	2f0ecdc8-d718-55c9-9ec4-93f815cd58ec	INFO	Processing message 22e4de0a-c879-4dac-98df-48f459a8eb34

2024-01-28T21:01:10.383Z 2024-01-28T21:01:10.383Z	2f0ecdc8-d718-55c9-9ec4-93f815cd58ec	INFO	Start syncing the balance {
  transaction: {
    id: '01HN8Y0JGMRNJ766DA872WGKME',
    type: 'DEBIT',
    source: 'MANUAL_DEDUCTION',
    action: 'DELIVERY_DEDUCTION',
    userId: 'd660234f-ebd5-41da-919b-b125cfe67889',
    paymentBalance: 84,
    updatePaymentBalance: true,
    metadata: '{"walletId":"wallet#d660234f-ebd5-41da-919b-b125cfe67889","deliveryId":"4ac63173-d621-4167-a1b7-a291e2f9167b","walletSk":"4ac63173-d621-4167-a1b7-a291e2f9167b"}',
    currency: 'BHD',
    amount: 9,
    vat: 0,
    oldBalance: 102,
    newBalance: 93
  }
}

2024-01-28T21:01:10.442Z 2024-01-28T21:01:10.442Z	2f0ecdc8-d718-55c9-9ec4-93f815cd58ec	INFO	SubscriptionBalanceUpdated event published

2024-01-28T21:01:10.455Z 2024-01-28T21:01:10.455Z	2f0ecdc8-d718-55c9-9ec4-93f815cd58ec	ERROR	Subscription balance and payment balance are not in sync {
  userId: 'd660234f-ebd5-41da-919b-b125cfe67889',
  subscriptionBalance: 93,
  paymentBalance: 84
}

2024-01-28T21:01:10.475Z END RequestId: 2f0ecdc8-d718-55c9-9ec4-93f815cd58ec

2024-01-28T21:01:10.475Z REPORT RequestId: 2f0ecdc8-d718-55c9-9ec4-93f815cd58ec	Duration: 127.10 ms	Billed Duration: 128 ms	Memory Size: 1024 MB	Max Memory Used: 109 MB	

2024-01-28T21:01:12.350Z START RequestId: 5c980a17-154e-58be-a5a0-5427d798f5c8 Version: $LATEST

2024-01-28T21:01:12.380Z 2024-01-28T21:01:12.380Z	5c980a17-154e-58be-a5a0-5427d798f5c8	INFO	Processing message 0ef6aea7-9c5f-4440-bd39-0c6a48e8de49

2024-01-28T21:01:12.388Z 2024-01-28T21:01:12.388Z	5c980a17-154e-58be-a5a0-5427d798f5c8	INFO	Start syncing the balance {
  transaction: {
    id: '01HN8Y0MASXJB1YRE0K2GX9BCB',
    type: 'DEBIT',
    source: 'MANUAL_DEDUCTION',
    action: 'DELIVERY_DEDUCTION',
    userId: 'efa39ab8-1c40-404f-82d9-8ec2ac11f79d',
    paymentBalance: 900,
    updatePaymentBalance: true,
    metadata: '{"walletId":"wallet#efa39ab8-1c40-404f-82d9-8ec2ac11f79d","deliveryId":"46ce2473-2098-4116-b039-228a3735f0d9","walletSk":"46ce2473-2098-4116-b039-228a3735f0d9"}',
    currency: 'SAR',
    amount: 90,
    vat: 0,
    oldBalance: 990,
    newBalance: 900
  }
}

2024-01-28T21:01:12.441Z 2024-01-28T21:01:12.441Z	5c980a17-154e-58be-a5a0-5427d798f5c8	INFO	SubscriptionBalanceUpdated event published

2024-01-28T21:01:12.457Z END RequestId: 5c980a17-154e-58be-a5a0-5427d798f5c8

2024-01-28T21:01:12.457Z REPORT RequestId: 5c980a17-154e-58be-a5a0-5427d798f5c8	Duration: 107.11 ms	Billed Duration: 108 ms	Memory Size: 1024 MB	Max Memory Used: 110 MB	

2024-01-28T21:01:13.092Z START RequestId: 5d6f8083-2926-52f2-91c3-deb3ebf09fd7 Version: $LATEST

2024-01-28T21:01:13.120Z 2024-01-28T21:01:13.120Z	5d6f8083-2926-52f2-91c3-deb3ebf09fd7	INFO	Processing message 41355707-0031-475a-8613-5f5cb3571675

2024-01-28T21:01:13.128Z 2024-01-28T21:01:13.128Z	5d6f8083-2926-52f2-91c3-deb3ebf09fd7	INFO	Start syncing the balance {
  transaction: {
    id: '01HN8Y0N9Z00F1ZC11QD1YZ7GR',
    type: 'DEBIT',
    source: 'MANUAL_DEDUCTION',
    action: 'DELIVERY_DEDUCTION',
    userId: 'e43c3e20-d78b-4fdc-b46a-9d72e46f393a',
    paymentBalance: 1931.2,
    updatePaymentBalance: true,
    metadata: '{"walletId":"wallet#e43c3e20-d78b-4fdc-b46a-9d72e46f393a","deliveryId":"b0c0d3cc-2048-4bfc-b1ca-b923a61d2265","walletSk":"b0c0d3cc-2048-4bfc-b1ca-b923a61d2265"}',
    currency: 'BHD',
    amount: 4,
    vat: 0,
    oldBalance: 1935.2,
    newBalance: 1931.2
  }
}

2024-01-28T21:01:13.170Z 2024-01-28T21:01:13.170Z	5d6f8083-2926-52f2-91c3-deb3ebf09fd7	INFO	SubscriptionBalanceUpdated event published

2024-01-28T21:01:13.183Z END RequestId: 5d6f8083-2926-52f2-91c3-deb3ebf09fd7

2024-01-28T21:01:13.183Z REPORT RequestId: 5d6f8083-2926-52f2-91c3-deb3ebf09fd7	Duration: 91.23 ms	Billed Duration: 92 ms	Memory Size: 1024 MB	Max Memory Used: 111 MB	

2024-01-28T21:01:14.100Z START RequestId: 7cb38632-03b0-5cf0-82c9-d802c1683186 Version: $LATEST

2024-01-28T21:01:14.130Z 2024-01-28T21:01:14.130Z	7cb38632-03b0-5cf0-82c9-d802c1683186	INFO	Processing message d46e44a4-dcd7-487b-bf1f-8736d996888a

2024-01-28T21:01:14.135Z 2024-01-28T21:01:14.135Z	7cb38632-03b0-5cf0-82c9-d802c1683186	INFO	Start syncing the balance {
  transaction: {
    id: '01HN8Y0P99R7B63KDC97AZN90N',
    type: 'DEBIT',
    source: 'MANUAL_DEDUCTION',
    action: 'DELIVERY_DEDUCTION',
    userId: '9f4df114-f657-4b93-af46-af0c3922bdef',
    paymentBalance: 75,
    updatePaymentBalance: true,
    metadata: '{"walletId":"wallet#9f4df114-f657-4b93-af46-af0c3922bdef","deliveryId":"05f10c42-1619-4abb-bcb6-d05955844a3a","walletSk":"05f10c42-1619-4abb-bcb6-d05955844a3a"}',
    currency: 'BHD',
    amount: 9,
    vat: 0,
    oldBalance: 84,
    newBalance: 75
  }
}

2024-01-28T21:01:14.182Z 2024-01-28T21:01:14.182Z	7cb38632-03b0-5cf0-82c9-d802c1683186	INFO	SubscriptionBalanceUpdated event published

2024-01-28T21:01:14.196Z END RequestId: 7cb38632-03b0-5cf0-82c9-d802c1683186

2024-01-28T21:01:14.196Z REPORT RequestId: 7cb38632-03b0-5cf0-82c9-d802c1683186	Duration: 95.78 ms	Billed Duration: 96 ms	Memory Size: 1024 MB	Max Memory Used: 111 MB	

2024-01-28T21:01:14.837Z START RequestId: aed42c25-af16-5105-9f62-72156dcf2c20 Version: $LATEST

2024-01-28T21:01:14.853Z 2024-01-28T21:01:14.853Z	aed42c25-af16-5105-9f62-72156dcf2c20	INFO	Processing message 556872a0-098c-4950-9633-31e010b21d1e

2024-01-28T21:01:14.859Z 2024-01-28T21:01:14.859Z	aed42c25-af16-5105-9f62-72156dcf2c20	INFO	Start syncing the balance {
  transaction: {
    id: '01HN8Y0PRM0MXJBPJ8TK8YHC4S',
    type: 'DEBIT',
    source: 'MANUAL_DEDUCTION',
    action: 'DELIVERY_DEDUCTION',
    userId: 'feba4728-4fb0-4646-bebb-38f5495a11cd',
    paymentBalance: 88,
    updatePaymentBalance: true,
    metadata: '{"walletId":"wallet#feba4728-4fb0-4646-bebb-38f5495a11cd","deliveryId":"958559a1-2ee0-4e47-9519-f9f1a6b7d20b","walletSk":"958559a1-2ee0-4e47-9519-f9f1a6b7d20b"}',
    currency: 'BHD',
    amount: 9,
    vat: 0,
    oldBalance: 97,
    newBalance: 88
  }
}

2024-01-28T21:01:14.905Z 2024-01-28T21:01:14.905Z	aed42c25-af16-5105-9f62-72156dcf2c20	INFO	SubscriptionBalanceUpdated event published

2024-01-28T21:01:14.919Z END RequestId: aed42c25-af16-5105-9f62-72156dcf2c20

2024-01-28T21:01:14.919Z REPORT RequestId: aed42c25-af16-5105-9f62-72156dcf2c20	Duration: 81.89 ms	Billed Duration: 82 ms	Memory Size: 1024 MB	Max Memory Used: 111 MB	

2024-01-28T21:01:15.334Z START RequestId: fae805f8-1027-5623-8df7-5bc8d2fd6b55 Version: $LATEST

2024-01-28T21:01:15.362Z 2024-01-28T21:01:15.362Z	fae805f8-1027-5623-8df7-5bc8d2fd6b55	INFO	Processing message e83bf61c-c2b3-45de-870f-7fe45295e8d4

2024-01-28T21:01:15.367Z 2024-01-28T21:01:15.367Z	fae805f8-1027-5623-8df7-5bc8d2fd6b55	INFO	Start syncing the balance {
  transaction: {
    id: '01HN8Y0Q8PVDSD148TCFWPZEJV',
    type: 'DEBIT',
    source: 'MANUAL_DEDUCTION',
    action: 'DELIVERY_DEDUCTION',
    userId: '528c05e9-7412-4b18-b48d-a9127fe55529',
    paymentBalance: 144,
    updatePaymentBalance: true,
    metadata: '{"walletId":"wallet#528c05e9-7412-4b18-b48d-a9127fe55529","deliveryId":"e2c35f6e-fa16-428c-93e0-600fd74940b0","walletSk":"e2c35f6e-fa16-428c-93e0-600fd74940b0"}',
    currency: 'BHD',
    amount: 8,
    vat: 0,
    oldBalance: 152,
    newBalance: 144
  }
}

2024-01-28T21:01:15.412Z 2024-01-28T21:01:15.412Z	fae805f8-1027-5623-8df7-5bc8d2fd6b55	INFO	SubscriptionBalanceUpdated event published

2024-01-28T21:01:15.426Z END RequestId: fae805f8-1027-5623-8df7-5bc8d2fd6b55

2024-01-28T21:01:15.426Z REPORT RequestId: fae805f8-1027-5623-8df7-5bc8d2fd6b55	Duration: 92.37 ms	Billed Duration: 93 ms	Memory Size: 1024 MB	Max Memory Used: 111 MB	

2024-01-28T21:01:32.865Z START RequestId: 957e999f-4ce0-5040-8e2b-c7af8e0b4d65 Version: $LATEST

2024-01-28T21:01:32.892Z 2024-01-28T21:01:32.892Z	957e999f-4ce0-5040-8e2b-c7af8e0b4d65	INFO	Processing message e83fc33f-0a0f-4041-9c23-a5f78adf1685

2024-01-28T21:01:32.900Z 2024-01-28T21:01:32.900Z	957e999f-4ce0-5040-8e2b-c7af8e0b4d65	INFO	Start syncing the balance {
  transaction: {
    id: '01HN8Y18JV151QZFCJSP1PPSQC',
    type: 'DEBIT',
    source: 'MANUAL_DEDUCTION',
    action: 'DELIVERY_DEDUCTION',
    userId: 'a09d7e6f-cd6a-4e47-8fd6-6b9a7dd03d4d',
    paymentBalance: 16,
    updatePaymentBalance: true,
    metadata: '{"walletId":"wallet#a09d7e6f-cd6a-4e47-8fd6-6b9a7dd03d4d","deliveryId":"1d3248ba-a2de-4cf1-a0de-2ce8f85c722a","walletSk":"1d3248ba-a2de-4cf1-a0de-2ce8f85c722a"}',
    currency: 'BHD',
    amount: 9,
    vat: 0,
    oldBalance: 34,
    newBalance: 25
  }
}

2024-01-28T21:01:32.945Z 2024-01-28T21:01:32.945Z	957e999f-4ce0-5040-8e2b-c7af8e0b4d65	INFO	SubscriptionBalanceUpdated event published

2024-01-28T21:01:32.958Z 2024-01-28T21:01:32.958Z	957e999f-4ce0-5040-8e2b-c7af8e0b4d65	ERROR	Subscription balance and payment balance are not in sync {
  userId: 'a09d7e6f-cd6a-4e47-8fd6-6b9a7dd03d4d',
  subscriptionBalance: 25,
  paymentBalance: 16
}

2024-01-28T21:01:32.979Z END RequestId: 957e999f-4ce0-5040-8e2b-c7af8e0b4d65

2024-01-28T21:01:32.979Z REPORT RequestId: 957e999f-4ce0-5040-8e2b-c7af8e0b4d65	Duration: 113.55 ms	Billed Duration: 114 ms	Memory Size: 1024 MB	Max Memory Used: 115 MB	

2024-01-28T21:01:34.136Z START RequestId: 781d1dc9-baa2-5d55-9742-43f97849e5d6 Version: $LATEST

2024-01-28T21:01:34.168Z 2024-01-28T21:01:34.168Z	781d1dc9-baa2-5d55-9742-43f97849e5d6	INFO	Processing message aa4e452c-8397-4d84-95c1-acac829c43a1

2024-01-28T21:01:34.186Z 2024-01-28T21:01:34.186Z	781d1dc9-baa2-5d55-9742-43f97849e5d6	INFO	Start syncing the balance {
  transaction: {
    id: '01HN8Y19TNH46MW3EK2DBRBW22',
    type: 'DEBIT',
    source: 'MANUAL_DEDUCTION',
    action: 'DELIVERY_DEDUCTION',
    userId: 'c39062fc-016b-4afa-bacd-db5e13ce2a2d',
    paymentBalance: 1543.547,
    updatePaymentBalance: true,
    metadata: '{"walletId":"wallet#c39062fc-016b-4afa-bacd-db5e13ce2a2d","deliveryId":"c102fbbe-0c66-415f-8ba6-da3853f9d078","walletSk":"c102fbbe-0c66-415f-8ba6-da3853f9d078"}',
    currency: 'BHD',
    amount: 8,
    vat: 0,
    oldBalance: 192,
    newBalance: 184
  }
}

2024-01-28T21:01:34.239Z 2024-01-28T21:01:34.239Z	781d1dc9-baa2-5d55-9742-43f97849e5d6	INFO	SubscriptionBalanceUpdated event published

2024-01-28T21:01:34.256Z 2024-01-28T21:01:34.256Z	781d1dc9-baa2-5d55-9742-43f97849e5d6	ERROR	Subscription balance and payment balance are not in sync {
  userId: 'c39062fc-016b-4afa-bacd-db5e13ce2a2d',
  subscriptionBalance: 184,
  paymentBalance: 1543.547
}

2024-01-28T21:01:34.279Z END RequestId: 781d1dc9-baa2-5d55-9742-43f97849e5d6

2024-01-28T21:01:34.279Z REPORT RequestId: 781d1dc9-baa2-5d55-9742-43f97849e5d6	Duration: 143.29 ms	Billed Duration: 144 ms	Memory Size: 1024 MB	Max Memory Used: 116 MB	

2024-01-28T21:01:34.392Z START RequestId: 0655459d-dd27-5235-bb0d-1bad1fcbaf43 Version: $LATEST

2024-01-28T21:01:34.422Z 2024-01-28T21:01:34.422Z	0655459d-dd27-5235-bb0d-1bad1fcbaf43	INFO	Processing message 7abfbd87-0f4c-4afa-93e7-2231cc0de819

2024-01-28T21:01:34.428Z 2024-01-28T21:01:34.428Z	0655459d-dd27-5235-bb0d-1bad1fcbaf43	INFO	Start syncing the balance {
  transaction: {
    id: '01HN8Y1A1XA2JTT48JG5P0TRJ3',
    type: 'DEBIT',
    source: 'MANUAL_DEDUCTION',
    action: 'DELIVERY_DEDUCTION',
    userId: 'b3aab2eb-c83f-488f-9108-5fcbf7a5feba',
    paymentBalance: 53.2,
    updatePaymentBalance: true,
    metadata: '{"walletId":"wallet#b3aab2eb-c83f-488f-9108-5fcbf7a5feba","deliveryId":"75142b8e-c0ea-42e3-8d3d-7e0242fcb97e","walletSk":"75142b8e-c0ea-42e3-8d3d-7e0242fcb97e"}',
    currency: 'BHD',
    amount: 1.8,
    vat: 0,
    oldBalance: 3.4,
    newBalance: 1.6
  }
}

2024-01-28T21:01:34.486Z 2024-01-28T21:01:34.486Z	0655459d-dd27-5235-bb0d-1bad1fcbaf43	INFO	SubscriptionBalanceUpdated event published

2024-01-28T21:01:34.500Z 2024-01-28T21:01:34.500Z	0655459d-dd27-5235-bb0d-1bad1fcbaf43	ERROR	Subscription balance and payment balance are not in sync {
  userId: 'b3aab2eb-c83f-488f-9108-5fcbf7a5feba',
  subscriptionBalance: 1.6,
  paymentBalance: 53.2
}

2024-01-28T21:01:34.539Z END RequestId: 0655459d-dd27-5235-bb0d-1bad1fcbaf43

2024-01-28T21:01:34.539Z REPORT RequestId: 0655459d-dd27-5235-bb0d-1bad1fcbaf43	Duration: 146.62 ms	Billed Duration: 147 ms	Memory Size: 1024 MB	Max Memory Used: 116 MB	

2024-01-28T21:01:34.934Z START RequestId: 610afcc6-e015-5244-8d4d-a2f622f9358f Version: $LATEST

2024-01-28T21:01:34.960Z 2024-01-28T21:01:34.960Z	610afcc6-e015-5244-8d4d-a2f622f9358f	INFO	Processing message 124399b2-0e87-4d8b-85e3-b646f9cb7182

2024-01-28T21:01:34.965Z 2024-01-28T21:01:34.965Z	610afcc6-e015-5244-8d4d-a2f622f9358f	INFO	Start syncing the balance {
  transaction: {
    id: '01HN8Y1AH9HC235W1EDE6NY0HC',
    type: 'DEBIT',
    source: 'MANUAL_DEDUCTION',
    action: 'DELIVERY_DEDUCTION',
    userId: '35790c79-2aad-4b1c-b9e0-4ca04d71f93a',
    paymentBalance: 36,
    updatePaymentBalance: true,
    metadata: '{"walletId":"wallet#35790c79-2aad-4b1c-b9e0-4ca04d71f93a","deliveryId":"58e83d5a-257b-47f2-9127-c394562854f9","walletSk":"58e83d5a-257b-47f2-9127-c394562854f9"}',
    currency: 'BHD',
    amount: 9,
    vat: 0,
    oldBalance: 45,
    newBalance: 36
  }
}

2024-01-28T21:01:35.022Z 2024-01-28T21:01:35.022Z	610afcc6-e015-5244-8d4d-a2f622f9358f	INFO	SubscriptionBalanceUpdated event published

2024-01-28T21:01:35.037Z END RequestId: 610afcc6-e015-5244-8d4d-a2f622f9358f

2024-01-28T21:01:35.037Z REPORT RequestId: 610afcc6-e015-5244-8d4d-a2f622f9358f	Duration: 103.06 ms	Billed Duration: 104 ms	Memory Size: 1024 MB	Max Memory Used: 116 MB	

2024-01-28T21:01:36.136Z START RequestId: 3e7e0731-9f48-54c8-9bc2-59015da409ed Version: $LATEST

2024-01-28T21:01:36.164Z 2024-01-28T21:01:36.164Z	3e7e0731-9f48-54c8-9bc2-59015da409ed	INFO	Processing message c6ebbba8-fe06-4f8e-ad77-8c2567c14d1d

2024-01-28T21:01:36.170Z 2024-01-28T21:01:36.170Z	3e7e0731-9f48-54c8-9bc2-59015da409ed	INFO	Start syncing the balance {
  transaction: {
    id: '01HN8Y1BH19ZXGGY5JEGXRG5WC',
    type: 'DEBIT',
    source: 'MANUAL_DEDUCTION',
    action: 'DELIVERY_DEDUCTION',
    userId: '66a734f3-a86b-477a-929e-50e078195a91',
    paymentBalance: 57,
    updatePaymentBalance: true,
    metadata: '{"walletId":"wallet#66a734f3-a86b-477a-929e-50e078195a91","deliveryId":"11d9509b-e693-46e7-9b3e-9e7fe295b194","walletSk":"11d9509b-e693-46e7-9b3e-9e7fe295b194"}',
    currency: 'BHD',
    amount: 9,
    vat: 0,
    oldBalance: 75,
    newBalance: 66
  }
}

2024-01-28T21:01:36.221Z 2024-01-28T21:01:36.221Z	3e7e0731-9f48-54c8-9bc2-59015da409ed	INFO	SubscriptionBalanceUpdated event published

2024-01-28T21:01:36.233Z 2024-01-28T21:01:36.233Z	3e7e0731-9f48-54c8-9bc2-59015da409ed	ERROR	Subscription balance and payment balance are not in sync {
  userId: '66a734f3-a86b-477a-929e-50e078195a91',
  subscriptionBalance: 66,
  paymentBalance: 57
}

2024-01-28T21:01:36.254Z END RequestId: 3e7e0731-9f48-54c8-9bc2-59015da409ed

2024-01-28T21:01:36.254Z REPORT RequestId: 3e7e0731-9f48-54c8-9bc2-59015da409ed	Duration: 118.44 ms	Billed Duration: 119 ms	Memory Size: 1024 MB	Max Memory Used: 116 MB	

2024-01-28T21:01:37.638Z START RequestId: 4386b65b-9799-5c84-97dd-e86b5577d407 Version: $LATEST

2024-01-28T21:01:37.665Z 2024-01-28T21:01:37.665Z	4386b65b-9799-5c84-97dd-e86b5577d407	INFO	Processing message ec6b10f9-41e9-4b0c-8f56-075473df1a44

2024-01-28T21:01:37.671Z 2024-01-28T21:01:37.671Z	4386b65b-9799-5c84-97dd-e86b5577d407	INFO	Start syncing the balance {
  transaction: {
    id: '01HN8Y1D7NPWV3F514W8BK88RN',
    type: 'DEBIT',
    source: 'MANUAL_DEDUCTION',
    action: 'DELIVERY_DEDUCTION',
    userId: 'cdd0df27-94a4-4f72-9e67-6f435cce0485',
    paymentBalance: 72.5,
    updatePaymentBalance: true,
    metadata: '{"walletId":"wallet#cdd0df27-94a4-4f72-9e67-6f435cce0485","deliveryId":"826fd08f-071f-4636-82c0-bbac32be689d","walletSk":"826fd08f-071f-4636-82c0-bbac32be689d"}',
    currency: 'BHD',
    amount: 9,
    vat: 0,
    oldBalance: 90.5,
    newBalance: 81.5
  }
}

2024-01-28T21:01:37.792Z 2024-01-28T21:01:37.792Z	4386b65b-9799-5c84-97dd-e86b5577d407	INFO	SubscriptionBalanceUpdated event published

2024-01-28T21:01:37.805Z 2024-01-28T21:01:37.805Z	4386b65b-9799-5c84-97dd-e86b5577d407	ERROR	Subscription balance and payment balance are not in sync {
  userId: 'cdd0df27-94a4-4f72-9e67-6f435cce0485',
  subscriptionBalance: 81.5,
  paymentBalance: 72.5
}

2024-01-28T21:01:37.830Z END RequestId: 4386b65b-9799-5c84-97dd-e86b5577d407

2024-01-28T21:01:37.830Z REPORT RequestId: 4386b65b-9799-5c84-97dd-e86b5577d407	Duration: 192.34 ms	Billed Duration: 193 ms	Memory Size: 1024 MB	Max Memory Used: 116 MB	

2024-01-28T21:01:37.873Z START RequestId: 6f1c96f5-b626-5abd-8ed5-c8c574c8ed76 Version: $LATEST

2024-01-28T21:01:37.899Z 2024-01-28T21:01:37.899Z	6f1c96f5-b626-5abd-8ed5-c8c574c8ed76	INFO	Processing message 6f4124c1-0526-485e-b15f-7ef4dc052f8b

2024-01-28T21:01:37.904Z 2024-01-28T21:01:37.904Z	6f1c96f5-b626-5abd-8ed5-c8c574c8ed76	INFO	Start syncing the balance {
  transaction: {
    id: '01HN8Y1DAXKJ0QTZDD5YMM12HH',
    type: 'DEBIT',
    source: 'MANUAL_DEDUCTION',
    action: 'DELIVERY_DEDUCTION',
    userId: 'ae273dbb-7c60-4427-aee6-164103d514b5',
    paymentBalance: 72.5,
    updatePaymentBalance: true,
    metadata: '{"walletId":"wallet#ae273dbb-7c60-4427-aee6-164103d514b5","deliveryId":"37e3299f-3f15-473c-8d39-c3d4ee05901a","walletSk":"37e3299f-3f15-473c-8d39-c3d4ee05901a"}',
    currency: 'BHD',
    amount: 9,
    vat: 0,
    oldBalance: 90.5,
    newBalance: 81.5
  }
}

2024-01-28T21:01:37.955Z 2024-01-28T21:01:37.955Z	6f1c96f5-b626-5abd-8ed5-c8c574c8ed76	INFO	SubscriptionBalanceUpdated event published

2024-01-28T21:01:37.967Z 2024-01-28T21:01:37.967Z	6f1c96f5-b626-5abd-8ed5-c8c574c8ed76	ERROR	Subscription balance and payment balance are not in sync {
  userId: 'ae273dbb-7c60-4427-aee6-164103d514b5',
  subscriptionBalance: 81.5,
  paymentBalance: 72.5
}

2024-01-28T21:01:37.987Z END RequestId: 6f1c96f5-b626-5abd-8ed5-c8c574c8ed76

2024-01-28T21:01:37.987Z REPORT RequestId: 6f1c96f5-b626-5abd-8ed5-c8c574c8ed76	Duration: 114.32 ms	Billed Duration: 115 ms	Memory Size: 1024 MB	Max Memory Used: 116 MB	

2024-01-28T21:01:38.378Z START RequestId: d677711f-3876-5c2c-beb4-2f2ffa98ef55 Version: $LATEST

2024-01-28T21:01:38.403Z 2024-01-28T21:01:38.403Z	d677711f-3876-5c2c-beb4-2f2ffa98ef55	INFO	Processing message 2893de4a-8424-4832-b7e4-a69f43397a3c

2024-01-28T21:01:38.408Z 2024-01-28T21:01:38.408Z	d677711f-3876-5c2c-beb4-2f2ffa98ef55	INFO	Start syncing the balance {
  transaction: {
    id: '01HN8Y1DQ1J7W1HFMZ1JJPR717',
    type: 'DEBIT',
    source: 'MANUAL_DEDUCTION',
    action: 'DELIVERY_DEDUCTION',
    userId: 'e6cdbca4-1eac-44a7-b1b3-299757b86a75',
    paymentBalance: 72,
    updatePaymentBalance: true,
    metadata: '{"walletId":"wallet#e6cdbca4-1eac-44a7-b1b3-299757b86a75","deliveryId":"96e40e9b-3a18-44b2-8276-60e7f1e83abe","walletSk":"96e40e9b-3a18-44b2-8276-60e7f1e83abe"}',
    currency: 'BHD',
    amount: 8,
    vat: 0,
    oldBalance: 88,
    newBalance: 80
  }
}

2024-01-28T21:01:38.455Z 2024-01-28T21:01:38.455Z	d677711f-3876-5c2c-beb4-2f2ffa98ef55	INFO	SubscriptionBalanceUpdated event published

2024-01-28T21:01:38.470Z 2024-01-28T21:01:38.470Z	d677711f-3876-5c2c-beb4-2f2ffa98ef55	ERROR	Subscription balance and payment balance are not in sync {
  userId: 'e6cdbca4-1eac-44a7-b1b3-299757b86a75',
  subscriptionBalance: 80,
  paymentBalance: 72
}

2024-01-28T21:01:38.495Z END RequestId: d677711f-3876-5c2c-beb4-2f2ffa98ef55

2024-01-28T21:01:38.495Z REPORT RequestId: d677711f-3876-5c2c-beb4-2f2ffa98ef55	Duration: 117.19 ms	Billed Duration: 118 ms	Memory Size: 1024 MB	Max Memory Used: 116 MB	

2024-01-28T21:01:41.131Z START RequestId: 3107e5b5-3da0-5954-9b3c-bb85ff50c471 Version: $LATEST

2024-01-28T21:01:41.162Z 2024-01-28T21:01:41.162Z	3107e5b5-3da0-5954-9b3c-bb85ff50c471	INFO	Processing message 605ec121-adcc-4f2d-ab77-d43818f657c7

2024-01-28T21:01:41.167Z 2024-01-28T21:01:41.167Z	3107e5b5-3da0-5954-9b3c-bb85ff50c471	INFO	Start syncing the balance {
  transaction: {
    id: '01HN8Y1GNV84J7CZJ4JZKQJ3TM',
    type: 'DEBIT',
    source: 'MANUAL_DEDUCTION',
    action: 'DELIVERY_DEDUCTION',
    userId: 'aadf6b82-af9f-40ac-b332-80c3f60538ba',
    paymentBalance: 12,
    updatePaymentBalance: true,
    metadata: '{"walletId":"wallet#aadf6b82-af9f-40ac-b332-80c3f60538ba","deliveryId":"c0428dc8-5c9c-47b2-9918-d34a937fd1b3","walletSk":"c0428dc8-5c9c-47b2-9918-d34a937fd1b3"}',
    currency: 'BHD',
    amount: 8,
    vat: 0,
    oldBalance: 20,
    newBalance: 12
  }
}

2024-01-28T21:01:41.220Z 2024-01-28T21:01:41.220Z	3107e5b5-3da0-5954-9b3c-bb85ff50c471	INFO	SubscriptionBalanceUpdated event published

2024-01-28T21:01:41.242Z END RequestId: 3107e5b5-3da0-5954-9b3c-bb85ff50c471

2024-01-28T21:01:41.242Z REPORT RequestId: 3107e5b5-3da0-5954-9b3c-bb85ff50c471	Duration: 111.25 ms	Billed Duration: 112 ms	Memory Size: 1024 MB	Max Memory Used: 116 MB	

2024-01-28T21:01:01.741Z INIT_START Runtime Version: nodejs:20.v14	Runtime Version ARN: arn:aws:lambda:us-east-1::runtime:d4c968f0a85420c036d732975b0317307799fc7152619b3c4fb289f5d8e34f8a

2024-01-28T21:01:02.480Z START RequestId: 2f67aa87-fec6-550b-8662-f4b73c0f0be7 Version: $LATEST

2024-01-28T21:01:02.644Z 2024-01-28T21:01:02.644Z	2f67aa87-fec6-550b-8662-f4b73c0f0be7	INFO	Processing message 57ea2e71-6495-4f66-8368-6e056e9e8e7c

2024-01-28T21:01:02.695Z 2024-01-28T21:01:02.695Z	2f67aa87-fec6-550b-8662-f4b73c0f0be7	INFO	Start syncing the balance {
  transaction: {
    id: '01HN8Y08PX8QCCPGVX13JS9FAH',
    type: 'DEBIT',
    source: 'MANUAL_DEDUCTION',
    action: 'DELIVERY_DEDUCTION',
    userId: '20f25ac8-8c5b-4ddf-a655-12257aed6fff',
    paymentBalance: 120,
    updatePaymentBalance: true,
    metadata: '{"walletId":"wallet#20f25ac8-8c5b-4ddf-a655-12257aed6fff","deliveryId":"1ebc5812-7521-4a7c-b1ee-8e6cbb51f5d6","walletSk":"1ebc5812-7521-4a7c-b1ee-8e6cbb51f5d6"}',
    currency: 'BHD',
    amount: 9,
    vat: 0,
    oldBalance: 138,
    newBalance: 129
  }
}

2024-01-28T21:01:02.794Z 2024-01-28T21:01:02.794Z	2f67aa87-fec6-550b-8662-f4b73c0f0be7	INFO	SubscriptionBalanceUpdated event published

2024-01-28T21:01:02.838Z 2024-01-28T21:01:02.838Z	2f67aa87-fec6-550b-8662-f4b73c0f0be7	ERROR	Subscription balance and payment balance are not in sync {
  userId: '20f25ac8-8c5b-4ddf-a655-12257aed6fff',
  subscriptionBalance: 129,
  paymentBalance: 120
}

2024-01-28T21:01:02.871Z END RequestId: 2f67aa87-fec6-550b-8662-f4b73c0f0be7

2024-01-28T21:01:02.871Z REPORT RequestId: 2f67aa87-fec6-550b-8662-f4b73c0f0be7	Duration: 390.44 ms	Billed Duration: 391 ms	Memory Size: 1024 MB	Max Memory Used: 102 MB	Init Duration: 737.77 ms	

2024-01-28T21:01:04.561Z START RequestId: 65946816-d931-54e9-b42e-36261be14a05 Version: $LATEST

2024-01-28T21:01:04.592Z 2024-01-28T21:01:04.592Z	65946816-d931-54e9-b42e-36261be14a05	INFO	Processing message 67dacc29-99f2-4835-8603-2b22a4f92ae7

2024-01-28T21:01:04.645Z 2024-01-28T21:01:04.645Z	65946816-d931-54e9-b42e-36261be14a05	INFO	Start syncing the balance {
  transaction: {
    id: '01HN8Y0CZN7WJ7EMP1DCVF1NN7',
    type: 'DEBIT',
    source: 'MANUAL_DEDUCTION',
    action: 'DELIVERY_DEDUCTION',
    userId: 'fe34a324-49e4-4375-a0a6-30db0ad725c0',
    paymentBalance: 151,
    updatePaymentBalance: true,
    metadata: '{"walletId":"wallet#fe34a324-49e4-4375-a0a6-30db0ad725c0","deliveryId":"3a8fb78c-f466-4b26-8f15-56f4b7bd1d91","walletSk":"3a8fb78c-f466-4b26-8f15-56f4b7bd1d91"}',
    currency: 'BHD',
    amount: 9,
    vat: 0,
    oldBalance: 160,
    newBalance: 151
  }
}

2024-01-28T21:01:04.713Z 2024-01-28T21:01:04.713Z	65946816-d931-54e9-b42e-36261be14a05	INFO	SubscriptionBalanceUpdated event published

2024-01-28T21:01:04.730Z END RequestId: 65946816-d931-54e9-b42e-36261be14a05

2024-01-28T21:01:04.730Z REPORT RequestId: 65946816-d931-54e9-b42e-36261be14a05	Duration: 169.42 ms	Billed Duration: 170 ms	Memory Size: 1024 MB	Max Memory Used: 104 MB	

2024-01-28T21:01:06.831Z START RequestId: 43d003e6-1ed7-5015-9da5-5dd6dc064896 Version: $LATEST

2024-01-28T21:01:06.862Z 2024-01-28T21:01:06.862Z	43d003e6-1ed7-5015-9da5-5dd6dc064896	INFO	Processing message b22af987-b575-4a35-ae8c-ccb85ed4a391

2024-01-28T21:01:06.870Z 2024-01-28T21:01:06.870Z	43d003e6-1ed7-5015-9da5-5dd6dc064896	INFO	Start syncing the balance {
  transaction: {
    id: '01HN8Y0F6F4NFDE3VEVCY5QPAK',
    type: 'DEBIT',
    source: 'MANUAL_DEDUCTION',
    action: 'DELIVERY_DEDUCTION',
    userId: 'a10fe6c3-67ff-490a-be6c-17ab2332ca1f',
    paymentBalance: 64,
    updatePaymentBalance: true,
    metadata: '{"walletId":"wallet#a10fe6c3-67ff-490a-be6c-17ab2332ca1f","deliveryId":"d858d013-3dc8-4de0-86d2-70e64de8cfc4","walletSk":"d858d013-3dc8-4de0-86d2-70e64de8cfc4"}',
    currency: 'BHD',
    amount: 8,
    vat: 0,
    oldBalance: 72,
    newBalance: 64
  }
}

2024-01-28T21:01:06.920Z 2024-01-28T21:01:06.920Z	43d003e6-1ed7-5015-9da5-5dd6dc064896	INFO	SubscriptionBalanceUpdated event published

2024-01-28T21:01:06.934Z END RequestId: 43d003e6-1ed7-5015-9da5-5dd6dc064896

2024-01-28T21:01:06.934Z REPORT RequestId: 43d003e6-1ed7-5015-9da5-5dd6dc064896	Duration: 102.64 ms	Billed Duration: 103 ms	Memory Size: 1024 MB	Max Memory Used: 104 MB	

2024-01-28T21:01:07.074Z START RequestId: 79621944-78dc-51ee-b3d5-4774ba0fc96d Version: $LATEST

2024-01-28T21:01:07.099Z 2024-01-28T21:01:07.099Z	79621944-78dc-51ee-b3d5-4774ba0fc96d	INFO	Processing message f29f5011-77f9-4f70-957c-5a4c29562a26

2024-01-28T21:01:07.105Z 2024-01-28T21:01:07.105Z	79621944-78dc-51ee-b3d5-4774ba0fc96d	INFO	Start syncing the balance {
  transaction: {
    id: '01HN8Y0FDFS1Z4W6HRQDFGZWP4',
    type: 'DEBIT',
    source: 'MANUAL_DEDUCTION',
    action: 'DELIVERY_DEDUCTION',
    userId: '2c2a8830-b2f7-4b3e-a180-7a5654eee40c',
    paymentBalance: 38306.39,
    updatePaymentBalance: true,
    metadata: '{"walletId":"wallet#2c2a8830-b2f7-4b3e-a180-7a5654eee40c","deliveryId":"cebba959-129a-42af-8d8e-1d37976d397b","walletSk":"cebba959-129a-42af-8d8e-1d37976d397b"}',
    currency: 'SAR',
    amount: 90,
    vat: 0,
    oldBalance: 38486.39,
    newBalance: 38396.39
  }
}

2024-01-28T21:01:07.154Z 2024-01-28T21:01:07.154Z	79621944-78dc-51ee-b3d5-4774ba0fc96d	INFO	SubscriptionBalanceUpdated event published

2024-01-28T21:01:07.391Z 2024-01-28T21:01:07.391Z	79621944-78dc-51ee-b3d5-4774ba0fc96d	ERROR	Subscription balance and payment balance are not in sync {
  userId: '2c2a8830-b2f7-4b3e-a180-7a5654eee40c',
  subscriptionBalance: 38396.39,
  paymentBalance: 38306.39
}

2024-01-28T21:01:07.411Z END RequestId: 79621944-78dc-51ee-b3d5-4774ba0fc96d

2024-01-28T21:01:07.411Z REPORT RequestId: 79621944-78dc-51ee-b3d5-4774ba0fc96d	Duration: 337.30 ms	Billed Duration: 338 ms	Memory Size: 1024 MB	Max Memory Used: 104 MB	

2024-01-28T21:01:07.565Z START RequestId: 0f59ea2f-ddf7-531d-9632-b41f1f24adf1 Version: $LATEST

2024-01-28T21:01:07.593Z 2024-01-28T21:01:07.593Z	0f59ea2f-ddf7-531d-9632-b41f1f24adf1	INFO	Processing message 0840f822-153d-4314-9528-4ca1d05cf794

2024-01-28T21:01:07.599Z 2024-01-28T21:01:07.599Z	0f59ea2f-ddf7-531d-9632-b41f1f24adf1	INFO	Start syncing the balance {
  transaction: {
    id: '01HN8Y0FJ1R2J5JA9ZT6RSJWG4',
    type: 'DEBIT',
    source: 'MANUAL_DEDUCTION',
    action: 'DELIVERY_DEDUCTION',
    userId: 'd9e426cf-4b0b-43ed-b5ca-2a5f547c0427',
    paymentBalance: 143,
    updatePaymentBalance: true,
    metadata: '{"walletId":"wallet#d9e426cf-4b0b-43ed-b5ca-2a5f547c0427","deliveryId":"adb9b634-ac85-424b-9dbd-71230636b949","walletSk":"adb9b634-ac85-424b-9dbd-71230636b949"}',
    currency: 'BHD',
    amount: 9,
    vat: 0,
    oldBalance: 152,
    newBalance: 143
  }
}

2024-01-28T21:01:07.641Z 2024-01-28T21:01:07.641Z	0f59ea2f-ddf7-531d-9632-b41f1f24adf1	INFO	SubscriptionBalanceUpdated event published

2024-01-28T21:01:07.657Z END RequestId: 0f59ea2f-ddf7-531d-9632-b41f1f24adf1

2024-01-28T21:01:07.657Z REPORT RequestId: 0f59ea2f-ddf7-531d-9632-b41f1f24adf1	Duration: 92.39 ms	Billed Duration: 93 ms	Memory Size: 1024 MB	Max Memory Used: 106 MB	

2024-01-28T21:01:07.698Z START RequestId: a682e398-7ebe-5497-be22-bda8bc6d89e1 Version: $LATEST

2024-01-28T21:01:07.726Z 2024-01-28T21:01:07.726Z	a682e398-7ebe-5497-be22-bda8bc6d89e1	INFO	Processing message 5d717f25-8c45-47d8-962e-ae8695948271

2024-01-28T21:01:07.732Z 2024-01-28T21:01:07.732Z	a682e398-7ebe-5497-be22-bda8bc6d89e1	INFO	Start syncing the balance {
  transaction: {
    id: '01HN8Y0FWZVVN28N4B4NJY4YB8',
    type: 'DEBIT',
    source: 'MANUAL_DEDUCTION',
    action: 'DELIVERY_DEDUCTION',
    userId: '581ac5c9-5f0e-4349-aaf4-8a1660d860f5',
    paymentBalance: 1170,
    updatePaymentBalance: true,
    metadata: '{"walletId":"wallet#581ac5c9-5f0e-4349-aaf4-8a1660d860f5","deliveryId":"dc25f54e-6817-4c2b-a6e9-4d5045dfa6e1","walletSk":"dc25f54e-6817-4c2b-a6e9-4d5045dfa6e1"}',
    currency: 'SAR',
    amount: 90,
    vat: 0,
    oldBalance: 1260,
    newBalance: 1170
  }
}

2024-01-28T21:01:07.781Z 2024-01-28T21:01:07.781Z	a682e398-7ebe-5497-be22-bda8bc6d89e1	INFO	SubscriptionBalanceUpdated event published

2024-01-28T21:01:07.798Z END RequestId: a682e398-7ebe-5497-be22-bda8bc6d89e1

2024-01-28T21:01:07.798Z REPORT RequestId: a682e398-7ebe-5497-be22-bda8bc6d89e1	Duration: 99.48 ms	Billed Duration: 100 ms	Memory Size: 1024 MB	Max Memory Used: 107 MB	

2024-01-28T21:01:51.471Z START RequestId: e3fa8713-1cec-5e08-9db8-d923de11e0e4 Version: $LATEST

2024-01-28T21:01:51.497Z 2024-01-28T21:01:51.497Z	e3fa8713-1cec-5e08-9db8-d923de11e0e4	INFO	Processing message 7751d3b2-64ee-4bef-b132-38fac3a02c91

2024-01-28T21:01:51.502Z 2024-01-28T21:01:51.502Z	e3fa8713-1cec-5e08-9db8-d923de11e0e4	INFO	Start syncing the balance {
  transaction: {
    id: '01HN8Y1TJ2SWTWD81J0PZCDJK0',
    type: 'DEBIT',
    source: 'MANUAL_DEDUCTION',
    action: 'DELIVERY_DEDUCTION',
    userId: 'd435bc53-d96a-4b30-be32-9e8fbbe3878b',
    paymentBalance: 66,
    updatePaymentBalance: true,
    metadata: '{"walletId":"wallet#d435bc53-d96a-4b30-be32-9e8fbbe3878b","deliveryId":"920aa0a5-e3fa-40a8-be94-b73fa51c4f93","walletSk":"920aa0a5-e3fa-40a8-be94-b73fa51c4f93"}',
    currency: 'BHD',
    amount: 9,
    vat: 0,
    oldBalance: 75,
    newBalance: 66
  }
}

2024-01-28T21:01:51.549Z 2024-01-28T21:01:51.549Z	e3fa8713-1cec-5e08-9db8-d923de11e0e4	INFO	SubscriptionBalanceUpdated event published

2024-01-28T21:01:51.563Z END RequestId: e3fa8713-1cec-5e08-9db8-d923de11e0e4

2024-01-28T21:01:51.563Z REPORT RequestId: e3fa8713-1cec-5e08-9db8-d923de11e0e4	Duration: 92.39 ms	Billed Duration: 93 ms	Memory Size: 1024 MB	Max Memory Used: 116 MB	

2024-01-28T21:01:51.709Z START RequestId: 55a2ad70-6791-5aba-bf6b-f340a56c87cc Version: $LATEST

2024-01-28T21:01:51.734Z 2024-01-28T21:01:51.734Z	55a2ad70-6791-5aba-bf6b-f340a56c87cc	INFO	Processing message 47f7e56b-16cf-4a24-a03a-241e90ae23e5

2024-01-28T21:01:51.755Z 2024-01-28T21:01:51.755Z	55a2ad70-6791-5aba-bf6b-f340a56c87cc	INFO	Start syncing the balance {
  transaction: {
    id: '01HN8Y1TME16NSH9K1GZ3XWN7C',
    type: 'DEBIT',
    source: 'MANUAL_DEDUCTION',
    action: 'DELIVERY_DEDUCTION',
    userId: '774e69ea-6841-4fbe-a007-6c5fe7feba4e',
    paymentBalance: 54,
    updatePaymentBalance: true,
    metadata: '{"walletId":"wallet#774e69ea-6841-4fbe-a007-6c5fe7feba4e","deliveryId":"f4cbb65f-6e18-4d37-b4b8-a0e26a8b8911","walletSk":"f4cbb65f-6e18-4d37-b4b8-a0e26a8b8911"}',
    currency: 'BHD',
    amount: 9,
    vat: 0,
    oldBalance: 72,
    newBalance: 63
  }
}

2024-01-28T21:01:51.822Z 2024-01-28T21:01:51.822Z	55a2ad70-6791-5aba-bf6b-f340a56c87cc	INFO	SubscriptionBalanceUpdated event published

2024-01-28T21:01:51.835Z 2024-01-28T21:01:51.835Z	55a2ad70-6791-5aba-bf6b-f340a56c87cc	ERROR	Subscription balance and payment balance are not in sync {
  userId: '774e69ea-6841-4fbe-a007-6c5fe7feba4e',
  subscriptionBalance: 63,
  paymentBalance: 54
}

2024-01-28T21:01:51.857Z END RequestId: 55a2ad70-6791-5aba-bf6b-f340a56c87cc

2024-01-28T21:01:51.857Z REPORT RequestId: 55a2ad70-6791-5aba-bf6b-f340a56c87cc	Duration: 147.99 ms	Billed Duration: 148 ms	Memory Size: 1024 MB	Max Memory Used: 116 MB	

2024-01-28T21:01:52.432Z START RequestId: b8bd3714-5e94-5eaa-9081-69249c61338f Version: $LATEST

2024-01-28T21:01:52.459Z 2024-01-28T21:01:52.459Z	b8bd3714-5e94-5eaa-9081-69249c61338f	INFO	Processing message 8cebab5b-601f-4b21-9e26-6d3a7758b8cf

2024-01-28T21:01:52.464Z 2024-01-28T21:01:52.464Z	b8bd3714-5e94-5eaa-9081-69249c61338f	INFO	Start syncing the balance {
  transaction: {
    id: '01HN8Y1JD2VQ7D8ASYVCK2CGM8',
    type: 'DEBIT',
    source: 'MANUAL_DEDUCTION',
    action: 'DELIVERY_DEDUCTION',
    userId: 'e55755fa-20dd-410d-af94-d4ced92039be',
    paymentBalance: 75,
    updatePaymentBalance: true,
    metadata: '{"walletId":"wallet#e55755fa-20dd-410d-af94-d4ced92039be","deliveryId":"e4597f40-1575-4488-ba83-4567b3ae073b","walletSk":"e4597f40-1575-4488-ba83-4567b3ae073b"}',
    currency: 'BHD',
    amount: 9,
    vat: 0,
    oldBalance: 93,
    newBalance: 84
  }
}

2024-01-28T21:01:52.519Z 2024-01-28T21:01:52.519Z	b8bd3714-5e94-5eaa-9081-69249c61338f	INFO	SubscriptionBalanceUpdated event published

2024-01-28T21:01:52.533Z 2024-01-28T21:01:52.533Z	b8bd3714-5e94-5eaa-9081-69249c61338f	ERROR	Subscription balance and payment balance are not in sync {
  userId: 'e55755fa-20dd-410d-af94-d4ced92039be',
  subscriptionBalance: 84,
  paymentBalance: 75
}

2024-01-28T21:01:52.564Z END RequestId: b8bd3714-5e94-5eaa-9081-69249c61338f

2024-01-28T21:01:52.564Z REPORT RequestId: b8bd3714-5e94-5eaa-9081-69249c61338f	Duration: 131.42 ms	Billed Duration: 132 ms	Memory Size: 1024 MB	Max Memory Used: 116 MB	

2024-01-28T21:01:52.732Z START RequestId: e9cc78d9-2c69-53e5-9590-26e9ee96cd09 Version: $LATEST

2024-01-28T21:01:52.760Z 2024-01-28T21:01:52.760Z	e9cc78d9-2c69-53e5-9590-26e9ee96cd09	INFO	Processing message a8065f91-c8af-47f0-9b7a-1f8c9c805950

2024-01-28T21:01:52.766Z 2024-01-28T21:01:52.766Z	e9cc78d9-2c69-53e5-9590-26e9ee96cd09	INFO	Start syncing the balance {
  transaction: {
    id: '01HN8Y1W2D3XR0S5Q5167FR9GY',
    type: 'DEBIT',
    source: 'MANUAL_DEDUCTION',
    action: 'DELIVERY_DEDUCTION',
    userId: 'cb041491-f6b7-42be-9d69-278513b57b10',
    paymentBalance: 96,
    updatePaymentBalance: true,
    metadata: '{"walletId":"wallet#cb041491-f6b7-42be-9d69-278513b57b10","deliveryId":"a1eb8d19-2f46-4f6d-b096-58514398e8d9","walletSk":"a1eb8d19-2f46-4f6d-b096-58514398e8d9"}',
    currency: 'BHD',
    amount: 8,
    vat: 0,
    oldBalance: 104,
    newBalance: 96
  }
}

2024-01-28T21:01:52.846Z 2024-01-28T21:01:52.846Z	e9cc78d9-2c69-53e5-9590-26e9ee96cd09	INFO	SubscriptionBalanceUpdated event published

2024-01-28T21:01:52.862Z END RequestId: e9cc78d9-2c69-53e5-9590-26e9ee96cd09

2024-01-28T21:01:52.862Z REPORT RequestId: e9cc78d9-2c69-53e5-9590-26e9ee96cd09	Duration: 130.41 ms	Billed Duration: 131 ms	Memory Size: 1024 MB	Max Memory Used: 116 MB	

2024-01-28T21:01:52.980Z START RequestId: 492da51b-fe17-594d-982f-fb2b3d17d7a1 Version: $LATEST

2024-01-28T21:01:53.006Z 2024-01-28T21:01:53.006Z	492da51b-fe17-594d-982f-fb2b3d17d7a1	INFO	Processing message a2978c1e-6f77-48c1-9648-5df9ac1930c1

2024-01-28T21:01:53.012Z 2024-01-28T21:01:53.012Z	492da51b-fe17-594d-982f-fb2b3d17d7a1	INFO	Start syncing the balance {
  transaction: {
    id: '01HN8Y1W4WSCBCJZXFYA43K714',
    type: 'DEBIT',
    source: 'MANUAL_DEDUCTION',
    action: 'DELIVERY_DEDUCTION',
    userId: '52ebb322-696b-423b-bd79-2de604defbdd',
    paymentBalance: 3443.01,
    updatePaymentBalance: true,
    metadata: '{"walletId":"wallet#52ebb322-696b-423b-bd79-2de604defbdd","deliveryId":"23a2a1b7-c20f-4e19-9272-ff1f0cb982dd","walletSk":"23a2a1b7-c20f-4e19-9272-ff1f0cb982dd"}',
    currency: 'SAR',
    amount: 70,
    vat: 0,
    oldBalance: 1040,
    newBalance: 970
  }
}

2024-01-28T21:01:53.061Z 2024-01-28T21:01:53.061Z	492da51b-fe17-594d-982f-fb2b3d17d7a1	INFO	SubscriptionBalanceUpdated event published

2024-01-28T21:01:53.075Z 2024-01-28T21:01:53.075Z	492da51b-fe17-594d-982f-fb2b3d17d7a1	ERROR	Subscription balance and payment balance are not in sync {
  userId: '52ebb322-696b-423b-bd79-2de604defbdd',
  subscriptionBalance: 970,
  paymentBalance: 3443.01
}

2024-01-28T21:01:53.134Z END RequestId: 492da51b-fe17-594d-982f-fb2b3d17d7a1

2024-01-28T21:01:53.134Z REPORT RequestId: 492da51b-fe17-594d-982f-fb2b3d17d7a1	Duration: 154.81 ms	Billed Duration: 155 ms	Memory Size: 1024 MB	Max Memory Used: 116 MB	

2024-01-28T21:01:53.216Z START RequestId: 1b95ad33-0162-541e-99bc-f303c26265e3 Version: $LATEST

2024-01-28T21:01:53.242Z 2024-01-28T21:01:53.242Z	1b95ad33-0162-541e-99bc-f303c26265e3	INFO	Processing message c9d64e96-d142-4996-b854-7dae2c35ff70

2024-01-28T21:01:53.259Z 2024-01-28T21:01:53.259Z	1b95ad33-0162-541e-99bc-f303c26265e3	INFO	Start syncing the balance {
  transaction: {
    id: '01HN8Y1WGTWDE5KV5VRFK76AVV',
    type: 'DEBIT',
    source: 'MANUAL_DEDUCTION',
    action: 'DELIVERY_DEDUCTION',
    userId: '63343c80-84bb-4ee2-9ce8-e26158580546',
    paymentBalance: 48,
    updatePaymentBalance: true,
    metadata: '{"walletId":"wallet#63343c80-84bb-4ee2-9ce8-e26158580546","deliveryId":"2ccbf1cc-5ec2-497c-ba43-ff37fbf4f565","walletSk":"2ccbf1cc-5ec2-497c-ba43-ff37fbf4f565"}',
    currency: 'BHD',
    amount: 8,
    vat: 0,
    oldBalance: 56,
    newBalance: 48
  }
}

2024-01-28T21:01:53.310Z 2024-01-28T21:01:53.310Z	1b95ad33-0162-541e-99bc-f303c26265e3	INFO	SubscriptionBalanceUpdated event published

2024-01-28T21:01:53.323Z END RequestId: 1b95ad33-0162-541e-99bc-f303c26265e3

2024-01-28T21:01:53.323Z REPORT RequestId: 1b95ad33-0162-541e-99bc-f303c26265e3	Duration: 107.44 ms	Billed Duration: 108 ms	Memory Size: 1024 MB	Max Memory Used: 116 MB	

2024-01-28T21:01:53.718Z START RequestId: 2559f202-dd75-5909-8038-ac321e7487e5 Version: $LATEST

2024-01-28T21:01:53.740Z 2024-01-28T21:01:53.740Z	2559f202-dd75-5909-8038-ac321e7487e5	INFO	Processing message 4d5c7d83-9ee9-401c-84d3-72fef6d851cf

2024-01-28T21:01:53.746Z 2024-01-28T21:01:53.746Z	2559f202-dd75-5909-8038-ac321e7487e5	INFO	Start syncing the balance {
  transaction: {
    id: '01HN8Y1WZWSFW7Z9V7NSFV0GF7',
    type: 'DEBIT',
    source: 'MANUAL_DEDUCTION',
    action: 'DELIVERY_DEDUCTION',
    userId: '15469d49-7d54-4ea1-833c-708f679471d4',
    paymentBalance: 175,
    updatePaymentBalance: true,
    metadata: '{"walletId":"wallet#15469d49-7d54-4ea1-833c-708f679471d4","deliveryId":"23f609ee-c87d-4410-84f7-161a69372995","walletSk":"23f609ee-c87d-4410-84f7-161a69372995"}',
    currency: 'BHD',
    amount: 5,
    vat: 0,
    oldBalance: 180,
    newBalance: 175
  }
}

2024-01-28T21:01:53.807Z 2024-01-28T21:01:53.807Z	2559f202-dd75-5909-8038-ac321e7487e5	INFO	SubscriptionBalanceUpdated event published

2024-01-28T21:01:53.825Z END RequestId: 2559f202-dd75-5909-8038-ac321e7487e5

2024-01-28T21:01:53.825Z REPORT RequestId: 2559f202-dd75-5909-8038-ac321e7487e5	Duration: 107.82 ms	Billed Duration: 108 ms	Memory Size: 1024 MB	Max Memory Used: 116 MB	
XRAY TraceId: 1-65b6c0c1-a82c3b955186b9029db72ebb	SegmentId: 723f5bdf3ab91bec	Sampled: true	

2024-01-28T21:01:54.721Z START RequestId: e4828422-c9d5-5f0f-b3ae-da120ad44ef2 Version: $LATEST

2024-01-28T21:01:54.742Z 2024-01-28T21:01:54.742Z	e4828422-c9d5-5f0f-b3ae-da120ad44ef2	INFO	Processing message 007bcb10-ea2c-4236-851a-9b162bcb8c63

2024-01-28T21:01:54.748Z 2024-01-28T21:01:54.748Z	e4828422-c9d5-5f0f-b3ae-da120ad44ef2	INFO	Start syncing the balance {
  transaction: {
    id: '01HN8Y1Y01KA2A6W04XVYSADYY',
    type: 'DEBIT',
    source: 'MANUAL_DEDUCTION',
    action: 'DELIVERY_DEDUCTION',
    userId: '608e45e6-0a97-4054-ac29-51a125d92af9',
    paymentBalance: 90.182,
    updatePaymentBalance: true,
    metadata: '{"walletId":"wallet#608e45e6-0a97-4054-ac29-51a125d92af9","deliveryId":"62a0e747-488a-4b09-9ca9-e923b5b992c8","walletSk":"62a0e747-488a-4b09-9ca9-e923b5b992c8"}',
    currency: 'BHD',
    amount: 8,
    vat: 0,
    oldBalance: 98.182,
    newBalance: 90.182
  }
}

2024-01-28T21:01:54.807Z 2024-01-28T21:01:54.807Z	e4828422-c9d5-5f0f-b3ae-da120ad44ef2	INFO	SubscriptionBalanceUpdated event published

2024-01-28T21:01:54.844Z END RequestId: e4828422-c9d5-5f0f-b3ae-da120ad44ef2

2024-01-28T21:01:54.844Z REPORT RequestId: e4828422-c9d5-5f0f-b3ae-da120ad44ef2	Duration: 123.09 ms	Billed Duration: 124 ms	Memory Size: 1024 MB	Max Memory Used: 116 MB	

2024-01-28T21:01:55.981Z START RequestId: 6deaeadf-4792-586f-b561-b4ef84934683 Version: $LATEST

2024-01-28T21:01:56.007Z 2024-01-28T21:01:56.007Z	6deaeadf-4792-586f-b561-b4ef84934683	INFO	Processing message 402e2cc0-e87d-4370-a2e0-4597c3ff659c

2024-01-28T21:01:56.014Z 2024-01-28T21:01:56.014Z	6deaeadf-4792-586f-b561-b4ef84934683	INFO	Start syncing the balance {
  transaction: {
    id: '01HN8Y1Z5N6RGBERAHWGRCG6T1',
    type: 'DEBIT',
    source: 'MANUAL_DEDUCTION',
    action: 'DELIVERY_DEDUCTION',
    userId: '61cde972-78f7-47a4-8432-64c1d2440ed0',
    paymentBalance: 136,
    updatePaymentBalance: true,
    metadata: '{"walletId":"wallet#61cde972-78f7-47a4-8432-64c1d2440ed0","deliveryId":"9282ade4-de9f-48c3-ad1e-bf14d8a881b2","walletSk":"9282ade4-de9f-48c3-ad1e-bf14d8a881b2"}',
    currency: 'BHD',
    amount: 8,
    vat: 0,
    oldBalance: 144,
    newBalance: 136
  }
}

2024-01-28T21:01:56.070Z 2024-01-28T21:01:56.070Z	6deaeadf-4792-586f-b561-b4ef84934683	INFO	SubscriptionBalanceUpdated event published

2024-01-28T21:01:56.083Z END RequestId: 6deaeadf-4792-586f-b561-b4ef84934683

2024-01-28T21:01:56.083Z REPORT RequestId: 6deaeadf-4792-586f-b561-b4ef84934683	Duration: 102.92 ms	Billed Duration: 103 ms	Memory Size: 1024 MB	Max Memory Used: 116 MB	

2024-01-28T21:01:56.724Z START RequestId: 603ca4a9-51f8-564b-ab3a-fa9992fa07b6 Version: $LATEST

2024-01-28T21:01:56.750Z 2024-01-28T21:01:56.750Z	603ca4a9-51f8-564b-ab3a-fa9992fa07b6	INFO	Processing message 32bc60eb-72d9-4f20-855a-8eac3b265009

2024-01-28T21:01:56.784Z 2024-01-28T21:01:56.784Z	603ca4a9-51f8-564b-ab3a-fa9992fa07b6	INFO	Start syncing the balance {
  transaction: {
    id: '01HN8Y1ZNYNBE4KP2J5753PA6A',
    type: 'DEBIT',
    source: 'MANUAL_DEDUCTION',
    action: 'DELIVERY_DEDUCTION',
    userId: 'a1fcde9e-ddb4-4dcc-8b45-1f150a0948cd',
    paymentBalance: 111,
    updatePaymentBalance: true,
    metadata: '{"walletId":"wallet#a1fcde9e-ddb4-4dcc-8b45-1f150a0948cd","deliveryId":"d37e34b2-a142-4680-8cb1-a335bcb1afaf","walletSk":"d37e34b2-a142-4680-8cb1-a335bcb1afaf"}',
    currency: 'BHD',
    amount: 9,
    vat: 0,
    oldBalance: 129,
    newBalance: 120
  }
}

2024-01-28T21:01:56.833Z 2024-01-28T21:01:56.833Z	603ca4a9-51f8-564b-ab3a-fa9992fa07b6	INFO	SubscriptionBalanceUpdated event published

2024-01-28T21:01:56.845Z 2024-01-28T21:01:56.845Z	603ca4a9-51f8-564b-ab3a-fa9992fa07b6	ERROR	Subscription balance and payment balance are not in sync {
  userId: 'a1fcde9e-ddb4-4dcc-8b45-1f150a0948cd',
  subscriptionBalance: 120,
  paymentBalance: 111
}

2024-01-28T21:01:56.866Z END RequestId: 603ca4a9-51f8-564b-ab3a-fa9992fa07b6

2024-01-28T21:01:56.867Z REPORT RequestId: 603ca4a9-51f8-564b-ab3a-fa9992fa07b6	Duration: 142.50 ms	Billed Duration: 143 ms	Memory Size: 1024 MB	Max Memory Used: 116 MB	

2024-01-28T21:01:56.977Z START RequestId: 8c8aa2d8-4878-5805-ac74-fce88b7cbb7c Version: $LATEST

2024-01-28T21:01:56.999Z 2024-01-28T21:01:56.999Z	8c8aa2d8-4878-5805-ac74-fce88b7cbb7c	INFO	Processing message ba773906-da61-454b-b913-cee5bb93c644

2024-01-28T21:01:57.005Z 2024-01-28T21:01:57.005Z	8c8aa2d8-4878-5805-ac74-fce88b7cbb7c	INFO	Start syncing the balance {
  transaction: {
    id: '01HN8Y1ZXCSF41VJ3SSV3CMCKB',
    type: 'DEBIT',
    source: 'MANUAL_DEDUCTION',
    action: 'DELIVERY_DEDUCTION',
    userId: 'c06b6e73-2183-49c1-ba4b-78c66dab5f0d',
    paymentBalance: 246.6,
    updatePaymentBalance: true,
    metadata: '{"walletId":"wallet#c06b6e73-2183-49c1-ba4b-78c66dab5f0d","deliveryId":"1d700e7b-1eb9-4405-9031-6cf5cb3920ed","walletSk":"1d700e7b-1eb9-4405-9031-6cf5cb3920ed"}',
    currency: 'BHD',
    amount: 4,
    vat: 0,
    oldBalance: 250.6,
    newBalance: 246.6
  }
}

2024-01-28T21:01:57.049Z 2024-01-28T21:01:57.049Z	8c8aa2d8-4878-5805-ac74-fce88b7cbb7c	INFO	SubscriptionBalanceUpdated event published

2024-01-28T21:01:57.064Z END RequestId: 8c8aa2d8-4878-5805-ac74-fce88b7cbb7c

2024-01-28T21:01:57.064Z REPORT RequestId: 8c8aa2d8-4878-5805-ac74-fce88b7cbb7c	Duration: 86.76 ms	Billed Duration: 87 ms	Memory Size: 1024 MB	Max Memory Used: 116 MB	

2024-01-28T21:01:57.808Z START RequestId: 8f35d76b-5397-5cb1-9438-895b91616b7a Version: $LATEST

2024-01-28T21:01:57.837Z 2024-01-28T21:01:57.837Z	8f35d76b-5397-5cb1-9438-895b91616b7a	INFO	Processing message 832776e4-3537-4bdb-ba28-3b4f61ffaac0

2024-01-28T21:01:57.841Z 2024-01-28T21:01:57.841Z	8f35d76b-5397-5cb1-9438-895b91616b7a	INFO	Start syncing the balance {
  transaction: {
    id: '01HN8Y1K3N2XF7CC967VK6QW51',
    type: 'DEBIT',
    source: 'MANUAL_DEDUCTION',
    action: 'DELIVERY_DEDUCTION',
    userId: '53a97579-16a4-47ef-83ec-c7b209e65c4e',
    paymentBalance: 9,
    updatePaymentBalance: true,
    metadata: '{"walletId":"wallet#53a97579-16a4-47ef-83ec-c7b209e65c4e","deliveryId":"b24ba615-d08b-4d6d-9297-3f23087923e1","walletSk":"b24ba615-d08b-4d6d-9297-3f23087923e1"}',
    currency: 'BHD',
    amount: 9,
    vat: 0,
    oldBalance: 27,
    newBalance: 18
  }
}

2024-01-28T21:01:57.917Z 2024-01-28T21:01:57.917Z	8f35d76b-5397-5cb1-9438-895b91616b7a	INFO	SubscriptionBalanceUpdated event published

2024-01-28T21:01:57.929Z 2024-01-28T21:01:57.929Z	8f35d76b-5397-5cb1-9438-895b91616b7a	ERROR	Subscription balance and payment balance are not in sync {
  userId: '53a97579-16a4-47ef-83ec-c7b209e65c4e',
  subscriptionBalance: 18,
  paymentBalance: 9
}

2024-01-28T21:01:57.950Z END RequestId: 8f35d76b-5397-5cb1-9438-895b91616b7a

2024-01-28T21:01:57.950Z REPORT RequestId: 8f35d76b-5397-5cb1-9438-895b91616b7a	Duration: 141.19 ms	Billed Duration: 142 ms	Memory Size: 1024 MB	Max Memory Used: 116 MB	

2024-01-28T21:10:07.472Z START RequestId: 49446595-a3f2-5d33-b9ec-3ba5671763d6 Version: $LATEST

2024-01-28T21:10:07.581Z 2024-01-28T21:10:07.581Z	49446595-a3f2-5d33-b9ec-3ba5671763d6	INFO	Processing message 209202a3-fb24-4437-972e-733c67f932b8

2024-01-28T21:10:07.612Z 2024-01-28T21:10:07.612Z	49446595-a3f2-5d33-b9ec-3ba5671763d6	INFO	Start syncing the balance {
  transaction: {
    id: '01HN8YGYTT8TG19RVVCTM6YJHH',
    type: 'DEBIT',
    source: 'MANUAL_DEDUCTION',
    action: 'DELIVERY_DEDUCTION',
    userId: 'f8c629ff-e140-4e26-b38c-f99d237959da',
    paymentBalance: 22517.4,
    updatePaymentBalance: true,
    metadata: '{"walletId":"wallet#f8c629ff-e140-4e26-b38c-f99d237959da","deliveryId":"98817ffc-0510-4f5e-8941-50cda2d9573a","walletSk":"98817ffc-0510-4f5e-8941-50cda2d9573a"}',
    currency: 'SAR',
    amount: 100,
    vat: 0,
    oldBalance: 22608.7,
    newBalance: 22508.7
  }
}

2024-01-28T21:10:07.676Z 2024-01-28T21:10:07.676Z	49446595-a3f2-5d33-b9ec-3ba5671763d6	INFO	SubscriptionBalanceUpdated event published

2024-01-28T21:10:07.711Z 2024-01-28T21:10:07.711Z	49446595-a3f2-5d33-b9ec-3ba5671763d6	ERROR	Subscription balance and payment balance are not in sync {
  userId: 'f8c629ff-e140-4e26-b38c-f99d237959da',
  subscriptionBalance: 22508.7,
  paymentBalance: 22517.4
}

2024-01-28T21:10:07.752Z END RequestId: 49446595-a3f2-5d33-b9ec-3ba5671763d6

2024-01-28T21:10:07.752Z REPORT RequestId: 49446595-a3f2-5d33-b9ec-3ba5671763d6	Duration: 279.67 ms	Billed Duration: 280 ms	Memory Size: 1024 MB	Max Memory Used: 116 MB	

2024-01-28T21:01:23.635Z START RequestId: 0ca03a30-85fe-5cd2-bf5a-6400471fd451 Version: $LATEST

2024-01-28T21:01:23.666Z 2024-01-28T21:01:23.666Z	0ca03a30-85fe-5cd2-bf5a-6400471fd451	INFO	Processing message 863aea8a-6aa3-45a8-a693-eeb9aef39afa

2024-01-28T21:01:23.676Z 2024-01-28T21:01:23.676Z	0ca03a30-85fe-5cd2-bf5a-6400471fd451	INFO	Start syncing the balance {
  transaction: {
    id: '01HN8Y0ZE48VH5WXYGFGAP3969',
    type: 'DEBIT',
    source: 'MANUAL_DEDUCTION',
    action: 'DELIVERY_DEDUCTION',
    userId: '95548cdd-9c30-4a34-8e13-6b526f0426da',
    paymentBalance: 4489.805,
    updatePaymentBalance: true,
    metadata: '{"walletId":"wallet#95548cdd-9c30-4a34-8e13-6b526f0426da","deliveryId":"71095c9f-a1c4-4521-824e-699acfc3d80e","walletSk":"71095c9f-a1c4-4521-824e-699acfc3d80e"}',
    currency: 'BHD',
    amount: 5,
    vat: 0,
    oldBalance: 279.267,
    newBalance: 274.267
  }
}

2024-01-28T21:01:23.745Z 2024-01-28T21:01:23.745Z	0ca03a30-85fe-5cd2-bf5a-6400471fd451	INFO	SubscriptionBalanceUpdated event published

2024-01-28T21:01:23.776Z 2024-01-28T21:01:23.776Z	0ca03a30-85fe-5cd2-bf5a-6400471fd451	ERROR	Subscription balance and payment balance are not in sync {
  userId: '95548cdd-9c30-4a34-8e13-6b526f0426da',
  subscriptionBalance: 274.267,
  paymentBalance: 4489.805
}

2024-01-28T21:01:23.799Z END RequestId: 0ca03a30-85fe-5cd2-bf5a-6400471fd451

2024-01-28T21:01:23.799Z REPORT RequestId: 0ca03a30-85fe-5cd2-bf5a-6400471fd451	Duration: 163.73 ms	Billed Duration: 164 ms	Memory Size: 1024 MB	Max Memory Used: 111 MB	

2024-01-28T21:01:28.376Z START RequestId: 4d2077c1-c0fd-5d06-8aa8-29f1021c4023 Version: $LATEST

2024-01-28T21:01:28.406Z 2024-01-28T21:01:28.406Z	4d2077c1-c0fd-5d06-8aa8-29f1021c4023	INFO	Processing message 3cb7f323-9e24-4ee9-9b24-fa6db4733497

2024-01-28T21:01:28.412Z 2024-01-28T21:01:28.412Z	4d2077c1-c0fd-5d06-8aa8-29f1021c4023	INFO	Start syncing the balance {
  transaction: {
    id: '01HN8Y148DCM65FACEKZF1B2B6',
    type: 'DEBIT',
    source: 'MANUAL_DEDUCTION',
    action: 'DELIVERY_DEDUCTION',
    userId: 'b642cee5-b0b3-45da-9169-84372e3a5a59',
    paymentBalance: 64,
    updatePaymentBalance: true,
    metadata: '{"walletId":"wallet#b642cee5-b0b3-45da-9169-84372e3a5a59","deliveryId":"1b5b7260-5d2a-4544-a6f3-bac75634c4de","walletSk":"1b5b7260-5d2a-4544-a6f3-bac75634c4de"}',
    currency: 'BHD',
    amount: 8,
    vat: 0,
    oldBalance: 72,
    newBalance: 64
  }
}

2024-01-28T21:01:28.471Z 2024-01-28T21:01:28.471Z	4d2077c1-c0fd-5d06-8aa8-29f1021c4023	INFO	SubscriptionBalanceUpdated event published

2024-01-28T21:01:28.487Z END RequestId: 4d2077c1-c0fd-5d06-8aa8-29f1021c4023

2024-01-28T21:01:28.487Z REPORT RequestId: 4d2077c1-c0fd-5d06-8aa8-29f1021c4023	Duration: 111.59 ms	Billed Duration: 112 ms	Memory Size: 1024 MB	Max Memory Used: 112 MB	

2024-01-28T21:01:30.128Z START RequestId: 2c377143-2481-5b3c-bbe9-2f73e662c3bf Version: $LATEST

2024-01-28T21:01:30.154Z 2024-01-28T21:01:30.154Z	2c377143-2481-5b3c-bbe9-2f73e662c3bf	INFO	Processing message 60e6ce56-de0a-4b8a-9736-15428f558c42

2024-01-28T21:01:30.160Z 2024-01-28T21:01:30.160Z	2c377143-2481-5b3c-bbe9-2f73e662c3bf	INFO	Start syncing the balance {
  transaction: {
    id: '01HN8Y15X182KSNXYA4Y46F0ZV',
    type: 'DEBIT',
    source: 'MANUAL_DEDUCTION',
    action: 'DELIVERY_DEDUCTION',
    userId: '4e1fe147-a223-49c1-a72e-d299f2c60dd2',
    paymentBalance: 37.25,
    updatePaymentBalance: true,
    metadata: '{"walletId":"wallet#4e1fe147-a223-49c1-a72e-d299f2c60dd2","deliveryId":"cd4f2249-a96a-4038-9d97-04c402ab1baa","walletSk":"cd4f2249-a96a-4038-9d97-04c402ab1baa"}',
    currency: 'BHD',
    amount: 9,
    vat: 0,
    oldBalance: 46.25,
    newBalance: 37.25
  }
}

2024-01-28T21:01:30.225Z 2024-01-28T21:01:30.225Z	2c377143-2481-5b3c-bbe9-2f73e662c3bf	INFO	SubscriptionBalanceUpdated event published

2024-01-28T21:01:30.239Z END RequestId: 2c377143-2481-5b3c-bbe9-2f73e662c3bf

2024-01-28T21:01:30.239Z REPORT RequestId: 2c377143-2481-5b3c-bbe9-2f73e662c3bf	Duration: 110.32 ms	Billed Duration: 111 ms	Memory Size: 1024 MB	Max Memory Used: 113 MB	

2024-01-28T21:01:32.382Z START RequestId: 44692866-691f-5342-ad0f-7656abf49489 Version: $LATEST

2024-01-28T21:01:32.413Z 2024-01-28T21:01:32.413Z	44692866-691f-5342-ad0f-7656abf49489	INFO	Processing message f1b0d987-341d-4cf7-ad21-10836919aeb3

2024-01-28T21:01:32.419Z 2024-01-28T21:01:32.419Z	44692866-691f-5342-ad0f-7656abf49489	INFO	Start syncing the balance {
  transaction: {
    id: '01HN8Y1861H72RWQZ8A4KJZPDW',
    type: 'DEBIT',
    source: 'MANUAL_DEDUCTION',
    action: 'DELIVERY_DEDUCTION',
    userId: '66bbc06f-0bb0-40a8-9b2f-ca307be70653',
    paymentBalance: 45,
    updatePaymentBalance: true,
    metadata: '{"walletId":"wallet#66bbc06f-0bb0-40a8-9b2f-ca307be70653","deliveryId":"7e17ac6f-95dc-42e1-a652-943af7a5f278","walletSk":"7e17ac6f-95dc-42e1-a652-943af7a5f278"}',
    currency: 'BHD',
    amount: 9,
    vat: 0,
    oldBalance: 63,
    newBalance: 54
  }
}

2024-01-28T21:01:32.471Z 2024-01-28T21:01:32.471Z	44692866-691f-5342-ad0f-7656abf49489	INFO	SubscriptionBalanceUpdated event published

2024-01-28T21:01:32.566Z 2024-01-28T21:01:32.566Z	44692866-691f-5342-ad0f-7656abf49489	ERROR	Subscription balance and payment balance are not in sync {
  userId: '66bbc06f-0bb0-40a8-9b2f-ca307be70653',
  subscriptionBalance: 54,
  paymentBalance: 45
}

2024-01-28T21:01:32.592Z END RequestId: 44692866-691f-5342-ad0f-7656abf49489

2024-01-28T21:01:32.592Z REPORT RequestId: 44692866-691f-5342-ad0f-7656abf49489	Duration: 209.46 ms	Billed Duration: 210 ms	Memory Size: 1024 MB	Max Memory Used: 114 MB	

2024-01-28T21:01:42.214Z START RequestId: 08af1259-f5c4-5cbd-bf46-4c693735943e Version: $LATEST

2024-01-28T21:01:42.244Z 2024-01-28T21:01:42.244Z	08af1259-f5c4-5cbd-bf46-4c693735943e	INFO	Processing message 3d1cfaab-1b41-4153-9e64-23f37ea9c056

2024-01-28T21:01:42.250Z 2024-01-28T21:01:42.250Z	08af1259-f5c4-5cbd-bf46-4c693735943e	INFO	Start syncing the balance {
  transaction: {
    id: '01HN8Y1HDKFNKFXA13Q8RZ5AFW',
    type: 'DEBIT',
    source: 'MANUAL_DEDUCTION',
    action: 'DELIVERY_DEDUCTION',
    userId: 'd4fe9151-a07d-4f55-b02b-0e5197ecc4b7',
    paymentBalance: 2144.745,
    updatePaymentBalance: true,
    metadata: '{"walletId":"wallet#d4fe9151-a07d-4f55-b02b-0e5197ecc4b7","deliveryId":"8b833d06-39dc-477d-91a0-434fe73291b4","walletSk":"8b833d06-39dc-477d-91a0-434fe73291b4"}',
    currency: 'BHD',
    amount: 6,
    vat: 0,
    oldBalance: 2150.745,
    newBalance: 2144.745
  }
}

2024-01-28T21:01:42.305Z 2024-01-28T21:01:42.305Z	08af1259-f5c4-5cbd-bf46-4c693735943e	INFO	SubscriptionBalanceUpdated event published

2024-01-28T21:01:42.319Z END RequestId: 08af1259-f5c4-5cbd-bf46-4c693735943e

2024-01-28T21:01:42.319Z REPORT RequestId: 08af1259-f5c4-5cbd-bf46-4c693735943e	Duration: 104.76 ms	Billed Duration: 105 ms	Memory Size: 1024 MB	Max Memory Used: 116 MB	
XRAY TraceId: 1-65b6c0b6-7124baef55e344646b963779	SegmentId: 210a2bbb3a52d8d2	Sampled: true	

2024-01-28T21:01:42.464Z START RequestId: 918fbede-4033-53c0-bf64-e0ee82c2a40b Version: $LATEST

2024-01-28T21:01:42.490Z 2024-01-28T21:01:42.490Z	918fbede-4033-53c0-bf64-e0ee82c2a40b	INFO	Processing message 306314bb-40f9-4f5a-9aa2-ea42fb209347

2024-01-28T21:01:42.496Z 2024-01-28T21:01:42.496Z	918fbede-4033-53c0-bf64-e0ee82c2a40b	INFO	Start syncing the balance {
  transaction: {
    id: '01HN8Y1HYH5P7WZJ9NE8FV6ZCT',
    type: 'DEBIT',
    source: 'MANUAL_DEDUCTION',
    action: 'DELIVERY_DEDUCTION',
    userId: '6ae6fd3a-d3e9-4732-bb58-d3dd0d546fdf',
    paymentBalance: 45,
    updatePaymentBalance: true,
    metadata: '{"walletId":"wallet#6ae6fd3a-d3e9-4732-bb58-d3dd0d546fdf","deliveryId":"4ea64ce3-902f-4460-9113-f595251d2bb2","walletSk":"4ea64ce3-902f-4460-9113-f595251d2bb2"}',
    currency: 'BHD',
    amount: 9,
    vat: 0,
    oldBalance: 54,
    newBalance: 45
  }
}

2024-01-28T21:01:42.545Z 2024-01-28T21:01:42.545Z	918fbede-4033-53c0-bf64-e0ee82c2a40b	INFO	SubscriptionBalanceUpdated event published

2024-01-28T21:01:42.559Z END RequestId: 918fbede-4033-53c0-bf64-e0ee82c2a40b

2024-01-28T21:01:42.559Z REPORT RequestId: 918fbede-4033-53c0-bf64-e0ee82c2a40b	Duration: 94.81 ms	Billed Duration: 95 ms	Memory Size: 1024 MB	Max Memory Used: 116 MB	

2024-01-28T21:01:43.209Z START RequestId: 2e2f2410-18d1-5fd3-8d2f-7a20da23acaa Version: $LATEST

2024-01-28T21:01:43.235Z 2024-01-28T21:01:43.235Z	2e2f2410-18d1-5fd3-8d2f-7a20da23acaa	INFO	Processing message d8aef251-459f-4560-bc75-1baecc00c3bc

2024-01-28T21:01:43.240Z 2024-01-28T21:01:43.240Z	2e2f2410-18d1-5fd3-8d2f-7a20da23acaa	INFO	Start syncing the balance {
  transaction: {
    id: '01HN8Y1JCETDW50PEGNGKQSXPV',
    type: 'DEBIT',
    source: 'MANUAL_DEDUCTION',
    action: 'DELIVERY_DEDUCTION',
    userId: '92d3b524-f2b5-4ea1-972c-42f16f6ecb49',
    paymentBalance: 45,
    updatePaymentBalance: true,
    metadata: '{"walletId":"wallet#92d3b524-f2b5-4ea1-972c-42f16f6ecb49","deliveryId":"67c99df4-813b-4a5c-8d2d-ebfc617bb47e","walletSk":"67c99df4-813b-4a5c-8d2d-ebfc617bb47e"}',
    currency: 'BHD',
    amount: 9,
    vat: 0,
    oldBalance: 63,
    newBalance: 54
  }
}

2024-01-28T21:01:43.290Z 2024-01-28T21:01:43.290Z	2e2f2410-18d1-5fd3-8d2f-7a20da23acaa	INFO	SubscriptionBalanceUpdated event published

2024-01-28T21:01:43.304Z 2024-01-28T21:01:43.304Z	2e2f2410-18d1-5fd3-8d2f-7a20da23acaa	ERROR	Subscription balance and payment balance are not in sync {
  userId: '92d3b524-f2b5-4ea1-972c-42f16f6ecb49',
  subscriptionBalance: 54,
  paymentBalance: 45
}

2024-01-28T21:01:43.328Z END RequestId: 2e2f2410-18d1-5fd3-8d2f-7a20da23acaa

2024-01-28T21:01:43.328Z REPORT RequestId: 2e2f2410-18d1-5fd3-8d2f-7a20da23acaa	Duration: 118.51 ms	Billed Duration: 119 ms	Memory Size: 1024 MB	Max Memory Used: 116 MB	
XRAY TraceId: 1-65b6c0b7-60c88b62d092918f3e7972e6	SegmentId: 51e82413162f655e	Sampled: true	

2024-01-28T21:01:43.723Z START RequestId: 886d7981-5cbf-549d-9e81-27b19e4847e4 Version: $LATEST

2024-01-28T21:01:43.753Z 2024-01-28T21:01:43.753Z	886d7981-5cbf-549d-9e81-27b19e4847e4	INFO	Processing message 86a9c98f-ad82-485b-8cae-47d677dc9b14

2024-01-28T21:01:43.759Z 2024-01-28T21:01:43.759Z	886d7981-5cbf-549d-9e81-27b19e4847e4	INFO	Start syncing the balance {
  transaction: {
    id: '01HN8Y1K4ECDHYMJ65KTZ36SQX',
    type: 'DEBIT',
    source: 'MANUAL_DEDUCTION',
    action: 'DELIVERY_DEDUCTION',
    userId: '5def4009-fdba-4a02-9555-9210152eb1f4',
    paymentBalance: 948,
    updatePaymentBalance: true,
    metadata: '{"walletId":"wallet#5def4009-fdba-4a02-9555-9210152eb1f4","deliveryId":"8985420a-e9f7-4dff-b651-7d30c921d08b","walletSk":"8985420a-e9f7-4dff-b651-7d30c921d08b"}',
    currency: 'BHD',
    amount: 4,
    vat: 0,
    oldBalance: 952,
    newBalance: 948
  }
}

2024-01-28T21:01:43.809Z 2024-01-28T21:01:43.809Z	886d7981-5cbf-549d-9e81-27b19e4847e4	INFO	SubscriptionBalanceUpdated event published

2024-01-28T21:01:43.821Z END RequestId: 886d7981-5cbf-549d-9e81-27b19e4847e4

2024-01-28T21:01:43.821Z REPORT RequestId: 886d7981-5cbf-549d-9e81-27b19e4847e4	Duration: 97.90 ms	Billed Duration: 98 ms	Memory Size: 1024 MB	Max Memory Used: 116 MB	
XRAY TraceId: 1-65b6c0b7-325b41e21a08add3e61b5cdc	SegmentId: 6a5cd3f55f6fdbeb	Sampled: true	

2024-01-28T21:01:43.947Z START RequestId: 01c10cad-0993-59bd-be35-529dcb6494cb Version: $LATEST

2024-01-28T21:01:43.971Z 2024-01-28T21:01:43.971Z	01c10cad-0993-59bd-be35-529dcb6494cb	INFO	Processing message 15c86d44-8fe7-4a1d-a90e-7475d8664968

2024-01-28T21:01:43.978Z 2024-01-28T21:01:43.978Z	01c10cad-0993-59bd-be35-529dcb6494cb	INFO	Start syncing the balance {
  transaction: {
    id: '01HN8Y1KBWKFCA53W04BX0BHZQ',
    type: 'DEBIT',
    source: 'MANUAL_DEDUCTION',
    action: 'DELIVERY_DEDUCTION',
    userId: 'a126b5dc-9261-4852-ae5a-8f49b17944a3',
    paymentBalance: 144,
    updatePaymentBalance: true,
    metadata: '{"walletId":"wallet#a126b5dc-9261-4852-ae5a-8f49b17944a3","deliveryId":"8345b978-de15-4e42-b133-05863e14e9fc","walletSk":"8345b978-de15-4e42-b133-05863e14e9fc"}',
    currency: 'BHD',
    amount: 8,
    vat: 0,
    oldBalance: 152,
    newBalance: 144
  }
}

2024-01-28T21:01:44.031Z 2024-01-28T21:01:44.031Z	01c10cad-0993-59bd-be35-529dcb6494cb	INFO	SubscriptionBalanceUpdated event published

2024-01-28T21:01:44.099Z END RequestId: 01c10cad-0993-59bd-be35-529dcb6494cb

2024-01-28T21:01:44.099Z REPORT RequestId: 01c10cad-0993-59bd-be35-529dcb6494cb	Duration: 151.65 ms	Billed Duration: 152 ms	Memory Size: 1024 MB	Max Memory Used: 116 MB	

2024-01-28T21:01:44.737Z START RequestId: 379ec759-c116-5100-bc8f-996903e16fec Version: $LATEST

2024-01-28T21:01:44.764Z 2024-01-28T21:01:44.764Z	379ec759-c116-5100-bc8f-996903e16fec	INFO	Processing message f7def63b-7398-4be9-bd5a-7fa732ade0c9

2024-01-28T21:01:44.770Z 2024-01-28T21:01:44.770Z	379ec759-c116-5100-bc8f-996903e16fec	INFO	Start syncing the balance {
  transaction: {
    id: '01HN8Y1KV887R0Z77N4Z0M8CP7',
    type: 'DEBIT',
    source: 'MANUAL_DEDUCTION',
    action: 'DELIVERY_DEDUCTION',
    userId: '07cb8a00-acd7-4e6c-b4b1-ba09fecd14a4',
    paymentBalance: 54,
    updatePaymentBalance: true,
    metadata: '{"walletId":"wallet#07cb8a00-acd7-4e6c-b4b1-ba09fecd14a4","deliveryId":"46d432de-f882-41f7-b388-a568cc5796c4","walletSk":"46d432de-f882-41f7-b388-a568cc5796c4"}',
    currency: 'BHD',
    amount: 9,
    vat: 0,
    oldBalance: 72,
    newBalance: 63
  }
}

2024-01-28T21:01:44.825Z 2024-01-28T21:01:44.825Z	379ec759-c116-5100-bc8f-996903e16fec	INFO	SubscriptionBalanceUpdated event published

2024-01-28T21:01:44.839Z 2024-01-28T21:01:44.839Z	379ec759-c116-5100-bc8f-996903e16fec	ERROR	Subscription balance and payment balance are not in sync {
  userId: '07cb8a00-acd7-4e6c-b4b1-ba09fecd14a4',
  subscriptionBalance: 63,
  paymentBalance: 54
}

2024-01-28T21:01:44.864Z END RequestId: 379ec759-c116-5100-bc8f-996903e16fec

2024-01-28T21:01:44.864Z REPORT RequestId: 379ec759-c116-5100-bc8f-996903e16fec	Duration: 126.90 ms	Billed Duration: 127 ms	Memory Size: 1024 MB	Max Memory Used: 116 MB	

2024-01-28T21:01:46.470Z START RequestId: c40e1d9d-11de-5ed6-a905-43add3291daf Version: $LATEST

2024-01-28T21:01:46.499Z 2024-01-28T21:01:46.499Z	c40e1d9d-11de-5ed6-a905-43add3291daf	INFO	Processing message 50d45152-9055-4946-a898-3528ce56475e

2024-01-28T21:01:46.505Z 2024-01-28T21:01:46.505Z	c40e1d9d-11de-5ed6-a905-43add3291daf	INFO	Start syncing the balance {
  transaction: {
    id: '01HN8Y1NMP89WNFF77NQ4MKVAW',
    type: 'DEBIT',
    source: 'MANUAL_DEDUCTION',
    action: 'DELIVERY_DEDUCTION',
    userId: '35d743f6-af7e-4adc-b4f6-6220fe00c596',
    paymentBalance: 40.5,
    updatePaymentBalance: true,
    metadata: '{"walletId":"wallet#35d743f6-af7e-4adc-b4f6-6220fe00c596","deliveryId":"d3b95fb9-e369-42b1-94d2-b5bcd9897831","walletSk":"d3b95fb9-e369-42b1-94d2-b5bcd9897831"}',
    currency: 'BHD',
    amount: 8,
    vat: 0,
    oldBalance: 48.5,
    newBalance: 40.5
  }
}

2024-01-28T21:01:46.560Z 2024-01-28T21:01:46.560Z	c40e1d9d-11de-5ed6-a905-43add3291daf	INFO	SubscriptionBalanceUpdated event published

2024-01-28T21:01:46.574Z END RequestId: c40e1d9d-11de-5ed6-a905-43add3291daf

2024-01-28T21:01:46.574Z REPORT RequestId: c40e1d9d-11de-5ed6-a905-43add3291daf	Duration: 103.97 ms	Billed Duration: 104 ms	Memory Size: 1024 MB	Max Memory Used: 116 MB	

2024-01-28T21:01:46.742Z START RequestId: e5cb1fc7-b4a5-5975-85a3-41f7765d0799 Version: $LATEST

2024-01-28T21:01:46.764Z 2024-01-28T21:01:46.764Z	e5cb1fc7-b4a5-5975-85a3-41f7765d0799	INFO	Processing message aefbbba0-d877-4f27-9bd3-b46a1380d513

2024-01-28T21:01:46.770Z 2024-01-28T21:01:46.770Z	e5cb1fc7-b4a5-5975-85a3-41f7765d0799	INFO	Start syncing the balance {
  transaction: {
    id: '01HN8Y1P2B14KWF9H8FQRG3C7C',
    type: 'DEBIT',
    source: 'MANUAL_DEDUCTION',
    action: 'DELIVERY_DEDUCTION',
    userId: '342d8d2c-320e-432d-8467-805cedc39310',
    paymentBalance: 45,
    updatePaymentBalance: true,
    metadata: '{"walletId":"wallet#342d8d2c-320e-432d-8467-805cedc39310","deliveryId":"7ba8d51d-6f25-41a9-a5a8-41d37b24d700","walletSk":"7ba8d51d-6f25-41a9-a5a8-41d37b24d700"}',
    currency: 'BHD',
    amount: 9,
    vat: 0,
    oldBalance: 54,
    newBalance: 45
  }
}

2024-01-28T21:01:46.813Z 2024-01-28T21:01:46.813Z	e5cb1fc7-b4a5-5975-85a3-41f7765d0799	INFO	SubscriptionBalanceUpdated event published

2024-01-28T21:01:46.824Z END RequestId: e5cb1fc7-b4a5-5975-85a3-41f7765d0799

2024-01-28T21:01:46.824Z REPORT RequestId: e5cb1fc7-b4a5-5975-85a3-41f7765d0799	Duration: 82.30 ms	Billed Duration: 83 ms	Memory Size: 1024 MB	Max Memory Used: 116 MB	

2024-01-28T21:01:46.965Z START RequestId: 3d3b3259-32b9-5fa1-85ac-6c69f04372d7 Version: $LATEST

2024-01-28T21:01:46.992Z 2024-01-28T21:01:46.992Z	3d3b3259-32b9-5fa1-85ac-6c69f04372d7	INFO	Processing message fd7d2cc2-f1e9-4422-aa0d-299bbc7cbe67

2024-01-28T21:01:46.997Z 2024-01-28T21:01:46.997Z	3d3b3259-32b9-5fa1-85ac-6c69f04372d7	INFO	Start syncing the balance {
  transaction: {
    id: '01HN8Y1P9QTPHPJ15RMP3PVN44',
    type: 'DEBIT',
    source: 'MANUAL_DEDUCTION',
    action: 'DELIVERY_DEDUCTION',
    userId: '4e9fc563-f427-44bc-974e-75b89833018f',
    paymentBalance: 84,
    updatePaymentBalance: true,
    metadata: '{"walletId":"wallet#4e9fc563-f427-44bc-974e-75b89833018f","deliveryId":"d8b06c7f-1e59-4f87-800b-c04080a084af","walletSk":"d8b06c7f-1e59-4f87-800b-c04080a084af"}',
    currency: 'BHD',
    amount: 9,
    vat: 0,
    oldBalance: 93,
    newBalance: 84
  }
}

2024-01-28T21:01:47.042Z 2024-01-28T21:01:47.042Z	3d3b3259-32b9-5fa1-85ac-6c69f04372d7	INFO	SubscriptionBalanceUpdated event published

2024-01-28T21:01:47.056Z END RequestId: 3d3b3259-32b9-5fa1-85ac-6c69f04372d7

2024-01-28T21:01:47.056Z REPORT RequestId: 3d3b3259-32b9-5fa1-85ac-6c69f04372d7	Duration: 91.00 ms	Billed Duration: 91 ms	Memory Size: 1024 MB	Max Memory Used: 116 MB	

2024-01-28T21:01:47.718Z START RequestId: e644c8d8-279f-5a68-8202-96e8e565a911 Version: $LATEST

2024-01-28T21:01:47.747Z 2024-01-28T21:01:47.747Z	e644c8d8-279f-5a68-8202-96e8e565a911	INFO	Processing message 5474f25a-2880-428d-bcc6-dad176a254dd

2024-01-28T21:01:47.765Z 2024-01-28T21:01:47.765Z	e644c8d8-279f-5a68-8202-96e8e565a911	INFO	Start syncing the balance {
  transaction: {
    id: '01HN8Y1Q1Z91E8V2AS3X0JTA9W',
    type: 'DEBIT',
    source: 'MANUAL_DEDUCTION',
    action: 'DELIVERY_DEDUCTION',
    userId: '1530abbd-3732-4b47-aafa-c636be659828',
    paymentBalance: 90,
    updatePaymentBalance: true,
    metadata: '{"walletId":"wallet#1530abbd-3732-4b47-aafa-c636be659828","deliveryId":"260af68a-fdd7-4448-8841-f96e310e2305","walletSk":"260af68a-fdd7-4448-8841-f96e310e2305"}',
    currency: 'BHD',
    amount: 9,
    vat: 0,
    oldBalance: 99,
    newBalance: 90
  }
}

2024-01-28T21:01:47.812Z 2024-01-28T21:01:47.812Z	e644c8d8-279f-5a68-8202-96e8e565a911	INFO	SubscriptionBalanceUpdated event published

2024-01-28T21:01:47.824Z END RequestId: e644c8d8-279f-5a68-8202-96e8e565a911

2024-01-28T21:01:47.824Z REPORT RequestId: e644c8d8-279f-5a68-8202-96e8e565a911	Duration: 106.39 ms	Billed Duration: 107 ms	Memory Size: 1024 MB	Max Memory Used: 116 MB	

