2024-02-15T12:10:28.974Z START RequestId: 8150ce3f-ff7d-5b5e-ba5d-9077fe0c8742 Version: $LATEST

2024-02-15T12:10:29.042Z 2024-02-15T12:10:29.042Z	8150ce3f-ff7d-5b5e-ba5d-9077fe0c8742	INFO	Processing message f867b72e-7b2c-4eba-b58f-a9a35c5e5e31

2024-02-15T12:10:29.042Z 2024-02-15T12:10:29.042Z	8150ce3f-ff7d-5b5e-ba5d-9077fe0c8742	INFO	Skipping the process, Update Payment Balance Flag is set to false { transactionAction: 'DONATE_RAMADAN_MEAL' }

2024-02-15T12:10:29.043Z END RequestId: 8150ce3f-ff7d-5b5e-ba5d-9077fe0c8742

2024-02-15T12:10:29.043Z REPORT RequestId: 8150ce3f-ff7d-5b5e-ba5d-9077fe0c8742	Duration: 69.40 ms	Billed Duration: 70 ms	Memory Size: 1024 MB	Max Memory Used: 101 MB	

2024-02-15T12:10:07.516Z INIT_START Runtime Version: nodejs:20.v15	Runtime Version ARN: arn:aws:lambda:us-east-1::runtime:379cd8c4d157c2e16f1b841486b613da2188da597609ef24d67497ad9c22a53e

2024-02-15T12:10:08.242Z START RequestId: 8daccb7e-00f0-5f9c-a3d0-953601ab6ab2 Version: $LATEST

2024-02-15T12:10:08.381Z 2024-02-15T12:10:08.381Z	8daccb7e-00f0-5f9c-a3d0-953601ab6ab2	INFO	Processing message 6fd7f083-2f0a-4ad2-9b76-6be4de110b4e

2024-02-15T12:10:08.382Z 2024-02-15T12:10:08.382Z	8daccb7e-00f0-5f9c-a3d0-953601ab6ab2	INFO	Skipping the process, Update Payment Balance Flag is set to false { transactionAction: 'DONATE_RAMADAN_MEAL' }

2024-02-15T12:10:08.396Z END RequestId: 8daccb7e-00f0-5f9c-a3d0-953601ab6ab2

2024-02-15T12:10:08.396Z REPORT RequestId: 8daccb7e-00f0-5f9c-a3d0-953601ab6ab2	Duration: 153.74 ms	Billed Duration: 154 ms	Memory Size: 1024 MB	Max Memory Used: 101 MB	Init Duration: 725.27 ms	

2024-02-15T12:10:45.754Z START RequestId: d2c29e55-6340-5002-a4d0-c01d62355ced Version: $LATEST

2024-02-15T12:10:45.793Z 2024-02-15T12:10:45.793Z	d2c29e55-6340-5002-a4d0-c01d62355ced	INFO	Processing message 90c6c035-66b2-44c8-a41a-60dd1dbffbd5

2024-02-15T12:10:45.794Z 2024-02-15T12:10:45.794Z	d2c29e55-6340-5002-a4d0-c01d62355ced	INFO	Skipping the process, Update Payment Balance Flag is set to false { transactionAction: 'DONATE_RAMADAN_MEAL' }

2024-02-15T12:10:45.795Z END RequestId: d2c29e55-6340-5002-a4d0-c01d62355ced

2024-02-15T12:10:45.795Z REPORT RequestId: d2c29e55-6340-5002-a4d0-c01d62355ced	Duration: 41.59 ms	Billed Duration: 42 ms	Memory Size: 1024 MB	Max Memory Used: 101 MB	

2024-02-15T12:10:54.291Z START RequestId: dd30acd8-5701-53cf-9ff1-f2905684af20 Version: $LATEST

2024-02-15T12:10:54.320Z 2024-02-15T12:10:54.320Z	dd30acd8-5701-53cf-9ff1-f2905684af20	INFO	Processing message 91485819-5c29-4b78-999a-5499c9f49754

2024-02-15T12:10:54.321Z 2024-02-15T12:10:54.321Z	dd30acd8-5701-53cf-9ff1-f2905684af20	INFO	Skipping the balance sync for create subscription, it will be synced from create subscription payment listener

2024-02-15T12:10:54.322Z END RequestId: dd30acd8-5701-53cf-9ff1-f2905684af20

2024-02-15T12:10:54.322Z REPORT RequestId: dd30acd8-5701-53cf-9ff1-f2905684af20	Duration: 31.50 ms	Billed Duration: 32 ms	Memory Size: 1024 MB	Max Memory Used: 101 MB	

