2024-03-07T21:01:06.662Z START RequestId: ac99a36a-c3d3-5f08-86d8-fd0eee96d1b3 Version: $LATEST

2024-03-07T21:01:06.813Z 2024-03-07T21:01:06.813Z	ac99a36a-c3d3-5f08-86d8-fd0eee96d1b3	INFO	Processing message 9d354298-1ace-4c1a-9df0-2854fe87a5d0

2024-03-07T21:01:06.878Z 2024-03-07T21:01:06.878Z	ac99a36a-c3d3-5f08-86d8-fd0eee96d1b3	INFO	Start syncing the balance {
  transaction: {
    id: '01HRDBGDQR4GTDJSKTJBG9VMB1',
    type: 'DEBIT',
    source: 'MANUAL_DEDUCTION',
    action: 'DELIVERY_DEDUCTION',
    userId: '9d5b802b-4f23-420d-b0ab-29de434b7ac1',
    paymentBalance: 1264.5,
    updatePaymentBalance: true,
    metadata: '{"walletId":"wallet#9d5b802b-4f23-420d-b0ab-29de434b7ac1","deliveryId":"e3b4a1ce-4089-41dc-9c1c-3e15aeec5fd5","walletSk":"e3b4a1ce-4089-41dc-9c1c-3e15aeec5fd5"}',
    currency: 'SAR',
    amount: 76.5,
    vat: 0,
    oldBalance: 1341,
    newBalance: 1264.5
  }
}

2024-03-07T21:01:06.991Z 2024-03-07T21:01:06.991Z	ac99a36a-c3d3-5f08-86d8-fd0eee96d1b3	INFO	SubscriptionBalanceUpdated event published

2024-03-07T21:01:07.032Z END RequestId: ac99a36a-c3d3-5f08-86d8-fd0eee96d1b3

2024-03-07T21:01:07.032Z REPORT RequestId: ac99a36a-c3d3-5f08-86d8-fd0eee96d1b3	Duration: 369.87 ms	Billed Duration: 370 ms	Memory Size: 1024 MB	Max Memory Used: 111 MB	Init Duration: 998.19 ms	

2024-03-07T21:01:08.350Z START RequestId: 0a6ca18f-ad71-50bb-92a1-ffeb8025a2d6 Version: $LATEST

2024-03-07T21:01:08.376Z 2024-03-07T21:01:08.376Z	0a6ca18f-ad71-50bb-92a1-ffeb8025a2d6	INFO	Processing message adf2efb2-e5f3-47dc-970a-ede748743178

2024-03-07T21:01:08.386Z 2024-03-07T21:01:08.386Z	0a6ca18f-ad71-50bb-92a1-ffeb8025a2d6	INFO	Start syncing the balance {
  transaction: {
    id: '01HRDBGFF22QNF9XMKSHH3WG9Q',
    type: 'DEBIT',
    source: 'MANUAL_DEDUCTION',
    action: 'DELIVERY_DEDUCTION',
    userId: '5bc3c6b5-3049-4d37-9f04-c36bcb6de4a2',
    paymentBalance: 77286.136,
    updatePaymentBalance: true,
    metadata: '{"walletId":"wallet#5bc3c6b5-3049-4d37-9f04-c36bcb6de4a2","deliveryId":"98960ad3-7f49-4b17-9390-52925d789df6","walletSk":"98960ad3-7f49-4b17-9390-52925d789df6"}',
    currency: 'BHD',
    amount: 53,
    vat: 0,
    oldBalance: 77392.13636363637,
    newBalance: 77339.136
  }
}

2024-03-07T21:01:08.438Z 2024-03-07T21:01:08.438Z	0a6ca18f-ad71-50bb-92a1-ffeb8025a2d6	INFO	SubscriptionBalanceUpdated event published

2024-03-07T21:01:08.453Z 2024-03-07T21:01:08.453Z	0a6ca18f-ad71-50bb-92a1-ffeb8025a2d6	ERROR	Subscription balance and payment balance are not in sync {
  userId: '5bc3c6b5-3049-4d37-9f04-c36bcb6de4a2',
  subscriptionBalance: 77339.136,
  paymentBalance: 77286.136
}

2024-03-07T21:01:08.472Z 2024-03-07T21:01:08.472Z	0a6ca18f-ad71-50bb-92a1-ffeb8025a2d6	INFO	Processing message dee51ceb-e34b-4a46-8ad4-eed182002285

2024-03-07T21:01:08.479Z 2024-03-07T21:01:08.479Z	0a6ca18f-ad71-50bb-92a1-ffeb8025a2d6	INFO	Start syncing the balance {
  transaction: {
    id: '01HRDBGFMS1T4VQPYC331SF4JY',
    type: 'DEBIT',
    source: 'MANUAL_DEDUCTION',
    action: 'DELIVERY_DEDUCTION',
    userId: '6a1eab48-c690-4745-b5f1-3a51242ed793',
    paymentBalance: 987.2,
    updatePaymentBalance: true,
    metadata: '{"walletId":"wallet#6a1eab48-c690-4745-b5f1-3a51242ed793","deliveryId":"14075675-0231-4a26-9fa6-7e9dbbc0d2dd","walletSk":"14075675-0231-4a26-9fa6-7e9dbbc0d2dd"}',
    currency: 'BHD',
    amount: 8,
    vat: 0,
    oldBalance: 64.2,
    newBalance: 56.2
  }
}

2024-03-07T21:01:08.527Z 2024-03-07T21:01:08.527Z	0a6ca18f-ad71-50bb-92a1-ffeb8025a2d6	INFO	SubscriptionBalanceUpdated event published

2024-03-07T21:01:08.542Z 2024-03-07T21:01:08.542Z	0a6ca18f-ad71-50bb-92a1-ffeb8025a2d6	ERROR	Subscription balance and payment balance are not in sync {
  userId: '6a1eab48-c690-4745-b5f1-3a51242ed793',
  subscriptionBalance: 56.2,
  paymentBalance: 987.2
}

2024-03-07T21:01:08.560Z 2024-03-07T21:01:08.560Z	0a6ca18f-ad71-50bb-92a1-ffeb8025a2d6	INFO	Processing message a4eebed1-051e-42c9-8cc7-7f2610e0ef67

2024-03-07T21:01:08.568Z 2024-03-07T21:01:08.568Z	0a6ca18f-ad71-50bb-92a1-ffeb8025a2d6	INFO	Start syncing the balance {
  transaction: {
    id: '01HRDBGFQZ52MZ2C5JA15B2V5M',
    type: 'DEBIT',
    source: 'MANUAL_DEDUCTION',
    action: 'DELIVERY_DEDUCTION',
    userId: 'f899dcef-1bc0-479f-833d-82c3351e403b',
    paymentBalance: 1591,
    updatePaymentBalance: true,
    metadata: '{"walletId":"wallet#f899dcef-1bc0-479f-833d-82c3351e403b","deliveryId":"00e21ffc-26d9-4bb2-923d-251928bf3d7e","walletSk":"00e21ffc-26d9-4bb2-923d-251928bf3d7e"}',
    currency: 'SAR',
    amount: 37.8,
    vat: 0,
    oldBalance: 1628.8,
    newBalance: 1591
  }
}

2024-03-07T21:01:08.621Z 2024-03-07T21:01:08.621Z	0a6ca18f-ad71-50bb-92a1-ffeb8025a2d6	INFO	SubscriptionBalanceUpdated event published

2024-03-07T21:01:08.636Z 2024-03-07T21:01:08.636Z	0a6ca18f-ad71-50bb-92a1-ffeb8025a2d6	INFO	Processing message 49726e68-2555-4bde-bc52-9cc963c26db3

2024-03-07T21:01:08.642Z 2024-03-07T21:01:08.642Z	0a6ca18f-ad71-50bb-92a1-ffeb8025a2d6	INFO	Start syncing the balance {
  transaction: {
    id: '01HRDBGFTVZ01NP48JH01V762T',
    type: 'DEBIT',
    source: 'MANUAL_DEDUCTION',
    action: 'DELIVERY_DEDUCTION',
    userId: 'e2498377-494a-4a01-b189-5b9febd136e0',
    paymentBalance: 0,
    updatePaymentBalance: true,
    metadata: '{"walletId":"wallet#e2498377-494a-4a01-b189-5b9febd136e0","deliveryId":"aed25703-5208-430f-a9a8-c8c5c8bb50de","walletSk":"aed25703-5208-430f-a9a8-c8c5c8bb50de"}',
    currency: 'BHD',
    amount: 9,
    vat: 0,
    oldBalance: 9,
    newBalance: 0
  }
}

2024-03-07T21:01:08.692Z 2024-03-07T21:01:08.692Z	0a6ca18f-ad71-50bb-92a1-ffeb8025a2d6	INFO	SubscriptionBalanceUpdated event published

2024-03-07T21:01:08.706Z 2024-03-07T21:01:08.706Z	0a6ca18f-ad71-50bb-92a1-ffeb8025a2d6	INFO	Processing message 6a9ca3b1-3eaa-4b9e-bd2b-08c7453df5d6

2024-03-07T21:01:08.714Z 2024-03-07T21:01:08.714Z	0a6ca18f-ad71-50bb-92a1-ffeb8025a2d6	INFO	Start syncing the balance {
  transaction: {
    id: '01HRDBGG0G8R16SKY891XC6613',
    type: 'DEBIT',
    source: 'MANUAL_DEDUCTION',
    action: 'DELIVERY_DEDUCTION',
    userId: 'd8e22713-a177-4738-bdb6-e48b189eb487',
    paymentBalance: 249,
    updatePaymentBalance: true,
    metadata: '{"walletId":"wallet#d8e22713-a177-4738-bdb6-e48b189eb487","deliveryId":"7661608c-0b9e-47d4-ae7c-b21134c58fb2","walletSk":"7661608c-0b9e-47d4-ae7c-b21134c58fb2"}',
    currency: 'KWD',
    amount: 195,
    vat: 0,
    oldBalance: 444,
    newBalance: 249
  }
}

2024-03-07T21:01:08.766Z 2024-03-07T21:01:08.766Z	0a6ca18f-ad71-50bb-92a1-ffeb8025a2d6	INFO	SubscriptionBalanceUpdated event published

2024-03-07T21:01:08.781Z 2024-03-07T21:01:08.781Z	0a6ca18f-ad71-50bb-92a1-ffeb8025a2d6	INFO	Processing message ea4afcac-c0c4-46af-a4ee-41ceb873c9db

2024-03-07T21:01:08.788Z 2024-03-07T21:01:08.788Z	0a6ca18f-ad71-50bb-92a1-ffeb8025a2d6	INFO	Start syncing the balance {
  transaction: {
    id: '01HRDBGG69ZN0DX9XPVVAGTCPY',
    type: 'DEBIT',
    source: 'MANUAL_DEDUCTION',
    action: 'DELIVERY_DEDUCTION',
    userId: '2b07bc91-66bc-497f-8e10-c073264b7329',
    paymentBalance: 4063.5,
    updatePaymentBalance: true,
    metadata: '{"walletId":"wallet#2b07bc91-66bc-497f-8e10-c073264b7329","deliveryId":"39893a73-663c-48db-a6e8-a3d6fe40af1f","walletSk":"39893a73-663c-48db-a6e8-a3d6fe40af1f"}',
    currency: 'SAR',
    amount: 76.5,
    vat: 0,
    oldBalance: 4140,
    newBalance: 4063.5
  }
}

2024-03-07T21:01:08.885Z 2024-03-07T21:01:08.885Z	0a6ca18f-ad71-50bb-92a1-ffeb8025a2d6	INFO	SubscriptionBalanceUpdated event published

2024-03-07T21:01:08.897Z 2024-03-07T21:01:08.897Z	0a6ca18f-ad71-50bb-92a1-ffeb8025a2d6	INFO	Processing message 03a4a6dd-c5e4-492c-abec-37a376fd7fee

2024-03-07T21:01:08.904Z 2024-03-07T21:01:08.904Z	0a6ca18f-ad71-50bb-92a1-ffeb8025a2d6	INFO	Start syncing the balance {
  transaction: {
    id: '01HRDBGGK7BMQ11X207VCNSMWR',
    type: 'DEBIT',
    source: 'MANUAL_DEDUCTION',
    action: 'DELIVERY_DEDUCTION',
    userId: 'fb387231-a328-4c4d-8d82-dda7943af9e7',
    paymentBalance: 34644,
    updatePaymentBalance: true,
    metadata: '{"walletId":"wallet#fb387231-a328-4c4d-8d82-dda7943af9e7","deliveryId":"040faa8a-656e-46c5-ae44-ad26ea6c18a2","walletSk":"040faa8a-656e-46c5-ae44-ad26ea6c18a2"}',
    currency: 'SAR',
    amount: 115,
    vat: 0,
    oldBalance: 34859,
    newBalance: 34744
  }
}

2024-03-07T21:01:08.953Z 2024-03-07T21:01:08.953Z	0a6ca18f-ad71-50bb-92a1-ffeb8025a2d6	INFO	SubscriptionBalanceUpdated event published

2024-03-07T21:01:08.966Z 2024-03-07T21:01:08.966Z	0a6ca18f-ad71-50bb-92a1-ffeb8025a2d6	ERROR	Subscription balance and payment balance are not in sync {
  userId: 'fb387231-a328-4c4d-8d82-dda7943af9e7',
  subscriptionBalance: 34744,
  paymentBalance: 34644
}

2024-03-07T21:01:08.984Z 2024-03-07T21:01:08.984Z	0a6ca18f-ad71-50bb-92a1-ffeb8025a2d6	INFO	Processing message 3a083db0-4a36-449a-9b2d-8abe000ef1cd

2024-03-07T21:01:08.992Z 2024-03-07T21:01:08.992Z	0a6ca18f-ad71-50bb-92a1-ffeb8025a2d6	INFO	Start syncing the balance {
  transaction: {
    id: '01HRDBGGAGAV74BYA4AQF5YDVQ',
    type: 'DEBIT',
    source: 'MANUAL_DEDUCTION',
    action: 'DELIVERY_DEDUCTION',
    userId: '2c2a8830-b2f7-4b3e-a180-7a5654eee40c',
    paymentBalance: 35426.39,
    updatePaymentBalance: true,
    metadata: '{"walletId":"wallet#2c2a8830-b2f7-4b3e-a180-7a5654eee40c","deliveryId":"daf6f410-49e1-455b-91bb-a7637092886c","walletSk":"daf6f410-49e1-455b-91bb-a7637092886c"}',
    currency: 'SAR',
    amount: 90,
    vat: 0,
    oldBalance: 35606.39,
    newBalance: 35516.39
  }
}

2024-03-07T21:01:09.039Z 2024-03-07T21:01:09.039Z	0a6ca18f-ad71-50bb-92a1-ffeb8025a2d6	INFO	SubscriptionBalanceUpdated event published

2024-03-07T21:01:09.066Z 2024-03-07T21:01:09.066Z	0a6ca18f-ad71-50bb-92a1-ffeb8025a2d6	ERROR	Subscription balance and payment balance are not in sync {
  userId: '2c2a8830-b2f7-4b3e-a180-7a5654eee40c',
  subscriptionBalance: 35516.39,
  paymentBalance: 35426.39
}

2024-03-07T21:01:09.084Z 2024-03-07T21:01:09.084Z	0a6ca18f-ad71-50bb-92a1-ffeb8025a2d6	INFO	Processing message 7d1af3d5-3967-4148-b74a-b9abca89704f

2024-03-07T21:01:09.091Z 2024-03-07T21:01:09.091Z	0a6ca18f-ad71-50bb-92a1-ffeb8025a2d6	INFO	Start syncing the balance {
  transaction: {
    id: '01HRDBGGG2Q0NH7JBS8MS57SS7',
    type: 'DEBIT',
    source: 'MANUAL_DEDUCTION',
    action: 'DELIVERY_DEDUCTION',
    userId: '15469d49-7d54-4ea1-833c-708f679471d4',
    paymentBalance: 84,
    updatePaymentBalance: true,
    metadata: '{"walletId":"wallet#15469d49-7d54-4ea1-833c-708f679471d4","deliveryId":"55b47805-c792-4b73-a880-50c055e2b292","walletSk":"55b47805-c792-4b73-a880-50c055e2b292"}',
    currency: 'BHD',
    amount: 8,
    vat: 0,
    oldBalance: 92,
    newBalance: 84
  }
}

2024-03-07T21:01:09.142Z 2024-03-07T21:01:09.142Z	0a6ca18f-ad71-50bb-92a1-ffeb8025a2d6	INFO	SubscriptionBalanceUpdated event published

2024-03-07T21:01:09.157Z 2024-03-07T21:01:09.157Z	0a6ca18f-ad71-50bb-92a1-ffeb8025a2d6	INFO	Processing message a2cc7197-ddf7-492f-b313-93cbee43afef

2024-03-07T21:01:09.163Z 2024-03-07T21:01:09.163Z	0a6ca18f-ad71-50bb-92a1-ffeb8025a2d6	INFO	Start syncing the balance {
  transaction: {
    id: '01HRDBGGP7E99XW8T9SVT41ERN',
    type: 'DEBIT',
    source: 'MANUAL_DEDUCTION',
    action: 'DELIVERY_DEDUCTION',
    userId: '67305f3f-628b-4997-83f9-1247a896127a',
    paymentBalance: 2637,
    updatePaymentBalance: true,
    metadata: '{"walletId":"wallet#67305f3f-628b-4997-83f9-1247a896127a","deliveryId":"d4f2a8f1-3d89-4b66-9015-d62ab924b71c","walletSk":"d4f2a8f1-3d89-4b66-9015-d62ab924b71c"}',
    currency: 'BHD',
    amount: 9,
    vat: 0,
    oldBalance: 2655,
    newBalance: 2646
  }
}

2024-03-07T21:01:09.209Z 2024-03-07T21:01:09.209Z	0a6ca18f-ad71-50bb-92a1-ffeb8025a2d6	INFO	SubscriptionBalanceUpdated event published

2024-03-07T21:01:09.223Z 2024-03-07T21:01:09.223Z	0a6ca18f-ad71-50bb-92a1-ffeb8025a2d6	ERROR	Subscription balance and payment balance are not in sync {
  userId: '67305f3f-628b-4997-83f9-1247a896127a',
  subscriptionBalance: 2646,
  paymentBalance: 2637
}

2024-03-07T21:01:09.245Z END RequestId: 0a6ca18f-ad71-50bb-92a1-ffeb8025a2d6

2024-03-07T21:01:09.245Z REPORT RequestId: 0a6ca18f-ad71-50bb-92a1-ffeb8025a2d6	Duration: 895.49 ms	Billed Duration: 896 ms	Memory Size: 1024 MB	Max Memory Used: 117 MB	

2024-03-07T21:01:10.300Z START RequestId: 9075767f-8425-5b24-828f-281ba973f59f Version: $LATEST

2024-03-07T21:01:10.333Z 2024-03-07T21:01:10.333Z	9075767f-8425-5b24-828f-281ba973f59f	INFO	Processing message 56d4adfa-b742-4e9d-9f50-bc0b0227e732

2024-03-07T21:01:10.342Z 2024-03-07T21:01:10.342Z	9075767f-8425-5b24-828f-281ba973f59f	INFO	Start syncing the balance {
  transaction: {
    id: '01HRDBGGVS7EPFRWAGDSENFPN5',
    type: 'DEBIT',
    source: 'MANUAL_DEDUCTION',
    action: 'DELIVERY_DEDUCTION',
    userId: '7f97b814-017d-430e-9779-877ec174861e',
    paymentBalance: -333.168,
    updatePaymentBalance: true,
    metadata: '{"walletId":"wallet#7f97b814-017d-430e-9779-877ec174861e","deliveryId":"9d5655c2-740c-48c9-b370-9ce69fc3cb2c","walletSk":"9d5655c2-740c-48c9-b370-9ce69fc3cb2c"}',
    currency: 'BHD',
    amount: 7.364,
    vat: 0,
    oldBalance: 679.8158,
    newBalance: 672.452
  }
}

2024-03-07T21:01:10.396Z 2024-03-07T21:01:10.396Z	9075767f-8425-5b24-828f-281ba973f59f	INFO	SubscriptionBalanceUpdated event published

2024-03-07T21:01:10.412Z 2024-03-07T21:01:10.412Z	9075767f-8425-5b24-828f-281ba973f59f	ERROR	Subscription balance and payment balance are not in sync {
  userId: '7f97b814-017d-430e-9779-877ec174861e',
  subscriptionBalance: 672.452,
  paymentBalance: -333.168
}

2024-03-07T21:01:10.439Z 2024-03-07T21:01:10.439Z	9075767f-8425-5b24-828f-281ba973f59f	INFO	Processing message ca8f5eea-97b6-4448-9dde-7053bea6bc48

2024-03-07T21:01:10.485Z 2024-03-07T21:01:10.485Z	9075767f-8425-5b24-828f-281ba973f59f	INFO	Start syncing the balance {
  transaction: {
    id: '01HRDBGGRQWT7Y7HMC88N0EHBR',
    type: 'DEBIT',
    source: 'MANUAL_DEDUCTION',
    action: 'DELIVERY_DEDUCTION',
    userId: '54f55e3d-8580-4e47-b15e-c35e2d29effd',
    paymentBalance: 970.5,
    updatePaymentBalance: true,
    metadata: '{"walletId":"wallet#54f55e3d-8580-4e47-b15e-c35e2d29effd","deliveryId":"3e5318ae-8550-4c4c-817a-8c193e50843a","walletSk":"3e5318ae-8550-4c4c-817a-8c193e50843a"}',
    currency: 'BHD',
    amount: 9,
    vat: 0,
    oldBalance: 979.5,
    newBalance: 970.5
  }
}

2024-03-07T21:01:10.548Z 2024-03-07T21:01:10.548Z	9075767f-8425-5b24-828f-281ba973f59f	INFO	SubscriptionBalanceUpdated event published

2024-03-07T21:01:10.570Z 2024-03-07T21:01:10.570Z	9075767f-8425-5b24-828f-281ba973f59f	INFO	Processing message ae989ec8-011e-4cf1-a036-f0dd437b4ec8

2024-03-07T21:01:10.619Z 2024-03-07T21:01:10.619Z	9075767f-8425-5b24-828f-281ba973f59f	INFO	Start syncing the balance {
  transaction: {
    id: '01HRDBGGYFJT1YDW42BMBYRTJD',
    type: 'DEBIT',
    source: 'MANUAL_DEDUCTION',
    action: 'DELIVERY_DEDUCTION',
    userId: '8b3fae92-5944-4c15-825b-22399235f8eb',
    paymentBalance: 5125.5,
    updatePaymentBalance: true,
    metadata: '{"walletId":"wallet#8b3fae92-5944-4c15-825b-22399235f8eb","deliveryId":"d5cbdc39-c488-461e-b13e-ba740d7b41d9","walletSk":"d5cbdc39-c488-461e-b13e-ba740d7b41d9"}',
    currency: 'SAR',
    amount: 76.5,
    vat: 0,
    oldBalance: 5202,
    newBalance: 5125.5
  }
}

2024-03-07T21:01:10.676Z 2024-03-07T21:01:10.676Z	9075767f-8425-5b24-828f-281ba973f59f	INFO	SubscriptionBalanceUpdated event published

2024-03-07T21:01:10.692Z 2024-03-07T21:01:10.692Z	9075767f-8425-5b24-828f-281ba973f59f	INFO	Processing message d4851ea3-7643-4aae-9343-48617518a661

2024-03-07T21:01:10.700Z 2024-03-07T21:01:10.700Z	9075767f-8425-5b24-828f-281ba973f59f	INFO	Start syncing the balance {
  transaction: {
    id: '01HRDBGH1W9BM3QFBA7SATCS96',
    type: 'DEBIT',
    source: 'MANUAL_DEDUCTION',
    action: 'DELIVERY_DEDUCTION',
    userId: '4a12f77e-9f66-4899-823d-5eeb53c01a36',
    paymentBalance: 3159,
    updatePaymentBalance: true,
    metadata: '{"walletId":"wallet#4a12f77e-9f66-4899-823d-5eeb53c01a36","deliveryId":"13ac0656-926a-4159-89fd-19b94c0fe1d1","walletSk":"13ac0656-926a-4159-89fd-19b94c0fe1d1"}',
    currency: 'SAR',
    amount: 76.5,
    vat: 0,
    oldBalance: 3235.5,
    newBalance: 3159
  }
}

2024-03-07T21:01:10.772Z 2024-03-07T21:01:10.772Z	9075767f-8425-5b24-828f-281ba973f59f	INFO	SubscriptionBalanceUpdated event published

2024-03-07T21:01:10.786Z 2024-03-07T21:01:10.786Z	9075767f-8425-5b24-828f-281ba973f59f	INFO	Processing message 1d1518da-f0f6-4116-9ec4-a9c53d8e0557

2024-03-07T21:01:10.804Z 2024-03-07T21:01:10.804Z	9075767f-8425-5b24-828f-281ba973f59f	INFO	Start syncing the balance {
  transaction: {
    id: '01HRDBGH4EC631N5Y00RAH02K7',
    type: 'DEBIT',
    source: 'MANUAL_DEDUCTION',
    action: 'DELIVERY_DEDUCTION',
    userId: '09ab0c9d-acb3-41ef-b844-c50508c878e4',
    paymentBalance: 5320.7,
    updatePaymentBalance: true,
    metadata: '{"walletId":"wallet#09ab0c9d-acb3-41ef-b844-c50508c878e4","deliveryId":"50a8a16c-762d-4571-a966-cb15f78ca349","walletSk":"50a8a16c-762d-4571-a966-cb15f78ca349"}',
    currency: 'SAR',
    amount: 60.9,
    vat: 0,
    oldBalance: 5381.6,
    newBalance: 5320.7
  }
}

2024-03-07T21:01:10.891Z 2024-03-07T21:01:10.891Z	9075767f-8425-5b24-828f-281ba973f59f	INFO	SubscriptionBalanceUpdated event published

2024-03-07T21:01:10.909Z 2024-03-07T21:01:10.909Z	9075767f-8425-5b24-828f-281ba973f59f	INFO	Processing message dd989c20-ab0f-488d-832f-ed27b89edbba

2024-03-07T21:01:10.918Z 2024-03-07T21:01:10.918Z	9075767f-8425-5b24-828f-281ba973f59f	INFO	Start syncing the balance {
  transaction: {
    id: '01HRDBGH80BTK9SBDH0YMYB310',
    type: 'DEBIT',
    source: 'MANUAL_DEDUCTION',
    action: 'DELIVERY_DEDUCTION',
    userId: 'cfee18c3-4c5c-43d6-8333-459ced998886',
    paymentBalance: 1300,
    updatePaymentBalance: true,
    metadata: '{"walletId":"wallet#cfee18c3-4c5c-43d6-8333-459ced998886","deliveryId":"835a2142-ad7a-43f2-b805-b6ed16536064","walletSk":"835a2142-ad7a-43f2-b805-b6ed16536064"}',
    currency: 'SAR',
    amount: 100,
    vat: 0,
    oldBalance: 1400,
    newBalance: 1300
  }
}

2024-03-07T21:01:10.969Z 2024-03-07T21:01:10.969Z	9075767f-8425-5b24-828f-281ba973f59f	INFO	SubscriptionBalanceUpdated event published

2024-03-07T21:01:10.982Z 2024-03-07T21:01:10.982Z	9075767f-8425-5b24-828f-281ba973f59f	INFO	Processing message b3901498-13c4-45e5-bd05-752db95f5753

2024-03-07T21:01:11.016Z 2024-03-07T21:01:11.016Z	9075767f-8425-5b24-828f-281ba973f59f	INFO	Start syncing the balance {
  transaction: {
    id: '01HRDBGHCYNG5QCZP115DZ4BEA',
    type: 'DEBIT',
    source: 'MANUAL_DEDUCTION',
    action: 'DELIVERY_DEDUCTION',
    userId: 'a6db30c1-5d78-471c-b1e7-007c345db06a',
    paymentBalance: 1530,
    updatePaymentBalance: true,
    metadata: '{"walletId":"wallet#a6db30c1-5d78-471c-b1e7-007c345db06a","deliveryId":"9f980612-50da-4cfb-a154-9fa39c1800fa","walletSk":"9f980612-50da-4cfb-a154-9fa39c1800fa"}',
    currency: 'SAR',
    amount: 90,
    vat: 0,
    oldBalance: 1620,
    newBalance: 1530
  }
}

2024-03-07T21:01:11.135Z 2024-03-07T21:01:11.135Z	9075767f-8425-5b24-828f-281ba973f59f	INFO	SubscriptionBalanceUpdated event published

2024-03-07T21:01:11.153Z 2024-03-07T21:01:11.153Z	9075767f-8425-5b24-828f-281ba973f59f	INFO	Processing message 09d040c5-d778-44d0-b733-aedff214e3d4

2024-03-07T21:01:11.161Z 2024-03-07T21:01:11.161Z	9075767f-8425-5b24-828f-281ba973f59f	INFO	Start syncing the balance {
  transaction: {
    id: '01HRDBGHG211SP5N6C8Y8SZ2GV',
    type: 'DEBIT',
    source: 'MANUAL_DEDUCTION',
    action: 'DELIVERY_DEDUCTION',
    userId: '91886874-40ec-4324-87ea-10bcee9904f5',
    paymentBalance: 51.85,
    updatePaymentBalance: true,
    metadata: '{"walletId":"wallet#91886874-40ec-4324-87ea-10bcee9904f5","deliveryId":"3a202638-2f92-44b2-a580-5aaef5bda616","walletSk":"3a202638-2f92-44b2-a580-5aaef5bda616"}',
    currency: 'BHD',
    amount: 3.3,
    vat: 0,
    oldBalance: 55.15,
    newBalance: 51.85
  }
}

2024-03-07T21:01:11.211Z 2024-03-07T21:01:11.211Z	9075767f-8425-5b24-828f-281ba973f59f	INFO	SubscriptionBalanceUpdated event published

2024-03-07T21:01:11.227Z 2024-03-07T21:01:11.227Z	9075767f-8425-5b24-828f-281ba973f59f	INFO	Processing message 7c647404-3fc7-44e2-9d8e-3241ae7d50bd

2024-03-07T21:01:11.233Z 2024-03-07T21:01:11.233Z	9075767f-8425-5b24-828f-281ba973f59f	INFO	Start syncing the balance {
  transaction: {
    id: '01HRDBGHFC55ST0KFHYQ38KE56',
    type: 'DEBIT',
    source: 'MANUAL_DEDUCTION',
    action: 'DELIVERY_DEDUCTION',
    userId: '073d8401-e882-4dc0-a104-c212f6019ebd',
    paymentBalance: 5008.5,
    updatePaymentBalance: true,
    metadata: '{"walletId":"wallet#073d8401-e882-4dc0-a104-c212f6019ebd","deliveryId":"532db9e4-5f83-43b2-88b3-286ebe38367f","walletSk":"532db9e4-5f83-43b2-88b3-286ebe38367f"}',
    currency: 'SAR',
    amount: 76.5,
    vat: 0,
    oldBalance: 5085,
    newBalance: 5008.5
  }
}

2024-03-07T21:01:11.299Z 2024-03-07T21:01:11.299Z	9075767f-8425-5b24-828f-281ba973f59f	INFO	SubscriptionBalanceUpdated event published

2024-03-07T21:01:11.315Z 2024-03-07T21:01:11.315Z	9075767f-8425-5b24-828f-281ba973f59f	INFO	Processing message 672ac150-0333-4bf0-8520-c90ca3a2c638

2024-03-07T21:01:11.337Z 2024-03-07T21:01:11.337Z	9075767f-8425-5b24-828f-281ba973f59f	INFO	Start syncing the balance {
  transaction: {
    id: '01HRDBGHJN4Y49AE76XT8MAB41',
    type: 'DEBIT',
    source: 'MANUAL_DEDUCTION',
    action: 'DELIVERY_DEDUCTION',
    userId: '078a520a-b504-4794-8e9b-910d86e4e96d',
    paymentBalance: 1469.92,
    updatePaymentBalance: true,
    metadata: '{"walletId":"wallet#078a520a-b504-4794-8e9b-910d86e4e96d","deliveryId":"43c5356d-859d-4cb6-abb2-a26491ea9f72","walletSk":"43c5356d-859d-4cb6-abb2-a26491ea9f72"}',
    currency: 'SAR',
    amount: 42,
    vat: 0,
    oldBalance: 517.37,
    newBalance: 475.37
  }
}

2024-03-07T21:01:11.407Z 2024-03-07T21:01:11.407Z	9075767f-8425-5b24-828f-281ba973f59f	INFO	SubscriptionBalanceUpdated event published

2024-03-07T21:01:11.421Z 2024-03-07T21:01:11.421Z	9075767f-8425-5b24-828f-281ba973f59f	ERROR	Subscription balance and payment balance are not in sync {
  userId: '078a520a-b504-4794-8e9b-910d86e4e96d',
  subscriptionBalance: 475.37,
  paymentBalance: 1469.92
}

2024-03-07T21:01:11.442Z END RequestId: 9075767f-8425-5b24-828f-281ba973f59f

2024-03-07T21:01:11.442Z REPORT RequestId: 9075767f-8425-5b24-828f-281ba973f59f	Duration: 1141.94 ms	Billed Duration: 1142 ms	Memory Size: 1024 MB	Max Memory Used: 126 MB	

2024-03-07T21:01:05.662Z INIT_START Runtime Version: nodejs:20.v18	Runtime Version ARN: arn:aws:lambda:us-east-1::runtime:2250774f98acc3954111984e0b9853cb801265eb866d3bef345707fcfb7af67c

