2024-02-15T21:01:17.731Z START RequestId: 334db610-363a-5113-b522-e8584befe660 Version: $LATEST

2024-02-15T21:01:17.803Z 2024-02-15T21:01:17.803Z	334db610-363a-5113-b522-e8584befe660	INFO	Processing message 3abd5e7f-726c-43cb-8305-4e25723983db

2024-02-15T21:01:17.836Z 2024-02-15T21:01:17.836Z	334db610-363a-5113-b522-e8584befe660	INFO	Start syncing the balance {
  transaction: {
    id: '01HPQ95ANW9NCQQMM3D88YAHRA',
    type: 'DEBIT',
    source: 'MANUAL_DEDUCTION',
    action: 'DELIVERY_DEDUCTION',
    userId: 'ab0945cb-5f97-44d7-ab7d-1eda2af91f18',
    paymentBalance: 36,
    updatePaymentBalance: true,
    metadata: '{"walletId":"wallet#ab0945cb-5f97-44d7-ab7d-1eda2af91f18","deliveryId":"6c8b3890-baeb-4ac3-8d72-2a18b9a24b01","walletSk":"6c8b3890-baeb-4ac3-8d72-2a18b9a24b01"}',
    currency: 'BHD',
    amount: 9,
    vat: 0,
    oldBalance: 45,
    newBalance: 36
  }
}

2024-02-15T21:01:17.906Z 2024-02-15T21:01:17.906Z	334db610-363a-5113-b522-e8584befe660	INFO	SubscriptionBalanceUpdated event published

2024-02-15T21:01:17.941Z END RequestId: 334db610-363a-5113-b522-e8584befe660

2024-02-15T21:01:17.941Z REPORT RequestId: 334db610-363a-5113-b522-e8584befe660	Duration: 210.01 ms	Billed Duration: 211 ms	Memory Size: 1024 MB	Max Memory Used: 128 MB	

2024-02-15T21:01:18.136Z START RequestId: 57a9db54-b4f1-5116-a508-851cc92fe9ed Version: $LATEST

2024-02-15T21:01:18.161Z 2024-02-15T21:01:18.161Z	57a9db54-b4f1-5116-a508-851cc92fe9ed	INFO	Processing message 09405d0e-afb2-4a53-a514-38f67c0d19e8

2024-02-15T21:01:18.167Z 2024-02-15T21:01:18.167Z	57a9db54-b4f1-5116-a508-851cc92fe9ed	INFO	Start syncing the balance {
  transaction: {
    id: '01HPQ95AZWH2Q3H2E3V5YFVFF9',
    type: 'DEBIT',
    source: 'MANUAL_DEDUCTION',
    action: 'DELIVERY_DEDUCTION',
    userId: '5bc3c6b5-3049-4d37-9f04-c36bcb6de4a2',
    paymentBalance: 78187.136,
    updatePaymentBalance: true,
    metadata: '{"walletId":"wallet#5bc3c6b5-3049-4d37-9f04-c36bcb6de4a2","deliveryId":"c9b3879b-f824-48b1-bd12-c92a3b9d6139","walletSk":"c9b3879b-f824-48b1-bd12-c92a3b9d6139"}',
    currency: 'BHD',
    amount: 53,
    vat: 0,
    oldBalance: 78293.13636363637,
    newBalance: 78240.136
  }
}

2024-02-15T21:01:18.212Z 2024-02-15T21:01:18.212Z	57a9db54-b4f1-5116-a508-851cc92fe9ed	INFO	SubscriptionBalanceUpdated event published

2024-02-15T21:01:18.226Z 2024-02-15T21:01:18.226Z	57a9db54-b4f1-5116-a508-851cc92fe9ed	ERROR	Subscription balance and payment balance are not in sync {
  userId: '5bc3c6b5-3049-4d37-9f04-c36bcb6de4a2',
  subscriptionBalance: 78240.136,
  paymentBalance: 78187.136
}

2024-02-15T21:01:18.243Z 2024-02-15T21:01:18.243Z	57a9db54-b4f1-5116-a508-851cc92fe9ed	INFO	Processing message f56c92ae-9463-444b-b26d-591a7f79925f

2024-02-15T21:01:18.248Z 2024-02-15T21:01:18.248Z	57a9db54-b4f1-5116-a508-851cc92fe9ed	INFO	Start syncing the balance {
  transaction: {
    id: '01HPQ95B9SZ9194QEJDZMXSWYD',
    type: 'DEBIT',
    source: 'MANUAL_DEDUCTION',
    action: 'DELIVERY_DEDUCTION',
    userId: 'a311a299-9f89-4f82-9b63-cf15944e4d42',
    paymentBalance: 189,
    updatePaymentBalance: true,
    metadata: '{"walletId":"wallet#a311a299-9f89-4f82-9b63-cf15944e4d42","deliveryId":"6742763a-d3a9-4204-a1b6-a6d40744e73f","walletSk":"6742763a-d3a9-4204-a1b6-a6d40744e73f"}',
    currency: 'BHD',
    amount: 9,
    vat: 0,
    oldBalance: 198,
    newBalance: 189
  }
}

2024-02-15T21:01:18.294Z 2024-02-15T21:01:18.294Z	57a9db54-b4f1-5116-a508-851cc92fe9ed	INFO	SubscriptionBalanceUpdated event published

2024-02-15T21:01:18.308Z 2024-02-15T21:01:18.308Z	57a9db54-b4f1-5116-a508-851cc92fe9ed	INFO	Processing message 9f8fbf76-297c-4d00-b1f7-24c2c9a1e548

2024-02-15T21:01:18.313Z 2024-02-15T21:01:18.313Z	57a9db54-b4f1-5116-a508-851cc92fe9ed	INFO	Start syncing the balance {
  transaction: {
    id: '01HPQ95BSEDRKZC01Q6YSEK5V4',
    type: 'DEBIT',
    source: 'MANUAL_DEDUCTION',
    action: 'DELIVERY_DEDUCTION',
    userId: '5b25fc0d-4b52-479d-a9e9-5533cece208a',
    paymentBalance: 990,
    updatePaymentBalance: true,
    metadata: '{"walletId":"wallet#5b25fc0d-4b52-479d-a9e9-5533cece208a","deliveryId":"65fb4de3-7da3-4d4f-a1f4-04a6f60743e9","walletSk":"65fb4de3-7da3-4d4f-a1f4-04a6f60743e9"}',
    currency: 'SAR',
    amount: 90,
    vat: 0,
    oldBalance: 1080,
    newBalance: 990
  }
}

2024-02-15T21:01:18.357Z 2024-02-15T21:01:18.357Z	57a9db54-b4f1-5116-a508-851cc92fe9ed	INFO	SubscriptionBalanceUpdated event published

2024-02-15T21:01:18.373Z 2024-02-15T21:01:18.373Z	57a9db54-b4f1-5116-a508-851cc92fe9ed	INFO	Processing message c78ad15b-65de-4cf4-8379-3090eb7c170d

2024-02-15T21:01:18.379Z 2024-02-15T21:01:18.379Z	57a9db54-b4f1-5116-a508-851cc92fe9ed	INFO	Start syncing the balance {
  transaction: {
    id: '01HPQ95CE859JASSJ3YF18QYY5',
    type: 'DEBIT',
    source: 'MANUAL_DEDUCTION',
    action: 'DELIVERY_DEDUCTION',
    userId: '67305f3f-628b-4997-83f9-1247a896127a',
    paymentBalance: 2781,
    updatePaymentBalance: true,
    metadata: '{"walletId":"wallet#67305f3f-628b-4997-83f9-1247a896127a","deliveryId":"f5d09cad-e21e-44c0-9c3a-9b4dd2026138","walletSk":"f5d09cad-e21e-44c0-9c3a-9b4dd2026138"}',
    currency: 'BHD',
    amount: 9,
    vat: 0,
    oldBalance: 2799,
    newBalance: 2790
  }
}

2024-02-15T21:01:18.479Z 2024-02-15T21:01:18.479Z	57a9db54-b4f1-5116-a508-851cc92fe9ed	INFO	SubscriptionBalanceUpdated event published

2024-02-15T21:01:18.495Z 2024-02-15T21:01:18.495Z	57a9db54-b4f1-5116-a508-851cc92fe9ed	ERROR	Subscription balance and payment balance are not in sync {
  userId: '67305f3f-628b-4997-83f9-1247a896127a',
  subscriptionBalance: 2790,
  paymentBalance: 2781
}

2024-02-15T21:01:18.511Z 2024-02-15T21:01:18.511Z	57a9db54-b4f1-5116-a508-851cc92fe9ed	INFO	Processing message 893de4fe-fdc8-4839-ad98-245b56725cb9

2024-02-15T21:01:18.518Z 2024-02-15T21:01:18.518Z	57a9db54-b4f1-5116-a508-851cc92fe9ed	INFO	Start syncing the balance {
  transaction: {
    id: '01HPQ95CNNJ971ZY4N2MSSW8H3',
    type: 'DEBIT',
    source: 'MANUAL_DEDUCTION',
    action: 'DELIVERY_DEDUCTION',
    userId: 'e2498377-494a-4a01-b189-5b9febd136e0',
    paymentBalance: 162,
    updatePaymentBalance: true,
    metadata: '{"walletId":"wallet#e2498377-494a-4a01-b189-5b9febd136e0","deliveryId":"9a9d79ae-1c00-4bf8-a02e-504e4bd50056","walletSk":"9a9d79ae-1c00-4bf8-a02e-504e4bd50056"}',
    currency: 'BHD',
    amount: 9,
    vat: 0,
    oldBalance: 171,
    newBalance: 162
  }
}

2024-02-15T21:01:18.561Z 2024-02-15T21:01:18.561Z	57a9db54-b4f1-5116-a508-851cc92fe9ed	INFO	SubscriptionBalanceUpdated event published

2024-02-15T21:01:18.576Z 2024-02-15T21:01:18.576Z	57a9db54-b4f1-5116-a508-851cc92fe9ed	INFO	Processing message 055b8452-f7f6-4286-8418-65690016dad6

2024-02-15T21:01:18.582Z 2024-02-15T21:01:18.582Z	57a9db54-b4f1-5116-a508-851cc92fe9ed	INFO	Start syncing the balance {
  transaction: {
    id: '01HPQ95CTRMRSEYC4SGWW9E8E0',
    type: 'DEBIT',
    source: 'MANUAL_DEDUCTION',
    action: 'DELIVERY_DEDUCTION',
    userId: 'c3d5a0ac-89f2-43a6-a880-640ad2538d1a',
    paymentBalance: 58,
    updatePaymentBalance: true,
    metadata: '{"walletId":"wallet#c3d5a0ac-89f2-43a6-a880-640ad2538d1a","deliveryId":"7c345572-6c01-4f3c-9198-b77a5bd62b4a","walletSk":"7c345572-6c01-4f3c-9198-b77a5bd62b4a"}',
    currency: 'BHD',
    amount: 9,
    vat: 0,
    oldBalance: 67,
    newBalance: 58
  }
}

2024-02-15T21:01:18.627Z 2024-02-15T21:01:18.627Z	57a9db54-b4f1-5116-a508-851cc92fe9ed	INFO	SubscriptionBalanceUpdated event published

2024-02-15T21:01:18.641Z 2024-02-15T21:01:18.641Z	57a9db54-b4f1-5116-a508-851cc92fe9ed	INFO	Processing message 73d67dcb-6052-4b1f-8d8f-05908a4eca2f

2024-02-15T21:01:18.648Z 2024-02-15T21:01:18.648Z	57a9db54-b4f1-5116-a508-851cc92fe9ed	INFO	Start syncing the balance {
  transaction: {
    id: '01HPQ95DFEMXCY03TN8JYGV651',
    type: 'DEBIT',
    source: 'MANUAL_DEDUCTION',
    action: 'DELIVERY_DEDUCTION',
    userId: '7cbe3797-c6a1-492c-9c31-8bd1c8c38d90',
    paymentBalance: 260.271,
    updatePaymentBalance: true,
    metadata: '{"walletId":"wallet#7cbe3797-c6a1-492c-9c31-8bd1c8c38d90","deliveryId":"1b4a91ad-c7a8-4ac8-88fb-a2fe6999c99b","walletSk":"1b4a91ad-c7a8-4ac8-88fb-a2fe6999c99b"}',
    currency: 'BHD',
    amount: 11.682,
    vat: 0,
    oldBalance: 271.953,
    newBalance: 260.271
  }
}

2024-02-15T21:01:18.690Z 2024-02-15T21:01:18.690Z	57a9db54-b4f1-5116-a508-851cc92fe9ed	INFO	SubscriptionBalanceUpdated event published

2024-02-15T21:01:18.706Z END RequestId: 57a9db54-b4f1-5116-a508-851cc92fe9ed

2024-02-15T21:01:18.706Z REPORT RequestId: 57a9db54-b4f1-5116-a508-851cc92fe9ed	Duration: 569.71 ms	Billed Duration: 570 ms	Memory Size: 1024 MB	Max Memory Used: 128 MB	

2024-02-15T21:01:04.291Z INIT_START Runtime Version: nodejs:20.v15	Runtime Version ARN: arn:aws:lambda:us-east-1::runtime:379cd8c4d157c2e16f1b841486b613da2188da597609ef24d67497ad9c22a53e

2024-02-15T21:01:05.517Z START RequestId: f2952394-65fd-5b9b-8dab-7ddc18381360 Version: $LATEST

2024-02-15T21:01:05.675Z 2024-02-15T21:01:05.675Z	f2952394-65fd-5b9b-8dab-7ddc18381360	INFO	Processing message 53a1fd75-1305-4040-925a-b02919423634

2024-02-15T21:01:05.719Z 2024-02-15T21:01:05.719Z	f2952394-65fd-5b9b-8dab-7ddc18381360	INFO	Start syncing the balance {
  transaction: {
    id: '01HPQ958T9GD21SYPSFKHCDS3J',
    type: 'DEBIT',
    source: 'MANUAL_DEDUCTION',
    action: 'DELIVERY_DEDUCTION',
    userId: 'f50005b1-ee81-4cb6-a3b0-882b19122f35',
    paymentBalance: 54,
    updatePaymentBalance: true,
    metadata: '{"walletId":"wallet#f50005b1-ee81-4cb6-a3b0-882b19122f35","deliveryId":"e65368fa-0bcf-4095-846a-56dcf73c686d","walletSk":"e65368fa-0bcf-4095-846a-56dcf73c686d"}',
    currency: 'BHD',
    amount: 9,
    vat: 0,
    oldBalance: 63,
    newBalance: 54
  }
}

2024-02-15T21:01:05.820Z 2024-02-15T21:01:05.820Z	f2952394-65fd-5b9b-8dab-7ddc18381360	INFO	SubscriptionBalanceUpdated event published

2024-02-15T21:01:05.868Z END RequestId: f2952394-65fd-5b9b-8dab-7ddc18381360

2024-02-15T21:01:05.868Z REPORT RequestId: f2952394-65fd-5b9b-8dab-7ddc18381360	Duration: 351.14 ms	Billed Duration: 352 ms	Memory Size: 1024 MB	Max Memory Used: 123 MB	Init Duration: 1224.93 ms	

2024-02-15T21:01:07.011Z START RequestId: 31eee33d-fa73-5f77-9cf0-bd7587a13804 Version: $LATEST

2024-02-15T21:01:07.032Z 2024-02-15T21:01:07.032Z	31eee33d-fa73-5f77-9cf0-bd7587a13804	INFO	Processing message c1702a1f-8555-4287-a3c2-4908ed4ad63a

2024-02-15T21:01:07.041Z 2024-02-15T21:01:07.041Z	31eee33d-fa73-5f77-9cf0-bd7587a13804	INFO	Start syncing the balance {
  transaction: {
    id: '01HPQ95BXQC29HZ0PS6AYV9DJ1',
    type: 'DEBIT',
    source: 'MANUAL_DEDUCTION',
    action: 'DELIVERY_DEDUCTION',
    userId: '2f893545-21a1-45ce-8cd0-c1f12e8f23e5',
    paymentBalance: 1080,
    updatePaymentBalance: true,
    metadata: '{"walletId":"wallet#2f893545-21a1-45ce-8cd0-c1f12e8f23e5","deliveryId":"c1ca8f5c-b134-4fb2-879f-b8f8504499f6","walletSk":"c1ca8f5c-b134-4fb2-879f-b8f8504499f6"}',
    currency: 'SAR',
    amount: 90,
    vat: 0,
    oldBalance: 1170,
    newBalance: 1080
  }
}

2024-02-15T21:01:07.117Z 2024-02-15T21:01:07.117Z	31eee33d-fa73-5f77-9cf0-bd7587a13804	INFO	SubscriptionBalanceUpdated event published

2024-02-15T21:01:07.429Z 2024-02-15T21:01:07.429Z	31eee33d-fa73-5f77-9cf0-bd7587a13804	INFO	Processing message 55da7c6f-7786-4156-a1f2-89875b4d67c1

2024-02-15T21:01:07.435Z 2024-02-15T21:01:07.435Z	31eee33d-fa73-5f77-9cf0-bd7587a13804	INFO	Start syncing the balance {
  transaction: {
    id: '01HPQ95BZQ2S3H3188SKYRP83M',
    type: 'DEBIT',
    source: 'MANUAL_DEDUCTION',
    action: 'DELIVERY_DEDUCTION',
    userId: 'a19f1f44-2782-4e7f-8826-f3f3ef589ea8',
    paymentBalance: 990,
    updatePaymentBalance: true,
    metadata: '{"walletId":"wallet#a19f1f44-2782-4e7f-8826-f3f3ef589ea8","deliveryId":"d39a2438-a6f3-4680-a1cc-b5e194cb764c","walletSk":"d39a2438-a6f3-4680-a1cc-b5e194cb764c"}',
    currency: 'SAR',
    amount: 90,
    vat: 0,
    oldBalance: 1080,
    newBalance: 990
  }
}

2024-02-15T21:01:07.486Z 2024-02-15T21:01:07.486Z	31eee33d-fa73-5f77-9cf0-bd7587a13804	INFO	SubscriptionBalanceUpdated event published

2024-02-15T21:01:07.502Z 2024-02-15T21:01:07.502Z	31eee33d-fa73-5f77-9cf0-bd7587a13804	INFO	Processing message 3e8557b2-940f-4d24-afca-95fe18fec9a2

2024-02-15T21:01:07.508Z 2024-02-15T21:01:07.508Z	31eee33d-fa73-5f77-9cf0-bd7587a13804	INFO	Start syncing the balance {
  transaction: {
    id: '01HPQ95C3GW1FFN8M1WGK23RFE',
    type: 'DEBIT',
    source: 'MANUAL_DEDUCTION',
    action: 'DELIVERY_DEDUCTION',
    userId: 'a6db30c1-5d78-471c-b1e7-007c345db06a',
    paymentBalance: 990,
    updatePaymentBalance: true,
    metadata: '{"walletId":"wallet#a6db30c1-5d78-471c-b1e7-007c345db06a","deliveryId":"94e147bd-855f-4010-88d6-875f6280a778","walletSk":"94e147bd-855f-4010-88d6-875f6280a778"}',
    currency: 'SAR',
    amount: 90,
    vat: 0,
    oldBalance: 1080,
    newBalance: 990
  }
}

2024-02-15T21:01:07.553Z 2024-02-15T21:01:07.553Z	31eee33d-fa73-5f77-9cf0-bd7587a13804	INFO	SubscriptionBalanceUpdated event published

2024-02-15T21:01:07.567Z 2024-02-15T21:01:07.567Z	31eee33d-fa73-5f77-9cf0-bd7587a13804	INFO	Processing message a763f977-cf3e-496a-af1c-61b61a4d37d4

2024-02-15T21:01:07.574Z 2024-02-15T21:01:07.574Z	31eee33d-fa73-5f77-9cf0-bd7587a13804	INFO	Start syncing the balance {
  transaction: {
    id: '01HPQ95C904BNNS1QX4J30T1Y4',
    type: 'DEBIT',
    source: 'MANUAL_DEDUCTION',
    action: 'DELIVERY_DEDUCTION',
    userId: 'fb387231-a328-4c4d-8d82-dda7943af9e7',
    paymentBalance: 36654,
    updatePaymentBalance: true,
    metadata: '{"walletId":"wallet#fb387231-a328-4c4d-8d82-dda7943af9e7","deliveryId":"fe6e1393-a55a-4fd4-976c-6391373d1a3f","walletSk":"fe6e1393-a55a-4fd4-976c-6391373d1a3f"}',
    currency: 'SAR',
    amount: 100,
    vat: 0,
    oldBalance: 36854,
    newBalance: 36754
  }
}

2024-02-15T21:01:07.621Z 2024-02-15T21:01:07.621Z	31eee33d-fa73-5f77-9cf0-bd7587a13804	INFO	SubscriptionBalanceUpdated event published

2024-02-15T21:01:07.632Z 2024-02-15T21:01:07.632Z	31eee33d-fa73-5f77-9cf0-bd7587a13804	ERROR	Subscription balance and payment balance are not in sync {
  userId: 'fb387231-a328-4c4d-8d82-dda7943af9e7',
  subscriptionBalance: 36754,
  paymentBalance: 36654
}

2024-02-15T21:01:07.652Z 2024-02-15T21:01:07.652Z	31eee33d-fa73-5f77-9cf0-bd7587a13804	INFO	Processing message 2609f731-2609-40a9-9001-4066726c5a80

2024-02-15T21:01:07.658Z 2024-02-15T21:01:07.658Z	31eee33d-fa73-5f77-9cf0-bd7587a13804	INFO	Start syncing the balance {
  transaction: {
    id: '01HPQ95CK3WV26532CAENWD0M1',
    type: 'DEBIT',
    source: 'MANUAL_DEDUCTION',
    action: 'DELIVERY_DEDUCTION',
    userId: '4c4ceed7-e0a3-4168-9e92-e84ee46e6082',
    paymentBalance: 990,
    updatePaymentBalance: true,
    metadata: '{"walletId":"wallet#4c4ceed7-e0a3-4168-9e92-e84ee46e6082","deliveryId":"cf9b48f5-bcb4-4731-97f6-92632812ea58","walletSk":"cf9b48f5-bcb4-4731-97f6-92632812ea58"}',
    currency: 'SAR',
    amount: 90,
    vat: 0,
    oldBalance: 1080,
    newBalance: 990
  }
}

2024-02-15T21:01:07.709Z 2024-02-15T21:01:07.709Z	31eee33d-fa73-5f77-9cf0-bd7587a13804	INFO	SubscriptionBalanceUpdated event published

2024-02-15T21:01:07.721Z 2024-02-15T21:01:07.721Z	31eee33d-fa73-5f77-9cf0-bd7587a13804	INFO	Processing message 37f5f76d-f974-4ce6-a847-9e68e577c2e5

2024-02-15T21:01:07.727Z 2024-02-15T21:01:07.727Z	31eee33d-fa73-5f77-9cf0-bd7587a13804	INFO	Start syncing the balance {
  transaction: {
    id: '01HPQ95CXD7JK4Y6928HF4QCCP',
    type: 'DEBIT',
    source: 'MANUAL_DEDUCTION',
    action: 'DELIVERY_DEDUCTION',
    userId: '2c2a8830-b2f7-4b3e-a180-7a5654eee40c',
    paymentBalance: 37046.39,
    updatePaymentBalance: true,
    metadata: '{"walletId":"wallet#2c2a8830-b2f7-4b3e-a180-7a5654eee40c","deliveryId":"0da7acd6-e7de-4b89-8ce6-d884797b0466","walletSk":"0da7acd6-e7de-4b89-8ce6-d884797b0466"}',
    currency: 'SAR',
    amount: 90,
    vat: 0,
    oldBalance: 37226.39,
    newBalance: 37136.39
  }
}

2024-02-15T21:01:07.767Z 2024-02-15T21:01:07.767Z	31eee33d-fa73-5f77-9cf0-bd7587a13804	INFO	SubscriptionBalanceUpdated event published

2024-02-15T21:01:07.778Z 2024-02-15T21:01:07.778Z	31eee33d-fa73-5f77-9cf0-bd7587a13804	ERROR	Subscription balance and payment balance are not in sync {
  userId: '2c2a8830-b2f7-4b3e-a180-7a5654eee40c',
  subscriptionBalance: 37136.39,
  paymentBalance: 37046.39
}

2024-02-15T21:01:07.830Z 2024-02-15T21:01:07.830Z	31eee33d-fa73-5f77-9cf0-bd7587a13804	INFO	Processing message 53e084b4-2ba2-4974-a2f2-09a0b934309e

2024-02-15T21:01:07.837Z 2024-02-15T21:01:07.837Z	31eee33d-fa73-5f77-9cf0-bd7587a13804	INFO	Start syncing the balance {
  transaction: {
    id: '01HPQ95D8VY5M8C190CBBDRYXV',
    type: 'DEBIT',
    source: 'MANUAL_DEDUCTION',
    action: 'DELIVERY_DEDUCTION',
    userId: '078a520a-b504-4794-8e9b-910d86e4e96d',
    paymentBalance: 2239.28,
    updatePaymentBalance: true,
    metadata: '{"walletId":"wallet#078a520a-b504-4794-8e9b-910d86e4e96d","deliveryId":"41ed380c-bae1-4197-b298-b039c7d5e17d","walletSk":"41ed380c-bae1-4197-b298-b039c7d5e17d"}',
    currency: 'SAR',
    amount: 42,
    vat: 0,
    oldBalance: 1286.73,
    newBalance: 1244.73
  }
}

2024-02-15T21:01:07.881Z 2024-02-15T21:01:07.881Z	31eee33d-fa73-5f77-9cf0-bd7587a13804	INFO	SubscriptionBalanceUpdated event published

2024-02-15T21:01:07.895Z 2024-02-15T21:01:07.895Z	31eee33d-fa73-5f77-9cf0-bd7587a13804	ERROR	Subscription balance and payment balance are not in sync {
  userId: '078a520a-b504-4794-8e9b-910d86e4e96d',
  subscriptionBalance: 1244.73,
  paymentBalance: 2239.28
}

2024-02-15T21:01:07.910Z 2024-02-15T21:01:07.910Z	31eee33d-fa73-5f77-9cf0-bd7587a13804	INFO	Processing message 1d67eb73-cbe0-4789-9f0f-2ebd28622958

2024-02-15T21:01:07.915Z 2024-02-15T21:01:07.915Z	31eee33d-fa73-5f77-9cf0-bd7587a13804	INFO	Start syncing the balance {
  transaction: {
    id: '01HPQ95CRFQ062N1DH0N03N969',
    type: 'DEBIT',
    source: 'MANUAL_DEDUCTION',
    action: 'DELIVERY_DEDUCTION',
    userId: '302335d2-712e-4d41-bee8-3046c3eafe61',
    paymentBalance: 117,
    updatePaymentBalance: true,
    metadata: '{"walletId":"wallet#302335d2-712e-4d41-bee8-3046c3eafe61","deliveryId":"2f80359c-b04b-4eb6-80a0-d1f4463ae8d5","walletSk":"2f80359c-b04b-4eb6-80a0-d1f4463ae8d5"}',
    currency: 'BHD',
    amount: 9,
    vat: 0,
    oldBalance: 126,
    newBalance: 117
  }
}

2024-02-15T21:01:07.957Z 2024-02-15T21:01:07.957Z	31eee33d-fa73-5f77-9cf0-bd7587a13804	INFO	SubscriptionBalanceUpdated event published

2024-02-15T21:01:07.971Z 2024-02-15T21:01:07.971Z	31eee33d-fa73-5f77-9cf0-bd7587a13804	INFO	Processing message 24983dcb-d15f-462e-a792-363d104e346a

2024-02-15T21:01:07.976Z 2024-02-15T21:01:07.976Z	31eee33d-fa73-5f77-9cf0-bd7587a13804	INFO	Start syncing the balance {
  transaction: {
    id: '01HPQ95D39S93RW63R843TBW7Z',
    type: 'DEBIT',
    source: 'MANUAL_DEDUCTION',
    action: 'DELIVERY_DEDUCTION',
    userId: '6bdfe9ee-1503-4a6b-91de-79bffe4550be',
    paymentBalance: 24.5,
    updatePaymentBalance: true,
    metadata: '{"walletId":"wallet#6bdfe9ee-1503-4a6b-91de-79bffe4550be","deliveryId":"c78e26a8-1866-4333-808f-5fde189e0dde","walletSk":"c78e26a8-1866-4333-808f-5fde189e0dde"}',
    currency: 'BHD',
    amount: 9,
    vat: 0,
    oldBalance: 33.5,
    newBalance: 24.5
  }
}

2024-02-15T21:01:08.025Z 2024-02-15T21:01:08.025Z	31eee33d-fa73-5f77-9cf0-bd7587a13804	INFO	SubscriptionBalanceUpdated event published

2024-02-15T21:01:08.038Z 2024-02-15T21:01:08.038Z	31eee33d-fa73-5f77-9cf0-bd7587a13804	INFO	Processing message 58898615-d077-494a-bb9b-0e331044ad96

2024-02-15T21:01:08.044Z 2024-02-15T21:01:08.044Z	31eee33d-fa73-5f77-9cf0-bd7587a13804	INFO	Start syncing the balance {
  transaction: {
    id: '01HPQ95D0DP8E9NCQHTKJSYCGC',
    type: 'DEBIT',
    source: 'MANUAL_DEDUCTION',
    action: 'DELIVERY_DEDUCTION',
    userId: '7c6156e0-739f-4e3a-9b68-302219956a98',
    paymentBalance: 5418,
    updatePaymentBalance: true,
    metadata: '{"walletId":"wallet#7c6156e0-739f-4e3a-9b68-302219956a98","deliveryId":"05799a4b-6264-4a5b-84dc-741191ad0fe6","walletSk":"05799a4b-6264-4a5b-84dc-741191ad0fe6"}',
    currency: 'SAR',
    amount: 90,
    vat: 0,
    oldBalance: 5508,
    newBalance: 5418
  }
}

2024-02-15T21:01:08.087Z 2024-02-15T21:01:08.087Z	31eee33d-fa73-5f77-9cf0-bd7587a13804	INFO	SubscriptionBalanceUpdated event published

2024-02-15T21:01:08.103Z END RequestId: 31eee33d-fa73-5f77-9cf0-bd7587a13804

2024-02-15T21:01:08.103Z REPORT RequestId: 31eee33d-fa73-5f77-9cf0-bd7587a13804	Duration: 1092.12 ms	Billed Duration: 1093 ms	Memory Size: 1024 MB	Max Memory Used: 125 MB	

2024-02-15T21:01:09.046Z START RequestId: ac32a7df-4a71-5d50-ab84-f99737a4b5ab Version: $LATEST

2024-02-15T21:01:09.076Z 2024-02-15T21:01:09.076Z	ac32a7df-4a71-5d50-ab84-f99737a4b5ab	INFO	Processing message 629e3433-f9a7-409e-8dc1-91dd28d520f5

2024-02-15T21:01:09.082Z 2024-02-15T21:01:09.082Z	ac32a7df-4a71-5d50-ab84-f99737a4b5ab	INFO	Start syncing the balance {
  transaction: {
    id: '01HPQ95D6DG3RN1NPGRQ4C2DQH',
    type: 'DEBIT',
    source: 'MANUAL_DEDUCTION',
    action: 'DELIVERY_DEDUCTION',
    userId: 'daa2bf74-cf31-4552-9e85-acb48a7c3f90',
    paymentBalance: 507.091,
    updatePaymentBalance: true,
    metadata: '{"walletId":"wallet#daa2bf74-cf31-4552-9e85-acb48a7c3f90","deliveryId":"575c9778-e14f-4d06-8bed-755ca5233f15","walletSk":"575c9778-e14f-4d06-8bed-755ca5233f15"}',
    currency: 'BHD',
    amount: 9,
    vat: 0,
    oldBalance: 108.091,
    newBalance: 99.091
  }
}

2024-02-15T21:01:09.192Z 2024-02-15T21:01:09.192Z	ac32a7df-4a71-5d50-ab84-f99737a4b5ab	INFO	SubscriptionBalanceUpdated event published

2024-02-15T21:01:09.215Z 2024-02-15T21:01:09.215Z	ac32a7df-4a71-5d50-ab84-f99737a4b5ab	ERROR	Subscription balance and payment balance are not in sync {
  userId: 'daa2bf74-cf31-4552-9e85-acb48a7c3f90',
  subscriptionBalance: 99.091,
  paymentBalance: 507.091
}

2024-02-15T21:01:09.236Z 2024-02-15T21:01:09.236Z	ac32a7df-4a71-5d50-ab84-f99737a4b5ab	INFO	Processing message d7721d75-b88c-494c-8960-e48f37de6a98

2024-02-15T21:01:09.243Z 2024-02-15T21:01:09.243Z	ac32a7df-4a71-5d50-ab84-f99737a4b5ab	INFO	Start syncing the balance {
  transaction: {
    id: '01HPQ95DBX8PXZTB4FE6FDY8GX',
    type: 'DEBIT',
    source: 'MANUAL_DEDUCTION',
    action: 'DELIVERY_DEDUCTION',
    userId: '179ac592-11d7-4090-bc52-4657de3844dc',
    paymentBalance: 67.999,
    updatePaymentBalance: true,
    metadata: '{"walletId":"wallet#179ac592-11d7-4090-bc52-4657de3844dc","deliveryId":"75e9e226-32dd-4d36-a63e-f6f7e04fc39f","walletSk":"75e9e226-32dd-4d36-a63e-f6f7e04fc39f"}',
    currency: 'BHD',
    amount: 4,
    vat: 0,
    oldBalance: 71.999,
    newBalance: 67.999
  }
}

2024-02-15T21:01:09.342Z 2024-02-15T21:01:09.342Z	ac32a7df-4a71-5d50-ab84-f99737a4b5ab	INFO	SubscriptionBalanceUpdated event published

2024-02-15T21:01:09.355Z 2024-02-15T21:01:09.355Z	ac32a7df-4a71-5d50-ab84-f99737a4b5ab	INFO	Processing message cf05b878-a673-4dc0-8d6e-af73fbdebc0a

2024-02-15T21:01:09.361Z 2024-02-15T21:01:09.361Z	ac32a7df-4a71-5d50-ab84-f99737a4b5ab	INFO	Start syncing the balance {
  transaction: {
    id: '01HPQ95DJG9Q1BBB9HMPE8W1G6',
    type: 'DEBIT',
    source: 'MANUAL_DEDUCTION',
    action: 'DELIVERY_DEDUCTION',
    userId: 'b11a22a9-3283-4c2a-8530-5f685c1035b4',
    paymentBalance: 58,
    updatePaymentBalance: true,
    metadata: '{"walletId":"wallet#b11a22a9-3283-4c2a-8530-5f685c1035b4","deliveryId":"88558526-96cf-499a-8776-2dbd2a12134e","walletSk":"88558526-96cf-499a-8776-2dbd2a12134e"}',
    currency: 'BHD',
    amount: 9,
    vat: 0,
    oldBalance: 76,
    newBalance: 67
  }
}

2024-02-15T21:01:09.403Z 2024-02-15T21:01:09.403Z	ac32a7df-4a71-5d50-ab84-f99737a4b5ab	INFO	SubscriptionBalanceUpdated event published

2024-02-15T21:01:09.418Z 2024-02-15T21:01:09.418Z	ac32a7df-4a71-5d50-ab84-f99737a4b5ab	ERROR	Subscription balance and payment balance are not in sync {
  userId: 'b11a22a9-3283-4c2a-8530-5f685c1035b4',
  subscriptionBalance: 67,
  paymentBalance: 58
}

2024-02-15T21:01:09.432Z 2024-02-15T21:01:09.432Z	ac32a7df-4a71-5d50-ab84-f99737a4b5ab	INFO	Processing message 9a9bbdbf-5b56-4829-b12e-de7d42e3a6de

2024-02-15T21:01:09.437Z 2024-02-15T21:01:09.437Z	ac32a7df-4a71-5d50-ab84-f99737a4b5ab	INFO	Start syncing the balance {
  transaction: {
    id: '01HPQ95DJEFBJT9YSG2C7MCA7M',
    type: 'DEBIT',
    source: 'MANUAL_DEDUCTION',
    action: 'DELIVERY_DEDUCTION',
    userId: 'a2fca693-0874-4083-b84e-1d123f19eb07',
    paymentBalance: 186.5,
    updatePaymentBalance: true,
    metadata: '{"walletId":"wallet#a2fca693-0874-4083-b84e-1d123f19eb07","deliveryId":"34a6308a-f3ca-4adc-8942-40f1970e7338","walletSk":"34a6308a-f3ca-4adc-8942-40f1970e7338"}',
    currency: 'BHD',
    amount: 11.75,
    vat: 0,
    oldBalance: 198.25,
    newBalance: 186.5
  }
}

2024-02-15T21:01:09.480Z 2024-02-15T21:01:09.480Z	ac32a7df-4a71-5d50-ab84-f99737a4b5ab	INFO	SubscriptionBalanceUpdated event published

2024-02-15T21:01:09.493Z 2024-02-15T21:01:09.493Z	ac32a7df-4a71-5d50-ab84-f99737a4b5ab	INFO	Processing message d5e62d7b-cf9c-4794-a88d-184ac9d52754

2024-02-15T21:01:09.499Z 2024-02-15T21:01:09.499Z	ac32a7df-4a71-5d50-ab84-f99737a4b5ab	INFO	Start syncing the balance {
  transaction: {
    id: '01HPQ95DN8X9N4GA9RJ8G6SQ96',
    type: 'DEBIT',
    source: 'MANUAL_DEDUCTION',
    action: 'DELIVERY_DEDUCTION',
    userId: '383f0a7e-4daa-4294-ae9f-cafbddbb408e',
    paymentBalance: 36.5,
    updatePaymentBalance: true,
    metadata: '{"walletId":"wallet#383f0a7e-4daa-4294-ae9f-cafbddbb408e","deliveryId":"bdc3a117-918a-480c-89de-b428c6f91669","walletSk":"bdc3a117-918a-480c-89de-b428c6f91669"}',
    currency: 'BHD',
    amount: 8,
    vat: 0,
    oldBalance: 52.5,
    newBalance: 44.5
  }
}

2024-02-15T21:01:09.541Z 2024-02-15T21:01:09.541Z	ac32a7df-4a71-5d50-ab84-f99737a4b5ab	INFO	SubscriptionBalanceUpdated event published

2024-02-15T21:01:09.555Z 2024-02-15T21:01:09.555Z	ac32a7df-4a71-5d50-ab84-f99737a4b5ab	ERROR	Subscription balance and payment balance are not in sync {
  userId: '383f0a7e-4daa-4294-ae9f-cafbddbb408e',
  subscriptionBalance: 44.5,
  paymentBalance: 36.5
}

2024-02-15T21:01:09.569Z 2024-02-15T21:01:09.569Z	ac32a7df-4a71-5d50-ab84-f99737a4b5ab	INFO	Processing message 2a3a0d17-9768-45f8-a2cf-b4b41ca65547

2024-02-15T21:01:09.575Z 2024-02-15T21:01:09.575Z	ac32a7df-4a71-5d50-ab84-f99737a4b5ab	INFO	Start syncing the balance {
  transaction: {
    id: '01HPQ95E7Z6QGV3X7X5QQY6E8H',
    type: 'DEBIT',
    source: 'MANUAL_DEDUCTION',
    action: 'DELIVERY_DEDUCTION',
    userId: 'e8062346-faa2-400f-a070-a970fc4caab4',
    paymentBalance: 1848.196,
    updatePaymentBalance: true,
    metadata: '{"walletId":"wallet#e8062346-faa2-400f-a070-a970fc4caab4","deliveryId":"c83f12b2-81aa-4b4d-8f76-e2d3cf669b97","walletSk":"c83f12b2-81aa-4b4d-8f76-e2d3cf669b97"}',
    currency: 'BHD',
    amount: 151.364,
    vat: 0,
    oldBalance: 483.95,
    newBalance: 332.586
  }
}

2024-02-15T21:01:09.618Z 2024-02-15T21:01:09.618Z	ac32a7df-4a71-5d50-ab84-f99737a4b5ab	INFO	SubscriptionBalanceUpdated event published

2024-02-15T21:01:09.634Z 2024-02-15T21:01:09.634Z	ac32a7df-4a71-5d50-ab84-f99737a4b5ab	ERROR	Subscription balance and payment balance are not in sync {
  userId: 'e8062346-faa2-400f-a070-a970fc4caab4',
  subscriptionBalance: 332.586,
  paymentBalance: 1848.196
}

2024-02-15T21:01:09.652Z END RequestId: ac32a7df-4a71-5d50-ab84-f99737a4b5ab

2024-02-15T21:01:09.652Z REPORT RequestId: ac32a7df-4a71-5d50-ab84-f99737a4b5ab	Duration: 605.36 ms	Billed Duration: 606 ms	Memory Size: 1024 MB	Max Memory Used: 127 MB	

