2024-03-28T15:41:53.320Z INIT_START Runtime Version: nodejs:20.v19	Runtime Version ARN: arn:aws:lambda:us-east-1::runtime:2d68d583b872accb8815f845161e9bbabc6ac3ed4d0ab8c23e75f8788cf5444a

2024-03-28T15:41:54.473Z START RequestId: 5f6ff076-1343-54f3-b03e-ae0982b1b93e Version: $LATEST

2024-03-28T15:41:54.608Z 2024-03-28T15:41:54.608Z	5f6ff076-1343-54f3-b03e-ae0982b1b93e	INFO	Processing message 8d4545ba-66fd-43bf-b4b5-5940b79cd88d

2024-03-28T15:41:54.670Z 2024-03-28T15:41:54.670Z	5f6ff076-1343-54f3-b03e-ae0982b1b93e	INFO	Start syncing the balance {
  transaction: {
    id: '01HT2VK1TBTHZ5JAHSYJ5Y9NEG',
    type: 'CREDIT',
    source: 'PAYMENT',
    action: 'RENEW_SUBSCRIPTION',
    userId: 'afdc346e-3110-4f5d-bdab-9c1ed0ac50ba',
    paymentBalance: 1320.091,
    updatePaymentBalance: true,
    metadata: '{"walletId":"wallet#afdc346e-3110-4f5d-bdab-9c1ed0ac50ba","planType":"businessLunch","goal":"loseWeight","eventSessionId":"a7e83c6d-99d9-4123-914b-9572bd2c8544","walletSk":"07dfa191-3f1e-4482-be4a-dee9fe980218","deliveryTime":"morning","dietType":"balanced","renewalDate":"2024-03-31","type":"userRenew","frequency":"monthly","subscriptionCost":80,"tier":"personalized","version2":true,"addonCosts":"{}","nextPlan":"{\\"id\\":\\"businessLunch\\",\\"pricePerDay\\":4,\\"foodType\\":[\\"lunch\\",\\"snack\\"],\\"frequency\\":\\"monthly\\",\\"dietType\\":\\"balanced\\",\\"type\\":\\"DATE_RANGE\\",\\"planPrice\\":80,\\"startDate\\":\\"2024-03-31\\",\\"deliveryDays\\":[0,1,2,3,4]}","addonSubscription":"[]"}',
    currency: 'BHD',
    amount: 88,
    vat: 8,
    oldBalance: 0,
    newBalance: 80
  }
}

2024-03-28T15:41:54.778Z 2024-03-28T15:41:54.778Z	5f6ff076-1343-54f3-b03e-ae0982b1b93e	INFO	SubscriptionBalanceUpdated event published

2024-03-28T15:41:54.816Z 2024-03-28T15:41:54.816Z	5f6ff076-1343-54f3-b03e-ae0982b1b93e	ERROR	Subscription balance and payment balance are not in sync {
  userId: 'afdc346e-3110-4f5d-bdab-9c1ed0ac50ba',
  subscriptionBalance: 80,
  paymentBalance: 1320.091
}

2024-03-28T15:41:54.839Z END RequestId: 5f6ff076-1343-54f3-b03e-ae0982b1b93e

2024-03-28T15:41:54.839Z REPORT RequestId: 5f6ff076-1343-54f3-b03e-ae0982b1b93e	Duration: 366.55 ms	Billed Duration: 367 ms	Memory Size: 1024 MB	Max Memory Used: 114 MB	Init Duration: 1150.51 ms	

2024-03-28T15:47:12.065Z START RequestId: 4f970cf8-57b2-569c-aa95-5287c49c519c Version: $LATEST

2024-03-28T15:47:12.173Z 2024-03-28T15:47:12.173Z	4f970cf8-57b2-569c-aa95-5287c49c519c	INFO	Processing message ee400370-524c-4422-b1a9-8ea453f57b45

2024-03-28T15:47:12.205Z 2024-03-28T15:47:12.205Z	4f970cf8-57b2-569c-aa95-5287c49c519c	INFO	Start syncing the balance {
  transaction: {
    id: '01HT2VWSGNHG0JM8ACT9WY809Y',
    type: 'CREDIT',
    source: 'PAYMENT',
    action: 'RENEW_SUBSCRIPTION',
    userId: 'afdc346e-3110-4f5d-bdab-9c1ed0ac50ba',
    paymentBalance: 1400.091,
    updatePaymentBalance: true,
    metadata: '{"walletId":"wallet#afdc346e-3110-4f5d-bdab-9c1ed0ac50ba","planType":"businessLunch","goal":"loseWeight","eventSessionId":"61928c95-16a1-469a-b8fa-22fb6a247c60","walletSk":"2ca7e4af-91ec-443e-b6b9-87f222856619","deliveryTime":"morning","dietType":"balanced","renewalDate":"2024-03-31","type":"userRenew","frequency":"monthly","subscriptionCost":80,"tier":"personalized","version2":true,"addonCosts":"{}","nextPlan":"{\\"id\\":\\"businessLunch\\",\\"pricePerDay\\":4,\\"foodType\\":[\\"lunch\\",\\"snack\\"],\\"frequency\\":\\"monthly\\",\\"dietType\\":\\"balanced\\",\\"type\\":\\"DATE_RANGE\\",\\"planPrice\\":80,\\"startDate\\":\\"2024-03-31\\",\\"deliveryDays\\":[0,1,2,3,4]}","addonSubscription":"[]"}',
    currency: 'BHD',
    amount: 88,
    vat: 8,
    oldBalance: 0,
    newBalance: 80
  }
}

2024-03-28T15:47:12.274Z 2024-03-28T15:47:12.274Z	4f970cf8-57b2-569c-aa95-5287c49c519c	INFO	SubscriptionBalanceUpdated event published

2024-03-28T15:47:12.309Z 2024-03-28T15:47:12.309Z	4f970cf8-57b2-569c-aa95-5287c49c519c	ERROR	Subscription balance and payment balance are not in sync {
  userId: 'afdc346e-3110-4f5d-bdab-9c1ed0ac50ba',
  subscriptionBalance: 80,
  paymentBalance: 1400.091
}

2024-03-28T15:47:12.387Z END RequestId: 4f970cf8-57b2-569c-aa95-5287c49c519c

2024-03-28T15:47:12.387Z REPORT RequestId: 4f970cf8-57b2-569c-aa95-5287c49c519c	Duration: 323.07 ms	Billed Duration: 324 ms	Memory Size: 1024 MB	Max Memory Used: 122 MB	

