2024-05-02T21:01:11.718Z START RequestId: 9bbe33f6-30a7-58f9-8572-6d5831f2fe66 Version: $LATEST

2024-05-02T21:01:11.750Z 2024-05-02T21:01:11.750Z	9bbe33f6-30a7-58f9-8572-6d5831f2fe66	INFO	Processing message 8098f2b9-b37e-4da2-8e6d-3e707ffdfe7c

2024-05-02T21:01:11.756Z 2024-05-02T21:01:11.756Z	9bbe33f6-30a7-58f9-8572-6d5831f2fe66	INFO	Start syncing the balance {
  transaction: {
    id: '01HWXHRWVBHAQGT7N8MFCYAY24',
    type: 'DEBIT',
    source: 'MANUAL_DEDUCTION',
    action: 'DELIVERY_DEDUCTION',
    userId: 'd1dd9965-7990-42dd-9b87-0012f71f3dcd',
    paymentBalance: 1440,
    updatePaymentBalance: true,
    metadata: '{"walletId":"wallet#d1dd9965-7990-42dd-9b87-0012f71f3dcd","deliveryId":"6b74f52b-252f-4d44-bd1d-51ebac39e30d","walletSk":"6b74f52b-252f-4d44-bd1d-51ebac39e30d"}',
    currency: 'SAR',
    amount: 90,
    vat: 0,
    oldBalance: 1530,
    newBalance: 1440
  }
}

2024-05-02T21:01:11.807Z 2024-05-02T21:01:11.807Z	9bbe33f6-30a7-58f9-8572-6d5831f2fe66	INFO	SubscriptionBalanceUpdated event published

2024-05-02T21:01:11.825Z END RequestId: 9bbe33f6-30a7-58f9-8572-6d5831f2fe66

2024-05-02T21:01:11.825Z REPORT RequestId: 9bbe33f6-30a7-58f9-8572-6d5831f2fe66	Duration: 106.70 ms	Billed Duration: 107 ms	Memory Size: 1024 MB	Max Memory Used: 128 MB	

2024-05-02T21:01:06.504Z INIT_START Runtime Version: nodejs:20.v22	Runtime Version ARN: arn:aws:lambda:us-east-1::runtime:da57c20c4b965d5b75540f6865a35fc8030358e33ec44ecfed33e90901a27a72

2024-05-02T21:01:07.960Z START RequestId: 8dbf020c-eee6-58e7-b9ec-5ca2efd8d933 Version: $LATEST

2024-05-02T21:01:08.142Z 2024-05-02T21:01:08.142Z	8dbf020c-eee6-58e7-b9ec-5ca2efd8d933	INFO	Processing message baf4ee75-989f-48be-a315-1990bdfb14db

2024-05-02T21:01:08.201Z 2024-05-02T21:01:08.201Z	8dbf020c-eee6-58e7-b9ec-5ca2efd8d933	INFO	Start syncing the balance {
  transaction: {
    id: '01HWXHRNQBRDZT1AJHC3AKDBM8',
    type: 'DEBIT',
    source: 'MANUAL_DEDUCTION',
    action: 'DELIVERY_DEDUCTION',
    userId: '67c42c0a-38dc-4917-b323-f8e7e0a5e9cb',
    paymentBalance: 10052.067,
    updatePaymentBalance: true,
    metadata: '{"walletId":"wallet#67c42c0a-38dc-4917-b323-f8e7e0a5e9cb","deliveryId":"f254d69a-1910-4198-a932-2783cedfe2d4","walletSk":"f254d69a-1910-4198-a932-2783cedfe2d4"}',
    currency: 'BHD',
    amount: 8.25,
    vat: 0,
    oldBalance: 10060.317,
    newBalance: 10052.067
  }
}

2024-05-02T21:01:08.335Z 2024-05-02T21:01:08.335Z	8dbf020c-eee6-58e7-b9ec-5ca2efd8d933	INFO	SubscriptionBalanceUpdated event published

2024-05-02T21:01:08.390Z END RequestId: 8dbf020c-eee6-58e7-b9ec-5ca2efd8d933

2024-05-02T21:01:08.390Z REPORT RequestId: 8dbf020c-eee6-58e7-b9ec-5ca2efd8d933	Duration: 429.27 ms	Billed Duration: 430 ms	Memory Size: 1024 MB	Max Memory Used: 117 MB	Init Duration: 1455.02 ms	

2024-05-02T21:01:08.836Z START RequestId: 3a525b42-d145-5231-9c7e-05ecd011c4ae Version: $LATEST

2024-05-02T21:01:08.862Z 2024-05-02T21:01:08.862Z	3a525b42-d145-5231-9c7e-05ecd011c4ae	INFO	Processing message edd24e0e-b4d1-4133-903d-d728130cb46f

2024-05-02T21:01:08.871Z 2024-05-02T21:01:08.871Z	3a525b42-d145-5231-9c7e-05ecd011c4ae	INFO	Start syncing the balance {
  transaction: {
    id: '01HWXHRP5CCVJ0RRRDCX0P3VA1',
    type: 'DEBIT',
    source: 'MANUAL_DEDUCTION',
    action: 'DELIVERY_DEDUCTION',
    userId: 'f3a186d2-d38f-4c2a-ab55-9f26e0ef1e43',
    paymentBalance: 1593,
    updatePaymentBalance: true,
    metadata: '{"walletId":"wallet#f3a186d2-d38f-4c2a-ab55-9f26e0ef1e43","deliveryId":"e1fe6d6c-677d-4dec-a0d8-8be16f9d2d69","walletSk":"e1fe6d6c-677d-4dec-a0d8-8be16f9d2d69"}',
    currency: 'BHD',
    amount: 9,
    vat: 0,
    oldBalance: 234,
    newBalance: 225
  }
}

2024-05-02T21:01:08.932Z 2024-05-02T21:01:08.932Z	3a525b42-d145-5231-9c7e-05ecd011c4ae	INFO	SubscriptionBalanceUpdated event published

2024-05-02T21:01:08.944Z 2024-05-02T21:01:08.944Z	3a525b42-d145-5231-9c7e-05ecd011c4ae	ERROR	Subscription balance and payment balance are not in sync {
  userId: 'f3a186d2-d38f-4c2a-ab55-9f26e0ef1e43',
  subscriptionBalance: 225,
  paymentBalance: 1593
}

2024-05-02T21:01:08.962Z 2024-05-02T21:01:08.962Z	3a525b42-d145-5231-9c7e-05ecd011c4ae	INFO	Processing message 87b5a057-6de2-4384-8cff-22c9686267ca

2024-05-02T21:01:08.968Z 2024-05-02T21:01:08.968Z	3a525b42-d145-5231-9c7e-05ecd011c4ae	INFO	Start syncing the balance {
  transaction: {
    id: '01HWXHRQGEYDQNWYS1CWNJ6E4Y',
    type: 'DEBIT',
    source: 'MANUAL_DEDUCTION',
    action: 'DELIVERY_DEDUCTION',
    userId: 'd8b5217e-f870-47ea-907a-3ff806ed96c6',
    paymentBalance: 225.75,
    updatePaymentBalance: true,
    metadata: '{"walletId":"wallet#d8b5217e-f870-47ea-907a-3ff806ed96c6","deliveryId":"9a6b2770-1991-4d8e-af89-6f94c3611cd7","walletSk":"9a6b2770-1991-4d8e-af89-6f94c3611cd7"}',
    currency: 'BHD',
    amount: 9,
    vat: 0,
    oldBalance: 234.75,
    newBalance: 225.75
  }
}

2024-05-02T21:01:09.019Z 2024-05-02T21:01:09.019Z	3a525b42-d145-5231-9c7e-05ecd011c4ae	INFO	SubscriptionBalanceUpdated event published

2024-05-02T21:01:09.031Z 2024-05-02T21:01:09.031Z	3a525b42-d145-5231-9c7e-05ecd011c4ae	INFO	Processing message 06ab2204-55dd-4da1-93e2-981d6e5b383c

2024-05-02T21:01:09.037Z 2024-05-02T21:01:09.037Z	3a525b42-d145-5231-9c7e-05ecd011c4ae	INFO	Start syncing the balance {
  transaction: {
    id: '01HWXHRQGVQZQ5HJ08G7QZGZX5',
    type: 'DEBIT',
    source: 'MANUAL_DEDUCTION',
    action: 'DELIVERY_DEDUCTION',
    userId: 'b6e8cafc-c00f-4c97-8791-1fcf03973615',
    paymentBalance: 1530,
    updatePaymentBalance: true,
    metadata: '{"walletId":"wallet#b6e8cafc-c00f-4c97-8791-1fcf03973615","deliveryId":"f3dec29a-009f-42f6-84e8-53511269fa0d","walletSk":"f3dec29a-009f-42f6-84e8-53511269fa0d"}',
    currency: 'SAR',
    amount: 90,
    vat: 0,
    oldBalance: 1620,
    newBalance: 1530
  }
}

2024-05-02T21:01:09.081Z 2024-05-02T21:01:09.081Z	3a525b42-d145-5231-9c7e-05ecd011c4ae	INFO	SubscriptionBalanceUpdated event published

2024-05-02T21:01:09.091Z 2024-05-02T21:01:09.091Z	3a525b42-d145-5231-9c7e-05ecd011c4ae	INFO	Processing message 7dd0e97b-fd85-4c02-90f5-220de582ebb6

2024-05-02T21:01:09.100Z 2024-05-02T21:01:09.100Z	3a525b42-d145-5231-9c7e-05ecd011c4ae	INFO	Start syncing the balance {
  transaction: {
    id: '01HWXHRPCQXEJZB7V8DQ3DT95N',
    type: 'DEBIT',
    source: 'MANUAL_DEDUCTION',
    action: 'DELIVERY_DEDUCTION',
    userId: 'd5aae41c-e806-48f6-a980-25f322899a4a',
    paymentBalance: 2520.44,
    updatePaymentBalance: true,
    metadata: '{"walletId":"wallet#d5aae41c-e806-48f6-a980-25f322899a4a","deliveryId":"8c809ed0-2a34-4824-b6d1-0e72ac34d5cf","walletSk":"8c809ed0-2a34-4824-b6d1-0e72ac34d5cf"}',
    currency: 'SAR',
    amount: 90,
    vat: 0,
    oldBalance: 900.44,
    newBalance: 810.44
  }
}

2024-05-02T21:01:09.140Z 2024-05-02T21:01:09.140Z	3a525b42-d145-5231-9c7e-05ecd011c4ae	INFO	SubscriptionBalanceUpdated event published

2024-05-02T21:01:09.156Z 2024-05-02T21:01:09.156Z	3a525b42-d145-5231-9c7e-05ecd011c4ae	ERROR	Subscription balance and payment balance are not in sync {
  userId: 'd5aae41c-e806-48f6-a980-25f322899a4a',
  subscriptionBalance: 810.44,
  paymentBalance: 2520.44
}

2024-05-02T21:01:09.171Z 2024-05-02T21:01:09.171Z	3a525b42-d145-5231-9c7e-05ecd011c4ae	INFO	Processing message 905adc03-c424-420a-b9ca-fe2b8c732643

2024-05-02T21:01:09.177Z 2024-05-02T21:01:09.177Z	3a525b42-d145-5231-9c7e-05ecd011c4ae	INFO	Start syncing the balance {
  transaction: {
    id: '01HWXHRPYN9XFAA4GSM2S0YMJ6',
    type: 'DEBIT',
    source: 'MANUAL_DEDUCTION',
    action: 'DELIVERY_DEDUCTION',
    userId: 'f54e6dc7-f49b-424d-9e1f-61c85a1fedbd',
    paymentBalance: 1350,
    updatePaymentBalance: true,
    metadata: '{"walletId":"wallet#f54e6dc7-f49b-424d-9e1f-61c85a1fedbd","deliveryId":"a97403d0-f588-4ea5-9d56-11296fcb1d90","walletSk":"a97403d0-f588-4ea5-9d56-11296fcb1d90"}',
    currency: 'SAR',
    amount: 90,
    vat: 0,
    oldBalance: 1440,
    newBalance: 1350
  }
}

2024-05-02T21:01:09.230Z 2024-05-02T21:01:09.230Z	3a525b42-d145-5231-9c7e-05ecd011c4ae	INFO	SubscriptionBalanceUpdated event published

2024-05-02T21:01:09.247Z 2024-05-02T21:01:09.247Z	3a525b42-d145-5231-9c7e-05ecd011c4ae	INFO	Processing message 39c72cd7-38e1-468a-b6f0-46c2e8224f13

2024-05-02T21:01:09.252Z 2024-05-02T21:01:09.252Z	3a525b42-d145-5231-9c7e-05ecd011c4ae	INFO	Start syncing the balance {
  transaction: {
    id: '01HWXHRQ34EJ16CHQTCZWS0BCQ',
    type: 'DEBIT',
    source: 'MANUAL_DEDUCTION',
    action: 'DELIVERY_DEDUCTION',
    userId: '9e5735d5-66be-45ae-bb24-1be6fd5df522',
    paymentBalance: 144.75,
    updatePaymentBalance: true,
    metadata: '{"walletId":"wallet#9e5735d5-66be-45ae-bb24-1be6fd5df522","deliveryId":"915028aa-0d80-49f0-83fe-029ef3fe3eb8","walletSk":"915028aa-0d80-49f0-83fe-029ef3fe3eb8"}',
    currency: 'BHD',
    amount: 9,
    vat: 0,
    oldBalance: 153.75,
    newBalance: 144.75
  }
}

2024-05-02T21:01:09.293Z 2024-05-02T21:01:09.293Z	3a525b42-d145-5231-9c7e-05ecd011c4ae	INFO	SubscriptionBalanceUpdated event published

2024-05-02T21:01:09.306Z 2024-05-02T21:01:09.306Z	3a525b42-d145-5231-9c7e-05ecd011c4ae	INFO	Processing message 9b7f4300-871e-4eb9-94e5-117f17db0265

2024-05-02T21:01:09.312Z 2024-05-02T21:01:09.312Z	3a525b42-d145-5231-9c7e-05ecd011c4ae	INFO	Start syncing the balance {
  transaction: {
    id: '01HWXHRQ9XHGETV5PSKVXAK73M',
    type: 'DEBIT',
    source: 'MANUAL_DEDUCTION',
    action: 'DELIVERY_DEDUCTION',
    userId: '0e57c6e2-d98c-423d-a2a4-4c35104a3f7c',
    paymentBalance: 210,
    updatePaymentBalance: true,
    metadata: '{"walletId":"wallet#0e57c6e2-d98c-423d-a2a4-4c35104a3f7c","deliveryId":"7836f7c8-8f2d-4292-83c5-7fed7ce3e89c","walletSk":"7836f7c8-8f2d-4292-83c5-7fed7ce3e89c"}',
    currency: 'BHD',
    amount: 10,
    vat: 0,
    oldBalance: 220,
    newBalance: 210
  }
}

2024-05-02T21:01:09.356Z 2024-05-02T21:01:09.356Z	3a525b42-d145-5231-9c7e-05ecd011c4ae	INFO	SubscriptionBalanceUpdated event published

2024-05-02T21:01:09.368Z 2024-05-02T21:01:09.368Z	3a525b42-d145-5231-9c7e-05ecd011c4ae	INFO	Processing message 651c49ba-3c7d-4956-9e4d-0a4493afb3ff

2024-05-02T21:01:09.374Z 2024-05-02T21:01:09.374Z	3a525b42-d145-5231-9c7e-05ecd011c4ae	INFO	Start syncing the balance {
  transaction: {
    id: '01HWXHRQQVDDPK5BMMFEZYE2QA',
    type: 'DEBIT',
    source: 'MANUAL_DEDUCTION',
    action: 'DELIVERY_DEDUCTION',
    userId: '87f3951c-e577-4b0e-a2c3-b2ad9c43db6e',
    paymentBalance: 234,
    updatePaymentBalance: true,
    metadata: '{"walletId":"wallet#87f3951c-e577-4b0e-a2c3-b2ad9c43db6e","deliveryId":"0bd4b487-6ba7-45e5-b884-80e070ec3a4c","walletSk":"0bd4b487-6ba7-45e5-b884-80e070ec3a4c"}',
    currency: 'BHD',
    amount: 9,
    vat: 0,
    oldBalance: 243,
    newBalance: 234
  }
}

2024-05-02T21:01:09.427Z 2024-05-02T21:01:09.427Z	3a525b42-d145-5231-9c7e-05ecd011c4ae	INFO	SubscriptionBalanceUpdated event published

2024-05-02T21:01:09.441Z 2024-05-02T21:01:09.441Z	3a525b42-d145-5231-9c7e-05ecd011c4ae	INFO	Processing message f97ccfea-4d41-4fdb-9eff-868fea3923cb

2024-05-02T21:01:09.447Z 2024-05-02T21:01:09.447Z	3a525b42-d145-5231-9c7e-05ecd011c4ae	INFO	Start syncing the balance {
  transaction: {
    id: '01HWXHRR19C64TCR7PD2QNSV0Z',
    type: 'DEBIT',
    source: 'MANUAL_DEDUCTION',
    action: 'DELIVERY_DEDUCTION',
    userId: 'fa868335-ad20-473c-8442-c67a9ef35b23',
    paymentBalance: 144.091,
    updatePaymentBalance: true,
    metadata: '{"walletId":"wallet#fa868335-ad20-473c-8442-c67a9ef35b23","deliveryId":"278b565c-751a-4d6d-97c1-60250ece7099","walletSk":"278b565c-751a-4d6d-97c1-60250ece7099"}',
    currency: 'BHD',
    amount: 9,
    vat: 0,
    oldBalance: 273.091,
    newBalance: 264.091
  }
}

2024-05-02T21:01:09.487Z 2024-05-02T21:01:09.487Z	3a525b42-d145-5231-9c7e-05ecd011c4ae	INFO	SubscriptionBalanceUpdated event published

2024-05-02T21:01:09.501Z 2024-05-02T21:01:09.501Z	3a525b42-d145-5231-9c7e-05ecd011c4ae	ERROR	Subscription balance and payment balance are not in sync {
  userId: 'fa868335-ad20-473c-8442-c67a9ef35b23',
  subscriptionBalance: 264.091,
  paymentBalance: 144.091
}

2024-05-02T21:01:09.516Z 2024-05-02T21:01:09.516Z	3a525b42-d145-5231-9c7e-05ecd011c4ae	INFO	Processing message 9907b64d-587b-4057-8235-31cc3f120f6d

2024-05-02T21:01:09.522Z 2024-05-02T21:01:09.522Z	3a525b42-d145-5231-9c7e-05ecd011c4ae	INFO	Start syncing the balance {
  transaction: {
    id: '01HWXHRR4F4XPSWSCR77JGWK1C',
    type: 'DEBIT',
    source: 'MANUAL_DEDUCTION',
    action: 'DELIVERY_DEDUCTION',
    userId: '59628f7f-9796-46ee-8ddf-be1a25e85f3f',
    paymentBalance: 1358.7,
    updatePaymentBalance: true,
    metadata: '{"walletId":"wallet#59628f7f-9796-46ee-8ddf-be1a25e85f3f","deliveryId":"666f49c5-7dee-4894-9bbe-3e450f4011c7","walletSk":"666f49c5-7dee-4894-9bbe-3e450f4011c7"}',
    currency: 'SAR',
    amount: 90,
    vat: 0,
    oldBalance: 1448.7,
    newBalance: 1358.7
  }
}

2024-05-02T21:01:09.561Z 2024-05-02T21:01:09.561Z	3a525b42-d145-5231-9c7e-05ecd011c4ae	INFO	SubscriptionBalanceUpdated event published

2024-05-02T21:01:09.579Z END RequestId: 3a525b42-d145-5231-9c7e-05ecd011c4ae

2024-05-02T21:01:09.579Z REPORT RequestId: 3a525b42-d145-5231-9c7e-05ecd011c4ae	Duration: 743.59 ms	Billed Duration: 744 ms	Memory Size: 1024 MB	Max Memory Used: 124 MB	

