2024-01-04T16:02:58.896Z START RequestId: 71494f7a-5c0c-5c65-82fa-116a84ed7b64 Version: $LATEST

2024-01-04T16:02:59.102Z 2024-01-04T16:02:59.102Z	71494f7a-5c0c-5c65-82fa-116a84ed7b64	INFO	Processing message c0596106-71d5-495b-9afd-fad1ec1c98b0

2024-01-04T16:02:59.130Z 2024-01-04T16:02:59.130Z	71494f7a-5c0c-5c65-82fa-116a84ed7b64	INFO	Start syncing the balance {
  transaction: {
    id: '01HKAKDA4S0A6YS36VC2S05FNP',
    type: 'CREDIT',
    source: 'PAYMENT',
    action: 'PAY_PENDING_AMOUNT',
    userId: '8fd614d8-9638-4c66-8345-319280777aae',
    paymentBalance: 1125.191,
    updatePaymentBalance: true,
    metadata: '{"walletId":"wallet#8fd614d8-9638-4c66-8345-319280777aae","eventSessionId":"8b7ff3b1-e8e0-4fd2-b7f4-7a84bcaf8a9d","walletSk":"879224b2-710e-41ed-84db-39dc81cdd046","version2":true,"version":"syncBalanceSQS"}',
    currency: 'BHD',
    amount: 11,
    vat: 1,
    oldBalance: 370,
    newBalance: 380
  }
}

2024-01-04T16:02:59.200Z 2024-01-04T16:02:59.200Z	71494f7a-5c0c-5c65-82fa-116a84ed7b64	INFO	SubscriptionBalanceUpdated event published

2024-01-04T16:02:59.239Z 2024-01-04T16:02:59.239Z	71494f7a-5c0c-5c65-82fa-116a84ed7b64	ERROR	Subscription balance and payment balance are not in sync {
  userId: '8fd614d8-9638-4c66-8345-319280777aae',
  subscriptionBalance: 370,
  paymentBalance: 1125.191
}

2024-01-04T16:02:59.260Z END RequestId: 71494f7a-5c0c-5c65-82fa-116a84ed7b64

2024-01-04T16:02:59.260Z REPORT RequestId: 71494f7a-5c0c-5c65-82fa-116a84ed7b64	Duration: 363.50 ms	Billed Duration: 364 ms	Memory Size: 512 MB	Max Memory Used: 131 MB	

2024-01-04T15:56:37.395Z INIT_START Runtime Version: nodejs:20.v13	Runtime Version ARN: arn:aws:lambda:us-east-1::runtime:6fb7e564fae3347add879359ec92013de1e84ce02488f36ec21448277c28707c

2024-01-04T15:56:38.474Z START RequestId: a6a11d5f-9682-59fa-83ba-434f41e797a3 Version: $LATEST

2024-01-04T15:56:38.709Z 2024-01-04T15:56:38.709Z	a6a11d5f-9682-59fa-83ba-434f41e797a3	INFO	Processing message acab98b0-5b2c-4ab1-8b02-e1413087f146

2024-01-04T15:56:38.812Z 2024-01-04T15:56:38.812Z	a6a11d5f-9682-59fa-83ba-434f41e797a3	INFO	Start syncing the balance {
  transaction: {
    id: '01HKAK1MXD2N9HXBA4A5G5WFR5',
    type: 'CREDIT',
    source: 'PAYMENT',
    action: 'PAY_PENDING_AMOUNT',
    userId: '8fd614d8-9638-4c66-8345-319280777aae',
    paymentBalance: 1105.191,
    updatePaymentBalance: true,
    metadata: '{"walletId":"wallet#8fd614d8-9638-4c66-8345-319280777aae","eventSessionId":"79b5eda7-a202-4b85-bcd6-a8f4afd8075a","walletSk":"1176e41f-301a-4cc0-87eb-5165c2e002e9","version2":true,"version":"syncBalanceSQS"}',
    currency: 'BHD',
    amount: 11,
    vat: 1,
    oldBalance: 350,
    newBalance: 360
  }
}

2024-01-04T15:56:38.960Z 2024-01-04T15:56:38.960Z	a6a11d5f-9682-59fa-83ba-434f41e797a3	INFO	SubscriptionBalanceUpdated event published

2024-01-04T15:56:39.020Z 2024-01-04T15:56:39.020Z	a6a11d5f-9682-59fa-83ba-434f41e797a3	ERROR	Subscription balance and payment balance are not in sync {
  userId: '8fd614d8-9638-4c66-8345-319280777aae',
  subscriptionBalance: 350,
  paymentBalance: 1105.191
}

2024-01-04T15:56:39.039Z END RequestId: a6a11d5f-9682-59fa-83ba-434f41e797a3

2024-01-04T15:56:39.039Z REPORT RequestId: a6a11d5f-9682-59fa-83ba-434f41e797a3	Duration: 564.54 ms	Billed Duration: 565 ms	Memory Size: 512 MB	Max Memory Used: 121 MB	Init Duration: 1076.50 ms	

2024-01-04T16:00:24.511Z START RequestId: 3b5f62cd-d00c-55b1-aba3-3cdd084a0c84 Version: $LATEST

2024-01-04T16:00:24.733Z 2024-01-04T16:00:24.733Z	3b5f62cd-d00c-55b1-aba3-3cdd084a0c84	INFO	Processing message ecdf2f45-8980-4bef-b38b-dc25b0ae9013

2024-01-04T16:00:24.770Z 2024-01-04T16:00:24.770Z	3b5f62cd-d00c-55b1-aba3-3cdd084a0c84	INFO	Start syncing the balance {
  transaction: {
    id: '01HKAK8K4NK6Y9Q57KBTRDRQGQ',
    type: 'CREDIT',
    source: 'PAYMENT',
    action: 'PAY_PENDING_AMOUNT',
    userId: '8fd614d8-9638-4c66-8345-319280777aae',
    paymentBalance: 1115.191,
    updatePaymentBalance: true,
    metadata: '{"walletId":"wallet#8fd614d8-9638-4c66-8345-319280777aae","eventSessionId":"bed08d84-4373-4fcb-b814-84b70bf7b03d","walletSk":"33547e6c-7ac7-4f52-a8a1-c0f4a04c2814","version2":true,"version":"syncBalanceSQS"}',
    currency: 'BHD',
    amount: 11,
    vat: 1,
    oldBalance: 360,
    newBalance: 370
  }
}

2024-01-04T16:00:24.870Z 2024-01-04T16:00:24.870Z	3b5f62cd-d00c-55b1-aba3-3cdd084a0c84	INFO	SubscriptionBalanceUpdated event published

2024-01-04T16:00:24.920Z 2024-01-04T16:00:24.920Z	3b5f62cd-d00c-55b1-aba3-3cdd084a0c84	ERROR	Subscription balance and payment balance are not in sync {
  userId: '8fd614d8-9638-4c66-8345-319280777aae',
  subscriptionBalance: 360,
  paymentBalance: 1115.191
}

2024-01-04T16:00:24.940Z END RequestId: 3b5f62cd-d00c-55b1-aba3-3cdd084a0c84

2024-01-04T16:00:24.940Z REPORT RequestId: 3b5f62cd-d00c-55b1-aba3-3cdd084a0c84	Duration: 429.98 ms	Billed Duration: 430 ms	Memory Size: 512 MB	Max Memory Used: 131 MB	

2024-01-04T16:04:25.236Z START RequestId: 7d4b059a-f925-5cda-b3b1-5b8a2010d68c Version: $LATEST

2024-01-04T16:04:25.294Z 2024-01-04T16:04:25.294Z	7d4b059a-f925-5cda-b3b1-5b8a2010d68c	INFO	Processing message 6f79c331-f2cd-4c67-91ae-a39933db90e6

2024-01-04T16:04:25.327Z 2024-01-04T16:04:25.327Z	7d4b059a-f925-5cda-b3b1-5b8a2010d68c	INFO	Start syncing the balance {
  transaction: {
    id: '01HKAKFYJAD2HEP7ZTCXB26NGH',
    type: 'CREDIT',
    source: 'PAYMENT',
    action: 'PAY_PENDING_AMOUNT',
    userId: '8fd614d8-9638-4c66-8345-319280777aae',
    paymentBalance: 1135.191,
    updatePaymentBalance: true,
    metadata: '{"walletId":"wallet#8fd614d8-9638-4c66-8345-319280777aae","eventSessionId":"c73dbfe8-90d4-4a59-a45e-8913c9f169a3","walletSk":"148f8c76-34f7-4d31-aead-ce298756d278","version2":true,"version":"syncBalanceSQS"}',
    currency: 'BHD',
    amount: 11,
    vat: 1,
    oldBalance: 380,
    newBalance: 390
  }
}

2024-01-04T16:04:25.393Z 2024-01-04T16:04:25.393Z	7d4b059a-f925-5cda-b3b1-5b8a2010d68c	INFO	SubscriptionBalanceUpdated event published

2024-01-04T16:04:25.430Z 2024-01-04T16:04:25.430Z	7d4b059a-f925-5cda-b3b1-5b8a2010d68c	ERROR	Subscription balance and payment balance are not in sync {
  userId: '8fd614d8-9638-4c66-8345-319280777aae',
  subscriptionBalance: 380,
  paymentBalance: 1135.191
}

2024-01-04T16:04:25.492Z END RequestId: 7d4b059a-f925-5cda-b3b1-5b8a2010d68c

2024-01-04T16:04:25.492Z REPORT RequestId: 7d4b059a-f925-5cda-b3b1-5b8a2010d68c	Duration: 255.77 ms	Billed Duration: 256 ms	Memory Size: 512 MB	Max Memory Used: 131 MB	

2024-01-04T16:05:33.999Z START RequestId: 8548fa5e-cbf8-5943-b001-a44e128315a3 Version: $LATEST

2024-01-04T16:05:34.031Z 2024-01-04T16:05:34.031Z	8548fa5e-cbf8-5943-b001-a44e128315a3	INFO	Processing message 0f70979f-e2c8-44ed-b168-467dc204666a

2024-01-04T16:05:34.063Z 2024-01-04T16:05:34.063Z	8548fa5e-cbf8-5943-b001-a44e128315a3	INFO	Start syncing the balance {
  transaction: {
    id: '01HKAKJ1HNNPVS8RCAT8B52XDW',
    type: 'CREDIT',
    source: 'PAYMENT',
    action: 'PAY_PENDING_AMOUNT',
    userId: '8fd614d8-9638-4c66-8345-319280777aae',
    paymentBalance: 1145.191,
    updatePaymentBalance: true,
    metadata: '{"walletId":"wallet#8fd614d8-9638-4c66-8345-319280777aae","eventSessionId":"7720af2c-dea3-455f-9537-3153ec863654","walletSk":"345f9780-3934-4228-aa31-58b05ad151a1","version2":true,"version":"syncBalanceSQS"}',
    currency: 'BHD',
    amount: 11,
    vat: 1,
    oldBalance: 390,
    newBalance: 400
  }
}

2024-01-04T16:05:34.134Z 2024-01-04T16:05:34.134Z	8548fa5e-cbf8-5943-b001-a44e128315a3	INFO	SubscriptionBalanceUpdated event published

2024-01-04T16:05:34.174Z 2024-01-04T16:05:34.174Z	8548fa5e-cbf8-5943-b001-a44e128315a3	ERROR	Subscription balance and payment balance are not in sync {
  userId: '8fd614d8-9638-4c66-8345-319280777aae',
  subscriptionBalance: 390,
  paymentBalance: 1145.191
}

2024-01-04T16:05:34.193Z END RequestId: 8548fa5e-cbf8-5943-b001-a44e128315a3

2024-01-04T16:05:34.193Z REPORT RequestId: 8548fa5e-cbf8-5943-b001-a44e128315a3	Duration: 193.78 ms	Billed Duration: 194 ms	Memory Size: 512 MB	Max Memory Used: 131 MB	

2024-01-04T16:07:35.617Z START RequestId: 8d154b98-4347-598e-ab5a-15889abf3774 Version: $LATEST

2024-01-04T16:07:35.670Z 2024-01-04T16:07:35.670Z	8d154b98-4347-598e-ab5a-15889abf3774	INFO	Processing message 9944ca2d-c400-4486-82f3-9f10def054ea

2024-01-04T16:07:35.711Z 2024-01-04T16:07:35.711Z	8d154b98-4347-598e-ab5a-15889abf3774	INFO	Start syncing the balance {
  transaction: {
    id: '01HKAKNR8T68KETRETXFSFFV3E',
    type: 'CREDIT',
    source: 'PAYMENT',
    action: 'PAY_PENDING_AMOUNT',
    userId: '8fd614d8-9638-4c66-8345-319280777aae',
    paymentBalance: 1155.191,
    updatePaymentBalance: true,
    metadata: '{"walletId":"wallet#8fd614d8-9638-4c66-8345-319280777aae","eventSessionId":"3eb230cd-0c87-4271-bfc6-21c46a093a55","walletSk":"c5a29d7c-fd7c-4f50-a598-10d88a6201c0","version2":true,"version":"syncBalanceSQS"}',
    currency: 'BHD',
    amount: 11,
    vat: 1,
    oldBalance: 400,
    newBalance: 410
  }
}

2024-01-04T16:07:35.816Z 2024-01-04T16:07:35.816Z	8d154b98-4347-598e-ab5a-15889abf3774	INFO	SubscriptionBalanceUpdated event published

2024-01-04T16:07:35.849Z 2024-01-04T16:07:35.849Z	8d154b98-4347-598e-ab5a-15889abf3774	ERROR	Subscription balance and payment balance are not in sync {
  userId: '8fd614d8-9638-4c66-8345-319280777aae',
  subscriptionBalance: 400,
  paymentBalance: 1155.191
}

2024-01-04T16:07:35.869Z END RequestId: 8d154b98-4347-598e-ab5a-15889abf3774

2024-01-04T16:07:35.869Z REPORT RequestId: 8d154b98-4347-598e-ab5a-15889abf3774	Duration: 252.18 ms	Billed Duration: 253 ms	Memory Size: 512 MB	Max Memory Used: 131 MB	

