2024-05-17T21:01:04.531Z INIT_START Runtime Version: nodejs:20.v22	Runtime Version ARN: arn:aws:lambda:us-east-1::runtime:da57c20c4b965d5b75540f6865a35fc8030358e33ec44ecfed33e90901a27a72

2024-05-17T21:01:05.607Z START RequestId: 80d9d498-66fe-5025-b044-8a59a13d5886 Version: $LATEST

2024-05-17T21:01:05.782Z 2024-05-17T21:01:05.782Z	80d9d498-66fe-5025-b044-8a59a13d5886	INFO	Processing message 4a29179b-3d88-4c0b-9e69-95cd82a4e7ec

2024-05-17T21:01:05.875Z 2024-05-17T21:01:05.875Z	80d9d498-66fe-5025-b044-8a59a13d5886	INFO	Start syncing the balance {
  transaction: {
    id: '01HY45QDV0NPGDB1KCQF3RA2PH',
    type: 'DEBIT',
    source: 'MANUAL_DEDUCTION',
    action: 'DELIVERY_DEDUCTION',
    userId: '28e11d1a-30b0-4412-b2eb-97c5e4fd3fab',
    paymentBalance: 2104.35,
    updatePaymentBalance: true,
    metadata: '{"walletId":"wallet#28e11d1a-30b0-4412-b2eb-97c5e4fd3fab","deliveryId":"d775be4b-f91a-425d-baca-61cb1da79e81","walletSk":"d775be4b-f91a-425d-baca-61cb1da79e81"}',
    currency: 'SAR',
    amount: 95.65,
    vat: 0,
    oldBalance: 2200,
    newBalance: 2104.35
  }
}

2024-05-17T21:01:06.018Z 2024-05-17T21:01:06.018Z	80d9d498-66fe-5025-b044-8a59a13d5886	INFO	SubscriptionBalanceUpdated event published

2024-05-17T21:01:06.074Z END RequestId: 80d9d498-66fe-5025-b044-8a59a13d5886

2024-05-17T21:01:06.074Z REPORT RequestId: 80d9d498-66fe-5025-b044-8a59a13d5886	Duration: 466.58 ms	Billed Duration: 467 ms	Memory Size: 1024 MB	Max Memory Used: 121 MB	Init Duration: 1075.38 ms	

2024-05-17T21:01:06.094Z START RequestId: dc765b44-1fc6-526d-b734-0585d8162dc0 Version: $LATEST

2024-05-17T21:01:06.125Z 2024-05-17T21:01:06.125Z	dc765b44-1fc6-526d-b734-0585d8162dc0	INFO	Processing message d75b7219-12c3-4f77-a691-89ef8cbfe6c3

2024-05-17T21:01:06.133Z 2024-05-17T21:01:06.133Z	dc765b44-1fc6-526d-b734-0585d8162dc0	INFO	Start syncing the balance {
  transaction: {
    id: '01HY45QEQEWQ08G64FMWY0PPNE',
    type: 'DEBIT',
    source: 'MANUAL_DEDUCTION',
    action: 'DELIVERY_DEDUCTION',
    userId: 'aaabe8c0-2173-4f8d-8a53-fa7621269750',
    paymentBalance: 413.1,
    updatePaymentBalance: true,
    metadata: '{"walletId":"wallet#aaabe8c0-2173-4f8d-8a53-fa7621269750","deliveryId":"0834855e-d697-4733-8884-022e37af9afe","walletSk":"0834855e-d697-4733-8884-022e37af9afe"}',
    currency: 'BHD',
    amount: 8.1,
    vat: 0,
    oldBalance: 421.2,
    newBalance: 413.1
  }
}

2024-05-17T21:01:06.201Z 2024-05-17T21:01:06.201Z	dc765b44-1fc6-526d-b734-0585d8162dc0	INFO	SubscriptionBalanceUpdated event published

2024-05-17T21:01:06.218Z 2024-05-17T21:01:06.218Z	dc765b44-1fc6-526d-b734-0585d8162dc0	INFO	Processing message df134ef2-7f7d-43cc-866d-8dba31388c87

2024-05-17T21:01:06.225Z 2024-05-17T21:01:06.225Z	dc765b44-1fc6-526d-b734-0585d8162dc0	INFO	Start syncing the balance {
  transaction: {
    id: '01HY45QEN86XJ1Y6QJ7K230VFC',
    type: 'DEBIT',
    source: 'MANUAL_DEDUCTION',
    action: 'DELIVERY_DEDUCTION',
    userId: 'bd05066f-97f4-4b07-930b-740ac832a996',
    paymentBalance: 91,
    updatePaymentBalance: true,
    metadata: '{"walletId":"wallet#bd05066f-97f4-4b07-930b-740ac832a996","deliveryId":"44b74bdc-852e-418e-ad03-abb7f5498a34","walletSk":"44b74bdc-852e-418e-ad03-abb7f5498a34"}',
    currency: 'BHD',
    amount: 9,
    vat: 0,
    oldBalance: 100,
    newBalance: 91
  }
}

2024-05-17T21:01:06.276Z 2024-05-17T21:01:06.276Z	dc765b44-1fc6-526d-b734-0585d8162dc0	INFO	SubscriptionBalanceUpdated event published

2024-05-17T21:01:06.293Z 2024-05-17T21:01:06.293Z	dc765b44-1fc6-526d-b734-0585d8162dc0	INFO	Processing message f6dcfb19-5a40-43d6-b8e3-00f9a38b254f

2024-05-17T21:01:06.300Z 2024-05-17T21:01:06.300Z	dc765b44-1fc6-526d-b734-0585d8162dc0	INFO	Start syncing the balance {
  transaction: {
    id: '01HY45QD2VGJWEQ3VERT93YYPH',
    type: 'DEBIT',
    source: 'MANUAL_DEDUCTION',
    action: 'DELIVERY_DEDUCTION',
    userId: '2d0de675-b3c7-4c02-90fd-1448355cb2df',
    paymentBalance: 4679.48,
    updatePaymentBalance: true,
    metadata: '{"walletId":"wallet#2d0de675-b3c7-4c02-90fd-1448355cb2df","deliveryId":"557f42f8-9cfb-4c82-91c1-3a15f170fba5","walletSk":"557f42f8-9cfb-4c82-91c1-3a15f170fba5"}',
    currency: 'SAR',
    amount: 82.61,
    vat: 0,
    oldBalance: 4762.09,
    newBalance: 4679.48
  }
}

2024-05-17T21:01:06.346Z 2024-05-17T21:01:06.346Z	dc765b44-1fc6-526d-b734-0585d8162dc0	INFO	SubscriptionBalanceUpdated event published

2024-05-17T21:01:06.362Z 2024-05-17T21:01:06.362Z	dc765b44-1fc6-526d-b734-0585d8162dc0	INFO	Processing message 3cbf388f-4f4e-43fa-b57b-3ebb5152f459

2024-05-17T21:01:06.368Z 2024-05-17T21:01:06.368Z	dc765b44-1fc6-526d-b734-0585d8162dc0	INFO	Start syncing the balance {
  transaction: {
    id: '01HY45QETJK01R00FD3063BS0N',
    type: 'DEBIT',
    source: 'MANUAL_DEDUCTION',
    action: 'DELIVERY_DEDUCTION',
    userId: '5ec5bfc5-4e41-49d6-9064-339e0c6fd1e5',
    paymentBalance: 171,
    updatePaymentBalance: true,
    metadata: '{"walletId":"wallet#5ec5bfc5-4e41-49d6-9064-339e0c6fd1e5","deliveryId":"9e6be79d-96f0-4c8f-addb-fe5f7096ee1a","walletSk":"9e6be79d-96f0-4c8f-addb-fe5f7096ee1a"}',
    currency: 'BHD',
    amount: 9,
    vat: 0,
    oldBalance: 180,
    newBalance: 171
  }
}

2024-05-17T21:01:06.407Z 2024-05-17T21:01:06.407Z	dc765b44-1fc6-526d-b734-0585d8162dc0	INFO	SubscriptionBalanceUpdated event published

2024-05-17T21:01:06.454Z 2024-05-17T21:01:06.454Z	dc765b44-1fc6-526d-b734-0585d8162dc0	INFO	Processing message 8a5a28d4-9b27-49e1-8f57-e6568b925788

2024-05-17T21:01:06.462Z 2024-05-17T21:01:06.462Z	dc765b44-1fc6-526d-b734-0585d8162dc0	INFO	Start syncing the balance {
  transaction: {
    id: '01HY45QEYXBHDBYXBV01TMZZ8Z',
    type: 'DEBIT',
    source: 'MANUAL_DEDUCTION',
    action: 'DELIVERY_DEDUCTION',
    userId: '4863bf2e-4248-4eed-888e-2e6aa4372295',
    paymentBalance: 503.682,
    updatePaymentBalance: true,
    metadata: '{"walletId":"wallet#4863bf2e-4248-4eed-888e-2e6aa4372295","deliveryId":"d71d5ac0-053b-4012-9a42-a2ae4f4f1187","walletSk":"d71d5ac0-053b-4012-9a42-a2ae4f4f1187"}',
    currency: 'BHD',
    amount: 10,
    vat: 0,
    oldBalance: 513.682,
    newBalance: 503.682
  }
}

2024-05-17T21:01:06.511Z 2024-05-17T21:01:06.511Z	dc765b44-1fc6-526d-b734-0585d8162dc0	INFO	SubscriptionBalanceUpdated event published

2024-05-17T21:01:06.526Z 2024-05-17T21:01:06.526Z	dc765b44-1fc6-526d-b734-0585d8162dc0	INFO	Processing message 1bcc8017-34e4-4335-ba93-e66360468563

2024-05-17T21:01:06.532Z 2024-05-17T21:01:06.532Z	dc765b44-1fc6-526d-b734-0585d8162dc0	INFO	Start syncing the balance {
  transaction: {
    id: '01HY45QEWWSYRDFE6DJX6RZ8VJ',
    type: 'DEBIT',
    source: 'MANUAL_DEDUCTION',
    action: 'DELIVERY_DEDUCTION',
    userId: 'a3ef8330-86f3-4c4c-80e2-0d806a405c5f',
    paymentBalance: 180,
    updatePaymentBalance: true,
    metadata: '{"walletId":"wallet#a3ef8330-86f3-4c4c-80e2-0d806a405c5f","deliveryId":"5a02a308-cc93-4b2b-b013-43fa7ac23ff5","walletSk":"5a02a308-cc93-4b2b-b013-43fa7ac23ff5"}',
    currency: 'BHD',
    amount: 5,
    vat: 0,
    oldBalance: 185,
    newBalance: 180
  }
}

2024-05-17T21:01:06.585Z 2024-05-17T21:01:06.585Z	dc765b44-1fc6-526d-b734-0585d8162dc0	INFO	SubscriptionBalanceUpdated event published

2024-05-17T21:01:06.607Z END RequestId: dc765b44-1fc6-526d-b734-0585d8162dc0

2024-05-17T21:01:06.607Z REPORT RequestId: dc765b44-1fc6-526d-b734-0585d8162dc0	Duration: 512.67 ms	Billed Duration: 513 ms	Memory Size: 1024 MB	Max Memory Used: 124 MB	
XRAY TraceId: 1-6647c592-324e89265c4c5278f5d50584	SegmentId: 58bc34d43c390562	Sampled: true	

2024-05-17T21:01:07.055Z START RequestId: 7b3f3a4e-779d-5685-ac92-648fb04e4e26 Version: $LATEST

2024-05-17T21:01:07.085Z 2024-05-17T21:01:07.085Z	7b3f3a4e-779d-5685-ac92-648fb04e4e26	INFO	Processing message fef14945-bfbf-4adf-ae5d-2ef96c523ac7

2024-05-17T21:01:07.091Z 2024-05-17T21:01:07.091Z	7b3f3a4e-779d-5685-ac92-648fb04e4e26	INFO	Start syncing the balance {
  transaction: {
    id: '01HY45QF1GEW7J9JX4K4T78TN1',
    type: 'DEBIT',
    source: 'MANUAL_DEDUCTION',
    action: 'DELIVERY_DEDUCTION',
    userId: '0e57c6e2-d98c-423d-a2a4-4c35104a3f7c',
    paymentBalance: 60,
    updatePaymentBalance: true,
    metadata: '{"walletId":"wallet#0e57c6e2-d98c-423d-a2a4-4c35104a3f7c","deliveryId":"888613ec-de84-41cb-923f-9d6ea4da740b","walletSk":"888613ec-de84-41cb-923f-9d6ea4da740b"}',
    currency: 'BHD',
    amount: 10,
    vat: 0,
    oldBalance: 70,
    newBalance: 60
  }
}

2024-05-17T21:01:07.132Z 2024-05-17T21:01:07.132Z	7b3f3a4e-779d-5685-ac92-648fb04e4e26	INFO	SubscriptionBalanceUpdated event published

2024-05-17T21:01:07.145Z 2024-05-17T21:01:07.145Z	7b3f3a4e-779d-5685-ac92-648fb04e4e26	INFO	Processing message 4486a651-0a35-47d3-88e1-20a1b5fbb969

2024-05-17T21:01:07.152Z 2024-05-17T21:01:07.152Z	7b3f3a4e-779d-5685-ac92-648fb04e4e26	INFO	Start syncing the balance {
  transaction: {
    id: '01HY45QF71D2XKSPSMH5ANCAK1',
    type: 'DEBIT',
    source: 'MANUAL_DEDUCTION',
    action: 'DELIVERY_DEDUCTION',
    userId: '45d9c6e4-9f0a-4a69-bc00-e458ca88b271',
    paymentBalance: 11457.79,
    updatePaymentBalance: true,
    metadata: '{"walletId":"wallet#45d9c6e4-9f0a-4a69-bc00-e458ca88b271","deliveryId":"35c43eb1-1d96-417c-bd63-ff3e136208a4","walletSk":"35c43eb1-1d96-417c-bd63-ff3e136208a4"}',
    currency: 'SAR',
    amount: 86.09,
    vat: 0,
    oldBalance: 11543.88,
    newBalance: 11457.79
  }
}

2024-05-17T21:01:07.211Z 2024-05-17T21:01:07.211Z	7b3f3a4e-779d-5685-ac92-648fb04e4e26	INFO	SubscriptionBalanceUpdated event published

2024-05-17T21:01:07.227Z 2024-05-17T21:01:07.227Z	7b3f3a4e-779d-5685-ac92-648fb04e4e26	INFO	Processing message ada06eaf-1767-4de6-9995-ac8a6ae93e6a

2024-05-17T21:01:07.234Z 2024-05-17T21:01:07.234Z	7b3f3a4e-779d-5685-ac92-648fb04e4e26	INFO	Start syncing the balance {
  transaction: {
    id: '01HY45QF485XW775A9DM2ZC95B',
    type: 'DEBIT',
    source: 'MANUAL_DEDUCTION',
    action: 'DELIVERY_DEDUCTION',
    userId: '68c3122c-7318-4e51-aee3-37ce3f855c6a',
    paymentBalance: 243,
    updatePaymentBalance: true,
    metadata: '{"walletId":"wallet#68c3122c-7318-4e51-aee3-37ce3f855c6a","deliveryId":"2f913185-ba91-4e1c-8548-f974d6cf4b44","walletSk":"2f913185-ba91-4e1c-8548-f974d6cf4b44"}',
    currency: 'BHD',
    amount: 9,
    vat: 0,
    oldBalance: 252,
    newBalance: 243
  }
}

2024-05-17T21:01:07.277Z 2024-05-17T21:01:07.277Z	7b3f3a4e-779d-5685-ac92-648fb04e4e26	INFO	SubscriptionBalanceUpdated event published

2024-05-17T21:01:07.292Z 2024-05-17T21:01:07.292Z	7b3f3a4e-779d-5685-ac92-648fb04e4e26	INFO	Processing message b6156c88-45b8-4157-960e-d408245f59b1

2024-05-17T21:01:07.300Z 2024-05-17T21:01:07.300Z	7b3f3a4e-779d-5685-ac92-648fb04e4e26	INFO	Start syncing the balance {
  transaction: {
    id: '01HY45QF8Y9D1ZEZY5P0W972YM',
    type: 'DEBIT',
    source: 'MANUAL_DEDUCTION',
    action: 'DELIVERY_DEDUCTION',
    userId: '3c69deb3-2d26-4954-865d-164c08a6c20c',
    paymentBalance: 1230.863,
    updatePaymentBalance: true,
    metadata: '{"walletId":"wallet#3c69deb3-2d26-4954-865d-164c08a6c20c","deliveryId":"66662b52-ff10-42a8-9c40-7a6764c9638d","walletSk":"66662b52-ff10-42a8-9c40-7a6764c9638d"}',
    currency: 'BHD',
    amount: 9,
    vat: 0,
    oldBalance: 1239.863,
    newBalance: 1230.863
  }
}

2024-05-17T21:01:07.344Z 2024-05-17T21:01:07.344Z	7b3f3a4e-779d-5685-ac92-648fb04e4e26	INFO	SubscriptionBalanceUpdated event published

2024-05-17T21:01:07.358Z 2024-05-17T21:01:07.358Z	7b3f3a4e-779d-5685-ac92-648fb04e4e26	INFO	Processing message 45beeeb0-34d2-4254-8dfe-dddbcbde2de3

2024-05-17T21:01:07.363Z 2024-05-17T21:01:07.363Z	7b3f3a4e-779d-5685-ac92-648fb04e4e26	INFO	Start syncing the balance {
  transaction: {
    id: '01HY45QFER7SGH1SX3Q2TG1XWA',
    type: 'DEBIT',
    source: 'MANUAL_DEDUCTION',
    action: 'DELIVERY_DEDUCTION',
    userId: 'caeb27f3-8bcd-4fa0-aa56-5872dc3b82b2',
    paymentBalance: 76,
    updatePaymentBalance: true,
    metadata: '{"walletId":"wallet#caeb27f3-8bcd-4fa0-aa56-5872dc3b82b2","deliveryId":"7e24ecca-e787-4e77-a2fb-d9477666106f","walletSk":"7e24ecca-e787-4e77-a2fb-d9477666106f"}',
    currency: 'BHD',
    amount: 4,
    vat: 0,
    oldBalance: 80,
    newBalance: 76
  }
}

2024-05-17T21:01:07.407Z 2024-05-17T21:01:07.407Z	7b3f3a4e-779d-5685-ac92-648fb04e4e26	INFO	SubscriptionBalanceUpdated event published

2024-05-17T21:01:07.420Z 2024-05-17T21:01:07.420Z	7b3f3a4e-779d-5685-ac92-648fb04e4e26	INFO	Processing message 2a56e1ee-af44-4a5c-883b-95d14f0e0f7f

2024-05-17T21:01:07.426Z 2024-05-17T21:01:07.426Z	7b3f3a4e-779d-5685-ac92-648fb04e4e26	INFO	Start syncing the balance {
  transaction: {
    id: '01HY45QFE1VC8GTZ6V34JPCQ8M',
    type: 'DEBIT',
    source: 'MANUAL_DEDUCTION',
    action: 'DELIVERY_DEDUCTION',
    userId: '89eaec56-47f7-4604-b116-33e110ca81f6',
    paymentBalance: 460.8,
    updatePaymentBalance: true,
    metadata: '{"walletId":"wallet#89eaec56-47f7-4604-b116-33e110ca81f6","deliveryId":"cbb05865-cdeb-488a-9464-98836f84a937","walletSk":"cbb05865-cdeb-488a-9464-98836f84a937"}',
    currency: 'BHD',
    amount: 8.1,
    vat: 0,
    oldBalance: 468.9,
    newBalance: 460.8
  }
}

2024-05-17T21:01:07.476Z 2024-05-17T21:01:07.476Z	7b3f3a4e-779d-5685-ac92-648fb04e4e26	INFO	SubscriptionBalanceUpdated event published

2024-05-17T21:01:07.528Z 2024-05-17T21:01:07.528Z	7b3f3a4e-779d-5685-ac92-648fb04e4e26	INFO	Processing message 8bb1a522-3096-4a09-82e9-2f9d2b5cf343

2024-05-17T21:01:07.534Z 2024-05-17T21:01:07.534Z	7b3f3a4e-779d-5685-ac92-648fb04e4e26	INFO	Start syncing the balance {
  transaction: {
    id: '01HY45QFKW2AV00H87KT10CTJF',
    type: 'DEBIT',
    source: 'MANUAL_DEDUCTION',
    action: 'DELIVERY_DEDUCTION',
    userId: 'f73f4056-17a9-411c-9c87-e6823b037540',
    paymentBalance: 100.455,
    updatePaymentBalance: true,
    metadata: '{"walletId":"wallet#f73f4056-17a9-411c-9c87-e6823b037540","deliveryId":"767c6710-d79b-4c36-8bcc-6808dc55777e","walletSk":"767c6710-d79b-4c36-8bcc-6808dc55777e"}',
    currency: 'BHD',
    amount: 8.5,
    vat: 0,
    oldBalance: 108.955,
    newBalance: 100.455
  }
}

2024-05-17T21:01:07.584Z 2024-05-17T21:01:07.584Z	7b3f3a4e-779d-5685-ac92-648fb04e4e26	INFO	SubscriptionBalanceUpdated event published

2024-05-17T21:01:07.603Z 2024-05-17T21:01:07.603Z	7b3f3a4e-779d-5685-ac92-648fb04e4e26	INFO	Processing message fa64eed5-c7e2-41ba-82b6-89c645752efe

2024-05-17T21:01:07.608Z 2024-05-17T21:01:07.608Z	7b3f3a4e-779d-5685-ac92-648fb04e4e26	INFO	Start syncing the balance {
  transaction: {
    id: '01HY45QFMPW8YYFE9AAYJ2MSBV',
    type: 'DEBIT',
    source: 'MANUAL_DEDUCTION',
    action: 'DELIVERY_DEDUCTION',
    userId: 'fa868335-ad20-473c-8442-c67a9ef35b23',
    paymentBalance: 13.591,
    updatePaymentBalance: true,
    metadata: '{"walletId":"wallet#fa868335-ad20-473c-8442-c67a9ef35b23","deliveryId":"6d2b4024-35f5-4b82-9bc0-4c9c301a144c","walletSk":"6d2b4024-35f5-4b82-9bc0-4c9c301a144c"}',
    currency: 'BHD',
    amount: 9,
    vat: 0,
    oldBalance: 142.591,
    newBalance: 133.591
  }
}

2024-05-17T21:01:07.646Z 2024-05-17T21:01:07.646Z	7b3f3a4e-779d-5685-ac92-648fb04e4e26	INFO	SubscriptionBalanceUpdated event published

2024-05-17T21:01:07.691Z 2024-05-17T21:01:07.691Z	7b3f3a4e-779d-5685-ac92-648fb04e4e26	ERROR	Subscription balance and payment balance are not in sync {
  userId: 'fa868335-ad20-473c-8442-c67a9ef35b23',
  subscriptionBalance: 133.591,
  paymentBalance: 13.591
}

2024-05-17T21:01:07.720Z 2024-05-17T21:01:07.720Z	7b3f3a4e-779d-5685-ac92-648fb04e4e26	INFO	Processing message 786460df-e5e7-48b4-99a3-f37293ab6ee1

2024-05-17T21:01:07.726Z 2024-05-17T21:01:07.726Z	7b3f3a4e-779d-5685-ac92-648fb04e4e26	INFO	Start syncing the balance {
  transaction: {
    id: '01HY45QFS3AJNZKACTDWBRHRR5',
    type: 'DEBIT',
    source: 'MANUAL_DEDUCTION',
    action: 'DELIVERY_DEDUCTION',
    userId: '19c6299a-a401-468a-b870-318de5ae571f',
    paymentBalance: 1260,
    updatePaymentBalance: true,
    metadata: '{"walletId":"wallet#19c6299a-a401-468a-b870-318de5ae571f","deliveryId":"bdfcc2cf-760b-4139-9355-426d0970ecf7","walletSk":"bdfcc2cf-760b-4139-9355-426d0970ecf7"}',
    currency: 'SAR',
    amount: 90,
    vat: 0,
    oldBalance: 1350,
    newBalance: 1260
  }
}

2024-05-17T21:01:07.763Z 2024-05-17T21:01:07.763Z	7b3f3a4e-779d-5685-ac92-648fb04e4e26	INFO	SubscriptionBalanceUpdated event published

2024-05-17T21:01:07.778Z 2024-05-17T21:01:07.778Z	7b3f3a4e-779d-5685-ac92-648fb04e4e26	INFO	Processing message b1dd4473-400b-4533-b2b2-5464f009f594

2024-05-17T21:01:07.783Z 2024-05-17T21:01:07.783Z	7b3f3a4e-779d-5685-ac92-648fb04e4e26	INFO	Start syncing the balance {
  transaction: {
    id: '01HY45QG7E1PSTHKTYP9XPV9ZK',
    type: 'DEBIT',
    source: 'MANUAL_DEDUCTION',
    action: 'DELIVERY_DEDUCTION',
    userId: 'a662ffb7-a7ab-437f-a29c-a60bf6a694fe',
    paymentBalance: 3607.39,
    updatePaymentBalance: true,
    metadata: '{"walletId":"wallet#a662ffb7-a7ab-437f-a29c-a60bf6a694fe","deliveryId":"8c6c76ac-1944-4582-87f9-1e5d0905c103","walletSk":"8c6c76ac-1944-4582-87f9-1e5d0905c103"}',
    currency: 'SAR',
    amount: 95.65,
    vat: 0,
    oldBalance: 1913.04,
    newBalance: 1817.39
  }
}

2024-05-17T21:01:07.826Z 2024-05-17T21:01:07.826Z	7b3f3a4e-779d-5685-ac92-648fb04e4e26	INFO	SubscriptionBalanceUpdated event published

2024-05-17T21:01:07.845Z 2024-05-17T21:01:07.845Z	7b3f3a4e-779d-5685-ac92-648fb04e4e26	ERROR	Subscription balance and payment balance are not in sync {
  userId: 'a662ffb7-a7ab-437f-a29c-a60bf6a694fe',
  subscriptionBalance: 1817.39,
  paymentBalance: 3607.39
}

2024-05-17T21:01:07.862Z END RequestId: 7b3f3a4e-779d-5685-ac92-648fb04e4e26

2024-05-17T21:01:07.862Z REPORT RequestId: 7b3f3a4e-779d-5685-ac92-648fb04e4e26	Duration: 807.05 ms	Billed Duration: 808 ms	Memory Size: 1024 MB	Max Memory Used: 131 MB	

2024-05-17T21:01:07.889Z START RequestId: 643b1699-a707-5186-b49a-485860d4c7e6 Version: $LATEST

2024-05-17T21:01:07.915Z 2024-05-17T21:01:07.915Z	643b1699-a707-5186-b49a-485860d4c7e6	INFO	Processing message 3e37c055-02a2-4344-a2ec-2fd0e3c81499

2024-05-17T21:01:07.921Z 2024-05-17T21:01:07.921Z	643b1699-a707-5186-b49a-485860d4c7e6	INFO	Start syncing the balance {
  transaction: {
    id: '01HY45QFRVA4H4KQPBX4VG58B7',
    type: 'DEBIT',
    source: 'MANUAL_DEDUCTION',
    action: 'DELIVERY_DEDUCTION',
    userId: 'b8676c53-2f66-413d-b9ce-4f4597eba73f',
    paymentBalance: 4132.14,
    updatePaymentBalance: true,
    metadata: '{"walletId":"wallet#b8676c53-2f66-413d-b9ce-4f4597eba73f","deliveryId":"9d67d5ae-0dc2-47b9-92d2-cda6120ce225","walletSk":"9d67d5ae-0dc2-47b9-92d2-cda6120ce225"}',
    currency: 'SAR',
    amount: 86.09,
    vat: 0,
    oldBalance: 4218.23,
    newBalance: 4132.14
  }
}

2024-05-17T21:01:07.957Z 2024-05-17T21:01:07.957Z	643b1699-a707-5186-b49a-485860d4c7e6	INFO	SubscriptionBalanceUpdated event published

2024-05-17T21:01:08.096Z 2024-05-17T21:01:08.096Z	643b1699-a707-5186-b49a-485860d4c7e6	INFO	Processing message d26089e2-4386-43f1-be10-ba65129c9bec

2024-05-17T21:01:08.101Z 2024-05-17T21:01:08.101Z	643b1699-a707-5186-b49a-485860d4c7e6	INFO	Start syncing the balance {
  transaction: {
    id: '01HY45QG2DRRM715EC08781KGJ',
    type: 'DEBIT',
    source: 'MANUAL_DEDUCTION',
    action: 'DELIVERY_DEDUCTION',
    userId: '39294bdf-fbb7-4c14-8212-38b91b44ec49',
    paymentBalance: 1710,
    updatePaymentBalance: true,
    metadata: '{"walletId":"wallet#39294bdf-fbb7-4c14-8212-38b91b44ec49","deliveryId":"fe57002d-7046-48c4-bf6d-1412b685f9a1","walletSk":"fe57002d-7046-48c4-bf6d-1412b685f9a1"}',
    currency: 'SAR',
    amount: 90,
    vat: 0,
    oldBalance: 1800,
    newBalance: 1710
  }
}

2024-05-17T21:01:08.144Z 2024-05-17T21:01:08.144Z	643b1699-a707-5186-b49a-485860d4c7e6	INFO	SubscriptionBalanceUpdated event published

2024-05-17T21:01:08.168Z 2024-05-17T21:01:08.168Z	643b1699-a707-5186-b49a-485860d4c7e6	INFO	Processing message d51767ce-390b-426c-ac66-63458d7297d5

2024-05-17T21:01:08.173Z 2024-05-17T21:01:08.173Z	643b1699-a707-5186-b49a-485860d4c7e6	INFO	Start syncing the balance {
  transaction: {
    id: '01HY45QG2WKRYKAMPNVRZF43NW',
    type: 'DEBIT',
    source: 'MANUAL_DEDUCTION',
    action: 'DELIVERY_DEDUCTION',
    userId: '2e24caa6-55e4-482f-b84f-322df55cf796',
    paymentBalance: 1440,
    updatePaymentBalance: true,
    metadata: '{"walletId":"wallet#2e24caa6-55e4-482f-b84f-322df55cf796","deliveryId":"068328b4-554e-4737-9e9d-d20a740f20ae","walletSk":"068328b4-554e-4737-9e9d-d20a740f20ae"}',
    currency: 'SAR',
    amount: 90,
    vat: 0,
    oldBalance: 3330,
    newBalance: 3240
  }
}

2024-05-17T21:01:08.211Z 2024-05-17T21:01:08.211Z	643b1699-a707-5186-b49a-485860d4c7e6	INFO	SubscriptionBalanceUpdated event published

2024-05-17T21:01:08.229Z 2024-05-17T21:01:08.229Z	643b1699-a707-5186-b49a-485860d4c7e6	ERROR	Subscription balance and payment balance are not in sync {
  userId: '2e24caa6-55e4-482f-b84f-322df55cf796',
  subscriptionBalance: 3240,
  paymentBalance: 1440
}

2024-05-17T21:01:08.245Z 2024-05-17T21:01:08.245Z	643b1699-a707-5186-b49a-485860d4c7e6	INFO	Processing message 88e58e34-aa1f-448a-8ca1-ae487eddf283

2024-05-17T21:01:08.253Z 2024-05-17T21:01:08.253Z	643b1699-a707-5186-b49a-485860d4c7e6	INFO	Start syncing the balance {
  transaction: {
    id: '01HY45QFXX2GNJ5PBJW9GQ7S5Y',
    type: 'DEBIT',
    source: 'MANUAL_DEDUCTION',
    action: 'DELIVERY_DEDUCTION',
    userId: 'f50d0778-fab9-47c1-bf7d-a23e9649e127',
    paymentBalance: 9291.908,
    updatePaymentBalance: true,
    metadata: '{"walletId":"wallet#f50d0778-fab9-47c1-bf7d-a23e9649e127","deliveryId":"5a95a6bc-72ea-441c-b7ea-16ee9c91e6da","walletSk":"5a95a6bc-72ea-441c-b7ea-16ee9c91e6da"}',
    currency: 'BHD',
    amount: 9,
    vat: 0,
    oldBalance: 9300.908,
    newBalance: 9291.908
  }
}

2024-05-17T21:01:08.358Z 2024-05-17T21:01:08.358Z	643b1699-a707-5186-b49a-485860d4c7e6	INFO	SubscriptionBalanceUpdated event published

2024-05-17T21:01:08.374Z 2024-05-17T21:01:08.374Z	643b1699-a707-5186-b49a-485860d4c7e6	INFO	Processing message c6d71472-fad1-4fba-b810-8197cd43038e

2024-05-17T21:01:08.380Z 2024-05-17T21:01:08.380Z	643b1699-a707-5186-b49a-485860d4c7e6	INFO	Start syncing the balance {
  transaction: {
    id: '01HY45QFY0XD5QKVX9G1RW226A',
    type: 'DEBIT',
    source: 'MANUAL_DEDUCTION',
    action: 'DELIVERY_DEDUCTION',
    userId: 'e0eedf6d-21c3-4cec-b12f-8c034c99d809',
    paymentBalance: 1440,
    updatePaymentBalance: true,
    metadata: '{"walletId":"wallet#e0eedf6d-21c3-4cec-b12f-8c034c99d809","deliveryId":"db6297e4-14a7-4ad2-9fc7-8d31d6a2a67b","walletSk":"db6297e4-14a7-4ad2-9fc7-8d31d6a2a67b"}',
    currency: 'SAR',
    amount: 90,
    vat: 0,
    oldBalance: 3330,
    newBalance: 3240
  }
}

2024-05-17T21:01:08.419Z 2024-05-17T21:01:08.419Z	643b1699-a707-5186-b49a-485860d4c7e6	INFO	SubscriptionBalanceUpdated event published

2024-05-17T21:01:08.433Z 2024-05-17T21:01:08.433Z	643b1699-a707-5186-b49a-485860d4c7e6	ERROR	Subscription balance and payment balance are not in sync {
  userId: 'e0eedf6d-21c3-4cec-b12f-8c034c99d809',
  subscriptionBalance: 3240,
  paymentBalance: 1440
}

2024-05-17T21:01:08.448Z 2024-05-17T21:01:08.448Z	643b1699-a707-5186-b49a-485860d4c7e6	INFO	Processing message e61c512b-43a0-4571-a645-bce943dc6267

2024-05-17T21:01:08.453Z 2024-05-17T21:01:08.453Z	643b1699-a707-5186-b49a-485860d4c7e6	INFO	Start syncing the balance {
  transaction: {
    id: '01HY45QGEXNZ0WZR4VR36V62M9',
    type: 'DEBIT',
    source: 'MANUAL_DEDUCTION',
    action: 'DELIVERY_DEDUCTION',
    userId: '5076a190-8faf-4488-8289-dd54be3bf453',
    paymentBalance: 1720,
    updatePaymentBalance: true,
    metadata: '{"walletId":"wallet#5076a190-8faf-4488-8289-dd54be3bf453","deliveryId":"7daf8896-6e70-4c46-951e-a8ba94577c23","walletSk":"7daf8896-6e70-4c46-951e-a8ba94577c23"}',
    currency: 'SAR',
    amount: 80,
    vat: 0,
    oldBalance: 1800,
    newBalance: 1720
  }
}

2024-05-17T21:01:08.492Z 2024-05-17T21:01:08.492Z	643b1699-a707-5186-b49a-485860d4c7e6	INFO	SubscriptionBalanceUpdated event published

2024-05-17T21:01:08.505Z 2024-05-17T21:01:08.505Z	643b1699-a707-5186-b49a-485860d4c7e6	INFO	Processing message 42c73c1c-9e90-43b3-92dc-99d376e82447

2024-05-17T21:01:08.511Z 2024-05-17T21:01:08.511Z	643b1699-a707-5186-b49a-485860d4c7e6	INFO	Start syncing the balance {
  transaction: {
    id: '01HY45QG7FEB6JZ6SVX37J7EFE',
    type: 'DEBIT',
    source: 'MANUAL_DEDUCTION',
    action: 'DELIVERY_DEDUCTION',
    userId: '6c430524-4c3c-459b-bbd9-5e607626eba0',
    paymentBalance: 211.05,
    updatePaymentBalance: true,
    metadata: '{"walletId":"wallet#6c430524-4c3c-459b-bbd9-5e607626eba0","deliveryId":"ac38a9a7-c238-49cc-9f5b-549e10d5e370","walletSk":"ac38a9a7-c238-49cc-9f5b-549e10d5e370"}',
    currency: 'BHD',
    amount: 8.25,
    vat: 0,
    oldBalance: 219.3,
    newBalance: 211.05
  }
}

2024-05-17T21:01:08.552Z 2024-05-17T21:01:08.552Z	643b1699-a707-5186-b49a-485860d4c7e6	INFO	SubscriptionBalanceUpdated event published

2024-05-17T21:01:08.568Z 2024-05-17T21:01:08.568Z	643b1699-a707-5186-b49a-485860d4c7e6	INFO	Processing message c3ec6168-3d7f-47d5-87b4-17eab358ce03

2024-05-17T21:01:08.573Z 2024-05-17T21:01:08.573Z	643b1699-a707-5186-b49a-485860d4c7e6	INFO	Start syncing the balance {
  transaction: {
    id: '01HY45QGFS919EPMMTHY7Q742V',
    type: 'DEBIT',
    source: 'MANUAL_DEDUCTION',
    action: 'DELIVERY_DEDUCTION',
    userId: '74adce2a-39bc-4867-b6a8-84bbc95c7170',
    paymentBalance: 59.454,
    updatePaymentBalance: true,
    metadata: '{"walletId":"wallet#74adce2a-39bc-4867-b6a8-84bbc95c7170","deliveryId":"e2c51842-004d-4b9c-a8dd-1fb7c17bcd6c","walletSk":"e2c51842-004d-4b9c-a8dd-1fb7c17bcd6c"}',
    currency: 'BHD',
    amount: 10,
    vat: 0,
    oldBalance: 69.454,
    newBalance: 59.454
  }
}

2024-05-17T21:01:08.615Z 2024-05-17T21:01:08.615Z	643b1699-a707-5186-b49a-485860d4c7e6	INFO	SubscriptionBalanceUpdated event published

2024-05-17T21:01:08.633Z 2024-05-17T21:01:08.633Z	643b1699-a707-5186-b49a-485860d4c7e6	INFO	Processing message e02637aa-e338-4f30-b6f5-96fc29af1362

2024-05-17T21:01:08.639Z 2024-05-17T21:01:08.639Z	643b1699-a707-5186-b49a-485860d4c7e6	INFO	Start syncing the balance {
  transaction: {
    id: '01HY45QHD8PHTZ2P1A3DVNT2KF',
    type: 'DEBIT',
    source: 'MANUAL_DEDUCTION',
    action: 'DELIVERY_DEDUCTION',
    userId: '49a56771-7e41-4add-8436-13797bf07119',
    paymentBalance: 1270,
    updatePaymentBalance: true,
    metadata: '{"walletId":"wallet#49a56771-7e41-4add-8436-13797bf07119","deliveryId":"4d607f12-10eb-42ad-a45d-faa59a5cc09c","walletSk":"4d607f12-10eb-42ad-a45d-faa59a5cc09c"}',
    currency: 'SAR',
    amount: 80,
    vat: 0,
    oldBalance: 1350,
    newBalance: 1270
  }
}

2024-05-17T21:01:08.678Z 2024-05-17T21:01:08.678Z	643b1699-a707-5186-b49a-485860d4c7e6	INFO	SubscriptionBalanceUpdated event published

2024-05-17T21:01:08.691Z 2024-05-17T21:01:08.691Z	643b1699-a707-5186-b49a-485860d4c7e6	INFO	Processing message 462b5148-5679-4e3c-bde1-b0bb25802ee2

2024-05-17T21:01:08.696Z 2024-05-17T21:01:08.696Z	643b1699-a707-5186-b49a-485860d4c7e6	INFO	Start syncing the balance {
  transaction: {
    id: '01HY45QH6W2RKED721EXKZXNW4',
    type: 'DEBIT',
    source: 'MANUAL_DEDUCTION',
    action: 'DELIVERY_DEDUCTION',
    userId: '1963eefb-4ac2-423c-bcd2-c113600309a6',
    paymentBalance: 270,
    updatePaymentBalance: true,
    metadata: '{"walletId":"wallet#1963eefb-4ac2-423c-bcd2-c113600309a6","deliveryId":"362dec36-6dcd-4a7d-a7af-0f4ab2a99dd1","walletSk":"362dec36-6dcd-4a7d-a7af-0f4ab2a99dd1"}',
    currency: 'SAR',
    amount: 90,
    vat: 0,
    oldBalance: 360,
    newBalance: 270
  }
}

2024-05-17T21:01:08.736Z 2024-05-17T21:01:08.736Z	643b1699-a707-5186-b49a-485860d4c7e6	INFO	SubscriptionBalanceUpdated event published

2024-05-17T21:01:08.751Z END RequestId: 643b1699-a707-5186-b49a-485860d4c7e6

2024-05-17T21:01:08.751Z REPORT RequestId: 643b1699-a707-5186-b49a-485860d4c7e6	Duration: 861.59 ms	Billed Duration: 862 ms	Memory Size: 1024 MB	Max Memory Used: 133 MB	

2024-05-17T21:01:09.543Z START RequestId: bd9c465d-add7-56b1-8bf4-189c6a02991c Version: $LATEST

2024-05-17T21:01:09.578Z 2024-05-17T21:01:09.578Z	bd9c465d-add7-56b1-8bf4-189c6a02991c	INFO	Processing message 8e16d933-4188-44d7-baa9-d01b3ffe24f3

2024-05-17T21:01:09.583Z 2024-05-17T21:01:09.583Z	bd9c465d-add7-56b1-8bf4-189c6a02991c	INFO	Start syncing the balance {
  transaction: {
    id: '01HY45QK3F3J41SPNMW40Q2SHQ',
    type: 'DEBIT',
    source: 'MANUAL_DEDUCTION',
    action: 'DELIVERY_DEDUCTION',
    userId: 'ea65d901-c13b-468f-bfa7-9920246c4dc4',
    paymentBalance: 1440,
    updatePaymentBalance: true,
    metadata: '{"walletId":"wallet#ea65d901-c13b-468f-bfa7-9920246c4dc4","deliveryId":"a6fbe2be-c498-44ed-8a64-2e37d5343a01","walletSk":"a6fbe2be-c498-44ed-8a64-2e37d5343a01"}',
    currency: 'SAR',
    amount: 90,
    vat: 0,
    oldBalance: 3330,
    newBalance: 3240
  }
}

2024-05-17T21:01:09.635Z 2024-05-17T21:01:09.635Z	bd9c465d-add7-56b1-8bf4-189c6a02991c	INFO	SubscriptionBalanceUpdated event published

2024-05-17T21:01:09.651Z 2024-05-17T21:01:09.651Z	bd9c465d-add7-56b1-8bf4-189c6a02991c	ERROR	Subscription balance and payment balance are not in sync {
  userId: 'ea65d901-c13b-468f-bfa7-9920246c4dc4',
  subscriptionBalance: 3240,
  paymentBalance: 1440
}

2024-05-17T21:01:09.667Z 2024-05-17T21:01:09.667Z	bd9c465d-add7-56b1-8bf4-189c6a02991c	INFO	Processing message 36af0b74-d93a-4d45-bf18-f3b8370c0d28

2024-05-17T21:01:09.672Z 2024-05-17T21:01:09.672Z	bd9c465d-add7-56b1-8bf4-189c6a02991c	INFO	Start syncing the balance {
  transaction: {
    id: '01HY45QJV9NV132H4MCX0RF2SE',
    type: 'DEBIT',
    source: 'MANUAL_DEDUCTION',
    action: 'DELIVERY_DEDUCTION',
    userId: 'd8b5217e-f870-47ea-907a-3ff806ed96c6',
    paymentBalance: 96.75,
    updatePaymentBalance: true,
    metadata: '{"walletId":"wallet#d8b5217e-f870-47ea-907a-3ff806ed96c6","deliveryId":"e10886ca-bb0a-4933-94b7-4f17012677d1","walletSk":"e10886ca-bb0a-4933-94b7-4f17012677d1"}',
    currency: 'BHD',
    amount: 8.25,
    vat: 0,
    oldBalance: 105,
    newBalance: 96.75
  }
}

2024-05-17T21:01:09.709Z 2024-05-17T21:01:09.709Z	bd9c465d-add7-56b1-8bf4-189c6a02991c	INFO	SubscriptionBalanceUpdated event published

2024-05-17T21:01:09.727Z 2024-05-17T21:01:09.727Z	bd9c465d-add7-56b1-8bf4-189c6a02991c	INFO	Processing message 6e60c62b-686d-4edd-9a1c-07a413184b6d

2024-05-17T21:01:09.733Z 2024-05-17T21:01:09.733Z	bd9c465d-add7-56b1-8bf4-189c6a02991c	INFO	Start syncing the balance {
  transaction: {
    id: '01HY45QK4N3S41NXG7T8314WF5',
    type: 'DEBIT',
    source: 'MANUAL_DEDUCTION',
    action: 'DELIVERY_DEDUCTION',
    userId: 'f3d4c61b-6917-4a7c-99c0-aaa26571e99e',
    paymentBalance: 162.5,
    updatePaymentBalance: true,
    metadata: '{"walletId":"wallet#f3d4c61b-6917-4a7c-99c0-aaa26571e99e","deliveryId":"f6666d19-4615-456d-87ac-45009082eb9d","walletSk":"f6666d19-4615-456d-87ac-45009082eb9d"}',
    currency: 'BHD',
    amount: 4,
    vat: 0,
    oldBalance: 166.5,
    newBalance: 162.5
  }
}

2024-05-17T21:01:09.775Z 2024-05-17T21:01:09.775Z	bd9c465d-add7-56b1-8bf4-189c6a02991c	INFO	SubscriptionBalanceUpdated event published

2024-05-17T21:01:09.804Z 2024-05-17T21:01:09.804Z	bd9c465d-add7-56b1-8bf4-189c6a02991c	INFO	Processing message 330baeb3-8e56-41e9-a7a2-a5f8d1bd7023

2024-05-17T21:01:09.810Z 2024-05-17T21:01:09.810Z	bd9c465d-add7-56b1-8bf4-189c6a02991c	INFO	Start syncing the balance {
  transaction: {
    id: '01HY45QJXHJQG9FRS9QP22WT0A',
    type: 'DEBIT',
    source: 'MANUAL_DEDUCTION',
    action: 'DELIVERY_DEDUCTION',
    userId: '2273c3b3-f293-4e9c-9915-c537a0f54b67',
    paymentBalance: 1217.8,
    updatePaymentBalance: true,
    metadata: '{"walletId":"wallet#2273c3b3-f293-4e9c-9915-c537a0f54b67","deliveryId":"ddb0ac0e-c6dc-4548-b2a1-69fae0798a59","walletSk":"ddb0ac0e-c6dc-4548-b2a1-69fae0798a59"}',
    currency: 'SAR',
    amount: 111.09,
    vat: 0,
    oldBalance: 1328.89,
    newBalance: 1217.8
  }
}

2024-05-17T21:01:09.851Z 2024-05-17T21:01:09.851Z	bd9c465d-add7-56b1-8bf4-189c6a02991c	INFO	SubscriptionBalanceUpdated event published

2024-05-17T21:01:09.867Z 2024-05-17T21:01:09.867Z	bd9c465d-add7-56b1-8bf4-189c6a02991c	INFO	Processing message d35e7d7f-63a6-4e0c-bbe0-72510ae15d6f

2024-05-17T21:01:09.873Z 2024-05-17T21:01:09.873Z	bd9c465d-add7-56b1-8bf4-189c6a02991c	INFO	Start syncing the balance {
  transaction: {
    id: '01HY45QJZDN56PS9RAVJ12KWTV',
    type: 'DEBIT',
    source: 'MANUAL_DEDUCTION',
    action: 'DELIVERY_DEDUCTION',
    userId: 'bd05066f-97f4-4b07-930b-740ac832a996',
    paymentBalance: 82,
    updatePaymentBalance: true,
    metadata: '{"walletId":"wallet#bd05066f-97f4-4b07-930b-740ac832a996","deliveryId":"e3527cd9-6e6c-4fae-8bd7-645d206e3724","walletSk":"e3527cd9-6e6c-4fae-8bd7-645d206e3724"}',
    currency: 'BHD',
    amount: 9,
    vat: 0,
    oldBalance: 91,
    newBalance: 82
  }
}

2024-05-17T21:01:09.913Z 2024-05-17T21:01:09.913Z	bd9c465d-add7-56b1-8bf4-189c6a02991c	INFO	SubscriptionBalanceUpdated event published

2024-05-17T21:01:09.937Z 2024-05-17T21:01:09.937Z	bd9c465d-add7-56b1-8bf4-189c6a02991c	INFO	Processing message 3328b270-e532-4ae2-b037-c0e0a802fb80

2024-05-17T21:01:09.943Z 2024-05-17T21:01:09.943Z	bd9c465d-add7-56b1-8bf4-189c6a02991c	INFO	Start syncing the balance {
  transaction: {
    id: '01HY45QK85339QQQXBSESJ8BX8',
    type: 'DEBIT',
    source: 'MANUAL_DEDUCTION',
    action: 'DELIVERY_DEDUCTION',
    userId: '30258a94-92e8-4fe1-b8e5-0033deddc1a4',
    paymentBalance: 2172.19,
    updatePaymentBalance: true,
    metadata: '{"walletId":"wallet#30258a94-92e8-4fe1-b8e5-0033deddc1a4","deliveryId":"a7f72734-758e-49d8-a2f0-ec55dcab7f1f","walletSk":"a7f72734-758e-49d8-a2f0-ec55dcab7f1f"}',
    currency: 'SAR',
    amount: 90,
    vat: 0,
    oldBalance: 822.19,
    newBalance: 732.19
  }
}

2024-05-17T21:01:09.984Z 2024-05-17T21:01:09.984Z	bd9c465d-add7-56b1-8bf4-189c6a02991c	INFO	SubscriptionBalanceUpdated event published

2024-05-17T21:01:09.999Z 2024-05-17T21:01:09.999Z	bd9c465d-add7-56b1-8bf4-189c6a02991c	ERROR	Subscription balance and payment balance are not in sync {
  userId: '30258a94-92e8-4fe1-b8e5-0033deddc1a4',
  subscriptionBalance: 732.19,
  paymentBalance: 2172.19
}

2024-05-17T21:01:10.016Z 2024-05-17T21:01:10.016Z	bd9c465d-add7-56b1-8bf4-189c6a02991c	INFO	Processing message 64795d4c-ae30-4278-8ccd-1e8cd5468e6e

2024-05-17T21:01:10.022Z 2024-05-17T21:01:10.022Z	bd9c465d-add7-56b1-8bf4-189c6a02991c	INFO	Start syncing the balance {
  transaction: {
    id: '01HY45QKDTCXZYY7265EW6ZNN2',
    type: 'DEBIT',
    source: 'MANUAL_DEDUCTION',
    action: 'DELIVERY_DEDUCTION',
    userId: '0a4ab6c5-ece3-461c-8df8-967e3bc60e6a',
    paymentBalance: 3240,
    updatePaymentBalance: true,
    metadata: '{"walletId":"wallet#0a4ab6c5-ece3-461c-8df8-967e3bc60e6a","deliveryId":"7513fb2b-e257-44ab-9a13-2a0b87b4d885","walletSk":"7513fb2b-e257-44ab-9a13-2a0b87b4d885"}',
    currency: 'SAR',
    amount: 90,
    vat: 0,
    oldBalance: 5130,
    newBalance: 5040
  }
}

2024-05-17T21:01:10.060Z 2024-05-17T21:01:10.060Z	bd9c465d-add7-56b1-8bf4-189c6a02991c	INFO	SubscriptionBalanceUpdated event published

2024-05-17T21:01:10.075Z 2024-05-17T21:01:10.075Z	bd9c465d-add7-56b1-8bf4-189c6a02991c	ERROR	Subscription balance and payment balance are not in sync {
  userId: '0a4ab6c5-ece3-461c-8df8-967e3bc60e6a',
  subscriptionBalance: 5040,
  paymentBalance: 3240
}

2024-05-17T21:01:10.090Z 2024-05-17T21:01:10.090Z	bd9c465d-add7-56b1-8bf4-189c6a02991c	INFO	Processing message 2abb3aaa-fee8-4dfa-9508-c28bc3dbc032

2024-05-17T21:01:10.096Z 2024-05-17T21:01:10.096Z	bd9c465d-add7-56b1-8bf4-189c6a02991c	INFO	Start syncing the balance {
  transaction: {
    id: '01HY45QKA5NP93Q6ACTM3D5P7J',
    type: 'DEBIT',
    source: 'MANUAL_DEDUCTION',
    action: 'DELIVERY_DEDUCTION',
    userId: 'c50d5d7c-cfeb-46ff-84f0-6659ddb36ff6',
    paymentBalance: 2794.88,
    updatePaymentBalance: true,
    metadata: '{"walletId":"wallet#c50d5d7c-cfeb-46ff-84f0-6659ddb36ff6","deliveryId":"3248c999-cf2c-4209-841d-50568ec2e89a","walletSk":"3248c999-cf2c-4209-841d-50568ec2e89a"}',
    currency: 'SAR',
    amount: 81,
    vat: 0,
    oldBalance: 2875.88,
    newBalance: 2794.88
  }
}

2024-05-17T21:01:10.134Z 2024-05-17T21:01:10.134Z	bd9c465d-add7-56b1-8bf4-189c6a02991c	INFO	SubscriptionBalanceUpdated event published

2024-05-17T21:01:10.150Z 2024-05-17T21:01:10.150Z	bd9c465d-add7-56b1-8bf4-189c6a02991c	INFO	Processing message d4a39345-81f5-4320-887e-8fd65e61ce23

2024-05-17T21:01:10.155Z 2024-05-17T21:01:10.155Z	bd9c465d-add7-56b1-8bf4-189c6a02991c	INFO	Start syncing the balance {
  transaction: {
    id: '01HY45QKKHVZW39THZMAWW9QGT',
    type: 'DEBIT',
    source: 'MANUAL_DEDUCTION',
    action: 'DELIVERY_DEDUCTION',
    userId: 'b6c1f37e-8e1e-4bd4-ac09-5c9fa7b49849',
    paymentBalance: 3510,
    updatePaymentBalance: true,
    metadata: '{"walletId":"wallet#b6c1f37e-8e1e-4bd4-ac09-5c9fa7b49849","deliveryId":"d18949f6-dafe-4df5-a362-caf2df429045","walletSk":"d18949f6-dafe-4df5-a362-caf2df429045"}',
    currency: 'SAR',
    amount: 90,
    vat: 0,
    oldBalance: 1800,
    newBalance: 1710
  }
}

2024-05-17T21:01:10.193Z 2024-05-17T21:01:10.193Z	bd9c465d-add7-56b1-8bf4-189c6a02991c	INFO	SubscriptionBalanceUpdated event published

2024-05-17T21:01:10.218Z 2024-05-17T21:01:10.218Z	bd9c465d-add7-56b1-8bf4-189c6a02991c	ERROR	Subscription balance and payment balance are not in sync {
  userId: 'b6c1f37e-8e1e-4bd4-ac09-5c9fa7b49849',
  subscriptionBalance: 1710,
  paymentBalance: 3510
}

2024-05-17T21:01:10.236Z END RequestId: bd9c465d-add7-56b1-8bf4-189c6a02991c

2024-05-17T21:01:10.236Z REPORT RequestId: bd9c465d-add7-56b1-8bf4-189c6a02991c	Duration: 693.02 ms	Billed Duration: 694 ms	Memory Size: 1024 MB	Max Memory Used: 140 MB	

2024-05-17T21:01:10.314Z START RequestId: c964178e-cdbf-580f-9592-494f0a693e6f Version: $LATEST

2024-05-17T21:01:10.342Z 2024-05-17T21:01:10.342Z	c964178e-cdbf-580f-9592-494f0a693e6f	INFO	Processing message a59dfaac-926b-484f-ad76-3c39c353fcef

2024-05-17T21:01:10.348Z 2024-05-17T21:01:10.348Z	c964178e-cdbf-580f-9592-494f0a693e6f	INFO	Start syncing the balance {
  transaction: {
    id: '01HY45QKW3XRVHTQ0GG6MM7ACC',
    type: 'DEBIT',
    source: 'MANUAL_DEDUCTION',
    action: 'DELIVERY_DEDUCTION',
    userId: 'e74f4982-6dee-4c1f-8359-cb850bb882e1',
    paymentBalance: 1817.39,
    updatePaymentBalance: true,
    metadata: '{"walletId":"wallet#e74f4982-6dee-4c1f-8359-cb850bb882e1","deliveryId":"ccfead39-f6d7-4e02-939b-7f7cc2ee354b","walletSk":"ccfead39-f6d7-4e02-939b-7f7cc2ee354b"}',
    currency: 'SAR',
    amount: 95.65,
    vat: 0,
    oldBalance: 1913.04,
    newBalance: 1817.39
  }
}

2024-05-17T21:01:10.387Z 2024-05-17T21:01:10.387Z	c964178e-cdbf-580f-9592-494f0a693e6f	INFO	SubscriptionBalanceUpdated event published

2024-05-17T21:01:10.401Z 2024-05-17T21:01:10.401Z	c964178e-cdbf-580f-9592-494f0a693e6f	INFO	Processing message 7366ccf6-7698-4085-8aea-41c33600b14c

2024-05-17T21:01:10.406Z 2024-05-17T21:01:10.406Z	c964178e-cdbf-580f-9592-494f0a693e6f	INFO	Start syncing the balance {
  transaction: {
    id: '01HY45QKQKX8SNTCXRD8NSXRZ9',
    type: 'DEBIT',
    source: 'MANUAL_DEDUCTION',
    action: 'DELIVERY_DEDUCTION',
    userId: 'f870b0d8-51fa-4511-80b0-8eb7ec0c5a82',
    paymentBalance: 1620,
    updatePaymentBalance: true,
    metadata: '{"walletId":"wallet#f870b0d8-51fa-4511-80b0-8eb7ec0c5a82","deliveryId":"efbcefcf-a87e-43eb-b781-b659dd03d750","walletSk":"efbcefcf-a87e-43eb-b781-b659dd03d750"}',
    currency: 'SAR',
    amount: 90,
    vat: 0,
    oldBalance: 3510,
    newBalance: 3420
  }
}

2024-05-17T21:01:10.441Z 2024-05-17T21:01:10.441Z	c964178e-cdbf-580f-9592-494f0a693e6f	INFO	SubscriptionBalanceUpdated event published

2024-05-17T21:01:10.455Z 2024-05-17T21:01:10.455Z	c964178e-cdbf-580f-9592-494f0a693e6f	ERROR	Subscription balance and payment balance are not in sync {
  userId: 'f870b0d8-51fa-4511-80b0-8eb7ec0c5a82',
  subscriptionBalance: 3420,
  paymentBalance: 1620
}

2024-05-17T21:01:10.470Z 2024-05-17T21:01:10.470Z	c964178e-cdbf-580f-9592-494f0a693e6f	INFO	Processing message 13babf74-875c-4f66-8bb2-5b69720ede9c

2024-05-17T21:01:10.493Z 2024-05-17T21:01:10.493Z	c964178e-cdbf-580f-9592-494f0a693e6f	INFO	Start syncing the balance {
  transaction: {
    id: '01HY45QKEYJ1PVDQQSEFV31Z6Y',
    type: 'DEBIT',
    source: 'MANUAL_DEDUCTION',
    action: 'DELIVERY_DEDUCTION',
    userId: '813ee3cd-2349-43ae-8915-f0a2c12b4245',
    paymentBalance: 1782.59,
    updatePaymentBalance: true,
    metadata: '{"walletId":"wallet#813ee3cd-2349-43ae-8915-f0a2c12b4245","deliveryId":"9237f9ae-c233-4d41-81c9-82a150a4be00","walletSk":"9237f9ae-c233-4d41-81c9-82a150a4be00"}',
    currency: 'BHD',
    amount: 9,
    vat: 0,
    oldBalance: 199,
    newBalance: 190
  }
}

2024-05-17T21:01:10.533Z 2024-05-17T21:01:10.533Z	c964178e-cdbf-580f-9592-494f0a693e6f	INFO	SubscriptionBalanceUpdated event published

2024-05-17T21:01:10.548Z 2024-05-17T21:01:10.548Z	c964178e-cdbf-580f-9592-494f0a693e6f	ERROR	Subscription balance and payment balance are not in sync {
  userId: '813ee3cd-2349-43ae-8915-f0a2c12b4245',
  subscriptionBalance: 190,
  paymentBalance: 1782.59
}

2024-05-17T21:01:10.565Z 2024-05-17T21:01:10.565Z	c964178e-cdbf-580f-9592-494f0a693e6f	INFO	Processing message 1ab856c9-8801-42a5-9ae4-c28f27cc4a20

2024-05-17T21:01:10.572Z 2024-05-17T21:01:10.572Z	c964178e-cdbf-580f-9592-494f0a693e6f	INFO	Start syncing the balance {
  transaction: {
    id: '01HY45QKJFXBWPDCNRCQXHB0DP',
    type: 'DEBIT',
    source: 'MANUAL_DEDUCTION',
    action: 'DELIVERY_DEDUCTION',
    userId: 'cae375aa-711e-4757-80d2-d2491a2958c0',
    paymentBalance: 32,
    updatePaymentBalance: true,
    metadata: '{"walletId":"wallet#cae375aa-711e-4757-80d2-d2491a2958c0","deliveryId":"c368025e-f6a7-410d-a5d5-a19e189d5ba8","walletSk":"c368025e-f6a7-410d-a5d5-a19e189d5ba8"}',
    currency: 'BHD',
    amount: 4,
    vat: 0,
    oldBalance: 36,
    newBalance: 32
  }
}

2024-05-17T21:01:10.635Z 2024-05-17T21:01:10.635Z	c964178e-cdbf-580f-9592-494f0a693e6f	INFO	SubscriptionBalanceUpdated event published

2024-05-17T21:01:10.648Z 2024-05-17T21:01:10.648Z	c964178e-cdbf-580f-9592-494f0a693e6f	INFO	Processing message bbf62502-d0ec-4903-9542-73ef173cb4d8

2024-05-17T21:01:10.655Z 2024-05-17T21:01:10.655Z	c964178e-cdbf-580f-9592-494f0a693e6f	INFO	Start syncing the balance {
  transaction: {
    id: '01HY45QM2SVPS91NPPQPJ54KHE',
    type: 'DEBIT',
    source: 'MANUAL_DEDUCTION',
    action: 'DELIVERY_DEDUCTION',
    userId: '9b462ea5-f561-409a-a637-2f559858813f',
    paymentBalance: 78,
    updatePaymentBalance: true,
    metadata: '{"walletId":"wallet#9b462ea5-f561-409a-a637-2f559858813f","deliveryId":"030b873d-059b-4ffb-8641-c7cc07ad6f61","walletSk":"030b873d-059b-4ffb-8641-c7cc07ad6f61"}',
    currency: 'BHD',
    amount: 9,
    vat: 0,
    oldBalance: 87,
    newBalance: 78
  }
}

2024-05-17T21:01:10.705Z 2024-05-17T21:01:10.705Z	c964178e-cdbf-580f-9592-494f0a693e6f	INFO	SubscriptionBalanceUpdated event published

2024-05-17T21:01:10.723Z 2024-05-17T21:01:10.723Z	c964178e-cdbf-580f-9592-494f0a693e6f	INFO	Processing message 2106dd6e-8666-4ec3-ae90-70dc10a70eb8

2024-05-17T21:01:10.728Z 2024-05-17T21:01:10.728Z	c964178e-cdbf-580f-9592-494f0a693e6f	INFO	Start syncing the balance {
  transaction: {
    id: '01HY45QM3VAAZ68Y8PGNSM0C1N',
    type: 'DEBIT',
    source: 'MANUAL_DEDUCTION',
    action: 'DELIVERY_DEDUCTION',
    userId: '7c729204-cd4d-477c-ae93-7d3f0dd68cff',
    paymentBalance: 1620,
    updatePaymentBalance: true,
    metadata: '{"walletId":"wallet#7c729204-cd4d-477c-ae93-7d3f0dd68cff","deliveryId":"5add8894-7306-4b37-a87f-2a9cb66b98cd","walletSk":"5add8894-7306-4b37-a87f-2a9cb66b98cd"}',
    currency: 'SAR',
    amount: 90,
    vat: 0,
    oldBalance: 3510,
    newBalance: 3420
  }
}

2024-05-17T21:01:10.763Z 2024-05-17T21:01:10.763Z	c964178e-cdbf-580f-9592-494f0a693e6f	INFO	SubscriptionBalanceUpdated event published

2024-05-17T21:01:10.777Z 2024-05-17T21:01:10.777Z	c964178e-cdbf-580f-9592-494f0a693e6f	ERROR	Subscription balance and payment balance are not in sync {
  userId: '7c729204-cd4d-477c-ae93-7d3f0dd68cff',
  subscriptionBalance: 3420,
  paymentBalance: 1620
}

2024-05-17T21:01:10.791Z 2024-05-17T21:01:10.791Z	c964178e-cdbf-580f-9592-494f0a693e6f	INFO	Processing message 9689cc09-0e3f-4697-bfa9-b8c1d2fc683f

2024-05-17T21:01:10.796Z 2024-05-17T21:01:10.796Z	c964178e-cdbf-580f-9592-494f0a693e6f	INFO	Start syncing the balance {
  transaction: {
    id: '01HY45QMAGPF5DWCARB1K8BAA8',
    type: 'DEBIT',
    source: 'MANUAL_DEDUCTION',
    action: 'DELIVERY_DEDUCTION',
    userId: '58c6c7ea-da0f-40d8-a873-ae5911e8b38f',
    paymentBalance: 171,
    updatePaymentBalance: true,
    metadata: '{"walletId":"wallet#58c6c7ea-da0f-40d8-a873-ae5911e8b38f","deliveryId":"cf70e878-488d-4d59-9cc5-4dde7cbe554c","walletSk":"cf70e878-488d-4d59-9cc5-4dde7cbe554c"}',
    currency: 'BHD',
    amount: 9,
    vat: 0,
    oldBalance: 180,
    newBalance: 171
  }
}

2024-05-17T21:01:10.833Z 2024-05-17T21:01:10.833Z	c964178e-cdbf-580f-9592-494f0a693e6f	INFO	SubscriptionBalanceUpdated event published

2024-05-17T21:01:10.846Z 2024-05-17T21:01:10.846Z	c964178e-cdbf-580f-9592-494f0a693e6f	INFO	Processing message 75cfd44b-14e2-4678-93a3-3569504dd10a

2024-05-17T21:01:10.850Z 2024-05-17T21:01:10.850Z	c964178e-cdbf-580f-9592-494f0a693e6f	INFO	Start syncing the balance {
  transaction: {
    id: '01HY45QMB5A99D8Y5ARPGG13MC',
    type: 'DEBIT',
    source: 'MANUAL_DEDUCTION',
    action: 'DELIVERY_DEDUCTION',
    userId: 'd9449968-8e69-4fbb-874b-0d2bc83db83c',
    paymentBalance: 81,
    updatePaymentBalance: true,
    metadata: '{"walletId":"wallet#d9449968-8e69-4fbb-874b-0d2bc83db83c","deliveryId":"01238262-7e4d-437a-9723-c0d42d70c2b5","walletSk":"01238262-7e4d-437a-9723-c0d42d70c2b5"}',
    currency: 'BHD',
    amount: 9,
    vat: 0,
    oldBalance: 90,
    newBalance: 81
  }
}

2024-05-17T21:01:10.886Z 2024-05-17T21:01:10.886Z	c964178e-cdbf-580f-9592-494f0a693e6f	INFO	SubscriptionBalanceUpdated event published

2024-05-17T21:01:10.900Z 2024-05-17T21:01:10.900Z	c964178e-cdbf-580f-9592-494f0a693e6f	INFO	Processing message d80a4583-1a31-4251-85b9-9e693160f871

2024-05-17T21:01:10.905Z 2024-05-17T21:01:10.905Z	c964178e-cdbf-580f-9592-494f0a693e6f	INFO	Start syncing the balance {
  transaction: {
    id: '01HY45QMD7B5T0CRW86HQE9X9W',
    type: 'DEBIT',
    source: 'MANUAL_DEDUCTION',
    action: 'DELIVERY_DEDUCTION',
    userId: '109450c0-0bec-4dde-9d57-a13b233b4815',
    paymentBalance: 1620,
    updatePaymentBalance: true,
    metadata: '{"walletId":"wallet#109450c0-0bec-4dde-9d57-a13b233b4815","deliveryId":"5d5782c3-092e-4024-8868-f220df3f9b3b","walletSk":"5d5782c3-092e-4024-8868-f220df3f9b3b"}',
    currency: 'SAR',
    amount: 90,
    vat: 0,
    oldBalance: 3510,
    newBalance: 3420
  }
}

2024-05-17T21:01:10.942Z 2024-05-17T21:01:10.942Z	c964178e-cdbf-580f-9592-494f0a693e6f	INFO	SubscriptionBalanceUpdated event published

2024-05-17T21:01:10.956Z 2024-05-17T21:01:10.956Z	c964178e-cdbf-580f-9592-494f0a693e6f	ERROR	Subscription balance and payment balance are not in sync {
  userId: '109450c0-0bec-4dde-9d57-a13b233b4815',
  subscriptionBalance: 3420,
  paymentBalance: 1620
}

2024-05-17T21:01:10.971Z 2024-05-17T21:01:10.971Z	c964178e-cdbf-580f-9592-494f0a693e6f	INFO	Processing message 53164ed2-6778-46b2-bd7d-94b481631b24

2024-05-17T21:01:10.977Z 2024-05-17T21:01:10.977Z	c964178e-cdbf-580f-9592-494f0a693e6f	INFO	Start syncing the balance {
  transaction: {
    id: '01HY45QMK6DP3GDXAJC643M3KZ',
    type: 'DEBIT',
    source: 'MANUAL_DEDUCTION',
    action: 'DELIVERY_DEDUCTION',
    userId: '60a4696b-c433-4080-ad6d-061bd95b7d56',
    paymentBalance: 14375.04,
    updatePaymentBalance: true,
    metadata: '{"walletId":"wallet#60a4696b-c433-4080-ad6d-061bd95b7d56","deliveryId":"da9d24ac-74c8-4f6a-9d5f-f9c9eacf48c6","walletSk":"da9d24ac-74c8-4f6a-9d5f-f9c9eacf48c6"}',
    currency: 'SAR',
    amount: 86.09,
    vat: 0,
    oldBalance: 5079.13,
    newBalance: 4993.04
  }
}

2024-05-17T21:01:11.014Z 2024-05-17T21:01:11.014Z	c964178e-cdbf-580f-9592-494f0a693e6f	INFO	SubscriptionBalanceUpdated event published

2024-05-17T21:01:11.028Z 2024-05-17T21:01:11.028Z	c964178e-cdbf-580f-9592-494f0a693e6f	ERROR	Subscription balance and payment balance are not in sync {
  userId: '60a4696b-c433-4080-ad6d-061bd95b7d56',
  subscriptionBalance: 4993.04,
  paymentBalance: 14375.04
}

2024-05-17T21:01:11.045Z END RequestId: c964178e-cdbf-580f-9592-494f0a693e6f

2024-05-17T21:01:11.045Z REPORT RequestId: c964178e-cdbf-580f-9592-494f0a693e6f	Duration: 730.77 ms	Billed Duration: 731 ms	Memory Size: 1024 MB	Max Memory Used: 146 MB	
XRAY TraceId: 1-6647c596-b16797ce4d54e001ba73b5f4	SegmentId: 6e8dc0ab3926d78d	Sampled: true	

2024-05-17T21:01:12.557Z START RequestId: 12111ec2-6a37-5273-b79c-4003adef7939 Version: $LATEST

2024-05-17T21:01:12.586Z 2024-05-17T21:01:12.586Z	12111ec2-6a37-5273-b79c-4003adef7939	INFO	Processing message 751294dc-ead2-485c-a423-8b8df97d7318

2024-05-17T21:01:12.592Z 2024-05-17T21:01:12.592Z	12111ec2-6a37-5273-b79c-4003adef7939	INFO	Start syncing the balance {
  transaction: {
    id: '01HY45QPNXZF5TD5ZBTX30XE8M',
    type: 'DEBIT',
    source: 'MANUAL_DEDUCTION',
    action: 'DELIVERY_DEDUCTION',
    userId: 'a14aa589-0355-43f7-ab70-f4e230e1be91',
    paymentBalance: 1440,
    updatePaymentBalance: true,
    metadata: '{"walletId":"wallet#a14aa589-0355-43f7-ab70-f4e230e1be91","deliveryId":"a7233d04-3ef6-4148-9fa1-1bf0d3faa029","walletSk":"a7233d04-3ef6-4148-9fa1-1bf0d3faa029"}',
    currency: 'SAR',
    amount: 90,
    vat: 0,
    oldBalance: 3330,
    newBalance: 3240
  }
}

2024-05-17T21:01:12.631Z 2024-05-17T21:01:12.631Z	12111ec2-6a37-5273-b79c-4003adef7939	INFO	SubscriptionBalanceUpdated event published

2024-05-17T21:01:12.644Z 2024-05-17T21:01:12.644Z	12111ec2-6a37-5273-b79c-4003adef7939	ERROR	Subscription balance and payment balance are not in sync {
  userId: 'a14aa589-0355-43f7-ab70-f4e230e1be91',
  subscriptionBalance: 3240,
  paymentBalance: 1440
}

2024-05-17T21:01:12.661Z END RequestId: 12111ec2-6a37-5273-b79c-4003adef7939

2024-05-17T21:01:12.661Z REPORT RequestId: 12111ec2-6a37-5273-b79c-4003adef7939	Duration: 104.10 ms	Billed Duration: 105 ms	Memory Size: 1024 MB	Max Memory Used: 147 MB	

2024-05-17T21:01:12.729Z START RequestId: 28b0f491-3d3c-55b1-825b-aa50fae463d1 Version: $LATEST

2024-05-17T21:01:12.759Z 2024-05-17T21:01:12.759Z	28b0f491-3d3c-55b1-825b-aa50fae463d1	INFO	Processing message bf5f50c5-c4fe-4603-8667-a339f1062de3

2024-05-17T21:01:12.766Z 2024-05-17T21:01:12.766Z	28b0f491-3d3c-55b1-825b-aa50fae463d1	INFO	Start syncing the balance {
  transaction: {
    id: '01HY45QPP26E3FRBBJFAYKN3HE',
    type: 'DEBIT',
    source: 'MANUAL_DEDUCTION',
    action: 'DELIVERY_DEDUCTION',
    userId: '67c42c0a-38dc-4917-b323-f8e7e0a5e9cb',
    paymentBalance: 10136.567,
    updatePaymentBalance: true,
    metadata: '{"walletId":"wallet#67c42c0a-38dc-4917-b323-f8e7e0a5e9cb","deliveryId":"404f95c6-dee2-47ec-a1a7-991e82bd1ec8","walletSk":"404f95c6-dee2-47ec-a1a7-991e82bd1ec8"}',
    currency: 'BHD',
    amount: 8.25,
    vat: 0,
    oldBalance: 10144.817,
    newBalance: 10136.567
  }
}

2024-05-17T21:01:12.803Z 2024-05-17T21:01:12.803Z	28b0f491-3d3c-55b1-825b-aa50fae463d1	INFO	SubscriptionBalanceUpdated event published

2024-05-17T21:01:12.817Z 2024-05-17T21:01:12.817Z	28b0f491-3d3c-55b1-825b-aa50fae463d1	INFO	Processing message 9fc140d4-8350-45aa-a270-a9dde4c263bb

2024-05-17T21:01:12.845Z 2024-05-17T21:01:12.845Z	28b0f491-3d3c-55b1-825b-aa50fae463d1	INFO	Start syncing the balance {
  transaction: {
    id: '01HY45QPST1M5SWAJ0209TY5CH',
    type: 'DEBIT',
    source: 'MANUAL_DEDUCTION',
    action: 'DELIVERY_DEDUCTION',
    userId: '63d937b3-2d87-4d4b-99e2-863c1dc9b27e',
    paymentBalance: 200,
    updatePaymentBalance: true,
    metadata: '{"walletId":"wallet#63d937b3-2d87-4d4b-99e2-863c1dc9b27e","deliveryId":"b202704a-d4cd-43b1-a3d2-c3e546bbf4b7","walletSk":"b202704a-d4cd-43b1-a3d2-c3e546bbf4b7"}',
    currency: 'SAR',
    amount: 90,
    vat: 0,
    oldBalance: 290,
    newBalance: 200
  }
}

2024-05-17T21:01:12.883Z 2024-05-17T21:01:12.883Z	28b0f491-3d3c-55b1-825b-aa50fae463d1	INFO	SubscriptionBalanceUpdated event published

2024-05-17T21:01:12.898Z 2024-05-17T21:01:12.898Z	28b0f491-3d3c-55b1-825b-aa50fae463d1	INFO	Processing message 68bd2ba4-a4d3-4214-a244-c31f3d8e98c0

2024-05-17T21:01:12.903Z 2024-05-17T21:01:12.903Z	28b0f491-3d3c-55b1-825b-aa50fae463d1	INFO	Start syncing the balance {
  transaction: {
    id: '01HY45QPRTT7TGMGWS6ZXYT7ZW',
    type: 'DEBIT',
    source: 'MANUAL_DEDUCTION',
    action: 'DELIVERY_DEDUCTION',
    userId: 'ac1ab694-bfc2-4c8e-81e6-84c3a549e06a',
    paymentBalance: 1620,
    updatePaymentBalance: true,
    metadata: '{"walletId":"wallet#ac1ab694-bfc2-4c8e-81e6-84c3a549e06a","deliveryId":"5fb0632c-d41e-4ad5-933e-8366d70c9272","walletSk":"5fb0632c-d41e-4ad5-933e-8366d70c9272"}',
    currency: 'SAR',
    amount: 90,
    vat: 0,
    oldBalance: 3510,
    newBalance: 3420
  }
}

2024-05-17T21:01:12.996Z 2024-05-17T21:01:12.996Z	28b0f491-3d3c-55b1-825b-aa50fae463d1	INFO	SubscriptionBalanceUpdated event published

2024-05-17T21:01:13.011Z 2024-05-17T21:01:13.011Z	28b0f491-3d3c-55b1-825b-aa50fae463d1	ERROR	Subscription balance and payment balance are not in sync {
  userId: 'ac1ab694-bfc2-4c8e-81e6-84c3a549e06a',
  subscriptionBalance: 3420,
  paymentBalance: 1620
}

2024-05-17T21:01:13.027Z END RequestId: 28b0f491-3d3c-55b1-825b-aa50fae463d1

2024-05-17T21:01:13.027Z REPORT RequestId: 28b0f491-3d3c-55b1-825b-aa50fae463d1	Duration: 297.53 ms	Billed Duration: 298 ms	Memory Size: 1024 MB	Max Memory Used: 150 MB	

2024-05-17T21:01:13.069Z START RequestId: ed9df134-cdd8-5858-b2d9-aff50a00ee38 Version: $LATEST

2024-05-17T21:01:13.092Z 2024-05-17T21:01:13.092Z	ed9df134-cdd8-5858-b2d9-aff50a00ee38	INFO	Processing message 348221c8-cc36-40e2-af4f-255b7b0e87a8

2024-05-17T21:01:13.098Z 2024-05-17T21:01:13.098Z	ed9df134-cdd8-5858-b2d9-aff50a00ee38	INFO	Start syncing the balance {
  transaction: {
    id: '01HY45QQ9HC2VX9V3050BJ0FWM',
    type: 'DEBIT',
    source: 'MANUAL_DEDUCTION',
    action: 'DELIVERY_DEDUCTION',
    userId: 'ebf14504-a08f-4dca-a98b-e733287ee14c',
    paymentBalance: 9810,
    updatePaymentBalance: true,
    metadata: '{"walletId":"wallet#ebf14504-a08f-4dca-a98b-e733287ee14c","deliveryId":"ad46513e-739b-4931-8169-a73ef99207a7","walletSk":"ad46513e-739b-4931-8169-a73ef99207a7"}',
    currency: 'SAR',
    amount: 90,
    vat: 0,
    oldBalance: 9900,
    newBalance: 9810
  }
}

2024-05-17T21:01:13.136Z 2024-05-17T21:01:13.136Z	ed9df134-cdd8-5858-b2d9-aff50a00ee38	INFO	SubscriptionBalanceUpdated event published

2024-05-17T21:01:13.155Z END RequestId: ed9df134-cdd8-5858-b2d9-aff50a00ee38

2024-05-17T21:01:13.155Z REPORT RequestId: ed9df134-cdd8-5858-b2d9-aff50a00ee38	Duration: 86.72 ms	Billed Duration: 87 ms	Memory Size: 1024 MB	Max Memory Used: 151 MB	

2024-05-17T21:01:13.321Z START RequestId: 04752905-7321-5d0a-8262-77c4b4f8fb6a Version: $LATEST

2024-05-17T21:01:13.346Z 2024-05-17T21:01:13.346Z	04752905-7321-5d0a-8262-77c4b4f8fb6a	INFO	Processing message c1d7465b-2e42-4322-ac1e-421e8ba0313a

2024-05-17T21:01:13.352Z 2024-05-17T21:01:13.352Z	04752905-7321-5d0a-8262-77c4b4f8fb6a	INFO	Start syncing the balance {
  transaction: {
    id: '01HY45QQ7A6V2F1GC46NYEVWAY',
    type: 'DEBIT',
    source: 'MANUAL_DEDUCTION',
    action: 'DELIVERY_DEDUCTION',
    userId: '89b26fd6-e392-42a5-93c4-ca1216e9fa14',
    paymentBalance: 1620,
    updatePaymentBalance: true,
    metadata: '{"walletId":"wallet#89b26fd6-e392-42a5-93c4-ca1216e9fa14","deliveryId":"b0b2650f-0096-4372-b84c-7ead44bcd128","walletSk":"b0b2650f-0096-4372-b84c-7ead44bcd128"}',
    currency: 'SAR',
    amount: 90,
    vat: 0,
    oldBalance: 3510,
    newBalance: 3420
  }
}

2024-05-17T21:01:13.387Z 2024-05-17T21:01:13.387Z	04752905-7321-5d0a-8262-77c4b4f8fb6a	INFO	SubscriptionBalanceUpdated event published

2024-05-17T21:01:13.400Z 2024-05-17T21:01:13.400Z	04752905-7321-5d0a-8262-77c4b4f8fb6a	ERROR	Subscription balance and payment balance are not in sync {
  userId: '89b26fd6-e392-42a5-93c4-ca1216e9fa14',
  subscriptionBalance: 3420,
  paymentBalance: 1620
}

2024-05-17T21:01:13.415Z END RequestId: 04752905-7321-5d0a-8262-77c4b4f8fb6a

2024-05-17T21:01:13.415Z REPORT RequestId: 04752905-7321-5d0a-8262-77c4b4f8fb6a	Duration: 94.25 ms	Billed Duration: 95 ms	Memory Size: 1024 MB	Max Memory Used: 152 MB	

2024-05-17T21:01:14.315Z START RequestId: e58feccd-c6cd-56a9-86ca-b20c0114d0c9 Version: $LATEST

2024-05-17T21:01:14.343Z 2024-05-17T21:01:14.343Z	e58feccd-c6cd-56a9-86ca-b20c0114d0c9	INFO	Processing message dd3cf3a0-c0fb-474d-b47b-65c40eed047b

2024-05-17T21:01:14.350Z 2024-05-17T21:01:14.350Z	e58feccd-c6cd-56a9-86ca-b20c0114d0c9	INFO	Start syncing the balance {
  transaction: {
    id: '01HY45QRJGVZJ8EV3HPP974N4V',
    type: 'DEBIT',
    source: 'MANUAL_DEDUCTION',
    action: 'DELIVERY_DEDUCTION',
    userId: '8dfe2f8c-8ed9-4fd3-b73f-51cf500578bc',
    paymentBalance: 37,
    updatePaymentBalance: true,
    metadata: '{"walletId":"wallet#8dfe2f8c-8ed9-4fd3-b73f-51cf500578bc","deliveryId":"6255d8d0-198d-4c7d-981c-662b7f8af219","walletSk":"6255d8d0-198d-4c7d-981c-662b7f8af219"}',
    currency: 'BHD',
    amount: 5,
    vat: 0,
    oldBalance: 42,
    newBalance: 37
  }
}

2024-05-17T21:01:14.386Z 2024-05-17T21:01:14.386Z	e58feccd-c6cd-56a9-86ca-b20c0114d0c9	INFO	SubscriptionBalanceUpdated event published

2024-05-17T21:01:14.402Z END RequestId: e58feccd-c6cd-56a9-86ca-b20c0114d0c9

2024-05-17T21:01:14.402Z REPORT RequestId: e58feccd-c6cd-56a9-86ca-b20c0114d0c9	Duration: 87.35 ms	Billed Duration: 88 ms	Memory Size: 1024 MB	Max Memory Used: 153 MB	

2024-05-17T21:01:14.619Z START RequestId: 55490a33-989d-5e66-8fe3-54f25f47d806 Version: $LATEST

2024-05-17T21:01:14.645Z 2024-05-17T21:01:14.645Z	55490a33-989d-5e66-8fe3-54f25f47d806	INFO	Processing message b39e5387-2404-4df4-96c7-d482c5514a88

2024-05-17T21:01:14.652Z 2024-05-17T21:01:14.652Z	55490a33-989d-5e66-8fe3-54f25f47d806	INFO	Start syncing the balance {
  transaction: {
    id: '01HY45QRFJHYHJMB0EPMDFV7QW',
    type: 'DEBIT',
    source: 'MANUAL_DEDUCTION',
    action: 'DELIVERY_DEDUCTION',
    userId: '80160274-e912-4040-af60-1de0559350fe',
    paymentBalance: 1960,
    updatePaymentBalance: true,
    metadata: '{"walletId":"wallet#80160274-e912-4040-af60-1de0559350fe","deliveryId":"8c6c580a-d2c4-4287-9d9e-ce497b5bc3c2","walletSk":"8c6c580a-d2c4-4287-9d9e-ce497b5bc3c2"}',
    currency: 'SAR',
    amount: 90,
    vat: 0,
    oldBalance: 2050,
    newBalance: 1960
  }
}

2024-05-17T21:01:14.686Z 2024-05-17T21:01:14.686Z	55490a33-989d-5e66-8fe3-54f25f47d806	INFO	SubscriptionBalanceUpdated event published

2024-05-17T21:01:14.830Z END RequestId: 55490a33-989d-5e66-8fe3-54f25f47d806

2024-05-17T21:01:14.830Z REPORT RequestId: 55490a33-989d-5e66-8fe3-54f25f47d806	Duration: 210.56 ms	Billed Duration: 211 ms	Memory Size: 1024 MB	Max Memory Used: 153 MB	

2024-05-17T21:01:14.845Z START RequestId: f392bc79-8e09-5b6f-afde-e2b849d3fd0f Version: $LATEST

2024-05-17T21:01:14.870Z 2024-05-17T21:01:14.870Z	f392bc79-8e09-5b6f-afde-e2b849d3fd0f	INFO	Processing message 871ea183-2117-4a32-806b-14f45fe985df

2024-05-17T21:01:14.908Z 2024-05-17T21:01:14.908Z	f392bc79-8e09-5b6f-afde-e2b849d3fd0f	INFO	Start syncing the balance {
  transaction: {
    id: '01HY45QRW3NA88PCF1PXPJDCZC',
    type: 'DEBIT',
    source: 'MANUAL_DEDUCTION',
    action: 'DELIVERY_DEDUCTION',
    userId: 'f54e6dc7-f49b-424d-9e1f-61c85a1fedbd',
    paymentBalance: 0,
    updatePaymentBalance: true,
    metadata: '{"walletId":"wallet#f54e6dc7-f49b-424d-9e1f-61c85a1fedbd","deliveryId":"ed7ead20-6ee4-432a-9b53-bb0ab6efff8c","walletSk":"ed7ead20-6ee4-432a-9b53-bb0ab6efff8c"}',
    currency: 'SAR',
    amount: 90,
    vat: 0,
    oldBalance: 90,
    newBalance: 0
  }
}

2024-05-17T21:01:14.947Z 2024-05-17T21:01:14.947Z	f392bc79-8e09-5b6f-afde-e2b849d3fd0f	INFO	SubscriptionBalanceUpdated event published

2024-05-17T21:01:14.964Z END RequestId: f392bc79-8e09-5b6f-afde-e2b849d3fd0f

2024-05-17T21:01:14.964Z REPORT RequestId: f392bc79-8e09-5b6f-afde-e2b849d3fd0f	Duration: 118.65 ms	Billed Duration: 119 ms	Memory Size: 1024 MB	Max Memory Used: 153 MB	

2024-05-17T21:01:15.103Z START RequestId: 942f9ceb-7e82-5ba8-990c-c22ab9586dc8 Version: $LATEST

2024-05-17T21:01:15.127Z 2024-05-17T21:01:15.127Z	942f9ceb-7e82-5ba8-990c-c22ab9586dc8	INFO	Processing message d3db6ed3-ce87-4f81-8f5a-3cb841d869e8

2024-05-17T21:01:15.133Z 2024-05-17T21:01:15.133Z	942f9ceb-7e82-5ba8-990c-c22ab9586dc8	INFO	Start syncing the balance {
  transaction: {
    id: '01HY45QRN58BJK09EAHCQ4X574',
    type: 'DEBIT',
    source: 'MANUAL_DEDUCTION',
    action: 'DELIVERY_DEDUCTION',
    userId: 'd88a9d56-4186-4e65-a3d3-3a589cd670df',
    paymentBalance: 1270,
    updatePaymentBalance: true,
    metadata: '{"walletId":"wallet#d88a9d56-4186-4e65-a3d3-3a589cd670df","deliveryId":"6517c5a2-6a15-4652-bd46-a6bb6e64adf1","walletSk":"6517c5a2-6a15-4652-bd46-a6bb6e64adf1"}',
    currency: 'SAR',
    amount: 90,
    vat: 0,
    oldBalance: 1360,
    newBalance: 1270
  }
}

2024-05-17T21:01:15.170Z 2024-05-17T21:01:15.170Z	942f9ceb-7e82-5ba8-990c-c22ab9586dc8	INFO	SubscriptionBalanceUpdated event published

2024-05-17T21:01:15.185Z END RequestId: 942f9ceb-7e82-5ba8-990c-c22ab9586dc8

2024-05-17T21:01:15.185Z REPORT RequestId: 942f9ceb-7e82-5ba8-990c-c22ab9586dc8	Duration: 82.07 ms	Billed Duration: 83 ms	Memory Size: 1024 MB	Max Memory Used: 153 MB	

2024-05-17T21:01:15.229Z START RequestId: 30bd7cdb-ed6b-524b-9cd1-221a2ab0942b Version: $LATEST

2024-05-17T21:01:15.255Z 2024-05-17T21:01:15.255Z	30bd7cdb-ed6b-524b-9cd1-221a2ab0942b	INFO	Processing message fdf6ded8-f271-4616-867e-0a98a4122f1c

2024-05-17T21:01:15.261Z 2024-05-17T21:01:15.261Z	30bd7cdb-ed6b-524b-9cd1-221a2ab0942b	INFO	Start syncing the balance {
  transaction: {
    id: '01HY45QRTMJMFEXEQX5E8RSPD2',
    type: 'DEBIT',
    source: 'MANUAL_DEDUCTION',
    action: 'DELIVERY_DEDUCTION',
    userId: '74205925-4de8-496b-96bc-344280b26768',
    paymentBalance: 72,
    updatePaymentBalance: true,
    metadata: '{"walletId":"wallet#74205925-4de8-496b-96bc-344280b26768","deliveryId":"d83562c0-5dad-433d-a0df-914f790752e8","walletSk":"d83562c0-5dad-433d-a0df-914f790752e8"}',
    currency: 'BHD',
    amount: 4,
    vat: 0,
    oldBalance: 76,
    newBalance: 72
  }
}

2024-05-17T21:01:15.300Z 2024-05-17T21:01:15.300Z	30bd7cdb-ed6b-524b-9cd1-221a2ab0942b	INFO	SubscriptionBalanceUpdated event published

2024-05-17T21:01:15.315Z 2024-05-17T21:01:15.315Z	30bd7cdb-ed6b-524b-9cd1-221a2ab0942b	INFO	Processing message 0625e31a-03b6-4c11-836b-2b6f5e0bdfac

2024-05-17T21:01:15.321Z 2024-05-17T21:01:15.321Z	30bd7cdb-ed6b-524b-9cd1-221a2ab0942b	INFO	Start syncing the balance {
  transaction: {
    id: '01HY45QRXVF9CRB2XJE243TZPH',
    type: 'DEBIT',
    source: 'MANUAL_DEDUCTION',
    action: 'DELIVERY_DEDUCTION',
    userId: 'a76af8e9-e437-4da4-86d6-853870e267c3',
    paymentBalance: 0,
    updatePaymentBalance: true,
    metadata: '{"walletId":"wallet#a76af8e9-e437-4da4-86d6-853870e267c3","deliveryId":"61dae4ae-7989-48c8-b11a-afa1781d5cc8","walletSk":"61dae4ae-7989-48c8-b11a-afa1781d5cc8"}',
    currency: 'BHD',
    amount: 5,
    vat: 0,
    oldBalance: 5,
    newBalance: 0
  }
}

2024-05-17T21:01:15.377Z 2024-05-17T21:01:15.377Z	30bd7cdb-ed6b-524b-9cd1-221a2ab0942b	INFO	SubscriptionBalanceUpdated event published

2024-05-17T21:01:15.394Z 2024-05-17T21:01:15.394Z	30bd7cdb-ed6b-524b-9cd1-221a2ab0942b	INFO	Processing message cf79c9c6-d19b-4be2-b72f-6b0905a48ddd

2024-05-17T21:01:15.399Z 2024-05-17T21:01:15.399Z	30bd7cdb-ed6b-524b-9cd1-221a2ab0942b	INFO	Start syncing the balance {
  transaction: {
    id: '01HY45QS0GF5Q1HXAKSEKRP41Z',
    type: 'DEBIT',
    source: 'MANUAL_DEDUCTION',
    action: 'DELIVERY_DEDUCTION',
    userId: 'b7b731e3-6faf-4c4b-b953-a57de4992ef2',
    paymentBalance: 1440,
    updatePaymentBalance: true,
    metadata: '{"walletId":"wallet#b7b731e3-6faf-4c4b-b953-a57de4992ef2","deliveryId":"0d760077-e8a3-4184-831f-c8fdaed7b597","walletSk":"0d760077-e8a3-4184-831f-c8fdaed7b597"}',
    currency: 'SAR',
    amount: 90,
    vat: 0,
    oldBalance: 3330,
    newBalance: 3240
  }
}

2024-05-17T21:01:15.455Z 2024-05-17T21:01:15.455Z	30bd7cdb-ed6b-524b-9cd1-221a2ab0942b	INFO	SubscriptionBalanceUpdated event published

2024-05-17T21:01:15.468Z 2024-05-17T21:01:15.468Z	30bd7cdb-ed6b-524b-9cd1-221a2ab0942b	ERROR	Subscription balance and payment balance are not in sync {
  userId: 'b7b731e3-6faf-4c4b-b953-a57de4992ef2',
  subscriptionBalance: 3240,
  paymentBalance: 1440
}

2024-05-17T21:01:15.482Z 2024-05-17T21:01:15.482Z	30bd7cdb-ed6b-524b-9cd1-221a2ab0942b	INFO	Processing message 6ec409b2-6b23-43d2-a175-a609b889dda3

2024-05-17T21:01:15.488Z 2024-05-17T21:01:15.488Z	30bd7cdb-ed6b-524b-9cd1-221a2ab0942b	INFO	Start syncing the balance {
  transaction: {
    id: '01HY45QRZ2WFRWY6KX5PV5W8H9',
    type: 'DEBIT',
    source: 'MANUAL_DEDUCTION',
    action: 'DELIVERY_DEDUCTION',
    userId: '2ffdc38a-1913-43eb-83f3-406f745b2831',
    paymentBalance: 190,
    updatePaymentBalance: true,
    metadata: '{"walletId":"wallet#2ffdc38a-1913-43eb-83f3-406f745b2831","deliveryId":"0877cac4-36eb-4cae-8ca3-646978e00099","walletSk":"0877cac4-36eb-4cae-8ca3-646978e00099"}',
    currency: 'BHD',
    amount: 9,
    vat: 0,
    oldBalance: 199,
    newBalance: 190
  }
}

2024-05-17T21:01:15.527Z 2024-05-17T21:01:15.527Z	30bd7cdb-ed6b-524b-9cd1-221a2ab0942b	INFO	SubscriptionBalanceUpdated event published

2024-05-17T21:01:15.559Z 2024-05-17T21:01:15.559Z	30bd7cdb-ed6b-524b-9cd1-221a2ab0942b	INFO	Processing message 947df903-6e7f-48c8-abc6-0bcd3231a189

2024-05-17T21:01:15.567Z 2024-05-17T21:01:15.567Z	30bd7cdb-ed6b-524b-9cd1-221a2ab0942b	INFO	Start syncing the balance {
  transaction: {
    id: '01HY45QS3MABBM3JYQHZTF5JYF',
    type: 'DEBIT',
    source: 'MANUAL_DEDUCTION',
    action: 'DELIVERY_DEDUCTION',
    userId: 'ada642e4-bef1-4fd9-8b93-7f3f3813ae19',
    paymentBalance: 167.219,
    updatePaymentBalance: true,
    metadata: '{"walletId":"wallet#ada642e4-bef1-4fd9-8b93-7f3f3813ae19","deliveryId":"abc2adff-d48e-48ce-b3c1-c3e591718821","walletSk":"abc2adff-d48e-48ce-b3c1-c3e591718821"}',
    currency: 'BHD',
    amount: 9,
    vat: 0,
    oldBalance: 192.219,
    newBalance: 183.219
  }
}

2024-05-17T21:01:15.616Z 2024-05-17T21:01:15.616Z	30bd7cdb-ed6b-524b-9cd1-221a2ab0942b	INFO	SubscriptionBalanceUpdated event published

2024-05-17T21:01:15.630Z 2024-05-17T21:01:15.630Z	30bd7cdb-ed6b-524b-9cd1-221a2ab0942b	ERROR	Subscription balance and payment balance are not in sync {
  userId: 'ada642e4-bef1-4fd9-8b93-7f3f3813ae19',
  subscriptionBalance: 183.219,
  paymentBalance: 167.219
}

2024-05-17T21:01:15.644Z 2024-05-17T21:01:15.644Z	30bd7cdb-ed6b-524b-9cd1-221a2ab0942b	INFO	Processing message 9634cd6e-e79a-4ef2-a3de-3805134c7bee

2024-05-17T21:01:15.650Z 2024-05-17T21:01:15.650Z	30bd7cdb-ed6b-524b-9cd1-221a2ab0942b	INFO	Start syncing the balance {
  transaction: {
    id: '01HY45QS63368WYQ008P0MNC2D',
    type: 'DEBIT',
    source: 'MANUAL_DEDUCTION',
    action: 'DELIVERY_DEDUCTION',
    userId: 'e05d1822-8aff-4f59-b397-f1184e2d8fca',
    paymentBalance: 201,
    updatePaymentBalance: true,
    metadata: '{"walletId":"wallet#e05d1822-8aff-4f59-b397-f1184e2d8fca","deliveryId":"bd7c833a-9a75-4d33-9216-56b857f2b475","walletSk":"bd7c833a-9a75-4d33-9216-56b857f2b475"}',
    currency: 'BHD',
    amount: 8.5,
    vat: 0,
    oldBalance: 209.5,
    newBalance: 201
  }
}

2024-05-17T21:01:15.687Z 2024-05-17T21:01:15.687Z	30bd7cdb-ed6b-524b-9cd1-221a2ab0942b	INFO	SubscriptionBalanceUpdated event published

2024-05-17T21:01:15.701Z 2024-05-17T21:01:15.701Z	30bd7cdb-ed6b-524b-9cd1-221a2ab0942b	INFO	Processing message 9475f144-54d1-4fb3-b5f2-a2b9b55e2415

2024-05-17T21:01:15.706Z 2024-05-17T21:01:15.706Z	30bd7cdb-ed6b-524b-9cd1-221a2ab0942b	INFO	Start syncing the balance {
  transaction: {
    id: '01HY45QS4F02462AP35BDAF330',
    type: 'DEBIT',
    source: 'MANUAL_DEDUCTION',
    action: 'DELIVERY_DEDUCTION',
    userId: 'f380b5b2-4e39-49d3-a51a-47b9b9445222',
    paymentBalance: 81.546,
    updatePaymentBalance: true,
    metadata: '{"walletId":"wallet#f380b5b2-4e39-49d3-a51a-47b9b9445222","deliveryId":"78db1f66-d1e5-457e-b858-78c5992ebf4f","walletSk":"78db1f66-d1e5-457e-b858-78c5992ebf4f"}',
    currency: 'BHD',
    amount: 9,
    vat: 0,
    oldBalance: 90.546,
    newBalance: 81.546
  }
}

2024-05-17T21:01:15.740Z 2024-05-17T21:01:15.740Z	30bd7cdb-ed6b-524b-9cd1-221a2ab0942b	INFO	SubscriptionBalanceUpdated event published

2024-05-17T21:01:15.758Z 2024-05-17T21:01:15.758Z	30bd7cdb-ed6b-524b-9cd1-221a2ab0942b	INFO	Processing message d5455bae-88c6-467b-b18d-a46247a11987

2024-05-17T21:01:15.763Z 2024-05-17T21:01:15.763Z	30bd7cdb-ed6b-524b-9cd1-221a2ab0942b	INFO	Start syncing the balance {
  transaction: {
    id: '01HY45QS9K3028Y3RW2H3EG3CB',
    type: 'DEBIT',
    source: 'MANUAL_DEDUCTION',
    action: 'DELIVERY_DEDUCTION',
    userId: '3dc705d8-af8f-4166-bfa7-290eb4bba8b7',
    paymentBalance: 72,
    updatePaymentBalance: true,
    metadata: '{"walletId":"wallet#3dc705d8-af8f-4166-bfa7-290eb4bba8b7","deliveryId":"f2b345ab-9445-444e-b46b-afced16eca80","walletSk":"f2b345ab-9445-444e-b46b-afced16eca80"}',
    currency: 'BHD',
    amount: 9,
    vat: 0,
    oldBalance: 81,
    newBalance: 72
  }
}

2024-05-17T21:01:15.800Z 2024-05-17T21:01:15.800Z	30bd7cdb-ed6b-524b-9cd1-221a2ab0942b	INFO	SubscriptionBalanceUpdated event published

2024-05-17T21:01:15.813Z 2024-05-17T21:01:15.813Z	30bd7cdb-ed6b-524b-9cd1-221a2ab0942b	INFO	Processing message f47b5607-1357-406a-93d5-39dcc411bf05

2024-05-17T21:01:15.818Z 2024-05-17T21:01:15.818Z	30bd7cdb-ed6b-524b-9cd1-221a2ab0942b	INFO	Start syncing the balance {
  transaction: {
    id: '01HY45QS9305X81HVAWNCHC3ND',
    type: 'DEBIT',
    source: 'MANUAL_DEDUCTION',
    action: 'DELIVERY_DEDUCTION',
    userId: '75b9c4ae-1dc9-4330-96e9-662d34429648',
    paymentBalance: 1598,
    updatePaymentBalance: true,
    metadata: '{"walletId":"wallet#75b9c4ae-1dc9-4330-96e9-662d34429648","deliveryId":"d0e448fa-4294-4441-8b33-6204a8824e5b","walletSk":"d0e448fa-4294-4441-8b33-6204a8824e5b"}',
    currency: 'SAR',
    amount: 47,
    vat: 0,
    oldBalance: 2585,
    newBalance: 2538
  }
}

2024-05-17T21:01:15.855Z 2024-05-17T21:01:15.855Z	30bd7cdb-ed6b-524b-9cd1-221a2ab0942b	INFO	SubscriptionBalanceUpdated event published

2024-05-17T21:01:15.869Z 2024-05-17T21:01:15.869Z	30bd7cdb-ed6b-524b-9cd1-221a2ab0942b	ERROR	Subscription balance and payment balance are not in sync {
  userId: '75b9c4ae-1dc9-4330-96e9-662d34429648',
  subscriptionBalance: 2538,
  paymentBalance: 1598
}

2024-05-17T21:01:15.885Z END RequestId: 30bd7cdb-ed6b-524b-9cd1-221a2ab0942b

2024-05-17T21:01:15.885Z REPORT RequestId: 30bd7cdb-ed6b-524b-9cd1-221a2ab0942b	Duration: 655.46 ms	Billed Duration: 656 ms	Memory Size: 1024 MB	Max Memory Used: 154 MB	
XRAY TraceId: 1-6647c59b-9443510bee556f3737ba1c20	SegmentId: 52ff541021ebface	Sampled: true	

2024-05-17T21:01:16.028Z START RequestId: ffe0c522-ee25-5bdf-bf0a-9be329f93dbf Version: $LATEST

2024-05-17T21:01:16.052Z 2024-05-17T21:01:16.052Z	ffe0c522-ee25-5bdf-bf0a-9be329f93dbf	INFO	Processing message 8286229c-b3b7-4dac-89b5-a6050879feb5

2024-05-17T21:01:16.058Z 2024-05-17T21:01:16.058Z	ffe0c522-ee25-5bdf-bf0a-9be329f93dbf	INFO	Start syncing the balance {
  transaction: {
    id: '01HY45QSZX9WBCB90ZKYSCEFHJ',
    type: 'DEBIT',
    source: 'MANUAL_DEDUCTION',
    action: 'DELIVERY_DEDUCTION',
    userId: 'f692968c-c330-47d5-bfcc-c2782ff294bd',
    paymentBalance: 5607.5,
    updatePaymentBalance: true,
    metadata: '{"walletId":"wallet#f692968c-c330-47d5-bfcc-c2782ff294bd","deliveryId":"68af8d91-8af5-458d-8cfb-d5389dd25e74","walletSk":"68af8d91-8af5-458d-8cfb-d5389dd25e74"}',
    currency: 'SAR',
    amount: 90,
    vat: 0,
    oldBalance: 5697.5,
    newBalance: 5607.5
  }
}

2024-05-17T21:01:16.096Z 2024-05-17T21:01:16.096Z	ffe0c522-ee25-5bdf-bf0a-9be329f93dbf	INFO	SubscriptionBalanceUpdated event published

2024-05-17T21:01:16.110Z 2024-05-17T21:01:16.110Z	ffe0c522-ee25-5bdf-bf0a-9be329f93dbf	INFO	Processing message e30df461-1a5d-475f-be65-d0c7382b3514

2024-05-17T21:01:16.116Z 2024-05-17T21:01:16.116Z	ffe0c522-ee25-5bdf-bf0a-9be329f93dbf	INFO	Start syncing the balance {
  transaction: {
    id: '01HY45QSQ678RAYFHV3E5YQZ1R',
    type: 'DEBIT',
    source: 'MANUAL_DEDUCTION',
    action: 'DELIVERY_DEDUCTION',
    userId: 'ec4917ea-17aa-47cc-84b3-09fb1fd66ced',
    paymentBalance: 1980,
    updatePaymentBalance: true,
    metadata: '{"walletId":"wallet#ec4917ea-17aa-47cc-84b3-09fb1fd66ced","deliveryId":"aac7075e-e721-4768-a0aa-741fc628af70","walletSk":"aac7075e-e721-4768-a0aa-741fc628af70"}',
    currency: 'SAR',
    amount: 90,
    vat: 0,
    oldBalance: 2070,
    newBalance: 1980
  }
}

2024-05-17T21:01:16.163Z 2024-05-17T21:01:16.163Z	ffe0c522-ee25-5bdf-bf0a-9be329f93dbf	INFO	SubscriptionBalanceUpdated event published

2024-05-17T21:01:16.178Z 2024-05-17T21:01:16.178Z	ffe0c522-ee25-5bdf-bf0a-9be329f93dbf	INFO	Processing message 7da9ac23-587e-47bd-ba58-df0d9baa6e10

2024-05-17T21:01:16.183Z 2024-05-17T21:01:16.183Z	ffe0c522-ee25-5bdf-bf0a-9be329f93dbf	INFO	Start syncing the balance {
  transaction: {
    id: '01HY45QSZRX7BEPFAP71VXR3DB',
    type: 'DEBIT',
    source: 'MANUAL_DEDUCTION',
    action: 'DELIVERY_DEDUCTION',
    userId: '921f6d7c-e48e-4e91-90b4-9823e41b9c55',
    paymentBalance: 845.091,
    updatePaymentBalance: true,
    metadata: '{"walletId":"wallet#921f6d7c-e48e-4e91-90b4-9823e41b9c55","deliveryId":"27f1aacb-aaa4-495c-8c46-b4617185c124","walletSk":"27f1aacb-aaa4-495c-8c46-b4617185c124"}',
    currency: 'BHD',
    amount: 4,
    vat: 0,
    oldBalance: 849.091,
    newBalance: 845.091
  }
}

2024-05-17T21:01:16.256Z 2024-05-17T21:01:16.256Z	ffe0c522-ee25-5bdf-bf0a-9be329f93dbf	INFO	SubscriptionBalanceUpdated event published

2024-05-17T21:01:16.271Z 2024-05-17T21:01:16.271Z	ffe0c522-ee25-5bdf-bf0a-9be329f93dbf	INFO	Processing message 12d39056-af6c-44d6-8bac-345c8b05668f

2024-05-17T21:01:16.276Z 2024-05-17T21:01:16.276Z	ffe0c522-ee25-5bdf-bf0a-9be329f93dbf	INFO	Start syncing the balance {
  transaction: {
    id: '01HY45QST2NYC8DKJ6PZW4RZY0',
    type: 'DEBIT',
    source: 'MANUAL_DEDUCTION',
    action: 'DELIVERY_DEDUCTION',
    userId: '8bc3bf0b-126a-41a1-8202-85f2a903e080',
    paymentBalance: 99,
    updatePaymentBalance: true,
    metadata: '{"walletId":"wallet#8bc3bf0b-126a-41a1-8202-85f2a903e080","deliveryId":"fbda68fe-3b17-42ed-a473-eb00bf839083","walletSk":"fbda68fe-3b17-42ed-a473-eb00bf839083"}',
    currency: 'BHD',
    amount: 8.5,
    vat: 0,
    oldBalance: 107.5,
    newBalance: 99
  }
}

2024-05-17T21:01:16.310Z 2024-05-17T21:01:16.310Z	ffe0c522-ee25-5bdf-bf0a-9be329f93dbf	INFO	SubscriptionBalanceUpdated event published

2024-05-17T21:01:16.324Z 2024-05-17T21:01:16.324Z	ffe0c522-ee25-5bdf-bf0a-9be329f93dbf	INFO	Processing message e0d20956-cc80-4d42-afb1-0485807fde9a

2024-05-17T21:01:16.328Z 2024-05-17T21:01:16.328Z	ffe0c522-ee25-5bdf-bf0a-9be329f93dbf	INFO	Start syncing the balance {
  transaction: {
    id: '01HY45QSXAMYARTK884FNKWHW7',
    type: 'DEBIT',
    source: 'MANUAL_DEDUCTION',
    action: 'DELIVERY_DEDUCTION',
    userId: 'bf6bc6e9-7965-49df-b7ec-09414e01159b',
    paymentBalance: 72,
    updatePaymentBalance: true,
    metadata: '{"walletId":"wallet#bf6bc6e9-7965-49df-b7ec-09414e01159b","deliveryId":"7486fc2d-8568-4028-b6cf-55379400024f","walletSk":"7486fc2d-8568-4028-b6cf-55379400024f"}',
    currency: 'BHD',
    amount: 9,
    vat: 0,
    oldBalance: 81,
    newBalance: 72
  }
}

2024-05-17T21:01:16.363Z 2024-05-17T21:01:16.363Z	ffe0c522-ee25-5bdf-bf0a-9be329f93dbf	INFO	SubscriptionBalanceUpdated event published

2024-05-17T21:01:16.379Z END RequestId: ffe0c522-ee25-5bdf-bf0a-9be329f93dbf

2024-05-17T21:01:16.379Z REPORT RequestId: ffe0c522-ee25-5bdf-bf0a-9be329f93dbf	Duration: 351.60 ms	Billed Duration: 352 ms	Memory Size: 1024 MB	Max Memory Used: 154 MB	

2024-05-17T21:01:16.651Z START RequestId: 6e8c2842-634e-5803-af93-7683a492fe63 Version: $LATEST

2024-05-17T21:01:16.676Z 2024-05-17T21:01:16.676Z	6e8c2842-634e-5803-af93-7683a492fe63	INFO	Processing message 4418328d-d1ac-4924-ae09-59192e20fd87

2024-05-17T21:01:16.682Z 2024-05-17T21:01:16.682Z	6e8c2842-634e-5803-af93-7683a492fe63	INFO	Start syncing the balance {
  transaction: {
    id: '01HY45QTJS4WYC5G1V46AP94AZ',
    type: 'DEBIT',
    source: 'MANUAL_DEDUCTION',
    action: 'DELIVERY_DEDUCTION',
    userId: '4193ff00-96dd-4e41-8d0c-56717759b9d8',
    paymentBalance: 1440,
    updatePaymentBalance: true,
    metadata: '{"walletId":"wallet#4193ff00-96dd-4e41-8d0c-56717759b9d8","deliveryId":"6e987779-b5e5-4748-9769-7cea275239db","walletSk":"6e987779-b5e5-4748-9769-7cea275239db"}',
    currency: 'SAR',
    amount: 90,
    vat: 0,
    oldBalance: 3330,
    newBalance: 3240
  }
}

2024-05-17T21:01:16.721Z 2024-05-17T21:01:16.721Z	6e8c2842-634e-5803-af93-7683a492fe63	INFO	SubscriptionBalanceUpdated event published

2024-05-17T21:01:16.734Z 2024-05-17T21:01:16.734Z	6e8c2842-634e-5803-af93-7683a492fe63	ERROR	Subscription balance and payment balance are not in sync {
  userId: '4193ff00-96dd-4e41-8d0c-56717759b9d8',
  subscriptionBalance: 3240,
  paymentBalance: 1440
}

2024-05-17T21:01:16.750Z 2024-05-17T21:01:16.750Z	6e8c2842-634e-5803-af93-7683a492fe63	INFO	Processing message 49aaa1f1-4f2a-42ed-a197-5ebea60f02bf

2024-05-17T21:01:16.755Z 2024-05-17T21:01:16.755Z	6e8c2842-634e-5803-af93-7683a492fe63	INFO	Start syncing the balance {
  transaction: {
    id: '01HY45QTH7PXJ12N1HWC2NHAQ9',
    type: 'DEBIT',
    source: 'MANUAL_DEDUCTION',
    action: 'DELIVERY_DEDUCTION',
    userId: '8a94a037-b26f-46d7-9daf-eb847ba07d84',
    paymentBalance: 0,
    updatePaymentBalance: true,
    metadata: '{"walletId":"wallet#8a94a037-b26f-46d7-9daf-eb847ba07d84","deliveryId":"e7c8e607-c562-46d5-9275-3bc3a7c9318d","walletSk":"e7c8e607-c562-46d5-9275-3bc3a7c9318d"}',
    currency: 'BHD',
    amount: 5,
    vat: 0,
    oldBalance: 5,
    newBalance: 0
  }
}

2024-05-17T21:01:16.790Z 2024-05-17T21:01:16.790Z	6e8c2842-634e-5803-af93-7683a492fe63	INFO	SubscriptionBalanceUpdated event published

2024-05-17T21:01:16.805Z 2024-05-17T21:01:16.805Z	6e8c2842-634e-5803-af93-7683a492fe63	INFO	Processing message 99265776-5cce-4dce-8600-f1424044bdf7

2024-05-17T21:01:16.810Z 2024-05-17T21:01:16.810Z	6e8c2842-634e-5803-af93-7683a492fe63	INFO	Start syncing the balance {
  transaction: {
    id: '01HY45QTQXSHTSV80Q0JVNQKS2',
    type: 'DEBIT',
    source: 'MANUAL_DEDUCTION',
    action: 'DELIVERY_DEDUCTION',
    userId: 'a798aaca-ef61-44fe-a551-ca70b130cd82',
    paymentBalance: 135,
    updatePaymentBalance: true,
    metadata: '{"walletId":"wallet#a798aaca-ef61-44fe-a551-ca70b130cd82","deliveryId":"e63aa15a-0884-4c6a-a789-ba0f1ab89821","walletSk":"e63aa15a-0884-4c6a-a789-ba0f1ab89821"}',
    currency: 'BHD',
    amount: 9,
    vat: 0,
    oldBalance: 144,
    newBalance: 135
  }
}

2024-05-17T21:01:16.845Z 2024-05-17T21:01:16.845Z	6e8c2842-634e-5803-af93-7683a492fe63	INFO	SubscriptionBalanceUpdated event published

2024-05-17T21:01:16.859Z 2024-05-17T21:01:16.859Z	6e8c2842-634e-5803-af93-7683a492fe63	INFO	Processing message f6f3a149-2b7b-448d-95fa-843299a12df7

2024-05-17T21:01:16.865Z 2024-05-17T21:01:16.865Z	6e8c2842-634e-5803-af93-7683a492fe63	INFO	Start syncing the balance {
  transaction: {
    id: '01HY45QTPC7EW5A5BJXWW111T1',
    type: 'DEBIT',
    source: 'MANUAL_DEDUCTION',
    action: 'DELIVERY_DEDUCTION',
    userId: '8330737a-1e59-450e-aeb0-e22674298030',
    paymentBalance: 66.755,
    updatePaymentBalance: true,
    metadata: '{"walletId":"wallet#8330737a-1e59-450e-aeb0-e22674298030","deliveryId":"df89e954-d63f-4d3e-af74-1e1d0e81cc27","walletSk":"df89e954-d63f-4d3e-af74-1e1d0e81cc27"}',
    currency: 'BHD',
    amount: 1.8,
    vat: 0,
    oldBalance: 68.555,
    newBalance: 66.755
  }
}

2024-05-17T21:01:16.900Z 2024-05-17T21:01:16.900Z	6e8c2842-634e-5803-af93-7683a492fe63	INFO	SubscriptionBalanceUpdated event published

2024-05-17T21:01:16.914Z END RequestId: 6e8c2842-634e-5803-af93-7683a492fe63

2024-05-17T21:01:16.914Z REPORT RequestId: 6e8c2842-634e-5803-af93-7683a492fe63	Duration: 262.62 ms	Billed Duration: 263 ms	Memory Size: 1024 MB	Max Memory Used: 154 MB	

2024-05-17T21:01:17.058Z START RequestId: b91df325-452d-579a-b8b3-ade482f18cd0 Version: $LATEST

2024-05-17T21:01:17.074Z 2024-05-17T21:01:17.074Z	b91df325-452d-579a-b8b3-ade482f18cd0	INFO	Processing message 219660af-dd52-4e32-8ed1-fdc31625ebf2

2024-05-17T21:01:17.079Z 2024-05-17T21:01:17.079Z	b91df325-452d-579a-b8b3-ade482f18cd0	INFO	Start syncing the balance {
  transaction: {
    id: '01HY45QTV44NDHXGFKF132HG7S',
    type: 'DEBIT',
    source: 'MANUAL_DEDUCTION',
    action: 'DELIVERY_DEDUCTION',
    userId: '9595556f-b8bd-4337-955a-aa87f7d46409',
    paymentBalance: 380,
    updatePaymentBalance: true,
    metadata: '{"walletId":"wallet#9595556f-b8bd-4337-955a-aa87f7d46409","deliveryId":"12e2aaff-53dd-44cf-af92-f5da376f43c1","walletSk":"12e2aaff-53dd-44cf-af92-f5da376f43c1"}',
    currency: 'SAR',
    amount: 90,
    vat: 0,
    oldBalance: 470,
    newBalance: 380
  }
}

2024-05-17T21:01:17.117Z 2024-05-17T21:01:17.117Z	b91df325-452d-579a-b8b3-ade482f18cd0	INFO	SubscriptionBalanceUpdated event published

2024-05-17T21:01:17.132Z END RequestId: b91df325-452d-579a-b8b3-ade482f18cd0

2024-05-17T21:01:17.132Z REPORT RequestId: b91df325-452d-579a-b8b3-ade482f18cd0	Duration: 74.12 ms	Billed Duration: 75 ms	Memory Size: 1024 MB	Max Memory Used: 154 MB	

2024-05-17T21:01:17.146Z START RequestId: ad3014c5-882b-5104-a7dd-4a044ff68764 Version: $LATEST

2024-05-17T21:01:17.170Z 2024-05-17T21:01:17.170Z	ad3014c5-882b-5104-a7dd-4a044ff68764	INFO	Processing message f63f877d-8494-48bd-94cb-e59157b3b68e

2024-05-17T21:01:17.175Z 2024-05-17T21:01:17.175Z	ad3014c5-882b-5104-a7dd-4a044ff68764	INFO	Start syncing the balance {
  transaction: {
    id: '01HY45QV0KVZGJ5YTGS6XV7EGS',
    type: 'DEBIT',
    source: 'MANUAL_DEDUCTION',
    action: 'DELIVERY_DEDUCTION',
    userId: 'dd0ea762-90a1-4f41-9926-f8a2a8da4ab1',
    paymentBalance: 1260,
    updatePaymentBalance: true,
    metadata: '{"walletId":"wallet#dd0ea762-90a1-4f41-9926-f8a2a8da4ab1","deliveryId":"e75c146b-36cc-400b-bb35-24b5ee4516b7","walletSk":"e75c146b-36cc-400b-bb35-24b5ee4516b7"}',
    currency: 'SAR',
    amount: 90,
    vat: 0,
    oldBalance: 1350,
    newBalance: 1260
  }
}

2024-05-17T21:01:17.211Z 2024-05-17T21:01:17.211Z	ad3014c5-882b-5104-a7dd-4a044ff68764	INFO	SubscriptionBalanceUpdated event published

2024-05-17T21:01:17.225Z END RequestId: ad3014c5-882b-5104-a7dd-4a044ff68764

2024-05-17T21:01:17.225Z REPORT RequestId: ad3014c5-882b-5104-a7dd-4a044ff68764	Duration: 79.03 ms	Billed Duration: 80 ms	Memory Size: 1024 MB	Max Memory Used: 154 MB	

