2024-04-01T21:01:10.984Z 2024-04-01T21:01:10.984Z	170313a3-5a49-5321-88dc-4d26789cfb56	INFO	SubscriptionBalanceUpdated event published

2024-04-01T21:01:11.008Z END RequestId: 170313a3-5a49-5321-88dc-4d26789cfb56

2024-04-01T21:01:11.008Z REPORT RequestId: 170313a3-5a49-5321-88dc-4d26789cfb56	Duration: 998.82 ms	Billed Duration: 999 ms	Memory Size: 1024 MB	Max Memory Used: 130 MB	

2024-04-01T21:01:11.195Z START RequestId: 22e6f947-811e-59b8-8b30-a7c2a3c8b1cf Version: $LATEST

2024-04-01T21:01:11.238Z 2024-04-01T21:01:11.238Z	22e6f947-811e-59b8-8b30-a7c2a3c8b1cf	INFO	Processing message 0721c494-a29b-42a2-b9f6-44935ce2163e

2024-04-01T21:01:11.249Z 2024-04-01T21:01:11.249Z	22e6f947-811e-59b8-8b30-a7c2a3c8b1cf	INFO	Start syncing the balance {
  transaction: {
    id: '01HTDQEH4BQKP1XSY5MQF7FDJ3',
    type: 'DEBIT',
    source: 'MANUAL_DEDUCTION',
    action: 'DELIVERY_DEDUCTION',
    userId: '89fba58b-ef23-44dd-b796-0695d1cde481',
    paymentBalance: 833.998,
    updatePaymentBalance: true,
    metadata: '{"walletId":"wallet#89fba58b-ef23-44dd-b796-0695d1cde481","deliveryId":"8e0b3a88-10e5-4c8f-b80e-d62ee8b65c4d","walletSk":"8e0b3a88-10e5-4c8f-b80e-d62ee8b65c4d"}',
    currency: 'BHD',
    amount: 9.364,
    vat: 0,
    oldBalance: 102.997,
    newBalance: 93.633
  }
}

2024-04-01T21:01:11.339Z 2024-04-01T21:01:11.339Z	22e6f947-811e-59b8-8b30-a7c2a3c8b1cf	INFO	SubscriptionBalanceUpdated event published

2024-04-01T21:01:11.353Z 2024-04-01T21:01:11.353Z	22e6f947-811e-59b8-8b30-a7c2a3c8b1cf	ERROR	Subscription balance and payment balance are not in sync {
  userId: '89fba58b-ef23-44dd-b796-0695d1cde481',
  subscriptionBalance: 93.633,
  paymentBalance: 833.998
}

2024-04-01T21:01:11.372Z 2024-04-01T21:01:11.372Z	22e6f947-811e-59b8-8b30-a7c2a3c8b1cf	INFO	Processing message 6e4668fb-8cdb-4c1b-a74b-20e78d62fb16

2024-04-01T21:01:11.381Z 2024-04-01T21:01:11.381Z	22e6f947-811e-59b8-8b30-a7c2a3c8b1cf	INFO	Start syncing the balance {
  transaction: {
    id: '01HTDQEH95JCPJ8GWD82H7760P',
    type: 'DEBIT',
    source: 'MANUAL_DEDUCTION',
    action: 'DELIVERY_DEDUCTION',
    userId: 'ec5a25e9-6a06-43fa-9eca-0e31ec111076',
    paymentBalance: 3362.878,
    updatePaymentBalance: true,
    metadata: '{"walletId":"wallet#ec5a25e9-6a06-43fa-9eca-0e31ec111076","deliveryId":"1b20dde4-0cf8-4d77-8dd8-614a619c8521","walletSk":"1b20dde4-0cf8-4d77-8dd8-614a619c8521"}',
    currency: 'BHD',
    amount: 9,
    vat: 0,
    oldBalance: 157.181,
    newBalance: 148.181
  }
}

2024-04-01T21:01:11.507Z 2024-04-01T21:01:11.507Z	22e6f947-811e-59b8-8b30-a7c2a3c8b1cf	INFO	SubscriptionBalanceUpdated event published

2024-04-01T21:01:11.521Z 2024-04-01T21:01:11.521Z	22e6f947-811e-59b8-8b30-a7c2a3c8b1cf	ERROR	Subscription balance and payment balance are not in sync {
  userId: 'ec5a25e9-6a06-43fa-9eca-0e31ec111076',
  subscriptionBalance: 148.181,
  paymentBalance: 3362.878
}

2024-04-01T21:01:11.542Z 2024-04-01T21:01:11.542Z	22e6f947-811e-59b8-8b30-a7c2a3c8b1cf	INFO	Processing message a480a138-5751-4034-9b2f-7871c5a39683

2024-04-01T21:01:11.550Z 2024-04-01T21:01:11.550Z	22e6f947-811e-59b8-8b30-a7c2a3c8b1cf	INFO	Start syncing the balance {
  transaction: {
    id: '01HTDQEH9QKT881DXG3NSBTZ7M',
    type: 'DEBIT',
    source: 'MANUAL_DEDUCTION',
    action: 'DELIVERY_DEDUCTION',
    userId: '8b293101-dfef-43ed-9095-ac05a1507d34',
    paymentBalance: 75.321,
    updatePaymentBalance: true,
    metadata: '{"walletId":"wallet#8b293101-dfef-43ed-9095-ac05a1507d34","deliveryId":"7982100e-7b86-49fc-88d7-c02677a692a6","walletSk":"7982100e-7b86-49fc-88d7-c02677a692a6"}',
    currency: 'BHD',
    amount: 4.5,
    vat: 0,
    oldBalance: 79.821,
    newBalance: 75.321
  }
}

2024-04-01T21:01:11.603Z 2024-04-01T21:01:11.603Z	22e6f947-811e-59b8-8b30-a7c2a3c8b1cf	INFO	SubscriptionBalanceUpdated event published

2024-04-01T21:01:11.618Z 2024-04-01T21:01:11.618Z	22e6f947-811e-59b8-8b30-a7c2a3c8b1cf	INFO	Processing message 4e5bf864-c49a-4e41-939e-bc562e1564fc

2024-04-01T21:01:11.625Z 2024-04-01T21:01:11.625Z	22e6f947-811e-59b8-8b30-a7c2a3c8b1cf	INFO	Start syncing the balance {
  transaction: {
    id: '01HTDQEHERSA4RR01CATZE666T',
    type: 'DEBIT',
    source: 'MANUAL_DEDUCTION',
    action: 'DELIVERY_DEDUCTION',
    userId: '8696adcb-0a63-49cd-b41a-a4fd9a2aecdd',
    paymentBalance: 48,
    updatePaymentBalance: true,
    metadata: '{"walletId":"wallet#8696adcb-0a63-49cd-b41a-a4fd9a2aecdd","deliveryId":"8ef10c42-25bb-4722-9e36-e05928561dd1","walletSk":"8ef10c42-25bb-4722-9e36-e05928561dd1"}',
    currency: 'BHD',
    amount: 8,
    vat: 0,
    oldBalance: 56,
    newBalance: 48
  }
}

2024-04-01T21:01:11.679Z 2024-04-01T21:01:11.679Z	22e6f947-811e-59b8-8b30-a7c2a3c8b1cf	INFO	SubscriptionBalanceUpdated event published

2024-04-01T21:01:11.693Z 2024-04-01T21:01:11.693Z	22e6f947-811e-59b8-8b30-a7c2a3c8b1cf	INFO	Processing message 8629daef-2933-419a-ab31-1dd7de3176c1

2024-04-01T21:01:11.700Z 2024-04-01T21:01:11.700Z	22e6f947-811e-59b8-8b30-a7c2a3c8b1cf	INFO	Start syncing the balance {
  transaction: {
    id: '01HTDQEHF8X6SNFP7CPAFTCNFC',
    type: 'DEBIT',
    source: 'MANUAL_DEDUCTION',
    action: 'DELIVERY_DEDUCTION',
    userId: '03cca6cd-e3af-4bff-a7e1-c0e7c2ff7e2f',
    paymentBalance: 88,
    updatePaymentBalance: true,
    metadata: '{"walletId":"wallet#03cca6cd-e3af-4bff-a7e1-c0e7c2ff7e2f","deliveryId":"1284bb9d-9754-477e-b5b1-849d40a5ecb5","walletSk":"1284bb9d-9754-477e-b5b1-849d40a5ecb5"}',
    currency: 'BHD',
    amount: 8,
    vat: 0,
    oldBalance: 96,
    newBalance: 88
  }
}

2024-04-01T21:01:11.754Z 2024-04-01T21:01:11.754Z	22e6f947-811e-59b8-8b30-a7c2a3c8b1cf	INFO	SubscriptionBalanceUpdated event published

2024-04-01T21:01:11.768Z 2024-04-01T21:01:11.768Z	22e6f947-811e-59b8-8b30-a7c2a3c8b1cf	INFO	Processing message be184eb5-cb23-44d8-a00b-aafcf86acb42

2024-04-01T21:01:11.774Z 2024-04-01T21:01:11.774Z	22e6f947-811e-59b8-8b30-a7c2a3c8b1cf	INFO	Start syncing the balance {
  transaction: {
    id: '01HTDQEHM0KWS0HAZ0233N954J',
    type: 'DEBIT',
    source: 'MANUAL_DEDUCTION',
    action: 'DELIVERY_DEDUCTION',
    userId: 'c4f83b6a-31d6-4110-95f2-3d46bc1de649',
    paymentBalance: 2122.5,
    updatePaymentBalance: true,
    metadata: '{"walletId":"wallet#c4f83b6a-31d6-4110-95f2-3d46bc1de649","deliveryId":"9c2dbc32-5018-41c5-90cd-e9f2dff9ebcc","walletSk":"9c2dbc32-5018-41c5-90cd-e9f2dff9ebcc"}',
    currency: 'SAR',
    amount: 81,
    vat: 0,
    oldBalance: 2203.5,
    newBalance: 2122.5
  }
}

2024-04-01T21:01:11.830Z 2024-04-01T21:01:11.830Z	22e6f947-811e-59b8-8b30-a7c2a3c8b1cf	INFO	SubscriptionBalanceUpdated event published

2024-04-01T21:01:11.842Z 2024-04-01T21:01:11.842Z	22e6f947-811e-59b8-8b30-a7c2a3c8b1cf	INFO	Processing message 9c411160-f8c6-43bc-a9e3-f96a2091a4c7

2024-04-01T21:01:11.852Z 2024-04-01T21:01:11.852Z	22e6f947-811e-59b8-8b30-a7c2a3c8b1cf	INFO	Start syncing the balance {
  transaction: {
    id: '01HTDQEHNB0Q24YJXM67G76Z4M',
    type: 'DEBIT',
    source: 'MANUAL_DEDUCTION',
    action: 'DELIVERY_DEDUCTION',
    userId: 'a8a358d0-49ea-4e08-8f8a-b2757bc3f49d',
    paymentBalance: 171,
    updatePaymentBalance: true,
    metadata: '{"walletId":"wallet#a8a358d0-49ea-4e08-8f8a-b2757bc3f49d","deliveryId":"72c87989-89f1-463f-bf33-68a8220dbf52","walletSk":"72c87989-89f1-463f-bf33-68a8220dbf52"}',
    currency: 'BHD',
    amount: 9,
    vat: 0,
    oldBalance: 180,
    newBalance: 171
  }
}

2024-04-01T21:01:11.904Z 2024-04-01T21:01:11.904Z	22e6f947-811e-59b8-8b30-a7c2a3c8b1cf	INFO	SubscriptionBalanceUpdated event published

2024-04-01T21:01:11.915Z 2024-04-01T21:01:11.915Z	22e6f947-811e-59b8-8b30-a7c2a3c8b1cf	INFO	Processing message 19f127c8-66fb-4655-afb2-a2c0515901b2

2024-04-01T21:01:11.921Z 2024-04-01T21:01:11.921Z	22e6f947-811e-59b8-8b30-a7c2a3c8b1cf	INFO	Start syncing the balance {
  transaction: {
    id: '01HTDQEHBRX5R8BN43YGBCDB58',
    type: 'DEBIT',
    source: 'MANUAL_DEDUCTION',
    action: 'DELIVERY_DEDUCTION',
    userId: '30733090-6dcc-449f-80e6-af5e6f3f1e02',
    paymentBalance: 48,
    updatePaymentBalance: true,
    metadata: '{"walletId":"wallet#30733090-6dcc-449f-80e6-af5e6f3f1e02","deliveryId":"ea227039-f012-4e4c-ad0a-ae7ae17e8fde","walletSk":"ea227039-f012-4e4c-ad0a-ae7ae17e8fde"}',
    currency: 'BHD',
    amount: 8,
    vat: 0,
    oldBalance: 56,
    newBalance: 48
  }
}

2024-04-01T21:01:12.010Z 2024-04-01T21:01:12.010Z	22e6f947-811e-59b8-8b30-a7c2a3c8b1cf	INFO	SubscriptionBalanceUpdated event published

2024-04-01T21:01:12.025Z 2024-04-01T21:01:12.025Z	22e6f947-811e-59b8-8b30-a7c2a3c8b1cf	INFO	Processing message 29cad759-1f35-4a34-8bd9-6bf591a8772e

2024-04-01T21:01:12.031Z 2024-04-01T21:01:12.031Z	22e6f947-811e-59b8-8b30-a7c2a3c8b1cf	INFO	Start syncing the balance {
  transaction: {
    id: '01HTDQEHTFKVFKZMHWSSM8N04F',
    type: 'DEBIT',
    source: 'MANUAL_DEDUCTION',
    action: 'DELIVERY_DEDUCTION',
    userId: 'd469e45d-23f3-4430-b828-549a9237ea86',
    paymentBalance: 720,
    updatePaymentBalance: true,
    metadata: '{"walletId":"wallet#d469e45d-23f3-4430-b828-549a9237ea86","deliveryId":"32f2699a-f61c-4d4e-9d38-dcd529e8e3c9","walletSk":"32f2699a-f61c-4d4e-9d38-dcd529e8e3c9"}',
    currency: 'SAR',
    amount: 90,
    vat: 0,
    oldBalance: 810,
    newBalance: 720
  }
}

2024-04-01T21:01:12.086Z 2024-04-01T21:01:12.086Z	22e6f947-811e-59b8-8b30-a7c2a3c8b1cf	INFO	SubscriptionBalanceUpdated event published

2024-04-01T21:01:12.099Z 2024-04-01T21:01:12.099Z	22e6f947-811e-59b8-8b30-a7c2a3c8b1cf	INFO	Processing message f181b2d0-e4d7-4ecc-9a5a-1120edf51fe3

2024-04-01T21:01:12.109Z 2024-04-01T21:01:12.109Z	22e6f947-811e-59b8-8b30-a7c2a3c8b1cf	INFO	Start syncing the balance {
  transaction: {
    id: '01HTDQEHSAZQ4CSQXXYV9HJF55',
    type: 'DEBIT',
    source: 'MANUAL_DEDUCTION',
    action: 'DELIVERY_DEDUCTION',
    userId: 'e9227141-8df9-46c9-bbbf-7228b3ad82c1',
    paymentBalance: 63.5,
    updatePaymentBalance: true,
    metadata: '{"walletId":"wallet#e9227141-8df9-46c9-bbbf-7228b3ad82c1","deliveryId":"9cb9d68e-117f-4430-b609-319582432e09","walletSk":"9cb9d68e-117f-4430-b609-319582432e09"}',
    currency: 'BHD',
    amount: 9,
    vat: 0,
    oldBalance: 72.5,
    newBalance: 63.5
  }
}

2024-04-01T21:01:12.167Z 2024-04-01T21:01:12.167Z	22e6f947-811e-59b8-8b30-a7c2a3c8b1cf	INFO	SubscriptionBalanceUpdated event published

2024-04-01T21:01:12.182Z END RequestId: 22e6f947-811e-59b8-8b30-a7c2a3c8b1cf

2024-04-01T21:01:12.182Z REPORT RequestId: 22e6f947-811e-59b8-8b30-a7c2a3c8b1cf	Duration: 986.43 ms	Billed Duration: 987 ms	Memory Size: 1024 MB	Max Memory Used: 132 MB	

2024-04-01T21:01:12.534Z START RequestId: fd26d3a2-bf6a-5baa-9533-8d279db25269 Version: $LATEST

2024-04-01T21:01:12.562Z 2024-04-01T21:01:12.562Z	fd26d3a2-bf6a-5baa-9533-8d279db25269	INFO	Processing message 650dece7-c7ab-4236-996e-fe8bf304f612

2024-04-01T21:01:12.570Z 2024-04-01T21:01:12.570Z	fd26d3a2-bf6a-5baa-9533-8d279db25269	INFO	Start syncing the balance {
  transaction: {
    id: '01HTDQEKZN3R8R3MXXNMTQNFF9',
    type: 'DEBIT',
    source: 'MANUAL_DEDUCTION',
    action: 'DELIVERY_DEDUCTION',
    userId: '1306427b-7f89-48fd-8bf0-ee859c8b95d4',
    paymentBalance: 51467,
    updatePaymentBalance: true,
    metadata: '{"walletId":"wallet#1306427b-7f89-48fd-8bf0-ee859c8b95d4","deliveryId":"81d3d2fd-873c-43b1-9297-04c23f15d035","walletSk":"81d3d2fd-873c-43b1-9297-04c23f15d035"}',
    currency: 'SAR',
    amount: 81,
    vat: 0,
    oldBalance: 51548,
    newBalance: 51467
  }
}

2024-04-01T21:01:12.652Z 2024-04-01T21:01:12.652Z	fd26d3a2-bf6a-5baa-9533-8d279db25269	INFO	SubscriptionBalanceUpdated event published

2024-04-01T21:01:12.678Z 2024-04-01T21:01:12.678Z	fd26d3a2-bf6a-5baa-9533-8d279db25269	INFO	Processing message c1ec98b1-3bc4-4854-bf7b-66b195ff9676

2024-04-01T21:01:12.686Z 2024-04-01T21:01:12.686Z	fd26d3a2-bf6a-5baa-9533-8d279db25269	INFO	Start syncing the balance {
  transaction: {
    id: '01HTDQEM0YQ0THPKN11ZC7CNE2',
    type: 'DEBIT',
    source: 'MANUAL_DEDUCTION',
    action: 'DELIVERY_DEDUCTION',
    userId: '660c08ce-e429-44cc-8f56-d05deea2018e',
    paymentBalance: 19800,
    updatePaymentBalance: true,
    metadata: '{"walletId":"wallet#660c08ce-e429-44cc-8f56-d05deea2018e","deliveryId":"36de10c7-25a2-4890-947e-6c5495d35c54","walletSk":"36de10c7-25a2-4890-947e-6c5495d35c54"}',
    currency: 'BHD',
    amount: 10,
    vat: 0,
    oldBalance: 19810,
    newBalance: 19800
  }
}

2024-04-01T21:01:12.735Z 2024-04-01T21:01:12.735Z	fd26d3a2-bf6a-5baa-9533-8d279db25269	INFO	SubscriptionBalanceUpdated event published

2024-04-01T21:01:12.747Z 2024-04-01T21:01:12.747Z	fd26d3a2-bf6a-5baa-9533-8d279db25269	INFO	Processing message 2f72f280-4aa3-46ec-b368-971a59dec0ba

2024-04-01T21:01:12.755Z 2024-04-01T21:01:12.755Z	fd26d3a2-bf6a-5baa-9533-8d279db25269	INFO	Start syncing the balance {
  transaction: {
    id: '01HTDQEKXZ1DV8JAY5PEEV25JZ',
    type: 'DEBIT',
    source: 'MANUAL_DEDUCTION',
    action: 'DELIVERY_DEDUCTION',
    userId: '85b299bd-0fd0-4ed0-8614-3332cdf067dd',
    paymentBalance: 535,
    updatePaymentBalance: true,
    metadata: '{"walletId":"wallet#85b299bd-0fd0-4ed0-8614-3332cdf067dd","deliveryId":"e72e05a0-8144-4b9c-9bff-7da1cb44d3d3","walletSk":"e72e05a0-8144-4b9c-9bff-7da1cb44d3d3"}',
    currency: 'AED',
    amount: 107,
    vat: 0,
    oldBalance: 642,
    newBalance: 535
  }
}

2024-04-01T21:01:12.805Z 2024-04-01T21:01:12.805Z	fd26d3a2-bf6a-5baa-9533-8d279db25269	INFO	SubscriptionBalanceUpdated event published

2024-04-01T21:01:12.821Z 2024-04-01T21:01:12.821Z	fd26d3a2-bf6a-5baa-9533-8d279db25269	INFO	Processing message 0a0cdcf5-b9f6-49ae-b062-8bef1d77f6ae

2024-04-01T21:01:12.829Z 2024-04-01T21:01:12.829Z	fd26d3a2-bf6a-5baa-9533-8d279db25269	INFO	Start syncing the balance {
  transaction: {
    id: '01HTDQEM2RBNW8PV1P3WJX57JT',
    type: 'DEBIT',
    source: 'MANUAL_DEDUCTION',
    action: 'DELIVERY_DEDUCTION',
    userId: '65413bc6-0755-451e-8e53-caf2833ea8b1',
    paymentBalance: 1912.5,
    updatePaymentBalance: true,
    metadata: '{"walletId":"wallet#65413bc6-0755-451e-8e53-caf2833ea8b1","deliveryId":"d28074b0-1d2f-4ad4-aa93-9a2f4652dc9f","walletSk":"d28074b0-1d2f-4ad4-aa93-9a2f4652dc9f"}',
    currency: 'SAR',
    amount: 81,
    vat: 0,
    oldBalance: 1993.5,
    newBalance: 1912.5
  }
}

2024-04-01T21:01:12.887Z 2024-04-01T21:01:12.887Z	fd26d3a2-bf6a-5baa-9533-8d279db25269	INFO	SubscriptionBalanceUpdated event published

2024-04-01T21:01:12.901Z 2024-04-01T21:01:12.901Z	fd26d3a2-bf6a-5baa-9533-8d279db25269	INFO	Processing message 07bf7968-f600-4064-a42c-01c57e15aac8

2024-04-01T21:01:12.907Z 2024-04-01T21:01:12.907Z	fd26d3a2-bf6a-5baa-9533-8d279db25269	INFO	Start syncing the balance {
  transaction: {
    id: '01HTDQEMBS00PY3GKJRACSEGED',
    type: 'DEBIT',
    source: 'MANUAL_DEDUCTION',
    action: 'DELIVERY_DEDUCTION',
    userId: '4a3c1af0-6939-4d17-b8c0-967edf23d425',
    paymentBalance: 1155,
    updatePaymentBalance: true,
    metadata: '{"walletId":"wallet#4a3c1af0-6939-4d17-b8c0-967edf23d425","deliveryId":"fcced655-c0a0-4e80-839c-17b8c3871d48","walletSk":"fcced655-c0a0-4e80-839c-17b8c3871d48"}',
    currency: 'SAR',
    amount: 105,
    vat: 0,
    oldBalance: 1260,
    newBalance: 1155
  }
}

2024-04-01T21:01:12.972Z 2024-04-01T21:01:12.972Z	fd26d3a2-bf6a-5baa-9533-8d279db25269	INFO	SubscriptionBalanceUpdated event published

2024-04-01T21:01:12.988Z 2024-04-01T21:01:12.988Z	fd26d3a2-bf6a-5baa-9533-8d279db25269	INFO	Processing message 665639b4-f48d-4f28-a364-82b914833588

2024-04-01T21:01:12.994Z 2024-04-01T21:01:12.994Z	fd26d3a2-bf6a-5baa-9533-8d279db25269	INFO	Start syncing the balance {
  transaction: {
    id: '01HTDQEM884RJA9J7R6K7W3HF9',
    type: 'DEBIT',
    source: 'MANUAL_DEDUCTION',
    action: 'DELIVERY_DEDUCTION',
    userId: '10be897d-92e5-4351-9946-e5af6c46e1e9',
    paymentBalance: 27,
    updatePaymentBalance: true,
    metadata: '{"walletId":"wallet#10be897d-92e5-4351-9946-e5af6c46e1e9","deliveryId":"9ddac1ab-0933-4994-a73a-09c2abc28e47","walletSk":"9ddac1ab-0933-4994-a73a-09c2abc28e47"}',
    currency: 'BHD',
    amount: 4.5,
    vat: 0,
    oldBalance: 31.5,
    newBalance: 27
  }
}

2024-04-01T21:01:13.042Z 2024-04-01T21:01:13.042Z	fd26d3a2-bf6a-5baa-9533-8d279db25269	INFO	SubscriptionBalanceUpdated event published

2024-04-01T21:01:13.056Z 2024-04-01T21:01:13.056Z	fd26d3a2-bf6a-5baa-9533-8d279db25269	INFO	Processing message dca483d1-b733-48c0-bb8b-8db73299cc7a

2024-04-01T21:01:13.063Z 2024-04-01T21:01:13.063Z	fd26d3a2-bf6a-5baa-9533-8d279db25269	INFO	Start syncing the balance {
  transaction: {
    id: '01HTDQEMC86KYK8W1004VRZ6C1',
    type: 'DEBIT',
    source: 'MANUAL_DEDUCTION',
    action: 'DELIVERY_DEDUCTION',
    userId: 'd6c46650-614a-478f-afee-de5b836244fe',
    paymentBalance: 104,
    updatePaymentBalance: true,
    metadata: '{"walletId":"wallet#d6c46650-614a-478f-afee-de5b836244fe","deliveryId":"8bfc0164-5f16-47e2-9ca2-73f51c2cafd7","walletSk":"8bfc0164-5f16-47e2-9ca2-73f51c2cafd7"}',
    currency: 'BHD',
    amount: 8,
    vat: 0,
    oldBalance: 112,
    newBalance: 104
  }
}

2024-04-01T21:01:13.112Z 2024-04-01T21:01:13.112Z	fd26d3a2-bf6a-5baa-9533-8d279db25269	INFO	SubscriptionBalanceUpdated event published

2024-04-01T21:01:13.126Z 2024-04-01T21:01:13.126Z	fd26d3a2-bf6a-5baa-9533-8d279db25269	INFO	Processing message 3c5ffb85-26be-44b5-ae7f-ce13537b068c

2024-04-01T21:01:13.132Z 2024-04-01T21:01:13.132Z	fd26d3a2-bf6a-5baa-9533-8d279db25269	INFO	Start syncing the balance {
  transaction: {
    id: '01HTDQEM5M4HSX50ZC1CZ6HS0W',
    type: 'DEBIT',
    source: 'MANUAL_DEDUCTION',
    action: 'DELIVERY_DEDUCTION',
    userId: 'cadff07c-cd5a-4547-a4fe-8e97e6f0e2ca',
    paymentBalance: 48,
    updatePaymentBalance: true,
    metadata: '{"walletId":"wallet#cadff07c-cd5a-4547-a4fe-8e97e6f0e2ca","deliveryId":"010faa1e-1005-45f6-a78e-5f603680baa9","walletSk":"010faa1e-1005-45f6-a78e-5f603680baa9"}',
    currency: 'BHD',
    amount: 8,
    vat: 0,
    oldBalance: 56,
    newBalance: 48
  }
}

2024-04-01T21:01:13.181Z 2024-04-01T21:01:13.181Z	fd26d3a2-bf6a-5baa-9533-8d279db25269	INFO	SubscriptionBalanceUpdated event published

2024-04-01T21:01:13.193Z 2024-04-01T21:01:13.193Z	fd26d3a2-bf6a-5baa-9533-8d279db25269	INFO	Processing message e6778506-8201-490c-bdb8-2682ac5ce997

2024-04-01T21:01:13.200Z 2024-04-01T21:01:13.200Z	fd26d3a2-bf6a-5baa-9533-8d279db25269	INFO	Start syncing the balance {
  transaction: {
    id: '01HTDQEMFJGES9JVA4AXBZA570',
    type: 'DEBIT',
    source: 'MANUAL_DEDUCTION',
    action: 'DELIVERY_DEDUCTION',
    userId: '66fa1b91-fc58-4c21-b655-b9a46f349758',
    paymentBalance: 64,
    updatePaymentBalance: true,
    metadata: '{"walletId":"wallet#66fa1b91-fc58-4c21-b655-b9a46f349758","deliveryId":"e5b18073-b71f-41c3-882c-38bf4b9249d7","walletSk":"e5b18073-b71f-41c3-882c-38bf4b9249d7"}',
    currency: 'BHD',
    amount: 8,
    vat: 0,
    oldBalance: 72,
    newBalance: 64
  }
}

2024-04-01T21:01:13.252Z 2024-04-01T21:01:13.252Z	fd26d3a2-bf6a-5baa-9533-8d279db25269	INFO	SubscriptionBalanceUpdated event published

2024-04-01T21:01:13.264Z 2024-04-01T21:01:13.264Z	fd26d3a2-bf6a-5baa-9533-8d279db25269	INFO	Processing message b2b4e8f1-bc23-4408-9206-381a3a5b7c99

2024-04-01T21:01:13.271Z 2024-04-01T21:01:13.271Z	fd26d3a2-bf6a-5baa-9533-8d279db25269	INFO	Start syncing the balance {
  transaction: {
    id: '01HTDQEMGYBRWTF724T6AD11T9',
    type: 'DEBIT',
    source: 'MANUAL_DEDUCTION',
    action: 'DELIVERY_DEDUCTION',
    userId: '6d918a91-3780-49d3-9c2c-ea2a8b7a2974',
    paymentBalance: 48,
    updatePaymentBalance: true,
    metadata: '{"walletId":"wallet#6d918a91-3780-49d3-9c2c-ea2a8b7a2974","deliveryId":"9ae7f910-51c5-4374-8a83-7ce77fe1f852","walletSk":"9ae7f910-51c5-4374-8a83-7ce77fe1f852"}',
    currency: 'BHD',
    amount: 8,
    vat: 0,
    oldBalance: 56,
    newBalance: 48
  }
}

2024-04-01T21:01:13.323Z 2024-04-01T21:01:13.323Z	fd26d3a2-bf6a-5baa-9533-8d279db25269	INFO	SubscriptionBalanceUpdated event published

2024-04-01T21:01:13.337Z END RequestId: fd26d3a2-bf6a-5baa-9533-8d279db25269

2024-04-01T21:01:13.337Z REPORT RequestId: fd26d3a2-bf6a-5baa-9533-8d279db25269	Duration: 803.05 ms	Billed Duration: 804 ms	Memory Size: 1024 MB	Max Memory Used: 133 MB	

2024-04-01T21:01:14.531Z START RequestId: 1beecad0-c2fe-5627-9ff4-9455e0241fe4 Version: $LATEST

2024-04-01T21:01:14.556Z 2024-04-01T21:01:14.556Z	1beecad0-c2fe-5627-9ff4-9455e0241fe4	INFO	Processing message cd8737db-a332-4776-bedd-89ce088531d3

2024-04-01T21:01:14.563Z 2024-04-01T21:01:14.563Z	1beecad0-c2fe-5627-9ff4-9455e0241fe4	INFO	Start syncing the balance {
  transaction: {
    id: '01HTDQEN6AV98DQKACBT92XKJ3',
    type: 'DEBIT',
    source: 'MANUAL_DEDUCTION',
    action: 'DELIVERY_DEDUCTION',
    userId: '4418bb9f-4dc0-4fb1-9b49-cc5405c1c8fd',
    paymentBalance: 270,
    updatePaymentBalance: true,
    metadata: '{"walletId":"wallet#4418bb9f-4dc0-4fb1-9b49-cc5405c1c8fd","deliveryId":"7432afc9-05c0-47a3-8e40-2d332ddfbdde","walletSk":"7432afc9-05c0-47a3-8e40-2d332ddfbdde"}',
    currency: 'SAR',
    amount: 90,
    vat: 0,
    oldBalance: 360,
    newBalance: 270
  }
}

2024-04-01T21:01:14.629Z 2024-04-01T21:01:14.629Z	1beecad0-c2fe-5627-9ff4-9455e0241fe4	INFO	SubscriptionBalanceUpdated event published

2024-04-01T21:01:14.643Z 2024-04-01T21:01:14.643Z	1beecad0-c2fe-5627-9ff4-9455e0241fe4	INFO	Processing message f5433efb-37f5-4b5a-b4e8-29781d404436

2024-04-01T21:01:14.648Z 2024-04-01T21:01:14.648Z	1beecad0-c2fe-5627-9ff4-9455e0241fe4	INFO	Start syncing the balance {
  transaction: {
    id: '01HTDQEN9HFNT3J3J02QY8QQ82',
    type: 'DEBIT',
    source: 'MANUAL_DEDUCTION',
    action: 'DELIVERY_DEDUCTION',
    userId: '08c62826-f3ab-4e34-b32d-4bfdf5c3123f',
    paymentBalance: 1170,
    updatePaymentBalance: true,
    metadata: '{"walletId":"wallet#08c62826-f3ab-4e34-b32d-4bfdf5c3123f","deliveryId":"c0efd637-767a-4d23-aa04-83c821c040ab","walletSk":"c0efd637-767a-4d23-aa04-83c821c040ab"}',
    currency: 'SAR',
    amount: 90,
    vat: 0,
    oldBalance: 1260,
    newBalance: 1170
  }
}

2024-04-01T21:01:14.723Z 2024-04-01T21:01:14.723Z	1beecad0-c2fe-5627-9ff4-9455e0241fe4	INFO	SubscriptionBalanceUpdated event published

2024-04-01T21:01:14.739Z 2024-04-01T21:01:14.739Z	1beecad0-c2fe-5627-9ff4-9455e0241fe4	INFO	Processing message 70900326-5eda-4f87-a3fa-b35ede49966f

2024-04-01T21:01:14.747Z 2024-04-01T21:01:14.747Z	1beecad0-c2fe-5627-9ff4-9455e0241fe4	INFO	Start syncing the balance {
  transaction: {
    id: '01HTDQEN672ZX20FM4CGYSK27B',
    type: 'DEBIT',
    source: 'MANUAL_DEDUCTION',
    action: 'DELIVERY_DEDUCTION',
    userId: '7f97b814-017d-430e-9779-877ec174861e',
    paymentBalance: -456.532,
    updatePaymentBalance: true,
    metadata: '{"walletId":"wallet#7f97b814-017d-430e-9779-877ec174861e","deliveryId":"3869174f-2ded-440c-9cc9-8bb5440f0e69","walletSk":"3869174f-2ded-440c-9cc9-8bb5440f0e69"}',
    currency: 'BHD',
    amount: 6,
    vat: 0,
    oldBalance: 555.0878,
    newBalance: 549.088
  }
}

2024-04-01T21:01:14.818Z 2024-04-01T21:01:14.818Z	1beecad0-c2fe-5627-9ff4-9455e0241fe4	INFO	SubscriptionBalanceUpdated event published

2024-04-01T21:01:15.039Z 2024-04-01T21:01:15.039Z	1beecad0-c2fe-5627-9ff4-9455e0241fe4	ERROR	Subscription balance and payment balance are not in sync {
  userId: '7f97b814-017d-430e-9779-877ec174861e',
  subscriptionBalance: 549.088,
  paymentBalance: -456.532
}

2024-04-01T21:01:15.070Z 2024-04-01T21:01:15.070Z	1beecad0-c2fe-5627-9ff4-9455e0241fe4	INFO	Processing message ec261205-9dfb-4706-9b95-dc0b96c97e0f

2024-04-01T21:01:15.077Z 2024-04-01T21:01:15.077Z	1beecad0-c2fe-5627-9ff4-9455e0241fe4	INFO	Start syncing the balance {
  transaction: {
    id: '01HTDQENBFG52M4DZCAH1E36DN',
    type: 'DEBIT',
    source: 'MANUAL_DEDUCTION',
    action: 'DELIVERY_DEDUCTION',
    userId: '5d03c516-74a1-4fec-a784-df1c63ef3294',
    paymentBalance: 48,
    updatePaymentBalance: true,
    metadata: '{"walletId":"wallet#5d03c516-74a1-4fec-a784-df1c63ef3294","deliveryId":"f0454c9f-c4b9-42e8-9466-48fbba69c4cc","walletSk":"f0454c9f-c4b9-42e8-9466-48fbba69c4cc"}',
    currency: 'BHD',
    amount: 8,
    vat: 0,
    oldBalance: 56,
    newBalance: 48
  }
}

2024-04-01T21:01:15.137Z 2024-04-01T21:01:15.137Z	1beecad0-c2fe-5627-9ff4-9455e0241fe4	INFO	SubscriptionBalanceUpdated event published

2024-04-01T21:01:15.150Z 2024-04-01T21:01:15.150Z	1beecad0-c2fe-5627-9ff4-9455e0241fe4	INFO	Processing message c234886a-5bc0-48bf-9ae0-a3e36bd0cf1b

2024-04-01T21:01:15.157Z 2024-04-01T21:01:15.157Z	1beecad0-c2fe-5627-9ff4-9455e0241fe4	INFO	Start syncing the balance {
  transaction: {
    id: '01HTDQENCJNSNK58YMPCGQ9KG4',
    type: 'DEBIT',
    source: 'MANUAL_DEDUCTION',
    action: 'DELIVERY_DEDUCTION',
    userId: '1fd1d3ef-382a-4cad-9a25-2bb8ccb6ab3f',
    paymentBalance: 85.272,
    updatePaymentBalance: true,
    metadata: '{"walletId":"wallet#1fd1d3ef-382a-4cad-9a25-2bb8ccb6ab3f","deliveryId":"de48723b-213e-4348-b941-2b0e467a0af0","walletSk":"de48723b-213e-4348-b941-2b0e467a0af0"}',
    currency: 'BHD',
    amount: 8,
    vat: 0,
    oldBalance: 93.272,
    newBalance: 85.272
  }
}

2024-04-01T21:01:15.209Z 2024-04-01T21:01:15.209Z	1beecad0-c2fe-5627-9ff4-9455e0241fe4	INFO	SubscriptionBalanceUpdated event published

2024-04-01T21:01:15.222Z 2024-04-01T21:01:15.222Z	1beecad0-c2fe-5627-9ff4-9455e0241fe4	INFO	Processing message 9ed6d3f1-1fd6-4afb-a28b-a84fcc48ded5

2024-04-01T21:01:15.229Z 2024-04-01T21:01:15.229Z	1beecad0-c2fe-5627-9ff4-9455e0241fe4	INFO	Start syncing the balance {
  transaction: {
    id: '01HTDQENHE82K57B6860HH8VD0',
    type: 'DEBIT',
    source: 'MANUAL_DEDUCTION',
    action: 'DELIVERY_DEDUCTION',
    userId: 'e92974f4-2838-4f41-9373-ebe52b37aa8a',
    paymentBalance: 0,
    updatePaymentBalance: true,
    metadata: '{"walletId":"wallet#e92974f4-2838-4f41-9373-ebe52b37aa8a","deliveryId":"cba07927-e9d9-4313-9bf8-42a4131fe8b7","walletSk":"cba07927-e9d9-4313-9bf8-42a4131fe8b7"}',
    currency: 'BHD',
    amount: 5,
    vat: 0,
    oldBalance: 5,
    newBalance: 0
  }
}

2024-04-01T21:01:15.281Z 2024-04-01T21:01:15.281Z	1beecad0-c2fe-5627-9ff4-9455e0241fe4	INFO	SubscriptionBalanceUpdated event published

2024-04-01T21:01:15.295Z 2024-04-01T21:01:15.295Z	1beecad0-c2fe-5627-9ff4-9455e0241fe4	INFO	Processing message 5a33616a-f673-40c5-923f-e0c8b96a5864

2024-04-01T21:01:15.300Z 2024-04-01T21:01:15.300Z	1beecad0-c2fe-5627-9ff4-9455e0241fe4	INFO	Start syncing the balance {
  transaction: {
    id: '01HTDQENEMY8801YPMAJJB1W4Y',
    type: 'DEBIT',
    source: 'MANUAL_DEDUCTION',
    action: 'DELIVERY_DEDUCTION',
    userId: '09ab0c9d-acb3-41ef-b844-c50508c878e4',
    paymentBalance: 3880.1,
    updatePaymentBalance: true,
    metadata: '{"walletId":"wallet#09ab0c9d-acb3-41ef-b844-c50508c878e4","deliveryId":"1c40ea62-5b1d-4bbe-b2ed-b5ce615dfb59","walletSk":"1c40ea62-5b1d-4bbe-b2ed-b5ce615dfb59"}',
    currency: 'SAR',
    amount: 63,
    vat: 0,
    oldBalance: 3943.1,
    newBalance: 3880.1
  }
}

2024-04-01T21:01:15.350Z 2024-04-01T21:01:15.350Z	1beecad0-c2fe-5627-9ff4-9455e0241fe4	INFO	SubscriptionBalanceUpdated event published

2024-04-01T21:01:15.365Z 2024-04-01T21:01:15.365Z	1beecad0-c2fe-5627-9ff4-9455e0241fe4	INFO	Processing message 6acc6730-e848-4ac0-b3a8-5a15937ac9c2

2024-04-01T21:01:15.371Z 2024-04-01T21:01:15.371Z	1beecad0-c2fe-5627-9ff4-9455e0241fe4	INFO	Start syncing the balance {
  transaction: {
    id: '01HTDQENFC10EJ3QPB4G328ERW',
    type: 'DEBIT',
    source: 'MANUAL_DEDUCTION',
    action: 'DELIVERY_DEDUCTION',
    userId: '2ae0cc2a-a8fc-436d-aeec-0d7d0064f7b7',
    paymentBalance: 54,
    updatePaymentBalance: true,
    metadata: '{"walletId":"wallet#2ae0cc2a-a8fc-436d-aeec-0d7d0064f7b7","deliveryId":"359c4adf-31ff-48c0-b022-3d6924d0aaac","walletSk":"359c4adf-31ff-48c0-b022-3d6924d0aaac"}',
    currency: 'BHD',
    amount: 9,
    vat: 0,
    oldBalance: 63,
    newBalance: 54
  }
}

2024-04-01T21:01:15.432Z 2024-04-01T21:01:15.432Z	1beecad0-c2fe-5627-9ff4-9455e0241fe4	INFO	SubscriptionBalanceUpdated event published

2024-04-01T21:01:15.444Z 2024-04-01T21:01:15.444Z	1beecad0-c2fe-5627-9ff4-9455e0241fe4	INFO	Processing message 8cf81802-d3cd-4328-8a85-76c8f4f7e0a0

2024-04-01T21:01:15.450Z 2024-04-01T21:01:15.450Z	1beecad0-c2fe-5627-9ff4-9455e0241fe4	INFO	Start syncing the balance {
  transaction: {
    id: '01HTDQENJJ9QQ6WRX72JC6KCP0',
    type: 'DEBIT',
    source: 'MANUAL_DEDUCTION',
    action: 'DELIVERY_DEDUCTION',
    userId: '7366dc6d-d047-46d5-b203-39e81633a8b4',
    paymentBalance: 3086.8,
    updatePaymentBalance: true,
    metadata: '{"walletId":"wallet#7366dc6d-d047-46d5-b203-39e81633a8b4","deliveryId":"7bd6d092-0d04-4289-932d-299978481654","walletSk":"7bd6d092-0d04-4289-932d-299978481654"}',
    currency: 'SAR',
    amount: 39.9,
    vat: 0,
    oldBalance: 3126.7,
    newBalance: 3086.8
  }
}

2024-04-01T21:01:15.508Z 2024-04-01T21:01:15.508Z	1beecad0-c2fe-5627-9ff4-9455e0241fe4	INFO	SubscriptionBalanceUpdated event published

2024-04-01T21:01:15.525Z 2024-04-01T21:01:15.525Z	1beecad0-c2fe-5627-9ff4-9455e0241fe4	INFO	Processing message 5b2ac3df-6a67-44b3-bb6c-df060a8c242a

2024-04-01T21:01:15.532Z 2024-04-01T21:01:15.532Z	1beecad0-c2fe-5627-9ff4-9455e0241fe4	INFO	Start syncing the balance {
  transaction: {
    id: '01HTDQENMB18XZ6EJKDVDEQC73',
    type: 'DEBIT',
    source: 'MANUAL_DEDUCTION',
    action: 'DELIVERY_DEDUCTION',
    userId: '3c623147-03b8-4887-8357-05fb23aa3f10',
    paymentBalance: 48,
    updatePaymentBalance: true,
    metadata: '{"walletId":"wallet#3c623147-03b8-4887-8357-05fb23aa3f10","deliveryId":"91da23ea-561c-4384-9b11-563dc414ac24","walletSk":"91da23ea-561c-4384-9b11-563dc414ac24"}',
    currency: 'BHD',
    amount: 8,
    vat: 0,
    oldBalance: 56,
    newBalance: 48
  }
}

2024-04-01T21:01:15.589Z 2024-04-01T21:01:15.589Z	1beecad0-c2fe-5627-9ff4-9455e0241fe4	INFO	SubscriptionBalanceUpdated event published

2024-04-01T21:01:15.605Z END RequestId: 1beecad0-c2fe-5627-9ff4-9455e0241fe4

2024-04-01T21:01:15.605Z REPORT RequestId: 1beecad0-c2fe-5627-9ff4-9455e0241fe4	Duration: 1074.46 ms	Billed Duration: 1075 ms	Memory Size: 1024 MB	Max Memory Used: 133 MB	

2024-04-01T21:01:15.739Z START RequestId: aacded7c-be0a-5134-a5da-b3f99cd158f7 Version: $LATEST

2024-04-01T21:01:15.767Z 2024-04-01T21:01:15.767Z	aacded7c-be0a-5134-a5da-b3f99cd158f7	INFO	Processing message eb1362bd-fbc9-43c3-bf50-b995bc7a1a7d

2024-04-01T21:01:15.776Z 2024-04-01T21:01:15.776Z	aacded7c-be0a-5134-a5da-b3f99cd158f7	INFO	Start syncing the balance {
  transaction: {
    id: '01HTDQEP2GVEG9X5T7TFSHM739',
    type: 'DEBIT',
    source: 'MANUAL_DEDUCTION',
    action: 'DELIVERY_DEDUCTION',
    userId: 'e8062346-faa2-400f-a070-a970fc4caab4',
    paymentBalance: 2257.376,
    updatePaymentBalance: true,
    metadata: '{"walletId":"wallet#e8062346-faa2-400f-a070-a970fc4caab4","deliveryId":"de2a97ab-f58f-4a96-afe9-b6ea61bc5842","walletSk":"de2a97ab-f58f-4a96-afe9-b6ea61bc5842"}',
    currency: 'BHD',
    amount: 48,
    vat: 0,
    oldBalance: 396,
    newBalance: 348
  }
}

2024-04-01T21:01:15.834Z 2024-04-01T21:01:15.834Z	aacded7c-be0a-5134-a5da-b3f99cd158f7	INFO	SubscriptionBalanceUpdated event published

2024-04-01T21:01:15.847Z 2024-04-01T21:01:15.847Z	aacded7c-be0a-5134-a5da-b3f99cd158f7	ERROR	Subscription balance and payment balance are not in sync {
  userId: 'e8062346-faa2-400f-a070-a970fc4caab4',
  subscriptionBalance: 348,
  paymentBalance: 2257.376
}

2024-04-01T21:01:15.867Z 2024-04-01T21:01:15.867Z	aacded7c-be0a-5134-a5da-b3f99cd158f7	INFO	Processing message f41f0ad8-a1cd-4bd2-9db0-9860a378eec3

2024-04-01T21:01:15.875Z 2024-04-01T21:01:15.875Z	aacded7c-be0a-5134-a5da-b3f99cd158f7	INFO	Start syncing the balance {
  transaction: {
    id: '01HTDQEP8K8DBZX08QAVYB7YYP',
    type: 'DEBIT',
    source: 'MANUAL_DEDUCTION',
    action: 'DELIVERY_DEDUCTION',
    userId: '42df422f-7763-4677-954d-6cad41429c49',
    paymentBalance: 48,
    updatePaymentBalance: true,
    metadata: '{"walletId":"wallet#42df422f-7763-4677-954d-6cad41429c49","deliveryId":"1da2c320-594d-417d-97f3-b1fd3f8af631","walletSk":"1da2c320-594d-417d-97f3-b1fd3f8af631"}',
    currency: 'BHD',
    amount: 8,
    vat: 0,
    oldBalance: 56,
    newBalance: 48
  }
}

2024-04-01T21:01:15.929Z 2024-04-01T21:01:15.929Z	aacded7c-be0a-5134-a5da-b3f99cd158f7	INFO	SubscriptionBalanceUpdated event published

2024-04-01T21:01:15.942Z 2024-04-01T21:01:15.942Z	aacded7c-be0a-5134-a5da-b3f99cd158f7	INFO	Processing message 143e6c6c-4436-4a96-80b1-98835b9f6bb7

2024-04-01T21:01:15.947Z 2024-04-01T21:01:15.947Z	aacded7c-be0a-5134-a5da-b3f99cd158f7	INFO	Start syncing the balance {
  transaction: {
    id: '01HTDQEPECHNVZPF39FHHTZ1VS',
    type: 'DEBIT',
    source: 'MANUAL_DEDUCTION',
    action: 'DELIVERY_DEDUCTION',
    userId: '148aacab-07be-4a6a-8827-a02ea043df6a',
    paymentBalance: 800,
    updatePaymentBalance: true,
    metadata: '{"walletId":"wallet#148aacab-07be-4a6a-8827-a02ea043df6a","deliveryId":"32c4e223-97ec-4c93-98f8-3f6d43468830","walletSk":"32c4e223-97ec-4c93-98f8-3f6d43468830"}',
    currency: 'SAR',
    amount: 100,
    vat: 0,
    oldBalance: 900,
    newBalance: 800
  }
}

2024-04-01T21:01:16.006Z 2024-04-01T21:01:16.006Z	aacded7c-be0a-5134-a5da-b3f99cd158f7	INFO	SubscriptionBalanceUpdated event published

2024-04-01T21:01:16.018Z 2024-04-01T21:01:16.018Z	aacded7c-be0a-5134-a5da-b3f99cd158f7	INFO	Processing message ca368214-735e-4645-b325-f5b499639b24

2024-04-01T21:01:16.026Z 2024-04-01T21:01:16.026Z	aacded7c-be0a-5134-a5da-b3f99cd158f7	INFO	Start syncing the balance {
  transaction: {
    id: '01HTDQEPGZEPKX6F36N8E2HFWY',
    type: 'DEBIT',
    source: 'MANUAL_DEDUCTION',
    action: 'DELIVERY_DEDUCTION',
    userId: '446972d3-eff3-4f7b-a94b-7c0c56e5b545',
    paymentBalance: 6.409,
    updatePaymentBalance: true,
    metadata: '{"walletId":"wallet#446972d3-eff3-4f7b-a94b-7c0c56e5b545","deliveryId":"4cdb77e2-0d44-4e8b-b72d-00844f5b1e44","walletSk":"4cdb77e2-0d44-4e8b-b72d-00844f5b1e44"}',
    currency: 'BHD',
    amount: 8,
    vat: 0,
    oldBalance: 14.409,
    newBalance: 6.409
  }
}

2024-04-01T21:01:16.120Z 2024-04-01T21:01:16.120Z	aacded7c-be0a-5134-a5da-b3f99cd158f7	INFO	SubscriptionBalanceUpdated event published

2024-04-01T21:01:16.134Z 2024-04-01T21:01:16.134Z	aacded7c-be0a-5134-a5da-b3f99cd158f7	INFO	Processing message 11cd1dca-ca50-4af5-9893-f3b6a256268f

2024-04-01T21:01:16.140Z 2024-04-01T21:01:16.140Z	aacded7c-be0a-5134-a5da-b3f99cd158f7	INFO	Start syncing the balance {
  transaction: {
    id: '01HTDQEPFHRVMC9HV79NAPH5CB',
    type: 'DEBIT',
    source: 'MANUAL_DEDUCTION',
    action: 'DELIVERY_DEDUCTION',
    userId: '92655ee2-ae9d-464a-af4b-7c8a09864e79',
    paymentBalance: 630,
    updatePaymentBalance: true,
    metadata: '{"walletId":"wallet#92655ee2-ae9d-464a-af4b-7c8a09864e79","deliveryId":"933c73a2-3801-4bba-946b-e8ee7ffb0b69","walletSk":"933c73a2-3801-4bba-946b-e8ee7ffb0b69"}',
    currency: 'SAR',
    amount: 90,
    vat: 0,
    oldBalance: 720,
    newBalance: 630
  }
}

2024-04-01T21:01:16.207Z 2024-04-01T21:01:16.207Z	aacded7c-be0a-5134-a5da-b3f99cd158f7	INFO	SubscriptionBalanceUpdated event published

2024-04-01T21:01:16.218Z 2024-04-01T21:01:16.218Z	aacded7c-be0a-5134-a5da-b3f99cd158f7	INFO	Processing message 46da2453-5f4c-4882-b57c-7a66eef37d0b

2024-04-01T21:01:16.224Z 2024-04-01T21:01:16.224Z	aacded7c-be0a-5134-a5da-b3f99cd158f7	INFO	Start syncing the balance {
  transaction: {
    id: '01HTDQEPM0031SWPARE7QH5BAW',
    type: 'DEBIT',
    source: 'MANUAL_DEDUCTION',
    action: 'DELIVERY_DEDUCTION',
    userId: 'ed0d60d8-9fa7-4733-8df4-dc507df7f41a',
    paymentBalance: 144,
    updatePaymentBalance: true,
    metadata: '{"walletId":"wallet#ed0d60d8-9fa7-4733-8df4-dc507df7f41a","deliveryId":"e23cce75-8da2-473f-89e3-b2b2849c99a9","walletSk":"e23cce75-8da2-473f-89e3-b2b2849c99a9"}',
    currency: 'BHD',
    amount: 8,
    vat: 0,
    oldBalance: 152,
    newBalance: 144
  }
}

2024-04-01T21:01:16.270Z 2024-04-01T21:01:16.270Z	aacded7c-be0a-5134-a5da-b3f99cd158f7	INFO	SubscriptionBalanceUpdated event published

2024-04-01T21:01:16.283Z 2024-04-01T21:01:16.283Z	aacded7c-be0a-5134-a5da-b3f99cd158f7	INFO	Processing message ccb6dce9-8f4c-4bcf-afa4-517d6ccac805

2024-04-01T21:01:16.290Z 2024-04-01T21:01:16.290Z	aacded7c-be0a-5134-a5da-b3f99cd158f7	INFO	Start syncing the balance {
  transaction: {
    id: '01HTDQEPDE307XGDGN3714A3DJ',
    type: 'DEBIT',
    source: 'MANUAL_DEDUCTION',
    action: 'DELIVERY_DEDUCTION',
    userId: 'c06b6e73-2183-49c1-ba4b-78c66dab5f0d',
    paymentBalance: 74.6,
    updatePaymentBalance: true,
    metadata: '{"walletId":"wallet#c06b6e73-2183-49c1-ba4b-78c66dab5f0d","deliveryId":"ab0798e7-2392-4433-960c-11506866d556","walletSk":"ab0798e7-2392-4433-960c-11506866d556"}',
    currency: 'BHD',
    amount: 4,
    vat: 0,
    oldBalance: 78.6,
    newBalance: 74.6
  }
}

2024-04-01T21:01:16.352Z 2024-04-01T21:01:16.352Z	aacded7c-be0a-5134-a5da-b3f99cd158f7	INFO	SubscriptionBalanceUpdated event published

2024-04-01T21:01:16.365Z 2024-04-01T21:01:16.365Z	aacded7c-be0a-5134-a5da-b3f99cd158f7	INFO	Processing message 115ad318-d9cb-463c-9441-ee479299ddc7

2024-04-01T21:01:16.372Z 2024-04-01T21:01:16.372Z	aacded7c-be0a-5134-a5da-b3f99cd158f7	INFO	Start syncing the balance {
  transaction: {
    id: '01HTDQEPTTS8S4GEPXFCFNC5C2',
    type: 'DEBIT',
    source: 'MANUAL_DEDUCTION',
    action: 'DELIVERY_DEDUCTION',
    userId: '31ff3bfa-4a07-4ddd-b4ce-b3b7a8211975',
    paymentBalance: 64,
    updatePaymentBalance: true,
    metadata: '{"walletId":"wallet#31ff3bfa-4a07-4ddd-b4ce-b3b7a8211975","deliveryId":"e0d5ebfa-03bf-4dbc-b7c1-2ac0928c3be0","walletSk":"e0d5ebfa-03bf-4dbc-b7c1-2ac0928c3be0"}',
    currency: 'BHD',
    amount: 8,
    vat: 0,
    oldBalance: 72,
    newBalance: 64
  }
}

2024-04-01T21:01:16.425Z 2024-04-01T21:01:16.425Z	aacded7c-be0a-5134-a5da-b3f99cd158f7	INFO	SubscriptionBalanceUpdated event published

2024-04-01T21:01:16.438Z 2024-04-01T21:01:16.438Z	aacded7c-be0a-5134-a5da-b3f99cd158f7	INFO	Processing message 07e81772-3cf4-4cc6-977a-8c281dfc6ef6

2024-04-01T21:01:16.444Z 2024-04-01T21:01:16.444Z	aacded7c-be0a-5134-a5da-b3f99cd158f7	INFO	Start syncing the balance {
  transaction: {
    id: '01HTDQEPJ4ST8ZW90DKCSZETTJ',
    type: 'DEBIT',
    source: 'MANUAL_DEDUCTION',
    action: 'DELIVERY_DEDUCTION',
    userId: 'e635a3ea-fc8b-46c4-b091-5480637486ad',
    paymentBalance: 1509.864,
    updatePaymentBalance: true,
    metadata: '{"walletId":"wallet#e635a3ea-fc8b-46c4-b091-5480637486ad","deliveryId":"04fc57a4-0876-4615-8ac7-c4912b8a0a24","walletSk":"04fc57a4-0876-4615-8ac7-c4912b8a0a24"}',
    currency: 'BHD',
    amount: 4,
    vat: 0,
    oldBalance: 93,
    newBalance: 89
  }
}

2024-04-01T21:01:16.501Z 2024-04-01T21:01:16.501Z	aacded7c-be0a-5134-a5da-b3f99cd158f7	INFO	SubscriptionBalanceUpdated event published

2024-04-01T21:01:16.516Z 2024-04-01T21:01:16.516Z	aacded7c-be0a-5134-a5da-b3f99cd158f7	ERROR	Subscription balance and payment balance are not in sync {
  userId: 'e635a3ea-fc8b-46c4-b091-5480637486ad',
  subscriptionBalance: 89,
  paymentBalance: 1509.864
}

2024-04-01T21:01:16.565Z 2024-04-01T21:01:16.565Z	aacded7c-be0a-5134-a5da-b3f99cd158f7	INFO	Processing message 2b423dbb-b421-4e5c-92e9-8fde5fe2e052

2024-04-01T21:01:16.572Z 2024-04-01T21:01:16.572Z	aacded7c-be0a-5134-a5da-b3f99cd158f7	INFO	Start syncing the balance {
  transaction: {
    id: '01HTDQEPPWABBN00RG6N4JD8EN',
    type: 'DEBIT',
    source: 'MANUAL_DEDUCTION',
    action: 'DELIVERY_DEDUCTION',
    userId: 'd25324fd-a4c2-4d20-9007-477811fadc9e',
    paymentBalance: 720,
    updatePaymentBalance: true,
    metadata: '{"walletId":"wallet#d25324fd-a4c2-4d20-9007-477811fadc9e","deliveryId":"9d96ebfd-6a0d-4104-86d8-7611b5cb037b","walletSk":"9d96ebfd-6a0d-4104-86d8-7611b5cb037b"}',
    currency: 'SAR',
    amount: 90,
    vat: 0,
    oldBalance: 810,
    newBalance: 720
  }
}

2024-04-01T21:01:16.626Z 2024-04-01T21:01:16.626Z	aacded7c-be0a-5134-a5da-b3f99cd158f7	INFO	SubscriptionBalanceUpdated event published

2024-04-01T21:01:16.641Z END RequestId: aacded7c-be0a-5134-a5da-b3f99cd158f7

2024-04-01T21:01:16.641Z REPORT RequestId: aacded7c-be0a-5134-a5da-b3f99cd158f7	Duration: 902.28 ms	Billed Duration: 903 ms	Memory Size: 1024 MB	Max Memory Used: 134 MB	
XRAY TraceId: 1-660b209b-adefcaed3af82615d4556934	SegmentId: 7a138fd26789330d	Sampled: true	

2024-04-01T21:01:16.649Z START RequestId: 10f3bdf3-dabe-5992-af6e-e376f8620051 Version: $LATEST

2024-04-01T21:01:16.676Z 2024-04-01T21:01:16.676Z	10f3bdf3-dabe-5992-af6e-e376f8620051	INFO	Processing message c2af404e-ba7b-4703-9687-ae1abaf17876

2024-04-01T21:01:16.682Z 2024-04-01T21:01:16.682Z	10f3bdf3-dabe-5992-af6e-e376f8620051	INFO	Start syncing the balance {
  transaction: {
    id: '01HTDQEQ5XX3590J9FE18QZV3Q',
    type: 'DEBIT',
    source: 'MANUAL_DEDUCTION',
    action: 'DELIVERY_DEDUCTION',
    userId: '133b402d-c353-4365-a759-d84e09c4533d',
    paymentBalance: 9203.1,
    updatePaymentBalance: true,
    metadata: '{"walletId":"wallet#133b402d-c353-4365-a759-d84e09c4533d","deliveryId":"f3b4eb07-faf7-45bb-820b-07390682f777","walletSk":"f3b4eb07-faf7-45bb-820b-07390682f777"}',
    currency: 'BHD',
    amount: 6.5,
    vat: 0,
    oldBalance: 9209.6,
    newBalance: 9203.1
  }
}

2024-04-01T21:01:16.736Z 2024-04-01T21:01:16.736Z	10f3bdf3-dabe-5992-af6e-e376f8620051	INFO	SubscriptionBalanceUpdated event published

2024-04-01T21:01:16.748Z 2024-04-01T21:01:16.748Z	10f3bdf3-dabe-5992-af6e-e376f8620051	INFO	Processing message 664b3a70-eb4f-4e9d-8958-9b64ba3e5f72

2024-04-01T21:01:16.753Z 2024-04-01T21:01:16.753Z	10f3bdf3-dabe-5992-af6e-e376f8620051	INFO	Start syncing the balance {
  transaction: {
    id: '01HTDQEQ8FSGDW8R59XQN9A0YW',
    type: 'DEBIT',
    source: 'MANUAL_DEDUCTION',
    action: 'DELIVERY_DEDUCTION',
    userId: '300b456f-957b-4d9d-96fc-a30b83f0327d',
    paymentBalance: 24,
    updatePaymentBalance: true,
    metadata: '{"walletId":"wallet#300b456f-957b-4d9d-96fc-a30b83f0327d","deliveryId":"708a2c2c-76e8-41fd-9609-84797470a44d","walletSk":"708a2c2c-76e8-41fd-9609-84797470a44d"}',
    currency: 'BHD',
    amount: 8,
    vat: 0,
    oldBalance: 32,
    newBalance: 24
  }
}

2024-04-01T21:01:16.804Z 2024-04-01T21:01:16.804Z	10f3bdf3-dabe-5992-af6e-e376f8620051	INFO	SubscriptionBalanceUpdated event published

2024-04-01T21:01:16.815Z 2024-04-01T21:01:16.815Z	10f3bdf3-dabe-5992-af6e-e376f8620051	INFO	Processing message dfd1aeb4-3b14-401d-9e33-98a32021297e

2024-04-01T21:01:16.822Z 2024-04-01T21:01:16.822Z	10f3bdf3-dabe-5992-af6e-e376f8620051	INFO	Start syncing the balance {
  transaction: {
    id: '01HTDQEQBCA6NXEMPQZJK7QXD1',
    type: 'DEBIT',
    source: 'MANUAL_DEDUCTION',
    action: 'DELIVERY_DEDUCTION',
    userId: 'b66d065b-3a4b-4871-9d0c-99701e74c8e9',
    paymentBalance: 26940,
    updatePaymentBalance: true,
    metadata: '{"walletId":"wallet#b66d065b-3a4b-4871-9d0c-99701e74c8e9","deliveryId":"18a23a2c-5f4a-42ff-885d-f318fefe7cea","walletSk":"18a23a2c-5f4a-42ff-885d-f318fefe7cea"}',
    currency: 'SAR',
    amount: 90,
    vat: 0,
    oldBalance: 19362,
    newBalance: 19272
  }
}

2024-04-01T21:01:16.872Z 2024-04-01T21:01:16.872Z	10f3bdf3-dabe-5992-af6e-e376f8620051	INFO	SubscriptionBalanceUpdated event published

2024-04-01T21:01:16.883Z 2024-04-01T21:01:16.883Z	10f3bdf3-dabe-5992-af6e-e376f8620051	ERROR	Subscription balance and payment balance are not in sync {
  userId: 'b66d065b-3a4b-4871-9d0c-99701e74c8e9',
  subscriptionBalance: 19272,
  paymentBalance: 26940
}

2024-04-01T21:01:16.913Z 2024-04-01T21:01:16.913Z	10f3bdf3-dabe-5992-af6e-e376f8620051	INFO	Processing message 6d10a6e5-2dce-4f6a-a131-708c85dedbba

2024-04-01T21:01:16.919Z 2024-04-01T21:01:16.919Z	10f3bdf3-dabe-5992-af6e-e376f8620051	INFO	Start syncing the balance {
  transaction: {
    id: '01HTDQEQGYC5KA7A862WHWB0HM',
    type: 'DEBIT',
    source: 'MANUAL_DEDUCTION',
    action: 'DELIVERY_DEDUCTION',
    userId: 'ecc1a359-4cfc-4372-9dd6-f18c617e60b0',
    paymentBalance: 40,
    updatePaymentBalance: true,
    metadata: '{"walletId":"wallet#ecc1a359-4cfc-4372-9dd6-f18c617e60b0","deliveryId":"957464aa-d8d5-4eda-b42c-9fa97bc62c29","walletSk":"957464aa-d8d5-4eda-b42c-9fa97bc62c29"}',
    currency: 'BHD',
    amount: 8,
    vat: 0,
    oldBalance: 48,
    newBalance: 40
  }
}

2024-04-01T21:01:16.970Z 2024-04-01T21:01:16.970Z	10f3bdf3-dabe-5992-af6e-e376f8620051	INFO	SubscriptionBalanceUpdated event published

2024-04-01T21:01:16.983Z 2024-04-01T21:01:16.983Z	10f3bdf3-dabe-5992-af6e-e376f8620051	INFO	Processing message 4a3ad6bb-8ced-48fa-9a5e-c28f4748bade

2024-04-01T21:01:16.992Z 2024-04-01T21:01:16.992Z	10f3bdf3-dabe-5992-af6e-e376f8620051	INFO	Start syncing the balance {
  transaction: {
    id: '01HTDQEQDYHTS2C04QPXHXYXD5',
    type: 'DEBIT',
    source: 'MANUAL_DEDUCTION',
    action: 'DELIVERY_DEDUCTION',
    userId: 'eb6875d4-8663-4dc5-8838-1148a2425c13',
    paymentBalance: 11850.435,
    updatePaymentBalance: true,
    metadata: '{"walletId":"wallet#eb6875d4-8663-4dc5-8838-1148a2425c13","deliveryId":"1e9b1628-12e0-4f8c-aa1e-6a1a1a6a4381","walletSk":"1e9b1628-12e0-4f8c-aa1e-6a1a1a6a4381"}',
    currency: 'BHD',
    amount: 9,
    vat: 0,
    oldBalance: 169,
    newBalance: 160
  }
}

2024-04-01T21:01:17.039Z 2024-04-01T21:01:17.039Z	10f3bdf3-dabe-5992-af6e-e376f8620051	INFO	SubscriptionBalanceUpdated event published

2024-04-01T21:01:17.052Z 2024-04-01T21:01:17.052Z	10f3bdf3-dabe-5992-af6e-e376f8620051	ERROR	Subscription balance and payment balance are not in sync {
  userId: 'eb6875d4-8663-4dc5-8838-1148a2425c13',
  subscriptionBalance: 160,
  paymentBalance: 11850.435
}

2024-04-01T21:01:17.119Z 2024-04-01T21:01:17.119Z	10f3bdf3-dabe-5992-af6e-e376f8620051	INFO	Processing message 33008bc7-3b05-4d2b-9db4-a642b84359ca

2024-04-01T21:01:17.134Z 2024-04-01T21:01:17.134Z	10f3bdf3-dabe-5992-af6e-e376f8620051	INFO	Start syncing the balance {
  transaction: {
    id: '01HTDQEQA52QSB66MMR8SV2B70',
    type: 'DEBIT',
    source: 'MANUAL_DEDUCTION',
    action: 'DELIVERY_DEDUCTION',
    userId: '461aee88-be38-4d36-8244-522e74ddc424',
    paymentBalance: 105,
    updatePaymentBalance: true,
    metadata: '{"walletId":"wallet#461aee88-be38-4d36-8244-522e74ddc424","deliveryId":"b32c2db6-79d3-426d-beff-22ed31ac0375","walletSk":"b32c2db6-79d3-426d-beff-22ed31ac0375"}',
    currency: 'BHD',
    amount: 10.5,
    vat: 0,
    oldBalance: 115.5,
    newBalance: 105
  }
}

2024-04-01T21:01:17.196Z 2024-04-01T21:01:17.196Z	10f3bdf3-dabe-5992-af6e-e376f8620051	INFO	SubscriptionBalanceUpdated event published

2024-04-01T21:01:17.213Z 2024-04-01T21:01:17.213Z	10f3bdf3-dabe-5992-af6e-e376f8620051	INFO	Processing message 51d675f4-4fe9-4bcb-b42a-2a9bbff7d066

2024-04-01T21:01:17.219Z 2024-04-01T21:01:17.219Z	10f3bdf3-dabe-5992-af6e-e376f8620051	INFO	Start syncing the balance {
  transaction: {
    id: '01HTDQEQQB2X6TBE9MRK0W02HT',
    type: 'DEBIT',
    source: 'MANUAL_DEDUCTION',
    action: 'DELIVERY_DEDUCTION',
    userId: 'ebca158e-dd63-46a2-8d05-c3d7edfb2f94',
    paymentBalance: 32.909,
    updatePaymentBalance: true,
    metadata: '{"walletId":"wallet#ebca158e-dd63-46a2-8d05-c3d7edfb2f94","deliveryId":"5feee2a3-f30b-4b92-b0ea-a8c2b91dfab6","walletSk":"5feee2a3-f30b-4b92-b0ea-a8c2b91dfab6"}',
    currency: 'BHD',
    amount: 8,
    vat: 0,
    oldBalance: 40.909,
    newBalance: 32.909
  }
}

2024-04-01T21:01:17.276Z 2024-04-01T21:01:17.276Z	10f3bdf3-dabe-5992-af6e-e376f8620051	INFO	SubscriptionBalanceUpdated event published

2024-04-01T21:01:17.288Z 2024-04-01T21:01:17.288Z	10f3bdf3-dabe-5992-af6e-e376f8620051	INFO	Processing message 8ee42269-a497-4eb0-b544-f375dc2ce916

2024-04-01T21:01:17.293Z 2024-04-01T21:01:17.293Z	10f3bdf3-dabe-5992-af6e-e376f8620051	INFO	Start syncing the balance {
  transaction: {
    id: '01HTDQEQJKGJDKD4K74YC9FB7W',
    type: 'DEBIT',
    source: 'MANUAL_DEDUCTION',
    action: 'DELIVERY_DEDUCTION',
    userId: '392ab34d-0682-4c8f-90bc-e42ec930727f',
    paymentBalance: 29,
    updatePaymentBalance: true,
    metadata: '{"walletId":"wallet#392ab34d-0682-4c8f-90bc-e42ec930727f","deliveryId":"021508d4-7462-4bd7-8631-89d523323afa","walletSk":"021508d4-7462-4bd7-8631-89d523323afa"}',
    currency: 'BHD',
    amount: 9.5,
    vat: 0,
    oldBalance: 38.5,
    newBalance: 29
  }
}

2024-04-01T21:01:17.347Z 2024-04-01T21:01:17.347Z	10f3bdf3-dabe-5992-af6e-e376f8620051	INFO	SubscriptionBalanceUpdated event published

2024-04-01T21:01:17.359Z 2024-04-01T21:01:17.359Z	10f3bdf3-dabe-5992-af6e-e376f8620051	INFO	Processing message 6ee64a0f-154c-4795-b4a1-a32f366e8438

2024-04-01T21:01:17.364Z 2024-04-01T21:01:17.364Z	10f3bdf3-dabe-5992-af6e-e376f8620051	INFO	Start syncing the balance {
  transaction: {
    id: '01HTDQEQP2F3NK0YHGW9349VTC',
    type: 'DEBIT',
    source: 'MANUAL_DEDUCTION',
    action: 'DELIVERY_DEDUCTION',
    userId: '92c953ac-61c3-4b3c-9b7b-63bc8cd7901f',
    paymentBalance: 0,
    updatePaymentBalance: true,
    metadata: '{"walletId":"wallet#92c953ac-61c3-4b3c-9b7b-63bc8cd7901f","deliveryId":"c9410fb9-7acf-4773-91d5-db34c1c69585","walletSk":"c9410fb9-7acf-4773-91d5-db34c1c69585"}',
    currency: 'BHD',
    amount: 5,
    vat: 0,
    oldBalance: 5,
    newBalance: 0
  }
}

2024-04-01T21:01:17.424Z 2024-04-01T21:01:17.424Z	10f3bdf3-dabe-5992-af6e-e376f8620051	INFO	SubscriptionBalanceUpdated event published

2024-04-01T21:01:17.436Z 2024-04-01T21:01:17.436Z	10f3bdf3-dabe-5992-af6e-e376f8620051	INFO	Processing message 4acdb07a-27b9-482d-a3e3-057634b0c7a3

2024-04-01T21:01:17.443Z 2024-04-01T21:01:17.443Z	10f3bdf3-dabe-5992-af6e-e376f8620051	INFO	Start syncing the balance {
  transaction: {
    id: '01HTDQEQRBVVWRKJH6X5K56YRX',
    type: 'DEBIT',
    source: 'MANUAL_DEDUCTION',
    action: 'DELIVERY_DEDUCTION',
    userId: '34fec91b-1c06-4bb4-a560-ff5c67e542ae',
    paymentBalance: 228.5,
    updatePaymentBalance: true,
    metadata: '{"walletId":"wallet#34fec91b-1c06-4bb4-a560-ff5c67e542ae","deliveryId":"d54dcd05-3d4a-4352-8a59-e80dc7167f0f","walletSk":"d54dcd05-3d4a-4352-8a59-e80dc7167f0f"}',
    currency: 'BHD',
    amount: 11.75,
    vat: 0,
    oldBalance: 240.25,
    newBalance: 228.5
  }
}

2024-04-01T21:01:17.497Z 2024-04-01T21:01:17.497Z	10f3bdf3-dabe-5992-af6e-e376f8620051	INFO	SubscriptionBalanceUpdated event published

2024-04-01T21:01:17.513Z END RequestId: 10f3bdf3-dabe-5992-af6e-e376f8620051

2024-04-01T21:01:17.513Z REPORT RequestId: 10f3bdf3-dabe-5992-af6e-e376f8620051	Duration: 864.83 ms	Billed Duration: 865 ms	Memory Size: 1024 MB	Max Memory Used: 135 MB	
XRAY TraceId: 1-660b209c-66528755af6346fac2dba8e1	SegmentId: 2785de6d51141b20	Sampled: true	

2024-04-01T21:01:21.536Z START RequestId: ee5ce142-01d6-59bf-9028-bfc72303defd Version: $LATEST

2024-04-01T21:01:21.561Z 2024-04-01T21:01:21.561Z	ee5ce142-01d6-59bf-9028-bfc72303defd	INFO	Processing message 07fbdfe7-b201-4dc9-be10-bd33ef540dd0

2024-04-01T21:01:21.579Z 2024-04-01T21:01:21.579Z	ee5ce142-01d6-59bf-9028-bfc72303defd	INFO	Start syncing the balance {
  transaction: {
    id: '01HTDQEFXZA91289P243TZD7R1',
    type: 'DEBIT',
    source: 'MANUAL_DEDUCTION',
    action: 'DELIVERY_DEDUCTION',
    userId: 'abe9ebb8-d96b-4d3c-9b13-a3c4e22332cc',
    paymentBalance: 720,
    updatePaymentBalance: true,
    metadata: '{"walletId":"wallet#abe9ebb8-d96b-4d3c-9b13-a3c4e22332cc","deliveryId":"8257af4e-112d-48c6-8477-0e25d38eeb8c","walletSk":"8257af4e-112d-48c6-8477-0e25d38eeb8c"}',
    currency: 'SAR',
    amount: 90,
    vat: 0,
    oldBalance: 810,
    newBalance: 720
  }
}

2024-04-01T21:01:21.650Z 2024-04-01T21:01:21.650Z	ee5ce142-01d6-59bf-9028-bfc72303defd	INFO	SubscriptionBalanceUpdated event published

2024-04-01T21:01:21.664Z 2024-04-01T21:01:21.664Z	ee5ce142-01d6-59bf-9028-bfc72303defd	INFO	Processing message 7b44e484-1141-4d4b-b458-fd7d2f350f43

2024-04-01T21:01:21.670Z 2024-04-01T21:01:21.670Z	ee5ce142-01d6-59bf-9028-bfc72303defd	INFO	Start syncing the balance {
  transaction: {
    id: '01HTDQEG1YNEWRFEMMSXXX77CA',
    type: 'DEBIT',
    source: 'MANUAL_DEDUCTION',
    action: 'DELIVERY_DEDUCTION',
    userId: '581ac5c9-5f0e-4349-aaf4-8a1660d860f5',
    paymentBalance: 37100,
    updatePaymentBalance: true,
    metadata: '{"walletId":"wallet#581ac5c9-5f0e-4349-aaf4-8a1660d860f5","deliveryId":"fe869e95-e3d3-4e6f-93be-c65f12ae0ec1","walletSk":"fe869e95-e3d3-4e6f-93be-c65f12ae0ec1"}',
    currency: 'SAR',
    amount: 90,
    vat: 0,
    oldBalance: 1090,
    newBalance: 1000
  }
}

2024-04-01T21:01:21.741Z 2024-04-01T21:01:21.741Z	ee5ce142-01d6-59bf-9028-bfc72303defd	INFO	SubscriptionBalanceUpdated event published

2024-04-01T21:01:21.755Z 2024-04-01T21:01:21.755Z	ee5ce142-01d6-59bf-9028-bfc72303defd	ERROR	Subscription balance and payment balance are not in sync {
  userId: '581ac5c9-5f0e-4349-aaf4-8a1660d860f5',
  subscriptionBalance: 1000,
  paymentBalance: 37100
}

2024-04-01T21:01:21.781Z 2024-04-01T21:01:21.781Z	ee5ce142-01d6-59bf-9028-bfc72303defd	INFO	Processing message e41db0f0-8214-4fa7-bf61-21b784cfe5cc

2024-04-01T21:01:21.787Z 2024-04-01T21:01:21.787Z	ee5ce142-01d6-59bf-9028-bfc72303defd	INFO	Start syncing the balance {
  transaction: {
    id: '01HTDQEG34CNV56QSNZSXNZR1K',
    type: 'DEBIT',
    source: 'MANUAL_DEDUCTION',
    action: 'DELIVERY_DEDUCTION',
    userId: 'f1b75b36-123d-4be9-bc90-da742bca0a35',
    paymentBalance: 12420,
    updatePaymentBalance: true,
    metadata: '{"walletId":"wallet#f1b75b36-123d-4be9-bc90-da742bca0a35","deliveryId":"6a194515-91b8-4e64-bff0-0cef7438c900","walletSk":"6a194515-91b8-4e64-bff0-0cef7438c900"}',
    currency: 'SAR',
    amount: 690,
    vat: 0,
    oldBalance: 13110,
    newBalance: 12420
  }
}

2024-04-01T21:01:21.843Z 2024-04-01T21:01:21.843Z	ee5ce142-01d6-59bf-9028-bfc72303defd	INFO	SubscriptionBalanceUpdated event published

2024-04-01T21:01:21.854Z 2024-04-01T21:01:21.854Z	ee5ce142-01d6-59bf-9028-bfc72303defd	INFO	Processing message 4564cc2b-1928-4d1e-b2e8-3bba59c5a356

2024-04-01T21:01:21.860Z 2024-04-01T21:01:21.860Z	ee5ce142-01d6-59bf-9028-bfc72303defd	INFO	Start syncing the balance {
  transaction: {
    id: '01HTDQEG59JXMRBFNWHMA55XC9',
    type: 'DEBIT',
    source: 'MANUAL_DEDUCTION',
    action: 'DELIVERY_DEDUCTION',
    userId: 'ece6e6f5-4a6a-4dd2-8845-e1cf9c417526',
    paymentBalance: 40.909,
    updatePaymentBalance: true,
    metadata: '{"walletId":"wallet#ece6e6f5-4a6a-4dd2-8845-e1cf9c417526","deliveryId":"00a7d696-ca25-418d-bf4d-09998af55702","walletSk":"00a7d696-ca25-418d-bf4d-09998af55702"}',
    currency: 'BHD',
    amount: 8,
    vat: 0,
    oldBalance: 48.909,
    newBalance: 40.909
  }
}

2024-04-01T21:01:21.908Z 2024-04-01T21:01:21.908Z	ee5ce142-01d6-59bf-9028-bfc72303defd	INFO	SubscriptionBalanceUpdated event published

2024-04-01T21:01:21.922Z 2024-04-01T21:01:21.922Z	ee5ce142-01d6-59bf-9028-bfc72303defd	INFO	Processing message 8f9e4a70-ceea-48f6-bb2d-de43824bebf4

2024-04-01T21:01:21.930Z 2024-04-01T21:01:21.930Z	ee5ce142-01d6-59bf-9028-bfc72303defd	INFO	Start syncing the balance {
  transaction: {
    id: '01HTDQEG85VZPZ9VAV4WMBDTW8',
    type: 'DEBIT',
    source: 'MANUAL_DEDUCTION',
    action: 'DELIVERY_DEDUCTION',
    userId: '7a46f077-87df-49e3-b606-f37d0f061728',
    paymentBalance: 54.91,
    updatePaymentBalance: true,
    metadata: '{"walletId":"wallet#7a46f077-87df-49e3-b606-f37d0f061728","deliveryId":"3687612d-ae1c-4661-b1e8-811d83666b78","walletSk":"3687612d-ae1c-4661-b1e8-811d83666b78"}',
    currency: 'BHD',
    amount: 4,
    vat: 0,
    oldBalance: 58.91,
    newBalance: 54.91
  }
}

2024-04-01T21:01:21.981Z 2024-04-01T21:01:21.981Z	ee5ce142-01d6-59bf-9028-bfc72303defd	INFO	SubscriptionBalanceUpdated event published

2024-04-01T21:01:21.993Z 2024-04-01T21:01:21.993Z	ee5ce142-01d6-59bf-9028-bfc72303defd	INFO	Processing message 71be0744-7456-484c-8ed5-ced7c808dc5b

2024-04-01T21:01:22.000Z 2024-04-01T21:01:22.000Z	ee5ce142-01d6-59bf-9028-bfc72303defd	INFO	Start syncing the balance {
  transaction: {
    id: '01HTDQEGAX4EHBHAW6H61VY5CM',
    type: 'DEBIT',
    source: 'MANUAL_DEDUCTION',
    action: 'DELIVERY_DEDUCTION',
    userId: '9a19fa44-d798-4468-b553-9db30af97ea6',
    paymentBalance: 4410,
    updatePaymentBalance: true,
    metadata: '{"walletId":"wallet#9a19fa44-d798-4468-b553-9db30af97ea6","deliveryId":"7411b1e5-fd15-494d-9282-58c14e3a5982","walletSk":"7411b1e5-fd15-494d-9282-58c14e3a5982"}',
    currency: 'SAR',
    amount: 90,
    vat: 0,
    oldBalance: 180,
    newBalance: 90
  }
}

2024-04-01T21:01:22.078Z 2024-04-01T21:01:22.078Z	ee5ce142-01d6-59bf-9028-bfc72303defd	INFO	SubscriptionBalanceUpdated event published

2024-04-01T21:01:22.091Z 2024-04-01T21:01:22.091Z	ee5ce142-01d6-59bf-9028-bfc72303defd	ERROR	Subscription balance and payment balance are not in sync {
  userId: '9a19fa44-d798-4468-b553-9db30af97ea6',
  subscriptionBalance: 90,
  paymentBalance: 4410
}

2024-04-01T21:01:22.113Z 2024-04-01T21:01:22.113Z	ee5ce142-01d6-59bf-9028-bfc72303defd	INFO	Processing message 2591504e-dc28-4b47-8ac2-b30dd89829d4

2024-04-01T21:01:22.122Z 2024-04-01T21:01:22.122Z	ee5ce142-01d6-59bf-9028-bfc72303defd	INFO	Start syncing the balance {
  transaction: {
    id: '01HTDQEGCDZXXE8KK5VDDMGD8X',
    type: 'DEBIT',
    source: 'MANUAL_DEDUCTION',
    action: 'DELIVERY_DEDUCTION',
    userId: '2b07bc91-66bc-497f-8e10-c073264b7329',
    paymentBalance: 2478,
    updatePaymentBalance: true,
    metadata: '{"walletId":"wallet#2b07bc91-66bc-497f-8e10-c073264b7329","deliveryId":"7aad66d0-10e8-4f2f-b2c7-394bcbee6b7b","walletSk":"7aad66d0-10e8-4f2f-b2c7-394bcbee6b7b"}',
    currency: 'SAR',
    amount: 81,
    vat: 0,
    oldBalance: 2559,
    newBalance: 2478
  }
}

2024-04-01T21:01:22.175Z 2024-04-01T21:01:22.175Z	ee5ce142-01d6-59bf-9028-bfc72303defd	INFO	SubscriptionBalanceUpdated event published

2024-04-01T21:01:22.190Z 2024-04-01T21:01:22.190Z	ee5ce142-01d6-59bf-9028-bfc72303defd	INFO	Processing message 73a4ef39-86a9-4c30-9fcb-686ec6e989e8

2024-04-01T21:01:22.196Z 2024-04-01T21:01:22.196Z	ee5ce142-01d6-59bf-9028-bfc72303defd	INFO	Start syncing the balance {
  transaction: {
    id: '01HTDQEGGJKWS09EG26JREZH78',
    type: 'DEBIT',
    source: 'MANUAL_DEDUCTION',
    action: 'DELIVERY_DEDUCTION',
    userId: '3de2afb9-f214-4851-8bec-02edc882268c',
    paymentBalance: 72,
    updatePaymentBalance: true,
    metadata: '{"walletId":"wallet#3de2afb9-f214-4851-8bec-02edc882268c","deliveryId":"1c37a991-8a03-4e0d-b127-42e3dc13a425","walletSk":"1c37a991-8a03-4e0d-b127-42e3dc13a425"}',
    currency: 'BHD',
    amount: 8,
    vat: 0,
    oldBalance: 80,
    newBalance: 72
  }
}

2024-04-01T21:01:22.248Z 2024-04-01T21:01:22.248Z	ee5ce142-01d6-59bf-9028-bfc72303defd	INFO	SubscriptionBalanceUpdated event published

2024-04-01T21:01:22.263Z 2024-04-01T21:01:22.263Z	ee5ce142-01d6-59bf-9028-bfc72303defd	INFO	Processing message 55a10f2f-fa6c-4bae-a3b6-3e333248a77d

2024-04-01T21:01:22.270Z 2024-04-01T21:01:22.270Z	ee5ce142-01d6-59bf-9028-bfc72303defd	INFO	Start syncing the balance {
  transaction: {
    id: '01HTDQEGEPCB7ES5TBF1PDPZ39',
    type: 'DEBIT',
    source: 'MANUAL_DEDUCTION',
    action: 'DELIVERY_DEDUCTION',
    userId: '1b3be8bc-3813-4dff-b42c-43efbdcfc5ae',
    paymentBalance: 1609,
    updatePaymentBalance: true,
    metadata: '{"walletId":"wallet#1b3be8bc-3813-4dff-b42c-43efbdcfc5ae","deliveryId":"154ff88b-c705-47e4-803e-490f956c8ac5","walletSk":"154ff88b-c705-47e4-803e-490f956c8ac5"}',
    currency: 'BHD',
    amount: 8,
    vat: 0,
    oldBalance: 146,
    newBalance: 138
  }
}

2024-04-01T21:01:22.323Z 2024-04-01T21:01:22.323Z	ee5ce142-01d6-59bf-9028-bfc72303defd	INFO	SubscriptionBalanceUpdated event published

2024-04-01T21:01:22.336Z 2024-04-01T21:01:22.336Z	ee5ce142-01d6-59bf-9028-bfc72303defd	ERROR	Subscription balance and payment balance are not in sync {
  userId: '1b3be8bc-3813-4dff-b42c-43efbdcfc5ae',
  subscriptionBalance: 138,
  paymentBalance: 1609
}

2024-04-01T21:01:22.363Z 2024-04-01T21:01:22.363Z	ee5ce142-01d6-59bf-9028-bfc72303defd	INFO	Processing message 78c74a4c-bd86-44b8-a25c-0cfd4dd0e366

2024-04-01T21:01:22.369Z 2024-04-01T21:01:22.369Z	ee5ce142-01d6-59bf-9028-bfc72303defd	INFO	Start syncing the balance {
  transaction: {
    id: '01HTDQEGJDMVSEKVBAXRG57RM0',
    type: 'DEBIT',
    source: 'MANUAL_DEDUCTION',
    action: 'DELIVERY_DEDUCTION',
    userId: '09be82a1-2745-4e19-94e2-763e33e6eda5',
    paymentBalance: 810,
    updatePaymentBalance: true,
    metadata: '{"walletId":"wallet#09be82a1-2745-4e19-94e2-763e33e6eda5","deliveryId":"3e56954d-4067-4f3f-8e16-96d0e5609a1b","walletSk":"3e56954d-4067-4f3f-8e16-96d0e5609a1b"}',
    currency: 'SAR',
    amount: 90,
    vat: 0,
    oldBalance: 900,
    newBalance: 810
  }
}

2024-04-01T21:01:22.439Z 2024-04-01T21:01:22.439Z	ee5ce142-01d6-59bf-9028-bfc72303defd	INFO	SubscriptionBalanceUpdated event published

2024-04-01T21:01:22.454Z END RequestId: ee5ce142-01d6-59bf-9028-bfc72303defd

2024-04-01T21:01:22.454Z REPORT RequestId: ee5ce142-01d6-59bf-9028-bfc72303defd	Duration: 917.49 ms	Billed Duration: 918 ms	Memory Size: 1024 MB	Max Memory Used: 135 MB	
XRAY TraceId: 1-660b20a1-b9acd436693b886e15f960cf	SegmentId: 00485d4b6deea553	Sampled: true	

2024-04-01T21:01:23.143Z START RequestId: 1ce63d01-12b8-5708-b4c6-6384306ec04a Version: $LATEST

2024-04-01T21:01:23.170Z 2024-04-01T21:01:23.170Z	1ce63d01-12b8-5708-b4c6-6384306ec04a	INFO	Processing message 0829de4c-953e-42bb-8b74-747a2e044a97

2024-04-01T21:01:23.176Z 2024-04-01T21:01:23.176Z	1ce63d01-12b8-5708-b4c6-6384306ec04a	INFO	Start syncing the balance {
  transaction: {
    id: '01HTDQEJFN93H2RBXBZ4G15VJX',
    type: 'DEBIT',
    source: 'MANUAL_DEDUCTION',
    action: 'DELIVERY_DEDUCTION',
    userId: '20bb7a37-6fc8-4cd5-ad73-b1e4f25b0bb6',
    paymentBalance: 48,
    updatePaymentBalance: true,
    metadata: '{"walletId":"wallet#20bb7a37-6fc8-4cd5-ad73-b1e4f25b0bb6","deliveryId":"fce26f88-aee3-4f32-a186-1b5ee0e439f9","walletSk":"fce26f88-aee3-4f32-a186-1b5ee0e439f9"}',
    currency: 'BHD',
    amount: 8,
    vat: 0,
    oldBalance: 56,
    newBalance: 48
  }
}

2024-04-01T21:01:23.225Z 2024-04-01T21:01:23.225Z	1ce63d01-12b8-5708-b4c6-6384306ec04a	INFO	SubscriptionBalanceUpdated event published

2024-04-01T21:01:23.240Z 2024-04-01T21:01:23.240Z	1ce63d01-12b8-5708-b4c6-6384306ec04a	INFO	Processing message 13c30a86-883b-4d6d-81f5-f4330c24e5e3

2024-04-01T21:01:23.248Z 2024-04-01T21:01:23.248Z	1ce63d01-12b8-5708-b4c6-6384306ec04a	INFO	Start syncing the balance {
  transaction: {
    id: '01HTDQEJNR1T4B2TKKSCJY8KQB',
    type: 'DEBIT',
    source: 'MANUAL_DEDUCTION',
    action: 'DELIVERY_DEDUCTION',
    userId: '2248520a-3a2a-4202-855c-5fa92d33d90b',
    paymentBalance: 80,
    updatePaymentBalance: true,
    metadata: '{"walletId":"wallet#2248520a-3a2a-4202-855c-5fa92d33d90b","deliveryId":"d6a0d0ca-7e1f-43c6-8cdd-deea8b718678","walletSk":"d6a0d0ca-7e1f-43c6-8cdd-deea8b718678"}',
    currency: 'BHD',
    amount: 8,
    vat: 0,
    oldBalance: 88,
    newBalance: 80
  }
}

2024-04-01T21:01:23.296Z 2024-04-01T21:01:23.296Z	1ce63d01-12b8-5708-b4c6-6384306ec04a	INFO	SubscriptionBalanceUpdated event published

2024-04-01T21:01:23.308Z 2024-04-01T21:01:23.308Z	1ce63d01-12b8-5708-b4c6-6384306ec04a	INFO	Processing message 01c9dd9d-3d4c-4241-84ce-8183a8991e5f

2024-04-01T21:01:23.315Z 2024-04-01T21:01:23.315Z	1ce63d01-12b8-5708-b4c6-6384306ec04a	INFO	Start syncing the balance {
  transaction: {
    id: '01HTDQEJGKQGSZ8T76C9ZQ456T',
    type: 'DEBIT',
    source: 'MANUAL_DEDUCTION',
    action: 'DELIVERY_DEDUCTION',
    userId: 'e43c3e20-d78b-4fdc-b46a-9d72e46f393a',
    paymentBalance: 1761.109,
    updatePaymentBalance: true,
    metadata: '{"walletId":"wallet#e43c3e20-d78b-4fdc-b46a-9d72e46f393a","deliveryId":"06bec490-c57e-4e53-b02d-5d4c0f5a8f63","walletSk":"06bec490-c57e-4e53-b02d-5d4c0f5a8f63"}',
    currency: 'BHD',
    amount: 4,
    vat: 0,
    oldBalance: 1765.109,
    newBalance: 1761.109
  }
}

2024-04-01T21:01:23.368Z 2024-04-01T21:01:23.368Z	1ce63d01-12b8-5708-b4c6-6384306ec04a	INFO	SubscriptionBalanceUpdated event published

2024-04-01T21:01:23.381Z 2024-04-01T21:01:23.381Z	1ce63d01-12b8-5708-b4c6-6384306ec04a	INFO	Processing message e3a889cb-cd2c-468d-8d95-e6eed312a29a

2024-04-01T21:01:23.391Z 2024-04-01T21:01:23.391Z	1ce63d01-12b8-5708-b4c6-6384306ec04a	INFO	Start syncing the balance {
  transaction: {
    id: '01HTDQEJM8W2HD9J9BMSDBECFB',
    type: 'DEBIT',
    source: 'MANUAL_DEDUCTION',
    action: 'DELIVERY_DEDUCTION',
    userId: '653c01bf-3af2-4c57-87c4-afdaf8b48d59',
    paymentBalance: 832.5,
    updatePaymentBalance: true,
    metadata: '{"walletId":"wallet#653c01bf-3af2-4c57-87c4-afdaf8b48d59","deliveryId":"5d816f5f-b9ef-4148-9da2-e0c70c56d7ed","walletSk":"5d816f5f-b9ef-4148-9da2-e0c70c56d7ed"}',
    currency: 'SAR',
    amount: 39.9,
    vat: 0,
    oldBalance: 872.4,
    newBalance: 832.5
  }
}

2024-04-01T21:01:23.443Z 2024-04-01T21:01:23.443Z	1ce63d01-12b8-5708-b4c6-6384306ec04a	INFO	SubscriptionBalanceUpdated event published

2024-04-01T21:01:23.458Z END RequestId: 1ce63d01-12b8-5708-b4c6-6384306ec04a

2024-04-01T21:01:23.458Z REPORT RequestId: 1ce63d01-12b8-5708-b4c6-6384306ec04a	Duration: 315.03 ms	Billed Duration: 316 ms	Memory Size: 1024 MB	Max Memory Used: 135 MB	

2024-04-01T21:01:06.169Z INIT_START Runtime Version: nodejs:20.v19	Runtime Version ARN: arn:aws:lambda:us-east-1::runtime:2d68d583b872accb8815f845161e9bbabc6ac3ed4d0ab8c23e75f8788cf5444a

2024-04-01T21:01:07.256Z START RequestId: ed6d0910-a528-55c0-9939-579587e42db7 Version: $LATEST

2024-04-01T21:01:07.412Z 2024-04-01T21:01:07.412Z	ed6d0910-a528-55c0-9939-579587e42db7	INFO	Processing message 7f94c27d-f2fe-4b97-bad8-9c1cffe5039c

2024-04-01T21:01:07.473Z 2024-04-01T21:01:07.473Z	ed6d0910-a528-55c0-9939-579587e42db7	INFO	Start syncing the balance {
  transaction: {
    id: '01HTDQECDW15B3FHRC663GT6R3',
    type: 'DEBIT',
    source: 'MANUAL_DEDUCTION',
    action: 'DELIVERY_DEDUCTION',
    userId: 'bfdcbdf4-59e4-4340-b37e-8fd95c61546e',
    paymentBalance: 720,
    updatePaymentBalance: true,
    metadata: '{"walletId":"wallet#bfdcbdf4-59e4-4340-b37e-8fd95c61546e","deliveryId":"0709341d-ccd9-4dbb-aaf0-5d575bcf7277","walletSk":"0709341d-ccd9-4dbb-aaf0-5d575bcf7277"}',
    currency: 'SAR',
    amount: 90,
    vat: 0,
    oldBalance: 810,
    newBalance: 720
  }
}

2024-04-01T21:01:07.599Z 2024-04-01T21:01:07.599Z	ed6d0910-a528-55c0-9939-579587e42db7	INFO	SubscriptionBalanceUpdated event published

2024-04-01T21:01:07.647Z END RequestId: ed6d0910-a528-55c0-9939-579587e42db7

2024-04-01T21:01:07.647Z REPORT RequestId: ed6d0910-a528-55c0-9939-579587e42db7	Duration: 393.12 ms	Billed Duration: 394 ms	Memory Size: 1024 MB	Max Memory Used: 117 MB	Init Duration: 1083.27 ms	

2024-04-01T21:01:08.584Z START RequestId: be2982a0-702a-54f8-9604-dc2552fe4c8f Version: $LATEST

2024-04-01T21:01:08.612Z 2024-04-01T21:01:08.612Z	be2982a0-702a-54f8-9604-dc2552fe4c8f	INFO	Processing message 4dbc11d4-c4f7-4bca-9fd6-1ad1f3544fce

2024-04-01T21:01:08.622Z 2024-04-01T21:01:08.622Z	be2982a0-702a-54f8-9604-dc2552fe4c8f	INFO	Start syncing the balance {
  transaction: {
    id: '01HTDQECTS5BH88ECPQS5VB8J9',
    type: 'DEBIT',
    source: 'MANUAL_DEDUCTION',
    action: 'DELIVERY_DEDUCTION',
    userId: '5932ea94-ff0d-4254-909f-406cde949da5',
    paymentBalance: 2209.5,
    updatePaymentBalance: true,
    metadata: '{"walletId":"wallet#5932ea94-ff0d-4254-909f-406cde949da5","deliveryId":"464fa7c2-e5eb-4940-a6a4-74659b2fc8e4","walletSk":"464fa7c2-e5eb-4940-a6a4-74659b2fc8e4"}',
    currency: 'SAR',
    amount: 81,
    vat: 0,
    oldBalance: 2290.5,
    newBalance: 2209.5
  }
}

2024-04-01T21:01:08.693Z 2024-04-01T21:01:08.693Z	be2982a0-702a-54f8-9604-dc2552fe4c8f	INFO	SubscriptionBalanceUpdated event published

2024-04-01T21:01:08.725Z 2024-04-01T21:01:08.725Z	be2982a0-702a-54f8-9604-dc2552fe4c8f	INFO	Processing message d100d3a4-181d-44fd-9166-b7bc80b9fb3b

2024-04-01T21:01:08.736Z 2024-04-01T21:01:08.736Z	be2982a0-702a-54f8-9604-dc2552fe4c8f	INFO	Start syncing the balance {
  transaction: {
    id: '01HTDQED2FY5DHR5944ENQ5QR6',
    type: 'DEBIT',
    source: 'MANUAL_DEDUCTION',
    action: 'DELIVERY_DEDUCTION',
    userId: 'fa41bf56-daa0-4f2d-b8db-e44dd087cb04',
    paymentBalance: 105,
    updatePaymentBalance: true,
    metadata: '{"walletId":"wallet#fa41bf56-daa0-4f2d-b8db-e44dd087cb04","deliveryId":"ec6af10c-74ba-46c9-b1a0-ad322b4bc87f","walletSk":"ec6af10c-74ba-46c9-b1a0-ad322b4bc87f"}',
    currency: 'BHD',
    amount: 10.5,
    vat: 0,
    oldBalance: 115.5,
    newBalance: 105
  }
}

2024-04-01T21:01:08.795Z 2024-04-01T21:01:08.795Z	be2982a0-702a-54f8-9604-dc2552fe4c8f	INFO	SubscriptionBalanceUpdated event published

2024-04-01T21:01:08.809Z 2024-04-01T21:01:08.809Z	be2982a0-702a-54f8-9604-dc2552fe4c8f	INFO	Processing message 2a882643-8bda-410f-a519-3ff70d93dcfb

2024-04-01T21:01:08.823Z 2024-04-01T21:01:08.823Z	be2982a0-702a-54f8-9604-dc2552fe4c8f	INFO	Start syncing the balance {
  transaction: {
    id: '01HTDQEDM8EWV3PF5N93SSGXKZ',
    type: 'DEBIT',
    source: 'MANUAL_DEDUCTION',
    action: 'DELIVERY_DEDUCTION',
    userId: '95548cdd-9c30-4a34-8e13-6b526f0426da',
    paymentBalance: 14054.323,
    updatePaymentBalance: true,
    metadata: '{"walletId":"wallet#95548cdd-9c30-4a34-8e13-6b526f0426da","deliveryId":"5dbad63c-257b-4e7a-a4dc-dc62067fdd93","walletSk":"5dbad63c-257b-4e7a-a4dc-dc62067fdd93"}',
    currency: 'BHD',
    amount: 9.5,
    vat: 0,
    oldBalance: 9848.285,
    newBalance: 9838.785
  }
}

2024-04-01T21:01:08.896Z 2024-04-01T21:01:08.896Z	be2982a0-702a-54f8-9604-dc2552fe4c8f	INFO	SubscriptionBalanceUpdated event published

2024-04-01T21:01:08.912Z 2024-04-01T21:01:08.912Z	be2982a0-702a-54f8-9604-dc2552fe4c8f	ERROR	Subscription balance and payment balance are not in sync {
  userId: '95548cdd-9c30-4a34-8e13-6b526f0426da',
  subscriptionBalance: 9838.785,
  paymentBalance: 14054.323
}

2024-04-01T21:01:08.938Z 2024-04-01T21:01:08.938Z	be2982a0-702a-54f8-9604-dc2552fe4c8f	INFO	Processing message 79787839-c0e5-4994-8a7e-59cc217fd659

2024-04-01T21:01:08.945Z 2024-04-01T21:01:08.945Z	be2982a0-702a-54f8-9604-dc2552fe4c8f	INFO	Start syncing the balance {
  transaction: {
    id: '01HTDQEDXWSQXCWSE2XXNHVPVP',
    type: 'DEBIT',
    source: 'MANUAL_DEDUCTION',
    action: 'DELIVERY_DEDUCTION',
    userId: 'eda3a694-6d70-4e7f-ba8e-14b39855e155',
    paymentBalance: 48,
    updatePaymentBalance: true,
    metadata: '{"walletId":"wallet#eda3a694-6d70-4e7f-ba8e-14b39855e155","deliveryId":"b4ea77a3-7503-43f0-9e16-8272a28542f0","walletSk":"b4ea77a3-7503-43f0-9e16-8272a28542f0"}',
    currency: 'BHD',
    amount: 8,
    vat: 0,
    oldBalance: 56,
    newBalance: 48
  }
}

2024-04-01T21:01:09.030Z 2024-04-01T21:01:09.030Z	be2982a0-702a-54f8-9604-dc2552fe4c8f	INFO	SubscriptionBalanceUpdated event published

2024-04-01T21:01:09.048Z 2024-04-01T21:01:09.048Z	be2982a0-702a-54f8-9604-dc2552fe4c8f	INFO	Processing message 47b658c0-6b89-4e9c-8368-6e2e9911adbd

2024-04-01T21:01:09.057Z 2024-04-01T21:01:09.057Z	be2982a0-702a-54f8-9604-dc2552fe4c8f	INFO	Start syncing the balance {
  transaction: {
    id: '01HTDQEE0HHQ7XEK0WFXR08PSP',
    type: 'DEBIT',
    source: 'MANUAL_DEDUCTION',
    action: 'DELIVERY_DEDUCTION',
    userId: '4d656d3d-b906-4b80-be7e-fb1b3d8e6959',
    paymentBalance: 104.5,
    updatePaymentBalance: true,
    metadata: '{"walletId":"wallet#4d656d3d-b906-4b80-be7e-fb1b3d8e6959","deliveryId":"58c54f8d-b94c-4763-8ab5-b3fae9874907","walletSk":"58c54f8d-b94c-4763-8ab5-b3fae9874907"}',
    currency: 'KWD',
    amount: 9.5,
    vat: 0,
    oldBalance: 114,
    newBalance: 104.5
  }
}

2024-04-01T21:01:09.114Z 2024-04-01T21:01:09.114Z	be2982a0-702a-54f8-9604-dc2552fe4c8f	INFO	SubscriptionBalanceUpdated event published

2024-04-01T21:01:09.128Z 2024-04-01T21:01:09.128Z	be2982a0-702a-54f8-9604-dc2552fe4c8f	INFO	Processing message 24b30842-63d2-4847-9c5f-65d7e2a3f0ee

2024-04-01T21:01:09.137Z 2024-04-01T21:01:09.137Z	be2982a0-702a-54f8-9604-dc2552fe4c8f	INFO	Start syncing the balance {
  transaction: {
    id: '01HTDQEEGVZM0DTYY6DFMJ07CM',
    type: 'DEBIT',
    source: 'MANUAL_DEDUCTION',
    action: 'DELIVERY_DEDUCTION',
    userId: '28405888-02bd-4592-8e81-60b5b0e70d86',
    paymentBalance: 0,
    updatePaymentBalance: true,
    metadata: '{"walletId":"wallet#28405888-02bd-4592-8e81-60b5b0e70d86","deliveryId":"3746f3e5-947a-475a-bde1-63dfe5f44822","walletSk":"3746f3e5-947a-475a-bde1-63dfe5f44822"}',
    currency: 'BHD',
    amount: 5,
    vat: 0,
    oldBalance: 5,
    newBalance: 0
  }
}

2024-04-01T21:01:09.196Z 2024-04-01T21:01:09.196Z	be2982a0-702a-54f8-9604-dc2552fe4c8f	INFO	SubscriptionBalanceUpdated event published

2024-04-01T21:01:09.210Z 2024-04-01T21:01:09.210Z	be2982a0-702a-54f8-9604-dc2552fe4c8f	INFO	Processing message 6641dd44-b889-451c-b095-f3037b68344f

2024-04-01T21:01:09.218Z 2024-04-01T21:01:09.218Z	be2982a0-702a-54f8-9604-dc2552fe4c8f	INFO	Start syncing the balance {
  transaction: {
    id: '01HTDQEE76F38DAFJSKWX3BBR0',
    type: 'DEBIT',
    source: 'MANUAL_DEDUCTION',
    action: 'DELIVERY_DEDUCTION',
    userId: 'eb6a1409-5026-4d2f-8124-bc37006fb11a',
    paymentBalance: 740,
    updatePaymentBalance: true,
    metadata: '{"walletId":"wallet#eb6a1409-5026-4d2f-8124-bc37006fb11a","deliveryId":"a4eb22c7-a9a2-4f55-8e93-dd10de3979e3","walletSk":"a4eb22c7-a9a2-4f55-8e93-dd10de3979e3"}',
    currency: 'SAR',
    amount: 90,
    vat: 0,
    oldBalance: 830,
    newBalance: 740
  }
}

2024-04-01T21:01:09.272Z 2024-04-01T21:01:09.272Z	be2982a0-702a-54f8-9604-dc2552fe4c8f	INFO	SubscriptionBalanceUpdated event published

2024-04-01T21:01:09.287Z 2024-04-01T21:01:09.287Z	be2982a0-702a-54f8-9604-dc2552fe4c8f	INFO	Processing message 3298721d-6fc5-4339-8bcc-987dbcd796b1

2024-04-01T21:01:09.296Z 2024-04-01T21:01:09.296Z	be2982a0-702a-54f8-9604-dc2552fe4c8f	INFO	Start syncing the balance {
  transaction: {
    id: '01HTDQEEAV549M55JH35K54WFZ',
    type: 'DEBIT',
    source: 'MANUAL_DEDUCTION',
    action: 'DELIVERY_DEDUCTION',
    userId: '38294265-9cd0-4d9d-a32a-d4731e4fdb98',
    paymentBalance: 46.5,
    updatePaymentBalance: true,
    metadata: '{"walletId":"wallet#38294265-9cd0-4d9d-a32a-d4731e4fdb98","deliveryId":"3e4a357c-7ef4-4df8-bb9f-477cdc01b6c9","walletSk":"3e4a357c-7ef4-4df8-bb9f-477cdc01b6c9"}',
    currency: 'BHD',
    amount: 9.5,
    vat: 0,
    oldBalance: 56,
    newBalance: 46.5
  }
}

2024-04-01T21:01:09.351Z 2024-04-01T21:01:09.351Z	be2982a0-702a-54f8-9604-dc2552fe4c8f	INFO	SubscriptionBalanceUpdated event published

2024-04-01T21:01:09.568Z 2024-04-01T21:01:09.568Z	be2982a0-702a-54f8-9604-dc2552fe4c8f	INFO	Processing message 7f419938-a856-4ae0-9277-23cd07d447d1

2024-04-01T21:01:09.575Z 2024-04-01T21:01:09.575Z	be2982a0-702a-54f8-9604-dc2552fe4c8f	INFO	Start syncing the balance {
  transaction: {
    id: '01HTDQEEC2Z2XV4GF1385CFKT7',
    type: 'DEBIT',
    source: 'MANUAL_DEDUCTION',
    action: 'DELIVERY_DEDUCTION',
    userId: 'ce39bee1-85b2-4bb2-a149-76515fe7df8c',
    paymentBalance: 369,
    updatePaymentBalance: true,
    metadata: '{"walletId":"wallet#ce39bee1-85b2-4bb2-a149-76515fe7df8c","deliveryId":"a02eeab3-00f1-4fed-9a92-78820a3d6a05","walletSk":"a02eeab3-00f1-4fed-9a92-78820a3d6a05"}',
    currency: 'BHD',
    amount: 8,
    vat: 0,
    oldBalance: 144,
    newBalance: 136
  }
}

2024-04-01T21:01:09.630Z 2024-04-01T21:01:09.630Z	be2982a0-702a-54f8-9604-dc2552fe4c8f	INFO	SubscriptionBalanceUpdated event published

2024-04-01T21:01:09.643Z 2024-04-01T21:01:09.643Z	be2982a0-702a-54f8-9604-dc2552fe4c8f	ERROR	Subscription balance and payment balance are not in sync {
  userId: 'ce39bee1-85b2-4bb2-a149-76515fe7df8c',
  subscriptionBalance: 136,
  paymentBalance: 369
}

2024-04-01T21:01:09.665Z 2024-04-01T21:01:09.665Z	be2982a0-702a-54f8-9604-dc2552fe4c8f	INFO	Processing message 64ed37a8-0b28-4c02-bbf2-aee8c2a7258d

2024-04-01T21:01:09.673Z 2024-04-01T21:01:09.673Z	be2982a0-702a-54f8-9604-dc2552fe4c8f	INFO	Start syncing the balance {
  transaction: {
    id: '01HTDQEEPM89T1MJ5Y4FNXAACT',
    type: 'DEBIT',
    source: 'MANUAL_DEDUCTION',
    action: 'DELIVERY_DEDUCTION',
    userId: '2af65ba7-48fc-4433-be65-5dca7e3094a8',
    paymentBalance: 137.749,
    updatePaymentBalance: true,
    metadata: '{"walletId":"wallet#2af65ba7-48fc-4433-be65-5dca7e3094a8","deliveryId":"d856a53a-c7b9-4f96-8c30-52a198422504","walletSk":"d856a53a-c7b9-4f96-8c30-52a198422504"}',
    currency: 'BHD',
    amount: 4,
    vat: 0,
    oldBalance: 12.133,
    newBalance: 8.133
  }
}

2024-04-01T21:01:09.721Z 2024-04-01T21:01:09.721Z	be2982a0-702a-54f8-9604-dc2552fe4c8f	INFO	SubscriptionBalanceUpdated event published

2024-04-01T21:01:09.738Z 2024-04-01T21:01:09.738Z	be2982a0-702a-54f8-9604-dc2552fe4c8f	ERROR	Subscription balance and payment balance are not in sync {
  userId: '2af65ba7-48fc-4433-be65-5dca7e3094a8',
  subscriptionBalance: 8.133,
  paymentBalance: 137.749
}

2024-04-01T21:01:09.760Z END RequestId: be2982a0-702a-54f8-9604-dc2552fe4c8f

2024-04-01T21:01:09.760Z REPORT RequestId: be2982a0-702a-54f8-9604-dc2552fe4c8f	Duration: 1176.13 ms	Billed Duration: 1177 ms	Memory Size: 1024 MB	Max Memory Used: 123 MB	

2024-04-01T21:01:10.009Z START RequestId: 170313a3-5a49-5321-88dc-4d26789cfb56 Version: $LATEST

2024-04-01T21:01:10.038Z 2024-04-01T21:01:10.038Z	170313a3-5a49-5321-88dc-4d26789cfb56	INFO	Processing message db429901-bc90-4da9-b272-223a5aa3709b

2024-04-01T21:01:10.045Z 2024-04-01T21:01:10.045Z	170313a3-5a49-5321-88dc-4d26789cfb56	INFO	Start syncing the balance {
  transaction: {
    id: '01HTDQEGN5W4YM8DA7247JKE4R',
    type: 'DEBIT',
    source: 'MANUAL_DEDUCTION',
    action: 'DELIVERY_DEDUCTION',
    userId: '8b198b5a-ad5d-41e8-93b8-edb79a887fc2',
    paymentBalance: 48,
    updatePaymentBalance: true,
    metadata: '{"walletId":"wallet#8b198b5a-ad5d-41e8-93b8-edb79a887fc2","deliveryId":"1882e777-c455-4604-ba1b-069fcc705040","walletSk":"1882e777-c455-4604-ba1b-069fcc705040"}',
    currency: 'BHD',
    amount: 8,
    vat: 0,
    oldBalance: 56,
    newBalance: 48
  }
}

2024-04-01T21:01:10.102Z 2024-04-01T21:01:10.102Z	170313a3-5a49-5321-88dc-4d26789cfb56	INFO	SubscriptionBalanceUpdated event published

2024-04-01T21:01:10.116Z 2024-04-01T21:01:10.116Z	170313a3-5a49-5321-88dc-4d26789cfb56	INFO	Processing message 5f2c49fc-6981-4952-9582-fece0b4c5386

2024-04-01T21:01:10.123Z 2024-04-01T21:01:10.123Z	170313a3-5a49-5321-88dc-4d26789cfb56	INFO	Start syncing the balance {
  transaction: {
    id: '01HTDQEGQCG9GPB5YK3HBQ4TSC',
    type: 'DEBIT',
    source: 'MANUAL_DEDUCTION',
    action: 'DELIVERY_DEDUCTION',
    userId: '705f6d18-f5fe-4202-beb9-bc39461813ce',
    paymentBalance: 439,
    updatePaymentBalance: true,
    metadata: '{"walletId":"wallet#705f6d18-f5fe-4202-beb9-bc39461813ce","deliveryId":"d2dd7323-7776-45ad-b12b-8dbab1c59d4d","walletSk":"d2dd7323-7776-45ad-b12b-8dbab1c59d4d"}',
    currency: 'BHD',
    amount: 9,
    vat: 0,
    oldBalance: 448,
    newBalance: 439
  }
}

2024-04-01T21:01:10.180Z 2024-04-01T21:01:10.180Z	170313a3-5a49-5321-88dc-4d26789cfb56	INFO	SubscriptionBalanceUpdated event published

2024-04-01T21:01:10.194Z 2024-04-01T21:01:10.194Z	170313a3-5a49-5321-88dc-4d26789cfb56	INFO	Processing message 965d7392-e4c4-4389-a933-8580aca64365

2024-04-01T21:01:10.202Z 2024-04-01T21:01:10.202Z	170313a3-5a49-5321-88dc-4d26789cfb56	INFO	Start syncing the balance {
  transaction: {
    id: '01HTDQEGXV4K7WYS5SA4TTYDXF',
    type: 'DEBIT',
    source: 'MANUAL_DEDUCTION',
    action: 'DELIVERY_DEDUCTION',
    userId: 'fb387231-a328-4c4d-8d82-dda7943af9e7',
    paymentBalance: 32344,
    updatePaymentBalance: true,
    metadata: '{"walletId":"wallet#fb387231-a328-4c4d-8d82-dda7943af9e7","deliveryId":"06a72013-69d8-492f-bab7-3ac52452e9a4","walletSk":"06a72013-69d8-492f-bab7-3ac52452e9a4"}',
    currency: 'SAR',
    amount: 115,
    vat: 0,
    oldBalance: 32559,
    newBalance: 32444
  }
}

2024-04-01T21:01:10.253Z 2024-04-01T21:01:10.253Z	170313a3-5a49-5321-88dc-4d26789cfb56	INFO	SubscriptionBalanceUpdated event published

2024-04-01T21:01:10.269Z 2024-04-01T21:01:10.269Z	170313a3-5a49-5321-88dc-4d26789cfb56	ERROR	Subscription balance and payment balance are not in sync {
  userId: 'fb387231-a328-4c4d-8d82-dda7943af9e7',
  subscriptionBalance: 32444,
  paymentBalance: 32344
}

2024-04-01T21:01:10.359Z 2024-04-01T21:01:10.359Z	170313a3-5a49-5321-88dc-4d26789cfb56	INFO	Processing message fa11d6ec-c2a2-4259-bbf3-0d4f4a7fcbab

2024-04-01T21:01:10.366Z 2024-04-01T21:01:10.366Z	170313a3-5a49-5321-88dc-4d26789cfb56	INFO	Start syncing the balance {
  transaction: {
    id: '01HTDQEGTE9BVF2QWH5FT8KZBX',
    type: 'DEBIT',
    source: 'MANUAL_DEDUCTION',
    action: 'DELIVERY_DEDUCTION',
    userId: 'cfee18c3-4c5c-43d6-8333-459ced998886',
    paymentBalance: 2300,
    updatePaymentBalance: true,
    metadata: '{"walletId":"wallet#cfee18c3-4c5c-43d6-8333-459ced998886","deliveryId":"61a4acb4-faf2-4578-b322-38130e508fb0","walletSk":"61a4acb4-faf2-4578-b322-38130e508fb0"}',
    currency: 'SAR',
    amount: 100,
    vat: 0,
    oldBalance: 2400,
    newBalance: 2300
  }
}

2024-04-01T21:01:10.435Z 2024-04-01T21:01:10.435Z	170313a3-5a49-5321-88dc-4d26789cfb56	INFO	SubscriptionBalanceUpdated event published

2024-04-01T21:01:10.448Z 2024-04-01T21:01:10.448Z	170313a3-5a49-5321-88dc-4d26789cfb56	INFO	Processing message 5c224b97-7cd0-44b6-a56a-668f83bc0a23

2024-04-01T21:01:10.456Z 2024-04-01T21:01:10.456Z	170313a3-5a49-5321-88dc-4d26789cfb56	INFO	Start syncing the balance {
  transaction: {
    id: '01HTDQEGR7F1ZE0JWMWK0NQX8J',
    type: 'DEBIT',
    source: 'MANUAL_DEDUCTION',
    action: 'DELIVERY_DEDUCTION',
    userId: '7c503289-2428-4094-90e7-316cabba70a5',
    paymentBalance: 48,
    updatePaymentBalance: true,
    metadata: '{"walletId":"wallet#7c503289-2428-4094-90e7-316cabba70a5","deliveryId":"98506aa6-0ff2-4218-9dbc-f74e3604bdbe","walletSk":"98506aa6-0ff2-4218-9dbc-f74e3604bdbe"}',
    currency: 'BHD',
    amount: 8,
    vat: 0,
    oldBalance: 56,
    newBalance: 48
  }
}

2024-04-01T21:01:10.514Z 2024-04-01T21:01:10.514Z	170313a3-5a49-5321-88dc-4d26789cfb56	INFO	SubscriptionBalanceUpdated event published

2024-04-01T21:01:10.531Z 2024-04-01T21:01:10.531Z	170313a3-5a49-5321-88dc-4d26789cfb56	INFO	Processing message f2012f1b-235c-492b-8bba-77ec468ca8c5

2024-04-01T21:01:10.543Z 2024-04-01T21:01:10.543Z	170313a3-5a49-5321-88dc-4d26789cfb56	INFO	Start syncing the balance {
  transaction: {
    id: '01HTDQEGV5E5WQZSXVZRXKX6PK',
    type: 'DEBIT',
    source: 'MANUAL_DEDUCTION',
    action: 'DELIVERY_DEDUCTION',
    userId: 'e35d763e-f15e-41ac-8e18-a0a58635ea99',
    paymentBalance: 64,
    updatePaymentBalance: true,
    metadata: '{"walletId":"wallet#e35d763e-f15e-41ac-8e18-a0a58635ea99","deliveryId":"bc17a13a-32c5-4228-b29d-ed49cfe27e16","walletSk":"bc17a13a-32c5-4228-b29d-ed49cfe27e16"}',
    currency: 'BHD',
    amount: 8,
    vat: 0,
    oldBalance: 72,
    newBalance: 64
  }
}

2024-04-01T21:01:10.605Z 2024-04-01T21:01:10.605Z	170313a3-5a49-5321-88dc-4d26789cfb56	INFO	SubscriptionBalanceUpdated event published

2024-04-01T21:01:10.619Z 2024-04-01T21:01:10.619Z	170313a3-5a49-5321-88dc-4d26789cfb56	INFO	Processing message 4840d5e1-3f13-4679-9150-9ea3d3df5529

2024-04-01T21:01:10.629Z 2024-04-01T21:01:10.629Z	170313a3-5a49-5321-88dc-4d26789cfb56	INFO	Start syncing the balance {
  transaction: {
    id: '01HTDQEH056PRQNXX8PZY33YK1',
    type: 'DEBIT',
    source: 'MANUAL_DEDUCTION',
    action: 'DELIVERY_DEDUCTION',
    userId: 'b642cee5-b0b3-45da-9169-84372e3a5a59',
    paymentBalance: 832.909,
    updatePaymentBalance: true,
    metadata: '{"walletId":"wallet#b642cee5-b0b3-45da-9169-84372e3a5a59","deliveryId":"96409813-9ae1-49ad-8bed-864c72aa6eb4","walletSk":"96409813-9ae1-49ad-8bed-864c72aa6eb4"}',
    currency: 'BHD',
    amount: 8,
    vat: 0,
    oldBalance: 840.909,
    newBalance: 832.909
  }
}

2024-04-01T21:01:10.692Z 2024-04-01T21:01:10.692Z	170313a3-5a49-5321-88dc-4d26789cfb56	INFO	SubscriptionBalanceUpdated event published

2024-04-01T21:01:10.708Z 2024-04-01T21:01:10.708Z	170313a3-5a49-5321-88dc-4d26789cfb56	INFO	Processing message 6f24a37a-8938-4e7e-9973-6d69eaaec9f6

2024-04-01T21:01:10.715Z 2024-04-01T21:01:10.715Z	170313a3-5a49-5321-88dc-4d26789cfb56	INFO	Start syncing the balance {
  transaction: {
    id: '01HTDQEH31BZ58WMSMYED6H12S',
    type: 'DEBIT',
    source: 'MANUAL_DEDUCTION',
    action: 'DELIVERY_DEDUCTION',
    userId: 'ed1e80f5-f440-4bed-9be8-352faed8f39a',
    paymentBalance: 72,
    updatePaymentBalance: true,
    metadata: '{"walletId":"wallet#ed1e80f5-f440-4bed-9be8-352faed8f39a","deliveryId":"5f2c590e-0f4d-4f3a-b3bb-799c09774f2f","walletSk":"5f2c590e-0f4d-4f3a-b3bb-799c09774f2f"}',
    currency: 'BHD',
    amount: 8,
    vat: 0,
    oldBalance: 80,
    newBalance: 72
  }
}

2024-04-01T21:01:10.764Z 2024-04-01T21:01:10.764Z	170313a3-5a49-5321-88dc-4d26789cfb56	INFO	SubscriptionBalanceUpdated event published

2024-04-01T21:01:10.777Z 2024-04-01T21:01:10.777Z	170313a3-5a49-5321-88dc-4d26789cfb56	INFO	Processing message 1edc978f-8a3d-43a4-b1fa-2209226fba58

2024-04-01T21:01:10.783Z 2024-04-01T21:01:10.783Z	170313a3-5a49-5321-88dc-4d26789cfb56	INFO	Start syncing the balance {
  transaction: {
    id: '01HTDQEH6FVGHZ24JJGP6BC5H7',
    type: 'DEBIT',
    source: 'MANUAL_DEDUCTION',
    action: 'DELIVERY_DEDUCTION',
    userId: 'afdc346e-3110-4f5d-bdab-9c1ed0ac50ba',
    paymentBalance: 1384.091,
    updatePaymentBalance: true,
    metadata: '{"walletId":"wallet#afdc346e-3110-4f5d-bdab-9c1ed0ac50ba","deliveryId":"0d0bb25f-743e-4c3e-8847-7e8fa1368ce4","walletSk":"0d0bb25f-743e-4c3e-8847-7e8fa1368ce4"}',
    currency: 'BHD',
    amount: 4,
    vat: 0,
    oldBalance: 68,
    newBalance: 64
  }
}

2024-04-01T21:01:10.835Z 2024-04-01T21:01:10.835Z	170313a3-5a49-5321-88dc-4d26789cfb56	INFO	SubscriptionBalanceUpdated event published

2024-04-01T21:01:10.851Z 2024-04-01T21:01:10.851Z	170313a3-5a49-5321-88dc-4d26789cfb56	ERROR	Subscription balance and payment balance are not in sync {
  userId: 'afdc346e-3110-4f5d-bdab-9c1ed0ac50ba',
  subscriptionBalance: 64,
  paymentBalance: 1384.091
}

2024-04-01T21:01:10.921Z 2024-04-01T21:01:10.921Z	170313a3-5a49-5321-88dc-4d26789cfb56	INFO	Processing message 7f29044d-14f2-4646-95f4-538174fbe860

2024-04-01T21:01:10.928Z 2024-04-01T21:01:10.928Z	170313a3-5a49-5321-88dc-4d26789cfb56	INFO	Start syncing the balance {
  transaction: {
    id: '01HTDQEGZPKHZH4QSY6YW079QC',
    type: 'DEBIT',
    source: 'MANUAL_DEDUCTION',
    action: 'DELIVERY_DEDUCTION',
    userId: '8cfb0a41-4446-43f9-8ace-c17b9c9a9c7e',
    paymentBalance: 15325,
    updatePaymentBalance: true,
    metadata: '{"walletId":"wallet#8cfb0a41-4446-43f9-8ace-c17b9c9a9c7e","deliveryId":"ca46c246-a609-4543-b500-857125a100d4","walletSk":"ca46c246-a609-4543-b500-857125a100d4"}',
    currency: 'SAR',
    amount: 60,
    vat: 0,
    oldBalance: 15385,
    newBalance: 15325
  }
}

