2024-02-08T06:00:35.224Z INIT_START Runtime Version: nodejs:20.v15	Runtime Version ARN: arn:aws:lambda:us-east-1::runtime:379cd8c4d157c2e16f1b841486b613da2188da597609ef24d67497ad9c22a53e

2024-02-08T06:00:35.967Z START RequestId: fe4adaf8-c069-5199-8e3d-84c6b05bf71e Version: $LATEST

2024-02-08T06:00:36.104Z 2024-02-08T06:00:36.104Z	fe4adaf8-c069-5199-8e3d-84c6b05bf71e	INFO	Processing message 760fcc3e-756e-4476-9acb-b2c664407ccb

2024-02-08T06:00:36.225Z 2024-02-08T06:00:36.225Z	fe4adaf8-c069-5199-8e3d-84c6b05bf71e	INFO	Start syncing the balance {
  transaction: {
    id: '01HP3MVE5NS8V1M6JSD7T72H15',
    type: 'CREDIT',
    source: 'PAYMENT',
    action: 'ADD_DELIVERY_ADDONS',
    userId: '608e45e6-0a97-4054-ac29-51a125d92af9',
    paymentBalance: 61.182,
    updatePaymentBalance: true,
    metadata: '{"walletId":"wallet#608e45e6-0a97-4054-ac29-51a125d92af9","deliveryId":"d492c9ba-9463-4e60-9c1a-c6d9a02978a7","eventSessionId":"7550ff7f-a625-4f66-9767-3c9d85a837a3","walletSk":"691d33d0-3c75-4e21-949f-7aef5bf744a2","version2":true,"addons":"[{\\"id\\":\\"7614777c-11e8-41f4-b518-521529f60d2a\\",\\"quantity\\":1,\\"addonConfig\\":{\\"addonCategory\\":\\"GIFT_CARDS\\",\\"notificationInfo\\":{\\"receiver\\":\\"friend\\",\\"receiverName\\":\\"jutddf\\",\\"senderName\\":\\"Vvgh\\",\\"giftMessage\\":\\"Kkuyktfgh jurdghb. Ytdxjij uedujjj Kkuyktfgh jurdghb. Ytdxjij uedujjj Kkuyktfgh jurdghb. YKkuyktfgh jurdghb. Ytdxjij uedujjj Kkuyktfgh jurdghb. Ytdxjij uedujjj Kkuyktfgh jurdghb. Ytdxjij uedujjjju juf\\",\\"deliveryInfo\\":{\\"deliveryType\\":\\"email\\",\\"email\\":\\"jiud@j6wsgh.com\\"}}}}]","source":"APP","API_VERSION_2":true}',
    currency: 'BHD',
    amount: 38.5,
    vat: 3.5,
    oldBalance: 26.182,
    newBalance: 61.182
  }
}

2024-02-08T06:00:36.335Z 2024-02-08T06:00:36.335Z	fe4adaf8-c069-5199-8e3d-84c6b05bf71e	INFO	SubscriptionBalanceUpdated event published

2024-02-08T06:00:36.374Z END RequestId: fe4adaf8-c069-5199-8e3d-84c6b05bf71e

2024-02-08T06:00:36.374Z REPORT RequestId: fe4adaf8-c069-5199-8e3d-84c6b05bf71e	Duration: 407.26 ms	Billed Duration: 408 ms	Memory Size: 1024 MB	Max Memory Used: 100 MB	Init Duration: 741.86 ms	

