2024-01-27T21:17:50.594Z INIT_START Runtime Version: nodejs:20.v14	Runtime Version ARN: arn:aws:lambda:us-east-1::runtime:d4c968f0a85420c036d732975b0317307799fc7152619b3c4fb289f5d8e34f8a

2024-01-27T21:17:51.335Z START RequestId: 61a6e562-4028-5de0-be92-bb4d3516f9da Version: $LATEST

2024-01-27T21:17:51.491Z 2024-01-27T21:17:51.491Z	61a6e562-4028-5de0-be92-bb4d3516f9da	INFO	Processing message be7b9dc1-e4af-4a0a-8253-6558e6fc99dc

2024-01-27T21:17:51.546Z 2024-01-27T21:17:51.546Z	61a6e562-4028-5de0-be92-bb4d3516f9da	INFO	Start syncing the balance {
  transaction: {
    id: '01HN6CJCM4QCWSNCPKX4XX3R76',
    type: 'DEBIT',
    source: 'MANUAL_DEDUCTION',
    action: 'DELIVERY_DEDUCTION',
    userId: '8b293101-dfef-43ed-9095-ac05a1507d34',
    paymentBalance: 131.5,
    updatePaymentBalance: true,
    metadata: '{"walletId":"wallet#8b293101-dfef-43ed-9095-ac05a1507d34","deliveryId":"628ccd5a-1849-4e58-aa4e-0dc7d739ce22","walletSk":"628ccd5a-1849-4e58-aa4e-0dc7d739ce22"}',
    currency: 'BHD',
    amount: 4.5,
    vat: 0,
    oldBalance: 136,
    newBalance: 131.5
  }
}

2024-01-27T21:17:51.662Z 2024-01-27T21:17:51.662Z	61a6e562-4028-5de0-be92-bb4d3516f9da	INFO	SubscriptionBalanceUpdated event published

2024-01-27T21:17:51.713Z END RequestId: 61a6e562-4028-5de0-be92-bb4d3516f9da

2024-01-27T21:17:51.713Z REPORT RequestId: 61a6e562-4028-5de0-be92-bb4d3516f9da	Duration: 377.99 ms	Billed Duration: 378 ms	Memory Size: 1024 MB	Max Memory Used: 104 MB	Init Duration: 739.97 ms	

2024-01-27T21:17:53.081Z START RequestId: 7337fe4e-8f9e-53c2-8a99-a061faa17f24 Version: $LATEST

2024-01-27T21:17:53.112Z 2024-01-27T21:17:53.112Z	7337fe4e-8f9e-53c2-8a99-a061faa17f24	INFO	Processing message 121b5b7c-9d51-4896-b989-a6e57a861f7a

2024-01-27T21:17:53.127Z 2024-01-27T21:17:53.127Z	7337fe4e-8f9e-53c2-8a99-a061faa17f24	INFO	Start syncing the balance {
  transaction: {
    id: '01HN6CJECCFJDCTVTDBVC01MZJ',
    type: 'DEBIT',
    source: 'MANUAL_DEDUCTION',
    action: 'DELIVERY_DEDUCTION',
    userId: 'f7870e0e-b690-4330-80e4-558986ef721f',
    paymentBalance: 152,
    updatePaymentBalance: true,
    metadata: '{"walletId":"wallet#f7870e0e-b690-4330-80e4-558986ef721f","deliveryId":"9fb38c8a-bb61-4a6f-a85f-e39372e33b01","walletSk":"9fb38c8a-bb61-4a6f-a85f-e39372e33b01"}',
    currency: 'BHD',
    amount: 8,
    vat: 0,
    oldBalance: 160,
    newBalance: 152
  }
}

2024-01-27T21:17:53.225Z 2024-01-27T21:17:53.225Z	7337fe4e-8f9e-53c2-8a99-a061faa17f24	INFO	SubscriptionBalanceUpdated event published

2024-01-27T21:17:53.242Z END RequestId: 7337fe4e-8f9e-53c2-8a99-a061faa17f24

2024-01-27T21:17:53.242Z REPORT RequestId: 7337fe4e-8f9e-53c2-8a99-a061faa17f24	Duration: 161.44 ms	Billed Duration: 162 ms	Memory Size: 1024 MB	Max Memory Used: 107 MB	

2024-01-27T21:17:57.156Z START RequestId: 5ec47a30-a533-5634-907e-241fd00c9d3d Version: $LATEST

2024-01-27T21:17:57.185Z 2024-01-27T21:17:57.185Z	5ec47a30-a533-5634-907e-241fd00c9d3d	INFO	Processing message 7defddb6-2a7e-4525-a598-c5b179f0b90f

2024-01-27T21:17:57.194Z 2024-01-27T21:17:57.194Z	5ec47a30-a533-5634-907e-241fd00c9d3d	INFO	Start syncing the balance {
  transaction: {
    id: '01HN6CJJXXQX7M7FV3CFFT2Y8A',
    type: 'DEBIT',
    source: 'MANUAL_DEDUCTION',
    action: 'DELIVERY_DEDUCTION',
    userId: 'f8c629ff-e140-4e26-b38c-f99d237959da',
    paymentBalance: 22617.4,
    updatePaymentBalance: true,
    metadata: '{"walletId":"wallet#f8c629ff-e140-4e26-b38c-f99d237959da","deliveryId":"b3d71ae8-88b2-49cc-814c-1dec10e77113","walletSk":"b3d71ae8-88b2-49cc-814c-1dec10e77113"}',
    currency: 'SAR',
    amount: 100,
    vat: 0,
    oldBalance: 22708.7,
    newBalance: 22608.7
  }
}

2024-01-27T21:17:57.246Z 2024-01-27T21:17:57.246Z	5ec47a30-a533-5634-907e-241fd00c9d3d	INFO	SubscriptionBalanceUpdated event published

2024-01-27T21:17:57.260Z 2024-01-27T21:17:57.260Z	5ec47a30-a533-5634-907e-241fd00c9d3d	ERROR	Subscription balance and payment balance are not in sync {
  userId: 'f8c629ff-e140-4e26-b38c-f99d237959da',
  subscriptionBalance: 22608.7,
  paymentBalance: 22617.4
}

2024-01-27T21:17:57.279Z END RequestId: 5ec47a30-a533-5634-907e-241fd00c9d3d

2024-01-27T21:17:57.279Z REPORT RequestId: 5ec47a30-a533-5634-907e-241fd00c9d3d	Duration: 123.48 ms	Billed Duration: 124 ms	Memory Size: 1024 MB	Max Memory Used: 107 MB	

2024-01-27T21:17:57.407Z START RequestId: 238ab42b-0670-51a7-8958-ea047331ad41 Version: $LATEST

2024-01-27T21:17:57.435Z 2024-01-27T21:17:57.435Z	238ab42b-0670-51a7-8958-ea047331ad41	INFO	Processing message e4439374-f1ad-4c1a-a6c0-42e489c84caa

2024-01-27T21:17:57.443Z 2024-01-27T21:17:57.443Z	238ab42b-0670-51a7-8958-ea047331ad41	INFO	Start syncing the balance {
  transaction: {
    id: '01HN6CJK07YY48JVXRZCW98X9R',
    type: 'DEBIT',
    source: 'MANUAL_DEDUCTION',
    action: 'DELIVERY_DEDUCTION',
    userId: '92496dd0-1cd1-4e26-a2d2-ad108d5942df',
    paymentBalance: 83.5,
    updatePaymentBalance: true,
    metadata: '{"walletId":"wallet#92496dd0-1cd1-4e26-a2d2-ad108d5942df","deliveryId":"0bc50739-0ae3-4b31-9154-5656d5c9baca","walletSk":"0bc50739-0ae3-4b31-9154-5656d5c9baca"}',
    currency: 'BHD',
    amount: 3.5,
    vat: 0,
    oldBalance: 87,
    newBalance: 83.5
  }
}

2024-01-27T21:17:57.500Z 2024-01-27T21:17:57.500Z	238ab42b-0670-51a7-8958-ea047331ad41	INFO	SubscriptionBalanceUpdated event published

2024-01-27T21:17:57.515Z END RequestId: 238ab42b-0670-51a7-8958-ea047331ad41

2024-01-27T21:17:57.515Z REPORT RequestId: 238ab42b-0670-51a7-8958-ea047331ad41	Duration: 108.54 ms	Billed Duration: 109 ms	Memory Size: 1024 MB	Max Memory Used: 107 MB	

2024-01-27T21:17:57.645Z START RequestId: 286fbd78-677e-53d2-a7f5-e357123b48db Version: $LATEST

2024-01-27T21:17:57.672Z 2024-01-27T21:17:57.672Z	286fbd78-677e-53d2-a7f5-e357123b48db	INFO	Processing message ea805359-bb02-47f3-bcbe-309b6a0ea883

2024-01-27T21:17:57.679Z 2024-01-27T21:17:57.679Z	286fbd78-677e-53d2-a7f5-e357123b48db	INFO	Start syncing the balance {
  transaction: {
    id: '01HN6CJJXWVEWNQ5CK5DZ0TD4N',
    type: 'DEBIT',
    source: 'MANUAL_DEDUCTION',
    action: 'DELIVERY_DEDUCTION',
    userId: 'e8062346-faa2-400f-a070-a970fc4caab4',
    paymentBalance: 1672.428,
    updatePaymentBalance: true,
    metadata: '{"walletId":"wallet#e8062346-faa2-400f-a070-a970fc4caab4","deliveryId":"35ac87c5-6181-4803-87be-d2b4078e4407","walletSk":"35ac87c5-6181-4803-87be-d2b4078e4407"}',
    currency: 'BHD',
    amount: 4.5,
    vat: 0,
    oldBalance: 161.318,
    newBalance: 156.818
  }
}

2024-01-27T21:17:57.729Z 2024-01-27T21:17:57.729Z	286fbd78-677e-53d2-a7f5-e357123b48db	INFO	SubscriptionBalanceUpdated event published

2024-01-27T21:17:57.747Z 2024-01-27T21:17:57.747Z	286fbd78-677e-53d2-a7f5-e357123b48db	ERROR	Subscription balance and payment balance are not in sync {
  userId: 'e8062346-faa2-400f-a070-a970fc4caab4',
  subscriptionBalance: 156.818,
  paymentBalance: 1672.428
}

2024-01-27T21:17:57.765Z END RequestId: 286fbd78-677e-53d2-a7f5-e357123b48db

2024-01-27T21:17:57.765Z REPORT RequestId: 286fbd78-677e-53d2-a7f5-e357123b48db	Duration: 119.75 ms	Billed Duration: 120 ms	Memory Size: 1024 MB	Max Memory Used: 107 MB	

2024-01-27T21:18:10.965Z START RequestId: 10485807-20ad-5a1f-82a3-062855eb7116 Version: $LATEST

2024-01-27T21:18:10.994Z 2024-01-27T21:18:10.994Z	10485807-20ad-5a1f-82a3-062855eb7116	INFO	Processing message 5017ed13-0b76-411c-821c-99fef13d1864

2024-01-27T21:18:11.000Z 2024-01-27T21:18:11.000Z	10485807-20ad-5a1f-82a3-062855eb7116	INFO	Start syncing the balance {
  transaction: {
    id: '01HN6CK0112WBEF3AXCTD9ABBB',
    type: 'DEBIT',
    source: 'MANUAL_DEDUCTION',
    action: 'DELIVERY_DEDUCTION',
    userId: 'a6e2e5da-e8dc-4cba-832d-054fffd5da4d',
    paymentBalance: 10,
    updatePaymentBalance: true,
    metadata: '{"walletId":"wallet#a6e2e5da-e8dc-4cba-832d-054fffd5da4d","deliveryId":"db52f3b4-4910-4931-97e8-690fe70b7e75","walletSk":"db52f3b4-4910-4931-97e8-690fe70b7e75"}',
    currency: 'BHD',
    amount: 8,
    vat: 0,
    oldBalance: 18,
    newBalance: 10
  }
}

2024-01-27T21:18:11.069Z 2024-01-27T21:18:11.069Z	10485807-20ad-5a1f-82a3-062855eb7116	INFO	SubscriptionBalanceUpdated event published

2024-01-27T21:18:11.110Z END RequestId: 10485807-20ad-5a1f-82a3-062855eb7116

2024-01-27T21:18:11.110Z REPORT RequestId: 10485807-20ad-5a1f-82a3-062855eb7116	Duration: 145.07 ms	Billed Duration: 146 ms	Memory Size: 1024 MB	Max Memory Used: 107 MB	

2024-01-27T21:18:11.172Z START RequestId: 7ce8d4e0-5b47-516d-bf8f-8acf2e0f4be0 Version: $LATEST

2024-01-27T21:18:11.201Z 2024-01-27T21:18:11.201Z	7ce8d4e0-5b47-516d-bf8f-8acf2e0f4be0	INFO	Processing message 2adcc342-ba1f-45d0-bb01-a6cb032d145f

2024-01-27T21:18:11.208Z 2024-01-27T21:18:11.208Z	7ce8d4e0-5b47-516d-bf8f-8acf2e0f4be0	INFO	Start syncing the balance {
  transaction: {
    id: '01HN6CK0FQZN5JEQTMCN8JVKC5',
    type: 'DEBIT',
    source: 'MANUAL_DEDUCTION',
    action: 'DELIVERY_DEDUCTION',
    userId: 'a126b5dc-9261-4852-ae5a-8f49b17944a3',
    paymentBalance: 152,
    updatePaymentBalance: true,
    metadata: '{"walletId":"wallet#a126b5dc-9261-4852-ae5a-8f49b17944a3","deliveryId":"37de2d9c-f949-4552-8757-fb6d496de4a2","walletSk":"37de2d9c-f949-4552-8757-fb6d496de4a2"}',
    currency: 'BHD',
    amount: 8,
    vat: 0,
    oldBalance: 160,
    newBalance: 152
  }
}

2024-01-27T21:18:11.254Z 2024-01-27T21:18:11.254Z	7ce8d4e0-5b47-516d-bf8f-8acf2e0f4be0	INFO	SubscriptionBalanceUpdated event published

2024-01-27T21:18:11.266Z END RequestId: 7ce8d4e0-5b47-516d-bf8f-8acf2e0f4be0

2024-01-27T21:18:11.266Z REPORT RequestId: 7ce8d4e0-5b47-516d-bf8f-8acf2e0f4be0	Duration: 93.92 ms	Billed Duration: 94 ms	Memory Size: 1024 MB	Max Memory Used: 108 MB	

2024-01-27T21:18:12.435Z START RequestId: d8fd188d-2bad-51d4-8c7e-46a25eff85ee Version: $LATEST

2024-01-27T21:18:12.465Z 2024-01-27T21:18:12.465Z	d8fd188d-2bad-51d4-8c7e-46a25eff85ee	INFO	Processing message 473cfc06-26ee-4929-9e12-d89850b127fd

2024-01-27T21:18:12.472Z 2024-01-27T21:18:12.472Z	d8fd188d-2bad-51d4-8c7e-46a25eff85ee	INFO	Start syncing the balance {
  transaction: {
    id: '01HN6CK1FYWYE3JAVCYM9N5GRQ',
    type: 'DEBIT',
    source: 'MANUAL_DEDUCTION',
    action: 'DELIVERY_DEDUCTION',
    userId: '92d3b524-f2b5-4ea1-972c-42f16f6ecb49',
    paymentBalance: 54,
    updatePaymentBalance: true,
    metadata: '{"walletId":"wallet#92d3b524-f2b5-4ea1-972c-42f16f6ecb49","deliveryId":"ccad2777-7c12-4ac2-9cb5-b11cde6d37ea","walletSk":"ccad2777-7c12-4ac2-9cb5-b11cde6d37ea"}',
    currency: 'BHD',
    amount: 9,
    vat: 0,
    oldBalance: 72,
    newBalance: 63
  }
}

2024-01-27T21:18:12.518Z 2024-01-27T21:18:12.518Z	d8fd188d-2bad-51d4-8c7e-46a25eff85ee	INFO	SubscriptionBalanceUpdated event published

2024-01-27T21:18:12.530Z 2024-01-27T21:18:12.530Z	d8fd188d-2bad-51d4-8c7e-46a25eff85ee	ERROR	Subscription balance and payment balance are not in sync {
  userId: '92d3b524-f2b5-4ea1-972c-42f16f6ecb49',
  subscriptionBalance: 63,
  paymentBalance: 54
}

2024-01-27T21:18:12.548Z END RequestId: d8fd188d-2bad-51d4-8c7e-46a25eff85ee

2024-01-27T21:18:12.548Z REPORT RequestId: d8fd188d-2bad-51d4-8c7e-46a25eff85ee	Duration: 113.38 ms	Billed Duration: 114 ms	Memory Size: 1024 MB	Max Memory Used: 109 MB	

