2024-03-09T21:01:43.182Z START RequestId: 7cca7bac-bebe-5bb6-b8d2-25ca6eced555 Version: $LATEST

2024-03-09T21:01:43.281Z 2024-03-09T21:01:43.281Z	7cca7bac-bebe-5bb6-b8d2-25ca6eced555	INFO	Processing message a24271e3-7ed8-4d23-b782-d1d8433a4634

2024-03-09T21:01:43.287Z 2024-03-09T21:01:43.287Z	7cca7bac-bebe-5bb6-b8d2-25ca6eced555	INFO	Start syncing the balance {
  transaction: {
    id: '01HRJGB1BWRY95RSHS60CZHKF6',
    type: 'DEBIT',
    source: 'MANUAL_DEDUCTION',
    action: 'DELIVERY_DEDUCTION',
    userId: '1b3be8bc-3813-4dff-b42c-43efbdcfc5ae',
    paymentBalance: 345,
    updatePaymentBalance: true,
    metadata: '{"walletId":"wallet#1b3be8bc-3813-4dff-b42c-43efbdcfc5ae","deliveryId":"f2551b15-4b52-4490-82b4-4029e9dcaff9","walletSk":"f2551b15-4b52-4490-82b4-4029e9dcaff9"}',
    currency: 'BHD',
    amount: 10,
    vat: 0,
    oldBalance: 200,
    newBalance: 190
  }
}

2024-03-09T21:01:43.359Z 2024-03-09T21:01:43.359Z	7cca7bac-bebe-5bb6-b8d2-25ca6eced555	INFO	SubscriptionBalanceUpdated event published

2024-03-09T21:01:43.392Z 2024-03-09T21:01:43.392Z	7cca7bac-bebe-5bb6-b8d2-25ca6eced555	ERROR	Subscription balance and payment balance are not in sync {
  userId: '1b3be8bc-3813-4dff-b42c-43efbdcfc5ae',
  subscriptionBalance: 190,
  paymentBalance: 345
}

2024-03-09T21:01:43.413Z END RequestId: 7cca7bac-bebe-5bb6-b8d2-25ca6eced555

2024-03-09T21:01:43.413Z REPORT RequestId: 7cca7bac-bebe-5bb6-b8d2-25ca6eced555	Duration: 230.85 ms	Billed Duration: 231 ms	Memory Size: 1024 MB	Max Memory Used: 129 MB	

2024-03-09T21:01:44.454Z START RequestId: 103a6644-e5e5-5d84-b2af-382235920f19 Version: $LATEST

2024-03-09T21:01:44.525Z 2024-03-09T21:01:44.525Z	103a6644-e5e5-5d84-b2af-382235920f19	INFO	Processing message e6720ceb-8225-45b2-b112-a149b8e05e4f

2024-03-09T21:01:44.541Z 2024-03-09T21:01:44.541Z	103a6644-e5e5-5d84-b2af-382235920f19	INFO	Start syncing the balance {
  transaction: {
    id: '01HRJGB2GKR2X6537438H71C2T',
    type: 'DEBIT',
    source: 'MANUAL_DEDUCTION',
    action: 'DELIVERY_DEDUCTION',
    userId: '7c6156e0-739f-4e3a-9b68-302219956a98',
    paymentBalance: 3820.5,
    updatePaymentBalance: true,
    metadata: '{"walletId":"wallet#7c6156e0-739f-4e3a-9b68-302219956a98","deliveryId":"46cbd235-7e39-4893-a6c5-bd6aa92aa775","walletSk":"46cbd235-7e39-4893-a6c5-bd6aa92aa775"}',
    currency: 'SAR',
    amount: 76.5,
    vat: 0,
    oldBalance: 3897,
    newBalance: 3820.5
  }
}

2024-03-09T21:01:44.590Z 2024-03-09T21:01:44.590Z	103a6644-e5e5-5d84-b2af-382235920f19	INFO	SubscriptionBalanceUpdated event published

2024-03-09T21:01:44.606Z END RequestId: 103a6644-e5e5-5d84-b2af-382235920f19

2024-03-09T21:01:44.606Z REPORT RequestId: 103a6644-e5e5-5d84-b2af-382235920f19	Duration: 151.18 ms	Billed Duration: 152 ms	Memory Size: 1024 MB	Max Memory Used: 129 MB	

2024-03-09T21:01:46.941Z START RequestId: 62e69130-026f-5d1f-bf9f-cf56d21883fc Version: $LATEST

2024-03-09T21:01:47.027Z 2024-03-09T21:01:47.027Z	62e69130-026f-5d1f-bf9f-cf56d21883fc	INFO	Processing message 2d9491b7-39d9-4c95-910f-95a7cae04084

2024-03-09T21:01:47.034Z 2024-03-09T21:01:47.034Z	62e69130-026f-5d1f-bf9f-cf56d21883fc	INFO	Start syncing the balance {
  transaction: {
    id: '01HRJGB54BKYBYBDNA9F39652K',
    type: 'DEBIT',
    source: 'MANUAL_DEDUCTION',
    action: 'DELIVERY_DEDUCTION',
    userId: 'eefb84af-6a9b-435b-b589-5c9734648a74',
    paymentBalance: 3251.909,
    updatePaymentBalance: true,
    metadata: '{"walletId":"wallet#eefb84af-6a9b-435b-b589-5c9734648a74","deliveryId":"4ba30802-0ea8-4f47-98c3-2ff6a2428555","walletSk":"4ba30802-0ea8-4f47-98c3-2ff6a2428555"}',
    currency: 'BHD',
    amount: 4,
    vat: 0,
    oldBalance: 266.909,
    newBalance: 262.909
  }
}

2024-03-09T21:01:47.083Z 2024-03-09T21:01:47.083Z	62e69130-026f-5d1f-bf9f-cf56d21883fc	INFO	SubscriptionBalanceUpdated event published

2024-03-09T21:01:47.095Z 2024-03-09T21:01:47.095Z	62e69130-026f-5d1f-bf9f-cf56d21883fc	ERROR	Subscription balance and payment balance are not in sync {
  userId: 'eefb84af-6a9b-435b-b589-5c9734648a74',
  subscriptionBalance: 262.909,
  paymentBalance: 3251.909
}

2024-03-09T21:01:47.125Z END RequestId: 62e69130-026f-5d1f-bf9f-cf56d21883fc

2024-03-09T21:01:47.125Z REPORT RequestId: 62e69130-026f-5d1f-bf9f-cf56d21883fc	Duration: 183.73 ms	Billed Duration: 184 ms	Memory Size: 1024 MB	Max Memory Used: 129 MB	

2024-03-09T21:09:26.017Z START RequestId: 355cbe46-6fae-54fa-b853-e020bd9adf11 Version: $LATEST

2024-03-09T21:09:26.090Z 2024-03-09T21:09:26.090Z	355cbe46-6fae-54fa-b853-e020bd9adf11	INFO	Processing message 294a1828-1dec-44e4-8e06-d54d0bcf8f16

2024-03-09T21:09:26.120Z 2024-03-09T21:09:26.120Z	355cbe46-6fae-54fa-b853-e020bd9adf11	INFO	Start syncing the balance {
  transaction: {
    id: '01HRJGS58ZPMNH8SE084WAQ4MY',
    type: 'DEBIT',
    source: 'MANUAL_DEDUCTION',
    action: 'DELIVERY_DEDUCTION',
    userId: '31b1dd38-a529-4bf1-b5ab-79347415a917',
    paymentBalance: 144,
    updatePaymentBalance: true,
    metadata: '{"walletId":"wallet#31b1dd38-a529-4bf1-b5ab-79347415a917","deliveryId":"466a5f14-f50c-4b53-b0a6-d57ce06ae43d","walletSk":"466a5f14-f50c-4b53-b0a6-d57ce06ae43d"}',
    currency: 'BHD',
    amount: 8,
    vat: 0,
    oldBalance: 152,
    newBalance: 144
  }
}

2024-03-09T21:09:26.194Z 2024-03-09T21:09:26.194Z	355cbe46-6fae-54fa-b853-e020bd9adf11	INFO	SubscriptionBalanceUpdated event published

2024-03-09T21:09:26.228Z END RequestId: 355cbe46-6fae-54fa-b853-e020bd9adf11

2024-03-09T21:09:26.228Z REPORT RequestId: 355cbe46-6fae-54fa-b853-e020bd9adf11	Duration: 210.53 ms	Billed Duration: 211 ms	Memory Size: 1024 MB	Max Memory Used: 129 MB	

2024-03-09T21:09:26.412Z START RequestId: 0fea29fe-cee8-50e2-833c-77981cad3787 Version: $LATEST

2024-03-09T21:09:26.441Z 2024-03-09T21:09:26.441Z	0fea29fe-cee8-50e2-833c-77981cad3787	INFO	Processing message 68f6cc09-9ad4-464e-8f3b-710c5353b927

2024-03-09T21:09:26.447Z 2024-03-09T21:09:26.447Z	0fea29fe-cee8-50e2-833c-77981cad3787	INFO	Start syncing the balance {
  transaction: {
    id: '01HRJGS5NB98YBAXNFND0C8VA2',
    type: 'DEBIT',
    source: 'MANUAL_DEDUCTION',
    action: 'DELIVERY_DEDUCTION',
    userId: '09ab0c9d-acb3-41ef-b844-c50508c878e4',
    paymentBalance: 5198.9,
    updatePaymentBalance: true,
    metadata: '{"walletId":"wallet#09ab0c9d-acb3-41ef-b844-c50508c878e4","deliveryId":"18888668-8184-44f5-85d2-53dfe014eee0","walletSk":"18888668-8184-44f5-85d2-53dfe014eee0"}',
    currency: 'SAR',
    amount: 60.9,
    vat: 0,
    oldBalance: 5259.8,
    newBalance: 5198.9
  }
}

2024-03-09T21:09:26.489Z 2024-03-09T21:09:26.489Z	0fea29fe-cee8-50e2-833c-77981cad3787	INFO	SubscriptionBalanceUpdated event published

2024-03-09T21:09:26.503Z END RequestId: 0fea29fe-cee8-50e2-833c-77981cad3787

2024-03-09T21:09:26.503Z REPORT RequestId: 0fea29fe-cee8-50e2-833c-77981cad3787	Duration: 90.72 ms	Billed Duration: 91 ms	Memory Size: 1024 MB	Max Memory Used: 129 MB	

2024-03-09T21:09:27.153Z START RequestId: 82a7d0c7-f674-5c46-b9ea-8ea12432fb23 Version: $LATEST

2024-03-09T21:09:27.182Z 2024-03-09T21:09:27.182Z	82a7d0c7-f674-5c46-b9ea-8ea12432fb23	INFO	Processing message 8a0d9f33-f9e6-4e8b-b61d-e7ad6f88b03e

2024-03-09T21:09:27.188Z 2024-03-09T21:09:27.188Z	82a7d0c7-f674-5c46-b9ea-8ea12432fb23	INFO	Start syncing the balance {
  transaction: {
    id: '01HRJGS6FV1YS1856XZGXS361T',
    type: 'DEBIT',
    source: 'MANUAL_DEDUCTION',
    action: 'DELIVERY_DEDUCTION',
    userId: '7366dc6d-d047-46d5-b203-39e81633a8b4',
    paymentBalance: 3805,
    updatePaymentBalance: true,
    metadata: '{"walletId":"wallet#7366dc6d-d047-46d5-b203-39e81633a8b4","deliveryId":"1ac0fa00-f6c9-43f9-ace6-790025efcf5e","walletSk":"1ac0fa00-f6c9-43f9-ace6-790025efcf5e"}',
    currency: 'SAR',
    amount: 37.8,
    vat: 0,
    oldBalance: 3842.8,
    newBalance: 3805
  }
}

2024-03-09T21:09:27.232Z 2024-03-09T21:09:27.232Z	82a7d0c7-f674-5c46-b9ea-8ea12432fb23	INFO	SubscriptionBalanceUpdated event published

2024-03-09T21:09:27.258Z END RequestId: 82a7d0c7-f674-5c46-b9ea-8ea12432fb23

2024-03-09T21:09:27.258Z REPORT RequestId: 82a7d0c7-f674-5c46-b9ea-8ea12432fb23	Duration: 104.73 ms	Billed Duration: 105 ms	Memory Size: 1024 MB	Max Memory Used: 129 MB	

2024-03-09T21:09:27.263Z START RequestId: ca76002c-efe8-5840-9768-5e4a3daec3ab Version: $LATEST

2024-03-09T21:09:27.278Z 2024-03-09T21:09:27.278Z	ca76002c-efe8-5840-9768-5e4a3daec3ab	INFO	Processing message 37781495-a6b8-4129-a0ed-3790650fe706

2024-03-09T21:09:27.284Z 2024-03-09T21:09:27.284Z	ca76002c-efe8-5840-9768-5e4a3daec3ab	INFO	Start syncing the balance {
  transaction: {
    id: '01HRJGS6PDSD4WW1KW6D0736NM',
    type: 'DEBIT',
    source: 'MANUAL_DEDUCTION',
    action: 'DELIVERY_DEDUCTION',
    userId: '035e21a6-1dc3-4d87-bc4d-26b9dcefabbd',
    paymentBalance: 311.646,
    updatePaymentBalance: true,
    metadata: '{"walletId":"wallet#035e21a6-1dc3-4d87-bc4d-26b9dcefabbd","deliveryId":"751fc22c-9894-4e31-8281-bf46c085c0a8","walletSk":"751fc22c-9894-4e31-8281-bf46c085c0a8"}',
    currency: 'BHD',
    amount: 8,
    vat: 0,
    oldBalance: 23.646,
    newBalance: 15.646
  }
}

2024-03-09T21:09:27.329Z 2024-03-09T21:09:27.329Z	ca76002c-efe8-5840-9768-5e4a3daec3ab	INFO	SubscriptionBalanceUpdated event published

2024-03-09T21:09:27.344Z 2024-03-09T21:09:27.344Z	ca76002c-efe8-5840-9768-5e4a3daec3ab	ERROR	Subscription balance and payment balance are not in sync {
  userId: '035e21a6-1dc3-4d87-bc4d-26b9dcefabbd',
  subscriptionBalance: 15.646,
  paymentBalance: 311.646
}

2024-03-09T21:09:27.374Z END RequestId: ca76002c-efe8-5840-9768-5e4a3daec3ab

2024-03-09T21:09:27.374Z REPORT RequestId: ca76002c-efe8-5840-9768-5e4a3daec3ab	Duration: 110.61 ms	Billed Duration: 111 ms	Memory Size: 1024 MB	Max Memory Used: 129 MB	

2024-03-09T21:09:27.397Z START RequestId: fc91e416-b6f2-5456-8da3-ba7064b59333 Version: $LATEST

2024-03-09T21:09:27.424Z 2024-03-09T21:09:27.424Z	fc91e416-b6f2-5456-8da3-ba7064b59333	INFO	Processing message 0be5ceae-386f-47d0-9c9e-02fc152355d2

2024-03-09T21:09:27.430Z 2024-03-09T21:09:27.430Z	fc91e416-b6f2-5456-8da3-ba7064b59333	INFO	Start syncing the balance {
  transaction: {
    id: '01HRJGS6VQC1F9ZCD6P3DCNV7A',
    type: 'DEBIT',
    source: 'MANUAL_DEDUCTION',
    action: 'DELIVERY_DEDUCTION',
    userId: 'e6a22e0b-2fbf-4260-94f5-f86393927ddd',
    paymentBalance: 90,
    updatePaymentBalance: true,
    metadata: '{"walletId":"wallet#e6a22e0b-2fbf-4260-94f5-f86393927ddd","deliveryId":"bbe7434a-729f-494b-8ae9-78fd73f9051a","walletSk":"bbe7434a-729f-494b-8ae9-78fd73f9051a"}',
    currency: 'BHD',
    amount: 9,
    vat: 0,
    oldBalance: 99,
    newBalance: 90
  }
}

2024-03-09T21:09:27.498Z 2024-03-09T21:09:27.498Z	fc91e416-b6f2-5456-8da3-ba7064b59333	INFO	SubscriptionBalanceUpdated event published

2024-03-09T21:09:27.510Z END RequestId: fc91e416-b6f2-5456-8da3-ba7064b59333

2024-03-09T21:09:27.510Z REPORT RequestId: fc91e416-b6f2-5456-8da3-ba7064b59333	Duration: 112.52 ms	Billed Duration: 113 ms	Memory Size: 1024 MB	Max Memory Used: 129 MB	
XRAY TraceId: 1-65ecd007-23e541c91692dd8339b09eb9	SegmentId: 401a009a2d842ac8	Sampled: true	

2024-03-09T21:09:28.394Z START RequestId: 5c1f5b80-0f1c-5218-8467-05e6dd5b29f3 Version: $LATEST

2024-03-09T21:09:28.422Z 2024-03-09T21:09:28.422Z	5c1f5b80-0f1c-5218-8467-05e6dd5b29f3	INFO	Processing message f3941c64-90e5-4b85-a859-2700c596a847

2024-03-09T21:09:28.428Z 2024-03-09T21:09:28.428Z	5c1f5b80-0f1c-5218-8467-05e6dd5b29f3	INFO	Start syncing the balance {
  transaction: {
    id: '01HRJGS7KBN8G5NAKASZPTBH9D',
    type: 'DEBIT',
    source: 'MANUAL_DEDUCTION',
    action: 'DELIVERY_DEDUCTION',
    userId: '381dc3ed-cea5-407f-aefb-3dafda667e06',
    paymentBalance: 23.75,
    updatePaymentBalance: true,
    metadata: '{"walletId":"wallet#381dc3ed-cea5-407f-aefb-3dafda667e06","deliveryId":"17080081-588e-4b2b-a66d-06bb4bf14320","walletSk":"17080081-588e-4b2b-a66d-06bb4bf14320"}',
    currency: 'BHD',
    amount: 8,
    vat: 0,
    oldBalance: 31.75,
    newBalance: 23.75
  }
}

2024-03-09T21:09:28.487Z 2024-03-09T21:09:28.487Z	5c1f5b80-0f1c-5218-8467-05e6dd5b29f3	INFO	SubscriptionBalanceUpdated event published

2024-03-09T21:09:28.501Z END RequestId: 5c1f5b80-0f1c-5218-8467-05e6dd5b29f3

2024-03-09T21:09:28.501Z REPORT RequestId: 5c1f5b80-0f1c-5218-8467-05e6dd5b29f3	Duration: 106.74 ms	Billed Duration: 107 ms	Memory Size: 1024 MB	Max Memory Used: 129 MB	

2024-03-09T21:01:05.881Z INIT_START Runtime Version: nodejs:20.v18	Runtime Version ARN: arn:aws:lambda:us-east-1::runtime:2250774f98acc3954111984e0b9853cb801265eb866d3bef345707fcfb7af67c

2024-03-09T21:01:06.903Z START RequestId: c070bebf-3695-55e2-aa89-e0d9e6d5b77f Version: $LATEST

2024-03-09T21:01:07.064Z 2024-03-09T21:01:07.064Z	c070bebf-3695-55e2-aa89-e0d9e6d5b77f	INFO	Processing message b305ca7c-b36a-4f78-b0a0-0d769dc7192c

2024-03-09T21:01:07.124Z 2024-03-09T21:01:07.124Z	c070bebf-3695-55e2-aa89-e0d9e6d5b77f	INFO	Start syncing the balance {
  transaction: {
    id: '01HRJG9TXC1PZAGAKDB7PFWKDE',
    type: 'DEBIT',
    source: 'MANUAL_DEDUCTION',
    action: 'DELIVERY_DEDUCTION',
    userId: '848c815d-39aa-4437-a5c2-4f60cbacd64d',
    paymentBalance: 432,
    updatePaymentBalance: true,
    metadata: '{"walletId":"wallet#848c815d-39aa-4437-a5c2-4f60cbacd64d","deliveryId":"9bd46977-2f80-4537-9055-cf9e9d838017","walletSk":"9bd46977-2f80-4537-9055-cf9e9d838017"}',
    currency: 'SAR',
    amount: 76.5,
    vat: 0,
    oldBalance: 508.5,
    newBalance: 432
  }
}

2024-03-09T21:01:07.240Z 2024-03-09T21:01:07.240Z	c070bebf-3695-55e2-aa89-e0d9e6d5b77f	INFO	SubscriptionBalanceUpdated event published

2024-03-09T21:01:07.297Z END RequestId: c070bebf-3695-55e2-aa89-e0d9e6d5b77f

2024-03-09T21:01:07.297Z REPORT RequestId: c070bebf-3695-55e2-aa89-e0d9e6d5b77f	Duration: 394.01 ms	Billed Duration: 395 ms	Memory Size: 1024 MB	Max Memory Used: 113 MB	Init Duration: 1021.43 ms	

2024-03-09T21:01:07.315Z START RequestId: 3dcb5e8c-b3c4-5e10-9b27-00ea639500f3 Version: $LATEST

2024-03-09T21:01:07.340Z 2024-03-09T21:01:07.340Z	3dcb5e8c-b3c4-5e10-9b27-00ea639500f3	INFO	Processing message 8b493cf4-fbd5-417e-8e2e-ab61030f79f8

2024-03-09T21:01:07.349Z 2024-03-09T21:01:07.349Z	3dcb5e8c-b3c4-5e10-9b27-00ea639500f3	INFO	Start syncing the balance {
  transaction: {
    id: '01HRJG9WE7WJY7NA5SES34DVJA',
    type: 'DEBIT',
    source: 'MANUAL_DEDUCTION',
    action: 'DELIVERY_DEDUCTION',
    userId: '2ce08ce4-2c63-4e7e-84aa-79b8a520bdbc',
    paymentBalance: 3222,
    updatePaymentBalance: true,
    metadata: '{"walletId":"wallet#2ce08ce4-2c63-4e7e-84aa-79b8a520bdbc","deliveryId":"d4d20de5-2789-4bad-b6d7-ffb6bcecb56f","walletSk":"d4d20de5-2789-4bad-b6d7-ffb6bcecb56f"}',
    currency: 'SAR',
    amount: 76.5,
    vat: 0,
    oldBalance: 3298.5,
    newBalance: 3222
  }
}

2024-03-09T21:01:07.402Z 2024-03-09T21:01:07.402Z	3dcb5e8c-b3c4-5e10-9b27-00ea639500f3	INFO	SubscriptionBalanceUpdated event published

2024-03-09T21:01:07.416Z 2024-03-09T21:01:07.416Z	3dcb5e8c-b3c4-5e10-9b27-00ea639500f3	INFO	Processing message 6327e48d-3f65-4590-a422-d74aa1dc1522

2024-03-09T21:01:07.422Z 2024-03-09T21:01:07.422Z	3dcb5e8c-b3c4-5e10-9b27-00ea639500f3	INFO	Start syncing the balance {
  transaction: {
    id: '01HRJG9WG9M9TFGKBP88GE3E8J',
    type: 'DEBIT',
    source: 'MANUAL_DEDUCTION',
    action: 'DELIVERY_DEDUCTION',
    userId: '91749485-15ab-4fd0-93af-e118e414ab9b',
    paymentBalance: 558.5,
    updatePaymentBalance: true,
    metadata: '{"walletId":"wallet#91749485-15ab-4fd0-93af-e118e414ab9b","deliveryId":"5547a662-1e45-49a7-8a5b-a5f59b2de8fa","walletSk":"5547a662-1e45-49a7-8a5b-a5f59b2de8fa"}',
    currency: 'BHD',
    amount: 4,
    vat: 0,
    oldBalance: 9,
    newBalance: 5
  }
}

2024-03-09T21:01:07.479Z 2024-03-09T21:01:07.479Z	3dcb5e8c-b3c4-5e10-9b27-00ea639500f3	INFO	SubscriptionBalanceUpdated event published

2024-03-09T21:01:07.497Z 2024-03-09T21:01:07.497Z	3dcb5e8c-b3c4-5e10-9b27-00ea639500f3	ERROR	Subscription balance and payment balance are not in sync {
  userId: '91749485-15ab-4fd0-93af-e118e414ab9b',
  subscriptionBalance: 5,
  paymentBalance: 558.5
}

2024-03-09T21:01:07.549Z 2024-03-09T21:01:07.549Z	3dcb5e8c-b3c4-5e10-9b27-00ea639500f3	INFO	Processing message 58b6c713-ba43-4bb5-a39e-9af3a784c464

2024-03-09T21:01:07.557Z 2024-03-09T21:01:07.557Z	3dcb5e8c-b3c4-5e10-9b27-00ea639500f3	INFO	Start syncing the balance {
  transaction: {
    id: '01HRJG9WM071WT019AY0YR01EZ',
    type: 'DEBIT',
    source: 'MANUAL_DEDUCTION',
    action: 'DELIVERY_DEDUCTION',
    userId: '078a520a-b504-4794-8e9b-910d86e4e96d',
    paymentBalance: 1385.92,
    updatePaymentBalance: true,
    metadata: '{"walletId":"wallet#078a520a-b504-4794-8e9b-910d86e4e96d","deliveryId":"a2bb3825-62cc-48fc-a082-30464b8db1a6","walletSk":"a2bb3825-62cc-48fc-a082-30464b8db1a6"}',
    currency: 'SAR',
    amount: 42,
    vat: 0,
    oldBalance: 433.37,
    newBalance: 391.37
  }
}

2024-03-09T21:01:07.607Z 2024-03-09T21:01:07.607Z	3dcb5e8c-b3c4-5e10-9b27-00ea639500f3	INFO	SubscriptionBalanceUpdated event published

2024-03-09T21:01:07.623Z 2024-03-09T21:01:07.623Z	3dcb5e8c-b3c4-5e10-9b27-00ea639500f3	ERROR	Subscription balance and payment balance are not in sync {
  userId: '078a520a-b504-4794-8e9b-910d86e4e96d',
  subscriptionBalance: 391.37,
  paymentBalance: 1385.92
}

2024-03-09T21:01:07.638Z 2024-03-09T21:01:07.638Z	3dcb5e8c-b3c4-5e10-9b27-00ea639500f3	INFO	Processing message 2682f2d0-ac21-4e73-9cd6-f11a2d54a724

2024-03-09T21:01:07.644Z 2024-03-09T21:01:07.644Z	3dcb5e8c-b3c4-5e10-9b27-00ea639500f3	INFO	Start syncing the balance {
  transaction: {
    id: '01HRJG9WYK0HFMYBYV8M6DG9QX',
    type: 'DEBIT',
    source: 'MANUAL_DEDUCTION',
    action: 'DELIVERY_DEDUCTION',
    userId: 'e70febec-5cec-4e5d-adc1-c893aab5402c',
    paymentBalance: 511,
    updatePaymentBalance: true,
    metadata: '{"walletId":"wallet#e70febec-5cec-4e5d-adc1-c893aab5402c","deliveryId":"e110ff71-4d2f-44b4-bff0-4bc493687e83","walletSk":"e110ff71-4d2f-44b4-bff0-4bc493687e83"}',
    currency: 'BHD',
    amount: 8,
    vat: 0,
    oldBalance: 114.5,
    newBalance: 106.5
  }
}

2024-03-09T21:01:07.692Z 2024-03-09T21:01:07.692Z	3dcb5e8c-b3c4-5e10-9b27-00ea639500f3	INFO	SubscriptionBalanceUpdated event published

2024-03-09T21:01:07.708Z 2024-03-09T21:01:07.708Z	3dcb5e8c-b3c4-5e10-9b27-00ea639500f3	ERROR	Subscription balance and payment balance are not in sync {
  userId: 'e70febec-5cec-4e5d-adc1-c893aab5402c',
  subscriptionBalance: 106.5,
  paymentBalance: 511
}

2024-03-09T21:01:07.724Z 2024-03-09T21:01:07.724Z	3dcb5e8c-b3c4-5e10-9b27-00ea639500f3	INFO	Processing message 5074a744-8a7d-443e-afce-e3cebaccb87b

2024-03-09T21:01:07.730Z 2024-03-09T21:01:07.730Z	3dcb5e8c-b3c4-5e10-9b27-00ea639500f3	INFO	Start syncing the balance {
  transaction: {
    id: '01HRJG9WQHM7S0CC5JJWF0CNFZ',
    type: 'DEBIT',
    source: 'MANUAL_DEDUCTION',
    action: 'DELIVERY_DEDUCTION',
    userId: 'b851dd0c-b4b0-41d4-814a-172752d504d9',
    paymentBalance: 207,
    updatePaymentBalance: true,
    metadata: '{"walletId":"wallet#b851dd0c-b4b0-41d4-814a-172752d504d9","deliveryId":"dd84d295-3f6b-4652-9117-a97830a8c09d","walletSk":"dd84d295-3f6b-4652-9117-a97830a8c09d"}',
    currency: 'BHD',
    amount: 9,
    vat: 0,
    oldBalance: 225,
    newBalance: 216
  }
}

2024-03-09T21:01:07.775Z 2024-03-09T21:01:07.775Z	3dcb5e8c-b3c4-5e10-9b27-00ea639500f3	INFO	SubscriptionBalanceUpdated event published

2024-03-09T21:01:07.789Z 2024-03-09T21:01:07.789Z	3dcb5e8c-b3c4-5e10-9b27-00ea639500f3	ERROR	Subscription balance and payment balance are not in sync {
  userId: 'b851dd0c-b4b0-41d4-814a-172752d504d9',
  subscriptionBalance: 216,
  paymentBalance: 207
}

2024-03-09T21:01:07.804Z 2024-03-09T21:01:07.804Z	3dcb5e8c-b3c4-5e10-9b27-00ea639500f3	INFO	Processing message df4e9880-fc44-44f6-a8aa-8f06f6f646cb

2024-03-09T21:01:07.811Z 2024-03-09T21:01:07.811Z	3dcb5e8c-b3c4-5e10-9b27-00ea639500f3	INFO	Start syncing the balance {
  transaction: {
    id: '01HRJG9WVF2EFWBCX9P6FTVS1Q',
    type: 'DEBIT',
    source: 'MANUAL_DEDUCTION',
    action: 'DELIVERY_DEDUCTION',
    userId: 'aea9e5de-6ce6-4873-8574-f8237677fe69',
    paymentBalance: 20,
    updatePaymentBalance: true,
    metadata: '{"walletId":"wallet#aea9e5de-6ce6-4873-8574-f8237677fe69","deliveryId":"534da5d0-bcd2-4b46-91be-d3a2c439c2fe","walletSk":"534da5d0-bcd2-4b46-91be-d3a2c439c2fe"}',
    currency: 'BHD',
    amount: 8,
    vat: 0,
    oldBalance: 28,
    newBalance: 20
  }
}

2024-03-09T21:01:07.858Z 2024-03-09T21:01:07.858Z	3dcb5e8c-b3c4-5e10-9b27-00ea639500f3	INFO	SubscriptionBalanceUpdated event published

2024-03-09T21:01:07.872Z 2024-03-09T21:01:07.872Z	3dcb5e8c-b3c4-5e10-9b27-00ea639500f3	INFO	Processing message ab11ff8b-22e6-4955-aad8-e0bad4e7c3b6

2024-03-09T21:01:07.879Z 2024-03-09T21:01:07.879Z	3dcb5e8c-b3c4-5e10-9b27-00ea639500f3	INFO	Start syncing the balance {
  transaction: {
    id: '01HRJG9X5QYZ8PR4P0BSYGA063',
    type: 'DEBIT',
    source: 'MANUAL_DEDUCTION',
    action: 'DELIVERY_DEDUCTION',
    userId: 'e9227141-8df9-46c9-bbbf-7228b3ad82c1',
    paymentBalance: 201,
    updatePaymentBalance: true,
    metadata: '{"walletId":"wallet#e9227141-8df9-46c9-bbbf-7228b3ad82c1","deliveryId":"57e1ae59-3e87-4d34-9b7f-c23ac47a5991","walletSk":"57e1ae59-3e87-4d34-9b7f-c23ac47a5991"}',
    currency: 'BHD',
    amount: 9,
    vat: 0,
    oldBalance: 210,
    newBalance: 201
  }
}

2024-03-09T21:01:07.927Z 2024-03-09T21:01:07.927Z	3dcb5e8c-b3c4-5e10-9b27-00ea639500f3	INFO	SubscriptionBalanceUpdated event published

2024-03-09T21:01:07.940Z 2024-03-09T21:01:07.940Z	3dcb5e8c-b3c4-5e10-9b27-00ea639500f3	INFO	Processing message 9b4231cd-05d2-4b34-9442-f95bda3b92be

2024-03-09T21:01:07.945Z 2024-03-09T21:01:07.945Z	3dcb5e8c-b3c4-5e10-9b27-00ea639500f3	INFO	Start syncing the balance {
  transaction: {
    id: '01HRJG9X41XY870A0417ABN7VK',
    type: 'DEBIT',
    source: 'MANUAL_DEDUCTION',
    action: 'DELIVERY_DEDUCTION',
    userId: 'f899dcef-1bc0-479f-833d-82c3351e403b',
    paymentBalance: 1515.4,
    updatePaymentBalance: true,
    metadata: '{"walletId":"wallet#f899dcef-1bc0-479f-833d-82c3351e403b","deliveryId":"c8d42fd9-2319-443b-be15-ff993034b195","walletSk":"c8d42fd9-2319-443b-be15-ff993034b195"}',
    currency: 'SAR',
    amount: 37.8,
    vat: 0,
    oldBalance: 1553.2,
    newBalance: 1515.4
  }
}

2024-03-09T21:01:08.211Z 2024-03-09T21:01:08.211Z	3dcb5e8c-b3c4-5e10-9b27-00ea639500f3	INFO	SubscriptionBalanceUpdated event published

2024-03-09T21:01:08.227Z 2024-03-09T21:01:08.227Z	3dcb5e8c-b3c4-5e10-9b27-00ea639500f3	INFO	Processing message ff4049f1-d7fe-4309-b4d0-e483d0d9e905

2024-03-09T21:01:08.233Z 2024-03-09T21:01:08.233Z	3dcb5e8c-b3c4-5e10-9b27-00ea639500f3	INFO	Start syncing the balance {
  transaction: {
    id: '01HRJG9WZ600H3CT37F1DSXJQ0',
    type: 'DEBIT',
    source: 'MANUAL_DEDUCTION',
    action: 'DELIVERY_DEDUCTION',
    userId: '50fbe95b-009d-4396-ab46-cf6170a827ce',
    paymentBalance: 32,
    updatePaymentBalance: true,
    metadata: '{"walletId":"wallet#50fbe95b-009d-4396-ab46-cf6170a827ce","deliveryId":"9acb5bb1-b56e-4da0-89e9-7a928544a847","walletSk":"9acb5bb1-b56e-4da0-89e9-7a928544a847"}',
    currency: 'BHD',
    amount: 8,
    vat: 0,
    oldBalance: 40,
    newBalance: 32
  }
}

2024-03-09T21:01:08.276Z 2024-03-09T21:01:08.276Z	3dcb5e8c-b3c4-5e10-9b27-00ea639500f3	INFO	SubscriptionBalanceUpdated event published

2024-03-09T21:01:08.289Z 2024-03-09T21:01:08.289Z	3dcb5e8c-b3c4-5e10-9b27-00ea639500f3	INFO	Processing message 55185b82-1cef-4979-bed4-a288619070f0

2024-03-09T21:01:08.294Z 2024-03-09T21:01:08.294Z	3dcb5e8c-b3c4-5e10-9b27-00ea639500f3	INFO	Start syncing the balance {
  transaction: {
    id: '01HRJG9X95JH2C2JFZEKBG36KT',
    type: 'DEBIT',
    source: 'MANUAL_DEDUCTION',
    action: 'DELIVERY_DEDUCTION',
    userId: '116d602b-3853-4b09-8b31-e5ff7b7d0534',
    paymentBalance: 129,
    updatePaymentBalance: true,
    metadata: '{"walletId":"wallet#116d602b-3853-4b09-8b31-e5ff7b7d0534","deliveryId":"82674aaf-9414-4951-bdf8-054080d6568a","walletSk":"82674aaf-9414-4951-bdf8-054080d6568a"}',
    currency: 'BHD',
    amount: 9,
    vat: 0,
    oldBalance: 138,
    newBalance: 129
  }
}

2024-03-09T21:01:08.338Z 2024-03-09T21:01:08.338Z	3dcb5e8c-b3c4-5e10-9b27-00ea639500f3	INFO	SubscriptionBalanceUpdated event published

2024-03-09T21:01:08.356Z END RequestId: 3dcb5e8c-b3c4-5e10-9b27-00ea639500f3

2024-03-09T21:01:08.356Z REPORT RequestId: 3dcb5e8c-b3c4-5e10-9b27-00ea639500f3	Duration: 1040.79 ms	Billed Duration: 1041 ms	Memory Size: 1024 MB	Max Memory Used: 118 MB	

2024-03-09T21:01:08.581Z START RequestId: b3535e61-30f6-5dd6-b6de-0007e0a79335 Version: $LATEST

2024-03-09T21:01:08.613Z 2024-03-09T21:01:08.613Z	b3535e61-30f6-5dd6-b6de-0007e0a79335	INFO	Processing message 8cae8612-fa3a-4dc9-a820-cc91e178e1b6

2024-03-09T21:01:08.619Z 2024-03-09T21:01:08.619Z	b3535e61-30f6-5dd6-b6de-0007e0a79335	INFO	Start syncing the balance {
  transaction: {
    id: '01HRJG9TKYTNNP5WPRCQQW872G',
    type: 'DEBIT',
    source: 'MANUAL_DEDUCTION',
    action: 'DELIVERY_DEDUCTION',
    userId: 'ed3dc329-d66f-4fb7-8e3b-99a0034ff60f',
    paymentBalance: 138.5,
    updatePaymentBalance: true,
    metadata: '{"walletId":"wallet#ed3dc329-d66f-4fb7-8e3b-99a0034ff60f","deliveryId":"6682c7dc-f6f9-463a-b50d-196b18da8c04","walletSk":"6682c7dc-f6f9-463a-b50d-196b18da8c04"}',
    currency: 'BHD',
    amount: 5,
    vat: 0,
    oldBalance: 143.5,
    newBalance: 138.5
  }
}

2024-03-09T21:01:08.670Z 2024-03-09T21:01:08.670Z	b3535e61-30f6-5dd6-b6de-0007e0a79335	INFO	SubscriptionBalanceUpdated event published

2024-03-09T21:01:08.685Z 2024-03-09T21:01:08.685Z	b3535e61-30f6-5dd6-b6de-0007e0a79335	INFO	Processing message e67b9eb2-bc4c-466d-8710-0de5b6dc2764

2024-03-09T21:01:08.691Z 2024-03-09T21:01:08.691Z	b3535e61-30f6-5dd6-b6de-0007e0a79335	INFO	Start syncing the balance {
  transaction: {
    id: '01HRJG9TPM2K91T3QCKWKADAJM',
    type: 'DEBIT',
    source: 'MANUAL_DEDUCTION',
    action: 'DELIVERY_DEDUCTION',
    userId: '9a767b16-d642-46a7-9947-866e0fb967ea',
    paymentBalance: 81,
    updatePaymentBalance: true,
    metadata: '{"walletId":"wallet#9a767b16-d642-46a7-9947-866e0fb967ea","deliveryId":"0b143959-4b8b-4535-8bb7-3a5ebe2f2de6","walletSk":"0b143959-4b8b-4535-8bb7-3a5ebe2f2de6"}',
    currency: 'BHD',
    amount: 9,
    vat: 0,
    oldBalance: 90,
    newBalance: 81
  }
}

2024-03-09T21:01:08.732Z 2024-03-09T21:01:08.732Z	b3535e61-30f6-5dd6-b6de-0007e0a79335	INFO	SubscriptionBalanceUpdated event published

2024-03-09T21:01:08.747Z 2024-03-09T21:01:08.747Z	b3535e61-30f6-5dd6-b6de-0007e0a79335	INFO	Processing message 8436f6c6-909e-4eca-9755-75d75db8e31a

2024-03-09T21:01:08.754Z 2024-03-09T21:01:08.754Z	b3535e61-30f6-5dd6-b6de-0007e0a79335	INFO	Start syncing the balance {
  transaction: {
    id: '01HRJG9W6REGV8TJPHCXAAW3J5',
    type: 'DEBIT',
    source: 'MANUAL_DEDUCTION',
    action: 'DELIVERY_DEDUCTION',
    userId: '91d43fa2-78da-464b-b348-fb35489b1397',
    paymentBalance: 117,
    updatePaymentBalance: true,
    metadata: '{"walletId":"wallet#91d43fa2-78da-464b-b348-fb35489b1397","deliveryId":"9d1da14a-0780-4a17-bf45-51591ea5d80e","walletSk":"9d1da14a-0780-4a17-bf45-51591ea5d80e"}',
    currency: 'BHD',
    amount: 9,
    vat: 0,
    oldBalance: 126,
    newBalance: 117
  }
}

2024-03-09T21:01:08.798Z 2024-03-09T21:01:08.798Z	b3535e61-30f6-5dd6-b6de-0007e0a79335	INFO	SubscriptionBalanceUpdated event published

2024-03-09T21:01:08.814Z 2024-03-09T21:01:08.814Z	b3535e61-30f6-5dd6-b6de-0007e0a79335	INFO	Processing message 3c8d4b19-9ac6-4432-958a-238bd1c26c5a

2024-03-09T21:01:08.820Z 2024-03-09T21:01:08.820Z	b3535e61-30f6-5dd6-b6de-0007e0a79335	INFO	Start syncing the balance {
  transaction: {
    id: '01HRJG9WCMRJYPMQ6QHGF215K2',
    type: 'DEBIT',
    source: 'MANUAL_DEDUCTION',
    action: 'DELIVERY_DEDUCTION',
    userId: '079b35b6-fecd-41e0-aff2-b291a42880f2',
    paymentBalance: 88,
    updatePaymentBalance: true,
    metadata: '{"walletId":"wallet#079b35b6-fecd-41e0-aff2-b291a42880f2","deliveryId":"d0d2a217-a724-498a-b04f-0d2d60af5071","walletSk":"d0d2a217-a724-498a-b04f-0d2d60af5071"}',
    currency: 'BHD',
    amount: 8,
    vat: 0,
    oldBalance: 96,
    newBalance: 88
  }
}

2024-03-09T21:01:08.860Z 2024-03-09T21:01:08.860Z	b3535e61-30f6-5dd6-b6de-0007e0a79335	INFO	SubscriptionBalanceUpdated event published

2024-03-09T21:01:08.877Z 2024-03-09T21:01:08.877Z	b3535e61-30f6-5dd6-b6de-0007e0a79335	INFO	Processing message 30213d91-1286-480a-b1a5-a5d32d9d248f

2024-03-09T21:01:08.887Z 2024-03-09T21:01:08.887Z	b3535e61-30f6-5dd6-b6de-0007e0a79335	INFO	Start syncing the balance {
  transaction: {
    id: '01HRJG9TWSRQXJXC71T20NXDXT',
    type: 'DEBIT',
    source: 'MANUAL_DEDUCTION',
    action: 'DELIVERY_DEDUCTION',
    userId: '4418bb9f-4dc0-4fb1-9b49-cc5405c1c8fd',
    paymentBalance: 1620,
    updatePaymentBalance: true,
    metadata: '{"walletId":"wallet#4418bb9f-4dc0-4fb1-9b49-cc5405c1c8fd","deliveryId":"07e3b86d-bf7a-4b7d-8227-4e9db4fcac15","walletSk":"07e3b86d-bf7a-4b7d-8227-4e9db4fcac15"}',
    currency: 'SAR',
    amount: 90,
    vat: 0,
    oldBalance: 1710,
    newBalance: 1620
  }
}

2024-03-09T21:01:08.931Z 2024-03-09T21:01:08.931Z	b3535e61-30f6-5dd6-b6de-0007e0a79335	INFO	SubscriptionBalanceUpdated event published

2024-03-09T21:01:08.947Z 2024-03-09T21:01:08.947Z	b3535e61-30f6-5dd6-b6de-0007e0a79335	INFO	Processing message ed169322-7d64-4081-9491-d8440e88a99d

2024-03-09T21:01:08.953Z 2024-03-09T21:01:08.953Z	b3535e61-30f6-5dd6-b6de-0007e0a79335	INFO	Start syncing the balance {
  transaction: {
    id: '01HRJG9WN34MD5WVY1P4K2W7QR',
    type: 'DEBIT',
    source: 'MANUAL_DEDUCTION',
    action: 'DELIVERY_DEDUCTION',
    userId: '073d8401-e882-4dc0-a104-c212f6019ebd',
    paymentBalance: 4855.5,
    updatePaymentBalance: true,
    metadata: '{"walletId":"wallet#073d8401-e882-4dc0-a104-c212f6019ebd","deliveryId":"ba8805ce-2767-45f7-bb87-46123b26e8e7","walletSk":"ba8805ce-2767-45f7-bb87-46123b26e8e7"}',
    currency: 'SAR',
    amount: 76.5,
    vat: 0,
    oldBalance: 4932,
    newBalance: 4855.5
  }
}

2024-03-09T21:01:08.996Z 2024-03-09T21:01:08.996Z	b3535e61-30f6-5dd6-b6de-0007e0a79335	INFO	SubscriptionBalanceUpdated event published

2024-03-09T21:01:09.011Z 2024-03-09T21:01:09.011Z	b3535e61-30f6-5dd6-b6de-0007e0a79335	INFO	Processing message 65b7a538-d675-4d74-818f-eb60c500b759

2024-03-09T21:01:09.018Z 2024-03-09T21:01:09.018Z	b3535e61-30f6-5dd6-b6de-0007e0a79335	INFO	Start syncing the balance {
  transaction: {
    id: '01HRJG9WSCTCCPYKM4VGKAWN8W',
    type: 'DEBIT',
    source: 'MANUAL_DEDUCTION',
    action: 'DELIVERY_DEDUCTION',
    userId: 'f2760655-ac6c-4a19-a85e-0cba3913eb42',
    paymentBalance: 180,
    updatePaymentBalance: true,
    metadata: '{"walletId":"wallet#f2760655-ac6c-4a19-a85e-0cba3913eb42","deliveryId":"d1faf2d5-86c5-492f-85e4-e61963b3b8fe","walletSk":"d1faf2d5-86c5-492f-85e4-e61963b3b8fe"}',
    currency: 'SAR',
    amount: 90,
    vat: 0,
    oldBalance: 270,
    newBalance: 180
  }
}

2024-03-09T21:01:09.079Z 2024-03-09T21:01:09.079Z	b3535e61-30f6-5dd6-b6de-0007e0a79335	INFO	SubscriptionBalanceUpdated event published

2024-03-09T21:01:09.092Z 2024-03-09T21:01:09.092Z	b3535e61-30f6-5dd6-b6de-0007e0a79335	INFO	Processing message 5784504b-3377-45d1-af08-690ce8ce817d

2024-03-09T21:01:09.097Z 2024-03-09T21:01:09.097Z	b3535e61-30f6-5dd6-b6de-0007e0a79335	INFO	Start syncing the balance {
  transaction: {
    id: '01HRJG9VQ04TQW1X7CQKRTC0T4',
    type: 'DEBIT',
    source: 'MANUAL_DEDUCTION',
    action: 'DELIVERY_DEDUCTION',
    userId: '2af65ba7-48fc-4433-be65-5dca7e3094a8',
    paymentBalance: 484.979,
    updatePaymentBalance: true,
    metadata: '{"walletId":"wallet#2af65ba7-48fc-4433-be65-5dca7e3094a8","deliveryId":"43c9669f-b78b-4602-a80d-af48f9f86b92","walletSk":"43c9669f-b78b-4602-a80d-af48f9f86b92"}',
    currency: 'BHD',
    amount: 6,
    vat: 0,
    oldBalance: 361.363,
    newBalance: 355.363
  }
}

2024-03-09T21:01:09.139Z 2024-03-09T21:01:09.139Z	b3535e61-30f6-5dd6-b6de-0007e0a79335	INFO	SubscriptionBalanceUpdated event published

2024-03-09T21:01:09.154Z 2024-03-09T21:01:09.154Z	b3535e61-30f6-5dd6-b6de-0007e0a79335	ERROR	Subscription balance and payment balance are not in sync {
  userId: '2af65ba7-48fc-4433-be65-5dca7e3094a8',
  subscriptionBalance: 355.363,
  paymentBalance: 484.979
}

2024-03-09T21:01:09.170Z 2024-03-09T21:01:09.170Z	b3535e61-30f6-5dd6-b6de-0007e0a79335	INFO	Processing message c8ecd52e-0620-463e-bd7f-ffb9527723c1

2024-03-09T21:01:09.176Z 2024-03-09T21:01:09.176Z	b3535e61-30f6-5dd6-b6de-0007e0a79335	INFO	Start syncing the balance {
  transaction: {
    id: '01HRJG9W5E72ARNT5HRE7X2B23',
    type: 'DEBIT',
    source: 'MANUAL_DEDUCTION',
    action: 'DELIVERY_DEDUCTION',
    userId: '7a46f077-87df-49e3-b606-f37d0f061728',
    paymentBalance: 798,
    updatePaymentBalance: true,
    metadata: '{"walletId":"wallet#7a46f077-87df-49e3-b606-f37d0f061728","deliveryId":"a339c6ff-9ce8-4239-b108-4b3a17c9f5e6","walletSk":"a339c6ff-9ce8-4239-b108-4b3a17c9f5e6"}',
    currency: 'BHD',
    amount: 10,
    vat: 0,
    oldBalance: 808,
    newBalance: 798
  }
}

2024-03-09T21:01:09.220Z 2024-03-09T21:01:09.220Z	b3535e61-30f6-5dd6-b6de-0007e0a79335	INFO	SubscriptionBalanceUpdated event published

2024-03-09T21:01:09.233Z 2024-03-09T21:01:09.233Z	b3535e61-30f6-5dd6-b6de-0007e0a79335	INFO	Processing message 72326bc7-170c-4bbd-9a1f-816269ab0bd5

2024-03-09T21:01:09.240Z 2024-03-09T21:01:09.240Z	b3535e61-30f6-5dd6-b6de-0007e0a79335	INFO	Start syncing the balance {
  transaction: {
    id: '01HRJG9WBMR0FXR94BVH0YTHBK',
    type: 'DEBIT',
    source: 'MANUAL_DEDUCTION',
    action: 'DELIVERY_DEDUCTION',
    userId: '2c1fafd7-42d4-48ac-a761-4b5493eec785',
    paymentBalance: 612.5,
    updatePaymentBalance: true,
    metadata: '{"walletId":"wallet#2c1fafd7-42d4-48ac-a761-4b5493eec785","deliveryId":"3499e4ec-0b7b-400b-a559-c5eff6b7a10f","walletSk":"3499e4ec-0b7b-400b-a559-c5eff6b7a10f"}',
    currency: 'BHD',
    amount: 27,
    vat: 0,
    oldBalance: 339.5,
    newBalance: 312.5
  }
}

2024-03-09T21:01:09.280Z 2024-03-09T21:01:09.280Z	b3535e61-30f6-5dd6-b6de-0007e0a79335	INFO	SubscriptionBalanceUpdated event published

2024-03-09T21:01:09.291Z 2024-03-09T21:01:09.291Z	b3535e61-30f6-5dd6-b6de-0007e0a79335	ERROR	Subscription balance and payment balance are not in sync {
  userId: '2c1fafd7-42d4-48ac-a761-4b5493eec785',
  subscriptionBalance: 312.5,
  paymentBalance: 612.5
}

2024-03-09T21:01:09.306Z END RequestId: b3535e61-30f6-5dd6-b6de-0007e0a79335

2024-03-09T21:01:09.306Z REPORT RequestId: b3535e61-30f6-5dd6-b6de-0007e0a79335	Duration: 725.18 ms	Billed Duration: 726 ms	Memory Size: 1024 MB	Max Memory Used: 124 MB	

2024-03-09T21:01:09.761Z START RequestId: d44ca83f-3321-5b15-84d5-f659e374d5f6 Version: $LATEST

2024-03-09T21:01:09.792Z 2024-03-09T21:01:09.792Z	d44ca83f-3321-5b15-84d5-f659e374d5f6	INFO	Processing message 8741a897-8c98-4f99-a7bc-2b866fdfe119

2024-03-09T21:01:09.800Z 2024-03-09T21:01:09.800Z	d44ca83f-3321-5b15-84d5-f659e374d5f6	INFO	Start syncing the balance {
  transaction: {
    id: '01HRJG9Y6PWHPG304JG4T8PRVS',
    type: 'DEBIT',
    source: 'MANUAL_DEDUCTION',
    action: 'DELIVERY_DEDUCTION',
    userId: 'c4f83b6a-31d6-4110-95f2-3d46bc1de649',
    paymentBalance: 3312,
    updatePaymentBalance: true,
    metadata: '{"walletId":"wallet#c4f83b6a-31d6-4110-95f2-3d46bc1de649","deliveryId":"1fc134ea-f394-4b79-b518-65c928b36926","walletSk":"1fc134ea-f394-4b79-b518-65c928b36926"}',
    currency: 'SAR',
    amount: 76.5,
    vat: 0,
    oldBalance: 3388.5,
    newBalance: 3312
  }
}

2024-03-09T21:01:09.844Z 2024-03-09T21:01:09.844Z	d44ca83f-3321-5b15-84d5-f659e374d5f6	INFO	SubscriptionBalanceUpdated event published

2024-03-09T21:01:09.859Z 2024-03-09T21:01:09.859Z	d44ca83f-3321-5b15-84d5-f659e374d5f6	INFO	Processing message 0dbb1654-d54a-49e5-9dba-43847ca25b9f

2024-03-09T21:01:09.865Z 2024-03-09T21:01:09.865Z	d44ca83f-3321-5b15-84d5-f659e374d5f6	INFO	Start syncing the balance {
  transaction: {
    id: '01HRJG9Y3XGWMN7NV8Y3E3F7F8',
    type: 'DEBIT',
    source: 'MANUAL_DEDUCTION',
    action: 'DELIVERY_DEDUCTION',
    userId: '20f08d87-ee26-41f8-bfb1-a9622510e28a',
    paymentBalance: 2737.5,
    updatePaymentBalance: true,
    metadata: '{"walletId":"wallet#20f08d87-ee26-41f8-bfb1-a9622510e28a","deliveryId":"29260b55-2c0c-437b-8227-d41cd9653c1e","walletSk":"29260b55-2c0c-437b-8227-d41cd9653c1e"}',
    currency: 'SAR',
    amount: 76.5,
    vat: 0,
    oldBalance: 2814,
    newBalance: 2737.5
  }
}

2024-03-09T21:01:09.908Z 2024-03-09T21:01:09.908Z	d44ca83f-3321-5b15-84d5-f659e374d5f6	INFO	SubscriptionBalanceUpdated event published

2024-03-09T21:01:09.923Z 2024-03-09T21:01:09.923Z	d44ca83f-3321-5b15-84d5-f659e374d5f6	INFO	Processing message 4d7982c0-8feb-4a28-a8bf-8133afc29f95

2024-03-09T21:01:09.929Z 2024-03-09T21:01:09.929Z	d44ca83f-3321-5b15-84d5-f659e374d5f6	INFO	Start syncing the balance {
  transaction: {
    id: '01HRJG9Y7H5KR110S23AR3DAN0',
    type: 'DEBIT',
    source: 'MANUAL_DEDUCTION',
    action: 'DELIVERY_DEDUCTION',
    userId: 'cc9f78ca-ae9d-41bf-87a4-0b644222c99e',
    paymentBalance: 126,
    updatePaymentBalance: true,
    metadata: '{"walletId":"wallet#cc9f78ca-ae9d-41bf-87a4-0b644222c99e","deliveryId":"9c0428c7-8eb6-4594-ae3c-5a29e1841f66","walletSk":"9c0428c7-8eb6-4594-ae3c-5a29e1841f66"}',
    currency: 'BHD',
    amount: 9,
    vat: 0,
    oldBalance: 135,
    newBalance: 126
  }
}

2024-03-09T21:01:09.970Z 2024-03-09T21:01:09.970Z	d44ca83f-3321-5b15-84d5-f659e374d5f6	INFO	SubscriptionBalanceUpdated event published

2024-03-09T21:01:09.984Z 2024-03-09T21:01:09.984Z	d44ca83f-3321-5b15-84d5-f659e374d5f6	INFO	Processing message 8a2ec836-4fdd-4d3e-99fb-fbbef1b40673

2024-03-09T21:01:09.988Z 2024-03-09T21:01:09.988Z	d44ca83f-3321-5b15-84d5-f659e374d5f6	INFO	Start syncing the balance {
  transaction: {
    id: '01HRJG9YHGA6AQVNY3JSJYFW0X',
    type: 'DEBIT',
    source: 'MANUAL_DEDUCTION',
    action: 'DELIVERY_DEDUCTION',
    userId: '26c3588a-3771-4c4f-9b9f-7a456dc81c3c',
    paymentBalance: 144,
    updatePaymentBalance: true,
    metadata: '{"walletId":"wallet#26c3588a-3771-4c4f-9b9f-7a456dc81c3c","deliveryId":"6b4b8e2d-e7eb-4a78-960f-ac8664616e9c","walletSk":"6b4b8e2d-e7eb-4a78-960f-ac8664616e9c"}',
    currency: 'BHD',
    amount: 8,
    vat: 0,
    oldBalance: 152,
    newBalance: 144
  }
}

2024-03-09T21:01:10.032Z 2024-03-09T21:01:10.032Z	d44ca83f-3321-5b15-84d5-f659e374d5f6	INFO	SubscriptionBalanceUpdated event published

2024-03-09T21:01:10.048Z 2024-03-09T21:01:10.048Z	d44ca83f-3321-5b15-84d5-f659e374d5f6	INFO	Processing message b947e28e-22fe-4b3e-969f-36c8df49a09d

2024-03-09T21:01:10.054Z 2024-03-09T21:01:10.054Z	d44ca83f-3321-5b15-84d5-f659e374d5f6	INFO	Start syncing the balance {
  transaction: {
    id: '01HRJG9YCSTQK0VWAJGSVCJ8AP',
    type: 'DEBIT',
    source: 'MANUAL_DEDUCTION',
    action: 'DELIVERY_DEDUCTION',
    userId: '660c08ce-e429-44cc-8f56-d05deea2018e',
    paymentBalance: 19950,
    updatePaymentBalance: true,
    metadata: '{"walletId":"wallet#660c08ce-e429-44cc-8f56-d05deea2018e","deliveryId":"727c131e-ebca-4ae4-b4e6-6655fcb0b2bf","walletSk":"727c131e-ebca-4ae4-b4e6-6655fcb0b2bf"}',
    currency: 'BHD',
    amount: 10,
    vat: 0,
    oldBalance: 19960,
    newBalance: 19950
  }
}

2024-03-09T21:01:10.094Z 2024-03-09T21:01:10.094Z	d44ca83f-3321-5b15-84d5-f659e374d5f6	INFO	SubscriptionBalanceUpdated event published

2024-03-09T21:01:10.105Z 2024-03-09T21:01:10.105Z	d44ca83f-3321-5b15-84d5-f659e374d5f6	INFO	Processing message 0ddb4978-cf07-42c9-8383-7a4d45cf9b4a

2024-03-09T21:01:10.120Z 2024-03-09T21:01:10.120Z	d44ca83f-3321-5b15-84d5-f659e374d5f6	INFO	Start syncing the balance {
  transaction: {
    id: '01HRJG9YE5EE92490HSS64GRWR',
    type: 'DEBIT',
    source: 'MANUAL_DEDUCTION',
    action: 'DELIVERY_DEDUCTION',
    userId: '7ca066ee-df49-42d5-b522-54f8abe08388',
    paymentBalance: 301.75,
    updatePaymentBalance: true,
    metadata: '{"walletId":"wallet#7ca066ee-df49-42d5-b522-54f8abe08388","deliveryId":"11873583-4c40-436b-99e0-0181db2702d2","walletSk":"11873583-4c40-436b-99e0-0181db2702d2"}',
    currency: 'BHD',
    amount: 7,
    vat: 0,
    oldBalance: 27.5,
    newBalance: 20.5
  }
}

2024-03-09T21:01:10.166Z 2024-03-09T21:01:10.166Z	d44ca83f-3321-5b15-84d5-f659e374d5f6	INFO	SubscriptionBalanceUpdated event published

2024-03-09T21:01:10.177Z 2024-03-09T21:01:10.177Z	d44ca83f-3321-5b15-84d5-f659e374d5f6	ERROR	Subscription balance and payment balance are not in sync {
  userId: '7ca066ee-df49-42d5-b522-54f8abe08388',
  subscriptionBalance: 20.5,
  paymentBalance: 301.75
}

2024-03-09T21:01:10.190Z 2024-03-09T21:01:10.190Z	d44ca83f-3321-5b15-84d5-f659e374d5f6	INFO	Processing message 745e5e46-d4f9-4671-aef9-9fba7f9eb110

2024-03-09T21:01:10.195Z 2024-03-09T21:01:10.195Z	d44ca83f-3321-5b15-84d5-f659e374d5f6	INFO	Start syncing the balance {
  transaction: {
    id: '01HRJG9YH9DQCGV7R24WYH7V74',
    type: 'DEBIT',
    source: 'MANUAL_DEDUCTION',
    action: 'DELIVERY_DEDUCTION',
    userId: 'fb387231-a328-4c4d-8d82-dda7943af9e7',
    paymentBalance: 34414,
    updatePaymentBalance: true,
    metadata: '{"walletId":"wallet#fb387231-a328-4c4d-8d82-dda7943af9e7","deliveryId":"88656dad-a391-49e6-bcc9-d78d2158be50","walletSk":"88656dad-a391-49e6-bcc9-d78d2158be50"}',
    currency: 'SAR',
    amount: 115,
    vat: 0,
    oldBalance: 34629,
    newBalance: 34514
  }
}

2024-03-09T21:01:10.244Z 2024-03-09T21:01:10.244Z	d44ca83f-3321-5b15-84d5-f659e374d5f6	INFO	SubscriptionBalanceUpdated event published

2024-03-09T21:01:10.256Z 2024-03-09T21:01:10.256Z	d44ca83f-3321-5b15-84d5-f659e374d5f6	ERROR	Subscription balance and payment balance are not in sync {
  userId: 'fb387231-a328-4c4d-8d82-dda7943af9e7',
  subscriptionBalance: 34514,
  paymentBalance: 34414
}

2024-03-09T21:01:10.271Z 2024-03-09T21:01:10.271Z	d44ca83f-3321-5b15-84d5-f659e374d5f6	INFO	Processing message 96a3117f-0cc1-43ca-96fb-2127ef0b2d5f

2024-03-09T21:01:10.276Z 2024-03-09T21:01:10.276Z	d44ca83f-3321-5b15-84d5-f659e374d5f6	INFO	Start syncing the balance {
  transaction: {
    id: '01HRJG9YKZS71NRHWKDQ45TKGP',
    type: 'DEBIT',
    source: 'MANUAL_DEDUCTION',
    action: 'DELIVERY_DEDUCTION',
    userId: '91886874-40ec-4324-87ea-10bcee9904f5',
    paymentBalance: 42.25,
    updatePaymentBalance: true,
    metadata: '{"walletId":"wallet#91886874-40ec-4324-87ea-10bcee9904f5","deliveryId":"de3eef6d-58c0-4b48-8e07-ffdd80c7faf3","walletSk":"de3eef6d-58c0-4b48-8e07-ffdd80c7faf3"}',
    currency: 'BHD',
    amount: 3.3,
    vat: 0,
    oldBalance: 45.55,
    newBalance: 42.25
  }
}

2024-03-09T21:01:10.323Z 2024-03-09T21:01:10.323Z	d44ca83f-3321-5b15-84d5-f659e374d5f6	INFO	SubscriptionBalanceUpdated event published

2024-03-09T21:01:10.337Z 2024-03-09T21:01:10.337Z	d44ca83f-3321-5b15-84d5-f659e374d5f6	INFO	Processing message 7637c6b1-a5d1-411f-9e5a-3dcc2fabcc4c

2024-03-09T21:01:10.344Z 2024-03-09T21:01:10.344Z	d44ca83f-3321-5b15-84d5-f659e374d5f6	INFO	Start syncing the balance {
  transaction: {
    id: '01HRJG9YPWZRZ7V6GTPYH2D37A',
    type: 'DEBIT',
    source: 'MANUAL_DEDUCTION',
    action: 'DELIVERY_DEDUCTION',
    userId: '300b456f-957b-4d9d-96fc-a30b83f0327d',
    paymentBalance: 144,
    updatePaymentBalance: true,
    metadata: '{"walletId":"wallet#300b456f-957b-4d9d-96fc-a30b83f0327d","deliveryId":"bf419bb1-717d-4a16-b51e-2a02c3e21a61","walletSk":"bf419bb1-717d-4a16-b51e-2a02c3e21a61"}',
    currency: 'BHD',
    amount: 8,
    vat: 0,
    oldBalance: 152,
    newBalance: 144
  }
}

2024-03-09T21:01:10.387Z 2024-03-09T21:01:10.387Z	d44ca83f-3321-5b15-84d5-f659e374d5f6	INFO	SubscriptionBalanceUpdated event published

2024-03-09T21:01:10.401Z 2024-03-09T21:01:10.401Z	d44ca83f-3321-5b15-84d5-f659e374d5f6	INFO	Processing message 94d9e285-6cbd-46c8-8ddb-4f5b52e5333f

2024-03-09T21:01:10.407Z 2024-03-09T21:01:10.407Z	d44ca83f-3321-5b15-84d5-f659e374d5f6	INFO	Start syncing the balance {
  transaction: {
    id: '01HRJG9YKYRQN17QRX378R6BH6',
    type: 'DEBIT',
    source: 'MANUAL_DEDUCTION',
    action: 'DELIVERY_DEDUCTION',
    userId: '302d4559-9277-4a80-9027-56146f681bfc',
    paymentBalance: 33,
    updatePaymentBalance: true,
    metadata: '{"walletId":"wallet#302d4559-9277-4a80-9027-56146f681bfc","deliveryId":"28b9ab8c-a776-47d7-bcdc-17b20c4b5016","walletSk":"28b9ab8c-a776-47d7-bcdc-17b20c4b5016"}',
    currency: 'BHD',
    amount: 21,
    vat: 0,
    oldBalance: 54,
    newBalance: 33
  }
}

2024-03-09T21:01:10.462Z 2024-03-09T21:01:10.462Z	d44ca83f-3321-5b15-84d5-f659e374d5f6	INFO	SubscriptionBalanceUpdated event published

2024-03-09T21:01:10.476Z END RequestId: d44ca83f-3321-5b15-84d5-f659e374d5f6

2024-03-09T21:01:10.476Z REPORT RequestId: d44ca83f-3321-5b15-84d5-f659e374d5f6	Duration: 714.82 ms	Billed Duration: 715 ms	Memory Size: 1024 MB	Max Memory Used: 127 MB	

2024-03-09T21:01:10.600Z START RequestId: eaee1c19-8247-5940-84d2-427f5211dbdd Version: $LATEST

2024-03-09T21:01:10.615Z 2024-03-09T21:01:10.615Z	eaee1c19-8247-5940-84d2-427f5211dbdd	INFO	Processing message b2fc886e-4983-4bb0-8cbe-eaeac4363313

2024-03-09T21:01:10.620Z 2024-03-09T21:01:10.620Z	eaee1c19-8247-5940-84d2-427f5211dbdd	INFO	Start syncing the balance {
  transaction: {
    id: '01HRJG9YRHBSQA65TN8CZ9ZQ3J',
    type: 'DEBIT',
    source: 'MANUAL_DEDUCTION',
    action: 'DELIVERY_DEDUCTION',
    userId: '6c8a1257-bfd0-450d-9067-7ea504e1e2b4',
    paymentBalance: 81,
    updatePaymentBalance: true,
    metadata: '{"walletId":"wallet#6c8a1257-bfd0-450d-9067-7ea504e1e2b4","deliveryId":"783ecdc7-cd71-4895-bea7-6f6a99a66dcc","walletSk":"783ecdc7-cd71-4895-bea7-6f6a99a66dcc"}',
    currency: 'BHD',
    amount: 9,
    vat: 0,
    oldBalance: 90,
    newBalance: 81
  }
}

2024-03-09T21:01:10.659Z 2024-03-09T21:01:10.659Z	eaee1c19-8247-5940-84d2-427f5211dbdd	INFO	SubscriptionBalanceUpdated event published

2024-03-09T21:01:10.670Z 2024-03-09T21:01:10.670Z	eaee1c19-8247-5940-84d2-427f5211dbdd	INFO	Processing message 878f0fa7-70ae-47d2-8ed9-ef9561ee4636

2024-03-09T21:01:10.676Z 2024-03-09T21:01:10.676Z	eaee1c19-8247-5940-84d2-427f5211dbdd	INFO	Start syncing the balance {
  transaction: {
    id: '01HRJG9YT4DGB47JBRWNQ4V60W',
    type: 'DEBIT',
    source: 'MANUAL_DEDUCTION',
    action: 'DELIVERY_DEDUCTION',
    userId: '6a816b89-1fc6-4fe2-b33f-f7f8224f5c88',
    paymentBalance: 810,
    updatePaymentBalance: true,
    metadata: '{"walletId":"wallet#6a816b89-1fc6-4fe2-b33f-f7f8224f5c88","deliveryId":"e5179237-a7e3-4258-9f8a-a11de4d3524f","walletSk":"e5179237-a7e3-4258-9f8a-a11de4d3524f"}',
    currency: 'SAR',
    amount: 90,
    vat: 0,
    oldBalance: 900,
    newBalance: 810
  }
}

2024-03-09T21:01:10.743Z 2024-03-09T21:01:10.743Z	eaee1c19-8247-5940-84d2-427f5211dbdd	INFO	SubscriptionBalanceUpdated event published

2024-03-09T21:01:10.754Z 2024-03-09T21:01:10.754Z	eaee1c19-8247-5940-84d2-427f5211dbdd	INFO	Processing message d40cdb7d-0d9e-482c-aa45-16ac3cee2f6a

2024-03-09T21:01:10.760Z 2024-03-09T21:01:10.760Z	eaee1c19-8247-5940-84d2-427f5211dbdd	INFO	Start syncing the balance {
  transaction: {
    id: '01HRJG9YVB2HN4MV16JPRM2BFK',
    type: 'DEBIT',
    source: 'MANUAL_DEDUCTION',
    action: 'DELIVERY_DEDUCTION',
    userId: 'd5ac8cce-d4db-4222-9b79-0bc3d112861e',
    paymentBalance: 108,
    updatePaymentBalance: true,
    metadata: '{"walletId":"wallet#d5ac8cce-d4db-4222-9b79-0bc3d112861e","deliveryId":"21f892cf-47de-4975-8527-74f70d1b65bb","walletSk":"21f892cf-47de-4975-8527-74f70d1b65bb"}',
    currency: 'BHD',
    amount: 9,
    vat: 0,
    oldBalance: 117,
    newBalance: 108
  }
}

2024-03-09T21:01:10.803Z 2024-03-09T21:01:10.803Z	eaee1c19-8247-5940-84d2-427f5211dbdd	INFO	SubscriptionBalanceUpdated event published

2024-03-09T21:01:10.814Z 2024-03-09T21:01:10.814Z	eaee1c19-8247-5940-84d2-427f5211dbdd	INFO	Processing message 9e582b0e-abc1-4180-bf29-c694def8e6cc

2024-03-09T21:01:10.819Z 2024-03-09T21:01:10.819Z	eaee1c19-8247-5940-84d2-427f5211dbdd	INFO	Start syncing the balance {
  transaction: {
    id: '01HRJG9YZ54826BE4BR97AYT0P',
    type: 'DEBIT',
    source: 'MANUAL_DEDUCTION',
    action: 'DELIVERY_DEDUCTION',
    userId: '52ebb322-696b-423b-bd79-2de604defbdd',
    paymentBalance: 3443.01,
    updatePaymentBalance: true,
    metadata: '{"walletId":"wallet#52ebb322-696b-423b-bd79-2de604defbdd","deliveryId":"f84d1047-1a93-4f6b-98fa-109f006144a1","walletSk":"f84d1047-1a93-4f6b-98fa-109f006144a1"}',
    currency: 'SAR',
    amount: 70,
    vat: 0,
    oldBalance: 1040,
    newBalance: 970
  }
}

2024-03-09T21:01:10.860Z 2024-03-09T21:01:10.860Z	eaee1c19-8247-5940-84d2-427f5211dbdd	INFO	SubscriptionBalanceUpdated event published

2024-03-09T21:01:10.873Z 2024-03-09T21:01:10.873Z	eaee1c19-8247-5940-84d2-427f5211dbdd	ERROR	Subscription balance and payment balance are not in sync {
  userId: '52ebb322-696b-423b-bd79-2de604defbdd',
  subscriptionBalance: 970,
  paymentBalance: 3443.01
}

2024-03-09T21:01:10.890Z 2024-03-09T21:01:10.890Z	eaee1c19-8247-5940-84d2-427f5211dbdd	INFO	Processing message 61533ad4-c9ae-4bc5-819f-6a9be9db500e

2024-03-09T21:01:10.895Z 2024-03-09T21:01:10.895Z	eaee1c19-8247-5940-84d2-427f5211dbdd	INFO	Start syncing the balance {
  transaction: {
    id: '01HRJG9YZQ0950BXJGPX4R1A8E',
    type: 'DEBIT',
    source: 'MANUAL_DEDUCTION',
    action: 'DELIVERY_DEDUCTION',
    userId: '1fa3cabd-5069-4aaf-bb35-54729cf5e263',
    paymentBalance: 360,
    updatePaymentBalance: true,
    metadata: '{"walletId":"wallet#1fa3cabd-5069-4aaf-bb35-54729cf5e263","deliveryId":"09081e55-3ce1-4063-bb99-ccbb341f83db","walletSk":"09081e55-3ce1-4063-bb99-ccbb341f83db"}',
    currency: 'SAR',
    amount: 90,
    vat: 0,
    oldBalance: 450,
    newBalance: 360
  }
}

2024-03-09T21:01:10.945Z 2024-03-09T21:01:10.945Z	eaee1c19-8247-5940-84d2-427f5211dbdd	INFO	SubscriptionBalanceUpdated event published

2024-03-09T21:01:10.958Z 2024-03-09T21:01:10.958Z	eaee1c19-8247-5940-84d2-427f5211dbdd	INFO	Processing message 6b3c2b72-7161-4e25-8a55-a7917c7e1955

2024-03-09T21:01:10.963Z 2024-03-09T21:01:10.963Z	eaee1c19-8247-5940-84d2-427f5211dbdd	INFO	Start syncing the balance {
  transaction: {
    id: '01HRJG9YWT8Y6851TTZJNKVY7R',
    type: 'DEBIT',
    source: 'MANUAL_DEDUCTION',
    action: 'DELIVERY_DEDUCTION',
    userId: '9be2b7c1-a4d9-4128-bfdd-f85d8f1e0adc',
    paymentBalance: 112,
    updatePaymentBalance: true,
    metadata: '{"walletId":"wallet#9be2b7c1-a4d9-4128-bfdd-f85d8f1e0adc","deliveryId":"0372fa38-483b-4d46-bf67-bdf140d840a6","walletSk":"0372fa38-483b-4d46-bf67-bdf140d840a6"}',
    currency: 'BHD',
    amount: 8,
    vat: 0,
    oldBalance: 120,
    newBalance: 112
  }
}

2024-03-09T21:01:11.006Z 2024-03-09T21:01:11.006Z	eaee1c19-8247-5940-84d2-427f5211dbdd	INFO	SubscriptionBalanceUpdated event published

2024-03-09T21:01:11.018Z 2024-03-09T21:01:11.018Z	eaee1c19-8247-5940-84d2-427f5211dbdd	INFO	Processing message bbe5edc8-3083-4062-8670-98d88be663f1

2024-03-09T21:01:11.023Z 2024-03-09T21:01:11.023Z	eaee1c19-8247-5940-84d2-427f5211dbdd	INFO	Start syncing the balance {
  transaction: {
    id: '01HRJG9Z578XMXN8H919QPXC8J',
    type: 'DEBIT',
    source: 'MANUAL_DEDUCTION',
    action: 'DELIVERY_DEDUCTION',
    userId: '392ab34d-0682-4c8f-90bc-e42ec930727f',
    paymentBalance: 170.5,
    updatePaymentBalance: true,
    metadata: '{"walletId":"wallet#392ab34d-0682-4c8f-90bc-e42ec930727f","deliveryId":"8c7a1345-3737-474e-ac29-6e4c172c7b4d","walletSk":"8c7a1345-3737-474e-ac29-6e4c172c7b4d"}',
    currency: 'BHD',
    amount: 9.5,
    vat: 0,
    oldBalance: 180,
    newBalance: 170.5
  }
}

2024-03-09T21:01:11.065Z 2024-03-09T21:01:11.065Z	eaee1c19-8247-5940-84d2-427f5211dbdd	INFO	SubscriptionBalanceUpdated event published

2024-03-09T21:01:11.079Z 2024-03-09T21:01:11.079Z	eaee1c19-8247-5940-84d2-427f5211dbdd	INFO	Processing message 7194e261-12b9-4fac-b629-8b4e75e60fce

2024-03-09T21:01:11.084Z 2024-03-09T21:01:11.084Z	eaee1c19-8247-5940-84d2-427f5211dbdd	INFO	Start syncing the balance {
  transaction: {
    id: '01HRJG9Z2HPK0TD2N05GHXGA21',
    type: 'DEBIT',
    source: 'MANUAL_DEDUCTION',
    action: 'DELIVERY_DEDUCTION',
    userId: '0d3743bc-7978-4902-b925-621d06ed6f28',
    paymentBalance: 540,
    updatePaymentBalance: true,
    metadata: '{"walletId":"wallet#0d3743bc-7978-4902-b925-621d06ed6f28","deliveryId":"4f2d2e8c-2494-4d25-a0af-d774c0e21710","walletSk":"4f2d2e8c-2494-4d25-a0af-d774c0e21710"}',
    currency: 'SAR',
    amount: 90,
    vat: 0,
    oldBalance: 630,
    newBalance: 540
  }
}

2024-03-09T21:01:11.123Z 2024-03-09T21:01:11.123Z	eaee1c19-8247-5940-84d2-427f5211dbdd	INFO	SubscriptionBalanceUpdated event published

2024-03-09T21:01:11.135Z 2024-03-09T21:01:11.135Z	eaee1c19-8247-5940-84d2-427f5211dbdd	INFO	Processing message ec3a6e80-0af9-4931-8d87-b9ba70d2103e

2024-03-09T21:01:11.141Z 2024-03-09T21:01:11.141Z	eaee1c19-8247-5940-84d2-427f5211dbdd	INFO	Start syncing the balance {
  transaction: {
    id: '01HRJG9Z79V1FRFV5S4C8DQ9RY',
    type: 'DEBIT',
    source: 'MANUAL_DEDUCTION',
    action: 'DELIVERY_DEDUCTION',
    userId: '6447c637-23bd-4205-aca7-ac527c27ea0f',
    paymentBalance: 4010.4,
    updatePaymentBalance: true,
    metadata: '{"walletId":"wallet#6447c637-23bd-4205-aca7-ac527c27ea0f","deliveryId":"1b648633-f6b2-4e40-a863-58ed5c101698","walletSk":"1b648633-f6b2-4e40-a863-58ed5c101698"}',
    currency: 'SAR',
    amount: 37.8,
    vat: 0,
    oldBalance: 4048.2,
    newBalance: 4010.4
  }
}

2024-03-09T21:01:11.182Z 2024-03-09T21:01:11.182Z	eaee1c19-8247-5940-84d2-427f5211dbdd	INFO	SubscriptionBalanceUpdated event published

2024-03-09T21:01:11.196Z 2024-03-09T21:01:11.196Z	eaee1c19-8247-5940-84d2-427f5211dbdd	INFO	Processing message 7156bb8f-ed69-41b5-aa4e-8cea15c5a5a2

2024-03-09T21:01:11.202Z 2024-03-09T21:01:11.202Z	eaee1c19-8247-5940-84d2-427f5211dbdd	INFO	Start syncing the balance {
  transaction: {
    id: '01HRJG9Z8CBNVSEF3E24HR2EF7',
    type: 'DEBIT',
    source: 'MANUAL_DEDUCTION',
    action: 'DELIVERY_DEDUCTION',
    userId: '15469d49-7d54-4ea1-833c-708f679471d4',
    paymentBalance: 68,
    updatePaymentBalance: true,
    metadata: '{"walletId":"wallet#15469d49-7d54-4ea1-833c-708f679471d4","deliveryId":"2454c59d-f6a2-47ea-bf30-611c3ee22d9d","walletSk":"2454c59d-f6a2-47ea-bf30-611c3ee22d9d"}',
    currency: 'BHD',
    amount: 8,
    vat: 0,
    oldBalance: 76,
    newBalance: 68
  }
}

2024-03-09T21:01:11.246Z 2024-03-09T21:01:11.246Z	eaee1c19-8247-5940-84d2-427f5211dbdd	INFO	SubscriptionBalanceUpdated event published

2024-03-09T21:01:11.260Z END RequestId: eaee1c19-8247-5940-84d2-427f5211dbdd

2024-03-09T21:01:11.260Z REPORT RequestId: eaee1c19-8247-5940-84d2-427f5211dbdd	Duration: 660.13 ms	Billed Duration: 661 ms	Memory Size: 1024 MB	Max Memory Used: 127 MB	

2024-03-09T21:01:11.341Z START RequestId: 95499aec-166c-579e-b196-c48ac63b1503 Version: $LATEST

2024-03-09T21:01:11.372Z 2024-03-09T21:01:11.372Z	95499aec-166c-579e-b196-c48ac63b1503	INFO	Processing message 81384ca1-c8e6-4871-95a4-9518ba7e484c

2024-03-09T21:01:11.378Z 2024-03-09T21:01:11.378Z	95499aec-166c-579e-b196-c48ac63b1503	INFO	Start syncing the balance {
  transaction: {
    id: '01HRJG9ZXF5BGEWJ2MM4MYC048',
    type: 'DEBIT',
    source: 'MANUAL_DEDUCTION',
    action: 'DELIVERY_DEDUCTION',
    userId: 'cfee18c3-4c5c-43d6-8333-459ced998886',
    paymentBalance: 1100,
    updatePaymentBalance: true,
    metadata: '{"walletId":"wallet#cfee18c3-4c5c-43d6-8333-459ced998886","deliveryId":"f1ed9bc3-eae7-4dbc-8bac-7ce61a4eb3ad","walletSk":"f1ed9bc3-eae7-4dbc-8bac-7ce61a4eb3ad"}',
    currency: 'SAR',
    amount: 100,
    vat: 0,
    oldBalance: 1200,
    newBalance: 1100
  }
}

2024-03-09T21:01:11.421Z 2024-03-09T21:01:11.421Z	95499aec-166c-579e-b196-c48ac63b1503	INFO	SubscriptionBalanceUpdated event published

2024-03-09T21:01:11.445Z 2024-03-09T21:01:11.445Z	95499aec-166c-579e-b196-c48ac63b1503	INFO	Processing message 27c8e206-bb52-42b2-be88-c9ac660eec3c

2024-03-09T21:01:11.451Z 2024-03-09T21:01:11.451Z	95499aec-166c-579e-b196-c48ac63b1503	INFO	Start syncing the balance {
  transaction: {
    id: '01HRJG9ZV2BP801625RN23NPS0',
    type: 'DEBIT',
    source: 'MANUAL_DEDUCTION',
    action: 'DELIVERY_DEDUCTION',
    userId: 'd27554f1-9cdb-42c1-9164-330927006961',
    paymentBalance: 117,
    updatePaymentBalance: true,
    metadata: '{"walletId":"wallet#d27554f1-9cdb-42c1-9164-330927006961","deliveryId":"85f4b795-6b40-4935-8c14-3a31db4dca9c","walletSk":"85f4b795-6b40-4935-8c14-3a31db4dca9c"}',
    currency: 'BHD',
    amount: 9,
    vat: 0,
    oldBalance: 126,
    newBalance: 117
  }
}

2024-03-09T21:01:11.491Z 2024-03-09T21:01:11.491Z	95499aec-166c-579e-b196-c48ac63b1503	INFO	SubscriptionBalanceUpdated event published

2024-03-09T21:01:11.504Z 2024-03-09T21:01:11.504Z	95499aec-166c-579e-b196-c48ac63b1503	INFO	Processing message ed50b0da-85a3-4308-ad41-3ab51cdffc0b

2024-03-09T21:01:11.510Z 2024-03-09T21:01:11.510Z	95499aec-166c-579e-b196-c48ac63b1503	INFO	Start syncing the balance {
  transaction: {
    id: '01HRJG9ZRTYCNPCXMZKTM95BW2',
    type: 'DEBIT',
    source: 'MANUAL_DEDUCTION',
    action: 'DELIVERY_DEDUCTION',
    userId: '76ec2533-2621-4bd0-9309-8f663ed3ada5',
    paymentBalance: 88,
    updatePaymentBalance: true,
    metadata: '{"walletId":"wallet#76ec2533-2621-4bd0-9309-8f663ed3ada5","deliveryId":"3db7c8b6-89c5-42c3-8810-4d18470369d7","walletSk":"3db7c8b6-89c5-42c3-8810-4d18470369d7"}',
    currency: 'BHD',
    amount: 8,
    vat: 0,
    oldBalance: 96,
    newBalance: 88
  }
}

2024-03-09T21:01:11.555Z 2024-03-09T21:01:11.555Z	95499aec-166c-579e-b196-c48ac63b1503	INFO	SubscriptionBalanceUpdated event published

2024-03-09T21:01:11.566Z 2024-03-09T21:01:11.566Z	95499aec-166c-579e-b196-c48ac63b1503	INFO	Processing message 34ca61d7-d899-41d7-a01e-8f051543096b

2024-03-09T21:01:11.572Z 2024-03-09T21:01:11.572Z	95499aec-166c-579e-b196-c48ac63b1503	INFO	Start syncing the balance {
  transaction: {
    id: '01HRJG9ZZKHTNHS98ANR56APX8',
    type: 'DEBIT',
    source: 'MANUAL_DEDUCTION',
    action: 'DELIVERY_DEDUCTION',
    userId: '44d262c4-560b-4825-802c-ac4df64b6177',
    paymentBalance: 104,
    updatePaymentBalance: true,
    metadata: '{"walletId":"wallet#44d262c4-560b-4825-802c-ac4df64b6177","deliveryId":"f8e9e740-2ae1-4fad-97bb-caaf3365dcfb","walletSk":"f8e9e740-2ae1-4fad-97bb-caaf3365dcfb"}',
    currency: 'BHD',
    amount: 8,
    vat: 0,
    oldBalance: 111.99999999999999,
    newBalance: 104
  }
}

2024-03-09T21:01:11.611Z 2024-03-09T21:01:11.611Z	95499aec-166c-579e-b196-c48ac63b1503	INFO	SubscriptionBalanceUpdated event published

2024-03-09T21:01:11.626Z 2024-03-09T21:01:11.626Z	95499aec-166c-579e-b196-c48ac63b1503	INFO	Processing message c64a0130-81cb-4173-a9d4-98939d983913

2024-03-09T21:01:11.640Z 2024-03-09T21:01:11.640Z	95499aec-166c-579e-b196-c48ac63b1503	INFO	Start syncing the balance {
  transaction: {
    id: '01HRJG9ZWCFVFREV9WYW8KFF85',
    type: 'DEBIT',
    source: 'MANUAL_DEDUCTION',
    action: 'DELIVERY_DEDUCTION',
    userId: '4a01724f-a8a6-4c2b-b6eb-83d1f258aac8',
    paymentBalance: 32.75,
    updatePaymentBalance: true,
    metadata: '{"walletId":"wallet#4a01724f-a8a6-4c2b-b6eb-83d1f258aac8","deliveryId":"7fa2ac23-1f1d-4f8f-a504-ab7e6f16d007","walletSk":"7fa2ac23-1f1d-4f8f-a504-ab7e6f16d007"}',
    currency: 'BHD',
    amount: 8,
    vat: 0,
    oldBalance: 40.75,
    newBalance: 32.75
  }
}

2024-03-09T21:01:11.683Z 2024-03-09T21:01:11.683Z	95499aec-166c-579e-b196-c48ac63b1503	INFO	SubscriptionBalanceUpdated event published

2024-03-09T21:01:11.697Z 2024-03-09T21:01:11.697Z	95499aec-166c-579e-b196-c48ac63b1503	INFO	Processing message f332bdce-7961-4648-ba78-54bf864e9b73

2024-03-09T21:01:11.702Z 2024-03-09T21:01:11.702Z	95499aec-166c-579e-b196-c48ac63b1503	INFO	Start syncing the balance {
  transaction: {
    id: '01HRJGA03020XEPMZXSEWCD1PY',
    type: 'DEBIT',
    source: 'MANUAL_DEDUCTION',
    action: 'DELIVERY_DEDUCTION',
    userId: 'a8d6dd11-eb1d-4d7e-887e-682dac43cd97',
    paymentBalance: 80,
    updatePaymentBalance: true,
    metadata: '{"walletId":"wallet#a8d6dd11-eb1d-4d7e-887e-682dac43cd97","deliveryId":"dc598566-121a-4d17-9483-6899e398bdfd","walletSk":"dc598566-121a-4d17-9483-6899e398bdfd"}',
    currency: 'BHD',
    amount: 8,
    vat: 0,
    oldBalance: 88,
    newBalance: 80
  }
}

2024-03-09T21:01:11.749Z 2024-03-09T21:01:11.749Z	95499aec-166c-579e-b196-c48ac63b1503	INFO	SubscriptionBalanceUpdated event published

2024-03-09T21:01:11.761Z 2024-03-09T21:01:11.761Z	95499aec-166c-579e-b196-c48ac63b1503	INFO	Processing message 4db9aba1-adab-46fc-b3e7-c7159a650a29

2024-03-09T21:01:11.766Z 2024-03-09T21:01:11.766Z	95499aec-166c-579e-b196-c48ac63b1503	INFO	Start syncing the balance {
  transaction: {
    id: '01HRJGA00XV1Y58VQNDK456CR0',
    type: 'DEBIT',
    source: 'MANUAL_DEDUCTION',
    action: 'DELIVERY_DEDUCTION',
    userId: '8e488312-52a1-4506-a475-ee43b0811373',
    paymentBalance: 639,
    updatePaymentBalance: true,
    metadata: '{"walletId":"wallet#8e488312-52a1-4506-a475-ee43b0811373","deliveryId":"f1253ed3-1d4e-44dd-92cb-a2cfef8b90de","walletSk":"f1253ed3-1d4e-44dd-92cb-a2cfef8b90de"}',
    currency: 'SAR',
    amount: 52.2,
    vat: 0,
    oldBalance: 691.2,
    newBalance: 639
  }
}

2024-03-09T21:01:11.813Z 2024-03-09T21:01:11.813Z	95499aec-166c-579e-b196-c48ac63b1503	INFO	SubscriptionBalanceUpdated event published

2024-03-09T21:01:11.826Z 2024-03-09T21:01:11.826Z	95499aec-166c-579e-b196-c48ac63b1503	INFO	Processing message 7e18f6a5-c8f2-4b2a-8f79-4136c25fda46

2024-03-09T21:01:11.832Z 2024-03-09T21:01:11.832Z	95499aec-166c-579e-b196-c48ac63b1503	INFO	Start syncing the balance {
  transaction: {
    id: '01HRJGA08A2QNHMA68A8K9HKDP',
    type: 'DEBIT',
    source: 'MANUAL_DEDUCTION',
    action: 'DELIVERY_DEDUCTION',
    userId: '7cbe3797-c6a1-492c-9c31-8bd1c8c38d90',
    paymentBalance: 76.087,
    updatePaymentBalance: true,
    metadata: '{"walletId":"wallet#7cbe3797-c6a1-492c-9c31-8bd1c8c38d90","deliveryId":"287fbb38-1511-4468-b078-97596fce7d12","walletSk":"287fbb38-1511-4468-b078-97596fce7d12"}',
    currency: 'BHD',
    amount: 5.5,
    vat: 0,
    oldBalance: 81.587,
    newBalance: 76.087
  }
}

2024-03-09T21:01:11.877Z 2024-03-09T21:01:11.877Z	95499aec-166c-579e-b196-c48ac63b1503	INFO	SubscriptionBalanceUpdated event published

2024-03-09T21:01:11.892Z 2024-03-09T21:01:11.892Z	95499aec-166c-579e-b196-c48ac63b1503	INFO	Processing message 871b465d-0914-45cc-9c43-1a515f1917b2

2024-03-09T21:01:11.897Z 2024-03-09T21:01:11.897Z	95499aec-166c-579e-b196-c48ac63b1503	INFO	Start syncing the balance {
  transaction: {
    id: '01HRJGA051WNT4HE971ESN7QP9',
    type: 'DEBIT',
    source: 'MANUAL_DEDUCTION',
    action: 'DELIVERY_DEDUCTION',
    userId: 'e8062346-faa2-400f-a070-a970fc4caab4',
    paymentBalance: 1919.376,
    updatePaymentBalance: true,
    metadata: '{"walletId":"wallet#e8062346-faa2-400f-a070-a970fc4caab4","deliveryId":"8a067151-2e99-4ece-91dc-28d444b925a4","walletSk":"8a067151-2e99-4ece-91dc-28d444b925a4"}',
    currency: 'BHD',
    amount: 4,
    vat: 0,
    oldBalance: 113.5,
    newBalance: 109.5
  }
}

2024-03-09T21:01:11.942Z 2024-03-09T21:01:11.942Z	95499aec-166c-579e-b196-c48ac63b1503	INFO	SubscriptionBalanceUpdated event published

2024-03-09T21:01:11.957Z 2024-03-09T21:01:11.957Z	95499aec-166c-579e-b196-c48ac63b1503	ERROR	Subscription balance and payment balance are not in sync {
  userId: 'e8062346-faa2-400f-a070-a970fc4caab4',
  subscriptionBalance: 109.5,
  paymentBalance: 1919.376
}

2024-03-09T21:01:11.972Z 2024-03-09T21:01:11.972Z	95499aec-166c-579e-b196-c48ac63b1503	INFO	Processing message da9f7a67-09f3-4bc2-a6f9-28adc9443398

2024-03-09T21:01:11.977Z 2024-03-09T21:01:11.977Z	95499aec-166c-579e-b196-c48ac63b1503	INFO	Start syncing the balance {
  transaction: {
    id: '01HRJGA03R0R4YDCEK8GRP6PVZ',
    type: 'DEBIT',
    source: 'MANUAL_DEDUCTION',
    action: 'DELIVERY_DEDUCTION',
    userId: 'c5e1fca1-5f7b-4830-92d4-09fbddcec953',
    paymentBalance: 170.5,
    updatePaymentBalance: true,
    metadata: '{"walletId":"wallet#c5e1fca1-5f7b-4830-92d4-09fbddcec953","deliveryId":"d0fb1db5-a925-42e7-9ca0-2987c58183fa","walletSk":"d0fb1db5-a925-42e7-9ca0-2987c58183fa"}',
    currency: 'BHD',
    amount: 9.5,
    vat: 0,
    oldBalance: 180,
    newBalance: 170.5
  }
}

2024-03-09T21:01:12.017Z 2024-03-09T21:01:12.017Z	95499aec-166c-579e-b196-c48ac63b1503	INFO	SubscriptionBalanceUpdated event published

2024-03-09T21:01:12.035Z END RequestId: 95499aec-166c-579e-b196-c48ac63b1503

2024-03-09T21:01:12.035Z REPORT RequestId: 95499aec-166c-579e-b196-c48ac63b1503	Duration: 694.22 ms	Billed Duration: 695 ms	Memory Size: 1024 MB	Max Memory Used: 127 MB	

2024-03-09T21:01:12.112Z START RequestId: de78ad13-e5c0-581e-9f43-f375359886fd Version: $LATEST

2024-03-09T21:01:12.138Z 2024-03-09T21:01:12.138Z	de78ad13-e5c0-581e-9f43-f375359886fd	INFO	Processing message 19612f81-758c-44e0-9c6a-c84fc8cf318f

2024-03-09T21:01:12.145Z 2024-03-09T21:01:12.145Z	de78ad13-e5c0-581e-9f43-f375359886fd	INFO	Start syncing the balance {
  transaction: {
    id: '01HRJGA12PT05FD3TAMMGAWH25',
    type: 'DEBIT',
    source: 'MANUAL_DEDUCTION',
    action: 'DELIVERY_DEDUCTION',
    userId: 'cac838c5-a9e1-41b1-877e-2587cbea7b20',
    paymentBalance: 11967.754,
    updatePaymentBalance: true,
    metadata: '{"walletId":"wallet#cac838c5-a9e1-41b1-877e-2587cbea7b20","deliveryId":"c23c27b3-3a6d-4071-b983-ac8fdf28e320","walletSk":"c23c27b3-3a6d-4071-b983-ac8fdf28e320"}',
    currency: 'BHD',
    amount: 10.818,
    vat: 0,
    oldBalance: 10208.5723,
    newBalance: 10197.754
  }
}

2024-03-09T21:01:12.186Z 2024-03-09T21:01:12.186Z	de78ad13-e5c0-581e-9f43-f375359886fd	INFO	SubscriptionBalanceUpdated event published

2024-03-09T21:01:12.199Z 2024-03-09T21:01:12.199Z	de78ad13-e5c0-581e-9f43-f375359886fd	ERROR	Subscription balance and payment balance are not in sync {
  userId: 'cac838c5-a9e1-41b1-877e-2587cbea7b20',
  subscriptionBalance: 10197.754,
  paymentBalance: 11967.754
}

2024-03-09T21:01:12.212Z 2024-03-09T21:01:12.212Z	de78ad13-e5c0-581e-9f43-f375359886fd	INFO	Processing message f272ed3c-c135-4430-87df-e7c03b1c30ba

2024-03-09T21:01:12.218Z 2024-03-09T21:01:12.218Z	de78ad13-e5c0-581e-9f43-f375359886fd	INFO	Start syncing the balance {
  transaction: {
    id: '01HRJGA1DNTPTFGSYZQD2B6BFX',
    type: 'DEBIT',
    source: 'MANUAL_DEDUCTION',
    action: 'DELIVERY_DEDUCTION',
    userId: 'c06b6e73-2183-49c1-ba4b-78c66dab5f0d',
    paymentBalance: 134.6,
    updatePaymentBalance: true,
    metadata: '{"walletId":"wallet#c06b6e73-2183-49c1-ba4b-78c66dab5f0d","deliveryId":"81459035-d6ee-48b6-9077-67d127e918bc","walletSk":"81459035-d6ee-48b6-9077-67d127e918bc"}',
    currency: 'BHD',
    amount: 4,
    vat: 0,
    oldBalance: 138.6,
    newBalance: 134.6
  }
}

2024-03-09T21:01:12.261Z 2024-03-09T21:01:12.261Z	de78ad13-e5c0-581e-9f43-f375359886fd	INFO	SubscriptionBalanceUpdated event published

2024-03-09T21:01:12.274Z 2024-03-09T21:01:12.274Z	de78ad13-e5c0-581e-9f43-f375359886fd	INFO	Processing message a28ffd3d-bb63-4063-ae9f-cc659b5a30f1

2024-03-09T21:01:12.280Z 2024-03-09T21:01:12.280Z	de78ad13-e5c0-581e-9f43-f375359886fd	INFO	Start syncing the balance {
  transaction: {
    id: '01HRJGA17Y8NKPSF153PKGH17E',
    type: 'DEBIT',
    source: 'MANUAL_DEDUCTION',
    action: 'DELIVERY_DEDUCTION',
    userId: '6774d2ae-7f98-4eb5-aac3-d0b98309327a',
    paymentBalance: 112,
    updatePaymentBalance: true,
    metadata: '{"walletId":"wallet#6774d2ae-7f98-4eb5-aac3-d0b98309327a","deliveryId":"13bf7b9f-7618-458e-a613-18023eeba7d1","walletSk":"13bf7b9f-7618-458e-a613-18023eeba7d1"}',
    currency: 'BHD',
    amount: 8,
    vat: 0,
    oldBalance: 120,
    newBalance: 112
  }
}

2024-03-09T21:01:12.324Z 2024-03-09T21:01:12.324Z	de78ad13-e5c0-581e-9f43-f375359886fd	INFO	SubscriptionBalanceUpdated event published

2024-03-09T21:01:12.335Z 2024-03-09T21:01:12.335Z	de78ad13-e5c0-581e-9f43-f375359886fd	INFO	Processing message 4f063e0a-fc79-470e-a9fd-5b349570293a

2024-03-09T21:01:12.371Z 2024-03-09T21:01:12.371Z	de78ad13-e5c0-581e-9f43-f375359886fd	INFO	Start syncing the balance {
  transaction: {
    id: '01HRJGA1B5S6NXB3E2FSHBDGJW',
    type: 'DEBIT',
    source: 'MANUAL_DEDUCTION',
    action: 'DELIVERY_DEDUCTION',
    userId: 'b642cee5-b0b3-45da-9169-84372e3a5a59',
    paymentBalance: 960,
    updatePaymentBalance: true,
    metadata: '{"walletId":"wallet#b642cee5-b0b3-45da-9169-84372e3a5a59","deliveryId":"b2269400-66f4-42b5-b2ad-f8e82a6088eb","walletSk":"b2269400-66f4-42b5-b2ad-f8e82a6088eb"}',
    currency: 'BHD',
    amount: 8,
    vat: 0,
    oldBalance: 968,
    newBalance: 960
  }
}

2024-03-09T21:01:12.415Z 2024-03-09T21:01:12.415Z	de78ad13-e5c0-581e-9f43-f375359886fd	INFO	SubscriptionBalanceUpdated event published

2024-03-09T21:01:12.428Z 2024-03-09T21:01:12.428Z	de78ad13-e5c0-581e-9f43-f375359886fd	INFO	Processing message befe2191-cfb8-4afd-9cc5-70a539e4da9c

2024-03-09T21:01:12.434Z 2024-03-09T21:01:12.434Z	de78ad13-e5c0-581e-9f43-f375359886fd	INFO	Start syncing the balance {
  transaction: {
    id: '01HRJGA1D8NSH4B28S3EK30969',
    type: 'DEBIT',
    source: 'MANUAL_DEDUCTION',
    action: 'DELIVERY_DEDUCTION',
    userId: 'c46976ec-7a7b-444f-b623-ba5ddea493e9',
    paymentBalance: 244,
    updatePaymentBalance: true,
    metadata: '{"walletId":"wallet#c46976ec-7a7b-444f-b623-ba5ddea493e9","deliveryId":"a1ace26b-7e05-480d-8b5a-1b03f6ad49a0","walletSk":"a1ace26b-7e05-480d-8b5a-1b03f6ad49a0"}',
    currency: 'BHD',
    amount: 4,
    vat: 0,
    oldBalance: 248,
    newBalance: 244
  }
}

2024-03-09T21:01:12.481Z 2024-03-09T21:01:12.481Z	de78ad13-e5c0-581e-9f43-f375359886fd	INFO	SubscriptionBalanceUpdated event published

2024-03-09T21:01:12.496Z 2024-03-09T21:01:12.496Z	de78ad13-e5c0-581e-9f43-f375359886fd	INFO	Processing message 7307aec1-b410-4601-9fe0-8bf6658dfe25

2024-03-09T21:01:12.502Z 2024-03-09T21:01:12.502Z	de78ad13-e5c0-581e-9f43-f375359886fd	INFO	Start syncing the balance {
  transaction: {
    id: '01HRJGA1GJ01ERX7MPRYX84743',
    type: 'DEBIT',
    source: 'MANUAL_DEDUCTION',
    action: 'DELIVERY_DEDUCTION',
    userId: 'e1bb7101-c69e-4083-9e0d-541bfecff0cd',
    paymentBalance: 42.75,
    updatePaymentBalance: true,
    metadata: '{"walletId":"wallet#e1bb7101-c69e-4083-9e0d-541bfecff0cd","deliveryId":"d9efcc61-4a9b-408d-b76c-8c8725c415b4","walletSk":"d9efcc61-4a9b-408d-b76c-8c8725c415b4"}',
    currency: 'BHD',
    amount: 8,
    vat: 0,
    oldBalance: 50.75,
    newBalance: 42.75
  }
}

2024-03-09T21:01:12.542Z 2024-03-09T21:01:12.542Z	de78ad13-e5c0-581e-9f43-f375359886fd	INFO	SubscriptionBalanceUpdated event published

2024-03-09T21:01:12.553Z 2024-03-09T21:01:12.553Z	de78ad13-e5c0-581e-9f43-f375359886fd	INFO	Processing message 3e190bf9-a706-4116-9afd-b223156b8882

2024-03-09T21:01:12.559Z 2024-03-09T21:01:12.559Z	de78ad13-e5c0-581e-9f43-f375359886fd	INFO	Start syncing the balance {
  transaction: {
    id: '01HRJGA1JANGJX1TF343N1G7P8',
    type: 'DEBIT',
    source: 'MANUAL_DEDUCTION',
    action: 'DELIVERY_DEDUCTION',
    userId: 'd8e22713-a177-4738-bdb6-e48b189eb487',
    paymentBalance: 232,
    updatePaymentBalance: true,
    metadata: '{"walletId":"wallet#d8e22713-a177-4738-bdb6-e48b189eb487","deliveryId":"f6fc1b7c-38e1-4764-9d58-c75bdeefdcd8","walletSk":"f6fc1b7c-38e1-4764-9d58-c75bdeefdcd8"}',
    currency: 'KWD',
    amount: 8.5,
    vat: 0,
    oldBalance: 240.5,
    newBalance: 232
  }
}

2024-03-09T21:01:12.605Z 2024-03-09T21:01:12.605Z	de78ad13-e5c0-581e-9f43-f375359886fd	INFO	SubscriptionBalanceUpdated event published

2024-03-09T21:01:12.621Z 2024-03-09T21:01:12.621Z	de78ad13-e5c0-581e-9f43-f375359886fd	INFO	Processing message 75b0a920-ed49-4f28-89f0-4ba03446c158

2024-03-09T21:01:12.626Z 2024-03-09T21:01:12.626Z	de78ad13-e5c0-581e-9f43-f375359886fd	INFO	Start syncing the balance {
  transaction: {
    id: '01HRJGA1KNSH5XHFW51XX21R31',
    type: 'DEBIT',
    source: 'MANUAL_DEDUCTION',
    action: 'DELIVERY_DEDUCTION',
    userId: '5491019d-8c4e-422c-a644-d06abb2d9d2a',
    paymentBalance: 170.5,
    updatePaymentBalance: true,
    metadata: '{"walletId":"wallet#5491019d-8c4e-422c-a644-d06abb2d9d2a","deliveryId":"a0f26734-1090-42cc-ac31-269f675a6d98","walletSk":"a0f26734-1090-42cc-ac31-269f675a6d98"}',
    currency: 'BHD',
    amount: 9.5,
    vat: 0,
    oldBalance: 180,
    newBalance: 170.5
  }
}

2024-03-09T21:01:12.668Z 2024-03-09T21:01:12.668Z	de78ad13-e5c0-581e-9f43-f375359886fd	INFO	SubscriptionBalanceUpdated event published

2024-03-09T21:01:12.681Z 2024-03-09T21:01:12.681Z	de78ad13-e5c0-581e-9f43-f375359886fd	INFO	Processing message a239b9a0-24cc-488c-9f39-8c25e0505561

2024-03-09T21:01:12.687Z 2024-03-09T21:01:12.687Z	de78ad13-e5c0-581e-9f43-f375359886fd	INFO	Start syncing the balance {
  transaction: {
    id: '01HRJGA1PQXN05W6DVVX943DVG',
    type: 'DEBIT',
    source: 'MANUAL_DEDUCTION',
    action: 'DELIVERY_DEDUCTION',
    userId: 'ac78f7fc-04ca-4875-acbb-0539231751be',
    paymentBalance: 24,
    updatePaymentBalance: true,
    metadata: '{"walletId":"wallet#ac78f7fc-04ca-4875-acbb-0539231751be","deliveryId":"ee2dbb21-986a-4d2c-8564-c0901d2b5f0f","walletSk":"ee2dbb21-986a-4d2c-8564-c0901d2b5f0f"}',
    currency: 'BHD',
    amount: 8,
    vat: 0,
    oldBalance: 32,
    newBalance: 24
  }
}

2024-03-09T21:01:12.728Z 2024-03-09T21:01:12.728Z	de78ad13-e5c0-581e-9f43-f375359886fd	INFO	SubscriptionBalanceUpdated event published

2024-03-09T21:01:12.740Z 2024-03-09T21:01:12.740Z	de78ad13-e5c0-581e-9f43-f375359886fd	INFO	Processing message 6ccb64fe-cd97-40c2-8938-88ed69077c75

2024-03-09T21:01:12.748Z 2024-03-09T21:01:12.748Z	de78ad13-e5c0-581e-9f43-f375359886fd	INFO	Start syncing the balance {
  transaction: {
    id: '01HRJGA1SGTJ640VJ334D5N5GA',
    type: 'DEBIT',
    source: 'MANUAL_DEDUCTION',
    action: 'DELIVERY_DEDUCTION',
    userId: 'aed6c080-095d-4498-b8f3-492432bc33bd',
    paymentBalance: 48,
    updatePaymentBalance: true,
    metadata: '{"walletId":"wallet#aed6c080-095d-4498-b8f3-492432bc33bd","deliveryId":"3b0bf436-0c23-4a62-939f-67889153c782","walletSk":"3b0bf436-0c23-4a62-939f-67889153c782"}',
    currency: 'BHD',
    amount: 10.5,
    vat: 0,
    oldBalance: 58.5,
    newBalance: 48
  }
}

2024-03-09T21:01:12.788Z 2024-03-09T21:01:12.788Z	de78ad13-e5c0-581e-9f43-f375359886fd	INFO	SubscriptionBalanceUpdated event published

2024-03-09T21:01:12.805Z END RequestId: de78ad13-e5c0-581e-9f43-f375359886fd

2024-03-09T21:01:12.805Z REPORT RequestId: de78ad13-e5c0-581e-9f43-f375359886fd	Duration: 693.18 ms	Billed Duration: 694 ms	Memory Size: 1024 MB	Max Memory Used: 127 MB	

2024-03-09T21:01:12.955Z START RequestId: 56ce4856-7765-5742-8ca0-1630a73d05df Version: $LATEST

2024-03-09T21:01:12.985Z 2024-03-09T21:01:12.985Z	56ce4856-7765-5742-8ca0-1630a73d05df	INFO	Processing message d67dfbfc-509f-4aef-a9bc-a70d6dd4a0c1

2024-03-09T21:01:12.990Z 2024-03-09T21:01:12.990Z	56ce4856-7765-5742-8ca0-1630a73d05df	INFO	Start syncing the balance {
  transaction: {
    id: '01HRJGA0KX4Z0D29J90HW3KJ2R',
    type: 'DEBIT',
    source: 'MANUAL_DEDUCTION',
    action: 'DELIVERY_DEDUCTION',
    userId: 'd694c21d-aa12-47c7-ad78-aaa9bc76bc03',
    paymentBalance: 18.7,
    updatePaymentBalance: true,
    metadata: '{"walletId":"wallet#d694c21d-aa12-47c7-ad78-aaa9bc76bc03","deliveryId":"80c04500-d0db-483b-aebb-0cb12855bf10","walletSk":"80c04500-d0db-483b-aebb-0cb12855bf10"}',
    currency: 'BHD',
    amount: 3,
    vat: 0,
    oldBalance: 21.7,
    newBalance: 18.7
  }
}

2024-03-09T21:01:13.032Z 2024-03-09T21:01:13.032Z	56ce4856-7765-5742-8ca0-1630a73d05df	INFO	SubscriptionBalanceUpdated event published

2024-03-09T21:01:13.050Z 2024-03-09T21:01:13.050Z	56ce4856-7765-5742-8ca0-1630a73d05df	INFO	Processing message 9c071433-9779-4c43-99dc-804ca174072d

2024-03-09T21:01:13.056Z 2024-03-09T21:01:13.056Z	56ce4856-7765-5742-8ca0-1630a73d05df	INFO	Start syncing the balance {
  transaction: {
    id: '01HRJGA0PNK5V727T1C4BV1F7P',
    type: 'DEBIT',
    source: 'MANUAL_DEDUCTION',
    action: 'DELIVERY_DEDUCTION',
    userId: 'abf660cd-113f-4fe2-8fff-ad9e33e54df3',
    paymentBalance: 1435,
    updatePaymentBalance: true,
    metadata: '{"walletId":"wallet#abf660cd-113f-4fe2-8fff-ad9e33e54df3","deliveryId":"65805c1c-6c86-43c9-a514-a5fa43905a78","walletSk":"65805c1c-6c86-43c9-a514-a5fa43905a78"}',
    currency: 'BHD',
    amount: 4,
    vat: 0,
    oldBalance: 1439,
    newBalance: 1435
  }
}

2024-03-09T21:01:13.101Z 2024-03-09T21:01:13.101Z	56ce4856-7765-5742-8ca0-1630a73d05df	INFO	SubscriptionBalanceUpdated event published

2024-03-09T21:01:13.115Z 2024-03-09T21:01:13.115Z	56ce4856-7765-5742-8ca0-1630a73d05df	INFO	Processing message 54843bb4-6215-422c-9d20-21c20240815a

2024-03-09T21:01:13.120Z 2024-03-09T21:01:13.120Z	56ce4856-7765-5742-8ca0-1630a73d05df	INFO	Start syncing the balance {
  transaction: {
    id: '01HRJGA0SJ8G5CE9K6ZBT0C676',
    type: 'DEBIT',
    source: 'MANUAL_DEDUCTION',
    action: 'DELIVERY_DEDUCTION',
    userId: '97ec8d71-8106-47e4-ab01-4fc5eaf1e8b1',
    paymentBalance: 1170,
    updatePaymentBalance: true,
    metadata: '{"walletId":"wallet#97ec8d71-8106-47e4-ab01-4fc5eaf1e8b1","deliveryId":"88fe7ae7-247c-4ad6-8045-fb57fe7ad26b","walletSk":"88fe7ae7-247c-4ad6-8045-fb57fe7ad26b"}',
    currency: 'SAR',
    amount: 90,
    vat: 0,
    oldBalance: 1260,
    newBalance: 1170
  }
}

2024-03-09T21:01:13.163Z 2024-03-09T21:01:13.163Z	56ce4856-7765-5742-8ca0-1630a73d05df	INFO	SubscriptionBalanceUpdated event published

2024-03-09T21:01:13.178Z 2024-03-09T21:01:13.178Z	56ce4856-7765-5742-8ca0-1630a73d05df	INFO	Processing message 7d5f3d71-b596-43c2-8a75-c0a79c75b4c0

2024-03-09T21:01:13.183Z 2024-03-09T21:01:13.183Z	56ce4856-7765-5742-8ca0-1630a73d05df	INFO	Start syncing the balance {
  transaction: {
    id: '01HRJGA0WNJHBJEVCN0JZTHD7B',
    type: 'DEBIT',
    source: 'MANUAL_DEDUCTION',
    action: 'DELIVERY_DEDUCTION',
    userId: 'f434d164-8656-429c-a7c9-fc4ab238f377',
    paymentBalance: 58.909,
    updatePaymentBalance: true,
    metadata: '{"walletId":"wallet#f434d164-8656-429c-a7c9-fc4ab238f377","deliveryId":"2b198404-f2ea-4223-b722-30a13fa780f0","walletSk":"2b198404-f2ea-4223-b722-30a13fa780f0"}',
    currency: 'BHD',
    amount: 4,
    vat: 0,
    oldBalance: 62.909,
    newBalance: 58.909
  }
}

2024-03-09T21:01:13.227Z 2024-03-09T21:01:13.227Z	56ce4856-7765-5742-8ca0-1630a73d05df	INFO	SubscriptionBalanceUpdated event published

2024-03-09T21:01:13.242Z 2024-03-09T21:01:13.242Z	56ce4856-7765-5742-8ca0-1630a73d05df	INFO	Processing message 6e584ba0-1720-48f9-95e0-5ec14e25170b

2024-03-09T21:01:13.247Z 2024-03-09T21:01:13.247Z	56ce4856-7765-5742-8ca0-1630a73d05df	INFO	Start syncing the balance {
  transaction: {
    id: '01HRJGA0TEEXV64H3ZZXQCGD0Z',
    type: 'DEBIT',
    source: 'MANUAL_DEDUCTION',
    action: 'DELIVERY_DEDUCTION',
    userId: '76b5101c-400d-45d2-9392-ee6d94c113db',
    paymentBalance: 96,
    updatePaymentBalance: true,
    metadata: '{"walletId":"wallet#76b5101c-400d-45d2-9392-ee6d94c113db","deliveryId":"4cce662a-358c-410b-ba76-0ee478ec7f91","walletSk":"4cce662a-358c-410b-ba76-0ee478ec7f91"}',
    currency: 'BHD',
    amount: 8,
    vat: 0,
    oldBalance: 104,
    newBalance: 96
  }
}

2024-03-09T21:01:13.296Z 2024-03-09T21:01:13.296Z	56ce4856-7765-5742-8ca0-1630a73d05df	INFO	SubscriptionBalanceUpdated event published

2024-03-09T21:01:13.308Z 2024-03-09T21:01:13.308Z	56ce4856-7765-5742-8ca0-1630a73d05df	INFO	Processing message c0173792-141e-410f-890c-b97c79ae519e

2024-03-09T21:01:13.314Z 2024-03-09T21:01:13.314Z	56ce4856-7765-5742-8ca0-1630a73d05df	INFO	Start syncing the balance {
  transaction: {
    id: '01HRJGA0X4DNCR993VR457WYYH',
    type: 'DEBIT',
    source: 'MANUAL_DEDUCTION',
    action: 'DELIVERY_DEDUCTION',
    userId: 'e635a3ea-fc8b-46c4-b091-5480637486ad',
    paymentBalance: 1003.564,
    updatePaymentBalance: true,
    metadata: '{"walletId":"wallet#e635a3ea-fc8b-46c4-b091-5480637486ad","deliveryId":"540a9393-7bff-460b-b90c-4b1a56df3648","walletSk":"540a9393-7bff-460b-b90c-4b1a56df3648"}',
    currency: 'BHD',
    amount: 21.6,
    vat: 0,
    oldBalance: 1025.1645,
    newBalance: 1003.565
  }
}

2024-03-09T21:01:13.360Z 2024-03-09T21:01:13.360Z	56ce4856-7765-5742-8ca0-1630a73d05df	INFO	SubscriptionBalanceUpdated event published

2024-03-09T21:01:13.372Z 2024-03-09T21:01:13.372Z	56ce4856-7765-5742-8ca0-1630a73d05df	ERROR	Subscription balance and payment balance are not in sync {
  userId: 'e635a3ea-fc8b-46c4-b091-5480637486ad',
  subscriptionBalance: 1003.565,
  paymentBalance: 1003.564
}

2024-03-09T21:01:13.387Z 2024-03-09T21:01:13.387Z	56ce4856-7765-5742-8ca0-1630a73d05df	INFO	Processing message ce62a1e8-ae21-4c1d-8fa3-f5a030488141

2024-03-09T21:01:13.392Z 2024-03-09T21:01:13.392Z	56ce4856-7765-5742-8ca0-1630a73d05df	INFO	Start syncing the balance {
  transaction: {
    id: '01HRJGA12B1PKTACK25C3C5NNE',
    type: 'DEBIT',
    source: 'MANUAL_DEDUCTION',
    action: 'DELIVERY_DEDUCTION',
    userId: 'a6db30c1-5d78-471c-b1e7-007c345db06a',
    paymentBalance: 1350,
    updatePaymentBalance: true,
    metadata: '{"walletId":"wallet#a6db30c1-5d78-471c-b1e7-007c345db06a","deliveryId":"d0bd8e1b-5a6e-44dd-bbc0-5ca1443c2555","walletSk":"d0bd8e1b-5a6e-44dd-bbc0-5ca1443c2555"}',
    currency: 'SAR',
    amount: 90,
    vat: 0,
    oldBalance: 1440,
    newBalance: 1350
  }
}

2024-03-09T21:01:13.433Z 2024-03-09T21:01:13.433Z	56ce4856-7765-5742-8ca0-1630a73d05df	INFO	SubscriptionBalanceUpdated event published

2024-03-09T21:01:13.446Z 2024-03-09T21:01:13.446Z	56ce4856-7765-5742-8ca0-1630a73d05df	INFO	Processing message 1747d6c6-3d2c-4362-80bc-8d62cb30c510

2024-03-09T21:01:13.452Z 2024-03-09T21:01:13.452Z	56ce4856-7765-5742-8ca0-1630a73d05df	INFO	Start syncing the balance {
  transaction: {
    id: '01HRJGA18MW2CKYX3N3S0RM53F',
    type: 'DEBIT',
    source: 'MANUAL_DEDUCTION',
    action: 'DELIVERY_DEDUCTION',
    userId: '3a3032d5-0841-422e-b3a8-1fe38d0a75b7',
    paymentBalance: 3222,
    updatePaymentBalance: true,
    metadata: '{"walletId":"wallet#3a3032d5-0841-422e-b3a8-1fe38d0a75b7","deliveryId":"abd17ca4-6b47-4d08-ad2e-509071b234e2","walletSk":"abd17ca4-6b47-4d08-ad2e-509071b234e2"}',
    currency: 'SAR',
    amount: 76.5,
    vat: 0,
    oldBalance: 3298.5,
    newBalance: 3222
  }
}

2024-03-09T21:01:13.494Z 2024-03-09T21:01:13.494Z	56ce4856-7765-5742-8ca0-1630a73d05df	INFO	SubscriptionBalanceUpdated event published

2024-03-09T21:01:13.510Z 2024-03-09T21:01:13.510Z	56ce4856-7765-5742-8ca0-1630a73d05df	INFO	Processing message ea1b58a3-d16a-4755-bd45-cd8782680663

2024-03-09T21:01:13.516Z 2024-03-09T21:01:13.516Z	56ce4856-7765-5742-8ca0-1630a73d05df	INFO	Start syncing the balance {
  transaction: {
    id: '01HRJGA0ZHDY37NRV7Q8H9TJDD',
    type: 'DEBIT',
    source: 'MANUAL_DEDUCTION',
    action: 'DELIVERY_DEDUCTION',
    userId: 'b7744f55-1a88-4854-8191-bd4094ef18bf',
    paymentBalance: 126,
    updatePaymentBalance: true,
    metadata: '{"walletId":"wallet#b7744f55-1a88-4854-8191-bd4094ef18bf","deliveryId":"ca62478e-2605-4507-a2a2-4f0f7eed15bc","walletSk":"ca62478e-2605-4507-a2a2-4f0f7eed15bc"}',
    currency: 'BHD',
    amount: 9,
    vat: 0,
    oldBalance: 135,
    newBalance: 126
  }
}

2024-03-09T21:01:13.556Z 2024-03-09T21:01:13.556Z	56ce4856-7765-5742-8ca0-1630a73d05df	INFO	SubscriptionBalanceUpdated event published

2024-03-09T21:01:13.569Z 2024-03-09T21:01:13.569Z	56ce4856-7765-5742-8ca0-1630a73d05df	INFO	Processing message 13120744-7b41-4799-b899-127b6e2a5325

2024-03-09T21:01:13.574Z 2024-03-09T21:01:13.574Z	56ce4856-7765-5742-8ca0-1630a73d05df	INFO	Start syncing the balance {
  transaction: {
    id: '01HRJGA151Y1Z641W2QM33NWSB',
    type: 'DEBIT',
    source: 'MANUAL_DEDUCTION',
    action: 'DELIVERY_DEDUCTION',
    userId: '8cfb0a41-4446-43f9-8ace-c17b9c9a9c7e',
    paymentBalance: 16225,
    updatePaymentBalance: true,
    metadata: '{"walletId":"wallet#8cfb0a41-4446-43f9-8ace-c17b9c9a9c7e","deliveryId":"bfcc7346-d537-4238-a57b-6d6671cfdcd3","walletSk":"bfcc7346-d537-4238-a57b-6d6671cfdcd3"}',
    currency: 'SAR',
    amount: 60,
    vat: 0,
    oldBalance: 16285,
    newBalance: 16225
  }
}

2024-03-09T21:01:13.613Z 2024-03-09T21:01:13.613Z	56ce4856-7765-5742-8ca0-1630a73d05df	INFO	SubscriptionBalanceUpdated event published

2024-03-09T21:01:13.640Z END RequestId: 56ce4856-7765-5742-8ca0-1630a73d05df

2024-03-09T21:01:13.640Z REPORT RequestId: 56ce4856-7765-5742-8ca0-1630a73d05df	Duration: 685.44 ms	Billed Duration: 686 ms	Memory Size: 1024 MB	Max Memory Used: 127 MB	
XRAY TraceId: 1-65ecce18-ce5bfeb4410baf4ddb4f53f8	SegmentId: 5b3330fc4ad53e17	Sampled: true	

2024-03-09T21:01:14.589Z START RequestId: 61a4bd2e-bb29-5b73-944c-e3486b738590 Version: $LATEST

2024-03-09T21:01:14.619Z 2024-03-09T21:01:14.619Z	61a4bd2e-bb29-5b73-944c-e3486b738590	INFO	Processing message e146ec35-1b0d-497e-845e-86f8bdce99dc

2024-03-09T21:01:14.625Z 2024-03-09T21:01:14.625Z	61a4bd2e-bb29-5b73-944c-e3486b738590	INFO	Start syncing the balance {
  transaction: {
    id: '01HRJGA4SQTW3KG7PQ25Z58D97',
    type: 'DEBIT',
    source: 'MANUAL_DEDUCTION',
    action: 'DELIVERY_DEDUCTION',
    userId: '460733e0-3f51-4cb4-b870-9f1a50ffd1a9',
    paymentBalance: 77.591,
    updatePaymentBalance: true,
    metadata: '{"walletId":"wallet#460733e0-3f51-4cb4-b870-9f1a50ffd1a9","deliveryId":"961533d9-255a-480d-9265-0dcb9a44b40f","walletSk":"961533d9-255a-480d-9265-0dcb9a44b40f"}',
    currency: 'BHD',
    amount: 6,
    vat: 0,
    oldBalance: 83.591,
    newBalance: 77.591
  }
}

2024-03-09T21:01:14.667Z 2024-03-09T21:01:14.667Z	61a4bd2e-bb29-5b73-944c-e3486b738590	INFO	SubscriptionBalanceUpdated event published

2024-03-09T21:01:14.678Z 2024-03-09T21:01:14.678Z	61a4bd2e-bb29-5b73-944c-e3486b738590	INFO	Processing message be9b5476-e43c-432f-ba68-c11658b7a9ab

2024-03-09T21:01:14.684Z 2024-03-09T21:01:14.684Z	61a4bd2e-bb29-5b73-944c-e3486b738590	INFO	Start syncing the balance {
  transaction: {
    id: '01HRJGA4Q49W3VDEP3EV0VXRQN',
    type: 'DEBIT',
    source: 'MANUAL_DEDUCTION',
    action: 'DELIVERY_DEDUCTION',
    userId: '9a19fa44-d798-4468-b553-9db30af97ea6',
    paymentBalance: 6300,
    updatePaymentBalance: true,
    metadata: '{"walletId":"wallet#9a19fa44-d798-4468-b553-9db30af97ea6","deliveryId":"b3c0168c-daed-4b5b-a6d2-bed837205769","walletSk":"b3c0168c-daed-4b5b-a6d2-bed837205769"}',
    currency: 'SAR',
    amount: 90,
    vat: 0,
    oldBalance: 2070,
    newBalance: 1980
  }
}

2024-03-09T21:01:14.723Z 2024-03-09T21:01:14.723Z	61a4bd2e-bb29-5b73-944c-e3486b738590	INFO	SubscriptionBalanceUpdated event published

2024-03-09T21:01:14.736Z 2024-03-09T21:01:14.736Z	61a4bd2e-bb29-5b73-944c-e3486b738590	ERROR	Subscription balance and payment balance are not in sync {
  userId: '9a19fa44-d798-4468-b553-9db30af97ea6',
  subscriptionBalance: 1980,
  paymentBalance: 6300
}

2024-03-09T21:01:14.751Z 2024-03-09T21:01:14.751Z	61a4bd2e-bb29-5b73-944c-e3486b738590	INFO	Processing message f02ea91c-a04c-44ca-a6b7-7d4c8d9c3d19

2024-03-09T21:01:14.756Z 2024-03-09T21:01:14.756Z	61a4bd2e-bb29-5b73-944c-e3486b738590	INFO	Start syncing the balance {
  transaction: {
    id: '01HRJGA4WNKH9R3FK6JSY1BPHS',
    type: 'DEBIT',
    source: 'MANUAL_DEDUCTION',
    action: 'DELIVERY_DEDUCTION',
    userId: 'e43c3e20-d78b-4fdc-b46a-9d72e46f393a',
    paymentBalance: 1820.2,
    updatePaymentBalance: true,
    metadata: '{"walletId":"wallet#e43c3e20-d78b-4fdc-b46a-9d72e46f393a","deliveryId":"55d376c0-c70d-448f-b844-2ceda0e20cad","walletSk":"55d376c0-c70d-448f-b844-2ceda0e20cad"}',
    currency: 'BHD',
    amount: 4,
    vat: 0,
    oldBalance: 1824.2,
    newBalance: 1820.2
  }
}

2024-03-09T21:01:14.795Z 2024-03-09T21:01:14.795Z	61a4bd2e-bb29-5b73-944c-e3486b738590	INFO	SubscriptionBalanceUpdated event published

2024-03-09T21:01:14.813Z 2024-03-09T21:01:14.813Z	61a4bd2e-bb29-5b73-944c-e3486b738590	INFO	Processing message 1d41150a-002a-48ce-8528-481bff3fbdf1

2024-03-09T21:01:14.818Z 2024-03-09T21:01:14.818Z	61a4bd2e-bb29-5b73-944c-e3486b738590	INFO	Start syncing the balance {
  transaction: {
    id: '01HRJGA4QD90CABBDPD6SNPFSP',
    type: 'DEBIT',
    source: 'MANUAL_DEDUCTION',
    action: 'DELIVERY_DEDUCTION',
    userId: 'c6d9d2a9-50eb-47e7-b702-3572167b70b8',
    paymentBalance: 112,
    updatePaymentBalance: true,
    metadata: '{"walletId":"wallet#c6d9d2a9-50eb-47e7-b702-3572167b70b8","deliveryId":"4d6e0c8e-7c3e-4ca9-94b5-b67a4dc6c122","walletSk":"4d6e0c8e-7c3e-4ca9-94b5-b67a4dc6c122"}',
    currency: 'BHD',
    amount: 8,
    vat: 0,
    oldBalance: 120,
    newBalance: 112
  }
}

2024-03-09T21:01:14.858Z 2024-03-09T21:01:14.858Z	61a4bd2e-bb29-5b73-944c-e3486b738590	INFO	SubscriptionBalanceUpdated event published

2024-03-09T21:01:14.883Z 2024-03-09T21:01:14.883Z	61a4bd2e-bb29-5b73-944c-e3486b738590	INFO	Processing message c7eb6c6f-581f-4ebb-aad4-839ad4dd50e9

2024-03-09T21:01:14.889Z 2024-03-09T21:01:14.889Z	61a4bd2e-bb29-5b73-944c-e3486b738590	INFO	Start syncing the balance {
  transaction: {
    id: '01HRJGA4ZNBQGWKXB0GF0KC4B3',
    type: 'DEBIT',
    source: 'MANUAL_DEDUCTION',
    action: 'DELIVERY_DEDUCTION',
    userId: 'f66a41dd-6388-421c-b6cc-9c4024d43be8',
    paymentBalance: 26,
    updatePaymentBalance: true,
    metadata: '{"walletId":"wallet#f66a41dd-6388-421c-b6cc-9c4024d43be8","deliveryId":"6b2c53b3-b3d6-4f70-9593-5e0a8e03939e","walletSk":"6b2c53b3-b3d6-4f70-9593-5e0a8e03939e"}',
    currency: 'BHD',
    amount: 8,
    vat: 0,
    oldBalance: 34,
    newBalance: 26
  }
}

2024-03-09T21:01:14.930Z 2024-03-09T21:01:14.930Z	61a4bd2e-bb29-5b73-944c-e3486b738590	INFO	SubscriptionBalanceUpdated event published

2024-03-09T21:01:14.980Z 2024-03-09T21:01:14.980Z	61a4bd2e-bb29-5b73-944c-e3486b738590	INFO	Processing message f7dfb8e1-8537-479e-937a-d4c03326e4ae

2024-03-09T21:01:14.986Z 2024-03-09T21:01:14.986Z	61a4bd2e-bb29-5b73-944c-e3486b738590	INFO	Start syncing the balance {
  transaction: {
    id: '01HRJGA4WXR5M1Q21V9NRTHTZX',
    type: 'DEBIT',
    source: 'MANUAL_DEDUCTION',
    action: 'DELIVERY_DEDUCTION',
    userId: '8a7f8c21-2221-472e-9be8-877a538f282e',
    paymentBalance: 9664.524,
    updatePaymentBalance: true,
    metadata: '{"walletId":"wallet#8a7f8c21-2221-472e-9be8-877a538f282e","deliveryId":"4c20cf78-28b1-4abb-9260-3f6de63b9422","walletSk":"4c20cf78-28b1-4abb-9260-3f6de63b9422"}',
    currency: 'BHD',
    amount: 9,
    vat: 0,
    oldBalance: 9673.524,
    newBalance: 9664.524
  }
}

2024-03-09T21:01:15.025Z 2024-03-09T21:01:15.025Z	61a4bd2e-bb29-5b73-944c-e3486b738590	INFO	SubscriptionBalanceUpdated event published

2024-03-09T21:01:15.036Z 2024-03-09T21:01:15.036Z	61a4bd2e-bb29-5b73-944c-e3486b738590	INFO	Processing message 6543502a-2f20-4158-a824-5c9d7cf704ee

2024-03-09T21:01:15.042Z 2024-03-09T21:01:15.042Z	61a4bd2e-bb29-5b73-944c-e3486b738590	INFO	Start syncing the balance {
  transaction: {
    id: '01HRJGA56J50FZ61K2Z3JFJZWJ',
    type: 'DEBIT',
    source: 'MANUAL_DEDUCTION',
    action: 'DELIVERY_DEDUCTION',
    userId: '7b9318f9-b4c3-45e8-8ae0-c12d42adaecc',
    paymentBalance: 1300,
    updatePaymentBalance: true,
    metadata: '{"walletId":"wallet#7b9318f9-b4c3-45e8-8ae0-c12d42adaecc","deliveryId":"2adc6453-26df-4934-b7dd-8cfd20a2b65e","walletSk":"2adc6453-26df-4934-b7dd-8cfd20a2b65e"}',
    currency: 'SAR',
    amount: 100,
    vat: 0,
    oldBalance: 1400,
    newBalance: 1300
  }
}

2024-03-09T21:01:15.079Z 2024-03-09T21:01:15.079Z	61a4bd2e-bb29-5b73-944c-e3486b738590	INFO	SubscriptionBalanceUpdated event published

2024-03-09T21:01:15.101Z END RequestId: 61a4bd2e-bb29-5b73-944c-e3486b738590

2024-03-09T21:01:15.101Z REPORT RequestId: 61a4bd2e-bb29-5b73-944c-e3486b738590	Duration: 511.50 ms	Billed Duration: 512 ms	Memory Size: 1024 MB	Max Memory Used: 127 MB	

