2024-05-15T15:05:31.333Z START RequestId: 8e27aed1-4c88-5d03-a4ef-f06f9de1710a Version: $LATEST

2024-05-15T15:05:31.431Z 2024-05-15T15:05:31.431Z	8e27aed1-4c88-5d03-a4ef-f06f9de1710a	INFO	Processing message d7320a50-77c0-448e-8799-5936e3d9710a

2024-05-15T15:05:31.466Z 2024-05-15T15:05:31.466Z	8e27aed1-4c88-5d03-a4ef-f06f9de1710a	INFO	Start syncing the balance {
  transaction: {
    id: '01HXYCJZA4YHB528H7KJR40ZPJ',
    type: 'CREDIT',
    source: 'MANUAL_ADDITION',
    action: 'CUSTOMERS_CALO_EXPERIMENTS',
    userId: '6f9db617-31c6-4072-bfef-08d04f27b73a',
    paymentBalance: 96,
    updatePaymentBalance: true,
    metadata: '{"walletId":"wallet#6f9db617-31c6-4072-bfef-08d04f27b73a","walletSk":"1459ab6a-5d50-41b0-acf1-df344a310632"}',
    currency: 'BHD',
    amount: 9.6,
    vat: 0,
    oldBalance: 86.4,
    newBalance: 96
  }
}

2024-05-15T15:05:31.616Z 2024-05-15T15:05:31.616Z	8e27aed1-4c88-5d03-a4ef-f06f9de1710a	INFO	SubscriptionBalanceUpdated event published

2024-05-15T15:05:31.668Z END RequestId: 8e27aed1-4c88-5d03-a4ef-f06f9de1710a

2024-05-15T15:05:31.668Z REPORT RequestId: 8e27aed1-4c88-5d03-a4ef-f06f9de1710a	Duration: 334.80 ms	Billed Duration: 335 ms	Memory Size: 1024 MB	Max Memory Used: 119 MB	

2024-05-15T15:05:51.147Z START RequestId: 49a4881d-3804-5074-a2d3-d6a3e9786c7d Version: $LATEST

2024-05-15T15:05:51.219Z 2024-05-15T15:05:51.219Z	49a4881d-3804-5074-a2d3-d6a3e9786c7d	INFO	Processing message ff254d51-431c-42d1-83b5-c5fe56d651bc

2024-05-15T15:05:51.219Z 2024-05-15T15:05:51.219Z	49a4881d-3804-5074-a2d3-d6a3e9786c7d	INFO	Skipping the balance sync for create subscription, it will be synced from create subscription payment listener

2024-05-15T15:05:51.237Z END RequestId: 49a4881d-3804-5074-a2d3-d6a3e9786c7d

2024-05-15T15:05:51.237Z REPORT RequestId: 49a4881d-3804-5074-a2d3-d6a3e9786c7d	Duration: 89.87 ms	Billed Duration: 90 ms	Memory Size: 1024 MB	Max Memory Used: 119 MB	

2024-05-15T15:05:11.440Z INIT_START Runtime Version: nodejs:20.v22	Runtime Version ARN: arn:aws:lambda:us-east-1::runtime:da57c20c4b965d5b75540f6865a35fc8030358e33ec44ecfed33e90901a27a72

2024-05-15T15:05:12.498Z START RequestId: 20f48fcb-215f-5d69-993d-d175f008e160 Version: $LATEST

2024-05-15T15:05:12.644Z 2024-05-15T15:05:12.644Z	20f48fcb-215f-5d69-993d-d175f008e160	INFO	Processing message fee9e592-427d-44f9-b245-3548a84251d9

2024-05-15T15:05:12.645Z 2024-05-15T15:05:12.645Z	20f48fcb-215f-5d69-993d-d175f008e160	INFO	Skipping the balance sync for create subscription, it will be synced from create subscription payment listener

2024-05-15T15:05:12.659Z END RequestId: 20f48fcb-215f-5d69-993d-d175f008e160

2024-05-15T15:05:12.659Z REPORT RequestId: 20f48fcb-215f-5d69-993d-d175f008e160	Duration: 161.13 ms	Billed Duration: 162 ms	Memory Size: 1024 MB	Max Memory Used: 117 MB	Init Duration: 1056.51 ms	

