2024-03-17T21:01:06.972Z START RequestId: 4a6546dd-dc4a-55e0-a088-18ac80755a7a Version: $LATEST

2024-03-17T21:01:07.111Z 2024-03-17T21:01:07.111Z	4a6546dd-dc4a-55e0-a088-18ac80755a7a	INFO	Processing message 52fecef8-bcd2-46cc-bb1e-9511cc533e66

2024-03-17T21:01:07.172Z 2024-03-17T21:01:07.172Z	4a6546dd-dc4a-55e0-a088-18ac80755a7a	INFO	Start syncing the balance {
  transaction: {
    id: '01HS73FK1YS1M7STTPR8RZVR6P',
    type: 'DEBIT',
    source: 'MANUAL_DEDUCTION',
    action: 'DELIVERY_DEDUCTION',
    userId: '756f5781-d829-455d-a164-4268135b5262',
    paymentBalance: 810,
    updatePaymentBalance: true,
    metadata: '{"walletId":"wallet#756f5781-d829-455d-a164-4268135b5262","deliveryId":"7ffccab5-89bb-43a0-a47c-3b1730b6cf9f","walletSk":"7ffccab5-89bb-43a0-a47c-3b1730b6cf9f"}',
    currency: 'SAR',
    amount: 90,
    vat: 0,
    oldBalance: 900,
    newBalance: 810
  }
}

2024-03-17T21:01:07.281Z 2024-03-17T21:01:07.281Z	4a6546dd-dc4a-55e0-a088-18ac80755a7a	INFO	SubscriptionBalanceUpdated event published

2024-03-17T21:01:07.325Z END RequestId: 4a6546dd-dc4a-55e0-a088-18ac80755a7a

2024-03-17T21:01:07.325Z REPORT RequestId: 4a6546dd-dc4a-55e0-a088-18ac80755a7a	Duration: 353.16 ms	Billed Duration: 354 ms	Memory Size: 1024 MB	Max Memory Used: 113 MB	Init Duration: 1054.35 ms	

2024-03-17T21:01:07.392Z START RequestId: cdc421ef-ee3a-5b7a-812a-7f9eb26894e0 Version: $LATEST

2024-03-17T21:01:07.417Z 2024-03-17T21:01:07.417Z	cdc421ef-ee3a-5b7a-812a-7f9eb26894e0	INFO	Processing message 5ad0bad7-42e6-4d6c-94c1-baa1cec05281

2024-03-17T21:01:07.425Z 2024-03-17T21:01:07.425Z	cdc421ef-ee3a-5b7a-812a-7f9eb26894e0	INFO	Start syncing the balance {
  transaction: {
    id: '01HS73FK47ZJQA05V4Q29VXR6N',
    type: 'DEBIT',
    source: 'MANUAL_DEDUCTION',
    action: 'DELIVERY_DEDUCTION',
    userId: '581ac5c9-5f0e-4349-aaf4-8a1660d860f5',
    paymentBalance: 38270,
    updatePaymentBalance: true,
    metadata: '{"walletId":"wallet#581ac5c9-5f0e-4349-aaf4-8a1660d860f5","deliveryId":"dabc8273-7c68-420e-bb4b-584ce31b85f9","walletSk":"dabc8273-7c68-420e-bb4b-584ce31b85f9"}',
    currency: 'SAR',
    amount: 90,
    vat: 0,
    oldBalance: 2260,
    newBalance: 2170
  }
}

2024-03-17T21:01:07.483Z 2024-03-17T21:01:07.483Z	cdc421ef-ee3a-5b7a-812a-7f9eb26894e0	INFO	SubscriptionBalanceUpdated event published

2024-03-17T21:01:07.498Z 2024-03-17T21:01:07.498Z	cdc421ef-ee3a-5b7a-812a-7f9eb26894e0	ERROR	Subscription balance and payment balance are not in sync {
  userId: '581ac5c9-5f0e-4349-aaf4-8a1660d860f5',
  subscriptionBalance: 2170,
  paymentBalance: 38270
}

2024-03-17T21:01:07.523Z 2024-03-17T21:01:07.523Z	cdc421ef-ee3a-5b7a-812a-7f9eb26894e0	INFO	Processing message db4166f6-534b-48ca-8ac8-251399e0029c

2024-03-17T21:01:07.530Z 2024-03-17T21:01:07.530Z	cdc421ef-ee3a-5b7a-812a-7f9eb26894e0	INFO	Start syncing the balance {
  transaction: {
    id: '01HS73FKTH6B2P1V4JKXE599VS',
    type: 'DEBIT',
    source: 'MANUAL_DEDUCTION',
    action: 'DELIVERY_DEDUCTION',
    userId: '8b198b5a-ad5d-41e8-93b8-edb79a887fc2',
    paymentBalance: 136,
    updatePaymentBalance: true,
    metadata: '{"walletId":"wallet#8b198b5a-ad5d-41e8-93b8-edb79a887fc2","deliveryId":"a5cd7148-39fd-47c2-a791-d729d73cd83b","walletSk":"a5cd7148-39fd-47c2-a791-d729d73cd83b"}',
    currency: 'BHD',
    amount: 8,
    vat: 0,
    oldBalance: 144,
    newBalance: 136
  }
}

2024-03-17T21:01:07.585Z 2024-03-17T21:01:07.585Z	cdc421ef-ee3a-5b7a-812a-7f9eb26894e0	INFO	SubscriptionBalanceUpdated event published

2024-03-17T21:01:07.596Z 2024-03-17T21:01:07.596Z	cdc421ef-ee3a-5b7a-812a-7f9eb26894e0	INFO	Processing message c8e18ba6-fe66-4f8b-8339-6429633c771e

2024-03-17T21:01:07.604Z 2024-03-17T21:01:07.604Z	cdc421ef-ee3a-5b7a-812a-7f9eb26894e0	INFO	Start syncing the balance {
  transaction: {
    id: '01HS73FMK6JHVC93D1ZEN09DM6',
    type: 'DEBIT',
    source: 'MANUAL_DEDUCTION',
    action: 'DELIVERY_DEDUCTION',
    userId: 'a7c8eb51-8a21-4d1a-a947-d9c711fd67e4',
    paymentBalance: 864.872,
    updatePaymentBalance: true,
    metadata: '{"walletId":"wallet#a7c8eb51-8a21-4d1a-a947-d9c711fd67e4","deliveryId":"1a8cf6cd-5cc5-4cbb-9fb6-94760507b526","walletSk":"1a8cf6cd-5cc5-4cbb-9fb6-94760507b526"}',
    currency: 'BHD',
    amount: 20.727,
    vat: 0,
    oldBalance: 885.599,
    newBalance: 864.872
  }
}

2024-03-17T21:01:07.650Z 2024-03-17T21:01:07.650Z	cdc421ef-ee3a-5b7a-812a-7f9eb26894e0	INFO	SubscriptionBalanceUpdated event published

2024-03-17T21:01:07.663Z 2024-03-17T21:01:07.663Z	cdc421ef-ee3a-5b7a-812a-7f9eb26894e0	INFO	Processing message 6e063157-81fe-4ce0-adad-a4131e4a2bbd

2024-03-17T21:01:07.668Z 2024-03-17T21:01:07.668Z	cdc421ef-ee3a-5b7a-812a-7f9eb26894e0	INFO	Start syncing the balance {
  transaction: {
    id: '01HS73FN21QNVN4T22XJ1N6E8V',
    type: 'DEBIT',
    source: 'MANUAL_DEDUCTION',
    action: 'DELIVERY_DEDUCTION',
    userId: '26c3588a-3771-4c4f-9b9f-7a456dc81c3c',
    paymentBalance: 112,
    updatePaymentBalance: true,
    metadata: '{"walletId":"wallet#26c3588a-3771-4c4f-9b9f-7a456dc81c3c","deliveryId":"f2f46240-363c-4d06-9b4b-9dc0b1cc4e54","walletSk":"f2f46240-363c-4d06-9b4b-9dc0b1cc4e54"}',
    currency: 'BHD',
    amount: 8,
    vat: 0,
    oldBalance: 120,
    newBalance: 112
  }
}

2024-03-17T21:01:07.719Z 2024-03-17T21:01:07.719Z	cdc421ef-ee3a-5b7a-812a-7f9eb26894e0	INFO	SubscriptionBalanceUpdated event published

2024-03-17T21:01:07.733Z 2024-03-17T21:01:07.733Z	cdc421ef-ee3a-5b7a-812a-7f9eb26894e0	INFO	Processing message 316d0522-c99a-4d3a-973d-57174e0ad068

2024-03-17T21:01:07.738Z 2024-03-17T21:01:07.738Z	cdc421ef-ee3a-5b7a-812a-7f9eb26894e0	INFO	Start syncing the balance {
  transaction: {
    id: '01HS73FMN6KK38CV8KGDC54YFR',
    type: 'DEBIT',
    source: 'MANUAL_DEDUCTION',
    action: 'DELIVERY_DEDUCTION',
    userId: '48a233cd-3852-496d-a981-f71f5ece3617',
    paymentBalance: 136,
    updatePaymentBalance: true,
    metadata: '{"walletId":"wallet#48a233cd-3852-496d-a981-f71f5ece3617","deliveryId":"ef5fb211-4c6e-4d93-b14a-b2230f522874","walletSk":"ef5fb211-4c6e-4d93-b14a-b2230f522874"}',
    currency: 'BHD',
    amount: 8,
    vat: 0,
    oldBalance: 144,
    newBalance: 136
  }
}

2024-03-17T21:01:07.793Z 2024-03-17T21:01:07.793Z	cdc421ef-ee3a-5b7a-812a-7f9eb26894e0	INFO	SubscriptionBalanceUpdated event published

2024-03-17T21:01:07.809Z 2024-03-17T21:01:07.809Z	cdc421ef-ee3a-5b7a-812a-7f9eb26894e0	INFO	Processing message 5d244b71-848d-4bec-b95d-b273c403c154

2024-03-17T21:01:07.814Z 2024-03-17T21:01:07.814Z	cdc421ef-ee3a-5b7a-812a-7f9eb26894e0	INFO	Start syncing the balance {
  transaction: {
    id: '01HS73FN7SE370CYHPMDPS7WQ5',
    type: 'DEBIT',
    source: 'MANUAL_DEDUCTION',
    action: 'DELIVERY_DEDUCTION',
    userId: '6774d2ae-7f98-4eb5-aac3-d0b98309327a',
    paymentBalance: 78,
    updatePaymentBalance: true,
    metadata: '{"walletId":"wallet#6774d2ae-7f98-4eb5-aac3-d0b98309327a","deliveryId":"ec5d9f5b-e96e-4e0c-b474-545725c1e4d1","walletSk":"ec5d9f5b-e96e-4e0c-b474-545725c1e4d1"}',
    currency: 'BHD',
    amount: 8,
    vat: 0,
    oldBalance: 86,
    newBalance: 78
  }
}

2024-03-17T21:01:07.858Z 2024-03-17T21:01:07.858Z	cdc421ef-ee3a-5b7a-812a-7f9eb26894e0	INFO	SubscriptionBalanceUpdated event published

2024-03-17T21:01:07.873Z 2024-03-17T21:01:07.873Z	cdc421ef-ee3a-5b7a-812a-7f9eb26894e0	INFO	Processing message deadf146-1d10-486a-85d9-afd521082c09

2024-03-17T21:01:07.879Z 2024-03-17T21:01:07.879Z	cdc421ef-ee3a-5b7a-812a-7f9eb26894e0	INFO	Start syncing the balance {
  transaction: {
    id: '01HS73FN0KQCJ6HA1PRBW3B453',
    type: 'DEBIT',
    source: 'MANUAL_DEDUCTION',
    action: 'DELIVERY_DEDUCTION',
    userId: '7b9318f9-b4c3-45e8-8ae0-c12d42adaecc',
    paymentBalance: 900,
    updatePaymentBalance: true,
    metadata: '{"walletId":"wallet#7b9318f9-b4c3-45e8-8ae0-c12d42adaecc","deliveryId":"c978edb1-d63d-487c-8cd7-fffaff706c8c","walletSk":"c978edb1-d63d-487c-8cd7-fffaff706c8c"}',
    currency: 'SAR',
    amount: 100,
    vat: 0,
    oldBalance: 1000,
    newBalance: 900
  }
}

2024-03-17T21:01:07.953Z 2024-03-17T21:01:07.953Z	cdc421ef-ee3a-5b7a-812a-7f9eb26894e0	INFO	SubscriptionBalanceUpdated event published

2024-03-17T21:01:07.966Z 2024-03-17T21:01:07.966Z	cdc421ef-ee3a-5b7a-812a-7f9eb26894e0	INFO	Processing message 6f7d7dfe-b751-4372-a4e1-9a569c00e88c

2024-03-17T21:01:07.975Z 2024-03-17T21:01:07.975Z	cdc421ef-ee3a-5b7a-812a-7f9eb26894e0	INFO	Start syncing the balance {
  transaction: {
    id: '01HS73FN9E6JR7YSKGSXE0Z2RV',
    type: 'DEBIT',
    source: 'MANUAL_DEDUCTION',
    action: 'DELIVERY_DEDUCTION',
    userId: 'b66d065b-3a4b-4871-9d0c-99701e74c8e9',
    paymentBalance: 27930,
    updatePaymentBalance: true,
    metadata: '{"walletId":"wallet#b66d065b-3a4b-4871-9d0c-99701e74c8e9","deliveryId":"8fcb8975-0b27-4086-9f21-1e4b8186b252","walletSk":"8fcb8975-0b27-4086-9f21-1e4b8186b252"}',
    currency: 'SAR',
    amount: 90,
    vat: 0,
    oldBalance: 20352,
    newBalance: 20262
  }
}

2024-03-17T21:01:08.023Z 2024-03-17T21:01:08.023Z	cdc421ef-ee3a-5b7a-812a-7f9eb26894e0	INFO	SubscriptionBalanceUpdated event published

2024-03-17T21:01:08.034Z 2024-03-17T21:01:08.034Z	cdc421ef-ee3a-5b7a-812a-7f9eb26894e0	ERROR	Subscription balance and payment balance are not in sync {
  userId: 'b66d065b-3a4b-4871-9d0c-99701e74c8e9',
  subscriptionBalance: 20262,
  paymentBalance: 27930
}

2024-03-17T21:01:08.053Z 2024-03-17T21:01:08.053Z	cdc421ef-ee3a-5b7a-812a-7f9eb26894e0	INFO	Processing message 29b9840c-290e-405b-9a46-f1f0dfa0b8b1

2024-03-17T21:01:08.059Z 2024-03-17T21:01:08.059Z	cdc421ef-ee3a-5b7a-812a-7f9eb26894e0	INFO	Start syncing the balance {
  transaction: {
    id: '01HS73FNBEERN2V1ZZ30EKG0QN',
    type: 'DEBIT',
    source: 'MANUAL_DEDUCTION',
    action: 'DELIVERY_DEDUCTION',
    userId: '5569c4fe-b85e-4d18-87aa-074a1197c0ec',
    paymentBalance: 1712,
    updatePaymentBalance: true,
    metadata: '{"walletId":"wallet#5569c4fe-b85e-4d18-87aa-074a1197c0ec","deliveryId":"788f9e97-5334-405b-a68e-b426b8bdb44f","walletSk":"788f9e97-5334-405b-a68e-b426b8bdb44f"}',
    currency: 'AED',
    amount: 107,
    vat: 0,
    oldBalance: 1819,
    newBalance: 1712
  }
}

2024-03-17T21:01:08.106Z 2024-03-17T21:01:08.106Z	cdc421ef-ee3a-5b7a-812a-7f9eb26894e0	INFO	SubscriptionBalanceUpdated event published

2024-03-17T21:01:08.117Z 2024-03-17T21:01:08.117Z	cdc421ef-ee3a-5b7a-812a-7f9eb26894e0	INFO	Processing message ccba8de2-1a64-46bb-901a-42280f6adea0

2024-03-17T21:01:08.123Z 2024-03-17T21:01:08.123Z	cdc421ef-ee3a-5b7a-812a-7f9eb26894e0	INFO	Start syncing the balance {
  transaction: {
    id: '01HS73FNK0NTKX8HKFJ586V7QD',
    type: 'DEBIT',
    source: 'MANUAL_DEDUCTION',
    action: 'DELIVERY_DEDUCTION',
    userId: 'c6d9d2a9-50eb-47e7-b702-3572167b70b8',
    paymentBalance: 72,
    updatePaymentBalance: true,
    metadata: '{"walletId":"wallet#c6d9d2a9-50eb-47e7-b702-3572167b70b8","deliveryId":"5f8b499e-a33c-4db9-87c3-51cb69c5e135","walletSk":"5f8b499e-a33c-4db9-87c3-51cb69c5e135"}',
    currency: 'BHD',
    amount: 8,
    vat: 0,
    oldBalance: 80,
    newBalance: 72
  }
}

2024-03-17T21:01:08.166Z 2024-03-17T21:01:08.166Z	cdc421ef-ee3a-5b7a-812a-7f9eb26894e0	INFO	SubscriptionBalanceUpdated event published

2024-03-17T21:01:08.181Z END RequestId: cdc421ef-ee3a-5b7a-812a-7f9eb26894e0

2024-03-17T21:01:08.181Z REPORT RequestId: cdc421ef-ee3a-5b7a-812a-7f9eb26894e0	Duration: 788.61 ms	Billed Duration: 789 ms	Memory Size: 1024 MB	Max Memory Used: 119 MB	

2024-03-17T21:01:08.541Z START RequestId: 11e23e42-f526-58eb-8091-6033a972b71d Version: $LATEST

2024-03-17T21:01:08.570Z 2024-03-17T21:01:08.570Z	11e23e42-f526-58eb-8091-6033a972b71d	INFO	Processing message 66cf8940-04d8-4409-97e7-aab31e9ba348

2024-03-17T21:01:08.576Z 2024-03-17T21:01:08.576Z	11e23e42-f526-58eb-8091-6033a972b71d	INFO	Start syncing the balance {
  transaction: {
    id: '01HS73FQ5QS410Y8992A2Z6PVW',
    type: 'DEBIT',
    source: 'MANUAL_DEDUCTION',
    action: 'DELIVERY_DEDUCTION',
    userId: '736e4f2f-c86c-4cc9-836e-ef0b177f2af9',
    paymentBalance: 136,
    updatePaymentBalance: true,
    metadata: '{"walletId":"wallet#736e4f2f-c86c-4cc9-836e-ef0b177f2af9","deliveryId":"516b5c9b-6084-4ba1-9245-9f1627c8e8f1","walletSk":"516b5c9b-6084-4ba1-9245-9f1627c8e8f1"}',
    currency: 'BHD',
    amount: 8,
    vat: 0,
    oldBalance: 144,
    newBalance: 136
  }
}

2024-03-17T21:01:08.625Z 2024-03-17T21:01:08.625Z	11e23e42-f526-58eb-8091-6033a972b71d	INFO	SubscriptionBalanceUpdated event published

2024-03-17T21:01:08.639Z 2024-03-17T21:01:08.639Z	11e23e42-f526-58eb-8091-6033a972b71d	INFO	Processing message 20593e4b-24eb-4de6-a03e-e91bb13a76eb

2024-03-17T21:01:08.644Z 2024-03-17T21:01:08.644Z	11e23e42-f526-58eb-8091-6033a972b71d	INFO	Start syncing the balance {
  transaction: {
    id: '01HS73FQ52128HTX4972H5EX8S',
    type: 'DEBIT',
    source: 'MANUAL_DEDUCTION',
    action: 'DELIVERY_DEDUCTION',
    userId: '7adfc49c-ce37-4072-b9a9-6e987d983441',
    paymentBalance: 136,
    updatePaymentBalance: true,
    metadata: '{"walletId":"wallet#7adfc49c-ce37-4072-b9a9-6e987d983441","deliveryId":"b893273b-c9e7-48a1-a474-c2f0d246cd1a","walletSk":"b893273b-c9e7-48a1-a474-c2f0d246cd1a"}',
    currency: 'BHD',
    amount: 8,
    vat: 0,
    oldBalance: 144,
    newBalance: 136
  }
}

2024-03-17T21:01:08.697Z 2024-03-17T21:01:08.697Z	11e23e42-f526-58eb-8091-6033a972b71d	INFO	SubscriptionBalanceUpdated event published

2024-03-17T21:01:08.710Z 2024-03-17T21:01:08.710Z	11e23e42-f526-58eb-8091-6033a972b71d	INFO	Processing message dd8e1930-5034-4f80-ba80-20ac2d90cf81

2024-03-17T21:01:08.716Z 2024-03-17T21:01:08.716Z	11e23e42-f526-58eb-8091-6033a972b71d	INFO	Start syncing the balance {
  transaction: {
    id: '01HS73FQ9HENZBJ7T0FPF0RC46',
    type: 'DEBIT',
    source: 'MANUAL_DEDUCTION',
    action: 'DELIVERY_DEDUCTION',
    userId: 'aed6c080-095d-4498-b8f3-492432bc33bd',
    paymentBalance: 6,
    updatePaymentBalance: true,
    metadata: '{"walletId":"wallet#aed6c080-095d-4498-b8f3-492432bc33bd","deliveryId":"32ef3c55-1315-46af-aa7a-86606438a7b0","walletSk":"32ef3c55-1315-46af-aa7a-86606438a7b0"}',
    currency: 'BHD',
    amount: 10.5,
    vat: 0,
    oldBalance: 16.5,
    newBalance: 6
  }
}

2024-03-17T21:01:08.764Z 2024-03-17T21:01:08.764Z	11e23e42-f526-58eb-8091-6033a972b71d	INFO	SubscriptionBalanceUpdated event published

2024-03-17T21:01:08.779Z 2024-03-17T21:01:08.779Z	11e23e42-f526-58eb-8091-6033a972b71d	INFO	Processing message 44dad56a-b194-492e-9c39-c82651b1e8e2

2024-03-17T21:01:08.784Z 2024-03-17T21:01:08.784Z	11e23e42-f526-58eb-8091-6033a972b71d	INFO	Start syncing the balance {
  transaction: {
    id: '01HS73FQB3RMFCGR2XYERANBK1',
    type: 'DEBIT',
    source: 'MANUAL_DEDUCTION',
    action: 'DELIVERY_DEDUCTION',
    userId: '5c9d2bac-80ca-4a81-98ab-d307addd3468',
    paymentBalance: 136,
    updatePaymentBalance: true,
    metadata: '{"walletId":"wallet#5c9d2bac-80ca-4a81-98ab-d307addd3468","deliveryId":"678e5652-6593-49ff-8ed1-5400a675ba2b","walletSk":"678e5652-6593-49ff-8ed1-5400a675ba2b"}',
    currency: 'BHD',
    amount: 8,
    vat: 0,
    oldBalance: 144,
    newBalance: 136
  }
}

2024-03-17T21:01:08.832Z 2024-03-17T21:01:08.832Z	11e23e42-f526-58eb-8091-6033a972b71d	INFO	SubscriptionBalanceUpdated event published

2024-03-17T21:01:08.847Z 2024-03-17T21:01:08.847Z	11e23e42-f526-58eb-8091-6033a972b71d	INFO	Processing message 4822e98b-2851-40d4-893e-d1cdff38dc22

2024-03-17T21:01:08.852Z 2024-03-17T21:01:08.852Z	11e23e42-f526-58eb-8091-6033a972b71d	INFO	Start syncing the balance {
  transaction: {
    id: '01HS73FQESVMFC9D3NQY6BHGTM',
    type: 'DEBIT',
    source: 'MANUAL_DEDUCTION',
    action: 'DELIVERY_DEDUCTION',
    userId: 'd25324fd-a4c2-4d20-9007-477811fadc9e',
    paymentBalance: 1710,
    updatePaymentBalance: true,
    metadata: '{"walletId":"wallet#d25324fd-a4c2-4d20-9007-477811fadc9e","deliveryId":"03c0b283-eab2-4675-872c-1c85bd30db02","walletSk":"03c0b283-eab2-4675-872c-1c85bd30db02"}',
    currency: 'SAR',
    amount: 90,
    vat: 0,
    oldBalance: 1800,
    newBalance: 1710
  }
}

2024-03-17T21:01:08.905Z 2024-03-17T21:01:08.905Z	11e23e42-f526-58eb-8091-6033a972b71d	INFO	SubscriptionBalanceUpdated event published

2024-03-17T21:01:08.917Z 2024-03-17T21:01:08.917Z	11e23e42-f526-58eb-8091-6033a972b71d	INFO	Processing message 4965de02-58e5-4b1c-ae2c-e9db53b81eb8

2024-03-17T21:01:08.923Z 2024-03-17T21:01:08.923Z	11e23e42-f526-58eb-8091-6033a972b71d	INFO	Start syncing the balance {
  transaction: {
    id: '01HS73FQGP21KWMX5PVC1R6HJH',
    type: 'DEBIT',
    source: 'MANUAL_DEDUCTION',
    action: 'DELIVERY_DEDUCTION',
    userId: '711ae9b8-965b-4834-9249-3310249a5743',
    paymentBalance: 30,
    updatePaymentBalance: true,
    metadata: '{"walletId":"wallet#711ae9b8-965b-4834-9249-3310249a5743","deliveryId":"855212e3-b806-4985-ab3b-197caad7be2d","walletSk":"855212e3-b806-4985-ab3b-197caad7be2d"}',
    currency: 'BHD',
    amount: 10,
    vat: 0,
    oldBalance: 40,
    newBalance: 30
  }
}

2024-03-17T21:01:08.968Z 2024-03-17T21:01:08.968Z	11e23e42-f526-58eb-8091-6033a972b71d	INFO	SubscriptionBalanceUpdated event published

2024-03-17T21:01:08.979Z 2024-03-17T21:01:08.979Z	11e23e42-f526-58eb-8091-6033a972b71d	INFO	Processing message 941c6ec2-c2ff-4dd3-9b1a-37dc1facc27c

2024-03-17T21:01:08.984Z 2024-03-17T21:01:08.984Z	11e23e42-f526-58eb-8091-6033a972b71d	INFO	Start syncing the balance {
  transaction: {
    id: '01HS73FQKSJQSTR202KFRRNVKW',
    type: 'DEBIT',
    source: 'MANUAL_DEDUCTION',
    action: 'DELIVERY_DEDUCTION',
    userId: 'c46976ec-7a7b-444f-b623-ba5ddea493e9',
    paymentBalance: 220,
    updatePaymentBalance: true,
    metadata: '{"walletId":"wallet#c46976ec-7a7b-444f-b623-ba5ddea493e9","deliveryId":"f18a6967-cc6f-435c-80ad-8e7dbb243bbd","walletSk":"f18a6967-cc6f-435c-80ad-8e7dbb243bbd"}',
    currency: 'BHD',
    amount: 4,
    vat: 0,
    oldBalance: 224,
    newBalance: 220
  }
}

2024-03-17T21:01:09.040Z 2024-03-17T21:01:09.040Z	11e23e42-f526-58eb-8091-6033a972b71d	INFO	SubscriptionBalanceUpdated event published

2024-03-17T21:01:09.054Z 2024-03-17T21:01:09.054Z	11e23e42-f526-58eb-8091-6033a972b71d	INFO	Processing message 470c4a7c-5edc-4d27-9e8c-355fe15b0e9e

2024-03-17T21:01:09.060Z 2024-03-17T21:01:09.060Z	11e23e42-f526-58eb-8091-6033a972b71d	INFO	Start syncing the balance {
  transaction: {
    id: '01HS73FQNR45QXCQTV2K4MPXAC',
    type: 'DEBIT',
    source: 'MANUAL_DEDUCTION',
    action: 'DELIVERY_DEDUCTION',
    userId: '2c2a8830-b2f7-4b3e-a180-7a5654eee40c',
    paymentBalance: 34796.39,
    updatePaymentBalance: true,
    metadata: '{"walletId":"wallet#2c2a8830-b2f7-4b3e-a180-7a5654eee40c","deliveryId":"07cea609-238d-410a-a24b-d6986025d99f","walletSk":"07cea609-238d-410a-a24b-d6986025d99f"}',
    currency: 'SAR',
    amount: 90,
    vat: 0,
    oldBalance: 34976.39,
    newBalance: 34886.39
  }
}

2024-03-17T21:01:09.106Z 2024-03-17T21:01:09.106Z	11e23e42-f526-58eb-8091-6033a972b71d	INFO	SubscriptionBalanceUpdated event published

2024-03-17T21:01:09.119Z 2024-03-17T21:01:09.119Z	11e23e42-f526-58eb-8091-6033a972b71d	ERROR	Subscription balance and payment balance are not in sync {
  userId: '2c2a8830-b2f7-4b3e-a180-7a5654eee40c',
  subscriptionBalance: 34886.39,
  paymentBalance: 34796.39
}

2024-03-17T21:01:09.143Z 2024-03-17T21:01:09.143Z	11e23e42-f526-58eb-8091-6033a972b71d	INFO	Processing message 6e6851f9-0286-441a-85e8-d638709c1245

2024-03-17T21:01:09.148Z 2024-03-17T21:01:09.148Z	11e23e42-f526-58eb-8091-6033a972b71d	INFO	Start syncing the balance {
  transaction: {
    id: '01HS73FQRXAK490QXV706ZT1QS',
    type: 'DEBIT',
    source: 'MANUAL_DEDUCTION',
    action: 'DELIVERY_DEDUCTION',
    userId: '2ae0cc2a-a8fc-436d-aeec-0d7d0064f7b7',
    paymentBalance: 153,
    updatePaymentBalance: true,
    metadata: '{"walletId":"wallet#2ae0cc2a-a8fc-436d-aeec-0d7d0064f7b7","deliveryId":"5101325d-6841-4bdb-a3e8-96f1fd3bea00","walletSk":"5101325d-6841-4bdb-a3e8-96f1fd3bea00"}',
    currency: 'BHD',
    amount: 9,
    vat: 0,
    oldBalance: 162,
    newBalance: 153
  }
}

2024-03-17T21:01:09.192Z 2024-03-17T21:01:09.192Z	11e23e42-f526-58eb-8091-6033a972b71d	INFO	SubscriptionBalanceUpdated event published

2024-03-17T21:01:09.205Z END RequestId: 11e23e42-f526-58eb-8091-6033a972b71d

2024-03-17T21:01:09.205Z REPORT RequestId: 11e23e42-f526-58eb-8091-6033a972b71d	Duration: 663.96 ms	Billed Duration: 664 ms	Memory Size: 1024 MB	Max Memory Used: 124 MB	

2024-03-17T21:01:10.850Z START RequestId: 312f4b01-a42a-5e5d-b40c-1570f87cb1ab Version: $LATEST

2024-03-17T21:01:10.880Z 2024-03-17T21:01:10.880Z	312f4b01-a42a-5e5d-b40c-1570f87cb1ab	INFO	Processing message 0d46a74f-912e-4758-b24a-2d02e3c46a7f

2024-03-17T21:01:10.885Z 2024-03-17T21:01:10.885Z	312f4b01-a42a-5e5d-b40c-1570f87cb1ab	INFO	Start syncing the balance {
  transaction: {
    id: '01HS73FRYB3XDQ3RCY8P41KXJW',
    type: 'DEBIT',
    source: 'MANUAL_DEDUCTION',
    action: 'DELIVERY_DEDUCTION',
    userId: '31b1dd38-a529-4bf1-b5ab-79347415a917',
    paymentBalance: 112,
    updatePaymentBalance: true,
    metadata: '{"walletId":"wallet#31b1dd38-a529-4bf1-b5ab-79347415a917","deliveryId":"14d4c009-a837-427a-b882-2c4caf685399","walletSk":"14d4c009-a837-427a-b882-2c4caf685399"}',
    currency: 'BHD',
    amount: 8,
    vat: 0,
    oldBalance: 120,
    newBalance: 112
  }
}

2024-03-17T21:01:10.936Z 2024-03-17T21:01:10.936Z	312f4b01-a42a-5e5d-b40c-1570f87cb1ab	INFO	SubscriptionBalanceUpdated event published

2024-03-17T21:01:10.946Z 2024-03-17T21:01:10.946Z	312f4b01-a42a-5e5d-b40c-1570f87cb1ab	INFO	Processing message f486820c-0362-40ba-96cd-d79e2374bae3

2024-03-17T21:01:10.952Z 2024-03-17T21:01:10.952Z	312f4b01-a42a-5e5d-b40c-1570f87cb1ab	INFO	Start syncing the balance {
  transaction: {
    id: '01HS73FRXHHWVXBF437JV13602',
    type: 'DEBIT',
    source: 'MANUAL_DEDUCTION',
    action: 'DELIVERY_DEDUCTION',
    userId: '7f97b814-017d-430e-9779-877ec174861e',
    paymentBalance: -370.032,
    updatePaymentBalance: true,
    metadata: '{"walletId":"wallet#7f97b814-017d-430e-9779-877ec174861e","deliveryId":"6dc7546e-ea33-4c46-9739-fd9ee8f0b66f","walletSk":"6dc7546e-ea33-4c46-9739-fd9ee8f0b66f"}',
    currency: 'BHD',
    amount: 3,
    vat: 0,
    oldBalance: 638.5878,
    newBalance: 635.588
  }
}

2024-03-17T21:01:11.003Z 2024-03-17T21:01:11.003Z	312f4b01-a42a-5e5d-b40c-1570f87cb1ab	INFO	SubscriptionBalanceUpdated event published

2024-03-17T21:01:11.018Z 2024-03-17T21:01:11.018Z	312f4b01-a42a-5e5d-b40c-1570f87cb1ab	ERROR	Subscription balance and payment balance are not in sync {
  userId: '7f97b814-017d-430e-9779-877ec174861e',
  subscriptionBalance: 635.588,
  paymentBalance: -370.032
}

2024-03-17T21:01:11.040Z 2024-03-17T21:01:11.040Z	312f4b01-a42a-5e5d-b40c-1570f87cb1ab	INFO	Processing message 35cd035f-37ef-463c-9f2c-27941997f20a

2024-03-17T21:01:11.045Z 2024-03-17T21:01:11.045Z	312f4b01-a42a-5e5d-b40c-1570f87cb1ab	INFO	Start syncing the balance {
  transaction: {
    id: '01HS73FS0WNTFF4QCSQY2CN2NR',
    type: 'DEBIT',
    source: 'MANUAL_DEDUCTION',
    action: 'DELIVERY_DEDUCTION',
    userId: 'd2f1ae61-0b7a-4892-8bf3-774ebfa3b7ac',
    paymentBalance: 157.5,
    updatePaymentBalance: true,
    metadata: '{"walletId":"wallet#d2f1ae61-0b7a-4892-8bf3-774ebfa3b7ac","deliveryId":"ef44c6d3-8d09-41ae-83b1-bb6f2f6e0dfe","walletSk":"ef44c6d3-8d09-41ae-83b1-bb6f2f6e0dfe"}',
    currency: 'BHD',
    amount: 10.5,
    vat: 0,
    oldBalance: 168,
    newBalance: 157.5
  }
}

2024-03-17T21:01:11.107Z 2024-03-17T21:01:11.107Z	312f4b01-a42a-5e5d-b40c-1570f87cb1ab	INFO	SubscriptionBalanceUpdated event published

2024-03-17T21:01:11.120Z 2024-03-17T21:01:11.120Z	312f4b01-a42a-5e5d-b40c-1570f87cb1ab	INFO	Processing message 55a6efde-a9a4-4101-bbc0-e4d43ec01947

2024-03-17T21:01:11.125Z 2024-03-17T21:01:11.125Z	312f4b01-a42a-5e5d-b40c-1570f87cb1ab	INFO	Start syncing the balance {
  transaction: {
    id: '01HS73FRTJEDJSGPF2VA4RP81P',
    type: 'DEBIT',
    source: 'MANUAL_DEDUCTION',
    action: 'DELIVERY_DEDUCTION',
    userId: 'e43c3e20-d78b-4fdc-b46a-9d72e46f393a',
    paymentBalance: 1805.109,
    updatePaymentBalance: true,
    metadata: '{"walletId":"wallet#e43c3e20-d78b-4fdc-b46a-9d72e46f393a","deliveryId":"72fee8d4-3a62-4e41-9bdf-4343bf119247","walletSk":"72fee8d4-3a62-4e41-9bdf-4343bf119247"}',
    currency: 'BHD',
    amount: 4,
    vat: 0,
    oldBalance: 1809.109,
    newBalance: 1805.109
  }
}

2024-03-17T21:01:11.172Z 2024-03-17T21:01:11.172Z	312f4b01-a42a-5e5d-b40c-1570f87cb1ab	INFO	SubscriptionBalanceUpdated event published

2024-03-17T21:01:11.186Z 2024-03-17T21:01:11.186Z	312f4b01-a42a-5e5d-b40c-1570f87cb1ab	INFO	Processing message 2e1e6555-1f7a-4575-a678-905a111c4e15

2024-03-17T21:01:11.191Z 2024-03-17T21:01:11.191Z	312f4b01-a42a-5e5d-b40c-1570f87cb1ab	INFO	Start syncing the balance {
  transaction: {
    id: '01HS73FS67WZK28VYD9BV61XCN',
    type: 'DEBIT',
    source: 'MANUAL_DEDUCTION',
    action: 'DELIVERY_DEDUCTION',
    userId: '9a767b16-d642-46a7-9947-866e0fb967ea',
    paymentBalance: 45,
    updatePaymentBalance: true,
    metadata: '{"walletId":"wallet#9a767b16-d642-46a7-9947-866e0fb967ea","deliveryId":"1891b039-81b1-4c05-9482-4afb86c7335a","walletSk":"1891b039-81b1-4c05-9482-4afb86c7335a"}',
    currency: 'BHD',
    amount: 9,
    vat: 0,
    oldBalance: 54,
    newBalance: 45
  }
}

2024-03-17T21:01:11.239Z 2024-03-17T21:01:11.239Z	312f4b01-a42a-5e5d-b40c-1570f87cb1ab	INFO	SubscriptionBalanceUpdated event published

2024-03-17T21:01:11.252Z 2024-03-17T21:01:11.252Z	312f4b01-a42a-5e5d-b40c-1570f87cb1ab	INFO	Processing message 3f8e6a4c-83e5-44bd-b2ef-929f85321c52

2024-03-17T21:01:11.258Z 2024-03-17T21:01:11.258Z	312f4b01-a42a-5e5d-b40c-1570f87cb1ab	INFO	Start syncing the balance {
  transaction: {
    id: '01HS73FS4769D421BAXZ6BABVV',
    type: 'DEBIT',
    source: 'MANUAL_DEDUCTION',
    action: 'DELIVERY_DEDUCTION',
    userId: 'abf660cd-113f-4fe2-8fff-ad9e33e54df3',
    paymentBalance: 1411,
    updatePaymentBalance: true,
    metadata: '{"walletId":"wallet#abf660cd-113f-4fe2-8fff-ad9e33e54df3","deliveryId":"3b87ee3e-8490-4b31-9294-24a4c5ab2868","walletSk":"3b87ee3e-8490-4b31-9294-24a4c5ab2868"}',
    currency: 'BHD',
    amount: 6,
    vat: 0,
    oldBalance: 1417,
    newBalance: 1411
  }
}

2024-03-17T21:01:11.303Z 2024-03-17T21:01:11.303Z	312f4b01-a42a-5e5d-b40c-1570f87cb1ab	INFO	SubscriptionBalanceUpdated event published

2024-03-17T21:01:11.315Z 2024-03-17T21:01:11.315Z	312f4b01-a42a-5e5d-b40c-1570f87cb1ab	INFO	Processing message 1591f918-1364-4ff7-afb0-aae74f540dd9

2024-03-17T21:01:11.320Z 2024-03-17T21:01:11.320Z	312f4b01-a42a-5e5d-b40c-1570f87cb1ab	INFO	Start syncing the balance {
  transaction: {
    id: '01HS73FS98EE3K0179M4Q15NB6',
    type: 'DEBIT',
    source: 'MANUAL_DEDUCTION',
    action: 'DELIVERY_DEDUCTION',
    userId: '7ab363cd-2ace-4270-9e97-c4b5407c1048',
    paymentBalance: 45,
    updatePaymentBalance: true,
    metadata: '{"walletId":"wallet#7ab363cd-2ace-4270-9e97-c4b5407c1048","deliveryId":"3f16af3e-eda2-40a3-96e8-f0625b5a92e4","walletSk":"3f16af3e-eda2-40a3-96e8-f0625b5a92e4"}',
    currency: 'BHD',
    amount: 9,
    vat: 0,
    oldBalance: 54,
    newBalance: 45
  }
}

2024-03-17T21:01:11.369Z 2024-03-17T21:01:11.369Z	312f4b01-a42a-5e5d-b40c-1570f87cb1ab	INFO	SubscriptionBalanceUpdated event published

2024-03-17T21:01:11.380Z 2024-03-17T21:01:11.380Z	312f4b01-a42a-5e5d-b40c-1570f87cb1ab	INFO	Processing message 91b64840-f3e6-4828-85f8-786a9e05b192

2024-03-17T21:01:11.385Z 2024-03-17T21:01:11.385Z	312f4b01-a42a-5e5d-b40c-1570f87cb1ab	INFO	Start syncing the balance {
  transaction: {
    id: '01HS73FSHVY3H43SNT6AH3DXVW',
    type: 'DEBIT',
    source: 'MANUAL_DEDUCTION',
    action: 'DELIVERY_DEDUCTION',
    userId: '6b33684f-ce10-4ca9-8319-cabaa76aee28',
    paymentBalance: 45,
    updatePaymentBalance: true,
    metadata: '{"walletId":"wallet#6b33684f-ce10-4ca9-8319-cabaa76aee28","deliveryId":"c25c769e-b1b3-4efd-9acd-ec9c62726f69","walletSk":"c25c769e-b1b3-4efd-9acd-ec9c62726f69"}',
    currency: 'BHD',
    amount: 9,
    vat: 0,
    oldBalance: 54,
    newBalance: 45
  }
}

2024-03-17T21:01:11.434Z 2024-03-17T21:01:11.434Z	312f4b01-a42a-5e5d-b40c-1570f87cb1ab	INFO	SubscriptionBalanceUpdated event published

2024-03-17T21:01:11.444Z 2024-03-17T21:01:11.444Z	312f4b01-a42a-5e5d-b40c-1570f87cb1ab	INFO	Processing message 6033d923-3079-41aa-b620-64acde7de776

2024-03-17T21:01:11.449Z 2024-03-17T21:01:11.449Z	312f4b01-a42a-5e5d-b40c-1570f87cb1ab	INFO	Start syncing the balance {
  transaction: {
    id: '01HS73FSATGZH7CCPH580TV017',
    type: 'DEBIT',
    source: 'MANUAL_DEDUCTION',
    action: 'DELIVERY_DEDUCTION',
    userId: '893b1a3b-9230-450c-abb3-f89895c8183e',
    paymentBalance: 650.087,
    updatePaymentBalance: true,
    metadata: '{"walletId":"wallet#893b1a3b-9230-450c-abb3-f89895c8183e","deliveryId":"20dd9216-c881-4b0d-94eb-5901f30ce500","walletSk":"20dd9216-c881-4b0d-94eb-5901f30ce500"}',
    currency: 'BHD',
    amount: 9,
    vat: 0,
    oldBalance: 659.087,
    newBalance: 650.087
  }
}

2024-03-17T21:01:11.523Z 2024-03-17T21:01:11.523Z	312f4b01-a42a-5e5d-b40c-1570f87cb1ab	INFO	SubscriptionBalanceUpdated event published

2024-03-17T21:01:11.535Z 2024-03-17T21:01:11.535Z	312f4b01-a42a-5e5d-b40c-1570f87cb1ab	INFO	Processing message 98aeab9a-9b95-484a-bd30-5f09571f6d53

2024-03-17T21:01:11.542Z 2024-03-17T21:01:11.542Z	312f4b01-a42a-5e5d-b40c-1570f87cb1ab	INFO	Start syncing the balance {
  transaction: {
    id: '01HS73FSE9TP3Y1EPME60DT8JB',
    type: 'DEBIT',
    source: 'MANUAL_DEDUCTION',
    action: 'DELIVERY_DEDUCTION',
    userId: 'd8e22713-a177-4738-bdb6-e48b189eb487',
    paymentBalance: 189.5,
    updatePaymentBalance: true,
    metadata: '{"walletId":"wallet#d8e22713-a177-4738-bdb6-e48b189eb487","deliveryId":"2b63f22e-8f3b-4fb9-9543-868ee0888aaa","walletSk":"2b63f22e-8f3b-4fb9-9543-868ee0888aaa"}',
    currency: 'KWD',
    amount: 8.5,
    vat: 0,
    oldBalance: 198,
    newBalance: 189.5
  }
}

2024-03-17T21:01:11.594Z 2024-03-17T21:01:11.594Z	312f4b01-a42a-5e5d-b40c-1570f87cb1ab	INFO	SubscriptionBalanceUpdated event published

2024-03-17T21:01:11.609Z END RequestId: 312f4b01-a42a-5e5d-b40c-1570f87cb1ab

2024-03-17T21:01:11.609Z REPORT RequestId: 312f4b01-a42a-5e5d-b40c-1570f87cb1ab	Duration: 759.40 ms	Billed Duration: 760 ms	Memory Size: 1024 MB	Max Memory Used: 128 MB	
XRAY TraceId: 1-65f75a16-ef94dacd3fcc7d0c019d0d56	SegmentId: 2bc27ec729964277	Sampled: true	

2024-03-17T21:01:11.642Z START RequestId: 0e4f0578-e17b-5e48-b709-5b09bd2c5902 Version: $LATEST

2024-03-17T21:01:11.669Z 2024-03-17T21:01:11.669Z	0e4f0578-e17b-5e48-b709-5b09bd2c5902	INFO	Processing message 3c239117-4003-4a98-bca5-d107ecd477ed

2024-03-17T21:01:11.674Z 2024-03-17T21:01:11.674Z	0e4f0578-e17b-5e48-b709-5b09bd2c5902	INFO	Start syncing the balance {
  transaction: {
    id: '01HS73FSFQSD1TC1X26TJN7ZA9',
    type: 'DEBIT',
    source: 'MANUAL_DEDUCTION',
    action: 'DELIVERY_DEDUCTION',
    userId: 'cc9f78ca-ae9d-41bf-87a4-0b644222c99e',
    paymentBalance: 90,
    updatePaymentBalance: true,
    metadata: '{"walletId":"wallet#cc9f78ca-ae9d-41bf-87a4-0b644222c99e","deliveryId":"23667c7a-1d08-4fcd-9dbe-51579b45ce54","walletSk":"23667c7a-1d08-4fcd-9dbe-51579b45ce54"}',
    currency: 'BHD',
    amount: 9,
    vat: 0,
    oldBalance: 99,
    newBalance: 90
  }
}

2024-03-17T21:01:11.720Z 2024-03-17T21:01:11.720Z	0e4f0578-e17b-5e48-b709-5b09bd2c5902	INFO	SubscriptionBalanceUpdated event published

2024-03-17T21:01:11.733Z 2024-03-17T21:01:11.733Z	0e4f0578-e17b-5e48-b709-5b09bd2c5902	INFO	Processing message 315354ca-b44c-4903-b6dd-6a676765be80

2024-03-17T21:01:11.753Z 2024-03-17T21:01:11.753Z	0e4f0578-e17b-5e48-b709-5b09bd2c5902	INFO	Start syncing the balance {
  transaction: {
    id: '01HS73FSN9PQTRPGG6X9PKPQ3R',
    type: 'DEBIT',
    source: 'MANUAL_DEDUCTION',
    action: 'DELIVERY_DEDUCTION',
    userId: 'eda3a694-6d70-4e7f-ba8e-14b39855e155',
    paymentBalance: 136,
    updatePaymentBalance: true,
    metadata: '{"walletId":"wallet#eda3a694-6d70-4e7f-ba8e-14b39855e155","deliveryId":"e3679cb2-8545-4980-bc1e-7548deaa0a7d","walletSk":"e3679cb2-8545-4980-bc1e-7548deaa0a7d"}',
    currency: 'BHD',
    amount: 8,
    vat: 0,
    oldBalance: 144,
    newBalance: 136
  }
}

2024-03-17T21:01:11.801Z 2024-03-17T21:01:11.801Z	0e4f0578-e17b-5e48-b709-5b09bd2c5902	INFO	SubscriptionBalanceUpdated event published

2024-03-17T21:01:11.812Z 2024-03-17T21:01:11.812Z	0e4f0578-e17b-5e48-b709-5b09bd2c5902	INFO	Processing message 901fde46-6825-4ed5-ba70-62dcce401471

2024-03-17T21:01:11.817Z 2024-03-17T21:01:11.817Z	0e4f0578-e17b-5e48-b709-5b09bd2c5902	INFO	Start syncing the balance {
  transaction: {
    id: '01HS73FSMH252Z2N7QQA82K961',
    type: 'DEBIT',
    source: 'MANUAL_DEDUCTION',
    action: 'DELIVERY_DEDUCTION',
    userId: '52ebb322-696b-423b-bd79-2de604defbdd',
    paymentBalance: 3191.01,
    updatePaymentBalance: true,
    metadata: '{"walletId":"wallet#52ebb322-696b-423b-bd79-2de604defbdd","deliveryId":"e7e966f5-8e36-42ea-9eef-c8ef7435f158","walletSk":"e7e966f5-8e36-42ea-9eef-c8ef7435f158"}',
    currency: 'SAR',
    amount: 42,
    vat: 0,
    oldBalance: 760,
    newBalance: 718
  }
}

2024-03-17T21:01:11.863Z 2024-03-17T21:01:11.863Z	0e4f0578-e17b-5e48-b709-5b09bd2c5902	INFO	SubscriptionBalanceUpdated event published

2024-03-17T21:01:11.875Z 2024-03-17T21:01:11.875Z	0e4f0578-e17b-5e48-b709-5b09bd2c5902	ERROR	Subscription balance and payment balance are not in sync {
  userId: '52ebb322-696b-423b-bd79-2de604defbdd',
  subscriptionBalance: 718,
  paymentBalance: 3191.01
}

2024-03-17T21:01:11.895Z 2024-03-17T21:01:11.895Z	0e4f0578-e17b-5e48-b709-5b09bd2c5902	INFO	Processing message e0590424-e6f8-4ded-bb4e-ef23c1ad25ec

2024-03-17T21:01:11.900Z 2024-03-17T21:01:11.900Z	0e4f0578-e17b-5e48-b709-5b09bd2c5902	INFO	Start syncing the balance {
  transaction: {
    id: '01HS73FSTGHYWQ62F7V45S5VHG',
    type: 'DEBIT',
    source: 'MANUAL_DEDUCTION',
    action: 'DELIVERY_DEDUCTION',
    userId: '4b979862-58a0-4f14-9645-7d7a64b53c33',
    paymentBalance: 152,
    updatePaymentBalance: true,
    metadata: '{"walletId":"wallet#4b979862-58a0-4f14-9645-7d7a64b53c33","deliveryId":"b495425e-0493-418f-81fd-9169c9148229","walletSk":"b495425e-0493-418f-81fd-9169c9148229"}',
    currency: 'BHD',
    amount: 8,
    vat: 0,
    oldBalance: 160,
    newBalance: 152
  }
}

2024-03-17T21:01:11.953Z 2024-03-17T21:01:11.953Z	0e4f0578-e17b-5e48-b709-5b09bd2c5902	INFO	SubscriptionBalanceUpdated event published

2024-03-17T21:01:11.965Z 2024-03-17T21:01:11.965Z	0e4f0578-e17b-5e48-b709-5b09bd2c5902	INFO	Processing message 2970e878-e094-466e-a5d2-4caeb96c6c37

2024-03-17T21:01:11.971Z 2024-03-17T21:01:11.971Z	0e4f0578-e17b-5e48-b709-5b09bd2c5902	INFO	Start syncing the balance {
  transaction: {
    id: '01HS73FSZDYB7YPWMFH0VF0SS8',
    type: 'DEBIT',
    source: 'MANUAL_DEDUCTION',
    action: 'DELIVERY_DEDUCTION',
    userId: '078a520a-b504-4794-8e9b-910d86e4e96d',
    paymentBalance: 1162.56,
    updatePaymentBalance: true,
    metadata: '{"walletId":"wallet#078a520a-b504-4794-8e9b-910d86e4e96d","deliveryId":"fa723814-aec0-4a6a-9bdc-590627d2dd9a","walletSk":"fa723814-aec0-4a6a-9bdc-590627d2dd9a"}',
    currency: 'SAR',
    amount: 42,
    vat: 0,
    oldBalance: 210.01,
    newBalance: 168.01
  }
}

2024-03-17T21:01:12.021Z 2024-03-17T21:01:12.021Z	0e4f0578-e17b-5e48-b709-5b09bd2c5902	INFO	SubscriptionBalanceUpdated event published

2024-03-17T21:01:12.033Z 2024-03-17T21:01:12.033Z	0e4f0578-e17b-5e48-b709-5b09bd2c5902	ERROR	Subscription balance and payment balance are not in sync {
  userId: '078a520a-b504-4794-8e9b-910d86e4e96d',
  subscriptionBalance: 168.01,
  paymentBalance: 1162.56
}

2024-03-17T21:01:12.053Z 2024-03-17T21:01:12.053Z	0e4f0578-e17b-5e48-b709-5b09bd2c5902	INFO	Processing message ac679dbf-356e-4ade-85eb-6c1cface8e57

2024-03-17T21:01:12.058Z 2024-03-17T21:01:12.058Z	0e4f0578-e17b-5e48-b709-5b09bd2c5902	INFO	Start syncing the balance {
  transaction: {
    id: '01HS73FSVACXNZ1PK8NC39YNHE',
    type: 'DEBIT',
    source: 'MANUAL_DEDUCTION',
    action: 'DELIVERY_DEDUCTION',
    userId: '4a01724f-a8a6-4c2b-b6eb-83d1f258aac8',
    paymentBalance: 0.75,
    updatePaymentBalance: true,
    metadata: '{"walletId":"wallet#4a01724f-a8a6-4c2b-b6eb-83d1f258aac8","deliveryId":"36f64b61-4b10-422d-baa9-e699c4ce6d13","walletSk":"36f64b61-4b10-422d-baa9-e699c4ce6d13"}',
    currency: 'BHD',
    amount: 8,
    vat: 0,
    oldBalance: 8.75,
    newBalance: 0.75
  }
}

2024-03-17T21:01:12.107Z 2024-03-17T21:01:12.107Z	0e4f0578-e17b-5e48-b709-5b09bd2c5902	INFO	SubscriptionBalanceUpdated event published

2024-03-17T21:01:12.329Z 2024-03-17T21:01:12.329Z	0e4f0578-e17b-5e48-b709-5b09bd2c5902	INFO	Processing message 39772031-62eb-44e0-8768-d63b84885fbb

2024-03-17T21:01:12.336Z 2024-03-17T21:01:12.336Z	0e4f0578-e17b-5e48-b709-5b09bd2c5902	INFO	Start syncing the balance {
  transaction: {
    id: '01HS73FT08HYNVZ1VA0ESMFF0W',
    type: 'DEBIT',
    source: 'MANUAL_DEDUCTION',
    action: 'DELIVERY_DEDUCTION',
    userId: 'b7a68e0a-4751-4684-9a73-34b2458fb2ca',
    paymentBalance: 45,
    updatePaymentBalance: true,
    metadata: '{"walletId":"wallet#b7a68e0a-4751-4684-9a73-34b2458fb2ca","deliveryId":"669d5032-c8bb-4199-b2e5-6678ab6e30a5","walletSk":"669d5032-c8bb-4199-b2e5-6678ab6e30a5"}',
    currency: 'BHD',
    amount: 9,
    vat: 0,
    oldBalance: 54,
    newBalance: 45
  }
}

2024-03-17T21:01:12.382Z 2024-03-17T21:01:12.382Z	0e4f0578-e17b-5e48-b709-5b09bd2c5902	INFO	SubscriptionBalanceUpdated event published

2024-03-17T21:01:12.395Z 2024-03-17T21:01:12.395Z	0e4f0578-e17b-5e48-b709-5b09bd2c5902	INFO	Processing message 0631cbca-e6a9-44c2-82a8-0fae31cd0e0a

2024-03-17T21:01:12.400Z 2024-03-17T21:01:12.400Z	0e4f0578-e17b-5e48-b709-5b09bd2c5902	INFO	Start syncing the balance {
  transaction: {
    id: '01HS73FT8RWM27AD8JE74A3NYK',
    type: 'DEBIT',
    source: 'MANUAL_DEDUCTION',
    action: 'DELIVERY_DEDUCTION',
    userId: 'e635a3ea-fc8b-46c4-b091-5480637486ad',
    paymentBalance: 1553.864,
    updatePaymentBalance: true,
    metadata: '{"walletId":"wallet#e635a3ea-fc8b-46c4-b091-5480637486ad","deliveryId":"2b63eca7-a570-48eb-b28c-d86d3df56b49","walletSk":"2b63eca7-a570-48eb-b28c-d86d3df56b49"}',
    currency: 'BHD',
    amount: 4,
    vat: 0,
    oldBalance: 137,
    newBalance: 133
  }
}

2024-03-17T21:01:12.446Z 2024-03-17T21:01:12.446Z	0e4f0578-e17b-5e48-b709-5b09bd2c5902	INFO	SubscriptionBalanceUpdated event published

2024-03-17T21:01:12.460Z 2024-03-17T21:01:12.460Z	0e4f0578-e17b-5e48-b709-5b09bd2c5902	ERROR	Subscription balance and payment balance are not in sync {
  userId: 'e635a3ea-fc8b-46c4-b091-5480637486ad',
  subscriptionBalance: 133,
  paymentBalance: 1553.864
}

2024-03-17T21:01:12.482Z 2024-03-17T21:01:12.482Z	0e4f0578-e17b-5e48-b709-5b09bd2c5902	INFO	Processing message cd9e35bb-e4d4-42b9-b59b-31213050455a

2024-03-17T21:01:12.488Z 2024-03-17T21:01:12.488Z	0e4f0578-e17b-5e48-b709-5b09bd2c5902	INFO	Start syncing the balance {
  transaction: {
    id: '01HS73FT47N9HNHV94VF7WTQJE',
    type: 'DEBIT',
    source: 'MANUAL_DEDUCTION',
    action: 'DELIVERY_DEDUCTION',
    userId: 'd6c46650-614a-478f-afee-de5b836244fe',
    paymentBalance: 128.909,
    updatePaymentBalance: true,
    metadata: '{"walletId":"wallet#d6c46650-614a-478f-afee-de5b836244fe","deliveryId":"ffec50d8-c09c-4cc9-a3a5-6cc8591947cd","walletSk":"ffec50d8-c09c-4cc9-a3a5-6cc8591947cd"}',
    currency: 'BHD',
    amount: 8,
    vat: 0,
    oldBalance: 136.909,
    newBalance: 128.909
  }
}

2024-03-17T21:01:12.537Z 2024-03-17T21:01:12.537Z	0e4f0578-e17b-5e48-b709-5b09bd2c5902	INFO	SubscriptionBalanceUpdated event published

2024-03-17T21:01:12.548Z 2024-03-17T21:01:12.548Z	0e4f0578-e17b-5e48-b709-5b09bd2c5902	INFO	Processing message 53c06cd7-4403-4fa2-90d1-12769407512f

2024-03-17T21:01:12.555Z 2024-03-17T21:01:12.555Z	0e4f0578-e17b-5e48-b709-5b09bd2c5902	INFO	Start syncing the balance {
  transaction: {
    id: '01HS73FT6RXB2SSNXS6RC14B5F',
    type: 'DEBIT',
    source: 'MANUAL_DEDUCTION',
    action: 'DELIVERY_DEDUCTION',
    userId: 'eefb84af-6a9b-435b-b589-5c9734648a74',
    paymentBalance: 3231.909,
    updatePaymentBalance: true,
    metadata: '{"walletId":"wallet#eefb84af-6a9b-435b-b589-5c9734648a74","deliveryId":"9c93aac8-97fc-435f-b480-f3c5b1054d2d","walletSk":"9c93aac8-97fc-435f-b480-f3c5b1054d2d"}',
    currency: 'BHD',
    amount: 4,
    vat: 0,
    oldBalance: 246.909,
    newBalance: 242.909
  }
}

2024-03-17T21:01:12.602Z 2024-03-17T21:01:12.602Z	0e4f0578-e17b-5e48-b709-5b09bd2c5902	INFO	SubscriptionBalanceUpdated event published

2024-03-17T21:01:12.614Z 2024-03-17T21:01:12.614Z	0e4f0578-e17b-5e48-b709-5b09bd2c5902	ERROR	Subscription balance and payment balance are not in sync {
  userId: 'eefb84af-6a9b-435b-b589-5c9734648a74',
  subscriptionBalance: 242.909,
  paymentBalance: 3231.909
}

2024-03-17T21:01:12.636Z END RequestId: 0e4f0578-e17b-5e48-b709-5b09bd2c5902

2024-03-17T21:01:12.636Z REPORT RequestId: 0e4f0578-e17b-5e48-b709-5b09bd2c5902	Duration: 993.85 ms	Billed Duration: 994 ms	Memory Size: 1024 MB	Max Memory Used: 128 MB	
XRAY TraceId: 1-65f75a17-36db529a9887624cc98d0119	SegmentId: 3823d2cf0dc8dce8	Sampled: true	

2024-03-17T21:01:12.883Z START RequestId: a23ed51c-b431-58aa-98fc-8b6de869f730 Version: $LATEST

2024-03-17T21:01:12.911Z 2024-03-17T21:01:12.911Z	a23ed51c-b431-58aa-98fc-8b6de869f730	INFO	Processing message 8159eb6b-14ca-4f67-9965-d707c44cc852

2024-03-17T21:01:12.916Z 2024-03-17T21:01:12.916Z	a23ed51c-b431-58aa-98fc-8b6de869f730	INFO	Start syncing the balance {
  transaction: {
    id: '01HS73FVBSQD8ZXSCRYD1M2AAQ',
    type: 'DEBIT',
    source: 'MANUAL_DEDUCTION',
    action: 'DELIVERY_DEDUCTION',
    userId: '5d03c516-74a1-4fec-a784-df1c63ef3294',
    paymentBalance: 136,
    updatePaymentBalance: true,
    metadata: '{"walletId":"wallet#5d03c516-74a1-4fec-a784-df1c63ef3294","deliveryId":"f6aa9979-3607-420a-bfdf-952304275bde","walletSk":"f6aa9979-3607-420a-bfdf-952304275bde"}',
    currency: 'BHD',
    amount: 8,
    vat: 0,
    oldBalance: 144,
    newBalance: 136
  }
}

2024-03-17T21:01:12.961Z 2024-03-17T21:01:12.961Z	a23ed51c-b431-58aa-98fc-8b6de869f730	INFO	SubscriptionBalanceUpdated event published

2024-03-17T21:01:12.971Z 2024-03-17T21:01:12.971Z	a23ed51c-b431-58aa-98fc-8b6de869f730	INFO	Processing message e6d771b0-09db-4847-9436-0ae16933e515

2024-03-17T21:01:12.978Z 2024-03-17T21:01:12.978Z	a23ed51c-b431-58aa-98fc-8b6de869f730	INFO	Start syncing the balance {
  transaction: {
    id: '01HS73FVRH4DZX4VT7JC3W5TWA',
    type: 'DEBIT',
    source: 'MANUAL_DEDUCTION',
    action: 'DELIVERY_DEDUCTION',
    userId: '20f08d87-ee26-41f8-bfb1-a9622510e28a',
    paymentBalance: 2409,
    updatePaymentBalance: true,
    metadata: '{"walletId":"wallet#20f08d87-ee26-41f8-bfb1-a9622510e28a","deliveryId":"aa05fd42-c6bf-43d9-96cd-54b14ff854c1","walletSk":"aa05fd42-c6bf-43d9-96cd-54b14ff854c1"}',
    currency: 'SAR',
    amount: 81,
    vat: 0,
    oldBalance: 2490,
    newBalance: 2409
  }
}

2024-03-17T21:01:13.027Z 2024-03-17T21:01:13.027Z	a23ed51c-b431-58aa-98fc-8b6de869f730	INFO	SubscriptionBalanceUpdated event published

2024-03-17T21:01:13.040Z 2024-03-17T21:01:13.040Z	a23ed51c-b431-58aa-98fc-8b6de869f730	INFO	Processing message 1a05d255-e7e5-4ac6-959a-4c714a3c1fce

2024-03-17T21:01:13.045Z 2024-03-17T21:01:13.045Z	a23ed51c-b431-58aa-98fc-8b6de869f730	INFO	Start syncing the balance {
  transaction: {
    id: '01HS73FVTYT4ZVKFMSRE6H6ASJ',
    type: 'DEBIT',
    source: 'MANUAL_DEDUCTION',
    action: 'DELIVERY_DEDUCTION',
    userId: '9a0214b0-b07f-4171-96a9-884d5532a7e2',
    paymentBalance: 136,
    updatePaymentBalance: true,
    metadata: '{"walletId":"wallet#9a0214b0-b07f-4171-96a9-884d5532a7e2","deliveryId":"00cfa4f5-3002-4015-9ff6-76d61b2fb706","walletSk":"00cfa4f5-3002-4015-9ff6-76d61b2fb706"}',
    currency: 'BHD',
    amount: 8,
    vat: 0,
    oldBalance: 144,
    newBalance: 136
  }
}

2024-03-17T21:01:13.106Z 2024-03-17T21:01:13.106Z	a23ed51c-b431-58aa-98fc-8b6de869f730	INFO	SubscriptionBalanceUpdated event published

2024-03-17T21:01:13.118Z 2024-03-17T21:01:13.118Z	a23ed51c-b431-58aa-98fc-8b6de869f730	INFO	Processing message b2b2dbcf-e0bf-4438-9673-522d4de83172

2024-03-17T21:01:13.123Z 2024-03-17T21:01:13.123Z	a23ed51c-b431-58aa-98fc-8b6de869f730	INFO	Start syncing the balance {
  transaction: {
    id: '01HS73FVVMH2YBZK4JEDVSXENJ',
    type: 'DEBIT',
    source: 'MANUAL_DEDUCTION',
    action: 'DELIVERY_DEDUCTION',
    userId: '073d8401-e882-4dc0-a104-c212f6019ebd',
    paymentBalance: 4459.5,
    updatePaymentBalance: true,
    metadata: '{"walletId":"wallet#073d8401-e882-4dc0-a104-c212f6019ebd","deliveryId":"ceaef64e-ca1b-4e9e-9d15-ba6ea5484d57","walletSk":"ceaef64e-ca1b-4e9e-9d15-ba6ea5484d57"}',
    currency: 'SAR',
    amount: 81,
    vat: 0,
    oldBalance: 4540.5,
    newBalance: 4459.5
  }
}

2024-03-17T21:01:13.172Z 2024-03-17T21:01:13.172Z	a23ed51c-b431-58aa-98fc-8b6de869f730	INFO	SubscriptionBalanceUpdated event published

2024-03-17T21:01:13.184Z 2024-03-17T21:01:13.184Z	a23ed51c-b431-58aa-98fc-8b6de869f730	INFO	Processing message 0439016f-6329-4b83-8b9d-c4062d854e80

2024-03-17T21:01:13.190Z 2024-03-17T21:01:13.190Z	a23ed51c-b431-58aa-98fc-8b6de869f730	INFO	Start syncing the balance {
  transaction: {
    id: '01HS73FVY8X51B6SCH7JGYKNW5',
    type: 'DEBIT',
    source: 'MANUAL_DEDUCTION',
    action: 'DELIVERY_DEDUCTION',
    userId: '7cbe3797-c6a1-492c-9c31-8bd1c8c38d90',
    paymentBalance: 43.996,
    updatePaymentBalance: true,
    metadata: '{"walletId":"wallet#7cbe3797-c6a1-492c-9c31-8bd1c8c38d90","deliveryId":"6078fbf3-93cb-4e24-bf26-af4ca52c65ed","walletSk":"6078fbf3-93cb-4e24-bf26-af4ca52c65ed"}',
    currency: 'BHD',
    amount: 5.5,
    vat: 0,
    oldBalance: 49.496,
    newBalance: 43.996
  }
}

2024-03-17T21:01:13.233Z 2024-03-17T21:01:13.233Z	a23ed51c-b431-58aa-98fc-8b6de869f730	INFO	SubscriptionBalanceUpdated event published

2024-03-17T21:01:13.249Z END RequestId: a23ed51c-b431-58aa-98fc-8b6de869f730

2024-03-17T21:01:13.249Z REPORT RequestId: a23ed51c-b431-58aa-98fc-8b6de869f730	Duration: 366.76 ms	Billed Duration: 367 ms	Memory Size: 1024 MB	Max Memory Used: 129 MB	

2024-03-17T21:01:13.290Z START RequestId: 7ae72298-c2f7-590a-9f03-7ce99eafde40 Version: $LATEST

2024-03-17T21:01:13.315Z 2024-03-17T21:01:13.315Z	7ae72298-c2f7-590a-9f03-7ce99eafde40	INFO	Processing message 8c2d1512-4d8a-492a-91ad-60698ffa9951

2024-03-17T21:01:13.320Z 2024-03-17T21:01:13.320Z	7ae72298-c2f7-590a-9f03-7ce99eafde40	INFO	Start syncing the balance {
  transaction: {
    id: '01HS73FW7SVZ1NS88DPJEFG5HH',
    type: 'DEBIT',
    source: 'MANUAL_DEDUCTION',
    action: 'DELIVERY_DEDUCTION',
    userId: 'b851dd0c-b4b0-41d4-814a-172752d504d9',
    paymentBalance: 171,
    updatePaymentBalance: true,
    metadata: '{"walletId":"wallet#b851dd0c-b4b0-41d4-814a-172752d504d9","deliveryId":"4f2e0590-eb4f-466f-9c20-0c4aaa138067","walletSk":"4f2e0590-eb4f-466f-9c20-0c4aaa138067"}',
    currency: 'BHD',
    amount: 9,
    vat: 0,
    oldBalance: 189,
    newBalance: 180
  }
}

2024-03-17T21:01:13.365Z 2024-03-17T21:01:13.365Z	7ae72298-c2f7-590a-9f03-7ce99eafde40	INFO	SubscriptionBalanceUpdated event published

2024-03-17T21:01:13.376Z 2024-03-17T21:01:13.376Z	7ae72298-c2f7-590a-9f03-7ce99eafde40	ERROR	Subscription balance and payment balance are not in sync {
  userId: 'b851dd0c-b4b0-41d4-814a-172752d504d9',
  subscriptionBalance: 180,
  paymentBalance: 171
}

2024-03-17T21:01:13.398Z END RequestId: 7ae72298-c2f7-590a-9f03-7ce99eafde40

2024-03-17T21:01:13.398Z REPORT RequestId: 7ae72298-c2f7-590a-9f03-7ce99eafde40	Duration: 107.72 ms	Billed Duration: 108 ms	Memory Size: 1024 MB	Max Memory Used: 129 MB	

2024-03-17T21:01:13.608Z START RequestId: cedd895e-988e-521c-8ffb-d72fc4d77556 Version: $LATEST

2024-03-17T21:01:13.633Z 2024-03-17T21:01:13.633Z	cedd895e-988e-521c-8ffb-d72fc4d77556	INFO	Processing message 2f62c035-c290-4aff-a870-e6c214521a39

2024-03-17T21:01:13.638Z 2024-03-17T21:01:13.638Z	cedd895e-988e-521c-8ffb-d72fc4d77556	INFO	Start syncing the balance {
  transaction: {
    id: '01HS73FWDEG64VDYD735FFGWQH',
    type: 'DEBIT',
    source: 'MANUAL_DEDUCTION',
    action: 'DELIVERY_DEDUCTION',
    userId: 'f899dcef-1bc0-479f-833d-82c3351e403b',
    paymentBalance: 1276,
    updatePaymentBalance: true,
    metadata: '{"walletId":"wallet#f899dcef-1bc0-479f-833d-82c3351e403b","deliveryId":"8d757624-a354-4b8a-bd8f-2ea34587c7ec","walletSk":"8d757624-a354-4b8a-bd8f-2ea34587c7ec"}',
    currency: 'SAR',
    amount: 39.9,
    vat: 0,
    oldBalance: 1315.9,
    newBalance: 1276
  }
}

2024-03-17T21:01:13.689Z 2024-03-17T21:01:13.689Z	cedd895e-988e-521c-8ffb-d72fc4d77556	INFO	SubscriptionBalanceUpdated event published

2024-03-17T21:01:13.701Z 2024-03-17T21:01:13.701Z	cedd895e-988e-521c-8ffb-d72fc4d77556	INFO	Processing message b7854773-b4d0-4bee-a8ed-d00faac06f72

2024-03-17T21:01:13.705Z 2024-03-17T21:01:13.705Z	cedd895e-988e-521c-8ffb-d72fc4d77556	INFO	Start syncing the balance {
  transaction: {
    id: '01HS73FWHF8QGZJF98RJQPSVS4',
    type: 'DEBIT',
    source: 'MANUAL_DEDUCTION',
    action: 'DELIVERY_DEDUCTION',
    userId: '148aacab-07be-4a6a-8827-a02ea043df6a',
    paymentBalance: 1900,
    updatePaymentBalance: true,
    metadata: '{"walletId":"wallet#148aacab-07be-4a6a-8827-a02ea043df6a","deliveryId":"9f03f9fe-e82b-49b5-b9db-381339e93626","walletSk":"9f03f9fe-e82b-49b5-b9db-381339e93626"}',
    currency: 'SAR',
    amount: 100,
    vat: 0,
    oldBalance: 2000,
    newBalance: 1900
  }
}

2024-03-17T21:01:13.761Z 2024-03-17T21:01:13.761Z	cedd895e-988e-521c-8ffb-d72fc4d77556	INFO	SubscriptionBalanceUpdated event published

2024-03-17T21:01:13.775Z 2024-03-17T21:01:13.775Z	cedd895e-988e-521c-8ffb-d72fc4d77556	INFO	Processing message b5ceedc0-e719-45f3-bb2e-9b07e5435fb0

2024-03-17T21:01:13.780Z 2024-03-17T21:01:13.780Z	cedd895e-988e-521c-8ffb-d72fc4d77556	INFO	Start syncing the balance {
  transaction: {
    id: '01HS73FWHNQ5MAEG4DR048WMS0',
    type: 'DEBIT',
    source: 'MANUAL_DEDUCTION',
    action: 'DELIVERY_DEDUCTION',
    userId: '5bc3c6b5-3049-4d37-9f04-c36bcb6de4a2',
    paymentBalance: 76915.136,
    updatePaymentBalance: true,
    metadata: '{"walletId":"wallet#5bc3c6b5-3049-4d37-9f04-c36bcb6de4a2","deliveryId":"579eb59b-15f7-44a9-9cc2-03131dd1cf5d","walletSk":"579eb59b-15f7-44a9-9cc2-03131dd1cf5d"}',
    currency: 'BHD',
    amount: 53,
    vat: 0,
    oldBalance: 77021.13636363637,
    newBalance: 76968.136
  }
}

2024-03-17T21:01:13.833Z 2024-03-17T21:01:13.833Z	cedd895e-988e-521c-8ffb-d72fc4d77556	INFO	SubscriptionBalanceUpdated event published

2024-03-17T21:01:13.847Z 2024-03-17T21:01:13.847Z	cedd895e-988e-521c-8ffb-d72fc4d77556	ERROR	Subscription balance and payment balance are not in sync {
  userId: '5bc3c6b5-3049-4d37-9f04-c36bcb6de4a2',
  subscriptionBalance: 76968.136,
  paymentBalance: 76915.136
}

2024-03-17T21:01:13.869Z 2024-03-17T21:01:13.869Z	cedd895e-988e-521c-8ffb-d72fc4d77556	INFO	Processing message ef675256-ae10-4c5c-971b-19b8dae2480e

2024-03-17T21:01:13.874Z 2024-03-17T21:01:13.874Z	cedd895e-988e-521c-8ffb-d72fc4d77556	INFO	Start syncing the balance {
  transaction: {
    id: '01HS73FWP3T3NRGS9YQXNBZ1AX',
    type: 'DEBIT',
    source: 'MANUAL_DEDUCTION',
    action: 'DELIVERY_DEDUCTION',
    userId: '133b402d-c353-4365-a759-d84e09c4533d',
    paymentBalance: 9274.6,
    updatePaymentBalance: true,
    metadata: '{"walletId":"wallet#133b402d-c353-4365-a759-d84e09c4533d","deliveryId":"4ec38bae-cb2b-4d30-b96d-5baec270ed10","walletSk":"4ec38bae-cb2b-4d30-b96d-5baec270ed10"}',
    currency: 'BHD',
    amount: 6.5,
    vat: 0,
    oldBalance: 9281.1,
    newBalance: 9274.6
  }
}

2024-03-17T21:01:13.921Z 2024-03-17T21:01:13.921Z	cedd895e-988e-521c-8ffb-d72fc4d77556	INFO	SubscriptionBalanceUpdated event published

2024-03-17T21:01:13.934Z 2024-03-17T21:01:13.934Z	cedd895e-988e-521c-8ffb-d72fc4d77556	INFO	Processing message c219b717-ee32-48fe-99f6-d1823d191d27

2024-03-17T21:01:13.940Z 2024-03-17T21:01:13.940Z	cedd895e-988e-521c-8ffb-d72fc4d77556	INFO	Start syncing the balance {
  transaction: {
    id: '01HS73FWMQGMB00PDJESFNCSG2',
    type: 'DEBIT',
    source: 'MANUAL_DEDUCTION',
    action: 'DELIVERY_DEDUCTION',
    userId: '8cfb0a41-4446-43f9-8ace-c17b9c9a9c7e',
    paymentBalance: 15985,
    updatePaymentBalance: true,
    metadata: '{"walletId":"wallet#8cfb0a41-4446-43f9-8ace-c17b9c9a9c7e","deliveryId":"bf2c9364-d1cf-4502-930a-ab670f6428a7","walletSk":"bf2c9364-d1cf-4502-930a-ab670f6428a7"}',
    currency: 'SAR',
    amount: 60,
    vat: 0,
    oldBalance: 16045,
    newBalance: 15985
  }
}

2024-03-17T21:01:13.987Z 2024-03-17T21:01:13.987Z	cedd895e-988e-521c-8ffb-d72fc4d77556	INFO	SubscriptionBalanceUpdated event published

2024-03-17T21:01:13.999Z END RequestId: cedd895e-988e-521c-8ffb-d72fc4d77556

2024-03-17T21:01:13.999Z REPORT RequestId: cedd895e-988e-521c-8ffb-d72fc4d77556	Duration: 390.51 ms	Billed Duration: 391 ms	Memory Size: 1024 MB	Max Memory Used: 129 MB	

2024-03-17T21:01:14.668Z START RequestId: 2347c7ef-5c7b-5df1-897e-999e0021726b Version: $LATEST

2024-03-17T21:01:14.699Z 2024-03-17T21:01:14.699Z	2347c7ef-5c7b-5df1-897e-999e0021726b	INFO	Processing message fcacbd4b-4fa1-4bdd-bf7c-10f7306f004e

2024-03-17T21:01:14.704Z 2024-03-17T21:01:14.704Z	2347c7ef-5c7b-5df1-897e-999e0021726b	INFO	Start syncing the balance {
  transaction: {
    id: '01HS73FX8KEV3ZQ536A3YY3RP0',
    type: 'DEBIT',
    source: 'MANUAL_DEDUCTION',
    action: 'DELIVERY_DEDUCTION',
    userId: 'd694c21d-aa12-47c7-ad78-aaa9bc76bc03',
    paymentBalance: 11.5,
    updatePaymentBalance: true,
    metadata: '{"walletId":"wallet#d694c21d-aa12-47c7-ad78-aaa9bc76bc03","deliveryId":"2c3c459b-0069-4484-9e0d-1dd18f69d45d","walletSk":"2c3c459b-0069-4484-9e0d-1dd18f69d45d"}',
    currency: 'BHD',
    amount: 1.8,
    vat: 0,
    oldBalance: 13.3,
    newBalance: 11.5
  }
}

2024-03-17T21:01:14.745Z 2024-03-17T21:01:14.745Z	2347c7ef-5c7b-5df1-897e-999e0021726b	INFO	SubscriptionBalanceUpdated event published

2024-03-17T21:01:14.760Z 2024-03-17T21:01:14.760Z	2347c7ef-5c7b-5df1-897e-999e0021726b	INFO	Processing message 266926ee-df73-4ac5-8770-0077d12cf614

2024-03-17T21:01:14.765Z 2024-03-17T21:01:14.765Z	2347c7ef-5c7b-5df1-897e-999e0021726b	INFO	Start syncing the balance {
  transaction: {
    id: '01HS73FXAQ7C5GTBVV25SMB1Z4',
    type: 'DEBIT',
    source: 'MANUAL_DEDUCTION',
    action: 'DELIVERY_DEDUCTION',
    userId: 'ed3dc329-d66f-4fb7-8e3b-99a0034ff60f',
    paymentBalance: 109,
    updatePaymentBalance: true,
    metadata: '{"walletId":"wallet#ed3dc329-d66f-4fb7-8e3b-99a0034ff60f","deliveryId":"86eccd11-89bb-4f82-9e41-5d83611e96fd","walletSk":"86eccd11-89bb-4f82-9e41-5d83611e96fd"}',
    currency: 'BHD',
    amount: 5,
    vat: 0,
    oldBalance: 114,
    newBalance: 109
  }
}

2024-03-17T21:01:14.808Z 2024-03-17T21:01:14.808Z	2347c7ef-5c7b-5df1-897e-999e0021726b	INFO	SubscriptionBalanceUpdated event published

2024-03-17T21:01:14.822Z 2024-03-17T21:01:14.822Z	2347c7ef-5c7b-5df1-897e-999e0021726b	INFO	Processing message 8b84de8d-773f-4f8d-a96c-287449f9517a

2024-03-17T21:01:14.827Z 2024-03-17T21:01:14.827Z	2347c7ef-5c7b-5df1-897e-999e0021726b	INFO	Start syncing the balance {
  transaction: {
    id: '01HS73FXBKH0QQ4SK23XYJY5NE',
    type: 'DEBIT',
    source: 'MANUAL_DEDUCTION',
    action: 'DELIVERY_DEDUCTION',
    userId: 'd27554f1-9cdb-42c1-9164-330927006961',
    paymentBalance: 81,
    updatePaymentBalance: true,
    metadata: '{"walletId":"wallet#d27554f1-9cdb-42c1-9164-330927006961","deliveryId":"f7cae30a-789c-49ef-9761-4d4d58a285bb","walletSk":"f7cae30a-789c-49ef-9761-4d4d58a285bb"}',
    currency: 'BHD',
    amount: 9,
    vat: 0,
    oldBalance: 90,
    newBalance: 81
  }
}

2024-03-17T21:01:14.867Z 2024-03-17T21:01:14.867Z	2347c7ef-5c7b-5df1-897e-999e0021726b	INFO	SubscriptionBalanceUpdated event published

2024-03-17T21:01:14.879Z 2024-03-17T21:01:14.879Z	2347c7ef-5c7b-5df1-897e-999e0021726b	INFO	Processing message b1aff742-8b5d-4403-b0f7-b150e6900b95

2024-03-17T21:01:14.884Z 2024-03-17T21:01:14.884Z	2347c7ef-5c7b-5df1-897e-999e0021726b	INFO	Start syncing the balance {
  transaction: {
    id: '01HS73FXKBPERSDPK3Z0CH00TM',
    type: 'DEBIT',
    source: 'MANUAL_DEDUCTION',
    action: 'DELIVERY_DEDUCTION',
    userId: '2b07bc91-66bc-497f-8e10-c073264b7329',
    paymentBalance: 3531,
    updatePaymentBalance: true,
    metadata: '{"walletId":"wallet#2b07bc91-66bc-497f-8e10-c073264b7329","deliveryId":"825bed33-80fe-4642-ae4d-add4d86837ff","walletSk":"825bed33-80fe-4642-ae4d-add4d86837ff"}',
    currency: 'SAR',
    amount: 81,
    vat: 0,
    oldBalance: 3612,
    newBalance: 3531
  }
}

2024-03-17T21:01:14.927Z 2024-03-17T21:01:14.927Z	2347c7ef-5c7b-5df1-897e-999e0021726b	INFO	SubscriptionBalanceUpdated event published

2024-03-17T21:01:14.940Z 2024-03-17T21:01:14.940Z	2347c7ef-5c7b-5df1-897e-999e0021726b	INFO	Processing message 6a00c46b-6584-43df-96c7-6542db40d291

2024-03-17T21:01:14.945Z 2024-03-17T21:01:14.945Z	2347c7ef-5c7b-5df1-897e-999e0021726b	INFO	Start syncing the balance {
  transaction: {
    id: '01HS73FXGE8KGVMWVPRAAV88Z7',
    type: 'DEBIT',
    source: 'MANUAL_DEDUCTION',
    action: 'DELIVERY_DEDUCTION',
    userId: '09ab0c9d-acb3-41ef-b844-c50508c878e4',
    paymentBalance: 4825.1,
    updatePaymentBalance: true,
    metadata: '{"walletId":"wallet#09ab0c9d-acb3-41ef-b844-c50508c878e4","deliveryId":"e9fb31bc-243b-43ba-a406-3539c9ec327d","walletSk":"e9fb31bc-243b-43ba-a406-3539c9ec327d"}',
    currency: 'SAR',
    amount: 63,
    vat: 0,
    oldBalance: 4888.1,
    newBalance: 4825.1
  }
}

2024-03-17T21:01:15.096Z 2024-03-17T21:01:15.096Z	2347c7ef-5c7b-5df1-897e-999e0021726b	INFO	SubscriptionBalanceUpdated event published

2024-03-17T21:01:15.111Z 2024-03-17T21:01:15.111Z	2347c7ef-5c7b-5df1-897e-999e0021726b	INFO	Processing message e0c27df5-9b16-4c5a-af5a-4e88373cb47b

2024-03-17T21:01:15.116Z 2024-03-17T21:01:15.116Z	2347c7ef-5c7b-5df1-897e-999e0021726b	INFO	Start syncing the balance {
  transaction: {
    id: '01HS73FXE6RTRK9HJ3JVK44VA0',
    type: 'DEBIT',
    source: 'MANUAL_DEDUCTION',
    action: 'DELIVERY_DEDUCTION',
    userId: 'c5e1fca1-5f7b-4830-92d4-09fbddcec953',
    paymentBalance: 132.5,
    updatePaymentBalance: true,
    metadata: '{"walletId":"wallet#c5e1fca1-5f7b-4830-92d4-09fbddcec953","deliveryId":"cfaad49f-e2c0-4588-bf7d-e0456e13c80f","walletSk":"cfaad49f-e2c0-4588-bf7d-e0456e13c80f"}',
    currency: 'BHD',
    amount: 9.5,
    vat: 0,
    oldBalance: 142,
    newBalance: 132.5
  }
}

2024-03-17T21:01:15.159Z 2024-03-17T21:01:15.159Z	2347c7ef-5c7b-5df1-897e-999e0021726b	INFO	SubscriptionBalanceUpdated event published

2024-03-17T21:01:15.171Z 2024-03-17T21:01:15.171Z	2347c7ef-5c7b-5df1-897e-999e0021726b	INFO	Processing message 418d93cf-6afa-4495-b8b7-2b215a73aecf

2024-03-17T21:01:15.176Z 2024-03-17T21:01:15.176Z	2347c7ef-5c7b-5df1-897e-999e0021726b	INFO	Start syncing the balance {
  transaction: {
    id: '01HS73FXH19H946BSMAJ0J1AY9',
    type: 'DEBIT',
    source: 'MANUAL_DEDUCTION',
    action: 'DELIVERY_DEDUCTION',
    userId: 'bdeb9790-f688-4ef0-833e-318c74864348',
    paymentBalance: 80,
    updatePaymentBalance: true,
    metadata: '{"walletId":"wallet#bdeb9790-f688-4ef0-833e-318c74864348","deliveryId":"123ed968-89e2-4348-a373-31fe1c9e0607","walletSk":"123ed968-89e2-4348-a373-31fe1c9e0607"}',
    currency: 'BHD',
    amount: 8,
    vat: 0,
    oldBalance: 88,
    newBalance: 80
  }
}

2024-03-17T21:01:15.220Z 2024-03-17T21:01:15.220Z	2347c7ef-5c7b-5df1-897e-999e0021726b	INFO	SubscriptionBalanceUpdated event published

2024-03-17T21:01:15.239Z 2024-03-17T21:01:15.239Z	2347c7ef-5c7b-5df1-897e-999e0021726b	INFO	Processing message ab96c6ea-d3b2-48a7-bd8f-44fc9dab34e7

2024-03-17T21:01:15.244Z 2024-03-17T21:01:15.244Z	2347c7ef-5c7b-5df1-897e-999e0021726b	INFO	Start syncing the balance {
  transaction: {
    id: '01HS73FXKWQDA8DN8G4K62QNFN',
    type: 'DEBIT',
    source: 'MANUAL_DEDUCTION',
    action: 'DELIVERY_DEDUCTION',
    userId: 'e6a22e0b-2fbf-4260-94f5-f86393927ddd',
    paymentBalance: 51.5,
    updatePaymentBalance: true,
    metadata: '{"walletId":"wallet#e6a22e0b-2fbf-4260-94f5-f86393927ddd","deliveryId":"7830555d-410c-43bd-a6f3-a994b0799d51","walletSk":"7830555d-410c-43bd-a6f3-a994b0799d51"}',
    currency: 'BHD',
    amount: 10,
    vat: 0,
    oldBalance: 61.5,
    newBalance: 51.5
  }
}

2024-03-17T21:01:15.283Z 2024-03-17T21:01:15.283Z	2347c7ef-5c7b-5df1-897e-999e0021726b	INFO	SubscriptionBalanceUpdated event published

2024-03-17T21:01:15.296Z END RequestId: 2347c7ef-5c7b-5df1-897e-999e0021726b

2024-03-17T21:01:15.296Z REPORT RequestId: 2347c7ef-5c7b-5df1-897e-999e0021726b	Duration: 627.97 ms	Billed Duration: 628 ms	Memory Size: 1024 MB	Max Memory Used: 130 MB	

2024-03-17T21:01:15.604Z START RequestId: 3c9bcaea-2481-5bd0-ae2a-949b78da2c9a Version: $LATEST

2024-03-17T21:01:15.627Z 2024-03-17T21:01:15.627Z	3c9bcaea-2481-5bd0-ae2a-949b78da2c9a	INFO	Processing message 14594a3b-cea7-47fa-90d1-9dbee6de71d8

2024-03-17T21:01:15.632Z 2024-03-17T21:01:15.632Z	3c9bcaea-2481-5bd0-ae2a-949b78da2c9a	INFO	Start syncing the balance {
  transaction: {
    id: '01HS73FXQ73A7CQQXGJMT484E9',
    type: 'DEBIT',
    source: 'MANUAL_DEDUCTION',
    action: 'DELIVERY_DEDUCTION',
    userId: 'd787cbed-f230-43cd-9bc8-fd1154b60376',
    paymentBalance: 1530,
    updatePaymentBalance: true,
    metadata: '{"walletId":"wallet#d787cbed-f230-43cd-9bc8-fd1154b60376","deliveryId":"fbc96154-7677-4aec-b89e-112a857867bf","walletSk":"fbc96154-7677-4aec-b89e-112a857867bf"}',
    currency: 'SAR',
    amount: 90,
    vat: 0,
    oldBalance: 1620,
    newBalance: 1530
  }
}

2024-03-17T21:01:15.675Z 2024-03-17T21:01:15.675Z	3c9bcaea-2481-5bd0-ae2a-949b78da2c9a	INFO	SubscriptionBalanceUpdated event published

2024-03-17T21:01:15.688Z 2024-03-17T21:01:15.688Z	3c9bcaea-2481-5bd0-ae2a-949b78da2c9a	INFO	Processing message 310657a7-0be1-4be8-aad2-c40692ea9d06

2024-03-17T21:01:15.693Z 2024-03-17T21:01:15.693Z	3c9bcaea-2481-5bd0-ae2a-949b78da2c9a	INFO	Start syncing the balance {
  transaction: {
    id: '01HS73FXQJJARCJW5BDG95YP3T',
    type: 'DEBIT',
    source: 'MANUAL_DEDUCTION',
    action: 'DELIVERY_DEDUCTION',
    userId: 'ddbc5455-86aa-4bdc-b4ae-ea5181bc0e4c',
    paymentBalance: 3531,
    updatePaymentBalance: true,
    metadata: '{"walletId":"wallet#ddbc5455-86aa-4bdc-b4ae-ea5181bc0e4c","deliveryId":"afdb0c43-4a7b-4622-b136-f2f2219b95d2","walletSk":"afdb0c43-4a7b-4622-b136-f2f2219b95d2"}',
    currency: 'SAR',
    amount: 81,
    vat: 0,
    oldBalance: 3612,
    newBalance: 3531
  }
}

2024-03-17T21:01:15.740Z 2024-03-17T21:01:15.740Z	3c9bcaea-2481-5bd0-ae2a-949b78da2c9a	INFO	SubscriptionBalanceUpdated event published

2024-03-17T21:01:15.751Z 2024-03-17T21:01:15.751Z	3c9bcaea-2481-5bd0-ae2a-949b78da2c9a	INFO	Processing message e392aa25-ae44-4cc5-90dc-eace215d28ef

2024-03-17T21:01:15.779Z 2024-03-17T21:01:15.779Z	3c9bcaea-2481-5bd0-ae2a-949b78da2c9a	INFO	Start syncing the balance {
  transaction: {
    id: '01HS73FXWKMFK0HVJ0XPSFPF3N',
    type: 'DEBIT',
    source: 'MANUAL_DEDUCTION',
    action: 'DELIVERY_DEDUCTION',
    userId: 'ccd9c6c9-6bd2-43ca-ba41-b7a0ab626c87',
    paymentBalance: 12,
    updatePaymentBalance: true,
    metadata: '{"walletId":"wallet#ccd9c6c9-6bd2-43ca-ba41-b7a0ab626c87","deliveryId":"d76a42a2-4a63-4a7b-b899-4782cb237c97","walletSk":"d76a42a2-4a63-4a7b-b899-4782cb237c97"}',
    currency: 'BHD',
    amount: 8,
    vat: 0,
    oldBalance: 20,
    newBalance: 12
  }
}

2024-03-17T21:01:15.822Z 2024-03-17T21:01:15.822Z	3c9bcaea-2481-5bd0-ae2a-949b78da2c9a	INFO	SubscriptionBalanceUpdated event published

2024-03-17T21:01:15.834Z 2024-03-17T21:01:15.834Z	3c9bcaea-2481-5bd0-ae2a-949b78da2c9a	INFO	Processing message 14721809-84db-4f82-94be-5d2995c81544

2024-03-17T21:01:15.840Z 2024-03-17T21:01:15.840Z	3c9bcaea-2481-5bd0-ae2a-949b78da2c9a	INFO	Start syncing the balance {
  transaction: {
    id: '01HS73FXT9TE4DXC3NRQRCRPN1',
    type: 'DEBIT',
    source: 'MANUAL_DEDUCTION',
    action: 'DELIVERY_DEDUCTION',
    userId: 'eb6a1409-5026-4d2f-8124-bc37006fb11a',
    paymentBalance: 1730,
    updatePaymentBalance: true,
    metadata: '{"walletId":"wallet#eb6a1409-5026-4d2f-8124-bc37006fb11a","deliveryId":"c155ec53-c7e6-4a9d-9fed-095388c10b28","walletSk":"c155ec53-c7e6-4a9d-9fed-095388c10b28"}',
    currency: 'SAR',
    amount: 90,
    vat: 0,
    oldBalance: 1820,
    newBalance: 1730
  }
}

2024-03-17T21:01:15.879Z 2024-03-17T21:01:15.879Z	3c9bcaea-2481-5bd0-ae2a-949b78da2c9a	INFO	SubscriptionBalanceUpdated event published

2024-03-17T21:01:05.917Z INIT_START Runtime Version: nodejs:20.v19	Runtime Version ARN: arn:aws:lambda:us-east-1::runtime:2d68d583b872accb8815f845161e9bbabc6ac3ed4d0ab8c23e75f8788cf5444a

2024-03-17T21:01:16.090Z 2024-03-17T21:01:16.090Z	3c9bcaea-2481-5bd0-ae2a-949b78da2c9a	INFO	Processing message 958aeff6-b4a2-4784-9104-96781b78ef72

2024-03-17T21:01:16.094Z 2024-03-17T21:01:16.094Z	3c9bcaea-2481-5bd0-ae2a-949b78da2c9a	INFO	Start syncing the balance {
  transaction: {
    id: '01HS73FXX0E9QDYS9E2DPWQEPP',
    type: 'DEBIT',
    source: 'MANUAL_DEDUCTION',
    action: 'DELIVERY_DEDUCTION',
    userId: '76ec2533-2621-4bd0-9309-8f663ed3ada5',
    paymentBalance: 56,
    updatePaymentBalance: true,
    metadata: '{"walletId":"wallet#76ec2533-2621-4bd0-9309-8f663ed3ada5","deliveryId":"beecfa25-5568-4d06-801b-4d81ff666a3c","walletSk":"beecfa25-5568-4d06-801b-4d81ff666a3c"}',
    currency: 'BHD',
    amount: 8,
    vat: 0,
    oldBalance: 64,
    newBalance: 56
  }
}

2024-03-17T21:01:16.142Z 2024-03-17T21:01:16.142Z	3c9bcaea-2481-5bd0-ae2a-949b78da2c9a	INFO	SubscriptionBalanceUpdated event published

2024-03-17T21:01:16.154Z 2024-03-17T21:01:16.154Z	3c9bcaea-2481-5bd0-ae2a-949b78da2c9a	INFO	Processing message 57fd492c-c517-43bb-8e7f-e6c93dfc51d7

2024-03-17T21:01:16.159Z 2024-03-17T21:01:16.159Z	3c9bcaea-2481-5bd0-ae2a-949b78da2c9a	INFO	Start syncing the balance {
  transaction: {
    id: '01HS73FY1NFFEF5G8DGAZPDYMN',
    type: 'DEBIT',
    source: 'MANUAL_DEDUCTION',
    action: 'DELIVERY_DEDUCTION',
    userId: '9a19fa44-d798-4468-b553-9db30af97ea6',
    paymentBalance: 5760,
    updatePaymentBalance: true,
    metadata: '{"walletId":"wallet#9a19fa44-d798-4468-b553-9db30af97ea6","deliveryId":"f5a315ed-18ab-4889-97ab-76b7fe4aee8e","walletSk":"f5a315ed-18ab-4889-97ab-76b7fe4aee8e"}',
    currency: 'SAR',
    amount: 90,
    vat: 0,
    oldBalance: 1530,
    newBalance: 1440
  }
}

2024-03-17T21:01:16.203Z 2024-03-17T21:01:16.203Z	3c9bcaea-2481-5bd0-ae2a-949b78da2c9a	INFO	SubscriptionBalanceUpdated event published

2024-03-17T21:01:16.214Z 2024-03-17T21:01:16.214Z	3c9bcaea-2481-5bd0-ae2a-949b78da2c9a	ERROR	Subscription balance and payment balance are not in sync {
  userId: '9a19fa44-d798-4468-b553-9db30af97ea6',
  subscriptionBalance: 1440,
  paymentBalance: 5760
}

2024-03-17T21:01:16.234Z 2024-03-17T21:01:16.234Z	3c9bcaea-2481-5bd0-ae2a-949b78da2c9a	INFO	Processing message 08ecf991-5474-43cf-b2c6-2a6fcab48dba

2024-03-17T21:01:16.240Z 2024-03-17T21:01:16.240Z	3c9bcaea-2481-5bd0-ae2a-949b78da2c9a	INFO	Start syncing the balance {
  transaction: {
    id: '01HS73FYAWKT6PCDWXMAG7CGDE',
    type: 'DEBIT',
    source: 'MANUAL_DEDUCTION',
    action: 'DELIVERY_DEDUCTION',
    userId: '8b3fae92-5944-4c15-825b-22399235f8eb',
    paymentBalance: 4495.5,
    updatePaymentBalance: true,
    metadata: '{"walletId":"wallet#8b3fae92-5944-4c15-825b-22399235f8eb","deliveryId":"742cc135-ee26-42ac-9745-e9aa9e49f862","walletSk":"742cc135-ee26-42ac-9745-e9aa9e49f862"}',
    currency: 'SAR',
    amount: 81,
    vat: 0,
    oldBalance: 4576.5,
    newBalance: 4495.5
  }
}

2024-03-17T21:01:16.290Z 2024-03-17T21:01:16.290Z	3c9bcaea-2481-5bd0-ae2a-949b78da2c9a	INFO	SubscriptionBalanceUpdated event published

2024-03-17T21:01:16.302Z 2024-03-17T21:01:16.302Z	3c9bcaea-2481-5bd0-ae2a-949b78da2c9a	INFO	Processing message 9c109a21-3699-4451-8eab-0387f732f144

2024-03-17T21:01:16.307Z 2024-03-17T21:01:16.307Z	3c9bcaea-2481-5bd0-ae2a-949b78da2c9a	INFO	Start syncing the balance {
  transaction: {
    id: '01HS73FXZSJHFD36JB7JQ2G6EM',
    type: 'DEBIT',
    source: 'MANUAL_DEDUCTION',
    action: 'DELIVERY_DEDUCTION',
    userId: 'd028855c-dba7-4062-ab04-83c8526ee695',
    paymentBalance: 128.909,
    updatePaymentBalance: true,
    metadata: '{"walletId":"wallet#d028855c-dba7-4062-ab04-83c8526ee695","deliveryId":"c419f020-7c40-48ae-8870-3544236e2adc","walletSk":"c419f020-7c40-48ae-8870-3544236e2adc"}',
    currency: 'BHD',
    amount: 8,
    vat: 0,
    oldBalance: 136.909,
    newBalance: 128.909
  }
}

2024-03-17T21:01:16.349Z 2024-03-17T21:01:16.349Z	3c9bcaea-2481-5bd0-ae2a-949b78da2c9a	INFO	SubscriptionBalanceUpdated event published

2024-03-17T21:01:16.361Z 2024-03-17T21:01:16.361Z	3c9bcaea-2481-5bd0-ae2a-949b78da2c9a	INFO	Processing message 98483eb8-2b97-4826-982e-61f45a566c85

2024-03-17T21:01:16.365Z 2024-03-17T21:01:16.365Z	3c9bcaea-2481-5bd0-ae2a-949b78da2c9a	INFO	Start syncing the balance {
  transaction: {
    id: '01HS73FY5G3RPSAE2R8TFJK07T',
    type: 'DEBIT',
    source: 'MANUAL_DEDUCTION',
    action: 'DELIVERY_DEDUCTION',
    userId: '848c815d-39aa-4437-a5c2-4f60cbacd64d',
    paymentBalance: 133.5,
    updatePaymentBalance: true,
    metadata: '{"walletId":"wallet#848c815d-39aa-4437-a5c2-4f60cbacd64d","deliveryId":"63c42d51-9f94-46f0-a86e-c6e3309fce15","walletSk":"63c42d51-9f94-46f0-a86e-c6e3309fce15"}',
    currency: 'SAR',
    amount: 81,
    vat: 0,
    oldBalance: 214.5,
    newBalance: 133.5
  }
}

2024-03-17T21:01:16.434Z 2024-03-17T21:01:16.434Z	3c9bcaea-2481-5bd0-ae2a-949b78da2c9a	INFO	SubscriptionBalanceUpdated event published

2024-03-17T21:01:16.446Z 2024-03-17T21:01:16.446Z	3c9bcaea-2481-5bd0-ae2a-949b78da2c9a	INFO	Processing message 897e3fa8-f12c-4036-8ee8-ab60f64b54d1

2024-03-17T21:01:16.451Z 2024-03-17T21:01:16.451Z	3c9bcaea-2481-5bd0-ae2a-949b78da2c9a	INFO	Start syncing the balance {
  transaction: {
    id: '01HS73FY2BVW03HKJXWF7YNEXJ',
    type: 'DEBIT',
    source: 'MANUAL_DEDUCTION',
    action: 'DELIVERY_DEDUCTION',
    userId: '85b299bd-0fd0-4ed0-8614-3332cdf067dd',
    paymentBalance: 1712,
    updatePaymentBalance: true,
    metadata: '{"walletId":"wallet#85b299bd-0fd0-4ed0-8614-3332cdf067dd","deliveryId":"b95b41ef-fa5d-4053-979c-f14686e8e133","walletSk":"b95b41ef-fa5d-4053-979c-f14686e8e133"}',
    currency: 'AED',
    amount: 107,
    vat: 0,
    oldBalance: 1819,
    newBalance: 1712
  }
}

2024-03-17T21:01:16.494Z 2024-03-17T21:01:16.494Z	3c9bcaea-2481-5bd0-ae2a-949b78da2c9a	INFO	SubscriptionBalanceUpdated event published

2024-03-17T21:01:16.510Z END RequestId: 3c9bcaea-2481-5bd0-ae2a-949b78da2c9a

2024-03-17T21:01:16.510Z REPORT RequestId: 3c9bcaea-2481-5bd0-ae2a-949b78da2c9a	Duration: 906.63 ms	Billed Duration: 907 ms	Memory Size: 1024 MB	Max Memory Used: 130 MB	

2024-03-17T21:01:16.707Z START RequestId: 85043e94-5e11-55e7-9612-60e5024d22ad Version: $LATEST

2024-03-17T21:01:16.734Z 2024-03-17T21:01:16.734Z	85043e94-5e11-55e7-9612-60e5024d22ad	INFO	Processing message 26dba7fe-90ae-4a87-b77b-da4bd5fd02de

2024-03-17T21:01:16.738Z 2024-03-17T21:01:16.738Z	85043e94-5e11-55e7-9612-60e5024d22ad	INFO	Start syncing the balance {
  transaction: {
    id: '01HS73FYPY043YHXNPX78Q04TX',
    type: 'DEBIT',
    source: 'MANUAL_DEDUCTION',
    action: 'DELIVERY_DEDUCTION',
    userId: '6a816b89-1fc6-4fe2-b33f-f7f8224f5c88',
    paymentBalance: 270,
    updatePaymentBalance: true,
    metadata: '{"walletId":"wallet#6a816b89-1fc6-4fe2-b33f-f7f8224f5c88","deliveryId":"f0c64b2b-54cc-497b-99bc-8103e3fe842a","walletSk":"f0c64b2b-54cc-497b-99bc-8103e3fe842a"}',
    currency: 'SAR',
    amount: 90,
    vat: 0,
    oldBalance: 360,
    newBalance: 270
  }
}

2024-03-17T21:01:16.782Z 2024-03-17T21:01:16.782Z	85043e94-5e11-55e7-9612-60e5024d22ad	INFO	SubscriptionBalanceUpdated event published

2024-03-17T21:01:16.795Z 2024-03-17T21:01:16.795Z	85043e94-5e11-55e7-9612-60e5024d22ad	INFO	Processing message 9b6031b2-8947-4801-9b26-ffda224b8fc4

2024-03-17T21:01:16.800Z 2024-03-17T21:01:16.800Z	85043e94-5e11-55e7-9612-60e5024d22ad	INFO	Start syncing the balance {
  transaction: {
    id: '01HS73FYSP95NE3BFWAM094XSV',
    type: 'DEBIT',
    source: 'MANUAL_DEDUCTION',
    action: 'DELIVERY_DEDUCTION',
    userId: '803ab6c9-5b94-46b4-8464-62796540a4ff',
    paymentBalance: 9888,
    updatePaymentBalance: true,
    metadata: '{"walletId":"wallet#803ab6c9-5b94-46b4-8464-62796540a4ff","deliveryId":"feb99efc-788b-455d-9626-28e017c49edd","walletSk":"feb99efc-788b-455d-9626-28e017c49edd"}',
    currency: 'BHD',
    amount: 8,
    vat: 0,
    oldBalance: 9896,
    newBalance: 9888
  }
}

2024-03-17T21:01:16.850Z 2024-03-17T21:01:16.850Z	85043e94-5e11-55e7-9612-60e5024d22ad	INFO	SubscriptionBalanceUpdated event published

2024-03-17T21:01:16.862Z 2024-03-17T21:01:16.862Z	85043e94-5e11-55e7-9612-60e5024d22ad	INFO	Processing message 2175acce-8823-47ef-ad91-be82c1ef62ee

2024-03-17T21:01:16.867Z 2024-03-17T21:01:16.867Z	85043e94-5e11-55e7-9612-60e5024d22ad	INFO	Start syncing the balance {
  transaction: {
    id: '01HS73FYS44C4MHAPJQ60S5MRM',
    type: 'DEBIT',
    source: 'MANUAL_DEDUCTION',
    action: 'DELIVERY_DEDUCTION',
    userId: '9d5b802b-4f23-420d-b0ab-29de434b7ac1',
    paymentBalance: 621,
    updatePaymentBalance: true,
    metadata: '{"walletId":"wallet#9d5b802b-4f23-420d-b0ab-29de434b7ac1","deliveryId":"ad1b0d3b-a7e4-4ab9-b132-8863ea2487c5","walletSk":"ad1b0d3b-a7e4-4ab9-b132-8863ea2487c5"}',
    currency: 'SAR',
    amount: 81,
    vat: 0,
    oldBalance: 702,
    newBalance: 621
  }
}

2024-03-17T21:01:16.916Z 2024-03-17T21:01:16.916Z	85043e94-5e11-55e7-9612-60e5024d22ad	INFO	SubscriptionBalanceUpdated event published

2024-03-17T21:01:16.926Z 2024-03-17T21:01:16.926Z	85043e94-5e11-55e7-9612-60e5024d22ad	INFO	Processing message 27b9d8a5-9d82-4bff-8eaf-88961b7b38db

2024-03-17T21:01:16.932Z 2024-03-17T21:01:16.932Z	85043e94-5e11-55e7-9612-60e5024d22ad	INFO	Start syncing the balance {
  transaction: {
    id: '01HS73FYVMNNQ1RBGTWRNN1WVQ',
    type: 'DEBIT',
    source: 'MANUAL_DEDUCTION',
    action: 'DELIVERY_DEDUCTION',
    userId: '8b293101-dfef-43ed-9095-ac05a1507d34',
    paymentBalance: 115.821,
    updatePaymentBalance: true,
    metadata: '{"walletId":"wallet#8b293101-dfef-43ed-9095-ac05a1507d34","deliveryId":"f423856f-46cb-4cfa-a5b8-c8d99e7e43e3","walletSk":"f423856f-46cb-4cfa-a5b8-c8d99e7e43e3"}',
    currency: 'BHD',
    amount: 7.5,
    vat: 0,
    oldBalance: 123.321,
    newBalance: 115.821
  }
}

2024-03-17T21:01:16.973Z 2024-03-17T21:01:16.973Z	85043e94-5e11-55e7-9612-60e5024d22ad	INFO	SubscriptionBalanceUpdated event published

2024-03-17T21:01:16.986Z 2024-03-17T21:01:16.986Z	85043e94-5e11-55e7-9612-60e5024d22ad	INFO	Processing message db50e101-ddcb-4cad-a11a-2e26d7b95f31

2024-03-17T21:01:16.991Z 2024-03-17T21:01:16.991Z	85043e94-5e11-55e7-9612-60e5024d22ad	INFO	Start syncing the balance {
  transaction: {
    id: '01HS73FYWESJB7SBCEH44FAGW4',
    type: 'DEBIT',
    source: 'MANUAL_DEDUCTION',
    action: 'DELIVERY_DEDUCTION',
    userId: '15469d49-7d54-4ea1-833c-708f679471d4',
    paymentBalance: 20,
    updatePaymentBalance: true,
    metadata: '{"walletId":"wallet#15469d49-7d54-4ea1-833c-708f679471d4","deliveryId":"ab1f84de-c568-437e-922f-9c2c9d186f76","walletSk":"ab1f84de-c568-437e-922f-9c2c9d186f76"}',
    currency: 'BHD',
    amount: 8,
    vat: 0,
    oldBalance: 28,
    newBalance: 20
  }
}

2024-03-17T21:01:17.032Z 2024-03-17T21:01:17.032Z	85043e94-5e11-55e7-9612-60e5024d22ad	INFO	SubscriptionBalanceUpdated event published

2024-03-17T21:01:17.044Z 2024-03-17T21:01:17.044Z	85043e94-5e11-55e7-9612-60e5024d22ad	INFO	Processing message 3552031a-ef84-407e-8a32-e1865d327cc2

2024-03-17T21:01:17.049Z 2024-03-17T21:01:17.049Z	85043e94-5e11-55e7-9612-60e5024d22ad	INFO	Start syncing the balance {
  transaction: {
    id: '01HS73FZ4X92S5AAWFCP09BPSC',
    type: 'DEBIT',
    source: 'MANUAL_DEDUCTION',
    action: 'DELIVERY_DEDUCTION',
    userId: '5eb6377f-a1a8-4d8e-aadc-0fcc162b4d2a',
    paymentBalance: 0.75,
    updatePaymentBalance: true,
    metadata: '{"walletId":"wallet#5eb6377f-a1a8-4d8e-aadc-0fcc162b4d2a","deliveryId":"c7b7d1e2-418b-4498-b1b9-b562d6114929","walletSk":"c7b7d1e2-418b-4498-b1b9-b562d6114929"}',
    currency: 'BHD',
    amount: 8,
    vat: 0,
    oldBalance: 8.75,
    newBalance: 0.75
  }
}

2024-03-17T21:01:17.091Z 2024-03-17T21:01:17.091Z	85043e94-5e11-55e7-9612-60e5024d22ad	INFO	SubscriptionBalanceUpdated event published

2024-03-17T21:01:17.105Z 2024-03-17T21:01:17.105Z	85043e94-5e11-55e7-9612-60e5024d22ad	INFO	Processing message 2673fc8f-768f-4331-9394-f9af8861dc08

2024-03-17T21:01:17.110Z 2024-03-17T21:01:17.110Z	85043e94-5e11-55e7-9612-60e5024d22ad	INFO	Start syncing the balance {
  transaction: {
    id: '01HS73FZ4M9JS6XTTYYA5SY6TQ',
    type: 'DEBIT',
    source: 'MANUAL_DEDUCTION',
    action: 'DELIVERY_DEDUCTION',
    userId: '7c6156e0-739f-4e3a-9b68-302219956a98',
    paymentBalance: 3411,
    updatePaymentBalance: true,
    metadata: '{"walletId":"wallet#7c6156e0-739f-4e3a-9b68-302219956a98","deliveryId":"c49285bd-2863-4a71-b7f0-59bf2fa3796c","walletSk":"c49285bd-2863-4a71-b7f0-59bf2fa3796c"}',
    currency: 'SAR',
    amount: 81,
    vat: 0,
    oldBalance: 3492,
    newBalance: 3411
  }
}

2024-03-17T21:01:17.190Z 2024-03-17T21:01:17.190Z	85043e94-5e11-55e7-9612-60e5024d22ad	INFO	SubscriptionBalanceUpdated event published

2024-03-17T21:01:17.202Z 2024-03-17T21:01:17.202Z	85043e94-5e11-55e7-9612-60e5024d22ad	INFO	Processing message 9fa32330-74bc-4f6e-9a9e-aabbdd6d7136

2024-03-17T21:01:17.208Z 2024-03-17T21:01:17.208Z	85043e94-5e11-55e7-9612-60e5024d22ad	INFO	Start syncing the balance {
  transaction: {
    id: '01HS73FYZ0C6M7YX06HFDARAXM',
    type: 'DEBIT',
    source: 'MANUAL_DEDUCTION',
    action: 'DELIVERY_DEDUCTION',
    userId: '2c77a724-b701-4868-b804-c96855a3e9d8',
    paymentBalance: 1335.3,
    updatePaymentBalance: true,
    metadata: '{"walletId":"wallet#2c77a724-b701-4868-b804-c96855a3e9d8","deliveryId":"29a9a882-2e86-4fe5-b338-e2032d315d7f","walletSk":"29a9a882-2e86-4fe5-b338-e2032d315d7f"}',
    currency: 'BHD',
    amount: 8,
    vat: 0,
    oldBalance: 1343.3,
    newBalance: 1335.3
  }
}

2024-03-17T21:01:17.255Z 2024-03-17T21:01:17.255Z	85043e94-5e11-55e7-9612-60e5024d22ad	INFO	SubscriptionBalanceUpdated event published

2024-03-17T21:01:17.269Z 2024-03-17T21:01:17.269Z	85043e94-5e11-55e7-9612-60e5024d22ad	INFO	Processing message 5a3cddd8-ec1a-4a78-866f-bc9a3c1bb10d

2024-03-17T21:01:17.275Z 2024-03-17T21:01:17.275Z	85043e94-5e11-55e7-9612-60e5024d22ad	INFO	Start syncing the balance {
  transaction: {
    id: '01HS73FYZADN4KAJNNDAFCCB1F',
    type: 'DEBIT',
    source: 'MANUAL_DEDUCTION',
    action: 'DELIVERY_DEDUCTION',
    userId: '2af65ba7-48fc-4433-be65-5dca7e3094a8',
    paymentBalance: 344.523,
    updatePaymentBalance: true,
    metadata: '{"walletId":"wallet#2af65ba7-48fc-4433-be65-5dca7e3094a8","deliveryId":"fa73c2c6-ec6e-49d7-8e02-61ed165c9ff8","walletSk":"fa73c2c6-ec6e-49d7-8e02-61ed165c9ff8"}',
    currency: 'BHD',
    amount: 60.164,
    vat: 0,
    oldBalance: 275.071,
    newBalance: 214.907
  }
}

2024-03-17T21:01:17.322Z 2024-03-17T21:01:17.322Z	85043e94-5e11-55e7-9612-60e5024d22ad	INFO	SubscriptionBalanceUpdated event published

2024-03-17T21:01:17.334Z 2024-03-17T21:01:17.334Z	85043e94-5e11-55e7-9612-60e5024d22ad	ERROR	Subscription balance and payment balance are not in sync {
  userId: '2af65ba7-48fc-4433-be65-5dca7e3094a8',
  subscriptionBalance: 214.907,
  paymentBalance: 344.523
}

2024-03-17T21:01:17.354Z 2024-03-17T21:01:17.354Z	85043e94-5e11-55e7-9612-60e5024d22ad	INFO	Processing message 088d476d-1665-411f-b29a-8072adb419bc

2024-03-17T21:01:17.359Z 2024-03-17T21:01:17.359Z	85043e94-5e11-55e7-9612-60e5024d22ad	INFO	Start syncing the balance {
  transaction: {
    id: '01HS73FZ1WB6Q4GGXB7C95C07P',
    type: 'DEBIT',
    source: 'MANUAL_DEDUCTION',
    action: 'DELIVERY_DEDUCTION',
    userId: 'abe9ebb8-d96b-4d3c-9b13-a3c4e22332cc',
    paymentBalance: 1710,
    updatePaymentBalance: true,
    metadata: '{"walletId":"wallet#abe9ebb8-d96b-4d3c-9b13-a3c4e22332cc","deliveryId":"6f6826a1-344c-4693-96f0-477f3aa1d846","walletSk":"6f6826a1-344c-4693-96f0-477f3aa1d846"}',
    currency: 'SAR',
    amount: 90,
    vat: 0,
    oldBalance: 1800,
    newBalance: 1710
  }
}

2024-03-17T21:01:17.400Z 2024-03-17T21:01:17.400Z	85043e94-5e11-55e7-9612-60e5024d22ad	INFO	SubscriptionBalanceUpdated event published

2024-03-17T21:01:17.420Z END RequestId: 85043e94-5e11-55e7-9612-60e5024d22ad

2024-03-17T21:01:17.420Z REPORT RequestId: 85043e94-5e11-55e7-9612-60e5024d22ad	Duration: 713.08 ms	Billed Duration: 714 ms	Memory Size: 1024 MB	Max Memory Used: 131 MB	

