2024-01-23T21:01:03.684Z INIT_START Runtime Version: nodejs:20.v14	Runtime Version ARN: arn:aws:lambda:us-east-1::runtime:d4c968f0a85420c036d732975b0317307799fc7152619b3c4fb289f5d8e34f8a

2024-01-23T21:01:04.435Z START RequestId: 827616de-5c8e-5a7a-9223-48f477c46fb8 Version: $LATEST

2024-01-23T21:01:04.564Z 2024-01-23T21:01:04.564Z	827616de-5c8e-5a7a-9223-48f477c46fb8	INFO	Processing message b1639e1f-b871-4246-a080-0c213ac48f4b

2024-01-23T21:01:04.613Z 2024-01-23T21:01:04.613Z	827616de-5c8e-5a7a-9223-48f477c46fb8	INFO	Start syncing the balance {
  transaction: {
    id: '01HMW20P7K8BNA6G3TH11NZ8FJ',
    type: 'DEBIT',
    source: 'MANUAL_DEDUCTION',
    action: 'DELIVERY_DEDUCTION',
    userId: '35fa284b-56da-41de-9cda-6851a04374a9',
    paymentBalance: 136,
    updatePaymentBalance: true,
    metadata: '{"walletId":"wallet#35fa284b-56da-41de-9cda-6851a04374a9","deliveryId":"eb568482-2700-4087-9ff9-922dfed5afb3","walletSk":"eb568482-2700-4087-9ff9-922dfed5afb3"}',
    currency: 'BHD',
    amount: 8,
    vat: 0,
    oldBalance: 144,
    newBalance: 136
  }
}

2024-01-23T21:01:04.750Z 2024-01-23T21:01:04.750Z	827616de-5c8e-5a7a-9223-48f477c46fb8	INFO	SubscriptionBalanceUpdated event published

2024-01-23T21:01:04.798Z END RequestId: 827616de-5c8e-5a7a-9223-48f477c46fb8

2024-01-23T21:01:04.798Z REPORT RequestId: 827616de-5c8e-5a7a-9223-48f477c46fb8	Duration: 362.38 ms	Billed Duration: 363 ms	Memory Size: 1024 MB	Max Memory Used: 102 MB	Init Duration: 748.62 ms	

2024-01-23T21:01:17.579Z START RequestId: bf518cb0-08d7-5956-b85f-d29a238e9f9d Version: $LATEST

2024-01-23T21:01:17.612Z 2024-01-23T21:01:17.612Z	bf518cb0-08d7-5956-b85f-d29a238e9f9d	INFO	Processing message ac130262-71c9-4860-8427-1216a12cec8b

2024-01-23T21:01:17.618Z 2024-01-23T21:01:17.618Z	bf518cb0-08d7-5956-b85f-d29a238e9f9d	INFO	Start syncing the balance {
  transaction: {
    id: '01HMW216ACEVD3E40X4J614CBE',
    type: 'DEBIT',
    source: 'MANUAL_DEDUCTION',
    action: 'DELIVERY_DEDUCTION',
    userId: '1306427b-7f89-48fd-8bf0-ee859c8b95d4',
    paymentBalance: 55049,
    updatePaymentBalance: true,
    metadata: '{"walletId":"wallet#1306427b-7f89-48fd-8bf0-ee859c8b95d4","deliveryId":"a01cf5d7-8051-4bd2-9650-8adba9227e69","walletSk":"a01cf5d7-8051-4bd2-9650-8adba9227e69"}',
    currency: 'SAR',
    amount: 90,
    vat: 0,
    oldBalance: 55139,
    newBalance: 55049
  }
}

2024-01-23T21:01:17.683Z 2024-01-23T21:01:17.683Z	bf518cb0-08d7-5956-b85f-d29a238e9f9d	INFO	SubscriptionBalanceUpdated event published

2024-01-23T21:01:17.698Z END RequestId: bf518cb0-08d7-5956-b85f-d29a238e9f9d

2024-01-23T21:01:17.698Z REPORT RequestId: bf518cb0-08d7-5956-b85f-d29a238e9f9d	Duration: 118.03 ms	Billed Duration: 119 ms	Memory Size: 1024 MB	Max Memory Used: 115 MB	

2024-01-23T21:01:17.844Z START RequestId: 2a7c5e0f-3241-5df0-b65b-0025191c7169 Version: $LATEST

2024-01-23T21:01:17.871Z 2024-01-23T21:01:17.871Z	2a7c5e0f-3241-5df0-b65b-0025191c7169	INFO	Processing message 3fe01eaf-42a8-45af-838c-459d4504461a

2024-01-23T21:01:17.877Z 2024-01-23T21:01:17.877Z	2a7c5e0f-3241-5df0-b65b-0025191c7169	INFO	Start syncing the balance {
  transaction: {
    id: '01HMW216X2EFF2WYRCDKQT2V0W',
    type: 'DEBIT',
    source: 'MANUAL_DEDUCTION',
    action: 'DELIVERY_DEDUCTION',
    userId: '70a06120-33ab-4ec5-be43-5222fd0bf140',
    paymentBalance: 144,
    updatePaymentBalance: true,
    metadata: '{"walletId":"wallet#70a06120-33ab-4ec5-be43-5222fd0bf140","deliveryId":"48638de1-32be-469b-b637-7f2cc623844d","walletSk":"48638de1-32be-469b-b637-7f2cc623844d"}',
    currency: 'BHD',
    amount: 8,
    vat: 0,
    oldBalance: 152,
    newBalance: 144
  }
}

2024-01-23T21:01:17.933Z 2024-01-23T21:01:17.933Z	2a7c5e0f-3241-5df0-b65b-0025191c7169	INFO	SubscriptionBalanceUpdated event published

2024-01-23T21:01:17.952Z END RequestId: 2a7c5e0f-3241-5df0-b65b-0025191c7169

2024-01-23T21:01:17.952Z REPORT RequestId: 2a7c5e0f-3241-5df0-b65b-0025191c7169	Duration: 107.87 ms	Billed Duration: 108 ms	Memory Size: 1024 MB	Max Memory Used: 115 MB	

2024-01-23T21:01:18.100Z START RequestId: f02320a8-acc7-5a5c-ada1-7e82879ab6c5 Version: $LATEST

2024-01-23T21:01:18.137Z 2024-01-23T21:01:18.137Z	f02320a8-acc7-5a5c-ada1-7e82879ab6c5	INFO	Processing message 6142de14-ba15-4120-a584-3c1b86739c75

2024-01-23T21:01:18.143Z 2024-01-23T21:01:18.143Z	f02320a8-acc7-5a5c-ada1-7e82879ab6c5	INFO	Start syncing the balance {
  transaction: {
    id: '01HMW2177CG623ZQ38WNDYG9B4',
    type: 'DEBIT',
    source: 'MANUAL_DEDUCTION',
    action: 'DELIVERY_DEDUCTION',
    userId: 'd3b889f1-691b-4666-9674-fec069bfeaf9',
    paymentBalance: 900,
    updatePaymentBalance: true,
    metadata: '{"walletId":"wallet#d3b889f1-691b-4666-9674-fec069bfeaf9","deliveryId":"4d908241-5613-41e1-bb0f-9c9ba3b62e26","walletSk":"4d908241-5613-41e1-bb0f-9c9ba3b62e26"}',
    currency: 'SAR',
    amount: 90,
    vat: 0,
    oldBalance: 990,
    newBalance: 900
  }
}

2024-01-23T21:01:18.202Z 2024-01-23T21:01:18.202Z	f02320a8-acc7-5a5c-ada1-7e82879ab6c5	INFO	SubscriptionBalanceUpdated event published

2024-01-23T21:01:18.219Z END RequestId: f02320a8-acc7-5a5c-ada1-7e82879ab6c5

2024-01-23T21:01:18.219Z REPORT RequestId: f02320a8-acc7-5a5c-ada1-7e82879ab6c5	Duration: 118.47 ms	Billed Duration: 119 ms	Memory Size: 1024 MB	Max Memory Used: 115 MB	

2024-01-23T21:01:18.245Z START RequestId: 7430b186-6b35-5c8a-b875-efac406bd013 Version: $LATEST

2024-01-23T21:01:18.266Z 2024-01-23T21:01:18.266Z	7430b186-6b35-5c8a-b875-efac406bd013	INFO	Processing message b5bfffb6-4be1-47bc-ba3c-cc928c14dd1a

2024-01-23T21:01:18.273Z 2024-01-23T21:01:18.273Z	7430b186-6b35-5c8a-b875-efac406bd013	INFO	Start syncing the balance {
  transaction: {
    id: '01HMW216TCSV49756689E18SYH',
    type: 'DEBIT',
    source: 'MANUAL_DEDUCTION',
    action: 'DELIVERY_DEDUCTION',
    userId: 'fccc7227-4227-4d7c-b634-2667d768b776',
    paymentBalance: 32,
    updatePaymentBalance: true,
    metadata: '{"walletId":"wallet#fccc7227-4227-4d7c-b634-2667d768b776","deliveryId":"20c1dddd-f5af-45db-a804-8cc5c2267a1e","walletSk":"20c1dddd-f5af-45db-a804-8cc5c2267a1e"}',
    currency: 'BHD',
    amount: 8,
    vat: 0,
    oldBalance: 40,
    newBalance: 32
  }
}

2024-01-23T21:01:18.333Z 2024-01-23T21:01:18.333Z	7430b186-6b35-5c8a-b875-efac406bd013	INFO	SubscriptionBalanceUpdated event published

2024-01-23T21:01:18.348Z END RequestId: 7430b186-6b35-5c8a-b875-efac406bd013

2024-01-23T21:01:18.348Z REPORT RequestId: 7430b186-6b35-5c8a-b875-efac406bd013	Duration: 103.02 ms	Billed Duration: 104 ms	Memory Size: 1024 MB	Max Memory Used: 115 MB	

2024-01-23T21:01:18.362Z START RequestId: 793edb8f-70ce-5c8d-bedd-85a55b905a46 Version: $LATEST

2024-01-23T21:01:18.382Z 2024-01-23T21:01:18.382Z	793edb8f-70ce-5c8d-bedd-85a55b905a46	INFO	Processing message 9fba15e8-da06-4db9-999d-03b8e00cbdbf

2024-01-23T21:01:18.389Z 2024-01-23T21:01:18.389Z	793edb8f-70ce-5c8d-bedd-85a55b905a46	INFO	Start syncing the balance {
  transaction: {
    id: '01HMW2177BBCFEA1R9TAF49041',
    type: 'DEBIT',
    source: 'MANUAL_DEDUCTION',
    action: 'DELIVERY_DEDUCTION',
    userId: 'd435bc53-d96a-4b30-be32-9e8fbbe3878b',
    paymentBalance: 111,
    updatePaymentBalance: true,
    metadata: '{"walletId":"wallet#d435bc53-d96a-4b30-be32-9e8fbbe3878b","deliveryId":"c0302068-64e8-40c5-8af9-a11091c844f3","walletSk":"c0302068-64e8-40c5-8af9-a11091c844f3"}',
    currency: 'BHD',
    amount: 9,
    vat: 0,
    oldBalance: 120,
    newBalance: 111
  }
}

2024-01-23T21:01:18.449Z 2024-01-23T21:01:18.449Z	793edb8f-70ce-5c8d-bedd-85a55b905a46	INFO	SubscriptionBalanceUpdated event published

2024-01-23T21:01:18.466Z END RequestId: 793edb8f-70ce-5c8d-bedd-85a55b905a46

2024-01-23T21:01:18.466Z REPORT RequestId: 793edb8f-70ce-5c8d-bedd-85a55b905a46	Duration: 103.90 ms	Billed Duration: 104 ms	Memory Size: 1024 MB	Max Memory Used: 115 MB	

2024-01-23T21:01:18.579Z START RequestId: 32dace2e-2fbf-5db5-b3e7-900404e1712c Version: $LATEST

2024-01-23T21:01:18.594Z 2024-01-23T21:01:18.594Z	32dace2e-2fbf-5db5-b3e7-900404e1712c	INFO	Processing message 3b892547-2d7d-4ae4-952f-c1c76f94c76a

2024-01-23T21:01:18.602Z 2024-01-23T21:01:18.602Z	32dace2e-2fbf-5db5-b3e7-900404e1712c	INFO	Start syncing the balance {
  transaction: {
    id: '01HMW217BE4FE4PKEMKXFNP5XY',
    type: 'DEBIT',
    source: 'MANUAL_DEDUCTION',
    action: 'DELIVERY_DEDUCTION',
    userId: 'efa6426b-5dc2-42b8-ac5d-e40d81dda0a1',
    paymentBalance: 40.5,
    updatePaymentBalance: true,
    metadata: '{"walletId":"wallet#efa6426b-5dc2-42b8-ac5d-e40d81dda0a1","deliveryId":"1ca3f541-080f-4e1e-a498-25c870129088","walletSk":"1ca3f541-080f-4e1e-a498-25c870129088"}',
    currency: 'BHD',
    amount: 9,
    vat: 0,
    oldBalance: 49.5,
    newBalance: 40.5
  }
}

2024-01-23T21:01:18.664Z 2024-01-23T21:01:18.664Z	32dace2e-2fbf-5db5-b3e7-900404e1712c	INFO	SubscriptionBalanceUpdated event published

2024-01-23T21:01:18.680Z END RequestId: 32dace2e-2fbf-5db5-b3e7-900404e1712c

2024-01-23T21:01:18.680Z REPORT RequestId: 32dace2e-2fbf-5db5-b3e7-900404e1712c	Duration: 101.35 ms	Billed Duration: 102 ms	Memory Size: 1024 MB	Max Memory Used: 115 MB	

2024-01-23T21:01:18.691Z START RequestId: 45ae94b9-8068-5d71-aa25-ca93ab3631e8 Version: $LATEST

2024-01-23T21:01:18.726Z 2024-01-23T21:01:18.726Z	45ae94b9-8068-5d71-aa25-ca93ab3631e8	INFO	Processing message 87fe8402-f68a-4d8f-8b61-e18a15dc92c1

2024-01-23T21:01:18.732Z 2024-01-23T21:01:18.732Z	45ae94b9-8068-5d71-aa25-ca93ab3631e8	INFO	Start syncing the balance {
  transaction: {
    id: '01HMW216X2D9A3QD51MZ9JD2C3',
    type: 'DEBIT',
    source: 'MANUAL_DEDUCTION',
    action: 'DELIVERY_DEDUCTION',
    userId: '31e9a4bb-5f7f-4eed-81c3-dffcbeeb0eea',
    paymentBalance: 132,
    updatePaymentBalance: true,
    metadata: '{"walletId":"wallet#31e9a4bb-5f7f-4eed-81c3-dffcbeeb0eea","deliveryId":"2db91f42-6968-40af-85c1-30e8b9ed188f","walletSk":"2db91f42-6968-40af-85c1-30e8b9ed188f"}',
    currency: 'BHD',
    amount: 4,
    vat: 0,
    oldBalance: 136,
    newBalance: 132
  }
}

2024-01-23T21:01:18.790Z 2024-01-23T21:01:18.790Z	45ae94b9-8068-5d71-aa25-ca93ab3631e8	INFO	SubscriptionBalanceUpdated event published

2024-01-23T21:01:18.804Z 2024-01-23T21:01:18.804Z	45ae94b9-8068-5d71-aa25-ca93ab3631e8	INFO	Processing message d7e60f45-1f10-4c42-be0b-106bc3f8da7b

2024-01-23T21:01:18.809Z 2024-01-23T21:01:18.809Z	45ae94b9-8068-5d71-aa25-ca93ab3631e8	INFO	Start syncing the balance {
  transaction: {
    id: '01HMW216ZKM9QYH3GWSN6RCGJE',
    type: 'DEBIT',
    source: 'MANUAL_DEDUCTION',
    action: 'DELIVERY_DEDUCTION',
    userId: '72aab299-a5df-4618-b8ca-368d38fde16f',
    paymentBalance: 152,
    updatePaymentBalance: true,
    metadata: '{"walletId":"wallet#72aab299-a5df-4618-b8ca-368d38fde16f","deliveryId":"70e98123-4588-4ed9-8264-e03237a3ef91","walletSk":"70e98123-4588-4ed9-8264-e03237a3ef91"}',
    currency: 'BHD',
    amount: 8,
    vat: 0,
    oldBalance: 160,
    newBalance: 152
  }
}

2024-01-23T21:01:18.870Z 2024-01-23T21:01:18.870Z	45ae94b9-8068-5d71-aa25-ca93ab3631e8	INFO	SubscriptionBalanceUpdated event published

2024-01-23T21:01:18.888Z END RequestId: 45ae94b9-8068-5d71-aa25-ca93ab3631e8

2024-01-23T21:01:18.888Z REPORT RequestId: 45ae94b9-8068-5d71-aa25-ca93ab3631e8	Duration: 197.03 ms	Billed Duration: 198 ms	Memory Size: 1024 MB	Max Memory Used: 115 MB	

2024-01-23T21:01:18.961Z START RequestId: c74ba75f-b2dd-52ec-9580-f9759983de75 Version: $LATEST

2024-01-23T21:01:18.978Z 2024-01-23T21:01:18.978Z	c74ba75f-b2dd-52ec-9580-f9759983de75	INFO	Processing message 754796f4-af56-4e27-ad78-7ace0eebc9c1

2024-01-23T21:01:18.985Z 2024-01-23T21:01:18.985Z	c74ba75f-b2dd-52ec-9580-f9759983de75	INFO	Start syncing the balance {
  transaction: {
    id: '01HMW217EQQ5TM4JY77RM2VZS5',
    type: 'DEBIT',
    source: 'MANUAL_DEDUCTION',
    action: 'DELIVERY_DEDUCTION',
    userId: 'feba4728-4fb0-4646-bebb-38f5495a11cd',
    paymentBalance: 133,
    updatePaymentBalance: true,
    metadata: '{"walletId":"wallet#feba4728-4fb0-4646-bebb-38f5495a11cd","deliveryId":"1c4e52d7-bda4-452c-9a9f-b01020fb08a2","walletSk":"1c4e52d7-bda4-452c-9a9f-b01020fb08a2"}',
    currency: 'BHD',
    amount: 9,
    vat: 0,
    oldBalance: 142,
    newBalance: 133
  }
}

2024-01-23T21:01:19.039Z 2024-01-23T21:01:19.039Z	c74ba75f-b2dd-52ec-9580-f9759983de75	INFO	SubscriptionBalanceUpdated event published

2024-01-23T21:01:19.054Z 2024-01-23T21:01:19.054Z	c74ba75f-b2dd-52ec-9580-f9759983de75	INFO	Processing message 909fec6c-155b-4bf2-9233-30f69b7d7143

2024-01-23T21:01:19.060Z 2024-01-23T21:01:19.060Z	c74ba75f-b2dd-52ec-9580-f9759983de75	INFO	Start syncing the balance {
  transaction: {
    id: '01HMW217AQHQDZEBQ6MFNDAR0A',
    type: 'DEBIT',
    source: 'MANUAL_DEDUCTION',
    action: 'DELIVERY_DEDUCTION',
    userId: '9f4df114-f657-4b93-af46-af0c3922bdef',
    paymentBalance: 120,
    updatePaymentBalance: true,
    metadata: '{"walletId":"wallet#9f4df114-f657-4b93-af46-af0c3922bdef","deliveryId":"5537c560-1afa-4757-bb1c-a05cf49f5731","walletSk":"5537c560-1afa-4757-bb1c-a05cf49f5731"}',
    currency: 'BHD',
    amount: 9,
    vat: 0,
    oldBalance: 129,
    newBalance: 120
  }
}

2024-01-23T21:01:19.110Z 2024-01-23T21:01:19.110Z	c74ba75f-b2dd-52ec-9580-f9759983de75	INFO	SubscriptionBalanceUpdated event published

2024-01-23T21:01:19.121Z 2024-01-23T21:01:19.121Z	c74ba75f-b2dd-52ec-9580-f9759983de75	INFO	Processing message 30a7598e-04be-4e6c-befc-be30272743f1

2024-01-23T21:01:19.127Z 2024-01-23T21:01:19.127Z	c74ba75f-b2dd-52ec-9580-f9759983de75	INFO	Start syncing the balance {
  transaction: {
    id: '01HMW217GBFM93XME4ETFKGMRN',
    type: 'DEBIT',
    source: 'MANUAL_DEDUCTION',
    action: 'DELIVERY_DEDUCTION',
    userId: '035e21a6-1dc3-4d87-bc4d-26b9dcefabbd',
    paymentBalance: 543.646,
    updatePaymentBalance: true,
    metadata: '{"walletId":"wallet#035e21a6-1dc3-4d87-bc4d-26b9dcefabbd","deliveryId":"1878e135-82ee-4d83-8724-2015aabecd97","walletSk":"1878e135-82ee-4d83-8724-2015aabecd97"}',
    currency: 'BHD',
    amount: 8,
    vat: 0,
    oldBalance: 255.646,
    newBalance: 247.646
  }
}

2024-01-23T21:01:19.188Z 2024-01-23T21:01:19.188Z	c74ba75f-b2dd-52ec-9580-f9759983de75	INFO	SubscriptionBalanceUpdated event published

2024-01-23T21:01:19.210Z 2024-01-23T21:01:19.210Z	c74ba75f-b2dd-52ec-9580-f9759983de75	ERROR	Subscription balance and payment balance are not in sync {
  userId: '035e21a6-1dc3-4d87-bc4d-26b9dcefabbd',
  subscriptionBalance: 247.646,
  paymentBalance: 543.646
}

2024-01-23T21:01:19.250Z END RequestId: c74ba75f-b2dd-52ec-9580-f9759983de75

2024-01-23T21:01:19.250Z REPORT RequestId: c74ba75f-b2dd-52ec-9580-f9759983de75	Duration: 288.33 ms	Billed Duration: 289 ms	Memory Size: 1024 MB	Max Memory Used: 115 MB	
XRAY TraceId: 1-65b0291e-1b4d26baedf080aa5432a5d5	SegmentId: 3ae4909c45cedf4b	Sampled: true	

2024-01-23T21:01:19.307Z START RequestId: 4adf3bc7-4b5c-513e-94d0-65ed6003f7f5 Version: $LATEST

2024-01-23T21:01:19.322Z 2024-01-23T21:01:19.322Z	4adf3bc7-4b5c-513e-94d0-65ed6003f7f5	INFO	Processing message eb22fb02-2933-4e8f-8ffe-793dec07ac69

2024-01-23T21:01:19.328Z 2024-01-23T21:01:19.328Z	4adf3bc7-4b5c-513e-94d0-65ed6003f7f5	INFO	Start syncing the balance {
  transaction: {
    id: '01HMW21823BR2JKSHQ4BE3T7TX',
    type: 'DEBIT',
    source: 'MANUAL_DEDUCTION',
    action: 'DELIVERY_DEDUCTION',
    userId: 'ffdf3f81-ae2a-49ea-a0d8-0bd54889f19e',
    paymentBalance: 88,
    updatePaymentBalance: true,
    metadata: '{"walletId":"wallet#ffdf3f81-ae2a-49ea-a0d8-0bd54889f19e","deliveryId":"571743c3-d55f-4bec-8cd9-d337d57f9dff","walletSk":"571743c3-d55f-4bec-8cd9-d337d57f9dff"}',
    currency: 'BHD',
    amount: 8,
    vat: 0,
    oldBalance: 96,
    newBalance: 88
  }
}

2024-01-23T21:01:19.384Z 2024-01-23T21:01:19.384Z	4adf3bc7-4b5c-513e-94d0-65ed6003f7f5	INFO	SubscriptionBalanceUpdated event published

2024-01-23T21:01:19.399Z 2024-01-23T21:01:19.399Z	4adf3bc7-4b5c-513e-94d0-65ed6003f7f5	INFO	Processing message 23d9915e-be92-4b17-94fd-8ae88d6ca68d

2024-01-23T21:01:19.406Z 2024-01-23T21:01:19.406Z	4adf3bc7-4b5c-513e-94d0-65ed6003f7f5	INFO	Start syncing the balance {
  transaction: {
    id: '01HMW21801CE709VZZ6MTW0ZEN',
    type: 'DEBIT',
    source: 'MANUAL_DEDUCTION',
    action: 'DELIVERY_DEDUCTION',
    userId: '383f0a7e-4daa-4294-ae9f-cafbddbb408e',
    paymentBalance: 164.5,
    updatePaymentBalance: true,
    metadata: '{"walletId":"wallet#383f0a7e-4daa-4294-ae9f-cafbddbb408e","deliveryId":"16b8f8cd-510e-44b4-8450-5df19830ca73","walletSk":"16b8f8cd-510e-44b4-8450-5df19830ca73"}',
    currency: 'BHD',
    amount: 8,
    vat: 0,
    oldBalance: 180.5,
    newBalance: 172.5
  }
}

2024-01-23T21:01:19.465Z 2024-01-23T21:01:19.465Z	4adf3bc7-4b5c-513e-94d0-65ed6003f7f5	INFO	SubscriptionBalanceUpdated event published

2024-01-23T21:01:19.479Z 2024-01-23T21:01:19.479Z	4adf3bc7-4b5c-513e-94d0-65ed6003f7f5	ERROR	Subscription balance and payment balance are not in sync {
  userId: '383f0a7e-4daa-4294-ae9f-cafbddbb408e',
  subscriptionBalance: 172.5,
  paymentBalance: 164.5
}

2024-01-23T21:01:19.502Z 2024-01-23T21:01:19.502Z	4adf3bc7-4b5c-513e-94d0-65ed6003f7f5	INFO	Processing message 0ec7d466-d174-4532-8908-5daa69b055a7

2024-01-23T21:01:19.508Z 2024-01-23T21:01:19.508Z	4adf3bc7-4b5c-513e-94d0-65ed6003f7f5	INFO	Start syncing the balance {
  transaction: {
    id: '01HMW2180EAQQ32R2ZH9FT7BJ4',
    type: 'DEBIT',
    source: 'MANUAL_DEDUCTION',
    action: 'DELIVERY_DEDUCTION',
    userId: '07cb8a00-acd7-4e6c-b4b1-ba09fecd14a4',
    paymentBalance: 99,
    updatePaymentBalance: true,
    metadata: '{"walletId":"wallet#07cb8a00-acd7-4e6c-b4b1-ba09fecd14a4","deliveryId":"20fe088e-b6b7-4f41-9b9e-22481f19d52f","walletSk":"20fe088e-b6b7-4f41-9b9e-22481f19d52f"}',
    currency: 'BHD',
    amount: 9,
    vat: 0,
    oldBalance: 117,
    newBalance: 108
  }
}

2024-01-23T21:01:19.573Z 2024-01-23T21:01:19.573Z	4adf3bc7-4b5c-513e-94d0-65ed6003f7f5	INFO	SubscriptionBalanceUpdated event published

2024-01-23T21:01:19.587Z 2024-01-23T21:01:19.587Z	4adf3bc7-4b5c-513e-94d0-65ed6003f7f5	ERROR	Subscription balance and payment balance are not in sync {
  userId: '07cb8a00-acd7-4e6c-b4b1-ba09fecd14a4',
  subscriptionBalance: 108,
  paymentBalance: 99
}

2024-01-23T21:01:19.615Z 2024-01-23T21:01:19.615Z	4adf3bc7-4b5c-513e-94d0-65ed6003f7f5	INFO	Processing message 4acb7306-c7bc-460c-9191-7aa2f3dbacf1

2024-01-23T21:01:19.621Z 2024-01-23T21:01:19.621Z	4adf3bc7-4b5c-513e-94d0-65ed6003f7f5	INFO	Start syncing the balance {
  transaction: {
    id: '01HMW217VJ3YXMEESRQ1AK6CB0',
    type: 'DEBIT',
    source: 'MANUAL_DEDUCTION',
    action: 'DELIVERY_DEDUCTION',
    userId: '999fad11-856f-4ac1-bf25-fd10dafb02e7',
    paymentBalance: 900,
    updatePaymentBalance: true,
    metadata: '{"walletId":"wallet#999fad11-856f-4ac1-bf25-fd10dafb02e7","deliveryId":"7ce62efb-a1d4-4420-9f2c-579dc62a45a3","walletSk":"7ce62efb-a1d4-4420-9f2c-579dc62a45a3"}',
    currency: 'SAR',
    amount: 90,
    vat: 0,
    oldBalance: 990,
    newBalance: 900
  }
}

2024-01-23T21:01:19.677Z 2024-01-23T21:01:19.677Z	4adf3bc7-4b5c-513e-94d0-65ed6003f7f5	INFO	SubscriptionBalanceUpdated event published

2024-01-23T21:01:19.691Z END RequestId: 4adf3bc7-4b5c-513e-94d0-65ed6003f7f5

2024-01-23T21:01:19.691Z REPORT RequestId: 4adf3bc7-4b5c-513e-94d0-65ed6003f7f5	Duration: 384.34 ms	Billed Duration: 385 ms	Memory Size: 1024 MB	Max Memory Used: 115 MB	

2024-01-23T21:01:20.099Z START RequestId: f4fc65a8-7e4c-50b2-8256-3b8255135c2b Version: $LATEST

2024-01-23T21:01:20.127Z 2024-01-23T21:01:20.127Z	f4fc65a8-7e4c-50b2-8256-3b8255135c2b	INFO	Processing message 9263f62b-825e-40c9-aa57-42c1bdc4938a

2024-01-23T21:01:20.134Z 2024-01-23T21:01:20.134Z	f4fc65a8-7e4c-50b2-8256-3b8255135c2b	INFO	Start syncing the balance {
  transaction: {
    id: '01HMW219701AMW4FM7WWCF67NW',
    type: 'DEBIT',
    source: 'MANUAL_DEDUCTION',
    action: 'DELIVERY_DEDUCTION',
    userId: '68da8896-3c0d-4029-885f-0e095c9aeeda',
    paymentBalance: 112,
    updatePaymentBalance: true,
    metadata: '{"walletId":"wallet#68da8896-3c0d-4029-885f-0e095c9aeeda","deliveryId":"f10e4179-eda4-4940-bd4a-39acf1da15d5","walletSk":"f10e4179-eda4-4940-bd4a-39acf1da15d5"}',
    currency: 'BHD',
    amount: 8,
    vat: 0,
    oldBalance: 120,
    newBalance: 112
  }
}

2024-01-23T21:01:20.192Z 2024-01-23T21:01:20.192Z	f4fc65a8-7e4c-50b2-8256-3b8255135c2b	INFO	SubscriptionBalanceUpdated event published

2024-01-23T21:01:20.206Z END RequestId: f4fc65a8-7e4c-50b2-8256-3b8255135c2b

2024-01-23T21:01:20.206Z REPORT RequestId: f4fc65a8-7e4c-50b2-8256-3b8255135c2b	Duration: 107.35 ms	Billed Duration: 108 ms	Memory Size: 1024 MB	Max Memory Used: 115 MB	

2024-01-23T21:01:20.341Z START RequestId: 51725759-1766-572e-9fc3-09733c39c1e5 Version: $LATEST

2024-01-23T21:01:20.365Z 2024-01-23T21:01:20.365Z	51725759-1766-572e-9fc3-09733c39c1e5	INFO	Processing message f3508a23-aa21-4a96-ba3a-d6a6b28da68a

2024-01-23T21:01:20.373Z 2024-01-23T21:01:20.373Z	51725759-1766-572e-9fc3-09733c39c1e5	INFO	Start syncing the balance {
  transaction: {
    id: '01HMW2197YX8YGSZ2Q3GSCMYDC',
    type: 'DEBIT',
    source: 'MANUAL_DEDUCTION',
    action: 'DELIVERY_DEDUCTION',
    userId: 'c06b6e73-2183-49c1-ba4b-78c66dab5f0d',
    paymentBalance: 254.6,
    updatePaymentBalance: true,
    metadata: '{"walletId":"wallet#c06b6e73-2183-49c1-ba4b-78c66dab5f0d","deliveryId":"c16f9848-d3a2-47df-9976-714f35781adb","walletSk":"c16f9848-d3a2-47df-9976-714f35781adb"}',
    currency: 'BHD',
    amount: 4,
    vat: 0,
    oldBalance: 258.6,
    newBalance: 254.6
  }
}

2024-01-23T21:01:20.440Z 2024-01-23T21:01:20.440Z	51725759-1766-572e-9fc3-09733c39c1e5	INFO	SubscriptionBalanceUpdated event published

2024-01-23T21:01:20.453Z END RequestId: 51725759-1766-572e-9fc3-09733c39c1e5

2024-01-23T21:01:20.453Z REPORT RequestId: 51725759-1766-572e-9fc3-09733c39c1e5	Duration: 112.52 ms	Billed Duration: 113 ms	Memory Size: 1024 MB	Max Memory Used: 115 MB	

2024-01-23T21:01:20.597Z START RequestId: f614cf91-58bc-5124-92d0-91bb73dc07ef Version: $LATEST

2024-01-23T21:01:20.624Z 2024-01-23T21:01:20.624Z	f614cf91-58bc-5124-92d0-91bb73dc07ef	INFO	Processing message aec3f934-4086-429b-bc7e-dbb2873aa62c

2024-01-23T21:01:20.630Z 2024-01-23T21:01:20.630Z	f614cf91-58bc-5124-92d0-91bb73dc07ef	INFO	Start syncing the balance {
  transaction: {
    id: '01HMW219G943V55XK6AYBQ15K4',
    type: 'DEBIT',
    source: 'MANUAL_DEDUCTION',
    action: 'DELIVERY_DEDUCTION',
    userId: 'cdd0df27-94a4-4f72-9e67-6f435cce0485',
    paymentBalance: 117.5,
    updatePaymentBalance: true,
    metadata: '{"walletId":"wallet#cdd0df27-94a4-4f72-9e67-6f435cce0485","deliveryId":"d71014cb-ed43-47cd-880a-3b279b9cf5a3","walletSk":"d71014cb-ed43-47cd-880a-3b279b9cf5a3"}',
    currency: 'BHD',
    amount: 9,
    vat: 0,
    oldBalance: 135.5,
    newBalance: 126.5
  }
}

2024-01-23T21:01:20.699Z 2024-01-23T21:01:20.699Z	f614cf91-58bc-5124-92d0-91bb73dc07ef	INFO	SubscriptionBalanceUpdated event published

2024-01-23T21:01:20.711Z 2024-01-23T21:01:20.711Z	f614cf91-58bc-5124-92d0-91bb73dc07ef	ERROR	Subscription balance and payment balance are not in sync {
  userId: 'cdd0df27-94a4-4f72-9e67-6f435cce0485',
  subscriptionBalance: 126.5,
  paymentBalance: 117.5
}

2024-01-23T21:01:20.768Z END RequestId: f614cf91-58bc-5124-92d0-91bb73dc07ef

2024-01-23T21:01:20.768Z REPORT RequestId: f614cf91-58bc-5124-92d0-91bb73dc07ef	Duration: 170.40 ms	Billed Duration: 171 ms	Memory Size: 1024 MB	Max Memory Used: 115 MB	

2024-01-23T21:01:21.400Z START RequestId: 7ef8b2ee-cc21-5de3-bc18-ecc4e7406b28 Version: $LATEST

2024-01-23T21:01:21.429Z 2024-01-23T21:01:21.429Z	7ef8b2ee-cc21-5de3-bc18-ecc4e7406b28	INFO	Processing message 5c8b89ba-b6f3-483d-8312-923719a969bd

2024-01-23T21:01:21.434Z 2024-01-23T21:01:21.434Z	7ef8b2ee-cc21-5de3-bc18-ecc4e7406b28	INFO	Start syncing the balance {
  transaction: {
    id: '01HMW21A10PNX1Z3JMKVQVVCNG',
    type: 'DEBIT',
    source: 'MANUAL_DEDUCTION',
    action: 'DELIVERY_DEDUCTION',
    userId: '47ab60dc-452f-4f1d-a3b6-141b43198aff',
    paymentBalance: 104,
    updatePaymentBalance: true,
    metadata: '{"walletId":"wallet#47ab60dc-452f-4f1d-a3b6-141b43198aff","deliveryId":"e8f7b3e4-bdda-4d7f-9f77-29408d3029ee","walletSk":"e8f7b3e4-bdda-4d7f-9f77-29408d3029ee"}',
    currency: 'BHD',
    amount: 8,
    vat: 0,
    oldBalance: 112,
    newBalance: 104
  }
}

2024-01-23T21:01:21.507Z 2024-01-23T21:01:21.507Z	7ef8b2ee-cc21-5de3-bc18-ecc4e7406b28	INFO	SubscriptionBalanceUpdated event published

2024-01-23T21:01:21.518Z END RequestId: 7ef8b2ee-cc21-5de3-bc18-ecc4e7406b28

2024-01-23T21:01:21.518Z REPORT RequestId: 7ef8b2ee-cc21-5de3-bc18-ecc4e7406b28	Duration: 117.97 ms	Billed Duration: 118 ms	Memory Size: 1024 MB	Max Memory Used: 115 MB	

2024-01-23T21:01:21.601Z START RequestId: 3b871b0a-480e-567e-ad44-4520636f9ae7 Version: $LATEST

2024-01-23T21:01:21.632Z 2024-01-23T21:01:21.632Z	3b871b0a-480e-567e-ad44-4520636f9ae7	INFO	Processing message a2266b98-cdb2-44a9-8e25-575b9d38b8b0

2024-01-23T21:01:21.637Z 2024-01-23T21:01:21.637Z	3b871b0a-480e-567e-ad44-4520636f9ae7	INFO	Start syncing the balance {
  transaction: {
    id: '01HMW21A6DGSY5D5P4SN2ZB73G',
    type: 'DEBIT',
    source: 'MANUAL_DEDUCTION',
    action: 'DELIVERY_DEDUCTION',
    userId: '6c1ec315-b160-46c5-9143-c465d4327529',
    paymentBalance: 90,
    updatePaymentBalance: true,
    metadata: '{"walletId":"wallet#6c1ec315-b160-46c5-9143-c465d4327529","deliveryId":"1437e6fd-3edb-405e-a495-a7d8645a61c0","walletSk":"1437e6fd-3edb-405e-a495-a7d8645a61c0"}',
    currency: 'BHD',
    amount: 8,
    vat: 0,
    oldBalance: 98,
    newBalance: 90
  }
}

2024-01-23T21:01:21.710Z 2024-01-23T21:01:21.710Z	3b871b0a-480e-567e-ad44-4520636f9ae7	INFO	SubscriptionBalanceUpdated event published

2024-01-23T21:01:21.725Z END RequestId: 3b871b0a-480e-567e-ad44-4520636f9ae7

2024-01-23T21:01:21.725Z REPORT RequestId: 3b871b0a-480e-567e-ad44-4520636f9ae7	Duration: 123.76 ms	Billed Duration: 124 ms	Memory Size: 1024 MB	Max Memory Used: 115 MB	

2024-01-23T21:01:21.828Z START RequestId: 7b44fb57-d86b-53e5-a391-a57df30af52e Version: $LATEST

2024-01-23T21:01:21.856Z 2024-01-23T21:01:21.856Z	7b44fb57-d86b-53e5-a391-a57df30af52e	INFO	Processing message 1dea9166-0a87-4661-bf84-856b9cbf027a

2024-01-23T21:01:21.862Z 2024-01-23T21:01:21.862Z	7b44fb57-d86b-53e5-a391-a57df30af52e	INFO	Start syncing the balance {
  transaction: {
    id: '01HMW21AQ08J8RQK541MG7369M',
    type: 'DEBIT',
    source: 'MANUAL_DEDUCTION',
    action: 'DELIVERY_DEDUCTION',
    userId: 'c3d5a0ac-89f2-43a6-a880-640ad2538d1a',
    paymentBalance: 249.5,
    updatePaymentBalance: true,
    metadata: '{"walletId":"wallet#c3d5a0ac-89f2-43a6-a880-640ad2538d1a","deliveryId":"f39f4aae-9dd5-498c-ad4b-80600b9937de","walletSk":"f39f4aae-9dd5-498c-ad4b-80600b9937de"}',
    currency: 'BHD',
    amount: 2.5,
    vat: 0,
    oldBalance: 252,
    newBalance: 249.5
  }
}

2024-01-23T21:01:21.924Z 2024-01-23T21:01:21.924Z	7b44fb57-d86b-53e5-a391-a57df30af52e	INFO	SubscriptionBalanceUpdated event published

2024-01-23T21:01:21.942Z END RequestId: 7b44fb57-d86b-53e5-a391-a57df30af52e

2024-01-23T21:01:21.942Z REPORT RequestId: 7b44fb57-d86b-53e5-a391-a57df30af52e	Duration: 113.37 ms	Billed Duration: 114 ms	Memory Size: 1024 MB	Max Memory Used: 115 MB	

2024-01-23T21:01:21.970Z START RequestId: b98e340e-6e69-5945-89e1-6a24450865dc Version: $LATEST

2024-01-23T21:01:21.985Z 2024-01-23T21:01:21.985Z	b98e340e-6e69-5945-89e1-6a24450865dc	INFO	Processing message 698f6696-cd55-4aff-a333-ce08cd5398ce

2024-01-23T21:01:21.995Z 2024-01-23T21:01:21.995Z	b98e340e-6e69-5945-89e1-6a24450865dc	INFO	Start syncing the balance {
  transaction: {
    id: '01HMW21APGC2CGF6GJK5XVE9B8',
    type: 'DEBIT',
    source: 'MANUAL_DEDUCTION',
    action: 'DELIVERY_DEDUCTION',
    userId: '6e44450d-f3af-4661-ab1a-4f857ee3040f',
    paymentBalance: 23.93,
    updatePaymentBalance: true,
    metadata: '{"walletId":"wallet#6e44450d-f3af-4661-ab1a-4f857ee3040f","deliveryId":"8cd46e30-9f33-4f41-b174-e9b013b442f1","walletSk":"8cd46e30-9f33-4f41-b174-e9b013b442f1"}',
    currency: 'BHD',
    amount: 8,
    vat: 0,
    oldBalance: 33.49,
    newBalance: 25.49
  }
}

2024-01-23T21:01:22.074Z 2024-01-23T21:01:22.074Z	b98e340e-6e69-5945-89e1-6a24450865dc	INFO	SubscriptionBalanceUpdated event published

2024-01-23T21:01:22.229Z 2024-01-23T21:01:22.229Z	b98e340e-6e69-5945-89e1-6a24450865dc	ERROR	Subscription balance and payment balance are not in sync {
  userId: '6e44450d-f3af-4661-ab1a-4f857ee3040f',
  subscriptionBalance: 25.49,
  paymentBalance: 23.93
}

2024-01-23T21:01:22.279Z END RequestId: b98e340e-6e69-5945-89e1-6a24450865dc

2024-01-23T21:01:22.279Z REPORT RequestId: b98e340e-6e69-5945-89e1-6a24450865dc	Duration: 308.79 ms	Billed Duration: 309 ms	Memory Size: 1024 MB	Max Memory Used: 115 MB	

2024-01-23T21:01:22.584Z START RequestId: cfbf0ba0-4e76-53f7-a151-558a6514353c Version: $LATEST

2024-01-23T21:01:22.603Z 2024-01-23T21:01:22.603Z	cfbf0ba0-4e76-53f7-a151-558a6514353c	INFO	Processing message c7839906-c831-4621-992f-a718256012b5

2024-01-23T21:01:22.608Z 2024-01-23T21:01:22.608Z	cfbf0ba0-4e76-53f7-a151-558a6514353c	INFO	Start syncing the balance {
  transaction: {
    id: '01HMW21B659S6GTDXHJ0VZ3CEW',
    type: 'DEBIT',
    source: 'MANUAL_DEDUCTION',
    action: 'DELIVERY_DEDUCTION',
    userId: '35d6378d-dd42-42e6-8e21-1656572aca3f',
    paymentBalance: 120,
    updatePaymentBalance: true,
    metadata: '{"walletId":"wallet#35d6378d-dd42-42e6-8e21-1656572aca3f","deliveryId":"91711730-ae47-4446-8d9b-cf2adf464f99","walletSk":"91711730-ae47-4446-8d9b-cf2adf464f99"}',
    currency: 'BHD',
    amount: 9,
    vat: 0,
    oldBalance: 129,
    newBalance: 120
  }
}

2024-01-23T21:01:22.677Z 2024-01-23T21:01:22.677Z	cfbf0ba0-4e76-53f7-a151-558a6514353c	INFO	SubscriptionBalanceUpdated event published

2024-01-23T21:01:22.692Z END RequestId: cfbf0ba0-4e76-53f7-a151-558a6514353c

2024-01-23T21:01:22.692Z REPORT RequestId: cfbf0ba0-4e76-53f7-a151-558a6514353c	Duration: 107.70 ms	Billed Duration: 108 ms	Memory Size: 1024 MB	Max Memory Used: 115 MB	

2024-01-23T21:01:24.878Z START RequestId: 398d6e1e-3185-5933-bff6-30341ae1e5aa Version: $LATEST

2024-01-23T21:01:24.904Z 2024-01-23T21:01:24.904Z	398d6e1e-3185-5933-bff6-30341ae1e5aa	INFO	Processing message 781031f9-8e8f-440d-a774-091c75301c2b

2024-01-23T21:01:24.910Z 2024-01-23T21:01:24.910Z	398d6e1e-3185-5933-bff6-30341ae1e5aa	INFO	Start syncing the balance {
  transaction: {
    id: '01HMW21DW960X4KH1ECFN75NT6',
    type: 'DEBIT',
    source: 'MANUAL_DEDUCTION',
    action: 'DELIVERY_DEDUCTION',
    userId: '460733e0-3f51-4cb4-b870-9f1a50ffd1a9',
    paymentBalance: 251.364,
    updatePaymentBalance: true,
    metadata: '{"walletId":"wallet#460733e0-3f51-4cb4-b870-9f1a50ffd1a9","deliveryId":"46548b1f-5eba-43c9-b0d9-a83fab244b2c","walletSk":"46548b1f-5eba-43c9-b0d9-a83fab244b2c"}',
    currency: 'BHD',
    amount: 9,
    vat: 0,
    oldBalance: 260.364,
    newBalance: 251.364
  }
}

2024-01-23T21:01:24.979Z 2024-01-23T21:01:24.979Z	398d6e1e-3185-5933-bff6-30341ae1e5aa	INFO	SubscriptionBalanceUpdated event published

2024-01-23T21:01:24.991Z END RequestId: 398d6e1e-3185-5933-bff6-30341ae1e5aa

2024-01-23T21:01:24.991Z REPORT RequestId: 398d6e1e-3185-5933-bff6-30341ae1e5aa	Duration: 112.54 ms	Billed Duration: 113 ms	Memory Size: 1024 MB	Max Memory Used: 115 MB	

2024-01-23T21:01:25.344Z START RequestId: 7697d388-d554-552b-9aa7-8da2fe3153e0 Version: $LATEST

2024-01-23T21:01:25.359Z 2024-01-23T21:01:25.359Z	7697d388-d554-552b-9aa7-8da2fe3153e0	INFO	Processing message f8b169a1-ce7d-43fb-9d89-784d29b71014

2024-01-23T21:01:25.364Z 2024-01-23T21:01:25.364Z	7697d388-d554-552b-9aa7-8da2fe3153e0	INFO	Start syncing the balance {
  transaction: {
    id: '01HMW21E557V9XBWHT8KAF9GXN',
    type: 'DEBIT',
    source: 'MANUAL_DEDUCTION',
    action: 'DELIVERY_DEDUCTION',
    userId: 'aea9e5de-6ce6-4873-8574-f8237677fe69',
    paymentBalance: 244,
    updatePaymentBalance: true,
    metadata: '{"walletId":"wallet#aea9e5de-6ce6-4873-8574-f8237677fe69","deliveryId":"dc970b2e-3010-4fc1-9a3c-b69cb6ed542d","walletSk":"dc970b2e-3010-4fc1-9a3c-b69cb6ed542d"}',
    currency: 'BHD',
    amount: 8,
    vat: 0,
    oldBalance: 252,
    newBalance: 244
  }
}

2024-01-23T21:01:25.473Z 2024-01-23T21:01:25.473Z	7697d388-d554-552b-9aa7-8da2fe3153e0	INFO	SubscriptionBalanceUpdated event published

2024-01-23T21:01:25.486Z END RequestId: 7697d388-d554-552b-9aa7-8da2fe3153e0

2024-01-23T21:01:25.486Z REPORT RequestId: 7697d388-d554-552b-9aa7-8da2fe3153e0	Duration: 142.54 ms	Billed Duration: 143 ms	Memory Size: 1024 MB	Max Memory Used: 115 MB	

2024-01-23T21:01:26.114Z START RequestId: 80624089-405a-5c88-8b02-1ea36b3ff6a4 Version: $LATEST

2024-01-23T21:01:26.131Z 2024-01-23T21:01:26.131Z	80624089-405a-5c88-8b02-1ea36b3ff6a4	INFO	Processing message 8a72b832-cb24-4c76-9847-a7b7bb269e92

2024-01-23T21:01:26.137Z 2024-01-23T21:01:26.137Z	80624089-405a-5c88-8b02-1ea36b3ff6a4	INFO	Start syncing the balance {
  transaction: {
    id: '01HMW21EM6QWDJE0YXEYY89S75',
    type: 'DEBIT',
    source: 'MANUAL_DEDUCTION',
    action: 'DELIVERY_DEDUCTION',
    userId: 'daa2bf74-cf31-4552-9e85-acb48a7c3f90',
    paymentBalance: 651.091,
    updatePaymentBalance: true,
    metadata: '{"walletId":"wallet#daa2bf74-cf31-4552-9e85-acb48a7c3f90","deliveryId":"2496007d-a0bd-451e-9303-6e03154887b8","walletSk":"2496007d-a0bd-451e-9303-6e03154887b8"}',
    currency: 'BHD',
    amount: 9,
    vat: 0,
    oldBalance: 252.091,
    newBalance: 243.091
  }
}

2024-01-23T21:01:26.193Z 2024-01-23T21:01:26.193Z	80624089-405a-5c88-8b02-1ea36b3ff6a4	INFO	SubscriptionBalanceUpdated event published

2024-01-23T21:01:26.218Z 2024-01-23T21:01:26.218Z	80624089-405a-5c88-8b02-1ea36b3ff6a4	ERROR	Subscription balance and payment balance are not in sync {
  userId: 'daa2bf74-cf31-4552-9e85-acb48a7c3f90',
  subscriptionBalance: 243.091,
  paymentBalance: 651.091
}

2024-01-23T21:01:26.243Z END RequestId: 80624089-405a-5c88-8b02-1ea36b3ff6a4

2024-01-23T21:01:26.243Z REPORT RequestId: 80624089-405a-5c88-8b02-1ea36b3ff6a4	Duration: 129.43 ms	Billed Duration: 130 ms	Memory Size: 1024 MB	Max Memory Used: 115 MB	

2024-01-23T21:01:26.318Z START RequestId: 562ea7a2-fed2-5914-a79e-f988d5b4458d Version: $LATEST

2024-01-23T21:01:26.343Z 2024-01-23T21:01:26.343Z	562ea7a2-fed2-5914-a79e-f988d5b4458d	INFO	Processing message 2ccac2d1-11db-45ed-8086-549d66423bb0

2024-01-23T21:01:26.348Z 2024-01-23T21:01:26.348Z	562ea7a2-fed2-5914-a79e-f988d5b4458d	INFO	Start syncing the balance {
  transaction: {
    id: '01HMW21EVHYDZSG4WTPT95KQRN',
    type: 'DEBIT',
    source: 'MANUAL_DEDUCTION',
    action: 'DELIVERY_DEDUCTION',
    userId: '133b402d-c353-4365-a759-d84e09c4533d',
    paymentBalance: 9490.6,
    updatePaymentBalance: true,
    metadata: '{"walletId":"wallet#133b402d-c353-4365-a759-d84e09c4533d","deliveryId":"f8a25c70-09eb-4d1b-894e-2f37da696bcf","walletSk":"f8a25c70-09eb-4d1b-894e-2f37da696bcf"}',
    currency: 'BHD',
    amount: 6.5,
    vat: 0,
    oldBalance: 9497.1,
    newBalance: 9490.6
  }
}

2024-01-23T21:01:26.414Z 2024-01-23T21:01:26.414Z	562ea7a2-fed2-5914-a79e-f988d5b4458d	INFO	SubscriptionBalanceUpdated event published

2024-01-23T21:01:26.428Z 2024-01-23T21:01:26.428Z	562ea7a2-fed2-5914-a79e-f988d5b4458d	INFO	Processing message 4d0cd475-1d7c-4643-8fef-dbb787c9913d

2024-01-23T21:01:26.433Z 2024-01-23T21:01:26.433Z	562ea7a2-fed2-5914-a79e-f988d5b4458d	INFO	Start syncing the balance {
  transaction: {
    id: '01HMW21EXS15KRJVQ24P2S0EN3',
    type: 'DEBIT',
    source: 'MANUAL_DEDUCTION',
    action: 'DELIVERY_DEDUCTION',
    userId: '774e69ea-6841-4fbe-a007-6c5fe7feba4e',
    paymentBalance: 99,
    updatePaymentBalance: true,
    metadata: '{"walletId":"wallet#774e69ea-6841-4fbe-a007-6c5fe7feba4e","deliveryId":"1027e375-1384-4513-a4db-efca710717b8","walletSk":"1027e375-1384-4513-a4db-efca710717b8"}',
    currency: 'BHD',
    amount: 9,
    vat: 0,
    oldBalance: 117,
    newBalance: 108
  }
}

2024-01-23T21:01:26.490Z 2024-01-23T21:01:26.490Z	562ea7a2-fed2-5914-a79e-f988d5b4458d	INFO	SubscriptionBalanceUpdated event published

2024-01-23T21:01:26.502Z 2024-01-23T21:01:26.502Z	562ea7a2-fed2-5914-a79e-f988d5b4458d	ERROR	Subscription balance and payment balance are not in sync {
  userId: '774e69ea-6841-4fbe-a007-6c5fe7feba4e',
  subscriptionBalance: 108,
  paymentBalance: 99
}

2024-01-23T21:09:54.931Z START RequestId: 097c3639-dcf8-5400-aa89-6813f19981e8 Version: $LATEST

2024-01-23T21:09:54.961Z 2024-01-23T21:09:54.961Z	097c3639-dcf8-5400-aa89-6813f19981e8	INFO	Processing message 6b66fdbc-0dec-419f-9065-af3eb4b3a931

2024-01-23T21:09:54.966Z 2024-01-23T21:09:54.966Z	097c3639-dcf8-5400-aa89-6813f19981e8	INFO	Start syncing the balance {
  transaction: {
    id: '01HMW2GZMWZ73CVQJ4BSDJKWE5',
    type: 'DEBIT',
    source: 'MANUAL_DEDUCTION',
    action: 'DELIVERY_DEDUCTION',
    userId: '66bbc06f-0bb0-40a8-9b2f-ca307be70653',
    paymentBalance: 90,
    updatePaymentBalance: true,
    metadata: '{"walletId":"wallet#66bbc06f-0bb0-40a8-9b2f-ca307be70653","deliveryId":"92ce0e17-2879-42f7-b360-a6e99ec837c7","walletSk":"92ce0e17-2879-42f7-b360-a6e99ec837c7"}',
    currency: 'BHD',
    amount: 9,
    vat: 0,
    oldBalance: 108,
    newBalance: 99
  }
}

2024-01-23T21:09:55.035Z 2024-01-23T21:09:55.035Z	097c3639-dcf8-5400-aa89-6813f19981e8	INFO	SubscriptionBalanceUpdated event published

2024-01-23T21:09:55.066Z 2024-01-23T21:09:55.066Z	097c3639-dcf8-5400-aa89-6813f19981e8	ERROR	Subscription balance and payment balance are not in sync {
  userId: '66bbc06f-0bb0-40a8-9b2f-ca307be70653',
  subscriptionBalance: 99,
  paymentBalance: 90
}

2024-01-23T21:09:55.084Z END RequestId: 097c3639-dcf8-5400-aa89-6813f19981e8

2024-01-23T21:09:55.084Z REPORT RequestId: 097c3639-dcf8-5400-aa89-6813f19981e8	Duration: 152.50 ms	Billed Duration: 153 ms	Memory Size: 1024 MB	Max Memory Used: 115 MB	

2024-01-23T21:01:05.847Z START RequestId: 223889d2-7068-5e68-9f9e-d7f85b396dc8 Version: $LATEST

2024-01-23T21:01:05.911Z 2024-01-23T21:01:05.911Z	223889d2-7068-5e68-9f9e-d7f85b396dc8	INFO	Processing message 0354b177-9061-47f1-88c9-9daa9ece9cc8

2024-01-23T21:01:05.927Z 2024-01-23T21:01:05.927Z	223889d2-7068-5e68-9f9e-d7f85b396dc8	INFO	Start syncing the balance {
  transaction: {
    id: '01HMW20PCTWGPK17R1MK5DZ6N3',
    type: 'DEBIT',
    source: 'MANUAL_DEDUCTION',
    action: 'DELIVERY_DEDUCTION',
    userId: 'e4e20c29-6c0c-4b17-8014-7d04989b7b24',
    paymentBalance: 88,
    updatePaymentBalance: true,
    metadata: '{"walletId":"wallet#e4e20c29-6c0c-4b17-8014-7d04989b7b24","deliveryId":"9c5c3af8-a3cc-4155-9d12-4c9178203b13","walletSk":"9c5c3af8-a3cc-4155-9d12-4c9178203b13"}',
    currency: 'BHD',
    amount: 8,
    vat: 0,
    oldBalance: 96,
    newBalance: 88
  }
}

2024-01-23T21:01:06.029Z 2024-01-23T21:01:06.029Z	223889d2-7068-5e68-9f9e-d7f85b396dc8	INFO	SubscriptionBalanceUpdated event published

2024-01-23T21:01:06.048Z 2024-01-23T21:01:06.048Z	223889d2-7068-5e68-9f9e-d7f85b396dc8	INFO	Processing message ae5acd8f-af62-4be1-959c-ae3491c5d270

2024-01-23T21:01:06.054Z 2024-01-23T21:01:06.054Z	223889d2-7068-5e68-9f9e-d7f85b396dc8	INFO	Start syncing the balance {
  transaction: {
    id: '01HMW20PQQ9XS4YNCXQM0ARXHV',
    type: 'DEBIT',
    source: 'MANUAL_DEDUCTION',
    action: 'DELIVERY_DEDUCTION',
    userId: 'e27bcab1-50f2-409c-aa7e-e0ab8fd0f879',
    paymentBalance: 900,
    updatePaymentBalance: true,
    metadata: '{"walletId":"wallet#e27bcab1-50f2-409c-aa7e-e0ab8fd0f879","deliveryId":"06820c7c-6dba-462b-86df-aed8eaeadeff","walletSk":"06820c7c-6dba-462b-86df-aed8eaeadeff"}',
    currency: 'SAR',
    amount: 90,
    vat: 0,
    oldBalance: 990,
    newBalance: 900
  }
}

2024-01-23T21:01:06.113Z 2024-01-23T21:01:06.113Z	223889d2-7068-5e68-9f9e-d7f85b396dc8	INFO	SubscriptionBalanceUpdated event published

2024-01-23T21:01:06.133Z 2024-01-23T21:01:06.133Z	223889d2-7068-5e68-9f9e-d7f85b396dc8	INFO	Processing message b3254dc6-460e-47aa-a080-899d8b877598

2024-01-23T21:01:06.139Z 2024-01-23T21:01:06.139Z	223889d2-7068-5e68-9f9e-d7f85b396dc8	INFO	Start syncing the balance {
  transaction: {
    id: '01HMW20QKGV18G8GX138NBYY9M',
    type: 'DEBIT',
    source: 'MANUAL_DEDUCTION',
    action: 'DELIVERY_DEDUCTION',
    userId: '65fb8468-ab23-484c-ab82-2b2cac056643',
    paymentBalance: 75,
    updatePaymentBalance: true,
    metadata: '{"walletId":"wallet#65fb8468-ab23-484c-ab82-2b2cac056643","deliveryId":"a1c25d28-4c9a-4c37-9eee-0de0919ed4db","walletSk":"a1c25d28-4c9a-4c37-9eee-0de0919ed4db"}',
    currency: 'KWD',
    amount: 7.5,
    vat: 0,
    oldBalance: 82.5,
    newBalance: 75
  }
}

2024-01-23T21:01:06.199Z 2024-01-23T21:01:06.199Z	223889d2-7068-5e68-9f9e-d7f85b396dc8	INFO	SubscriptionBalanceUpdated event published

2024-01-23T21:01:06.213Z 2024-01-23T21:01:06.213Z	223889d2-7068-5e68-9f9e-d7f85b396dc8	INFO	Processing message 45ac75ad-13a5-4551-a5e6-13a5bb49f883

2024-01-23T21:01:06.219Z 2024-01-23T21:01:06.219Z	223889d2-7068-5e68-9f9e-d7f85b396dc8	INFO	Start syncing the balance {
  transaction: {
    id: '01HMW20QTJ2P58V341EDF3F27W',
    type: 'DEBIT',
    source: 'MANUAL_DEDUCTION',
    action: 'DELIVERY_DEDUCTION',
    userId: '47d03621-dec7-4429-bee2-02be753fcdc4',
    paymentBalance: 94,
    updatePaymentBalance: true,
    metadata: '{"walletId":"wallet#47d03621-dec7-4429-bee2-02be753fcdc4","deliveryId":"5a1fb567-843c-419b-a99d-06751a14e5dc","walletSk":"5a1fb567-843c-419b-a99d-06751a14e5dc"}',
    currency: 'BHD',
    amount: 8,
    vat: 0,
    oldBalance: 111,
    newBalance: 103
  }
}

2024-01-23T21:01:06.274Z 2024-01-23T21:01:06.274Z	223889d2-7068-5e68-9f9e-d7f85b396dc8	INFO	SubscriptionBalanceUpdated event published

2024-01-23T21:01:06.285Z 2024-01-23T21:01:06.285Z	223889d2-7068-5e68-9f9e-d7f85b396dc8	ERROR	Subscription balance and payment balance are not in sync {
  userId: '47d03621-dec7-4429-bee2-02be753fcdc4',
  subscriptionBalance: 103,
  paymentBalance: 94
}

2024-01-23T21:01:06.330Z 2024-01-23T21:01:06.330Z	223889d2-7068-5e68-9f9e-d7f85b396dc8	INFO	Processing message c3a7f7c0-4689-4be8-8a8d-12a4ec39ffbc

2024-01-23T21:01:06.336Z 2024-01-23T21:01:06.336Z	223889d2-7068-5e68-9f9e-d7f85b396dc8	INFO	Start syncing the balance {
  transaction: {
    id: '01HMW20Q6600HGD48BPRHX8GH1',
    type: 'DEBIT',
    source: 'MANUAL_DEDUCTION',
    action: 'DELIVERY_DEDUCTION',
    userId: '2c77a724-b701-4868-b804-c96855a3e9d8',
    paymentBalance: 1612.3,
    updatePaymentBalance: true,
    metadata: '{"walletId":"wallet#2c77a724-b701-4868-b804-c96855a3e9d8","deliveryId":"97ebf28b-c100-4c3c-b450-a29397977c17","walletSk":"97ebf28b-c100-4c3c-b450-a29397977c17"}',
    currency: 'BHD',
    amount: 8,
    vat: 0,
    oldBalance: 1620.3,
    newBalance: 1612.3
  }
}

2024-01-23T21:01:06.390Z 2024-01-23T21:01:06.390Z	223889d2-7068-5e68-9f9e-d7f85b396dc8	INFO	SubscriptionBalanceUpdated event published

2024-01-23T21:01:06.406Z 2024-01-23T21:01:06.406Z	223889d2-7068-5e68-9f9e-d7f85b396dc8	INFO	Processing message cf200296-3ccb-4cc6-b658-30261f6d9cb3

2024-01-23T21:01:06.413Z 2024-01-23T21:01:06.413Z	223889d2-7068-5e68-9f9e-d7f85b396dc8	INFO	Start syncing the balance {
  transaction: {
    id: '01HMW20QWSHPHVEWVKM3718D26',
    type: 'DEBIT',
    source: 'MANUAL_DEDUCTION',
    action: 'DELIVERY_DEDUCTION',
    userId: 'b3aab2eb-c83f-488f-9108-5fcbf7a5feba',
    paymentBalance: 56.8,
    updatePaymentBalance: true,
    metadata: '{"walletId":"wallet#b3aab2eb-c83f-488f-9108-5fcbf7a5feba","deliveryId":"0bf01cd3-eb8f-4329-8af5-8f9ead8ed50c","walletSk":"0bf01cd3-eb8f-4329-8af5-8f9ead8ed50c"}',
    currency: 'BHD',
    amount: 1.8,
    vat: 0,
    oldBalance: 7,
    newBalance: 5.2
  }
}

2024-01-23T21:01:06.472Z 2024-01-23T21:01:06.472Z	223889d2-7068-5e68-9f9e-d7f85b396dc8	INFO	SubscriptionBalanceUpdated event published

2024-01-23T21:01:06.486Z 2024-01-23T21:01:06.486Z	223889d2-7068-5e68-9f9e-d7f85b396dc8	ERROR	Subscription balance and payment balance are not in sync {
  userId: 'b3aab2eb-c83f-488f-9108-5fcbf7a5feba',
  subscriptionBalance: 5.2,
  paymentBalance: 56.8
}

2024-01-23T21:01:06.525Z 2024-01-23T21:01:06.525Z	223889d2-7068-5e68-9f9e-d7f85b396dc8	INFO	Processing message e8d01396-f791-4d90-b922-6a3aba429110

2024-01-23T21:01:06.531Z 2024-01-23T21:01:06.531Z	223889d2-7068-5e68-9f9e-d7f85b396dc8	INFO	Start syncing the balance {
  transaction: {
    id: '01HMW20R3HA928TDZM3D37ET5N',
    type: 'DEBIT',
    source: 'MANUAL_DEDUCTION',
    action: 'DELIVERY_DEDUCTION',
    userId: '80ef257d-475d-4adf-9e45-41856f41214e',
    paymentBalance: 83,
    updatePaymentBalance: true,
    metadata: '{"walletId":"wallet#80ef257d-475d-4adf-9e45-41856f41214e","deliveryId":"98d2e1ce-7ac2-498b-8ad8-f004d8505695","walletSk":"98d2e1ce-7ac2-498b-8ad8-f004d8505695"}',
    currency: 'BHD',
    amount: 7,
    vat: 0,
    oldBalance: 90,
    newBalance: 83
  }
}

2024-01-23T21:01:06.587Z 2024-01-23T21:01:06.587Z	223889d2-7068-5e68-9f9e-d7f85b396dc8	INFO	SubscriptionBalanceUpdated event published

2024-01-23T21:01:06.601Z 2024-01-23T21:01:06.601Z	223889d2-7068-5e68-9f9e-d7f85b396dc8	INFO	Processing message caa9017d-e443-4853-9e77-28e1b5353884

2024-01-23T21:01:06.608Z 2024-01-23T21:01:06.608Z	223889d2-7068-5e68-9f9e-d7f85b396dc8	INFO	Start syncing the balance {
  transaction: {
    id: '01HMW20RC26G8NZ53FVRWCJQC5',
    type: 'DEBIT',
    source: 'MANUAL_DEDUCTION',
    action: 'DELIVERY_DEDUCTION',
    userId: '608e45e6-0a97-4054-ac29-51a125d92af9',
    paymentBalance: 114.182,
    updatePaymentBalance: true,
    metadata: '{"walletId":"wallet#608e45e6-0a97-4054-ac29-51a125d92af9","deliveryId":"42bbb2eb-41fe-4bd5-b9db-e035f698de8a","walletSk":"42bbb2eb-41fe-4bd5-b9db-e035f698de8a"}',
    currency: 'BHD',
    amount: 8,
    vat: 0,
    oldBalance: 122.182,
    newBalance: 114.182
  }
}

2024-01-23T21:01:06.665Z 2024-01-23T21:01:06.665Z	223889d2-7068-5e68-9f9e-d7f85b396dc8	INFO	SubscriptionBalanceUpdated event published

2024-01-23T21:01:06.678Z 2024-01-23T21:01:06.678Z	223889d2-7068-5e68-9f9e-d7f85b396dc8	INFO	Processing message f6f5e55e-b3e8-40ba-9ed7-226183f1c032

2024-01-23T21:01:06.684Z 2024-01-23T21:01:06.684Z	223889d2-7068-5e68-9f9e-d7f85b396dc8	INFO	Start syncing the balance {
  transaction: {
    id: '01HMW20RF0WGFSHP6ZRNB9616R',
    type: 'DEBIT',
    source: 'MANUAL_DEDUCTION',
    action: 'DELIVERY_DEDUCTION',
    userId: 'e8062346-faa2-400f-a070-a970fc4caab4',
    paymentBalance: 1619.11,
    updatePaymentBalance: true,
    metadata: '{"walletId":"wallet#e8062346-faa2-400f-a070-a970fc4caab4","deliveryId":"5873a7c5-a0f1-4317-98a1-0a90120d0117","walletSk":"5873a7c5-a0f1-4317-98a1-0a90120d0117"}',
    currency: 'BHD',
    amount: 4.5,
    vat: 0,
    oldBalance: 108,
    newBalance: 103.5
  }
}

2024-01-23T21:01:06.745Z 2024-01-23T21:01:06.745Z	223889d2-7068-5e68-9f9e-d7f85b396dc8	INFO	SubscriptionBalanceUpdated event published

2024-01-23T21:01:06.762Z 2024-01-23T21:01:06.762Z	223889d2-7068-5e68-9f9e-d7f85b396dc8	ERROR	Subscription balance and payment balance are not in sync {
  userId: 'e8062346-faa2-400f-a070-a970fc4caab4',
  subscriptionBalance: 103.5,
  paymentBalance: 1619.11
}

2024-01-23T21:01:06.787Z 2024-01-23T21:01:06.787Z	223889d2-7068-5e68-9f9e-d7f85b396dc8	INFO	Processing message dc8e392c-9301-4d30-98a5-6dbe4a6e0eb8

2024-01-23T21:01:06.793Z 2024-01-23T21:01:06.793Z	223889d2-7068-5e68-9f9e-d7f85b396dc8	INFO	Start syncing the balance {
  transaction: {
    id: '01HMW20R6S04S1EGXR2TX1EKX3',
    type: 'DEBIT',
    source: 'MANUAL_DEDUCTION',
    action: 'DELIVERY_DEDUCTION',
    userId: '918122aa-3a94-4a48-8a42-ebf049fa6fb9',
    paymentBalance: 376,
    updatePaymentBalance: true,
    metadata: '{"walletId":"wallet#918122aa-3a94-4a48-8a42-ebf049fa6fb9","deliveryId":"996ca60c-1988-4a96-b64c-7e1339b1ebcc","walletSk":"996ca60c-1988-4a96-b64c-7e1339b1ebcc"}',
    currency: 'BHD',
    amount: 8,
    vat: 0,
    oldBalance: 72,
    newBalance: 64
  }
}

2024-01-23T21:01:06.876Z 2024-01-23T21:01:06.876Z	223889d2-7068-5e68-9f9e-d7f85b396dc8	INFO	SubscriptionBalanceUpdated event published

2024-01-23T21:01:06.890Z 2024-01-23T21:01:06.890Z	223889d2-7068-5e68-9f9e-d7f85b396dc8	ERROR	Subscription balance and payment balance are not in sync {
  userId: '918122aa-3a94-4a48-8a42-ebf049fa6fb9',
  subscriptionBalance: 64,
  paymentBalance: 376
}

2024-01-23T21:01:06.919Z END RequestId: 223889d2-7068-5e68-9f9e-d7f85b396dc8

2024-01-23T21:01:06.919Z REPORT RequestId: 223889d2-7068-5e68-9f9e-d7f85b396dc8	Duration: 1072.54 ms	Billed Duration: 1073 ms	Memory Size: 1024 MB	Max Memory Used: 108 MB	
XRAY TraceId: 1-65b02911-0402f5e328ea1376cf0c6ae0	SegmentId: 32c43adc24df5c04	Sampled: true	

2024-01-23T21:01:07.105Z START RequestId: 575caeaa-dc3c-558c-84e7-f080f76ee62c Version: $LATEST

2024-01-23T21:01:07.136Z 2024-01-23T21:01:07.136Z	575caeaa-dc3c-558c-84e7-f080f76ee62c	INFO	Processing message 487a2e73-2391-46c1-a908-19de4f0b661a

2024-01-23T21:01:07.142Z 2024-01-23T21:01:07.142Z	575caeaa-dc3c-558c-84e7-f080f76ee62c	INFO	Start syncing the balance {
  transaction: {
    id: '01HMW20RXS24GEQ4YM47Z9XSSV',
    type: 'DEBIT',
    source: 'MANUAL_DEDUCTION',
    action: 'DELIVERY_DEDUCTION',
    userId: 'ed8ae02d-fec8-442c-b23a-dc605b9b0a56',
    paymentBalance: 1170,
    updatePaymentBalance: true,
    metadata: '{"walletId":"wallet#ed8ae02d-fec8-442c-b23a-dc605b9b0a56","deliveryId":"e1d3fc13-3a1d-4992-8dd8-0c105d087970","walletSk":"e1d3fc13-3a1d-4992-8dd8-0c105d087970"}',
    currency: 'SAR',
    amount: 90,
    vat: 0,
    oldBalance: 1260,
    newBalance: 1170
  }
}

2024-01-23T21:01:07.212Z 2024-01-23T21:01:07.212Z	575caeaa-dc3c-558c-84e7-f080f76ee62c	INFO	SubscriptionBalanceUpdated event published

2024-01-23T21:01:07.225Z 2024-01-23T21:01:07.225Z	575caeaa-dc3c-558c-84e7-f080f76ee62c	INFO	Processing message 4496cdb4-a1d3-4cea-9e8c-bf7a9254d40d

2024-01-23T21:01:07.231Z 2024-01-23T21:01:07.231Z	575caeaa-dc3c-558c-84e7-f080f76ee62c	INFO	Start syncing the balance {
  transaction: {
    id: '01HMW20S2X0WCPPTFHHBE7D8JD',
    type: 'DEBIT',
    source: 'MANUAL_DEDUCTION',
    action: 'DELIVERY_DEDUCTION',
    userId: '8c5e33e3-3618-4d09-8e79-c8d42c74731d',
    paymentBalance: 129,
    updatePaymentBalance: true,
    metadata: '{"walletId":"wallet#8c5e33e3-3618-4d09-8e79-c8d42c74731d","deliveryId":"ffc10709-6e5c-4023-8ea3-dba455580ba1","walletSk":"ffc10709-6e5c-4023-8ea3-dba455580ba1"}',
    currency: 'BHD',
    amount: 9,
    vat: 0,
    oldBalance: 147,
    newBalance: 138
  }
}

2024-01-23T21:01:07.333Z 2024-01-23T21:01:07.333Z	575caeaa-dc3c-558c-84e7-f080f76ee62c	INFO	SubscriptionBalanceUpdated event published

2024-01-23T21:01:07.345Z 2024-01-23T21:01:07.345Z	575caeaa-dc3c-558c-84e7-f080f76ee62c	ERROR	Subscription balance and payment balance are not in sync {
  userId: '8c5e33e3-3618-4d09-8e79-c8d42c74731d',
  subscriptionBalance: 138,
  paymentBalance: 129
}

2024-01-23T21:01:07.372Z 2024-01-23T21:01:07.372Z	575caeaa-dc3c-558c-84e7-f080f76ee62c	INFO	Processing message d04e22e4-3d5a-469b-8f75-c59168704dec

2024-01-23T21:01:07.377Z 2024-01-23T21:01:07.377Z	575caeaa-dc3c-558c-84e7-f080f76ee62c	INFO	Start syncing the balance {
  transaction: {
    id: '01HMW20S84P3Z735FHB1JEAYG3',
    type: 'DEBIT',
    source: 'MANUAL_DEDUCTION',
    action: 'DELIVERY_DEDUCTION',
    userId: 'b11a22a9-3283-4c2a-8530-5f685c1035b4',
    paymentBalance: 256,
    updatePaymentBalance: true,
    metadata: '{"walletId":"wallet#b11a22a9-3283-4c2a-8530-5f685c1035b4","deliveryId":"d1a44c62-bdb8-4f08-b887-d6e3af876cd1","walletSk":"d1a44c62-bdb8-4f08-b887-d6e3af876cd1"}',
    currency: 'BHD',
    amount: 9,
    vat: 0,
    oldBalance: 274,
    newBalance: 265
  }
}

2024-01-23T21:01:07.454Z 2024-01-23T21:01:07.454Z	575caeaa-dc3c-558c-84e7-f080f76ee62c	INFO	SubscriptionBalanceUpdated event published

2024-01-23T21:01:07.469Z 2024-01-23T21:01:07.469Z	575caeaa-dc3c-558c-84e7-f080f76ee62c	ERROR	Subscription balance and payment balance are not in sync {
  userId: 'b11a22a9-3283-4c2a-8530-5f685c1035b4',
  subscriptionBalance: 265,
  paymentBalance: 256
}

2024-01-23T21:01:07.520Z 2024-01-23T21:01:07.520Z	575caeaa-dc3c-558c-84e7-f080f76ee62c	INFO	Processing message f47eaccf-d561-430a-81bc-624cf56f2045

2024-01-23T21:01:07.526Z 2024-01-23T21:01:07.526Z	575caeaa-dc3c-558c-84e7-f080f76ee62c	INFO	Start syncing the balance {
  transaction: {
    id: '01HMW20S33JC7G74D7VC96R0X5',
    type: 'DEBIT',
    source: 'MANUAL_DEDUCTION',
    action: 'DELIVERY_DEDUCTION',
    userId: '4e84f0ec-7629-49dc-b110-27a6eb9b4d9c',
    paymentBalance: 447,
    updatePaymentBalance: true,
    metadata: '{"walletId":"wallet#4e84f0ec-7629-49dc-b110-27a6eb9b4d9c","deliveryId":"506da91d-669c-4302-95e2-729022336ab6","walletSk":"506da91d-669c-4302-95e2-729022336ab6"}',
    currency: 'BHD',
    amount: 9,
    vat: 0,
    oldBalance: 129,
    newBalance: 120
  }
}

2024-01-23T21:01:07.590Z 2024-01-23T21:01:07.590Z	575caeaa-dc3c-558c-84e7-f080f76ee62c	INFO	SubscriptionBalanceUpdated event published

2024-01-23T21:01:07.606Z 2024-01-23T21:01:07.606Z	575caeaa-dc3c-558c-84e7-f080f76ee62c	ERROR	Subscription balance and payment balance are not in sync {
  userId: '4e84f0ec-7629-49dc-b110-27a6eb9b4d9c',
  subscriptionBalance: 120,
  paymentBalance: 447
}

2024-01-23T21:01:07.643Z 2024-01-23T21:01:07.643Z	575caeaa-dc3c-558c-84e7-f080f76ee62c	INFO	Processing message 5e232e26-6bef-4d72-81a3-fd6ebaf895ac

2024-01-23T21:01:07.648Z 2024-01-23T21:01:07.648Z	575caeaa-dc3c-558c-84e7-f080f76ee62c	INFO	Start syncing the balance {
  transaction: {
    id: '01HMW20SDN2PW00H2DEYKWME2B',
    type: 'DEBIT',
    source: 'MANUAL_DEDUCTION',
    action: 'DELIVERY_DEDUCTION',
    userId: 'bfd52cc3-d166-4c3f-bac0-6fdd0994414b',
    paymentBalance: 96,
    updatePaymentBalance: true,
    metadata: '{"walletId":"wallet#bfd52cc3-d166-4c3f-bac0-6fdd0994414b","deliveryId":"83df3760-4815-4e47-b624-720138d90efc","walletSk":"83df3760-4815-4e47-b624-720138d90efc"}',
    currency: 'BHD',
    amount: 8,
    vat: 0,
    oldBalance: 104,
    newBalance: 96
  }
}

2024-01-23T21:01:07.708Z 2024-01-23T21:01:07.708Z	575caeaa-dc3c-558c-84e7-f080f76ee62c	INFO	SubscriptionBalanceUpdated event published

2024-01-23T21:01:07.722Z 2024-01-23T21:01:07.722Z	575caeaa-dc3c-558c-84e7-f080f76ee62c	INFO	Processing message bd882ac2-7534-4189-b84f-bca81a8a958e

2024-01-23T21:01:07.728Z 2024-01-23T21:01:07.728Z	575caeaa-dc3c-558c-84e7-f080f76ee62c	INFO	Start syncing the balance {
  transaction: {
    id: '01HMW20SN2WF8FX3HYMX3ZXVCC',
    type: 'DEBIT',
    source: 'MANUAL_DEDUCTION',
    action: 'DELIVERY_DEDUCTION',
    userId: '67305f3f-628b-4997-83f9-1247a896127a',
    paymentBalance: 2934,
    updatePaymentBalance: true,
    metadata: '{"walletId":"wallet#67305f3f-628b-4997-83f9-1247a896127a","deliveryId":"70410695-9ed8-4df7-9483-22e05a6c506f","walletSk":"70410695-9ed8-4df7-9483-22e05a6c506f"}',
    currency: 'BHD',
    amount: 9,
    vat: 0,
    oldBalance: 2952,
    newBalance: 2943
  }
}

2024-01-23T21:01:07.780Z 2024-01-23T21:01:07.780Z	575caeaa-dc3c-558c-84e7-f080f76ee62c	INFO	SubscriptionBalanceUpdated event published

2024-01-23T21:01:07.793Z 2024-01-23T21:01:07.793Z	575caeaa-dc3c-558c-84e7-f080f76ee62c	ERROR	Subscription balance and payment balance are not in sync {
  userId: '67305f3f-628b-4997-83f9-1247a896127a',
  subscriptionBalance: 2943,
  paymentBalance: 2934
}

2024-01-23T21:01:07.826Z END RequestId: 575caeaa-dc3c-558c-84e7-f080f76ee62c

2024-01-23T21:01:07.826Z REPORT RequestId: 575caeaa-dc3c-558c-84e7-f080f76ee62c	Duration: 721.60 ms	Billed Duration: 722 ms	Memory Size: 1024 MB	Max Memory Used: 110 MB	
XRAY TraceId: 1-65b02913-c9c0d764d0c2ed799b6c8e7e	SegmentId: 14dfe480578c15c0	Sampled: true	

2024-01-23T21:01:08.042Z START RequestId: ca6b994f-f39c-5bc7-8dd7-c765d8cf3867 Version: $LATEST

2024-01-23T21:01:08.070Z 2024-01-23T21:01:08.070Z	ca6b994f-f39c-5bc7-8dd7-c765d8cf3867	INFO	Processing message 91e61cdb-a8c5-4734-ad01-1f48d88732f6

2024-01-23T21:01:08.076Z 2024-01-23T21:01:08.076Z	ca6b994f-f39c-5bc7-8dd7-c765d8cf3867	INFO	Start syncing the balance {
  transaction: {
    id: '01HMW20XDVGBK2DHQAF2C6ZSZZ',
    type: 'DEBIT',
    source: 'MANUAL_DEDUCTION',
    action: 'DELIVERY_DEDUCTION',
    userId: 'cac838c5-a9e1-41b1-877e-2587cbea7b20',
    paymentBalance: 13234.93,
    updatePaymentBalance: true,
    metadata: '{"walletId":"wallet#cac838c5-a9e1-41b1-877e-2587cbea7b20","deliveryId":"96bebc12-73b0-4c75-82e3-aec390d2c8dc","walletSk":"96bebc12-73b0-4c75-82e3-aec390d2c8dc"}',
    currency: 'BHD',
    amount: 9,
    vat: 0,
    oldBalance: 11473.9303,
    newBalance: 11464.93
  }
}

2024-01-23T21:01:08.137Z 2024-01-23T21:01:08.137Z	ca6b994f-f39c-5bc7-8dd7-c765d8cf3867	INFO	SubscriptionBalanceUpdated event published

2024-01-23T21:01:08.285Z 2024-01-23T21:01:08.285Z	ca6b994f-f39c-5bc7-8dd7-c765d8cf3867	ERROR	Subscription balance and payment balance are not in sync {
  userId: 'cac838c5-a9e1-41b1-877e-2587cbea7b20',
  subscriptionBalance: 11464.93,
  paymentBalance: 13234.93
}

2024-01-23T21:01:08.321Z END RequestId: ca6b994f-f39c-5bc7-8dd7-c765d8cf3867

2024-01-23T21:01:08.321Z REPORT RequestId: ca6b994f-f39c-5bc7-8dd7-c765d8cf3867	Duration: 279.05 ms	Billed Duration: 280 ms	Memory Size: 1024 MB	Max Memory Used: 111 MB	

2024-01-23T21:01:08.328Z START RequestId: 74a1d87a-5afe-532d-94ac-865071aad08d Version: $LATEST

2024-01-23T21:01:08.387Z 2024-01-23T21:01:08.387Z	74a1d87a-5afe-532d-94ac-865071aad08d	INFO	Processing message fa14afb9-5e58-4e71-8fbb-f0124812a217

2024-01-23T21:01:08.394Z 2024-01-23T21:01:08.394Z	74a1d87a-5afe-532d-94ac-865071aad08d	INFO	Start syncing the balance {
  transaction: {
    id: '01HMW20XJVQFC9RQ6G0AS33WP2',
    type: 'DEBIT',
    source: 'MANUAL_DEDUCTION',
    action: 'DELIVERY_DEDUCTION',
    userId: 'eefb84af-6a9b-435b-b589-5c9734648a74',
    paymentBalance: 3395.909,
    updatePaymentBalance: true,
    metadata: '{"walletId":"wallet#eefb84af-6a9b-435b-b589-5c9734648a74","deliveryId":"79593777-1fa4-43b9-ab30-b15be09acecf","walletSk":"79593777-1fa4-43b9-ab30-b15be09acecf"}',
    currency: 'BHD',
    amount: 4,
    vat: 0,
    oldBalance: 410.909,
    newBalance: 406.909
  }
}

2024-01-23T21:01:08.453Z 2024-01-23T21:01:08.453Z	74a1d87a-5afe-532d-94ac-865071aad08d	INFO	SubscriptionBalanceUpdated event published

2024-01-23T21:01:08.465Z 2024-01-23T21:01:08.465Z	74a1d87a-5afe-532d-94ac-865071aad08d	ERROR	Subscription balance and payment balance are not in sync {
  userId: 'eefb84af-6a9b-435b-b589-5c9734648a74',
  subscriptionBalance: 406.909,
  paymentBalance: 3395.909
}

2024-01-23T21:01:08.502Z END RequestId: 74a1d87a-5afe-532d-94ac-865071aad08d

2024-01-23T21:01:08.502Z REPORT RequestId: 74a1d87a-5afe-532d-94ac-865071aad08d	Duration: 174.67 ms	Billed Duration: 175 ms	Memory Size: 1024 MB	Max Memory Used: 115 MB	

2024-01-23T21:01:08.535Z START RequestId: 157df0b9-7cb1-5d57-902d-ae9357e501ce Version: $LATEST

2024-01-23T21:01:08.561Z 2024-01-23T21:01:08.561Z	157df0b9-7cb1-5d57-902d-ae9357e501ce	INFO	Processing message dac28591-2148-40c4-a1fd-d8c51e39830f

2024-01-23T21:01:08.566Z 2024-01-23T21:01:08.566Z	157df0b9-7cb1-5d57-902d-ae9357e501ce	INFO	Start syncing the balance {
  transaction: {
    id: '01HMW20XPAHMWK678Q5HN9MAJ4',
    type: 'DEBIT',
    source: 'MANUAL_DEDUCTION',
    action: 'DELIVERY_DEDUCTION',
    userId: 'd8e22713-a177-4738-bdb6-e48b189eb487',
    paymentBalance: 157.5,
    updatePaymentBalance: true,
    metadata: '{"walletId":"wallet#d8e22713-a177-4738-bdb6-e48b189eb487","deliveryId":"009f7439-3c0b-4d97-9391-d6c854b144df","walletSk":"009f7439-3c0b-4d97-9391-d6c854b144df"}',
    currency: 'KWD',
    amount: 7.5,
    vat: 0,
    oldBalance: 165,
    newBalance: 157.5
  }
}

2024-01-23T21:01:08.626Z 2024-01-23T21:01:08.626Z	157df0b9-7cb1-5d57-902d-ae9357e501ce	INFO	SubscriptionBalanceUpdated event published

2024-01-23T21:01:08.638Z END RequestId: 157df0b9-7cb1-5d57-902d-ae9357e501ce

2024-01-23T21:01:08.638Z REPORT RequestId: 157df0b9-7cb1-5d57-902d-ae9357e501ce	Duration: 103.36 ms	Billed Duration: 104 ms	Memory Size: 1024 MB	Max Memory Used: 115 MB	

2024-01-23T21:01:09.043Z START RequestId: dae97caf-b115-525c-849c-22859a41579e Version: $LATEST

2024-01-23T21:01:09.068Z 2024-01-23T21:01:09.068Z	dae97caf-b115-525c-849c-22859a41579e	INFO	Processing message 1ce12f63-6d3b-4780-babb-5a36809635e1

2024-01-23T21:01:09.074Z 2024-01-23T21:01:09.074Z	dae97caf-b115-525c-849c-22859a41579e	INFO	Start syncing the balance {
  transaction: {
    id: '01HMW20YD6T7F1DQV1092867EJ',
    type: 'DEBIT',
    source: 'MANUAL_DEDUCTION',
    action: 'DELIVERY_DEDUCTION',
    userId: '8174e74c-75e4-4db5-bacb-3ee96027ea49',
    paymentBalance: 56,
    updatePaymentBalance: true,
    metadata: '{"walletId":"wallet#8174e74c-75e4-4db5-bacb-3ee96027ea49","deliveryId":"979979ac-d416-4520-89e4-797d5354932c","walletSk":"979979ac-d416-4520-89e4-797d5354932c"}',
    currency: 'BHD',
    amount: 8,
    vat: 0,
    oldBalance: 64,
    newBalance: 56
  }
}

2024-01-23T21:01:09.137Z 2024-01-23T21:01:09.137Z	dae97caf-b115-525c-849c-22859a41579e	INFO	SubscriptionBalanceUpdated event published

2024-01-23T21:01:09.154Z END RequestId: dae97caf-b115-525c-849c-22859a41579e

2024-01-23T21:01:09.154Z REPORT RequestId: dae97caf-b115-525c-849c-22859a41579e	Duration: 111.42 ms	Billed Duration: 112 ms	Memory Size: 1024 MB	Max Memory Used: 115 MB	

2024-01-23T21:01:09.281Z START RequestId: 17d333ea-92b2-562a-8d6a-6dc0b9e61ab3 Version: $LATEST

2024-01-23T21:01:09.307Z 2024-01-23T21:01:09.307Z	17d333ea-92b2-562a-8d6a-6dc0b9e61ab3	INFO	Processing message f6eb2455-22c9-47e8-b5b5-a507be06c53c

2024-01-23T21:01:09.313Z 2024-01-23T21:01:09.313Z	17d333ea-92b2-562a-8d6a-6dc0b9e61ab3	INFO	Start syncing the balance {
  transaction: {
    id: '01HMW20YCN5FGF68GN4NGJTD4Y',
    type: 'DEBIT',
    source: 'MANUAL_DEDUCTION',
    action: 'DELIVERY_DEDUCTION',
    userId: '3fdbee01-df97-4d19-b42f-b9b704c4cee3',
    paymentBalance: 104,
    updatePaymentBalance: true,
    metadata: '{"walletId":"wallet#3fdbee01-df97-4d19-b42f-b9b704c4cee3","deliveryId":"eba1ba6a-9c05-4833-953e-a321e4c0e9a3","walletSk":"eba1ba6a-9c05-4833-953e-a321e4c0e9a3"}',
    currency: 'BHD',
    amount: 8,
    vat: 0,
    oldBalance: 112,
    newBalance: 104
  }
}

2024-01-23T21:01:09.372Z 2024-01-23T21:01:09.372Z	17d333ea-92b2-562a-8d6a-6dc0b9e61ab3	INFO	SubscriptionBalanceUpdated event published

2024-01-23T21:01:09.387Z END RequestId: 17d333ea-92b2-562a-8d6a-6dc0b9e61ab3

2024-01-23T21:01:09.387Z REPORT RequestId: 17d333ea-92b2-562a-8d6a-6dc0b9e61ab3	Duration: 106.48 ms	Billed Duration: 107 ms	Memory Size: 1024 MB	Max Memory Used: 115 MB	

2024-01-23T21:01:09.533Z START RequestId: abe19d92-2336-57a9-a286-c3b808639162 Version: $LATEST

2024-01-23T21:01:09.561Z 2024-01-23T21:01:09.561Z	abe19d92-2336-57a9-a286-c3b808639162	INFO	Processing message 611eab33-02b7-4ddd-a286-17db902be91c

2024-01-23T21:01:09.567Z 2024-01-23T21:01:09.567Z	abe19d92-2336-57a9-a286-c3b808639162	INFO	Start syncing the balance {
  transaction: {
    id: '01HMW20YWNJ8448KG1YZGCA118',
    type: 'DEBIT',
    source: 'MANUAL_DEDUCTION',
    action: 'DELIVERY_DEDUCTION',
    userId: 'fea429d5-4080-4d96-98b6-5bf8af8cc498',
    paymentBalance: 79,
    updatePaymentBalance: true,
    metadata: '{"walletId":"wallet#fea429d5-4080-4d96-98b6-5bf8af8cc498","deliveryId":"21359024-6a3c-4696-809c-0a3ed9822953","walletSk":"21359024-6a3c-4696-809c-0a3ed9822953"}',
    currency: 'BHD',
    amount: 8,
    vat: 0,
    oldBalance: 87,
    newBalance: 79
  }
}

2024-01-23T21:01:09.622Z 2024-01-23T21:01:09.622Z	abe19d92-2336-57a9-a286-c3b808639162	INFO	SubscriptionBalanceUpdated event published

2024-01-23T21:01:09.636Z END RequestId: abe19d92-2336-57a9-a286-c3b808639162

2024-01-23T21:01:09.636Z REPORT RequestId: abe19d92-2336-57a9-a286-c3b808639162	Duration: 103.05 ms	Billed Duration: 104 ms	Memory Size: 1024 MB	Max Memory Used: 115 MB	

2024-01-23T21:01:13.804Z START RequestId: d576b603-5eec-52a9-823b-e82975b59e30 Version: $LATEST

2024-01-23T21:01:13.833Z 2024-01-23T21:01:13.833Z	d576b603-5eec-52a9-823b-e82975b59e30	INFO	Processing message a233d2d7-a1b4-45cc-9208-053aa43a2bc6

2024-01-23T21:01:13.839Z 2024-01-23T21:01:13.839Z	d576b603-5eec-52a9-823b-e82975b59e30	INFO	Start syncing the balance {
  transaction: {
    id: '01HMW212ZA1RM7SSMD5XXWNBA7',
    type: 'DEBIT',
    source: 'MANUAL_DEDUCTION',
    action: 'DELIVERY_DEDUCTION',
    userId: '6a1eab48-c690-4745-b5f1-3a51242ed793',
    paymentBalance: 1062.2,
    updatePaymentBalance: true,
    metadata: '{"walletId":"wallet#6a1eab48-c690-4745-b5f1-3a51242ed793","deliveryId":"44cd59b2-82f3-409d-9dc5-38dcf6f27915","walletSk":"44cd59b2-82f3-409d-9dc5-38dcf6f27915"}',
    currency: 'BHD',
    amount: 8,
    vat: 0,
    oldBalance: 139.2,
    newBalance: 131.2
  }
}

2024-01-23T21:01:13.899Z 2024-01-23T21:01:13.899Z	d576b603-5eec-52a9-823b-e82975b59e30	INFO	SubscriptionBalanceUpdated event published

2024-01-23T21:01:13.915Z 2024-01-23T21:01:13.915Z	d576b603-5eec-52a9-823b-e82975b59e30	ERROR	Subscription balance and payment balance are not in sync {
  userId: '6a1eab48-c690-4745-b5f1-3a51242ed793',
  subscriptionBalance: 131.2,
  paymentBalance: 1062.2
}

2024-01-23T21:01:13.938Z END RequestId: d576b603-5eec-52a9-823b-e82975b59e30

2024-01-23T21:01:13.938Z REPORT RequestId: d576b603-5eec-52a9-823b-e82975b59e30	Duration: 134.85 ms	Billed Duration: 135 ms	Memory Size: 1024 MB	Max Memory Used: 115 MB	

2024-01-23T21:01:26.618Z END RequestId: 562ea7a2-fed2-5914-a79e-f988d5b4458d

2024-01-23T21:01:26.618Z REPORT RequestId: 562ea7a2-fed2-5914-a79e-f988d5b4458d	Duration: 299.90 ms	Billed Duration: 300 ms	Memory Size: 1024 MB	Max Memory Used: 115 MB	

2024-01-23T21:01:28.614Z START RequestId: 7a37c022-63e3-5786-b055-9e08488b6daa Version: $LATEST

2024-01-23T21:01:28.642Z 2024-01-23T21:01:28.642Z	7a37c022-63e3-5786-b055-9e08488b6daa	INFO	Processing message 1077509a-273b-4c86-b242-96ed37048563

2024-01-23T21:01:28.647Z 2024-01-23T21:01:28.647Z	7a37c022-63e3-5786-b055-9e08488b6daa	INFO	Start syncing the balance {
  transaction: {
    id: '01HMW21H26XZ7ZXW5FT1MWHS6P',
    type: 'DEBIT',
    source: 'MANUAL_DEDUCTION',
    action: 'DELIVERY_DEDUCTION',
    userId: '40f6a3ff-bd0f-415a-bbb6-0ec83c17cb06',
    paymentBalance: 1260,
    updatePaymentBalance: true,
    metadata: '{"walletId":"wallet#40f6a3ff-bd0f-415a-bbb6-0ec83c17cb06","deliveryId":"9982c147-823e-493e-87ed-a90d6032f376","walletSk":"9982c147-823e-493e-87ed-a90d6032f376"}',
    currency: 'SAR',
    amount: 90,
    vat: 0,
    oldBalance: 1350,
    newBalance: 1260
  }
}

2024-01-23T21:01:28.718Z 2024-01-23T21:01:28.718Z	7a37c022-63e3-5786-b055-9e08488b6daa	INFO	SubscriptionBalanceUpdated event published

2024-01-23T21:01:28.731Z END RequestId: 7a37c022-63e3-5786-b055-9e08488b6daa

2024-01-23T21:01:28.731Z REPORT RequestId: 7a37c022-63e3-5786-b055-9e08488b6daa	Duration: 117.22 ms	Billed Duration: 118 ms	Memory Size: 1024 MB	Max Memory Used: 115 MB	

2024-01-23T21:01:28.910Z START RequestId: 083eaef1-a59a-5df4-8ec7-f0db8ef2716d Version: $LATEST

2024-01-23T21:01:28.940Z 2024-01-23T21:01:28.940Z	083eaef1-a59a-5df4-8ec7-f0db8ef2716d	INFO	Processing message 16fac231-d9cf-41a4-bbd5-4101c461ad18

2024-01-23T21:01:28.946Z 2024-01-23T21:01:28.946Z	083eaef1-a59a-5df4-8ec7-f0db8ef2716d	INFO	Start syncing the balance {
  transaction: {
    id: '01HMW21HC0N2JVJQX26J68SGPA',
    type: 'DEBIT',
    source: 'MANUAL_DEDUCTION',
    action: 'DELIVERY_DEDUCTION',
    userId: '1b171d44-c711-4d92-987a-51b0e2b133d8',
    paymentBalance: 99,
    updatePaymentBalance: true,
    metadata: '{"walletId":"wallet#1b171d44-c711-4d92-987a-51b0e2b133d8","deliveryId":"48af8b2a-9af9-4971-b6f6-489c872236a8","walletSk":"48af8b2a-9af9-4971-b6f6-489c872236a8"}',
    currency: 'BHD',
    amount: 9,
    vat: 0,
    oldBalance: 108,
    newBalance: 99
  }
}

2024-01-23T21:01:29.013Z 2024-01-23T21:01:29.013Z	083eaef1-a59a-5df4-8ec7-f0db8ef2716d	INFO	SubscriptionBalanceUpdated event published

2024-01-23T21:01:29.029Z END RequestId: 083eaef1-a59a-5df4-8ec7-f0db8ef2716d

2024-01-23T21:01:29.029Z REPORT RequestId: 083eaef1-a59a-5df4-8ec7-f0db8ef2716d	Duration: 119.23 ms	Billed Duration: 120 ms	Memory Size: 1024 MB	Max Memory Used: 115 MB	

2024-01-23T21:01:29.367Z START RequestId: 059ec225-13ba-5def-90ff-9c0f38d257c3 Version: $LATEST

2024-01-23T21:01:29.393Z 2024-01-23T21:01:29.393Z	059ec225-13ba-5def-90ff-9c0f38d257c3	INFO	Processing message b8a7b1a4-561b-4068-be5b-64e46702e840

2024-01-23T21:01:29.398Z 2024-01-23T21:01:29.398Z	059ec225-13ba-5def-90ff-9c0f38d257c3	INFO	Start syncing the balance {
  transaction: {
    id: '01HMW21J0R7MD5EG42SBSXBGNG',
    type: 'DEBIT',
    source: 'MANUAL_DEDUCTION',
    action: 'DELIVERY_DEDUCTION',
    userId: '2df943b0-bad8-4eea-85d0-7a6a006f599d',
    paymentBalance: 81.5,
    updatePaymentBalance: true,
    metadata: '{"walletId":"wallet#2df943b0-bad8-4eea-85d0-7a6a006f599d","deliveryId":"ca190d5e-29b3-4219-be5e-89fbb68513c8","walletSk":"ca190d5e-29b3-4219-be5e-89fbb68513c8"}',
    currency: 'BHD',
    amount: 8,
    vat: 0,
    oldBalance: 89.5,
    newBalance: 81.5
  }
}

2024-01-23T21:01:29.454Z 2024-01-23T21:01:29.454Z	059ec225-13ba-5def-90ff-9c0f38d257c3	INFO	SubscriptionBalanceUpdated event published

2024-01-23T21:01:29.468Z END RequestId: 059ec225-13ba-5def-90ff-9c0f38d257c3

2024-01-23T21:01:29.468Z REPORT RequestId: 059ec225-13ba-5def-90ff-9c0f38d257c3	Duration: 100.68 ms	Billed Duration: 101 ms	Memory Size: 1024 MB	Max Memory Used: 115 MB	

2024-01-23T21:01:29.587Z START RequestId: eaa0dd9a-827c-567a-a5b5-83b0a915cae3 Version: $LATEST

2024-01-23T21:01:29.609Z 2024-01-23T21:01:29.609Z	eaa0dd9a-827c-567a-a5b5-83b0a915cae3	INFO	Processing message 2af53228-83a2-4360-813a-a5f89e610fb4

2024-01-23T21:01:29.614Z 2024-01-23T21:01:29.614Z	eaa0dd9a-827c-567a-a5b5-83b0a915cae3	INFO	Start syncing the balance {
  transaction: {
    id: '01HMW21JA9JH24GYDF5H84XEQM',
    type: 'DEBIT',
    source: 'MANUAL_DEDUCTION',
    action: 'DELIVERY_DEDUCTION',
    userId: '4caf5b25-5650-4dbd-ac48-440e85308865',
    paymentBalance: 16.2,
    updatePaymentBalance: true,
    metadata: '{"walletId":"wallet#4caf5b25-5650-4dbd-ac48-440e85308865","deliveryId":"50c8b433-93df-48db-8003-7f4a45bf2960","walletSk":"50c8b433-93df-48db-8003-7f4a45bf2960"}',
    currency: 'BHD',
    amount: 1.8,
    vat: 0,
    oldBalance: 18,
    newBalance: 16.2
  }
}

2024-01-23T21:01:29.683Z 2024-01-23T21:01:29.683Z	eaa0dd9a-827c-567a-a5b5-83b0a915cae3	INFO	SubscriptionBalanceUpdated event published

2024-01-23T21:01:29.697Z END RequestId: eaa0dd9a-827c-567a-a5b5-83b0a915cae3

2024-01-23T21:01:29.697Z REPORT RequestId: eaa0dd9a-827c-567a-a5b5-83b0a915cae3	Duration: 109.46 ms	Billed Duration: 110 ms	Memory Size: 1024 MB	Max Memory Used: 115 MB	

2024-01-23T21:01:30.365Z START RequestId: 5148cf5c-9544-5bbb-9f0e-9176be2d8d70 Version: $LATEST

2024-01-23T21:01:30.394Z 2024-01-23T21:01:30.394Z	5148cf5c-9544-5bbb-9f0e-9176be2d8d70	INFO	Processing message 141e66dc-9625-4511-ab9f-e9f45c497cf3

2024-01-23T21:01:30.400Z 2024-01-23T21:01:30.400Z	5148cf5c-9544-5bbb-9f0e-9176be2d8d70	INFO	Start syncing the balance {
  transaction: {
    id: '01HMW21K0PKQERNEHT49S7QNF1',
    type: 'DEBIT',
    source: 'MANUAL_DEDUCTION',
    action: 'DELIVERY_DEDUCTION',
    userId: 'f5a6b9b6-e936-4af9-af4f-a713e4e3d8fc',
    paymentBalance: 249.5,
    updatePaymentBalance: true,
    metadata: '{"walletId":"wallet#f5a6b9b6-e936-4af9-af4f-a713e4e3d8fc","deliveryId":"63ed5334-2af2-4d3c-a186-04b9ae302dfb","walletSk":"63ed5334-2af2-4d3c-a186-04b9ae302dfb"}',
    currency: 'BHD',
    amount: 2.5,
    vat: 0,
    oldBalance: 252,
    newBalance: 249.5
  }
}

2024-01-23T21:01:30.458Z 2024-01-23T21:01:30.458Z	5148cf5c-9544-5bbb-9f0e-9176be2d8d70	INFO	SubscriptionBalanceUpdated event published

2024-01-23T21:01:30.472Z END RequestId: 5148cf5c-9544-5bbb-9f0e-9176be2d8d70

2024-01-23T21:01:30.472Z REPORT RequestId: 5148cf5c-9544-5bbb-9f0e-9176be2d8d70	Duration: 106.73 ms	Billed Duration: 107 ms	Memory Size: 1024 MB	Max Memory Used: 115 MB	

2024-01-23T21:01:30.680Z START RequestId: 8eadad9b-ea8b-531b-9c72-f3b1c1e1ef82 Version: $LATEST

2024-01-23T21:01:30.707Z 2024-01-23T21:01:30.707Z	8eadad9b-ea8b-531b-9c72-f3b1c1e1ef82	INFO	Processing message 9a224c94-d90e-4939-a7ba-a5102d2c3128

2024-01-23T21:01:30.713Z 2024-01-23T21:01:30.713Z	8eadad9b-ea8b-531b-9c72-f3b1c1e1ef82	INFO	Start syncing the balance {
  transaction: {
    id: '01HMW21K32MRVAP5888WHWE5ZD',
    type: 'DEBIT',
    source: 'MANUAL_DEDUCTION',
    action: 'DELIVERY_DEDUCTION',
    userId: '7f97b814-017d-430e-9779-877ec174861e',
    paymentBalance: -94.248,
    updatePaymentBalance: true,
    metadata: '{"walletId":"wallet#7f97b814-017d-430e-9779-877ec174861e","deliveryId":"1b5f52df-f772-46b8-9d79-a3a5b1829d6e","walletSk":"1b5f52df-f772-46b8-9d79-a3a5b1829d6e"}',
    currency: 'BHD',
    amount: 6,
    vat: 0,
    oldBalance: 917.3718,
    newBalance: 911.372
  }
}

2024-01-23T21:01:30.778Z 2024-01-23T21:01:30.778Z	8eadad9b-ea8b-531b-9c72-f3b1c1e1ef82	INFO	SubscriptionBalanceUpdated event published

2024-01-23T21:01:30.792Z 2024-01-23T21:01:30.792Z	8eadad9b-ea8b-531b-9c72-f3b1c1e1ef82	ERROR	Subscription balance and payment balance are not in sync {
  userId: '7f97b814-017d-430e-9779-877ec174861e',
  subscriptionBalance: 911.372,
  paymentBalance: -94.248
}

2024-01-23T21:01:30.840Z END RequestId: 8eadad9b-ea8b-531b-9c72-f3b1c1e1ef82

2024-01-23T21:01:30.840Z REPORT RequestId: 8eadad9b-ea8b-531b-9c72-f3b1c1e1ef82	Duration: 160.14 ms	Billed Duration: 161 ms	Memory Size: 1024 MB	Max Memory Used: 115 MB	

2024-01-23T21:01:31.100Z START RequestId: 50d42ba0-7eb3-5b4e-8aea-758a55d92162 Version: $LATEST

2024-01-23T21:01:31.115Z 2024-01-23T21:01:31.115Z	50d42ba0-7eb3-5b4e-8aea-758a55d92162	INFO	Processing message f8580d40-383b-421e-9b64-3fb534b652e2

2024-01-23T21:01:31.120Z 2024-01-23T21:01:31.120Z	50d42ba0-7eb3-5b4e-8aea-758a55d92162	INFO	Start syncing the balance {
  transaction: {
    id: '01HMW21KGF9TFD7S90CK64WM8J',
    type: 'DEBIT',
    source: 'MANUAL_DEDUCTION',
    action: 'DELIVERY_DEDUCTION',
    userId: '342d8d2c-320e-432d-8467-805cedc39310',
    paymentBalance: 90,
    updatePaymentBalance: true,
    metadata: '{"walletId":"wallet#342d8d2c-320e-432d-8467-805cedc39310","deliveryId":"dcb12231-5215-4b77-ab08-7917b5142b3f","walletSk":"dcb12231-5215-4b77-ab08-7917b5142b3f"}',
    currency: 'BHD',
    amount: 9,
    vat: 0,
    oldBalance: 99,
    newBalance: 90
  }
}

2024-01-23T21:01:31.168Z 2024-01-23T21:01:31.168Z	50d42ba0-7eb3-5b4e-8aea-758a55d92162	INFO	SubscriptionBalanceUpdated event published

2024-01-23T21:01:31.182Z END RequestId: 50d42ba0-7eb3-5b4e-8aea-758a55d92162

2024-01-23T21:01:31.183Z REPORT RequestId: 50d42ba0-7eb3-5b4e-8aea-758a55d92162	Duration: 82.36 ms	Billed Duration: 83 ms	Memory Size: 1024 MB	Max Memory Used: 115 MB	

2024-01-23T21:01:31.880Z START RequestId: 8178bd7c-f901-56a7-833b-e356d26a4c8b Version: $LATEST

2024-01-23T21:01:31.909Z 2024-01-23T21:01:31.909Z	8178bd7c-f901-56a7-833b-e356d26a4c8b	INFO	Processing message 5e442e45-6f61-4e69-8b56-4738c422bb0b

2024-01-23T21:01:31.914Z 2024-01-23T21:01:31.914Z	8178bd7c-f901-56a7-833b-e356d26a4c8b	INFO	Start syncing the balance {
  transaction: {
    id: '01HMW21M8906ED6Q1CPMM3G1F1',
    type: 'DEBIT',
    source: 'MANUAL_DEDUCTION',
    action: 'DELIVERY_DEDUCTION',
    userId: '7f1aba25-1b61-46fe-b01d-d91ad61d4deb',
    paymentBalance: 900,
    updatePaymentBalance: true,
    metadata: '{"walletId":"wallet#7f1aba25-1b61-46fe-b01d-d91ad61d4deb","deliveryId":"7850d90d-4cf1-4012-b347-f99e8255c393","walletSk":"7850d90d-4cf1-4012-b347-f99e8255c393"}',
    currency: 'SAR',
    amount: 90,
    vat: 0,
    oldBalance: 990,
    newBalance: 900
  }
}

2024-01-23T21:01:31.968Z 2024-01-23T21:01:31.968Z	8178bd7c-f901-56a7-833b-e356d26a4c8b	INFO	SubscriptionBalanceUpdated event published

2024-01-23T21:01:31.982Z END RequestId: 8178bd7c-f901-56a7-833b-e356d26a4c8b

2024-01-23T21:01:31.982Z REPORT RequestId: 8178bd7c-f901-56a7-833b-e356d26a4c8b	Duration: 101.12 ms	Billed Duration: 102 ms	Memory Size: 1024 MB	Max Memory Used: 115 MB	

2024-01-23T21:01:32.106Z START RequestId: d2941484-2517-5340-a8ff-4aae0e7b396c Version: $LATEST

2024-01-23T21:01:32.122Z 2024-01-23T21:01:32.122Z	d2941484-2517-5340-a8ff-4aae0e7b396c	INFO	Processing message 75590729-b09d-4a73-a7d5-6aea76371959

2024-01-23T21:01:32.127Z 2024-01-23T21:01:32.127Z	d2941484-2517-5340-a8ff-4aae0e7b396c	INFO	Start syncing the balance {
  transaction: {
    id: '01HMW21MQCCTH9SZ97B8CN9TDC',
    type: 'DEBIT',
    source: 'MANUAL_DEDUCTION',
    action: 'DELIVERY_DEDUCTION',
    userId: '53fbb8f0-608a-43af-b8c0-ba03894e147a',
    paymentBalance: 129,
    updatePaymentBalance: true,
    metadata: '{"walletId":"wallet#53fbb8f0-608a-43af-b8c0-ba03894e147a","deliveryId":"6ef12016-0fd7-4a76-87bc-b68f29bac34d","walletSk":"6ef12016-0fd7-4a76-87bc-b68f29bac34d"}',
    currency: 'BHD',
    amount: 9,
    vat: 0,
    oldBalance: 147,
    newBalance: 138
  }
}

2024-01-23T21:01:32.219Z 2024-01-23T21:01:32.219Z	d2941484-2517-5340-a8ff-4aae0e7b396c	INFO	SubscriptionBalanceUpdated event published

2024-01-23T21:01:32.232Z 2024-01-23T21:01:32.232Z	d2941484-2517-5340-a8ff-4aae0e7b396c	ERROR	Subscription balance and payment balance are not in sync {
  userId: '53fbb8f0-608a-43af-b8c0-ba03894e147a',
  subscriptionBalance: 138,
  paymentBalance: 129
}

2024-01-23T21:01:32.270Z END RequestId: d2941484-2517-5340-a8ff-4aae0e7b396c

2024-01-23T21:01:32.270Z REPORT RequestId: d2941484-2517-5340-a8ff-4aae0e7b396c	Duration: 163.80 ms	Billed Duration: 164 ms	Memory Size: 1024 MB	Max Memory Used: 115 MB	

2024-01-23T21:01:32.600Z START RequestId: 6e5e8aa0-7568-5abb-840d-d48a5e047622 Version: $LATEST

2024-01-23T21:01:32.629Z 2024-01-23T21:01:32.629Z	6e5e8aa0-7568-5abb-840d-d48a5e047622	INFO	Processing message dd0e68aa-a66f-48b3-afe8-29cc08f3fb4e

2024-01-23T21:01:32.634Z 2024-01-23T21:01:32.634Z	6e5e8aa0-7568-5abb-840d-d48a5e047622	INFO	Start syncing the balance {
  transaction: {
    id: '01HMW21MZ8G6G1JQYCCG7MW304',
    type: 'DEBIT',
    source: 'MANUAL_DEDUCTION',
    action: 'DELIVERY_DEDUCTION',
    userId: '6ae6fd3a-d3e9-4732-bb58-d3dd0d546fdf',
    paymentBalance: 90,
    updatePaymentBalance: true,
    metadata: '{"walletId":"wallet#6ae6fd3a-d3e9-4732-bb58-d3dd0d546fdf","deliveryId":"40f887e8-713b-4dfa-b4c9-c1989e6c6908","walletSk":"40f887e8-713b-4dfa-b4c9-c1989e6c6908"}',
    currency: 'BHD',
    amount: 9,
    vat: 0,
    oldBalance: 99,
    newBalance: 90
  }
}

2024-01-23T21:01:32.695Z 2024-01-23T21:01:32.695Z	6e5e8aa0-7568-5abb-840d-d48a5e047622	INFO	SubscriptionBalanceUpdated event published

2024-01-23T21:01:32.708Z END RequestId: 6e5e8aa0-7568-5abb-840d-d48a5e047622

2024-01-23T21:01:32.708Z REPORT RequestId: 6e5e8aa0-7568-5abb-840d-d48a5e047622	Duration: 107.32 ms	Billed Duration: 108 ms	Memory Size: 1024 MB	Max Memory Used: 115 MB	

2024-01-23T21:09:24.492Z START RequestId: a5104339-c233-5677-b789-1d13ef0f5e36 Version: $LATEST

2024-01-23T21:09:24.602Z 2024-01-23T21:09:24.602Z	a5104339-c233-5677-b789-1d13ef0f5e36	INFO	Processing message b11c0178-03cf-4e8e-8bf5-cdc70cd13a28

2024-01-23T21:09:24.657Z 2024-01-23T21:09:24.657Z	a5104339-c233-5677-b789-1d13ef0f5e36	INFO	Start syncing the balance {
  transaction: {
    id: '01HMW2G1PKH282JZBB5J7C1YXQ',
    type: 'DEBIT',
    source: 'MANUAL_DEDUCTION',
    action: 'DELIVERY_DEDUCTION',
    userId: 'e43c3e20-d78b-4fdc-b46a-9d72e46f393a',
    paymentBalance: 1935.2,
    updatePaymentBalance: true,
    metadata: '{"walletId":"wallet#e43c3e20-d78b-4fdc-b46a-9d72e46f393a","deliveryId":"f09f2f59-fd80-48f5-9f26-a565b7751f23","walletSk":"f09f2f59-fd80-48f5-9f26-a565b7751f23"}',
    currency: 'BHD',
    amount: 4,
    vat: 0,
    oldBalance: 1939.2,
    newBalance: 1935.2
  }
}

2024-01-23T21:09:24.796Z 2024-01-23T21:09:24.796Z	a5104339-c233-5677-b789-1d13ef0f5e36	INFO	SubscriptionBalanceUpdated event published

2024-01-23T21:09:24.834Z END RequestId: a5104339-c233-5677-b789-1d13ef0f5e36

2024-01-23T21:09:24.834Z REPORT RequestId: a5104339-c233-5677-b789-1d13ef0f5e36	Duration: 342.03 ms	Billed Duration: 343 ms	Memory Size: 1024 MB	Max Memory Used: 115 MB	

2024-01-23T21:09:25.078Z START RequestId: 9ec7d35a-826e-56e7-817a-8d70af2b6ea6 Version: $LATEST

2024-01-23T21:09:25.102Z 2024-01-23T21:09:25.102Z	9ec7d35a-826e-56e7-817a-8d70af2b6ea6	INFO	Processing message ab2e505b-b3cb-42a8-8cba-420a5b91b576

2024-01-23T21:09:25.107Z 2024-01-23T21:09:25.107Z	9ec7d35a-826e-56e7-817a-8d70af2b6ea6	INFO	Start syncing the balance {
  transaction: {
    id: '01HMW2G273GWM43JCFFPZFAT99',
    type: 'DEBIT',
    source: 'MANUAL_DEDUCTION',
    action: 'DELIVERY_DEDUCTION',
    userId: '1f977617-30ad-4677-a0ac-0e8d12ba54d0',
    paymentBalance: 27,
    updatePaymentBalance: true,
    metadata: '{"walletId":"wallet#1f977617-30ad-4677-a0ac-0e8d12ba54d0","deliveryId":"bf808d42-9d51-4981-a88a-8f8c05be10bb","walletSk":"bf808d42-9d51-4981-a88a-8f8c05be10bb"}',
    currency: 'BHD',
    amount: 9,
    vat: 0,
    oldBalance: 36,
    newBalance: 27
  }
}

2024-01-23T21:09:25.185Z 2024-01-23T21:09:25.185Z	9ec7d35a-826e-56e7-817a-8d70af2b6ea6	INFO	SubscriptionBalanceUpdated event published

2024-01-23T21:09:25.201Z 2024-01-23T21:09:25.201Z	9ec7d35a-826e-56e7-817a-8d70af2b6ea6	INFO	Processing message b2894766-cf6b-4ab1-a43c-ea373c237143

2024-01-23T21:09:25.207Z 2024-01-23T21:09:25.207Z	9ec7d35a-826e-56e7-817a-8d70af2b6ea6	INFO	Start syncing the balance {
  transaction: {
    id: '01HMW2G2CVDKGK55Y18EDVQPP6',
    type: 'DEBIT',
    source: 'MANUAL_DEDUCTION',
    action: 'DELIVERY_DEDUCTION',
    userId: '63343c80-84bb-4ee2-9ce8-e26158580546',
    paymentBalance: 64,
    updatePaymentBalance: true,
    metadata: '{"walletId":"wallet#63343c80-84bb-4ee2-9ce8-e26158580546","deliveryId":"33084b7c-b6d2-4a13-84f7-429de5261441","walletSk":"33084b7c-b6d2-4a13-84f7-429de5261441"}',
    currency: 'BHD',
    amount: 8,
    vat: 0,
    oldBalance: 72,
    newBalance: 64
  }
}

2024-01-23T21:09:25.262Z 2024-01-23T21:09:25.262Z	9ec7d35a-826e-56e7-817a-8d70af2b6ea6	INFO	SubscriptionBalanceUpdated event published

2024-01-23T21:09:25.278Z END RequestId: 9ec7d35a-826e-56e7-817a-8d70af2b6ea6

2024-01-23T21:09:25.278Z REPORT RequestId: 9ec7d35a-826e-56e7-817a-8d70af2b6ea6	Duration: 199.88 ms	Billed Duration: 200 ms	Memory Size: 1024 MB	Max Memory Used: 115 MB	

2024-01-23T21:09:25.310Z START RequestId: dd49bfbd-b047-5d71-bff1-e1979d02b530 Version: $LATEST

2024-01-23T21:09:25.335Z 2024-01-23T21:09:25.335Z	dd49bfbd-b047-5d71-bff1-e1979d02b530	INFO	Processing message 9863e2ca-7efe-4b5b-89b0-12af45ae466d

2024-01-23T21:09:25.341Z 2024-01-23T21:09:25.341Z	dd49bfbd-b047-5d71-bff1-e1979d02b530	INFO	Start syncing the balance {
  transaction: {
    id: '01HMW2G2N5WSN3PCEGSH6NSBB6',
    type: 'DEBIT',
    source: 'MANUAL_DEDUCTION',
    action: 'DELIVERY_DEDUCTION',
    userId: '14f6a8f7-e2fc-4a10-9049-b5e02d490ff1',
    paymentBalance: 152,
    updatePaymentBalance: true,
    metadata: '{"walletId":"wallet#14f6a8f7-e2fc-4a10-9049-b5e02d490ff1","deliveryId":"8cf1a08d-64bb-4529-b05d-9039e9985aba","walletSk":"8cf1a08d-64bb-4529-b05d-9039e9985aba"}',
    currency: 'BHD',
    amount: 8,
    vat: 0,
    oldBalance: 160,
    newBalance: 152
  }
}

2024-01-23T21:09:25.395Z 2024-01-23T21:09:25.395Z	dd49bfbd-b047-5d71-bff1-e1979d02b530	INFO	SubscriptionBalanceUpdated event published

2024-01-23T21:09:25.607Z 2024-01-23T21:09:25.607Z	dd49bfbd-b047-5d71-bff1-e1979d02b530	INFO	Processing message f84557c1-7640-4519-8624-e72a156b3667

2024-01-23T21:09:25.612Z 2024-01-23T21:09:25.612Z	dd49bfbd-b047-5d71-bff1-e1979d02b530	INFO	Start syncing the balance {
  transaction: {
    id: '01HMW2G2TD5YGVVH8BAANSBSDC',
    type: 'DEBIT',
    source: 'MANUAL_DEDUCTION',
    action: 'DELIVERY_DEDUCTION',
    userId: 'a70fa231-9563-4656-93b8-9a38f42e0a2b',
    paymentBalance: 142.5,
    updatePaymentBalance: true,
    metadata: '{"walletId":"wallet#a70fa231-9563-4656-93b8-9a38f42e0a2b","deliveryId":"27f17e89-aa68-4be8-9994-de801e345b9d","walletSk":"27f17e89-aa68-4be8-9994-de801e345b9d"}',
    currency: 'KWD',
    amount: 7.5,
    vat: 0,
    oldBalance: 150,
    newBalance: 142.5
  }
}

2024-01-23T21:09:25.673Z 2024-01-23T21:09:25.673Z	dd49bfbd-b047-5d71-bff1-e1979d02b530	INFO	SubscriptionBalanceUpdated event published

2024-01-23T21:09:25.686Z 2024-01-23T21:09:25.686Z	dd49bfbd-b047-5d71-bff1-e1979d02b530	INFO	Processing message 1c0a849b-f4f5-451f-9954-5d3e790be7bd

2024-01-23T21:09:25.691Z 2024-01-23T21:09:25.691Z	dd49bfbd-b047-5d71-bff1-e1979d02b530	INFO	Start syncing the balance {
  transaction: {
    id: '01HMW2G2G376TS4QSWWNQFJSNB',
    type: 'DEBIT',
    source: 'MANUAL_DEDUCTION',
    action: 'DELIVERY_DEDUCTION',
    userId: '4e1fe147-a223-49c1-a72e-d299f2c60dd2',
    paymentBalance: 82.25,
    updatePaymentBalance: true,
    metadata: '{"walletId":"wallet#4e1fe147-a223-49c1-a72e-d299f2c60dd2","deliveryId":"00819255-a882-4e0f-9a17-36f77a524e40","walletSk":"00819255-a882-4e0f-9a17-36f77a524e40"}',
    currency: 'BHD',
    amount: 9,
    vat: 0,
    oldBalance: 91.25,
    newBalance: 82.25
  }
}

2024-01-23T21:09:25.740Z 2024-01-23T21:09:25.740Z	dd49bfbd-b047-5d71-bff1-e1979d02b530	INFO	SubscriptionBalanceUpdated event published

2024-01-23T21:09:25.757Z END RequestId: dd49bfbd-b047-5d71-bff1-e1979d02b530

2024-01-23T21:09:25.757Z REPORT RequestId: dd49bfbd-b047-5d71-bff1-e1979d02b530	Duration: 447.19 ms	Billed Duration: 448 ms	Memory Size: 1024 MB	Max Memory Used: 115 MB	

2024-01-23T21:09:25.988Z START RequestId: 57c18a61-bf7b-5794-abf0-d44b923e227c Version: $LATEST

2024-01-23T21:09:26.016Z 2024-01-23T21:09:26.016Z	57c18a61-bf7b-5794-abf0-d44b923e227c	INFO	Processing message cd63aa14-8fa9-4afc-bc00-31a07533ea13

2024-01-23T21:09:26.050Z 2024-01-23T21:09:26.050Z	57c18a61-bf7b-5794-abf0-d44b923e227c	INFO	Start syncing the balance {
  transaction: {
    id: '01HMW2G2ZT6SH8JKH58NGRBWV6',
    type: 'DEBIT',
    source: 'MANUAL_DEDUCTION',
    action: 'DELIVERY_DEDUCTION',
    userId: '705f6d18-f5fe-4202-beb9-bc39461813ce',
    paymentBalance: 792,
    updatePaymentBalance: true,
    metadata: '{"walletId":"wallet#705f6d18-f5fe-4202-beb9-bc39461813ce","deliveryId":"491ef27c-0bf7-4759-bb8b-537c5f60825c","walletSk":"491ef27c-0bf7-4759-bb8b-537c5f60825c"}',
    currency: 'BHD',
    amount: 8,
    vat: 0,
    oldBalance: 800,
    newBalance: 792
  }
}

2024-01-23T21:09:26.115Z 2024-01-23T21:09:26.115Z	57c18a61-bf7b-5794-abf0-d44b923e227c	INFO	SubscriptionBalanceUpdated event published

2024-01-23T21:09:26.128Z 2024-01-23T21:09:26.128Z	57c18a61-bf7b-5794-abf0-d44b923e227c	INFO	Processing message daaac850-f3ad-4d44-9dcd-593797dcb4fd

2024-01-23T21:09:26.133Z 2024-01-23T21:09:26.133Z	57c18a61-bf7b-5794-abf0-d44b923e227c	INFO	Start syncing the balance {
  transaction: {
    id: '01HMW2G39WQYTJXS0TV3834566',
    type: 'DEBIT',
    source: 'MANUAL_DEDUCTION',
    action: 'DELIVERY_DEDUCTION',
    userId: 'cb041491-f6b7-42be-9d69-278513b57b10',
    paymentBalance: 112,
    updatePaymentBalance: true,
    metadata: '{"walletId":"wallet#cb041491-f6b7-42be-9d69-278513b57b10","deliveryId":"412e0175-c1e3-4d58-9336-e3a0e18c2272","walletSk":"412e0175-c1e3-4d58-9336-e3a0e18c2272"}',
    currency: 'BHD',
    amount: 8,
    vat: 0,
    oldBalance: 120,
    newBalance: 112
  }
}

2024-01-23T21:09:26.187Z 2024-01-23T21:09:26.187Z	57c18a61-bf7b-5794-abf0-d44b923e227c	INFO	SubscriptionBalanceUpdated event published

2024-01-23T21:09:26.202Z END RequestId: 57c18a61-bf7b-5794-abf0-d44b923e227c

2024-01-23T21:09:26.202Z REPORT RequestId: 57c18a61-bf7b-5794-abf0-d44b923e227c	Duration: 213.10 ms	Billed Duration: 214 ms	Memory Size: 1024 MB	Max Memory Used: 115 MB	

2024-01-23T21:09:26.342Z START RequestId: 649faf2e-637b-51be-a0b6-f1044e3d39ff Version: $LATEST

2024-01-23T21:09:26.370Z 2024-01-23T21:09:26.370Z	649faf2e-637b-51be-a0b6-f1044e3d39ff	INFO	Processing message 7d031de7-69e4-4ed6-a59c-333478e32076

2024-01-23T21:09:26.376Z 2024-01-23T21:09:26.376Z	649faf2e-637b-51be-a0b6-f1044e3d39ff	INFO	Start syncing the balance {
  transaction: {
    id: '01HMW2G35JWZHP0NG3YDN1CP05',
    type: 'DEBIT',
    source: 'MANUAL_DEDUCTION',
    action: 'DELIVERY_DEDUCTION',
    userId: 'a09d7e6f-cd6a-4e47-8fd6-6b9a7dd03d4d',
    paymentBalance: 61,
    updatePaymentBalance: true,
    metadata: '{"walletId":"wallet#a09d7e6f-cd6a-4e47-8fd6-6b9a7dd03d4d","deliveryId":"18cafbe1-5661-43b0-86ea-4a4df9832549","walletSk":"18cafbe1-5661-43b0-86ea-4a4df9832549"}',
    currency: 'BHD',
    amount: 9,
    vat: 0,
    oldBalance: 79,
    newBalance: 70
  }
}

2024-01-23T21:09:26.436Z 2024-01-23T21:09:26.436Z	649faf2e-637b-51be-a0b6-f1044e3d39ff	INFO	SubscriptionBalanceUpdated event published

2024-01-23T21:09:26.450Z 2024-01-23T21:09:26.450Z	649faf2e-637b-51be-a0b6-f1044e3d39ff	ERROR	Subscription balance and payment balance are not in sync {
  userId: 'a09d7e6f-cd6a-4e47-8fd6-6b9a7dd03d4d',
  subscriptionBalance: 70,
  paymentBalance: 61
}

2024-01-23T21:09:26.496Z END RequestId: 649faf2e-637b-51be-a0b6-f1044e3d39ff

2024-01-23T21:09:26.496Z REPORT RequestId: 649faf2e-637b-51be-a0b6-f1044e3d39ff	Duration: 154.27 ms	Billed Duration: 155 ms	Memory Size: 1024 MB	Max Memory Used: 115 MB	

2024-01-23T21:09:33.899Z START RequestId: d15b544b-cc39-5129-9deb-0a61e17504c1 Version: $LATEST

2024-01-23T21:09:33.917Z 2024-01-23T21:09:33.917Z	d15b544b-cc39-5129-9deb-0a61e17504c1	INFO	Processing message dad4f7ab-b899-4315-9a92-733e53b548b7

2024-01-23T21:09:33.922Z 2024-01-23T21:09:33.922Z	d15b544b-cc39-5129-9deb-0a61e17504c1	INFO	Start syncing the balance {
  transaction: {
    id: '01HMW2GBBNNCKP0RR4G0J9D4SQ',
    type: 'DEBIT',
    source: 'MANUAL_DEDUCTION',
    action: 'DELIVERY_DEDUCTION',
    userId: 'a6e2e5da-e8dc-4cba-832d-054fffd5da4d',
    paymentBalance: 18,
    updatePaymentBalance: true,
    metadata: '{"walletId":"wallet#a6e2e5da-e8dc-4cba-832d-054fffd5da4d","deliveryId":"be120789-dd67-4b08-9730-e990fdae6e06","walletSk":"be120789-dd67-4b08-9730-e990fdae6e06"}',
    currency: 'BHD',
    amount: 8,
    vat: 0,
    oldBalance: 26,
    newBalance: 18
  }
}

2024-01-23T21:09:33.986Z 2024-01-23T21:09:33.986Z	d15b544b-cc39-5129-9deb-0a61e17504c1	INFO	SubscriptionBalanceUpdated event published

2024-01-23T21:09:34.020Z END RequestId: d15b544b-cc39-5129-9deb-0a61e17504c1

2024-01-23T21:09:34.020Z REPORT RequestId: d15b544b-cc39-5129-9deb-0a61e17504c1	Duration: 121.69 ms	Billed Duration: 122 ms	Memory Size: 1024 MB	Max Memory Used: 115 MB	

2024-01-23T21:09:34.029Z START RequestId: fb5a6c72-4d37-5322-8f87-3258607a5b63 Version: $LATEST

2024-01-23T21:09:34.051Z 2024-01-23T21:09:34.051Z	fb5a6c72-4d37-5322-8f87-3258607a5b63	INFO	Processing message 3ed115c7-9fa3-4679-bca7-41aaf09489f4

2024-01-23T21:09:34.056Z 2024-01-23T21:09:34.056Z	fb5a6c72-4d37-5322-8f87-3258607a5b63	INFO	Start syncing the balance {
  transaction: {
    id: '01HMW2GBBVZEFTT2TTAVPGGWF0',
    type: 'DEBIT',
    source: 'MANUAL_DEDUCTION',
    action: 'DELIVERY_DEDUCTION',
    userId: 'a2c0540c-4950-40b9-8522-9192aa7685f8',
    paymentBalance: 112,
    updatePaymentBalance: true,
    metadata: '{"walletId":"wallet#a2c0540c-4950-40b9-8522-9192aa7685f8","deliveryId":"04984596-517c-4268-bba1-55c36b00602c","walletSk":"04984596-517c-4268-bba1-55c36b00602c"}',
    currency: 'BHD',
    amount: 8,
    vat: 0,
    oldBalance: 120,
    newBalance: 112
  }
}

2024-01-23T21:09:34.101Z 2024-01-23T21:09:34.101Z	fb5a6c72-4d37-5322-8f87-3258607a5b63	INFO	SubscriptionBalanceUpdated event published

2024-01-23T21:09:34.119Z END RequestId: fb5a6c72-4d37-5322-8f87-3258607a5b63

2024-01-23T21:09:34.119Z REPORT RequestId: fb5a6c72-4d37-5322-8f87-3258607a5b63	Duration: 89.92 ms	Billed Duration: 90 ms	Memory Size: 1024 MB	Max Memory Used: 115 MB	

2024-01-23T21:09:34.150Z START RequestId: f718a98c-66f6-58df-bd95-f7a64bbb4d37 Version: $LATEST

2024-01-23T21:09:34.174Z 2024-01-23T21:09:34.174Z	f718a98c-66f6-58df-bd95-f7a64bbb4d37	INFO	Processing message 2200d630-ef20-4941-8032-d6fc7b133542

2024-01-23T21:09:34.178Z 2024-01-23T21:09:34.178Z	f718a98c-66f6-58df-bd95-f7a64bbb4d37	INFO	Start syncing the balance {
  transaction: {
    id: '01HMW2GBKDACHK9G2SJK9CZPJT',
    type: 'DEBIT',
    source: 'MANUAL_DEDUCTION',
    action: 'DELIVERY_DEDUCTION',
    userId: 'bd7971c8-c11b-46ab-96c7-105eb10b444e',
    paymentBalance: 138,
    updatePaymentBalance: true,
    metadata: '{"walletId":"wallet#bd7971c8-c11b-46ab-96c7-105eb10b444e","deliveryId":"ec46444d-e406-472f-98dc-908577a6856d","walletSk":"ec46444d-e406-472f-98dc-908577a6856d"}',
    currency: 'BHD',
    amount: 9,
    vat: 0,
    oldBalance: 156,
    newBalance: 147
  }
}

2024-01-23T21:09:34.222Z 2024-01-23T21:09:34.222Z	f718a98c-66f6-58df-bd95-f7a64bbb4d37	INFO	SubscriptionBalanceUpdated event published

2024-01-23T21:09:34.235Z 2024-01-23T21:09:34.235Z	f718a98c-66f6-58df-bd95-f7a64bbb4d37	ERROR	Subscription balance and payment balance are not in sync {
  userId: 'bd7971c8-c11b-46ab-96c7-105eb10b444e',
  subscriptionBalance: 147,
  paymentBalance: 138
}

2024-01-23T21:09:34.252Z END RequestId: f718a98c-66f6-58df-bd95-f7a64bbb4d37

2024-01-23T21:09:34.252Z REPORT RequestId: f718a98c-66f6-58df-bd95-f7a64bbb4d37	Duration: 101.85 ms	Billed Duration: 102 ms	Memory Size: 1024 MB	Max Memory Used: 115 MB	

2024-01-23T21:09:34.384Z START RequestId: 890e97f8-227c-5c67-934b-c9d20f329a40 Version: $LATEST

2024-01-23T21:09:34.406Z 2024-01-23T21:09:34.406Z	890e97f8-227c-5c67-934b-c9d20f329a40	INFO	Processing message 5f85237f-c00a-4568-bd19-93d3fc2adf74

2024-01-23T21:09:34.411Z 2024-01-23T21:09:34.411Z	890e97f8-227c-5c67-934b-c9d20f329a40	INFO	Start syncing the balance {
  transaction: {
    id: '01HMW2GBP0K5VSHVS2GKG8EGVA',
    type: 'DEBIT',
    source: 'MANUAL_DEDUCTION',
    action: 'DELIVERY_DEDUCTION',
    userId: '774aec7f-2f19-4233-b4a2-cef8e73197ea',
    paymentBalance: 169.5,
    updatePaymentBalance: true,
    metadata: '{"walletId":"wallet#774aec7f-2f19-4233-b4a2-cef8e73197ea","deliveryId":"21312259-f068-4e9b-8304-c847f21a95e1","walletSk":"21312259-f068-4e9b-8304-c847f21a95e1"}',
    currency: 'BHD',
    amount: 8,
    vat: 0,
    oldBalance: 177.5,
    newBalance: 169.5
  }
}

2024-01-23T21:09:34.454Z 2024-01-23T21:09:34.454Z	890e97f8-227c-5c67-934b-c9d20f329a40	INFO	SubscriptionBalanceUpdated event published

2024-01-23T21:09:34.468Z END RequestId: 890e97f8-227c-5c67-934b-c9d20f329a40

2024-01-23T21:09:34.468Z REPORT RequestId: 890e97f8-227c-5c67-934b-c9d20f329a40	Duration: 83.79 ms	Billed Duration: 84 ms	Memory Size: 1024 MB	Max Memory Used: 115 MB	

2024-01-23T21:09:35.683Z START RequestId: 7c24a129-f88d-510e-b14f-ff03d5c3e729 Version: $LATEST

2024-01-23T21:09:35.709Z 2024-01-23T21:09:35.709Z	7c24a129-f88d-510e-b14f-ff03d5c3e729	INFO	Processing message 9fdca05b-2861-4a69-8c64-ae4d0e81e5de

2024-01-23T21:09:35.714Z 2024-01-23T21:09:35.714Z	7c24a129-f88d-510e-b14f-ff03d5c3e729	INFO	Start syncing the balance {
  transaction: {
    id: '01HMW2GBVBFW6FPFMKZNB1EKW3',
    type: 'DEBIT',
    source: 'MANUAL_DEDUCTION',
    action: 'DELIVERY_DEDUCTION',
    userId: '54f55e3d-8580-4e47-b15e-c35e2d29effd',
    paymentBalance: 249.5,
    updatePaymentBalance: true,
    metadata: '{"walletId":"wallet#54f55e3d-8580-4e47-b15e-c35e2d29effd","deliveryId":"0a977fea-ceb8-47cb-839d-db5eab00b684","walletSk":"0a977fea-ceb8-47cb-839d-db5eab00b684"}',
    currency: 'BHD',
    amount: 2.5,
    vat: 0,
    oldBalance: 252,
    newBalance: 249.5
  }
}

2024-01-23T21:09:35.757Z 2024-01-23T21:09:35.757Z	7c24a129-f88d-510e-b14f-ff03d5c3e729	INFO	SubscriptionBalanceUpdated event published

2024-01-23T21:09:35.770Z END RequestId: 7c24a129-f88d-510e-b14f-ff03d5c3e729

2024-01-23T21:09:35.770Z REPORT RequestId: 7c24a129-f88d-510e-b14f-ff03d5c3e729	Duration: 87.15 ms	Billed Duration: 88 ms	Memory Size: 1024 MB	Max Memory Used: 115 MB	

2024-01-23T21:09:42.676Z START RequestId: 3cb56ff1-2910-545d-a3b0-31db0446f1b5 Version: $LATEST

2024-01-23T21:09:42.707Z 2024-01-23T21:09:42.707Z	3cb56ff1-2910-545d-a3b0-31db0446f1b5	INFO	Processing message 5eff70ed-94ae-4ca5-8249-29077111ea96

2024-01-23T21:09:42.712Z 2024-01-23T21:09:42.712Z	3cb56ff1-2910-545d-a3b0-31db0446f1b5	INFO	Start syncing the balance {
  transaction: {
    id: '01HMW2GKSFVWR3CGNXQ0C0MR00',
    type: 'DEBIT',
    source: 'MANUAL_DEDUCTION',
    action: 'DELIVERY_DEDUCTION',
    userId: 'e8990a0b-9d19-439a-b2db-be43088e1e6f',
    paymentBalance: 178.545,
    updatePaymentBalance: true,
    metadata: '{"walletId":"wallet#e8990a0b-9d19-439a-b2db-be43088e1e6f","deliveryId":"73033300-aeb2-4372-b0d5-855f9f9749c3","walletSk":"73033300-aeb2-4372-b0d5-855f9f9749c3"}',
    currency: 'BHD',
    amount: 8,
    vat: 0,
    oldBalance: 186.545,
    newBalance: 178.545
  }
}

2024-01-23T21:09:42.787Z 2024-01-23T21:09:42.787Z	3cb56ff1-2910-545d-a3b0-31db0446f1b5	INFO	SubscriptionBalanceUpdated event published

2024-01-23T21:09:42.826Z END RequestId: 3cb56ff1-2910-545d-a3b0-31db0446f1b5

2024-01-23T21:09:42.827Z REPORT RequestId: 3cb56ff1-2910-545d-a3b0-31db0446f1b5	Duration: 150.23 ms	Billed Duration: 151 ms	Memory Size: 1024 MB	Max Memory Used: 115 MB	

2024-01-23T21:09:42.895Z START RequestId: 5ee7d904-1280-52d3-b939-872e3fd6a4f4 Version: $LATEST

2024-01-23T21:09:42.916Z 2024-01-23T21:09:42.916Z	5ee7d904-1280-52d3-b939-872e3fd6a4f4	INFO	Processing message ad178c90-bf6b-45c1-b4e6-260600e6f568

2024-01-23T21:09:42.922Z 2024-01-23T21:09:42.922Z	5ee7d904-1280-52d3-b939-872e3fd6a4f4	INFO	Start syncing the balance {
  transaction: {
    id: '01HMW2GKVMCNG517Y8RNMWM9ET',
    type: 'DEBIT',
    source: 'MANUAL_DEDUCTION',
    action: 'DELIVERY_DEDUCTION',
    userId: '91886874-40ec-4324-87ea-10bcee9904f5',
    paymentBalance: 164.85,
    updatePaymentBalance: true,
    metadata: '{"walletId":"wallet#91886874-40ec-4324-87ea-10bcee9904f5","deliveryId":"08c98ec3-80db-4c48-a742-e5f8ce5d4cbb","walletSk":"08c98ec3-80db-4c48-a742-e5f8ce5d4cbb"}',
    currency: 'BHD',
    amount: 1.8,
    vat: 0,
    oldBalance: 166.65,
    newBalance: 164.85
  }
}

2024-01-23T21:09:42.969Z 2024-01-23T21:09:42.969Z	5ee7d904-1280-52d3-b939-872e3fd6a4f4	INFO	SubscriptionBalanceUpdated event published

2024-01-23T21:09:42.984Z END RequestId: 5ee7d904-1280-52d3-b939-872e3fd6a4f4

2024-01-23T21:09:42.984Z REPORT RequestId: 5ee7d904-1280-52d3-b939-872e3fd6a4f4	Duration: 88.28 ms	Billed Duration: 89 ms	Memory Size: 1024 MB	Max Memory Used: 115 MB	

