2024-04-03T18:17:46.843Z INIT_START Runtime Version: nodejs:20.v19	Runtime Version ARN: arn:aws:lambda:us-east-1::runtime:2d68d583b872accb8815f845161e9bbabc6ac3ed4d0ab8c23e75f8788cf5444a

2024-04-03T18:17:47.896Z START RequestId: 1159ccbd-14a1-52e3-9c23-923a8bdb0735 Version: $LATEST

2024-04-03T18:17:48.052Z 2024-04-03T18:17:48.052Z	1159ccbd-14a1-52e3-9c23-923a8bdb0735	INFO	Processing message 6d7826c5-a3f4-4d9e-9fe4-2f8f0a23bea6

2024-04-03T18:17:48.116Z 2024-04-03T18:17:48.116Z	1159ccbd-14a1-52e3-9c23-923a8bdb0735	INFO	Start syncing the balance {
  transaction: {
    id: '01HTJJWSKY8FB0MEP4WEKXFZBV',
    type: 'CREDIT',
    source: 'PAYMENT',
    action: 'PURCHASE_ADDON_SUBSCRIPTION',
    userId: '09ab0c9d-acb3-41ef-b844-c50508c878e4',
    paymentBalance: 4499.1,
    updatePaymentBalance: true,
    metadata: '{"walletId":"wallet#09ab0c9d-acb3-41ef-b844-c50508c878e4","country":"SA","couponDiscount":0,"eventSessionId":"904aabc2-df46-42fe-9d69-579f80721d49","walletSk":"87d8beea-a74a-4d7b-a6e9-7f7f7aa2dd78","version2":true,"addonSubscriptions":"[{\\"autoRenew\\":false,\\"category\\":\\"FRUITS_AND_VEGGIES\\",\\"endDate\\":\\"2024-06-05\\",\\"startDate\\":\\"2024-04-05\\",\\"pricePerDay\\":11,\\"currency\\":\\"SAR\\"}]","addonDayCount":62,"subscriptionId":"09ab0c9d-acb3-41ef-b844-c50508c878e4","kitchen":"SA001"}',
    currency: 'SAR',
    amount: 784.3,
    vat: 102.3,
    oldBalance: 3817.1,
    newBalance: 4499.1
  }
}

2024-04-03T18:17:48.227Z 2024-04-03T18:17:48.227Z	1159ccbd-14a1-52e3-9c23-923a8bdb0735	INFO	SubscriptionBalanceUpdated event published

2024-04-03T18:17:48.269Z END RequestId: 1159ccbd-14a1-52e3-9c23-923a8bdb0735

2024-04-03T18:17:48.269Z REPORT RequestId: 1159ccbd-14a1-52e3-9c23-923a8bdb0735	Duration: 373.15 ms	Billed Duration: 374 ms	Memory Size: 1024 MB	Max Memory Used: 113 MB	Init Duration: 1052.10 ms	

2024-04-03T18:20:11.072Z START RequestId: 9e6ab295-70e6-5f59-8b10-ec12d0e9695a Version: $LATEST

2024-04-03T18:20:11.202Z 2024-04-03T18:20:11.202Z	9e6ab295-70e6-5f59-8b10-ec12d0e9695a	INFO	Processing message ab4aa0d8-eab9-4e00-b92c-cb673cc93b54

2024-04-03T18:20:11.228Z 2024-04-03T18:20:11.228Z	9e6ab295-70e6-5f59-8b10-ec12d0e9695a	INFO	Start syncing the balance {
  transaction: {
    id: '01HTJK17822JS5V6ABSPMC5QAD',
    type: 'CREDIT',
    source: 'PAYMENT',
    action: 'PURCHASE_ADDON_SUBSCRIPTION',
    userId: '09ab0c9d-acb3-41ef-b844-c50508c878e4',
    paymentBalance: 5302.1,
    updatePaymentBalance: true,
    metadata: '{"walletId":"wallet#09ab0c9d-acb3-41ef-b844-c50508c878e4","country":"SA","couponDiscount":0,"eventSessionId":"406b75b5-250e-4538-aad2-2d03bbf4ffa8","walletSk":"57f9d990-fc22-4f51-9d80-7bdd7d47c263","version2":true,"addonSubscriptionCosts":"{\\"FRUITS_AND_VEGGIES\\":803}","addonSubscriptions":"[{\\"autoRenew\\":false,\\"category\\":\\"FRUITS_AND_VEGGIES\\",\\"endDate\\":\\"2024-06-16\\",\\"startDate\\":\\"2024-04-05\\",\\"pricePerDay\\":11,\\"currency\\":\\"SAR\\"}]","addonDayCount":73,"subscriptionId":"09ab0c9d-acb3-41ef-b844-c50508c878e4","kitchen":"SA001"}',
    currency: 'SAR',
    amount: 923.45,
    vat: 120.45,
    oldBalance: 4499.1,
    newBalance: 5302.1
  }
}

2024-04-03T18:20:11.301Z 2024-04-03T18:20:11.301Z	9e6ab295-70e6-5f59-8b10-ec12d0e9695a	INFO	SubscriptionBalanceUpdated event published

2024-04-03T18:20:11.343Z END RequestId: 9e6ab295-70e6-5f59-8b10-ec12d0e9695a

2024-04-03T18:20:11.343Z REPORT RequestId: 9e6ab295-70e6-5f59-8b10-ec12d0e9695a	Duration: 271.36 ms	Billed Duration: 272 ms	Memory Size: 1024 MB	Max Memory Used: 121 MB	

2024-04-03T18:23:19.734Z START RequestId: 71979075-9a5f-53bd-a6a9-cef23a9035a1 Version: $LATEST

2024-04-03T18:23:19.834Z 2024-04-03T18:23:19.834Z	71979075-9a5f-53bd-a6a9-cef23a9035a1	INFO	Processing message b762bbf5-c877-4304-b9d2-6fbb5fc37bde

2024-04-03T18:23:19.860Z 2024-04-03T18:23:19.860Z	71979075-9a5f-53bd-a6a9-cef23a9035a1	INFO	Start syncing the balance {
  transaction: {
    id: '01HTJK6ZRMAXDT88K17T33VZC5',
    type: 'CREDIT',
    source: 'PAYMENT',
    action: 'PURCHASE_ADDON_SUBSCRIPTION',
    userId: '09ab0c9d-acb3-41ef-b844-c50508c878e4',
    paymentBalance: 6322.1,
    updatePaymentBalance: true,
    metadata: '{"walletId":"wallet#09ab0c9d-acb3-41ef-b844-c50508c878e4","country":"SA","couponDiscount":0,"eventSessionId":"31c749de-aa5c-4399-8c93-00e2d4af5aaa","walletSk":"8f6f9fde-1eb9-4b2f-b532-6cc82084ec25","version2":true,"addonSubscriptionCosts":"{\\"BEVERAGES\\":1020}","addonSubscriptions":"[{\\"autoRenew\\":false,\\"category\\":\\"BEVERAGES\\",\\"endDate\\":\\"2024-06-28\\",\\"startDate\\":\\"2024-04-05\\",\\"pricePerDay\\":12,\\"currency\\":\\"SAR\\"}]","addonDayCount":85,"subscriptionId":"09ab0c9d-acb3-41ef-b844-c50508c878e4","kitchen":"SA001"}',
    currency: 'SAR',
    amount: 1173,
    vat: 153,
    oldBalance: 5302.1,
    newBalance: 6322.1
  }
}

2024-04-03T18:23:19.936Z 2024-04-03T18:23:19.936Z	71979075-9a5f-53bd-a6a9-cef23a9035a1	INFO	SubscriptionBalanceUpdated event published

2024-04-03T18:23:19.970Z END RequestId: 71979075-9a5f-53bd-a6a9-cef23a9035a1

2024-04-03T18:23:19.970Z REPORT RequestId: 71979075-9a5f-53bd-a6a9-cef23a9035a1	Duration: 236.33 ms	Billed Duration: 237 ms	Memory Size: 1024 MB	Max Memory Used: 121 MB	

