2024-04-28T21:01:03.747Z INIT_START Runtime Version: nodejs:20.v22	Runtime Version ARN: arn:aws:lambda:us-east-1::runtime:da57c20c4b965d5b75540f6865a35fc8030358e33ec44ecfed33e90901a27a72

2024-04-28T21:01:04.794Z START RequestId: 73ddf22c-2c99-5d7f-bafb-ac8497a675d2 Version: $LATEST

2024-04-28T21:01:04.945Z 2024-04-28T21:01:04.945Z	73ddf22c-2c99-5d7f-bafb-ac8497a675d2	INFO	Processing message c5537bd1-48d8-462d-bbc7-25c963740273

2024-04-28T21:01:04.994Z 2024-04-28T21:01:04.994Z	73ddf22c-2c99-5d7f-bafb-ac8497a675d2	INFO	Start syncing the balance {
  transaction: {
    id: '01HWK85RQ4VFYYG16AC9CQ3QJM',
    type: 'DEBIT',
    source: 'MANUAL_DEDUCTION',
    action: 'DELIVERY_DEDUCTION',
    userId: '7472970f-2bef-4191-8e4d-5629b894a6c6',
    paymentBalance: 190,
    updatePaymentBalance: true,
    metadata: '{"walletId":"wallet#7472970f-2bef-4191-8e4d-5629b894a6c6","deliveryId":"e41def33-ca81-4bc5-8d1c-0454c959fa1e","walletSk":"e41def33-ca81-4bc5-8d1c-0454c959fa1e"}',
    currency: 'BHD',
    amount: 10,
    vat: 0,
    oldBalance: 200,
    newBalance: 190
  }
}

2024-04-28T21:01:05.147Z 2024-04-28T21:01:05.147Z	73ddf22c-2c99-5d7f-bafb-ac8497a675d2	INFO	SubscriptionBalanceUpdated event published

2024-04-28T21:01:05.199Z END RequestId: 73ddf22c-2c99-5d7f-bafb-ac8497a675d2

2024-04-28T21:01:05.199Z REPORT RequestId: 73ddf22c-2c99-5d7f-bafb-ac8497a675d2	Duration: 405.27 ms	Billed Duration: 406 ms	Memory Size: 1024 MB	Max Memory Used: 119 MB	Init Duration: 1045.63 ms	

2024-04-28T21:01:06.611Z START RequestId: b8e6a3ce-921a-53c5-9887-fd6629485abc Version: $LATEST

2024-04-28T21:01:06.647Z 2024-04-28T21:01:06.647Z	b8e6a3ce-921a-53c5-9887-fd6629485abc	INFO	Processing message 573fb621-5979-4aa7-b007-bb76b7f73041

2024-04-28T21:01:06.656Z 2024-04-28T21:01:06.656Z	b8e6a3ce-921a-53c5-9887-fd6629485abc	INFO	Start syncing the balance {
  transaction: {
    id: '01HWK85PX2E3WWF6JDPC2CQSC6',
    type: 'DEBIT',
    source: 'MANUAL_DEDUCTION',
    action: 'DELIVERY_DEDUCTION',
    userId: '47fd738e-3867-4098-aeff-2476c299d464',
    paymentBalance: 209.636,
    updatePaymentBalance: true,
    metadata: '{"walletId":"wallet#47fd738e-3867-4098-aeff-2476c299d464","deliveryId":"c2b0edf1-6670-4872-95df-b5ea23eb2e27","walletSk":"c2b0edf1-6670-4872-95df-b5ea23eb2e27"}',
    currency: 'BHD',
    amount: 9,
    vat: 0,
    oldBalance: 218.636,
    newBalance: 209.636
  }
}

2024-04-28T21:01:06.726Z 2024-04-28T21:01:06.726Z	b8e6a3ce-921a-53c5-9887-fd6629485abc	INFO	SubscriptionBalanceUpdated event published

2024-04-28T21:01:06.742Z 2024-04-28T21:01:06.742Z	b8e6a3ce-921a-53c5-9887-fd6629485abc	INFO	Processing message 110de6da-8b76-4c69-941a-c6ad0c7a3e13

2024-04-28T21:01:06.750Z 2024-04-28T21:01:06.750Z	b8e6a3ce-921a-53c5-9887-fd6629485abc	INFO	Start syncing the balance {
  transaction: {
    id: '01HWK85PYFYP04WAVWE89C0DJ4',
    type: 'DEBIT',
    source: 'MANUAL_DEDUCTION',
    action: 'DELIVERY_DEDUCTION',
    userId: '67c42c0a-38dc-4917-b323-f8e7e0a5e9cb',
    paymentBalance: 10077.567,
    updatePaymentBalance: true,
    metadata: '{"walletId":"wallet#67c42c0a-38dc-4917-b323-f8e7e0a5e9cb","deliveryId":"64d4fa50-1fe8-4efd-8b0e-1c303e01bd18","walletSk":"64d4fa50-1fe8-4efd-8b0e-1c303e01bd18"}',
    currency: 'BHD',
    amount: 9,
    vat: 0,
    oldBalance: 10086.567,
    newBalance: 10077.567
  }
}

2024-04-28T21:01:06.806Z 2024-04-28T21:01:06.806Z	b8e6a3ce-921a-53c5-9887-fd6629485abc	INFO	SubscriptionBalanceUpdated event published

2024-04-28T21:01:06.822Z 2024-04-28T21:01:06.822Z	b8e6a3ce-921a-53c5-9887-fd6629485abc	INFO	Processing message 55094276-da39-4358-ae61-ae3455c0c82d

2024-04-28T21:01:06.829Z 2024-04-28T21:01:06.829Z	b8e6a3ce-921a-53c5-9887-fd6629485abc	INFO	Start syncing the balance {
  transaction: {
    id: '01HWK85QGZMXKVB2DR7Z9KSR6Z',
    type: 'DEBIT',
    source: 'MANUAL_DEDUCTION',
    action: 'DELIVERY_DEDUCTION',
    userId: '9b462ea5-f561-409a-a637-2f559858813f',
    paymentBalance: 226.5,
    updatePaymentBalance: true,
    metadata: '{"walletId":"wallet#9b462ea5-f561-409a-a637-2f559858813f","deliveryId":"b0af0338-6d3a-48d5-9a6d-8f28679cfbec","walletSk":"b0af0338-6d3a-48d5-9a6d-8f28679cfbec"}',
    currency: 'BHD',
    amount: 9,
    vat: 0,
    oldBalance: 235.5,
    newBalance: 226.5
  }
}

2024-04-28T21:01:06.880Z 2024-04-28T21:01:06.880Z	b8e6a3ce-921a-53c5-9887-fd6629485abc	INFO	SubscriptionBalanceUpdated event published

2024-04-28T21:01:06.894Z 2024-04-28T21:01:06.894Z	b8e6a3ce-921a-53c5-9887-fd6629485abc	INFO	Processing message 9ed3c5c8-c75c-4011-ab66-eae76d35b484

2024-04-28T21:01:06.901Z 2024-04-28T21:01:06.901Z	b8e6a3ce-921a-53c5-9887-fd6629485abc	INFO	Start syncing the balance {
  transaction: {
    id: '01HWK85R8ABX809JY8X6T391YM',
    type: 'DEBIT',
    source: 'MANUAL_DEDUCTION',
    action: 'DELIVERY_DEDUCTION',
    userId: '4f7384cd-6765-4ab5-8419-584a56627aad',
    paymentBalance: 1360,
    updatePaymentBalance: true,
    metadata: '{"walletId":"wallet#4f7384cd-6765-4ab5-8419-584a56627aad","deliveryId":"e69dc8e0-45ab-4d93-b82b-1cc3e911bb78","walletSk":"e69dc8e0-45ab-4d93-b82b-1cc3e911bb78"}',
    currency: 'SAR',
    amount: 90,
    vat: 0,
    oldBalance: 1450,
    newBalance: 1360
  }
}

2024-04-28T21:01:06.944Z 2024-04-28T21:01:06.944Z	b8e6a3ce-921a-53c5-9887-fd6629485abc	INFO	SubscriptionBalanceUpdated event published

2024-04-28T21:01:06.960Z 2024-04-28T21:01:06.960Z	b8e6a3ce-921a-53c5-9887-fd6629485abc	INFO	Processing message a87ed213-5b65-435a-98f3-6a727f2910d9

2024-04-28T21:01:06.966Z 2024-04-28T21:01:06.966Z	b8e6a3ce-921a-53c5-9887-fd6629485abc	INFO	Start syncing the balance {
  transaction: {
    id: '01HWK85R90S7KS86JEVMM6FEYX',
    type: 'DEBIT',
    source: 'MANUAL_DEDUCTION',
    action: 'DELIVERY_DEDUCTION',
    userId: '1b237415-c628-4342-9178-81e46ab75bbf',
    paymentBalance: 439,
    updatePaymentBalance: true,
    metadata: '{"walletId":"wallet#1b237415-c628-4342-9178-81e46ab75bbf","deliveryId":"e344ae12-4bd3-4fba-b10c-85aea22de889","walletSk":"e344ae12-4bd3-4fba-b10c-85aea22de889"}',
    currency: 'BHD',
    amount: 9,
    vat: 0,
    oldBalance: 448,
    newBalance: 439
  }
}

2024-04-28T21:01:07.009Z 2024-04-28T21:01:07.009Z	b8e6a3ce-921a-53c5-9887-fd6629485abc	INFO	SubscriptionBalanceUpdated event published

2024-04-28T21:01:07.022Z 2024-04-28T21:01:07.022Z	b8e6a3ce-921a-53c5-9887-fd6629485abc	INFO	Processing message f656ca42-affb-4821-a976-416c0cfba7f4

2024-04-28T21:01:07.028Z 2024-04-28T21:01:07.028Z	b8e6a3ce-921a-53c5-9887-fd6629485abc	INFO	Start syncing the balance {
  transaction: {
    id: '01HWK85RMJP0107006VJTZ0RAR',
    type: 'DEBIT',
    source: 'MANUAL_DEDUCTION',
    action: 'DELIVERY_DEDUCTION',
    userId: '59628f7f-9796-46ee-8ddf-be1a25e85f3f',
    paymentBalance: 1530,
    updatePaymentBalance: true,
    metadata: '{"walletId":"wallet#59628f7f-9796-46ee-8ddf-be1a25e85f3f","deliveryId":"b21b2975-4a1c-4712-bd97-f84a4de64add","walletSk":"b21b2975-4a1c-4712-bd97-f84a4de64add"}',
    currency: 'SAR',
    amount: 90,
    vat: 0,
    oldBalance: 1620,
    newBalance: 1530
  }
}

2024-04-28T21:01:07.102Z 2024-04-28T21:01:07.102Z	b8e6a3ce-921a-53c5-9887-fd6629485abc	INFO	SubscriptionBalanceUpdated event published

2024-04-28T21:01:07.115Z 2024-04-28T21:01:07.115Z	b8e6a3ce-921a-53c5-9887-fd6629485abc	INFO	Processing message 165ee759-ec46-4d16-b2ff-130c0669908a

2024-04-28T21:01:07.122Z 2024-04-28T21:01:07.122Z	b8e6a3ce-921a-53c5-9887-fd6629485abc	INFO	Start syncing the balance {
  transaction: {
    id: '01HWK85RY8YR4HE79BND3SFAM3',
    type: 'DEBIT',
    source: 'MANUAL_DEDUCTION',
    action: 'DELIVERY_DEDUCTION',
    userId: '39487e11-170c-48a2-b81c-8e4c32c50b47',
    paymentBalance: 1296,
    updatePaymentBalance: true,
    metadata: '{"walletId":"wallet#39487e11-170c-48a2-b81c-8e4c32c50b47","deliveryId":"5d247cd1-b258-4b68-b879-e391073c1d47","walletSk":"5d247cd1-b258-4b68-b879-e391073c1d47"}',
    currency: 'AED',
    amount: 72,
    vat: 0,
    oldBalance: 1368,
    newBalance: 1296
  }
}

2024-04-28T21:01:07.166Z 2024-04-28T21:01:07.166Z	b8e6a3ce-921a-53c5-9887-fd6629485abc	INFO	SubscriptionBalanceUpdated event published

2024-04-28T21:01:07.179Z 2024-04-28T21:01:07.179Z	b8e6a3ce-921a-53c5-9887-fd6629485abc	INFO	Processing message 48b7c828-cb7a-468c-8cc5-b91c940e22de

2024-04-28T21:01:07.185Z 2024-04-28T21:01:07.185Z	b8e6a3ce-921a-53c5-9887-fd6629485abc	INFO	Start syncing the balance {
  transaction: {
    id: '01HWK85RV0WDAD8GHPCQWJ1AFY',
    type: 'DEBIT',
    source: 'MANUAL_DEDUCTION',
    action: 'DELIVERY_DEDUCTION',
    userId: 'def620f2-7a2e-46de-a360-eb21767a04ec',
    paymentBalance: 243.5,
    updatePaymentBalance: true,
    metadata: '{"walletId":"wallet#def620f2-7a2e-46de-a360-eb21767a04ec","deliveryId":"d5547f86-4079-4f56-8ffd-45b2f29d8490","walletSk":"d5547f86-4079-4f56-8ffd-45b2f29d8490"}',
    currency: 'BHD',
    amount: 8.5,
    vat: 0,
    oldBalance: 10,
    newBalance: 1.5
  }
}

2024-04-28T21:01:07.248Z 2024-04-28T21:01:07.248Z	b8e6a3ce-921a-53c5-9887-fd6629485abc	INFO	SubscriptionBalanceUpdated event published

2024-04-28T21:01:07.260Z 2024-04-28T21:01:07.260Z	b8e6a3ce-921a-53c5-9887-fd6629485abc	ERROR	Subscription balance and payment balance are not in sync {
  userId: 'def620f2-7a2e-46de-a360-eb21767a04ec',
  subscriptionBalance: 1.5,
  paymentBalance: 243.5
}

2024-04-28T21:01:07.280Z 2024-04-28T21:01:07.280Z	b8e6a3ce-921a-53c5-9887-fd6629485abc	INFO	Processing message e205de8c-fab6-4a3f-ad96-ad645264adf9

2024-04-28T21:01:07.286Z 2024-04-28T21:01:07.286Z	b8e6a3ce-921a-53c5-9887-fd6629485abc	INFO	Start syncing the balance {
  transaction: {
    id: '01HWK85RXCTJ6BWMTA5X0F5YKD',
    type: 'DEBIT',
    source: 'MANUAL_DEDUCTION',
    action: 'DELIVERY_DEDUCTION',
    userId: 'af485086-39e2-42db-bd5e-8576deb0338d',
    paymentBalance: 4906.95,
    updatePaymentBalance: true,
    metadata: '{"walletId":"wallet#af485086-39e2-42db-bd5e-8576deb0338d","deliveryId":"9a02b3d1-e770-4289-b9a9-80ef8659548c","walletSk":"9a02b3d1-e770-4289-b9a9-80ef8659548c"}',
    currency: 'SAR',
    amount: 86.09,
    vat: 0,
    oldBalance: 4993.04,
    newBalance: 4906.95
  }
}

2024-04-28T21:01:07.328Z 2024-04-28T21:01:07.328Z	b8e6a3ce-921a-53c5-9887-fd6629485abc	INFO	SubscriptionBalanceUpdated event published

2024-04-28T21:01:07.347Z 2024-04-28T21:01:07.347Z	b8e6a3ce-921a-53c5-9887-fd6629485abc	INFO	Processing message 24b31dc7-09ad-4cdf-ab69-924d3d06b831

2024-04-28T21:01:07.353Z 2024-04-28T21:01:07.353Z	b8e6a3ce-921a-53c5-9887-fd6629485abc	INFO	Start syncing the balance {
  transaction: {
    id: '01HWK85S170MNTZ3R6Y1WXT3J2',
    type: 'DEBIT',
    source: 'MANUAL_DEDUCTION',
    action: 'DELIVERY_DEDUCTION',
    userId: 'd5aae41c-e806-48f6-a980-25f322899a4a',
    paymentBalance: 2700.44,
    updatePaymentBalance: true,
    metadata: '{"walletId":"wallet#d5aae41c-e806-48f6-a980-25f322899a4a","deliveryId":"7fb8736c-6002-49e5-b579-4f67f1f7d62e","walletSk":"7fb8736c-6002-49e5-b579-4f67f1f7d62e"}',
    currency: 'SAR',
    amount: 90,
    vat: 0,
    oldBalance: 1080.44,
    newBalance: 990.44
  }
}

2024-04-28T21:01:07.396Z 2024-04-28T21:01:07.396Z	b8e6a3ce-921a-53c5-9887-fd6629485abc	INFO	SubscriptionBalanceUpdated event published

2024-04-28T21:01:07.409Z 2024-04-28T21:01:07.409Z	b8e6a3ce-921a-53c5-9887-fd6629485abc	ERROR	Subscription balance and payment balance are not in sync {
  userId: 'd5aae41c-e806-48f6-a980-25f322899a4a',
  subscriptionBalance: 990.44,
  paymentBalance: 2700.44
}

2024-04-28T21:01:07.441Z END RequestId: b8e6a3ce-921a-53c5-9887-fd6629485abc

2024-04-28T21:01:07.441Z REPORT RequestId: b8e6a3ce-921a-53c5-9887-fd6629485abc	Duration: 830.22 ms	Billed Duration: 831 ms	Memory Size: 1024 MB	Max Memory Used: 126 MB	
XRAY TraceId: 1-662eb912-d03e22944db8c910e59c0617	SegmentId: 219e6aee09e286d4	Sampled: true	

2024-04-28T21:01:07.514Z START RequestId: 09d8f006-45b1-5231-a7de-aeaefee277f7 Version: $LATEST

2024-04-28T21:01:07.543Z 2024-04-28T21:01:07.543Z	09d8f006-45b1-5231-a7de-aeaefee277f7	INFO	Processing message 417c66c5-ff7f-41da-add7-726e743ba50f

2024-04-28T21:01:07.551Z 2024-04-28T21:01:07.551Z	09d8f006-45b1-5231-a7de-aeaefee277f7	INFO	Start syncing the balance {
  transaction: {
    id: '01HWK85SXQF5B6MCZZP0DKQAKV',
    type: 'DEBIT',
    source: 'MANUAL_DEDUCTION',
    action: 'DELIVERY_DEDUCTION',
    userId: '813ee3cd-2349-43ae-8915-f0a2c12b4245',
    paymentBalance: 564.045,
    updatePaymentBalance: true,
    metadata: '{"walletId":"wallet#813ee3cd-2349-43ae-8915-f0a2c12b4245","deliveryId":"49cc95c1-7871-4b16-bebe-7aaa867434ef","walletSk":"49cc95c1-7871-4b16-bebe-7aaa867434ef"}',
    currency: 'BHD',
    amount: 9,
    vat: 0,
    oldBalance: 231.045,
    newBalance: 222.045
  }
}

2024-04-28T21:01:07.591Z 2024-04-28T21:01:07.591Z	09d8f006-45b1-5231-a7de-aeaefee277f7	INFO	SubscriptionBalanceUpdated event published

2024-04-28T21:01:07.609Z 2024-04-28T21:01:07.609Z	09d8f006-45b1-5231-a7de-aeaefee277f7	ERROR	Subscription balance and payment balance are not in sync {
  userId: '813ee3cd-2349-43ae-8915-f0a2c12b4245',
  subscriptionBalance: 222.045,
  paymentBalance: 564.045
}

2024-04-28T21:01:07.629Z 2024-04-28T21:01:07.629Z	09d8f006-45b1-5231-a7de-aeaefee277f7	INFO	Processing message 6d584405-f9fc-4103-aea5-b8c3e5626a41

2024-04-28T21:01:07.635Z 2024-04-28T21:01:07.635Z	09d8f006-45b1-5231-a7de-aeaefee277f7	INFO	Start syncing the balance {
  transaction: {
    id: '01HWK85T0QQWA9MQ863ZY9EXTA',
    type: 'DEBIT',
    source: 'MANUAL_DEDUCTION',
    action: 'DELIVERY_DEDUCTION',
    userId: '0e57c6e2-d98c-423d-a2a4-4c35104a3f7c',
    paymentBalance: 250,
    updatePaymentBalance: true,
    metadata: '{"walletId":"wallet#0e57c6e2-d98c-423d-a2a4-4c35104a3f7c","deliveryId":"aaf29cdf-e6d4-41cd-aede-d652839c2c60","walletSk":"aaf29cdf-e6d4-41cd-aede-d652839c2c60"}',
    currency: 'BHD',
    amount: 10,
    vat: 0,
    oldBalance: 260,
    newBalance: 250
  }
}

2024-04-28T21:01:07.715Z 2024-04-28T21:01:07.715Z	09d8f006-45b1-5231-a7de-aeaefee277f7	INFO	SubscriptionBalanceUpdated event published

2024-04-28T21:01:07.727Z 2024-04-28T21:01:07.727Z	09d8f006-45b1-5231-a7de-aeaefee277f7	INFO	Processing message 48a165e7-1624-471c-a3ab-f389959c96ba

2024-04-28T21:01:07.732Z 2024-04-28T21:01:07.732Z	09d8f006-45b1-5231-a7de-aeaefee277f7	INFO	Start syncing the balance {
  transaction: {
    id: '01HWK85T2W6SM30DK8FEF03X3M',
    type: 'DEBIT',
    source: 'MANUAL_DEDUCTION',
    action: 'DELIVERY_DEDUCTION',
    userId: '3c69deb3-2d26-4954-865d-164c08a6c20c',
    paymentBalance: 1351.363,
    updatePaymentBalance: true,
    metadata: '{"walletId":"wallet#3c69deb3-2d26-4954-865d-164c08a6c20c","deliveryId":"256798b4-b9d0-4092-9110-841ec468cbdd","walletSk":"256798b4-b9d0-4092-9110-841ec468cbdd"}',
    currency: 'BHD',
    amount: 9,
    vat: 0,
    oldBalance: 1360.363,
    newBalance: 1351.363
  }
}

2024-04-28T21:01:07.768Z 2024-04-28T21:01:07.768Z	09d8f006-45b1-5231-a7de-aeaefee277f7	INFO	SubscriptionBalanceUpdated event published

2024-04-28T21:01:07.781Z 2024-04-28T21:01:07.781Z	09d8f006-45b1-5231-a7de-aeaefee277f7	INFO	Processing message 91f6d724-3afe-4f91-b567-1f86d8cc1fd9

2024-04-28T21:01:07.785Z 2024-04-28T21:01:07.785Z	09d8f006-45b1-5231-a7de-aeaefee277f7	INFO	Start syncing the balance {
  transaction: {
    id: '01HWK85SVDWT8V7ZTMYC628GMK',
    type: 'DEBIT',
    source: 'MANUAL_DEDUCTION',
    action: 'DELIVERY_DEDUCTION',
    userId: '9595556f-b8bd-4337-955a-aa87f7d46409',
    paymentBalance: 1370,
    updatePaymentBalance: true,
    metadata: '{"walletId":"wallet#9595556f-b8bd-4337-955a-aa87f7d46409","deliveryId":"9e897cc2-0b5c-4e33-afba-9b522f4d7c5c","walletSk":"9e897cc2-0b5c-4e33-afba-9b522f4d7c5c"}',
    currency: 'SAR',
    amount: 80,
    vat: 0,
    oldBalance: 1450,
    newBalance: 1370
  }
}

2024-04-28T21:01:07.822Z 2024-04-28T21:01:07.822Z	09d8f006-45b1-5231-a7de-aeaefee277f7	INFO	SubscriptionBalanceUpdated event published

2024-04-28T21:01:07.833Z 2024-04-28T21:01:07.833Z	09d8f006-45b1-5231-a7de-aeaefee277f7	INFO	Processing message 9d43e3e6-4bae-419e-85aa-9710a7258b15

2024-04-28T21:01:07.840Z 2024-04-28T21:01:07.840Z	09d8f006-45b1-5231-a7de-aeaefee277f7	INFO	Start syncing the balance {
  transaction: {
    id: '01HWK85T8DE26GGK40C4G24S2B',
    type: 'DEBIT',
    source: 'MANUAL_DEDUCTION',
    action: 'DELIVERY_DEDUCTION',
    userId: '5cf444b8-09b4-4a03-b22d-f3141a817dd8',
    paymentBalance: 94.908,
    updatePaymentBalance: true,
    metadata: '{"walletId":"wallet#5cf444b8-09b4-4a03-b22d-f3141a817dd8","deliveryId":"5716f25d-98bb-4232-b548-7f7120cc4e88","walletSk":"5716f25d-98bb-4232-b548-7f7120cc4e88"}',
    currency: 'BHD',
    amount: 9,
    vat: 0,
    oldBalance: 111.908,
    newBalance: 102.908
  }
}

2024-04-28T21:01:07.878Z 2024-04-28T21:01:07.878Z	09d8f006-45b1-5231-a7de-aeaefee277f7	INFO	SubscriptionBalanceUpdated event published

2024-04-28T21:01:07.892Z 2024-04-28T21:01:07.892Z	09d8f006-45b1-5231-a7de-aeaefee277f7	ERROR	Subscription balance and payment balance are not in sync {
  userId: '5cf444b8-09b4-4a03-b22d-f3141a817dd8',
  subscriptionBalance: 102.908,
  paymentBalance: 94.908
}

2024-04-28T21:01:07.908Z 2024-04-28T21:01:07.908Z	09d8f006-45b1-5231-a7de-aeaefee277f7	INFO	Processing message 468fce3a-c889-4151-a2d3-161218508ff5

2024-04-28T21:01:07.913Z 2024-04-28T21:01:07.913Z	09d8f006-45b1-5231-a7de-aeaefee277f7	INFO	Start syncing the balance {
  transaction: {
    id: '01HWK85T3QJFR0VH9QXP5TC8H9',
    type: 'DEBIT',
    source: 'MANUAL_DEDUCTION',
    action: 'DELIVERY_DEDUCTION',
    userId: '1bebad00-a46c-45c7-b8c6-72ff9ef95ff1',
    paymentBalance: 146,
    updatePaymentBalance: true,
    metadata: '{"walletId":"wallet#1bebad00-a46c-45c7-b8c6-72ff9ef95ff1","deliveryId":"d6877406-63fc-4cf7-be15-773ac96d250a","walletSk":"d6877406-63fc-4cf7-be15-773ac96d250a"}',
    currency: 'KWD',
    amount: 7.5,
    vat: 0,
    oldBalance: 153.5,
    newBalance: 146
  }
}

2024-04-28T21:01:07.949Z 2024-04-28T21:01:07.949Z	09d8f006-45b1-5231-a7de-aeaefee277f7	INFO	SubscriptionBalanceUpdated event published

2024-04-28T21:01:07.963Z 2024-04-28T21:01:07.963Z	09d8f006-45b1-5231-a7de-aeaefee277f7	INFO	Processing message 37066614-0933-4a0b-80e1-0be19afdea32

2024-04-28T21:01:07.968Z 2024-04-28T21:01:07.968Z	09d8f006-45b1-5231-a7de-aeaefee277f7	INFO	Start syncing the balance {
  transaction: {
    id: '01HWK85V0RPATEBQ08BB068886',
    type: 'DEBIT',
    source: 'MANUAL_DEDUCTION',
    action: 'DELIVERY_DEDUCTION',
    userId: '8dfe2f8c-8ed9-4fd3-b73f-51cf500578bc',
    paymentBalance: 165,
    updatePaymentBalance: true,
    metadata: '{"walletId":"wallet#8dfe2f8c-8ed9-4fd3-b73f-51cf500578bc","deliveryId":"29b26224-1ea3-463f-9ad8-885c5268a7ff","walletSk":"29b26224-1ea3-463f-9ad8-885c5268a7ff"}',
    currency: 'BHD',
    amount: 5,
    vat: 0,
    oldBalance: 170,
    newBalance: 165
  }
}

2024-04-28T21:01:08.003Z 2024-04-28T21:01:08.003Z	09d8f006-45b1-5231-a7de-aeaefee277f7	INFO	SubscriptionBalanceUpdated event published

2024-04-28T21:01:08.015Z 2024-04-28T21:01:08.015Z	09d8f006-45b1-5231-a7de-aeaefee277f7	INFO	Processing message b38b9eb2-cea9-45d1-93e0-ea4dee142b9a

2024-04-28T21:01:08.021Z 2024-04-28T21:01:08.021Z	09d8f006-45b1-5231-a7de-aeaefee277f7	INFO	Start syncing the balance {
  transaction: {
    id: '01HWK85V0Y5PCA5VEBTZEK7XQX',
    type: 'DEBIT',
    source: 'MANUAL_DEDUCTION',
    action: 'DELIVERY_DEDUCTION',
    userId: '921f6d7c-e48e-4e91-90b4-9823e41b9c55',
    paymentBalance: 897.091,
    updatePaymentBalance: true,
    metadata: '{"walletId":"wallet#921f6d7c-e48e-4e91-90b4-9823e41b9c55","deliveryId":"a405f1cf-4867-499e-8f67-fbb155f1a7de","walletSk":"a405f1cf-4867-499e-8f67-fbb155f1a7de"}',
    currency: 'BHD',
    amount: 4,
    vat: 0,
    oldBalance: 901.091,
    newBalance: 897.091
  }
}

2024-04-28T21:01:08.062Z 2024-04-28T21:01:08.062Z	09d8f006-45b1-5231-a7de-aeaefee277f7	INFO	SubscriptionBalanceUpdated event published

2024-04-28T21:01:08.076Z 2024-04-28T21:01:08.076Z	09d8f006-45b1-5231-a7de-aeaefee277f7	INFO	Processing message 21d4141b-7321-48b5-9b34-b8f13be6927b

2024-04-28T21:01:08.082Z 2024-04-28T21:01:08.082Z	09d8f006-45b1-5231-a7de-aeaefee277f7	INFO	Start syncing the balance {
  transaction: {
    id: '01HWK85V591R8PKCEAT25BY4T5',
    type: 'DEBIT',
    source: 'MANUAL_DEDUCTION',
    action: 'DELIVERY_DEDUCTION',
    userId: '1963eefb-4ac2-423c-bcd2-c113600309a6',
    paymentBalance: 1530,
    updatePaymentBalance: true,
    metadata: '{"walletId":"wallet#1963eefb-4ac2-423c-bcd2-c113600309a6","deliveryId":"3a7f098b-c052-4357-a24e-da187b814436","walletSk":"3a7f098b-c052-4357-a24e-da187b814436"}',
    currency: 'SAR',
    amount: 90,
    vat: 0,
    oldBalance: 1620,
    newBalance: 1530
  }
}

2024-04-28T21:01:08.116Z 2024-04-28T21:01:08.116Z	09d8f006-45b1-5231-a7de-aeaefee277f7	INFO	SubscriptionBalanceUpdated event published

2024-04-28T21:01:08.130Z 2024-04-28T21:01:08.130Z	09d8f006-45b1-5231-a7de-aeaefee277f7	INFO	Processing message 6f3cb0b0-1ffb-4842-b95c-13c2795f7196

2024-04-28T21:01:08.136Z 2024-04-28T21:01:08.136Z	09d8f006-45b1-5231-a7de-aeaefee277f7	INFO	Start syncing the balance {
  transaction: {
    id: '01HWK85V3JCS47T2Q9JEYW08CR',
    type: 'DEBIT',
    source: 'MANUAL_DEDUCTION',
    action: 'DELIVERY_DEDUCTION',
    userId: '8330737a-1e59-450e-aeb0-e22674298030',
    paymentBalance: 155.455,
    updatePaymentBalance: true,
    metadata: '{"walletId":"wallet#8330737a-1e59-450e-aeb0-e22674298030","deliveryId":"0cc9026d-91cf-4a5a-98aa-1d06c041d30c","walletSk":"0cc9026d-91cf-4a5a-98aa-1d06c041d30c"}',
    currency: 'BHD',
    amount: 9,
    vat: 0,
    oldBalance: 164.455,
    newBalance: 155.455
  }
}

2024-04-28T21:01:08.245Z 2024-04-28T21:01:08.245Z	09d8f006-45b1-5231-a7de-aeaefee277f7	INFO	SubscriptionBalanceUpdated event published

2024-04-28T21:01:08.261Z END RequestId: 09d8f006-45b1-5231-a7de-aeaefee277f7

2024-04-28T21:01:08.261Z REPORT RequestId: 09d8f006-45b1-5231-a7de-aeaefee277f7	Duration: 747.02 ms	Billed Duration: 748 ms	Memory Size: 1024 MB	Max Memory Used: 130 MB	
XRAY TraceId: 1-662eb913-d9911b323679ce717359187e	SegmentId: 194a5fec1c374dc9	Sampled: true	

2024-04-28T21:01:08.807Z START RequestId: de32bd0f-b19a-5cda-9bd4-e3a70ace691c Version: $LATEST

2024-04-28T21:01:08.837Z 2024-04-28T21:01:08.837Z	de32bd0f-b19a-5cda-9bd4-e3a70ace691c	INFO	Processing message a31029da-2086-47fd-823a-dcdb884573b2

2024-04-28T21:01:08.843Z 2024-04-28T21:01:08.843Z	de32bd0f-b19a-5cda-9bd4-e3a70ace691c	INFO	Start syncing the balance {
  transaction: {
    id: '01HWK85V7QNH2QW3KTVKDH4VQW',
    type: 'DEBIT',
    source: 'MANUAL_DEDUCTION',
    action: 'DELIVERY_DEDUCTION',
    userId: '60cddb49-50de-43ce-89fc-c6dd1ce17c41',
    paymentBalance: 4455,
    updatePaymentBalance: true,
    metadata: '{"walletId":"wallet#60cddb49-50de-43ce-89fc-c6dd1ce17c41","deliveryId":"47459fb4-65d3-4700-8a6e-ea61a508d55f","walletSk":"47459fb4-65d3-4700-8a6e-ea61a508d55f"}',
    currency: 'SAR',
    amount: 81,
    vat: 0,
    oldBalance: 4536,
    newBalance: 4455
  }
}

2024-04-28T21:01:08.878Z 2024-04-28T21:01:08.878Z	de32bd0f-b19a-5cda-9bd4-e3a70ace691c	INFO	SubscriptionBalanceUpdated event published

2024-04-28T21:01:08.892Z 2024-04-28T21:01:08.892Z	de32bd0f-b19a-5cda-9bd4-e3a70ace691c	INFO	Processing message da60da9d-0b70-40c8-b942-4889dac3ee80

2024-04-28T21:01:08.898Z 2024-04-28T21:01:08.898Z	de32bd0f-b19a-5cda-9bd4-e3a70ace691c	INFO	Start syncing the balance {
  transaction: {
    id: '01HWK85WVH8ZN5DMZ14GC9NC7M',
    type: 'DEBIT',
    source: 'MANUAL_DEDUCTION',
    action: 'DELIVERY_DEDUCTION',
    userId: '85ee53bd-71bd-4d35-9914-ef23ddcfe799',
    paymentBalance: 171,
    updatePaymentBalance: true,
    metadata: '{"walletId":"wallet#85ee53bd-71bd-4d35-9914-ef23ddcfe799","deliveryId":"b1d29360-c35c-48f7-8455-c93b51180b9b","walletSk":"b1d29360-c35c-48f7-8455-c93b51180b9b"}',
    currency: 'BHD',
    amount: 9,
    vat: 0,
    oldBalance: 180,
    newBalance: 171
  }
}

2024-04-28T21:01:08.935Z 2024-04-28T21:01:08.935Z	de32bd0f-b19a-5cda-9bd4-e3a70ace691c	INFO	SubscriptionBalanceUpdated event published

2024-04-28T21:01:08.948Z 2024-04-28T21:01:08.948Z	de32bd0f-b19a-5cda-9bd4-e3a70ace691c	INFO	Processing message 4e4c728b-7cc1-4023-816b-b3ba5ca8a8a4

2024-04-28T21:01:08.967Z 2024-04-28T21:01:08.967Z	de32bd0f-b19a-5cda-9bd4-e3a70ace691c	INFO	Start syncing the balance {
  transaction: {
    id: '01HWK85WZ032YMD0X710J91S2W',
    type: 'DEBIT',
    source: 'MANUAL_DEDUCTION',
    action: 'DELIVERY_DEDUCTION',
    userId: '482cd140-b381-4122-bcdc-b74fedd083f6',
    paymentBalance: 271,
    updatePaymentBalance: true,
    metadata: '{"walletId":"wallet#482cd140-b381-4122-bcdc-b74fedd083f6","deliveryId":"abd76345-f87f-45dc-95c7-e1916b480fb1","walletSk":"abd76345-f87f-45dc-95c7-e1916b480fb1"}',
    currency: 'BHD',
    amount: 9,
    vat: 0,
    oldBalance: 280,
    newBalance: 271
  }
}

2024-04-28T21:01:09.014Z 2024-04-28T21:01:09.014Z	de32bd0f-b19a-5cda-9bd4-e3a70ace691c	INFO	SubscriptionBalanceUpdated event published

2024-04-28T21:01:09.027Z 2024-04-28T21:01:09.027Z	de32bd0f-b19a-5cda-9bd4-e3a70ace691c	INFO	Processing message b0ad8d38-fd03-4a5a-9fc3-def375d32a0c

2024-04-28T21:01:09.032Z 2024-04-28T21:01:09.032Z	de32bd0f-b19a-5cda-9bd4-e3a70ace691c	INFO	Start syncing the balance {
  transaction: {
    id: '01HWK85X6NW1JJMXM607QKF76W',
    type: 'DEBIT',
    source: 'MANUAL_DEDUCTION',
    action: 'DELIVERY_DEDUCTION',
    userId: 'f3a186d2-d38f-4c2a-ab55-9f26e0ef1e43',
    paymentBalance: 1611,
    updatePaymentBalance: true,
    metadata: '{"walletId":"wallet#f3a186d2-d38f-4c2a-ab55-9f26e0ef1e43","deliveryId":"72a7445a-4a5c-478a-9d57-af8672b1bb34","walletSk":"72a7445a-4a5c-478a-9d57-af8672b1bb34"}',
    currency: 'BHD',
    amount: 9,
    vat: 0,
    oldBalance: 252,
    newBalance: 243
  }
}

2024-04-28T21:01:09.071Z 2024-04-28T21:01:09.071Z	de32bd0f-b19a-5cda-9bd4-e3a70ace691c	INFO	SubscriptionBalanceUpdated event published

2024-04-28T21:01:09.084Z 2024-04-28T21:01:09.084Z	de32bd0f-b19a-5cda-9bd4-e3a70ace691c	ERROR	Subscription balance and payment balance are not in sync {
  userId: 'f3a186d2-d38f-4c2a-ab55-9f26e0ef1e43',
  subscriptionBalance: 243,
  paymentBalance: 1611
}

2024-04-28T21:01:09.103Z 2024-04-28T21:01:09.103Z	de32bd0f-b19a-5cda-9bd4-e3a70ace691c	INFO	Processing message e3f32185-20f1-462d-8691-bb888bdd4507

2024-04-28T21:01:09.108Z 2024-04-28T21:01:09.108Z	de32bd0f-b19a-5cda-9bd4-e3a70ace691c	INFO	Start syncing the balance {
  transaction: {
    id: '01HWK85X1EJSKAR6749WKYGX09',
    type: 'DEBIT',
    source: 'MANUAL_DEDUCTION',
    action: 'DELIVERY_DEDUCTION',
    userId: '3b59834f-caa4-4506-8402-e312a7c6ef5f',
    paymentBalance: 124.25,
    updatePaymentBalance: true,
    metadata: '{"walletId":"wallet#3b59834f-caa4-4506-8402-e312a7c6ef5f","deliveryId":"fade7c93-66ad-4334-a8f0-1ca45f07704f","walletSk":"fade7c93-66ad-4334-a8f0-1ca45f07704f"}',
    currency: 'BHD',
    amount: 9.5,
    vat: 0,
    oldBalance: 133.75,
    newBalance: 124.25
  }
}

2024-04-28T21:01:09.147Z 2024-04-28T21:01:09.147Z	de32bd0f-b19a-5cda-9bd4-e3a70ace691c	INFO	SubscriptionBalanceUpdated event published

2024-04-28T21:01:09.158Z 2024-04-28T21:01:09.158Z	de32bd0f-b19a-5cda-9bd4-e3a70ace691c	INFO	Processing message 1a973136-1e7c-4944-a3d7-97d47568bedf

2024-04-28T21:01:09.163Z 2024-04-28T21:01:09.163Z	de32bd0f-b19a-5cda-9bd4-e3a70ace691c	INFO	Start syncing the balance {
  transaction: {
    id: '01HWK85XA3RDRT7PBTS36P0DGK',
    type: 'DEBIT',
    source: 'MANUAL_DEDUCTION',
    action: 'DELIVERY_DEDUCTION',
    userId: '906c96bd-a482-490e-b6eb-73a29d8dafae',
    paymentBalance: 1521,
    updatePaymentBalance: true,
    metadata: '{"walletId":"wallet#906c96bd-a482-490e-b6eb-73a29d8dafae","deliveryId":"e87f9eeb-cee3-4eef-aa56-b5961ad9a029","walletSk":"e87f9eeb-cee3-4eef-aa56-b5961ad9a029"}',
    currency: 'AED',
    amount: 117,
    vat: 0,
    oldBalance: 1638,
    newBalance: 1521
  }
}

2024-04-28T21:01:09.197Z 2024-04-28T21:01:09.197Z	de32bd0f-b19a-5cda-9bd4-e3a70ace691c	INFO	SubscriptionBalanceUpdated event published

2024-04-28T21:01:09.463Z 2024-04-28T21:01:09.463Z	de32bd0f-b19a-5cda-9bd4-e3a70ace691c	INFO	Processing message 1416f31f-a4bd-4872-8452-186e5dfc2119

2024-04-28T21:01:09.470Z 2024-04-28T21:01:09.470Z	de32bd0f-b19a-5cda-9bd4-e3a70ace691c	INFO	Start syncing the balance {
  transaction: {
    id: '01HWK85X1XFF572RQJRW7TFAA2',
    type: 'DEBIT',
    source: 'MANUAL_DEDUCTION',
    action: 'DELIVERY_DEDUCTION',
    userId: 'f54e6dc7-f49b-424d-9e1f-61c85a1fedbd',
    paymentBalance: 1530,
    updatePaymentBalance: true,
    metadata: '{"walletId":"wallet#f54e6dc7-f49b-424d-9e1f-61c85a1fedbd","deliveryId":"28ee4251-4c3c-4b40-a05b-c36f4a75ff82","walletSk":"28ee4251-4c3c-4b40-a05b-c36f4a75ff82"}',
    currency: 'SAR',
    amount: 90,
    vat: 0,
    oldBalance: 1620,
    newBalance: 1530
  }
}

2024-04-28T21:01:09.508Z 2024-04-28T21:01:09.508Z	de32bd0f-b19a-5cda-9bd4-e3a70ace691c	INFO	SubscriptionBalanceUpdated event published

2024-04-28T21:01:09.527Z 2024-04-28T21:01:09.527Z	de32bd0f-b19a-5cda-9bd4-e3a70ace691c	INFO	Processing message 1d3fb82f-c8bb-47ce-b3f6-d9cdc16296c6

2024-04-28T21:01:09.532Z 2024-04-28T21:01:09.532Z	de32bd0f-b19a-5cda-9bd4-e3a70ace691c	INFO	Start syncing the balance {
  transaction: {
    id: '01HWK85X4WRPWFJ2JT25FEJWVJ',
    type: 'DEBIT',
    source: 'MANUAL_DEDUCTION',
    action: 'DELIVERY_DEDUCTION',
    userId: '3c8cc622-c7bf-4e77-bbc0-a11d28bb978e',
    paymentBalance: 328,
    updatePaymentBalance: true,
    metadata: '{"walletId":"wallet#3c8cc622-c7bf-4e77-bbc0-a11d28bb978e","deliveryId":"93cb80eb-c436-4990-9fe4-2eaba7b1cd18","walletSk":"93cb80eb-c436-4990-9fe4-2eaba7b1cd18"}',
    currency: 'AED',
    amount: 82,
    vat: 0,
    oldBalance: 410,
    newBalance: 328
  }
}

2024-04-28T21:01:09.576Z 2024-04-28T21:01:09.576Z	de32bd0f-b19a-5cda-9bd4-e3a70ace691c	INFO	SubscriptionBalanceUpdated event published

2024-04-28T21:01:09.594Z 2024-04-28T21:01:09.594Z	de32bd0f-b19a-5cda-9bd4-e3a70ace691c	INFO	Processing message 2bd286fa-43a6-4dba-8c13-1af89655ca95

2024-04-28T21:01:09.601Z 2024-04-28T21:01:09.601Z	de32bd0f-b19a-5cda-9bd4-e3a70ace691c	INFO	Start syncing the balance {
  transaction: {
    id: '01HWK85XBJ48MRABPT2PDGWZZZ',
    type: 'DEBIT',
    source: 'MANUAL_DEDUCTION',
    action: 'DELIVERY_DEDUCTION',
    userId: '77c9c91b-d813-4b25-95ce-b0973137e030',
    paymentBalance: 152,
    updatePaymentBalance: true,
    metadata: '{"walletId":"wallet#77c9c91b-d813-4b25-95ce-b0973137e030","deliveryId":"66ab253e-b440-409d-a974-8b1c3ea46b00","walletSk":"66ab253e-b440-409d-a974-8b1c3ea46b00"}',
    currency: 'BHD',
    amount: 9,
    vat: 0,
    oldBalance: 161,
    newBalance: 152
  }
}

2024-04-28T21:01:09.638Z 2024-04-28T21:01:09.638Z	de32bd0f-b19a-5cda-9bd4-e3a70ace691c	INFO	SubscriptionBalanceUpdated event published

2024-04-28T21:01:09.654Z 2024-04-28T21:01:09.654Z	de32bd0f-b19a-5cda-9bd4-e3a70ace691c	INFO	Processing message bf7f9ed8-fa8f-497f-b06e-4a58af202ea2

2024-04-28T21:01:09.660Z 2024-04-28T21:01:09.660Z	de32bd0f-b19a-5cda-9bd4-e3a70ace691c	INFO	Start syncing the balance {
  transaction: {
    id: '01HWK85XNWE282EK1MDFYVW19T',
    type: 'DEBIT',
    source: 'MANUAL_DEDUCTION',
    action: 'DELIVERY_DEDUCTION',
    userId: 'bd05066f-97f4-4b07-930b-740ac832a996',
    paymentBalance: 153,
    updatePaymentBalance: true,
    metadata: '{"walletId":"wallet#bd05066f-97f4-4b07-930b-740ac832a996","deliveryId":"dfe3f5e4-a689-45df-a947-e8e7aa04611b","walletSk":"dfe3f5e4-a689-45df-a947-e8e7aa04611b"}',
    currency: 'BHD',
    amount: 9,
    vat: 0,
    oldBalance: 162,
    newBalance: 153
  }
}

2024-04-28T21:01:09.707Z 2024-04-28T21:01:09.707Z	de32bd0f-b19a-5cda-9bd4-e3a70ace691c	INFO	SubscriptionBalanceUpdated event published

2024-04-28T21:01:09.723Z END RequestId: de32bd0f-b19a-5cda-9bd4-e3a70ace691c

2024-04-28T21:01:09.723Z REPORT RequestId: de32bd0f-b19a-5cda-9bd4-e3a70ace691c	Duration: 916.87 ms	Billed Duration: 917 ms	Memory Size: 1024 MB	Max Memory Used: 133 MB	
XRAY TraceId: 1-662eb914-003077e4e85fef8a52a8ce1b	SegmentId: 160cc61b2d27c2a7	Sampled: true	

