2024-02-09T21:01:02.226Z INIT_START Runtime Version: nodejs:20.v15	Runtime Version ARN: arn:aws:lambda:us-east-1::runtime:379cd8c4d157c2e16f1b841486b613da2188da597609ef24d67497ad9c22a53e

2024-02-09T21:01:02.999Z START RequestId: 3d78bb0e-2c84-513e-bef9-e54eb84dcdfa Version: $LATEST

2024-02-09T21:01:03.161Z 2024-02-09T21:01:03.161Z	3d78bb0e-2c84-513e-bef9-e54eb84dcdfa	INFO	Processing message 0d861924-8c23-4305-a5aa-53c4f47996d7

2024-02-09T21:01:03.264Z 2024-02-09T21:01:03.264Z	3d78bb0e-2c84-513e-bef9-e54eb84dcdfa	INFO	Start syncing the balance {
  transaction: {
    id: '01HP7TRX831CGKFG2KXMC5A3BP',
    type: 'DEBIT',
    source: 'MANUAL_DEDUCTION',
    action: 'DELIVERY_DEDUCTION',
    userId: '5def4009-fdba-4a02-9555-9210152eb1f4',
    paymentBalance: 916,
    updatePaymentBalance: true,
    metadata: '{"walletId":"wallet#5def4009-fdba-4a02-9555-9210152eb1f4","deliveryId":"f499ecf9-8cff-429e-a439-5ea5d1e81727","walletSk":"f499ecf9-8cff-429e-a439-5ea5d1e81727"}',
    currency: 'BHD',
    amount: 4,
    vat: 0,
    oldBalance: 920,
    newBalance: 916
  }
}

2024-02-09T21:01:03.407Z 2024-02-09T21:01:03.407Z	3d78bb0e-2c84-513e-bef9-e54eb84dcdfa	INFO	SubscriptionBalanceUpdated event published

2024-02-09T21:01:03.449Z END RequestId: 3d78bb0e-2c84-513e-bef9-e54eb84dcdfa

2024-02-09T21:01:03.449Z REPORT RequestId: 3d78bb0e-2c84-513e-bef9-e54eb84dcdfa	Duration: 449.71 ms	Billed Duration: 450 ms	Memory Size: 1024 MB	Max Memory Used: 104 MB	Init Duration: 772.45 ms	

2024-02-09T21:01:04.958Z START RequestId: 04d6daa3-1b76-57af-8809-84e38fa6ab6b Version: $LATEST

2024-02-09T21:01:04.994Z 2024-02-09T21:01:04.994Z	04d6daa3-1b76-57af-8809-84e38fa6ab6b	INFO	Processing message 1a45b7ff-9ad3-4758-aca8-a71fc0536f8e

2024-02-09T21:01:05.002Z 2024-02-09T21:01:05.002Z	04d6daa3-1b76-57af-8809-84e38fa6ab6b	INFO	Start syncing the balance {
  transaction: {
    id: '01HP7TRYT9Y9JYPE4NS5CEYCEG',
    type: 'DEBIT',
    source: 'MANUAL_DEDUCTION',
    action: 'DELIVERY_DEDUCTION',
    userId: 'ffc1ae9d-3ae0-4160-94af-31a93bf4bcf4',
    paymentBalance: 92,
    updatePaymentBalance: true,
    metadata: '{"walletId":"wallet#ffc1ae9d-3ae0-4160-94af-31a93bf4bcf4","deliveryId":"d5fd68fe-1283-4ad0-a1b3-ac37d92f8418","walletSk":"d5fd68fe-1283-4ad0-a1b3-ac37d92f8418"}',
    currency: 'BHD',
    amount: 8,
    vat: 0,
    oldBalance: 100,
    newBalance: 92
  }
}

2024-02-09T21:01:05.061Z 2024-02-09T21:01:05.061Z	04d6daa3-1b76-57af-8809-84e38fa6ab6b	INFO	SubscriptionBalanceUpdated event published

2024-02-09T21:01:05.078Z 2024-02-09T21:01:05.078Z	04d6daa3-1b76-57af-8809-84e38fa6ab6b	INFO	Processing message 493d27fc-3437-4f8a-9362-f615dd963e82

2024-02-09T21:01:05.099Z 2024-02-09T21:01:05.099Z	04d6daa3-1b76-57af-8809-84e38fa6ab6b	INFO	Start syncing the balance {
  transaction: {
    id: '01HP7TRYRG4B9JPZNKXWXV3Y9Z',
    type: 'DEBIT',
    source: 'MANUAL_DEDUCTION',
    action: 'DELIVERY_DEDUCTION',
    userId: 'a97832fd-15f6-4064-b880-3bca9f8e5479',
    paymentBalance: 88,
    updatePaymentBalance: true,
    metadata: '{"walletId":"wallet#a97832fd-15f6-4064-b880-3bca9f8e5479","deliveryId":"237d84fb-0e3c-4956-8a5a-a99b70647e83","walletSk":"237d84fb-0e3c-4956-8a5a-a99b70647e83"}',
    currency: 'BHD',
    amount: 8,
    vat: 0,
    oldBalance: 96,
    newBalance: 88
  }
}

2024-02-09T21:01:05.254Z 2024-02-09T21:01:05.254Z	04d6daa3-1b76-57af-8809-84e38fa6ab6b	INFO	SubscriptionBalanceUpdated event published

2024-02-09T21:01:05.269Z 2024-02-09T21:01:05.269Z	04d6daa3-1b76-57af-8809-84e38fa6ab6b	INFO	Processing message 47327ce2-83ad-4f39-82f8-466afdd9ee03

2024-02-09T21:01:05.278Z 2024-02-09T21:01:05.278Z	04d6daa3-1b76-57af-8809-84e38fa6ab6b	INFO	Start syncing the balance {
  transaction: {
    id: '01HP7TRYZ1NPQNNJ5C52TP8SQ4',
    type: 'DEBIT',
    source: 'MANUAL_DEDUCTION',
    action: 'DELIVERY_DEDUCTION',
    userId: '584d6c5a-abd1-43c1-9fc5-5aec8516d46e',
    paymentBalance: 40.5,
    updatePaymentBalance: true,
    metadata: '{"walletId":"wallet#584d6c5a-abd1-43c1-9fc5-5aec8516d46e","deliveryId":"60b7f068-58d8-49f0-8700-df65caf9a15a","walletSk":"60b7f068-58d8-49f0-8700-df65caf9a15a"}',
    currency: 'BHD',
    amount: 8,
    vat: 0,
    oldBalance: 48.5,
    newBalance: 40.5
  }
}

2024-02-09T21:01:05.337Z 2024-02-09T21:01:05.337Z	04d6daa3-1b76-57af-8809-84e38fa6ab6b	INFO	SubscriptionBalanceUpdated event published

2024-02-09T21:01:05.354Z 2024-02-09T21:01:05.354Z	04d6daa3-1b76-57af-8809-84e38fa6ab6b	INFO	Processing message f738cb2e-fc31-4997-8ce2-a8c017550577

2024-02-09T21:01:05.361Z 2024-02-09T21:01:05.361Z	04d6daa3-1b76-57af-8809-84e38fa6ab6b	INFO	Start syncing the balance {
  transaction: {
    id: '01HP7TRYYEGFJB3NHVGMA6QZJB',
    type: 'DEBIT',
    source: 'MANUAL_DEDUCTION',
    action: 'DELIVERY_DEDUCTION',
    userId: '560a6990-9572-48b5-8d03-0b67f1e26359',
    paymentBalance: 88,
    updatePaymentBalance: true,
    metadata: '{"walletId":"wallet#560a6990-9572-48b5-8d03-0b67f1e26359","deliveryId":"125de6b3-6f94-44d3-816f-6534fe0acce5","walletSk":"125de6b3-6f94-44d3-816f-6534fe0acce5"}',
    currency: 'BHD',
    amount: 8,
    vat: 0,
    oldBalance: 96,
    newBalance: 88
  }
}

2024-02-09T21:01:05.415Z 2024-02-09T21:01:05.415Z	04d6daa3-1b76-57af-8809-84e38fa6ab6b	INFO	SubscriptionBalanceUpdated event published

2024-02-09T21:01:05.427Z 2024-02-09T21:01:05.427Z	04d6daa3-1b76-57af-8809-84e38fa6ab6b	INFO	Processing message 5a98cd0f-2750-421c-af1c-9fb16e4d8deb

2024-02-09T21:01:05.435Z 2024-02-09T21:01:05.435Z	04d6daa3-1b76-57af-8809-84e38fa6ab6b	INFO	Start syncing the balance {
  transaction: {
    id: '01HP7TRZ1RNEXQE0FGVRYJEVCT',
    type: 'DEBIT',
    source: 'MANUAL_DEDUCTION',
    action: 'DELIVERY_DEDUCTION',
    userId: '60428780-69f1-4fec-a2ee-593bed3732c0',
    paymentBalance: 49,
    updatePaymentBalance: true,
    metadata: '{"walletId":"wallet#60428780-69f1-4fec-a2ee-593bed3732c0","deliveryId":"bf5af979-139d-4dc1-b2dc-1b41915141c2","walletSk":"bf5af979-139d-4dc1-b2dc-1b41915141c2"}',
    currency: 'KWD',
    amount: 3.5,
    vat: 0,
    oldBalance: 52.5,
    newBalance: 49
  }
}

2024-02-09T21:01:05.492Z 2024-02-09T21:01:05.492Z	04d6daa3-1b76-57af-8809-84e38fa6ab6b	INFO	SubscriptionBalanceUpdated event published

2024-02-09T21:01:05.504Z 2024-02-09T21:01:05.504Z	04d6daa3-1b76-57af-8809-84e38fa6ab6b	INFO	Processing message b4c58595-43fe-490f-bcef-076ad62c9b23

2024-02-09T21:01:05.512Z 2024-02-09T21:01:05.512Z	04d6daa3-1b76-57af-8809-84e38fa6ab6b	INFO	Start syncing the balance {
  transaction: {
    id: '01HP7TRZ2KXGAJ635VDM32T97Q',
    type: 'DEBIT',
    source: 'MANUAL_DEDUCTION',
    action: 'DELIVERY_DEDUCTION',
    userId: '24be096d-7ff0-485f-938d-41f65f172e87',
    paymentBalance: 54,
    updatePaymentBalance: true,
    metadata: '{"walletId":"wallet#24be096d-7ff0-485f-938d-41f65f172e87","deliveryId":"a694c545-fa37-4dce-a6d1-39720cf0c17d","walletSk":"a694c545-fa37-4dce-a6d1-39720cf0c17d"}',
    currency: 'BHD',
    amount: 9,
    vat: 0,
    oldBalance: 63,
    newBalance: 54
  }
}

2024-02-09T21:01:05.574Z 2024-02-09T21:01:05.574Z	04d6daa3-1b76-57af-8809-84e38fa6ab6b	INFO	SubscriptionBalanceUpdated event published

2024-02-09T21:01:05.586Z 2024-02-09T21:01:05.586Z	04d6daa3-1b76-57af-8809-84e38fa6ab6b	INFO	Processing message 3e0594cd-3cd7-48da-b009-37cf03a8f837

2024-02-09T21:01:05.594Z 2024-02-09T21:01:05.594Z	04d6daa3-1b76-57af-8809-84e38fa6ab6b	INFO	Start syncing the balance {
  transaction: {
    id: '01HP7TRZCMEWAE7AD8NM41M0P7',
    type: 'DEBIT',
    source: 'MANUAL_DEDUCTION',
    action: 'DELIVERY_DEDUCTION',
    userId: 'a1fcde9e-ddb4-4dcc-8b45-1f150a0948cd',
    paymentBalance: 3,
    updatePaymentBalance: true,
    metadata: '{"walletId":"wallet#a1fcde9e-ddb4-4dcc-8b45-1f150a0948cd","deliveryId":"ee069637-9beb-4cd1-9bba-62eca159ec3b","walletSk":"ee069637-9beb-4cd1-9bba-62eca159ec3b"}',
    currency: 'BHD',
    amount: 9,
    vat: 0,
    oldBalance: 21,
    newBalance: 12
  }
}

2024-02-09T21:01:05.643Z 2024-02-09T21:01:05.643Z	04d6daa3-1b76-57af-8809-84e38fa6ab6b	INFO	SubscriptionBalanceUpdated event published

2024-02-09T21:01:05.657Z 2024-02-09T21:01:05.657Z	04d6daa3-1b76-57af-8809-84e38fa6ab6b	ERROR	Subscription balance and payment balance are not in sync {
  userId: 'a1fcde9e-ddb4-4dcc-8b45-1f150a0948cd',
  subscriptionBalance: 12,
  paymentBalance: 3
}

2024-02-09T21:01:05.695Z 2024-02-09T21:01:05.695Z	04d6daa3-1b76-57af-8809-84e38fa6ab6b	INFO	Processing message 4651b559-8433-4f15-abe4-de23bee29b50

2024-02-09T21:01:05.702Z 2024-02-09T21:01:05.702Z	04d6daa3-1b76-57af-8809-84e38fa6ab6b	INFO	Start syncing the balance {
  transaction: {
    id: '01HP7TRZCMY97CVVTSGQ2GMPKW',
    type: 'DEBIT',
    source: 'MANUAL_DEDUCTION',
    action: 'DELIVERY_DEDUCTION',
    userId: 'e6087af9-b2a3-41a6-8322-9630d0e35923',
    paymentBalance: 171,
    updatePaymentBalance: true,
    metadata: '{"walletId":"wallet#e6087af9-b2a3-41a6-8322-9630d0e35923","deliveryId":"9e70e8cd-28df-4c39-ae85-52349998c57c","walletSk":"9e70e8cd-28df-4c39-ae85-52349998c57c"}',
    currency: 'BHD',
    amount: 9,
    vat: 0,
    oldBalance: 180,
    newBalance: 171
  }
}

2024-02-09T21:01:05.752Z 2024-02-09T21:01:05.752Z	04d6daa3-1b76-57af-8809-84e38fa6ab6b	INFO	SubscriptionBalanceUpdated event published

2024-02-09T21:01:05.766Z 2024-02-09T21:01:05.766Z	04d6daa3-1b76-57af-8809-84e38fa6ab6b	INFO	Processing message 351c42c9-7ce2-409e-98a2-7b15966469e9

2024-02-09T21:01:05.773Z 2024-02-09T21:01:05.773Z	04d6daa3-1b76-57af-8809-84e38fa6ab6b	INFO	Start syncing the balance {
  transaction: {
    id: '01HP7TRZ7CVEFBB8NQGWTP5VKB',
    type: 'DEBIT',
    source: 'MANUAL_DEDUCTION',
    action: 'DELIVERY_DEDUCTION',
    userId: '2f893545-21a1-45ce-8cd0-c1f12e8f23e5',
    paymentBalance: 1530,
    updatePaymentBalance: true,
    metadata: '{"walletId":"wallet#2f893545-21a1-45ce-8cd0-c1f12e8f23e5","deliveryId":"44f8599b-cb76-463a-bed4-e715d57da3df","walletSk":"44f8599b-cb76-463a-bed4-e715d57da3df"}',
    currency: 'SAR',
    amount: 90,
    vat: 0,
    oldBalance: 1620,
    newBalance: 1530
  }
}

2024-02-09T21:01:05.851Z 2024-02-09T21:01:05.851Z	04d6daa3-1b76-57af-8809-84e38fa6ab6b	INFO	SubscriptionBalanceUpdated event published

2024-02-09T21:01:05.864Z 2024-02-09T21:01:05.864Z	04d6daa3-1b76-57af-8809-84e38fa6ab6b	INFO	Processing message 4e99f9d3-4e9f-4308-a8c1-52d7b105c9a6

2024-02-09T21:01:05.871Z 2024-02-09T21:01:05.871Z	04d6daa3-1b76-57af-8809-84e38fa6ab6b	INFO	Start syncing the balance {
  transaction: {
    id: '01HP7TRZ7S99D5NR5VG3A6EFC4',
    type: 'DEBIT',
    source: 'MANUAL_DEDUCTION',
    action: 'DELIVERY_DEDUCTION',
    userId: 'a19f1f44-2782-4e7f-8826-f3f3ef589ea8',
    paymentBalance: 1440,
    updatePaymentBalance: true,
    metadata: '{"walletId":"wallet#a19f1f44-2782-4e7f-8826-f3f3ef589ea8","deliveryId":"db7a153b-6e12-4322-ad5e-03dd65be7f76","walletSk":"db7a153b-6e12-4322-ad5e-03dd65be7f76"}',
    currency: 'SAR',
    amount: 90,
    vat: 0,
    oldBalance: 1530,
    newBalance: 1440
  }
}

2024-02-09T21:01:05.925Z 2024-02-09T21:01:05.925Z	04d6daa3-1b76-57af-8809-84e38fa6ab6b	INFO	SubscriptionBalanceUpdated event published

2024-02-09T21:01:05.941Z END RequestId: 04d6daa3-1b76-57af-8809-84e38fa6ab6b

2024-02-09T21:01:05.941Z REPORT RequestId: 04d6daa3-1b76-57af-8809-84e38fa6ab6b	Duration: 982.81 ms	Billed Duration: 983 ms	Memory Size: 1024 MB	Max Memory Used: 108 MB	

2024-02-09T21:01:07.139Z START RequestId: f7700a60-f80e-5a95-be17-54206cdd0651 Version: $LATEST

2024-02-09T21:01:07.173Z 2024-02-09T21:01:07.173Z	f7700a60-f80e-5a95-be17-54206cdd0651	INFO	Processing message 439ce5c3-4258-4786-a600-ed81d8ccbdd8

2024-02-09T21:01:07.192Z 2024-02-09T21:01:07.192Z	f7700a60-f80e-5a95-be17-54206cdd0651	INFO	Start syncing the balance {
  transaction: {
    id: '01HP7TRZQ2T6MM29R5GS3BQ7VP',
    type: 'DEBIT',
    source: 'MANUAL_DEDUCTION',
    action: 'DELIVERY_DEDUCTION',
    userId: 'cb041491-f6b7-42be-9d69-278513b57b10',
    paymentBalance: 32,
    updatePaymentBalance: true,
    metadata: '{"walletId":"wallet#cb041491-f6b7-42be-9d69-278513b57b10","deliveryId":"2f09f76c-7154-45fc-8c99-eb7ffd4505f4","walletSk":"2f09f76c-7154-45fc-8c99-eb7ffd4505f4"}',
    currency: 'BHD',
    amount: 8,
    vat: 0,
    oldBalance: 40,
    newBalance: 32
  }
}

2024-02-09T21:01:07.240Z 2024-02-09T21:01:07.240Z	f7700a60-f80e-5a95-be17-54206cdd0651	INFO	SubscriptionBalanceUpdated event published

2024-02-09T21:01:07.254Z 2024-02-09T21:01:07.254Z	f7700a60-f80e-5a95-be17-54206cdd0651	INFO	Processing message 0e78d27a-e197-43ab-b912-f1cf3586cf35

2024-02-09T21:01:07.260Z 2024-02-09T21:01:07.260Z	f7700a60-f80e-5a95-be17-54206cdd0651	INFO	Start syncing the balance {
  transaction: {
    id: '01HP7TRZHT71BEY837J9CEKMVK',
    type: 'DEBIT',
    source: 'MANUAL_DEDUCTION',
    action: 'DELIVERY_DEDUCTION',
    userId: 'cd538e28-b272-40b3-a42b-3a25561c8773',
    paymentBalance: 286,
    updatePaymentBalance: true,
    metadata: '{"walletId":"wallet#cd538e28-b272-40b3-a42b-3a25561c8773","deliveryId":"ed078c5f-b2d9-4e87-aaac-02cb5d65eb64","walletSk":"ed078c5f-b2d9-4e87-aaac-02cb5d65eb64"}',
    currency: 'SAR',
    amount: 47,
    vat: 0,
    oldBalance: 333,
    newBalance: 286
  }
}

2024-02-09T21:01:07.311Z 2024-02-09T21:01:07.311Z	f7700a60-f80e-5a95-be17-54206cdd0651	INFO	SubscriptionBalanceUpdated event published

2024-02-09T21:01:07.325Z 2024-02-09T21:01:07.325Z	f7700a60-f80e-5a95-be17-54206cdd0651	INFO	Processing message 86b202bc-5355-42c3-aacd-5bf7f77fb2f7

2024-02-09T21:01:07.330Z 2024-02-09T21:01:07.330Z	f7700a60-f80e-5a95-be17-54206cdd0651	INFO	Start syncing the balance {
  transaction: {
    id: '01HP7TRZHTRMWNATF5QFVMQCZT',
    type: 'DEBIT',
    source: 'MANUAL_DEDUCTION',
    action: 'DELIVERY_DEDUCTION',
    userId: 'e27bcab1-50f2-409c-aa7e-e0ab8fd0f879',
    paymentBalance: 90,
    updatePaymentBalance: true,
    metadata: '{"walletId":"wallet#e27bcab1-50f2-409c-aa7e-e0ab8fd0f879","deliveryId":"2a88e7d1-771c-4979-883a-cdba1450b9ab","walletSk":"2a88e7d1-771c-4979-883a-cdba1450b9ab"}',
    currency: 'SAR',
    amount: 90,
    vat: 0,
    oldBalance: 180,
    newBalance: 90
  }
}

2024-02-09T21:01:07.375Z 2024-02-09T21:01:07.375Z	f7700a60-f80e-5a95-be17-54206cdd0651	INFO	SubscriptionBalanceUpdated event published

2024-02-09T21:01:07.385Z 2024-02-09T21:01:07.385Z	f7700a60-f80e-5a95-be17-54206cdd0651	INFO	Processing message 59a26a76-3286-4f5e-b698-731d1a8d5b64

2024-02-09T21:01:07.392Z 2024-02-09T21:01:07.392Z	f7700a60-f80e-5a95-be17-54206cdd0651	INFO	Start syncing the balance {
  transaction: {
    id: '01HP7TRZWJEAGXD0TNASR6AZQC',
    type: 'DEBIT',
    source: 'MANUAL_DEDUCTION',
    action: 'DELIVERY_DEDUCTION',
    userId: '67305f3f-628b-4997-83f9-1247a896127a',
    paymentBalance: 2817,
    updatePaymentBalance: true,
    metadata: '{"walletId":"wallet#67305f3f-628b-4997-83f9-1247a896127a","deliveryId":"941cc7c4-45b2-4d7e-a9ea-f53c0f8c4d08","walletSk":"941cc7c4-45b2-4d7e-a9ea-f53c0f8c4d08"}',
    currency: 'BHD',
    amount: 9,
    vat: 0,
    oldBalance: 2835,
    newBalance: 2826
  }
}

2024-02-09T21:01:07.440Z 2024-02-09T21:01:07.440Z	f7700a60-f80e-5a95-be17-54206cdd0651	INFO	SubscriptionBalanceUpdated event published

2024-02-09T21:01:07.454Z 2024-02-09T21:01:07.454Z	f7700a60-f80e-5a95-be17-54206cdd0651	ERROR	Subscription balance and payment balance are not in sync {
  userId: '67305f3f-628b-4997-83f9-1247a896127a',
  subscriptionBalance: 2826,
  paymentBalance: 2817
}

2024-02-09T21:01:07.483Z 2024-02-09T21:01:07.483Z	f7700a60-f80e-5a95-be17-54206cdd0651	INFO	Processing message 5b5c8b3d-0537-4af6-b858-7b990cf6e265

2024-02-09T21:01:07.490Z 2024-02-09T21:01:07.490Z	f7700a60-f80e-5a95-be17-54206cdd0651	INFO	Start syncing the balance {
  transaction: {
    id: '01HP7TRZPNYZMG2WTFMFCTCPJR',
    type: 'DEBIT',
    source: 'MANUAL_DEDUCTION',
    action: 'DELIVERY_DEDUCTION',
    userId: 'a72b531c-1fb0-46b5-bcc8-e28902c88861',
    paymentBalance: 1170,
    updatePaymentBalance: true,
    metadata: '{"walletId":"wallet#a72b531c-1fb0-46b5-bcc8-e28902c88861","deliveryId":"f71c3c62-88c5-48e1-875a-5ecb6b755088","walletSk":"f71c3c62-88c5-48e1-875a-5ecb6b755088"}',
    currency: 'SAR',
    amount: 90,
    vat: 0,
    oldBalance: 1260,
    newBalance: 1170
  }
}

2024-02-09T21:01:07.545Z 2024-02-09T21:01:07.545Z	f7700a60-f80e-5a95-be17-54206cdd0651	INFO	SubscriptionBalanceUpdated event published

2024-02-09T21:01:07.556Z 2024-02-09T21:01:07.556Z	f7700a60-f80e-5a95-be17-54206cdd0651	INFO	Processing message 6814860e-aa81-44fb-b61e-347d98e6e935

2024-02-09T21:01:07.563Z 2024-02-09T21:01:07.563Z	f7700a60-f80e-5a95-be17-54206cdd0651	INFO	Start syncing the balance {
  transaction: {
    id: '01HP7TS0219FF0B5C9C3WR9X7V',
    type: 'DEBIT',
    source: 'MANUAL_DEDUCTION',
    action: 'DELIVERY_DEDUCTION',
    userId: '2c162fb1-ad37-4901-b636-b79aee0ebd7a',
    paymentBalance: 127.999,
    updatePaymentBalance: true,
    metadata: '{"walletId":"wallet#2c162fb1-ad37-4901-b636-b79aee0ebd7a","deliveryId":"6fc74810-c51d-46df-b3bc-73ba0101f731","walletSk":"6fc74810-c51d-46df-b3bc-73ba0101f731"}',
    currency: 'BHD',
    amount: 8,
    vat: 0,
    oldBalance: 135.999,
    newBalance: 127.999
  }
}

2024-02-09T21:01:07.613Z 2024-02-09T21:01:07.613Z	f7700a60-f80e-5a95-be17-54206cdd0651	INFO	SubscriptionBalanceUpdated event published

2024-02-09T21:01:07.627Z 2024-02-09T21:01:07.627Z	f7700a60-f80e-5a95-be17-54206cdd0651	INFO	Processing message 45fee2aa-644f-422f-9750-90da98e1fbcb

2024-02-09T21:01:07.634Z 2024-02-09T21:01:07.634Z	f7700a60-f80e-5a95-be17-54206cdd0651	INFO	Start syncing the balance {
  transaction: {
    id: '01HP7TS01EH7AT4Y3Z3X2KQZBK',
    type: 'DEBIT',
    source: 'MANUAL_DEDUCTION',
    action: 'DELIVERY_DEDUCTION',
    userId: '8cfb0a41-4446-43f9-8ace-c17b9c9a9c7e',
    paymentBalance: 17425,
    updatePaymentBalance: true,
    metadata: '{"walletId":"wallet#8cfb0a41-4446-43f9-8ace-c17b9c9a9c7e","deliveryId":"d991eae8-80ba-4982-af5c-ff87b7cd4f04","walletSk":"d991eae8-80ba-4982-af5c-ff87b7cd4f04"}',
    currency: 'SAR',
    amount: 60,
    vat: 0,
    oldBalance: 17485,
    newBalance: 17425
  }
}

2024-02-09T21:01:07.690Z 2024-02-09T21:01:07.690Z	f7700a60-f80e-5a95-be17-54206cdd0651	INFO	SubscriptionBalanceUpdated event published

2024-02-09T21:01:07.704Z 2024-02-09T21:01:07.704Z	f7700a60-f80e-5a95-be17-54206cdd0651	INFO	Processing message f2552934-f615-499b-bf3d-6a74eefc8de2

2024-02-09T21:01:07.713Z 2024-02-09T21:01:07.713Z	f7700a60-f80e-5a95-be17-54206cdd0651	INFO	Start syncing the balance {
  transaction: {
    id: '01HP7TRZWP42BBA0RNKBMFMPZB',
    type: 'DEBIT',
    source: 'MANUAL_DEDUCTION',
    action: 'DELIVERY_DEDUCTION',
    userId: '954efdec-5815-4925-b0f6-041d83c02b01',
    paymentBalance: 1219.5,
    updatePaymentBalance: true,
    metadata: '{"walletId":"wallet#954efdec-5815-4925-b0f6-041d83c02b01","deliveryId":"ed8015b5-fd96-40a4-aad2-742f1a03e01b","walletSk":"ed8015b5-fd96-40a4-aad2-742f1a03e01b"}',
    currency: 'BHD',
    amount: 8,
    vat: 0,
    oldBalance: 1227.5,
    newBalance: 1219.5
  }
}

2024-02-09T21:01:07.776Z 2024-02-09T21:01:07.776Z	f7700a60-f80e-5a95-be17-54206cdd0651	INFO	SubscriptionBalanceUpdated event published

2024-02-09T21:01:07.791Z 2024-02-09T21:01:07.791Z	f7700a60-f80e-5a95-be17-54206cdd0651	INFO	Processing message 393a9ea2-c8e8-4742-a68c-d48a12951baf

2024-02-09T21:01:07.797Z 2024-02-09T21:01:07.797Z	f7700a60-f80e-5a95-be17-54206cdd0651	INFO	Start syncing the balance {
  transaction: {
    id: '01HP7TS06XKTPASF9KWQ8AR1Q6',
    type: 'DEBIT',
    source: 'MANUAL_DEDUCTION',
    action: 'DELIVERY_DEDUCTION',
    userId: 'd42b9e0e-3287-4c29-88d7-4ee6bfa9920f',
    paymentBalance: 144,
    updatePaymentBalance: true,
    metadata: '{"walletId":"wallet#d42b9e0e-3287-4c29-88d7-4ee6bfa9920f","deliveryId":"561ca0f7-f717-4a36-90b2-a0c9dca6e3eb","walletSk":"561ca0f7-f717-4a36-90b2-a0c9dca6e3eb"}',
    currency: 'BHD',
    amount: 8,
    vat: 0,
    oldBalance: 152,
    newBalance: 144
  }
}

2024-02-09T21:01:07.848Z 2024-02-09T21:01:07.848Z	f7700a60-f80e-5a95-be17-54206cdd0651	INFO	SubscriptionBalanceUpdated event published

2024-02-09T21:01:07.860Z 2024-02-09T21:01:07.860Z	f7700a60-f80e-5a95-be17-54206cdd0651	INFO	Processing message e20115c2-7035-4737-a453-a7b933893d36

2024-02-09T21:01:07.866Z 2024-02-09T21:01:07.866Z	f7700a60-f80e-5a95-be17-54206cdd0651	INFO	Start syncing the balance {
  transaction: {
    id: '01HP7TS070NXKJ9FS1RC6K0C1X',
    type: 'DEBIT',
    source: 'MANUAL_DEDUCTION',
    action: 'DELIVERY_DEDUCTION',
    userId: '14e0ddb5-9795-4886-aff1-a70683e226d7',
    paymentBalance: 144,
    updatePaymentBalance: true,
    metadata: '{"walletId":"wallet#14e0ddb5-9795-4886-aff1-a70683e226d7","deliveryId":"cac0162f-1b5f-415f-bda7-a85b6b55fd24","walletSk":"cac0162f-1b5f-415f-bda7-a85b6b55fd24"}',
    currency: 'BHD',
    amount: 8,
    vat: 0,
    oldBalance: 152,
    newBalance: 144
  }
}

2024-02-09T21:01:07.915Z 2024-02-09T21:01:07.915Z	f7700a60-f80e-5a95-be17-54206cdd0651	INFO	SubscriptionBalanceUpdated event published

2024-02-09T21:01:07.929Z END RequestId: f7700a60-f80e-5a95-be17-54206cdd0651

2024-02-09T21:01:07.929Z REPORT RequestId: f7700a60-f80e-5a95-be17-54206cdd0651	Duration: 789.34 ms	Billed Duration: 790 ms	Memory Size: 1024 MB	Max Memory Used: 115 MB	

2024-02-09T21:01:09.708Z START RequestId: bbd73041-2c5d-52ad-b7ea-6e01b88874af Version: $LATEST

2024-02-09T21:01:09.740Z 2024-02-09T21:01:09.740Z	bbd73041-2c5d-52ad-b7ea-6e01b88874af	INFO	Processing message 543a05ee-d152-4a85-81ab-4340e585d28f

2024-02-09T21:01:09.746Z 2024-02-09T21:01:09.746Z	bbd73041-2c5d-52ad-b7ea-6e01b88874af	INFO	Start syncing the balance {
  transaction: {
    id: '01HP7TS1XFEAPZY2WBJWF79HZK',
    type: 'DEBIT',
    source: 'MANUAL_DEDUCTION',
    action: 'DELIVERY_DEDUCTION',
    userId: 'e03de0b6-ff81-4c21-9bda-6ae14fd6b7a6',
    paymentBalance: 112,
    updatePaymentBalance: true,
    metadata: '{"walletId":"wallet#e03de0b6-ff81-4c21-9bda-6ae14fd6b7a6","deliveryId":"20fcffaa-8d30-436b-ad35-0ae449fdffee","walletSk":"20fcffaa-8d30-436b-ad35-0ae449fdffee"}',
    currency: 'BHD',
    amount: 8,
    vat: 0,
    oldBalance: 120,
    newBalance: 112
  }
}

2024-02-09T21:01:09.797Z 2024-02-09T21:01:09.797Z	bbd73041-2c5d-52ad-b7ea-6e01b88874af	INFO	SubscriptionBalanceUpdated event published

2024-02-09T21:01:09.814Z 2024-02-09T21:01:09.814Z	bbd73041-2c5d-52ad-b7ea-6e01b88874af	INFO	Processing message c9db5fdb-facf-4eaa-b974-625d3aba6c8a

2024-02-09T21:01:09.821Z 2024-02-09T21:01:09.821Z	bbd73041-2c5d-52ad-b7ea-6e01b88874af	INFO	Start syncing the balance {
  transaction: {
    id: '01HP7TS220YJ4X4Y2SW7Y6N4YN',
    type: 'DEBIT',
    source: 'MANUAL_DEDUCTION',
    action: 'DELIVERY_DEDUCTION',
    userId: '133b402d-c353-4365-a759-d84e09c4533d',
    paymentBalance: 9430.6,
    updatePaymentBalance: true,
    metadata: '{"walletId":"wallet#133b402d-c353-4365-a759-d84e09c4533d","deliveryId":"b8de5936-2665-4d60-927d-c0e46c1d5f53","walletSk":"b8de5936-2665-4d60-927d-c0e46c1d5f53"}',
    currency: 'BHD',
    amount: 6.5,
    vat: 0,
    oldBalance: 9437.1,
    newBalance: 9430.6
  }
}

2024-02-09T21:01:09.874Z 2024-02-09T21:01:09.874Z	bbd73041-2c5d-52ad-b7ea-6e01b88874af	INFO	SubscriptionBalanceUpdated event published

2024-02-09T21:01:09.888Z 2024-02-09T21:01:09.888Z	bbd73041-2c5d-52ad-b7ea-6e01b88874af	INFO	Processing message 675db180-bd5b-4397-bcfa-512aa68162ee

2024-02-09T21:01:09.895Z 2024-02-09T21:01:09.895Z	bbd73041-2c5d-52ad-b7ea-6e01b88874af	INFO	Start syncing the balance {
  transaction: {
    id: '01HP7TS23FJSAW9ERT6T29BFAH',
    type: 'DEBIT',
    source: 'MANUAL_DEDUCTION',
    action: 'DELIVERY_DEDUCTION',
    userId: '8f3784d2-5f6b-46e0-8c28-a96d34472cc1',
    paymentBalance: 144,
    updatePaymentBalance: true,
    metadata: '{"walletId":"wallet#8f3784d2-5f6b-46e0-8c28-a96d34472cc1","deliveryId":"bdd298d0-c984-4570-af45-09910fa16b45","walletSk":"bdd298d0-c984-4570-af45-09910fa16b45"}',
    currency: 'BHD',
    amount: 8,
    vat: 0,
    oldBalance: 152,
    newBalance: 144
  }
}

2024-02-09T21:01:09.957Z 2024-02-09T21:01:09.957Z	bbd73041-2c5d-52ad-b7ea-6e01b88874af	INFO	SubscriptionBalanceUpdated event published

2024-02-09T21:01:09.970Z 2024-02-09T21:01:09.970Z	bbd73041-2c5d-52ad-b7ea-6e01b88874af	INFO	Processing message 02348681-f989-4234-90da-fae4c6e8276c

2024-02-09T21:01:09.978Z 2024-02-09T21:01:09.978Z	bbd73041-2c5d-52ad-b7ea-6e01b88874af	INFO	Start syncing the balance {
  transaction: {
    id: '01HP7TS27ND6AVJQG1YFYB02KM',
    type: 'DEBIT',
    source: 'MANUAL_DEDUCTION',
    action: 'DELIVERY_DEDUCTION',
    userId: '20f25ac8-8c5b-4ddf-a655-12257aed6fff',
    paymentBalance: 12,
    updatePaymentBalance: true,
    metadata: '{"walletId":"wallet#20f25ac8-8c5b-4ddf-a655-12257aed6fff","deliveryId":"928272ef-9001-4928-82d0-596cc1e14a9f","walletSk":"928272ef-9001-4928-82d0-596cc1e14a9f"}',
    currency: 'BHD',
    amount: 9,
    vat: 0,
    oldBalance: 30,
    newBalance: 21
  }
}

2024-02-09T21:01:10.026Z 2024-02-09T21:01:10.026Z	bbd73041-2c5d-52ad-b7ea-6e01b88874af	INFO	SubscriptionBalanceUpdated event published

2024-02-09T21:01:10.058Z 2024-02-09T21:01:10.058Z	bbd73041-2c5d-52ad-b7ea-6e01b88874af	ERROR	Subscription balance and payment balance are not in sync {
  userId: '20f25ac8-8c5b-4ddf-a655-12257aed6fff',
  subscriptionBalance: 21,
  paymentBalance: 12
}

2024-02-09T21:01:10.078Z 2024-02-09T21:01:10.078Z	bbd73041-2c5d-52ad-b7ea-6e01b88874af	INFO	Processing message ffd51c46-0564-43f0-9a28-33df624d8ac9

2024-02-09T21:01:10.085Z 2024-02-09T21:01:10.085Z	bbd73041-2c5d-52ad-b7ea-6e01b88874af	INFO	Start syncing the balance {
  transaction: {
    id: '01HP7TS27KSH65330XVZX1DNKH',
    type: 'DEBIT',
    source: 'MANUAL_DEDUCTION',
    action: 'DELIVERY_DEDUCTION',
    userId: '80ef257d-475d-4adf-9e45-41856f41214e',
    paymentBalance: 20,
    updatePaymentBalance: true,
    metadata: '{"walletId":"wallet#80ef257d-475d-4adf-9e45-41856f41214e","deliveryId":"bf35e66b-973d-41f2-993e-dc073850639c","walletSk":"bf35e66b-973d-41f2-993e-dc073850639c"}',
    currency: 'BHD',
    amount: 7,
    vat: 0,
    oldBalance: 27,
    newBalance: 20
  }
}

2024-02-09T21:01:10.135Z 2024-02-09T21:01:10.135Z	bbd73041-2c5d-52ad-b7ea-6e01b88874af	INFO	SubscriptionBalanceUpdated event published

2024-02-09T21:01:10.149Z 2024-02-09T21:01:10.149Z	bbd73041-2c5d-52ad-b7ea-6e01b88874af	INFO	Processing message f16edd98-8712-4c50-b097-5146e628aa3e

2024-02-09T21:01:10.161Z 2024-02-09T21:01:10.161Z	bbd73041-2c5d-52ad-b7ea-6e01b88874af	INFO	Start syncing the balance {
  transaction: {
    id: '01HP7TS2CMCCYX1XRSCPR1TNC3',
    type: 'DEBIT',
    source: 'MANUAL_DEDUCTION',
    action: 'DELIVERY_DEDUCTION',
    userId: '460733e0-3f51-4cb4-b870-9f1a50ffd1a9',
    paymentBalance: 172.955,
    updatePaymentBalance: true,
    metadata: '{"walletId":"wallet#460733e0-3f51-4cb4-b870-9f1a50ffd1a9","deliveryId":"85b2442c-4732-4f81-8903-2ba294290b63","walletSk":"85b2442c-4732-4f81-8903-2ba294290b63"}',
    currency: 'BHD',
    amount: 7.5,
    vat: 0,
    oldBalance: 180.455,
    newBalance: 172.955
  }
}

2024-02-09T21:01:10.212Z 2024-02-09T21:01:10.212Z	bbd73041-2c5d-52ad-b7ea-6e01b88874af	INFO	SubscriptionBalanceUpdated event published

2024-02-09T21:01:10.225Z 2024-02-09T21:01:10.225Z	bbd73041-2c5d-52ad-b7ea-6e01b88874af	INFO	Processing message a9a75594-b752-4572-b610-549d01f383c0

2024-02-09T21:01:10.232Z 2024-02-09T21:01:10.232Z	bbd73041-2c5d-52ad-b7ea-6e01b88874af	INFO	Start syncing the balance {
  transaction: {
    id: '01HP7TS2D1GKANXMRCFEFH0PTH',
    type: 'DEBIT',
    source: 'MANUAL_DEDUCTION',
    action: 'DELIVERY_DEDUCTION',
    userId: '705f6d18-f5fe-4202-beb9-bc39461813ce',
    paymentBalance: 720,
    updatePaymentBalance: true,
    metadata: '{"walletId":"wallet#705f6d18-f5fe-4202-beb9-bc39461813ce","deliveryId":"5378e816-3506-4265-b61a-244411af0b46","walletSk":"5378e816-3506-4265-b61a-244411af0b46"}',
    currency: 'BHD',
    amount: 8,
    vat: 0,
    oldBalance: 728,
    newBalance: 720
  }
}

2024-02-09T21:01:10.281Z 2024-02-09T21:01:10.281Z	bbd73041-2c5d-52ad-b7ea-6e01b88874af	INFO	SubscriptionBalanceUpdated event published

2024-02-09T21:01:10.296Z 2024-02-09T21:01:10.296Z	bbd73041-2c5d-52ad-b7ea-6e01b88874af	INFO	Processing message 00a7c956-ed38-4354-b317-2b64c3e4a25c

2024-02-09T21:01:10.302Z 2024-02-09T21:01:10.302Z	bbd73041-2c5d-52ad-b7ea-6e01b88874af	INFO	Start syncing the balance {
  transaction: {
    id: '01HP7TS2H757CKZ0CC59P1CWF6',
    type: 'DEBIT',
    source: 'MANUAL_DEDUCTION',
    action: 'DELIVERY_DEDUCTION',
    userId: '608e45e6-0a97-4054-ac29-51a125d92af9',
    paymentBalance: 10.182,
    updatePaymentBalance: true,
    metadata: '{"walletId":"wallet#608e45e6-0a97-4054-ac29-51a125d92af9","deliveryId":"07b57e7a-8fda-42d5-9a0c-90222e63b545","walletSk":"07b57e7a-8fda-42d5-9a0c-90222e63b545"}',
    currency: 'BHD',
    amount: 8,
    vat: 0,
    oldBalance: 18.182,
    newBalance: 10.182
  }
}

2024-02-09T21:01:10.349Z 2024-02-09T21:01:10.349Z	bbd73041-2c5d-52ad-b7ea-6e01b88874af	INFO	SubscriptionBalanceUpdated event published

2024-02-09T21:01:10.363Z 2024-02-09T21:01:10.363Z	bbd73041-2c5d-52ad-b7ea-6e01b88874af	INFO	Processing message 2b7404cf-3ebb-48be-9428-70ce473992a4

2024-02-09T21:01:10.369Z 2024-02-09T21:01:10.369Z	bbd73041-2c5d-52ad-b7ea-6e01b88874af	INFO	Start syncing the balance {
  transaction: {
    id: '01HP7TS2JJ8BKJ6K7C10R3BT32',
    type: 'DEBIT',
    source: 'MANUAL_DEDUCTION',
    action: 'DELIVERY_DEDUCTION',
    userId: 'aebf6030-96f7-4484-9809-974b80ff458c',
    paymentBalance: 136,
    updatePaymentBalance: true,
    metadata: '{"walletId":"wallet#aebf6030-96f7-4484-9809-974b80ff458c","deliveryId":"2acd73c2-a85f-401a-9aec-4a8badec6d0b","walletSk":"2acd73c2-a85f-401a-9aec-4a8badec6d0b"}',
    currency: 'BHD',
    amount: 8,
    vat: 0,
    oldBalance: 144,
    newBalance: 136
  }
}

2024-02-09T21:01:10.416Z 2024-02-09T21:01:10.416Z	bbd73041-2c5d-52ad-b7ea-6e01b88874af	INFO	SubscriptionBalanceUpdated event published

2024-02-09T21:01:10.438Z 2024-02-09T21:01:10.438Z	bbd73041-2c5d-52ad-b7ea-6e01b88874af	INFO	Processing message d37fb6ff-42a4-4daa-ab5f-eb43143d3f5f

2024-02-09T21:01:10.443Z 2024-02-09T21:01:10.443Z	bbd73041-2c5d-52ad-b7ea-6e01b88874af	INFO	Start syncing the balance {
  transaction: {
    id: '01HP7TS2P0P9GX2X9NQ73Q0VBD',
    type: 'DEBIT',
    source: 'MANUAL_DEDUCTION',
    action: 'DELIVERY_DEDUCTION',
    userId: '11bb6ebf-7b34-43f3-91ee-f2469568f90a',
    paymentBalance: 144,
    updatePaymentBalance: true,
    metadata: '{"walletId":"wallet#11bb6ebf-7b34-43f3-91ee-f2469568f90a","deliveryId":"a15b04ca-ee6d-4f5b-b9cd-9d4e1bf99f0d","walletSk":"a15b04ca-ee6d-4f5b-b9cd-9d4e1bf99f0d"}',
    currency: 'BHD',
    amount: 8,
    vat: 0,
    oldBalance: 152,
    newBalance: 144
  }
}

2024-02-09T21:01:10.494Z 2024-02-09T21:01:10.494Z	bbd73041-2c5d-52ad-b7ea-6e01b88874af	INFO	SubscriptionBalanceUpdated event published

2024-02-09T21:01:10.509Z END RequestId: bbd73041-2c5d-52ad-b7ea-6e01b88874af

2024-02-09T21:01:10.509Z REPORT RequestId: bbd73041-2c5d-52ad-b7ea-6e01b88874af	Duration: 801.70 ms	Billed Duration: 802 ms	Memory Size: 1024 MB	Max Memory Used: 117 MB	

2024-02-09T21:01:10.887Z START RequestId: 4f3b0af7-7194-5fca-b2f0-54b7e542d9c8 Version: $LATEST

2024-02-09T21:01:10.919Z 2024-02-09T21:01:10.919Z	4f3b0af7-7194-5fca-b2f0-54b7e542d9c8	INFO	Processing message 640858aa-501f-490a-b57e-dcdcf1b3d6d7

2024-02-09T21:01:10.924Z 2024-02-09T21:01:10.924Z	4f3b0af7-7194-5fca-b2f0-54b7e542d9c8	INFO	Start syncing the balance {
  transaction: {
    id: '01HP7TS4CHWN2YQE82AC26WY0T',
    type: 'DEBIT',
    source: 'MANUAL_DEDUCTION',
    action: 'DELIVERY_DEDUCTION',
    userId: '6bdfe9ee-1503-4a6b-91de-79bffe4550be',
    paymentBalance: 69.5,
    updatePaymentBalance: true,
    metadata: '{"walletId":"wallet#6bdfe9ee-1503-4a6b-91de-79bffe4550be","deliveryId":"8022593c-8017-438e-b2c8-654385125c41","walletSk":"8022593c-8017-438e-b2c8-654385125c41"}',
    currency: 'BHD',
    amount: 9,
    vat: 0,
    oldBalance: 78.5,
    newBalance: 69.5
  }
}

2024-02-09T21:01:10.974Z 2024-02-09T21:01:10.974Z	4f3b0af7-7194-5fca-b2f0-54b7e542d9c8	INFO	SubscriptionBalanceUpdated event published

2024-02-09T21:01:10.990Z 2024-02-09T21:01:10.990Z	4f3b0af7-7194-5fca-b2f0-54b7e542d9c8	INFO	Processing message 43c4d11f-3c8c-439d-bc06-c276fdd20534

2024-02-09T21:01:10.998Z 2024-02-09T21:01:10.998Z	4f3b0af7-7194-5fca-b2f0-54b7e542d9c8	INFO	Start syncing the balance {
  transaction: {
    id: '01HP7TS44Y8H04J5NTPEKARXT1',
    type: 'DEBIT',
    source: 'MANUAL_DEDUCTION',
    action: 'DELIVERY_DEDUCTION',
    userId: '68da8896-3c0d-4029-885f-0e095c9aeeda',
    paymentBalance: 32,
    updatePaymentBalance: true,
    metadata: '{"walletId":"wallet#68da8896-3c0d-4029-885f-0e095c9aeeda","deliveryId":"1cafbc3d-1e5a-4582-b63f-b8c90f9da89a","walletSk":"1cafbc3d-1e5a-4582-b63f-b8c90f9da89a"}',
    currency: 'BHD',
    amount: 8,
    vat: 0,
    oldBalance: 40,
    newBalance: 32
  }
}

2024-02-09T21:01:11.064Z 2024-02-09T21:01:11.064Z	4f3b0af7-7194-5fca-b2f0-54b7e542d9c8	INFO	SubscriptionBalanceUpdated event published

2024-02-09T21:01:11.078Z 2024-02-09T21:01:11.078Z	4f3b0af7-7194-5fca-b2f0-54b7e542d9c8	INFO	Processing message 4bcbb4aa-0623-423e-b0a6-12cc03dc057c

2024-02-09T21:01:11.083Z 2024-02-09T21:01:11.083Z	4f3b0af7-7194-5fca-b2f0-54b7e542d9c8	INFO	Start syncing the balance {
  transaction: {
    id: '01HP7TS4A1YHR8NR49VXCJRCSF',
    type: 'DEBIT',
    source: 'MANUAL_DEDUCTION',
    action: 'DELIVERY_DEDUCTION',
    userId: '471c5aca-2792-43c9-a9ec-031e7ad89171',
    paymentBalance: 62.909,
    updatePaymentBalance: true,
    metadata: '{"walletId":"wallet#471c5aca-2792-43c9-a9ec-031e7ad89171","deliveryId":"07c12dcc-8643-49be-a40c-d846474e590a","walletSk":"07c12dcc-8643-49be-a40c-d846474e590a"}',
    currency: 'BHD',
    amount: 8,
    vat: 0,
    oldBalance: 70.909,
    newBalance: 62.909
  }
}

2024-02-09T21:01:11.128Z 2024-02-09T21:01:11.128Z	4f3b0af7-7194-5fca-b2f0-54b7e542d9c8	INFO	SubscriptionBalanceUpdated event published

2024-02-09T21:01:11.141Z 2024-02-09T21:01:11.141Z	4f3b0af7-7194-5fca-b2f0-54b7e542d9c8	INFO	Processing message 34a6c0bc-7232-4aaa-8c68-2ca4faf4304f

2024-02-09T21:01:11.149Z 2024-02-09T21:01:11.149Z	4f3b0af7-7194-5fca-b2f0-54b7e542d9c8	INFO	Start syncing the balance {
  transaction: {
    id: '01HP7TS4G3J5AAE08HY3A0SMCH',
    type: 'DEBIT',
    source: 'MANUAL_DEDUCTION',
    action: 'DELIVERY_DEDUCTION',
    userId: '774aec7f-2f19-4233-b4a2-cef8e73197ea',
    paymentBalance: 97.5,
    updatePaymentBalance: true,
    metadata: '{"walletId":"wallet#774aec7f-2f19-4233-b4a2-cef8e73197ea","deliveryId":"7052005f-1a1f-4348-9c33-421064fcbcec","walletSk":"7052005f-1a1f-4348-9c33-421064fcbcec"}',
    currency: 'BHD',
    amount: 8,
    vat: 0,
    oldBalance: 105.5,
    newBalance: 97.5
  }
}

2024-02-09T21:01:11.196Z 2024-02-09T21:01:11.196Z	4f3b0af7-7194-5fca-b2f0-54b7e542d9c8	INFO	SubscriptionBalanceUpdated event published

2024-02-09T21:01:11.209Z 2024-02-09T21:01:11.209Z	4f3b0af7-7194-5fca-b2f0-54b7e542d9c8	INFO	Processing message 5507f1f0-6914-4c45-981e-1a228ed349bf

2024-02-09T21:01:11.214Z 2024-02-09T21:01:11.214Z	4f3b0af7-7194-5fca-b2f0-54b7e542d9c8	INFO	Start syncing the balance {
  transaction: {
    id: '01HP7TS4NN9PH6G6S2WKFJMWEP',
    type: 'DEBIT',
    source: 'MANUAL_DEDUCTION',
    action: 'DELIVERY_DEDUCTION',
    userId: 'ab0945cb-5f97-44d7-ab7d-1eda2af91f18',
    paymentBalance: 81,
    updatePaymentBalance: true,
    metadata: '{"walletId":"wallet#ab0945cb-5f97-44d7-ab7d-1eda2af91f18","deliveryId":"e9c95de7-4fdf-4189-abef-cd197ae64370","walletSk":"e9c95de7-4fdf-4189-abef-cd197ae64370"}',
    currency: 'BHD',
    amount: 9,
    vat: 0,
    oldBalance: 90,
    newBalance: 81
  }
}

2024-02-09T21:01:11.258Z 2024-02-09T21:01:11.258Z	4f3b0af7-7194-5fca-b2f0-54b7e542d9c8	INFO	SubscriptionBalanceUpdated event published

2024-02-09T21:01:11.287Z 2024-02-09T21:01:11.287Z	4f3b0af7-7194-5fca-b2f0-54b7e542d9c8	INFO	Processing message ab34e313-2102-477b-9ca1-4d30379719c0

2024-02-09T21:01:11.293Z 2024-02-09T21:01:11.293Z	4f3b0af7-7194-5fca-b2f0-54b7e542d9c8	INFO	Start syncing the balance {
  transaction: {
    id: '01HP7TS4NRCYFV002VAQEVAJ73',
    type: 'DEBIT',
    source: 'MANUAL_DEDUCTION',
    action: 'DELIVERY_DEDUCTION',
    userId: '2e9e35c1-b10c-485e-ade9-58faa38deb9d',
    paymentBalance: 1170,
    updatePaymentBalance: true,
    metadata: '{"walletId":"wallet#2e9e35c1-b10c-485e-ade9-58faa38deb9d","deliveryId":"2d489f30-1f9e-4910-a8f4-25bb0f845fae","walletSk":"2d489f30-1f9e-4910-a8f4-25bb0f845fae"}',
    currency: 'SAR',
    amount: 90,
    vat: 0,
    oldBalance: 1260,
    newBalance: 1170
  }
}

2024-02-09T21:01:11.342Z 2024-02-09T21:01:11.342Z	4f3b0af7-7194-5fca-b2f0-54b7e542d9c8	INFO	SubscriptionBalanceUpdated event published

2024-02-09T21:01:11.354Z 2024-02-09T21:01:11.354Z	4f3b0af7-7194-5fca-b2f0-54b7e542d9c8	INFO	Processing message bbae47ac-fe46-4f03-a21e-698860a398ac

2024-02-09T21:01:11.360Z 2024-02-09T21:01:11.360Z	4f3b0af7-7194-5fca-b2f0-54b7e542d9c8	INFO	Start syncing the balance {
  transaction: {
    id: '01HP7TS4G6HVM4EXAZFAT7BEB9',
    type: 'DEBIT',
    source: 'MANUAL_DEDUCTION',
    action: 'DELIVERY_DEDUCTION',
    userId: '46baecf8-5e64-44a0-83a4-c90f5fcb4ae0',
    paymentBalance: 23.2,
    updatePaymentBalance: true,
    metadata: '{"walletId":"wallet#46baecf8-5e64-44a0-83a4-c90f5fcb4ae0","deliveryId":"ee1de8ed-a53c-4853-ae96-162bb22fd924","walletSk":"ee1de8ed-a53c-4853-ae96-162bb22fd924"}',
    currency: 'BHD',
    amount: 8,
    vat: 0,
    oldBalance: 31.2,
    newBalance: 23.2
  }
}

2024-02-09T21:01:11.406Z 2024-02-09T21:01:11.406Z	4f3b0af7-7194-5fca-b2f0-54b7e542d9c8	INFO	SubscriptionBalanceUpdated event published

2024-02-09T21:01:11.420Z 2024-02-09T21:01:11.420Z	4f3b0af7-7194-5fca-b2f0-54b7e542d9c8	INFO	Processing message d3ef773b-6ec7-4f67-9cf1-ef2af37bcbec

2024-02-09T21:01:11.427Z 2024-02-09T21:01:11.427Z	4f3b0af7-7194-5fca-b2f0-54b7e542d9c8	INFO	Start syncing the balance {
  transaction: {
    id: '01HP7TS5594BGQEEB2TZPGWKEM',
    type: 'DEBIT',
    source: 'MANUAL_DEDUCTION',
    action: 'DELIVERY_DEDUCTION',
    userId: '8b293101-dfef-43ed-9095-ac05a1507d34',
    paymentBalance: 93.5,
    updatePaymentBalance: true,
    metadata: '{"walletId":"wallet#8b293101-dfef-43ed-9095-ac05a1507d34","deliveryId":"4de14aae-0e82-4edf-87b6-08c6e91430f7","walletSk":"4de14aae-0e82-4edf-87b6-08c6e91430f7"}',
    currency: 'BHD',
    amount: 10,
    vat: 0,
    oldBalance: 103.5,
    newBalance: 93.5
  }
}

2024-02-09T21:01:11.474Z 2024-02-09T21:01:11.474Z	4f3b0af7-7194-5fca-b2f0-54b7e542d9c8	INFO	SubscriptionBalanceUpdated event published

2024-02-09T21:01:11.488Z 2024-02-09T21:01:11.488Z	4f3b0af7-7194-5fca-b2f0-54b7e542d9c8	INFO	Processing message 05319677-b83c-4216-9bba-8ac1cc3c41ea

2024-02-09T21:01:11.495Z 2024-02-09T21:01:11.495Z	4f3b0af7-7194-5fca-b2f0-54b7e542d9c8	INFO	Start syncing the balance {
  transaction: {
    id: '01HP7TS4Z35NKT5GWR5D9QHYMR',
    type: 'DEBIT',
    source: 'MANUAL_DEDUCTION',
    action: 'DELIVERY_DEDUCTION',
    userId: '302335d2-712e-4d41-bee8-3046c3eafe61',
    paymentBalance: 162,
    updatePaymentBalance: true,
    metadata: '{"walletId":"wallet#302335d2-712e-4d41-bee8-3046c3eafe61","deliveryId":"b51f6e09-c1ad-4a10-acc0-1b5b6583b339","walletSk":"b51f6e09-c1ad-4a10-acc0-1b5b6583b339"}',
    currency: 'BHD',
    amount: 9,
    vat: 0,
    oldBalance: 171,
    newBalance: 162
  }
}

2024-02-09T21:01:11.544Z 2024-02-09T21:01:11.544Z	4f3b0af7-7194-5fca-b2f0-54b7e542d9c8	INFO	SubscriptionBalanceUpdated event published

2024-02-09T21:01:11.556Z 2024-02-09T21:01:11.556Z	4f3b0af7-7194-5fca-b2f0-54b7e542d9c8	INFO	Processing message 9d9ebe21-f709-49b3-93cc-bffcaee8743f

2024-02-09T21:01:11.562Z 2024-02-09T21:01:11.562Z	4f3b0af7-7194-5fca-b2f0-54b7e542d9c8	INFO	Start syncing the balance {
  transaction: {
    id: '01HP7TS5AEWN2NKHBGFHYMCM5F',
    type: 'DEBIT',
    source: 'MANUAL_DEDUCTION',
    action: 'DELIVERY_DEDUCTION',
    userId: '47d03621-dec7-4429-bee2-02be753fcdc4',
    paymentBalance: 14,
    updatePaymentBalance: true,
    metadata: '{"walletId":"wallet#47d03621-dec7-4429-bee2-02be753fcdc4","deliveryId":"fa4dde53-aa94-4843-b2ef-1d1148615c79","walletSk":"fa4dde53-aa94-4843-b2ef-1d1148615c79"}',
    currency: 'BHD',
    amount: 8,
    vat: 0,
    oldBalance: 31,
    newBalance: 23
  }
}

2024-02-09T21:01:11.607Z 2024-02-09T21:01:11.607Z	4f3b0af7-7194-5fca-b2f0-54b7e542d9c8	INFO	SubscriptionBalanceUpdated event published

2024-02-09T21:01:11.799Z 2024-02-09T21:01:11.799Z	4f3b0af7-7194-5fca-b2f0-54b7e542d9c8	ERROR	Subscription balance and payment balance are not in sync {
  userId: '47d03621-dec7-4429-bee2-02be753fcdc4',
  subscriptionBalance: 23,
  paymentBalance: 14
}

2024-02-09T21:01:11.820Z END RequestId: 4f3b0af7-7194-5fca-b2f0-54b7e542d9c8

2024-02-09T21:01:11.820Z REPORT RequestId: 4f3b0af7-7194-5fca-b2f0-54b7e542d9c8	Duration: 932.87 ms	Billed Duration: 933 ms	Memory Size: 1024 MB	Max Memory Used: 117 MB	
XRAY TraceId: 1-65c69296-0423a2fdc7dca8adc85902b9	SegmentId: 014d1607616bdb41	Sampled: true	

2024-02-09T21:01:12.006Z START RequestId: 2d707d2a-b5e8-5e60-8a95-236a213ff862 Version: $LATEST

2024-02-09T21:01:12.035Z 2024-02-09T21:01:12.035Z	2d707d2a-b5e8-5e60-8a95-236a213ff862	INFO	Processing message 1696f120-6d60-4751-88a2-2d806190c4d7

2024-02-09T21:01:12.041Z 2024-02-09T21:01:12.041Z	2d707d2a-b5e8-5e60-8a95-236a213ff862	INFO	Start syncing the balance {
  transaction: {
    id: '01HP7TS5FCAHKDVRC64M7B31EV',
    type: 'DEBIT',
    source: 'MANUAL_DEDUCTION',
    action: 'DELIVERY_DEDUCTION',
    userId: 'aded40b7-1b9a-4212-ada6-a8a2d64242f8',
    paymentBalance: 1170,
    updatePaymentBalance: true,
    metadata: '{"walletId":"wallet#aded40b7-1b9a-4212-ada6-a8a2d64242f8","deliveryId":"ae9c4c33-e55d-442f-a279-f3b80ce5b1a7","walletSk":"ae9c4c33-e55d-442f-a279-f3b80ce5b1a7"}',
    currency: 'SAR',
    amount: 90,
    vat: 0,
    oldBalance: 1260,
    newBalance: 1170
  }
}

2024-02-09T21:01:12.107Z 2024-02-09T21:01:12.107Z	2d707d2a-b5e8-5e60-8a95-236a213ff862	INFO	SubscriptionBalanceUpdated event published

2024-02-09T21:01:12.121Z 2024-02-09T21:01:12.121Z	2d707d2a-b5e8-5e60-8a95-236a213ff862	INFO	Processing message 9d46b597-4c74-4bb3-bdba-bb03ae81c324

2024-02-09T21:01:12.127Z 2024-02-09T21:01:12.127Z	2d707d2a-b5e8-5e60-8a95-236a213ff862	INFO	Start syncing the balance {
  transaction: {
    id: '01HP7TS4ZRYKDRVA4EBEJR13N1',
    type: 'DEBIT',
    source: 'MANUAL_DEDUCTION',
    action: 'DELIVERY_DEDUCTION',
    userId: '31e9a4bb-5f7f-4eed-81c3-dffcbeeb0eea',
    paymentBalance: 92,
    updatePaymentBalance: true,
    metadata: '{"walletId":"wallet#31e9a4bb-5f7f-4eed-81c3-dffcbeeb0eea","deliveryId":"94d7643d-1f56-455c-bd97-1454445429f7","walletSk":"94d7643d-1f56-455c-bd97-1454445429f7"}',
    currency: 'BHD',
    amount: 4,
    vat: 0,
    oldBalance: 96,
    newBalance: 92
  }
}

2024-02-09T21:01:12.175Z 2024-02-09T21:01:12.175Z	2d707d2a-b5e8-5e60-8a95-236a213ff862	INFO	SubscriptionBalanceUpdated event published

2024-02-09T21:01:12.186Z 2024-02-09T21:01:12.186Z	2d707d2a-b5e8-5e60-8a95-236a213ff862	INFO	Processing message 46c4aba8-ff6d-47f7-abd5-3cf7c1fea87a

2024-02-09T21:01:12.193Z 2024-02-09T21:01:12.193Z	2d707d2a-b5e8-5e60-8a95-236a213ff862	INFO	Start syncing the balance {
  transaction: {
    id: '01HP7TS5A9WXEZFX3AABX29ZQP',
    type: 'DEBIT',
    source: 'MANUAL_DEDUCTION',
    action: 'DELIVERY_DEDUCTION',
    userId: 'fb387231-a328-4c4d-8d82-dda7943af9e7',
    paymentBalance: 37054,
    updatePaymentBalance: true,
    metadata: '{"walletId":"wallet#fb387231-a328-4c4d-8d82-dda7943af9e7","deliveryId":"b3bcd71a-52c2-4177-b449-9e69e104531e","walletSk":"b3bcd71a-52c2-4177-b449-9e69e104531e"}',
    currency: 'SAR',
    amount: 100,
    vat: 0,
    oldBalance: 37254,
    newBalance: 37154
  }
}

2024-02-09T21:01:12.245Z 2024-02-09T21:01:12.245Z	2d707d2a-b5e8-5e60-8a95-236a213ff862	INFO	SubscriptionBalanceUpdated event published

2024-02-09T21:01:12.258Z 2024-02-09T21:01:12.258Z	2d707d2a-b5e8-5e60-8a95-236a213ff862	ERROR	Subscription balance and payment balance are not in sync {
  userId: 'fb387231-a328-4c4d-8d82-dda7943af9e7',
  subscriptionBalance: 37154,
  paymentBalance: 37054
}

2024-02-09T21:01:12.277Z 2024-02-09T21:01:12.277Z	2d707d2a-b5e8-5e60-8a95-236a213ff862	INFO	Processing message b9cf4619-b590-4e8a-830d-4327374dcc34

2024-02-09T21:01:12.283Z 2024-02-09T21:01:12.283Z	2d707d2a-b5e8-5e60-8a95-236a213ff862	INFO	Start syncing the balance {
  transaction: {
    id: '01HP7TS54PBPST08TEVZFGHR8H',
    type: 'DEBIT',
    source: 'MANUAL_DEDUCTION',
    action: 'DELIVERY_DEDUCTION',
    userId: '79e9645c-2cdb-403f-9a0f-b8e167425c77',
    paymentBalance: 540,
    updatePaymentBalance: true,
    metadata: '{"walletId":"wallet#79e9645c-2cdb-403f-9a0f-b8e167425c77","deliveryId":"91769173-55fc-440e-a358-858b3747abbd","walletSk":"91769173-55fc-440e-a358-858b3747abbd"}',
    currency: 'SAR',
    amount: 90,
    vat: 0,
    oldBalance: 630,
    newBalance: 540
  }
}

2024-02-09T21:01:12.326Z 2024-02-09T21:01:12.326Z	2d707d2a-b5e8-5e60-8a95-236a213ff862	INFO	SubscriptionBalanceUpdated event published

2024-02-09T21:01:12.338Z 2024-02-09T21:01:12.338Z	2d707d2a-b5e8-5e60-8a95-236a213ff862	INFO	Processing message 34184a40-6de9-44aa-a88e-fb52d8135050

2024-02-09T21:01:12.344Z 2024-02-09T21:01:12.344Z	2d707d2a-b5e8-5e60-8a95-236a213ff862	INFO	Start syncing the balance {
  transaction: {
    id: '01HP7TS5FX82G1X4EDJZG6YJ1S',
    type: 'DEBIT',
    source: 'MANUAL_DEDUCTION',
    action: 'DELIVERY_DEDUCTION',
    userId: 'a2c0540c-4950-40b9-8522-9192aa7685f8',
    paymentBalance: 40,
    updatePaymentBalance: true,
    metadata: '{"walletId":"wallet#a2c0540c-4950-40b9-8522-9192aa7685f8","deliveryId":"37f5ca89-2cec-4392-b630-237a73d8c12e","walletSk":"37f5ca89-2cec-4392-b630-237a73d8c12e"}',
    currency: 'BHD',
    amount: 8,
    vat: 0,
    oldBalance: 48,
    newBalance: 40
  }
}

2024-02-09T21:01:12.391Z 2024-02-09T21:01:12.391Z	2d707d2a-b5e8-5e60-8a95-236a213ff862	INFO	SubscriptionBalanceUpdated event published

2024-02-09T21:01:12.403Z 2024-02-09T21:01:12.403Z	2d707d2a-b5e8-5e60-8a95-236a213ff862	INFO	Processing message 168d0e6a-b413-474d-bbb9-d5ee642f5359

2024-02-09T21:01:12.409Z 2024-02-09T21:01:12.409Z	2d707d2a-b5e8-5e60-8a95-236a213ff862	INFO	Start syncing the balance {
  transaction: {
    id: '01HP7TS5M14VWPVXPDX5CH6VQE',
    type: 'DEBIT',
    source: 'MANUAL_DEDUCTION',
    action: 'DELIVERY_DEDUCTION',
    userId: '6bbead3f-2d31-4c38-a194-f29d720108e0',
    paymentBalance: 144,
    updatePaymentBalance: true,
    metadata: '{"walletId":"wallet#6bbead3f-2d31-4c38-a194-f29d720108e0","deliveryId":"f09490c5-7a2d-43ed-80a9-e2af4acc8350","walletSk":"f09490c5-7a2d-43ed-80a9-e2af4acc8350"}',
    currency: 'BHD',
    amount: 8,
    vat: 0,
    oldBalance: 152,
    newBalance: 144
  }
}

2024-02-09T21:01:12.457Z 2024-02-09T21:01:12.457Z	2d707d2a-b5e8-5e60-8a95-236a213ff862	INFO	SubscriptionBalanceUpdated event published

2024-02-09T21:01:12.471Z 2024-02-09T21:01:12.471Z	2d707d2a-b5e8-5e60-8a95-236a213ff862	INFO	Processing message af271aed-cb5a-4236-b692-257bf473fd6e

2024-02-09T21:01:12.477Z 2024-02-09T21:01:12.477Z	2d707d2a-b5e8-5e60-8a95-236a213ff862	INFO	Start syncing the balance {
  transaction: {
    id: '01HP7TS5TSV6SCS9HG76BKXA8W',
    type: 'DEBIT',
    source: 'MANUAL_DEDUCTION',
    action: 'DELIVERY_DEDUCTION',
    userId: '7a46f077-87df-49e3-b606-f37d0f061728',
    paymentBalance: 961,
    updatePaymentBalance: true,
    metadata: '{"walletId":"wallet#7a46f077-87df-49e3-b606-f37d0f061728","deliveryId":"533207cf-9885-41d6-a063-ab945323e991","walletSk":"533207cf-9885-41d6-a063-ab945323e991"}',
    currency: 'BHD',
    amount: 8,
    vat: 0,
    oldBalance: 969,
    newBalance: 961
  }
}

2024-02-09T21:01:12.524Z 2024-02-09T21:01:12.524Z	2d707d2a-b5e8-5e60-8a95-236a213ff862	INFO	SubscriptionBalanceUpdated event published

2024-02-09T21:01:12.537Z 2024-02-09T21:01:12.537Z	2d707d2a-b5e8-5e60-8a95-236a213ff862	INFO	Processing message 3bc013a3-3863-45e2-bc27-b2111991836e

2024-02-09T21:01:12.545Z 2024-02-09T21:01:12.545Z	2d707d2a-b5e8-5e60-8a95-236a213ff862	INFO	Start syncing the balance {
  transaction: {
    id: '01HP7TS5QPFAYH9MZF4AMEV5P2',
    type: 'DEBIT',
    source: 'MANUAL_DEDUCTION',
    action: 'DELIVERY_DEDUCTION',
    userId: '179ac592-11d7-4090-bc52-4657de3844dc',
    paymentBalance: 83.999,
    updatePaymentBalance: true,
    metadata: '{"walletId":"wallet#179ac592-11d7-4090-bc52-4657de3844dc","deliveryId":"ffcae4db-707d-433f-8b36-5ef56c6e289e","walletSk":"ffcae4db-707d-433f-8b36-5ef56c6e289e"}',
    currency: 'BHD',
    amount: 4,
    vat: 0,
    oldBalance: 87.999,
    newBalance: 83.999
  }
}

2024-02-09T21:01:12.592Z 2024-02-09T21:01:12.592Z	2d707d2a-b5e8-5e60-8a95-236a213ff862	INFO	SubscriptionBalanceUpdated event published

2024-02-09T21:01:12.605Z 2024-02-09T21:01:12.605Z	2d707d2a-b5e8-5e60-8a95-236a213ff862	INFO	Processing message 1f3c48d2-44ff-4ab5-9cc2-b3f3917dea41

2024-02-09T21:01:12.612Z 2024-02-09T21:01:12.612Z	2d707d2a-b5e8-5e60-8a95-236a213ff862	INFO	Start syncing the balance {
  transaction: {
    id: '01HP7TS5W7T9WVP21MEQRHQJPN',
    type: 'DEBIT',
    source: 'MANUAL_DEDUCTION',
    action: 'DELIVERY_DEDUCTION',
    userId: '7ea81f9e-1a24-4664-bd94-4d88dc6fd07d',
    paymentBalance: 105.5,
    updatePaymentBalance: true,
    metadata: '{"walletId":"wallet#7ea81f9e-1a24-4664-bd94-4d88dc6fd07d","deliveryId":"28f9875a-9e0a-4c9d-a586-c22693d81ced","walletSk":"28f9875a-9e0a-4c9d-a586-c22693d81ced"}',
    currency: 'BHD',
    amount: 8,
    vat: 0,
    oldBalance: 113.5,
    newBalance: 105.5
  }
}

2024-02-09T21:01:12.665Z 2024-02-09T21:01:12.665Z	2d707d2a-b5e8-5e60-8a95-236a213ff862	INFO	SubscriptionBalanceUpdated event published

2024-02-09T21:01:12.677Z 2024-02-09T21:01:12.677Z	2d707d2a-b5e8-5e60-8a95-236a213ff862	INFO	Processing message d3e78e66-c36e-474e-a95d-23a569f92879

2024-02-09T21:01:12.683Z 2024-02-09T21:01:12.683Z	2d707d2a-b5e8-5e60-8a95-236a213ff862	INFO	Start syncing the balance {
  transaction: {
    id: '01HP7TS60ENT00GAP0854Q64NG',
    type: 'DEBIT',
    source: 'MANUAL_DEDUCTION',
    action: 'DELIVERY_DEDUCTION',
    userId: '15efa019-54d8-4936-a2f5-43fcce126bbd',
    paymentBalance: 144,
    updatePaymentBalance: true,
    metadata: '{"walletId":"wallet#15efa019-54d8-4936-a2f5-43fcce126bbd","deliveryId":"ed055e2e-5d62-4696-8269-c24accc98198","walletSk":"ed055e2e-5d62-4696-8269-c24accc98198"}',
    currency: 'BHD',
    amount: 8,
    vat: 0,
    oldBalance: 152,
    newBalance: 144
  }
}

2024-02-09T21:01:12.730Z 2024-02-09T21:01:12.730Z	2d707d2a-b5e8-5e60-8a95-236a213ff862	INFO	SubscriptionBalanceUpdated event published

2024-02-09T21:01:12.746Z END RequestId: 2d707d2a-b5e8-5e60-8a95-236a213ff862

2024-02-09T21:01:12.746Z REPORT RequestId: 2d707d2a-b5e8-5e60-8a95-236a213ff862	Duration: 739.75 ms	Billed Duration: 740 ms	Memory Size: 1024 MB	Max Memory Used: 117 MB	

2024-02-09T21:01:13.288Z START RequestId: 1c534dff-46c1-53e6-a57f-13bfd21675fd Version: $LATEST

2024-02-09T21:01:13.315Z 2024-02-09T21:01:13.315Z	1c534dff-46c1-53e6-a57f-13bfd21675fd	INFO	Processing message b8fb4f32-3b2b-42f2-a24d-fbe4aff7944e

2024-02-09T21:01:13.321Z 2024-02-09T21:01:13.321Z	1c534dff-46c1-53e6-a57f-13bfd21675fd	INFO	Start syncing the balance {
  transaction: {
    id: '01HP7TS66X717HN5V42WT6MZT8',
    type: 'DEBIT',
    source: 'MANUAL_DEDUCTION',
    action: 'DELIVERY_DEDUCTION',
    userId: '943e18cd-8975-44f0-b676-47fbe6229269',
    paymentBalance: 90,
    updatePaymentBalance: true,
    metadata: '{"walletId":"wallet#943e18cd-8975-44f0-b676-47fbe6229269","deliveryId":"6ebe69dd-1e10-41e1-8a75-f7e9bccd1203","walletSk":"6ebe69dd-1e10-41e1-8a75-f7e9bccd1203"}',
    currency: 'SAR',
    amount: 90,
    vat: 0,
    oldBalance: 180,
    newBalance: 90
  }
}

2024-02-09T21:01:13.372Z 2024-02-09T21:01:13.372Z	1c534dff-46c1-53e6-a57f-13bfd21675fd	INFO	SubscriptionBalanceUpdated event published

2024-02-09T21:01:13.387Z 2024-02-09T21:01:13.387Z	1c534dff-46c1-53e6-a57f-13bfd21675fd	INFO	Processing message 365b9dbd-b786-4340-b92b-63bc66afaecf

2024-02-09T21:01:13.394Z 2024-02-09T21:01:13.394Z	1c534dff-46c1-53e6-a57f-13bfd21675fd	INFO	Start syncing the balance {
  transaction: {
    id: '01HP7TS6F7WTEXFKBMRHXAK970',
    type: 'DEBIT',
    source: 'MANUAL_DEDUCTION',
    action: 'DELIVERY_DEDUCTION',
    userId: 'b58d3b54-8d52-4162-b7eb-44beb0254e50',
    paymentBalance: 96,
    updatePaymentBalance: true,
    metadata: '{"walletId":"wallet#b58d3b54-8d52-4162-b7eb-44beb0254e50","deliveryId":"b25ab2c5-5b9d-4680-869b-c1cd932d0cbf","walletSk":"b25ab2c5-5b9d-4680-869b-c1cd932d0cbf"}',
    currency: 'BHD',
    amount: 8,
    vat: 0,
    oldBalance: 104,
    newBalance: 96
  }
}

2024-02-09T21:01:13.443Z 2024-02-09T21:01:13.443Z	1c534dff-46c1-53e6-a57f-13bfd21675fd	INFO	SubscriptionBalanceUpdated event published

2024-02-09T21:01:13.457Z 2024-02-09T21:01:13.457Z	1c534dff-46c1-53e6-a57f-13bfd21675fd	INFO	Processing message dc208173-5a26-4db6-b6b1-2509568f7acb

2024-02-09T21:01:13.463Z 2024-02-09T21:01:13.463Z	1c534dff-46c1-53e6-a57f-13bfd21675fd	INFO	Start syncing the balance {
  transaction: {
    id: '01HP7TS66XCABZV89ANBHJZP5W',
    type: 'DEBIT',
    source: 'MANUAL_DEDUCTION',
    action: 'DELIVERY_DEDUCTION',
    userId: '28089a3d-6a4a-455d-b173-8e10873a3984',
    paymentBalance: 1260,
    updatePaymentBalance: true,
    metadata: '{"walletId":"wallet#28089a3d-6a4a-455d-b173-8e10873a3984","deliveryId":"fc701d1d-be52-48ac-b00a-2f2e0ac38c3a","walletSk":"fc701d1d-be52-48ac-b00a-2f2e0ac38c3a"}',
    currency: 'SAR',
    amount: 90,
    vat: 0,
    oldBalance: 1350,
    newBalance: 1260
  }
}

2024-02-09T21:01:13.513Z 2024-02-09T21:01:13.513Z	1c534dff-46c1-53e6-a57f-13bfd21675fd	INFO	SubscriptionBalanceUpdated event published

2024-02-09T21:01:13.524Z 2024-02-09T21:01:13.524Z	1c534dff-46c1-53e6-a57f-13bfd21675fd	INFO	Processing message 6bf0592f-931f-4858-82aa-503121ffe644

2024-02-09T21:01:13.531Z 2024-02-09T21:01:13.531Z	1c534dff-46c1-53e6-a57f-13bfd21675fd	INFO	Start syncing the balance {
  transaction: {
    id: '01HP7TS6KFMTXMF5AG9TQPV95T',
    type: 'DEBIT',
    source: 'MANUAL_DEDUCTION',
    action: 'DELIVERY_DEDUCTION',
    userId: '2f4fd556-537a-4e93-ae1d-be1ed7c51547',
    paymentBalance: 6540,
    updatePaymentBalance: true,
    metadata: '{"walletId":"wallet#2f4fd556-537a-4e93-ae1d-be1ed7c51547","deliveryId":"b1fc2667-076a-44c6-b0d8-aaf702daedfe","walletSk":"b1fc2667-076a-44c6-b0d8-aaf702daedfe"}',
    currency: 'QAR',
    amount: 120,
    vat: 0,
    oldBalance: 1860,
    newBalance: 1740
  }
}

2024-02-09T21:01:13.581Z 2024-02-09T21:01:13.581Z	1c534dff-46c1-53e6-a57f-13bfd21675fd	INFO	SubscriptionBalanceUpdated event published

2024-02-09T21:01:13.597Z 2024-02-09T21:01:13.597Z	1c534dff-46c1-53e6-a57f-13bfd21675fd	ERROR	Subscription balance and payment balance are not in sync {
  userId: '2f4fd556-537a-4e93-ae1d-be1ed7c51547',
  subscriptionBalance: 1740,
  paymentBalance: 6540
}

2024-02-09T21:01:13.617Z 2024-02-09T21:01:13.617Z	1c534dff-46c1-53e6-a57f-13bfd21675fd	INFO	Processing message f8e24e6a-4ca0-40f0-870b-3a1e79fdcf1b

2024-02-09T21:01:13.623Z 2024-02-09T21:01:13.623Z	1c534dff-46c1-53e6-a57f-13bfd21675fd	INFO	Start syncing the balance {
  transaction: {
    id: '01HP7TS6S7P0QHBKYX8KVS8JDJ',
    type: 'DEBIT',
    source: 'MANUAL_DEDUCTION',
    action: 'DELIVERY_DEDUCTION',
    userId: '52de3a45-61c0-4d76-a938-c8f32b3c6fd6',
    paymentBalance: 1260,
    updatePaymentBalance: true,
    metadata: '{"walletId":"wallet#52de3a45-61c0-4d76-a938-c8f32b3c6fd6","deliveryId":"9a26d9c2-28aa-446e-988b-8fd3919539b1","walletSk":"9a26d9c2-28aa-446e-988b-8fd3919539b1"}',
    currency: 'SAR',
    amount: 90,
    vat: 0,
    oldBalance: 1350,
    newBalance: 1260
  }
}

2024-02-09T21:01:13.676Z 2024-02-09T21:01:13.676Z	1c534dff-46c1-53e6-a57f-13bfd21675fd	INFO	SubscriptionBalanceUpdated event published

2024-02-09T21:01:13.691Z 2024-02-09T21:01:13.691Z	1c534dff-46c1-53e6-a57f-13bfd21675fd	INFO	Processing message 6b8eb2ed-b33f-4d36-ac8f-6e6c50190efc

2024-02-09T21:01:13.696Z 2024-02-09T21:01:13.696Z	1c534dff-46c1-53e6-a57f-13bfd21675fd	INFO	Start syncing the balance {
  transaction: {
    id: '01HP7TS6Y3VYT9R7YVCTMD1T58',
    type: 'DEBIT',
    source: 'MANUAL_DEDUCTION',
    action: 'DELIVERY_DEDUCTION',
    userId: '804d97c8-bf70-4f6d-ad3b-8b63bb543104',
    paymentBalance: 10,
    updatePaymentBalance: true,
    metadata: '{"walletId":"wallet#804d97c8-bf70-4f6d-ad3b-8b63bb543104","deliveryId":"ce3864df-27ea-4efd-9ee3-648f1ecbdfb4","walletSk":"ce3864df-27ea-4efd-9ee3-648f1ecbdfb4"}',
    currency: 'BHD',
    amount: 4,
    vat: 0,
    oldBalance: 23,
    newBalance: 19
  }
}

2024-02-09T21:01:13.742Z 2024-02-09T21:01:13.742Z	1c534dff-46c1-53e6-a57f-13bfd21675fd	INFO	SubscriptionBalanceUpdated event published

2024-02-09T21:01:13.755Z 2024-02-09T21:01:13.755Z	1c534dff-46c1-53e6-a57f-13bfd21675fd	ERROR	Subscription balance and payment balance are not in sync {
  userId: '804d97c8-bf70-4f6d-ad3b-8b63bb543104',
  subscriptionBalance: 19,
  paymentBalance: 10
}

2024-02-09T21:01:13.773Z 2024-02-09T21:01:13.773Z	1c534dff-46c1-53e6-a57f-13bfd21675fd	INFO	Processing message 100e7c8e-c361-4140-8c5f-2677b0b154dd

2024-02-09T21:01:13.779Z 2024-02-09T21:01:13.779Z	1c534dff-46c1-53e6-a57f-13bfd21675fd	INFO	Start syncing the balance {
  transaction: {
    id: '01HP7TS6Y90SF4QH8QW10QRED2',
    type: 'DEBIT',
    source: 'MANUAL_DEDUCTION',
    action: 'DELIVERY_DEDUCTION',
    userId: '131df926-1e3f-45fc-98bb-0bc1f6804674',
    paymentBalance: 88,
    updatePaymentBalance: true,
    metadata: '{"walletId":"wallet#131df926-1e3f-45fc-98bb-0bc1f6804674","deliveryId":"99776bff-56b6-499d-b13f-8bb3c2621dcd","walletSk":"99776bff-56b6-499d-b13f-8bb3c2621dcd"}',
    currency: 'BHD',
    amount: 8,
    vat: 0,
    oldBalance: 96,
    newBalance: 88
  }
}

2024-02-09T21:01:13.834Z 2024-02-09T21:01:13.834Z	1c534dff-46c1-53e6-a57f-13bfd21675fd	INFO	SubscriptionBalanceUpdated event published

2024-02-09T21:01:13.850Z 2024-02-09T21:01:13.850Z	1c534dff-46c1-53e6-a57f-13bfd21675fd	INFO	Processing message 3e336612-1603-4e9b-ad2b-1bc4a1f2b940

2024-02-09T21:01:13.855Z 2024-02-09T21:01:13.855Z	1c534dff-46c1-53e6-a57f-13bfd21675fd	INFO	Start syncing the balance {
  transaction: {
    id: '01HP7TS6ENMMJQRR9EDZCCQYNS',
    type: 'DEBIT',
    source: 'MANUAL_DEDUCTION',
    action: 'DELIVERY_DEDUCTION',
    userId: '66fdf614-4615-4205-a971-69231a3ea8bc',
    paymentBalance: 630,
    updatePaymentBalance: true,
    metadata: '{"walletId":"wallet#66fdf614-4615-4205-a971-69231a3ea8bc","deliveryId":"9c09de05-4324-427c-b807-21d6be15423d","walletSk":"9c09de05-4324-427c-b807-21d6be15423d"}',
    currency: 'SAR',
    amount: 90,
    vat: 0,
    oldBalance: 720,
    newBalance: 630
  }
}

2024-02-09T21:01:13.911Z 2024-02-09T21:01:13.911Z	1c534dff-46c1-53e6-a57f-13bfd21675fd	INFO	SubscriptionBalanceUpdated event published

2024-02-09T21:01:13.922Z 2024-02-09T21:01:13.922Z	1c534dff-46c1-53e6-a57f-13bfd21675fd	INFO	Processing message 32c14abf-30c7-4ed1-9962-ca9d924305f7

2024-02-09T21:01:13.928Z 2024-02-09T21:01:13.928Z	1c534dff-46c1-53e6-a57f-13bfd21675fd	INFO	Start syncing the balance {
  transaction: {
    id: '01HP7TS6MNF8G0YR98KWB688R8',
    type: 'DEBIT',
    source: 'MANUAL_DEDUCTION',
    action: 'DELIVERY_DEDUCTION',
    userId: 'b7a2c1ee-9a46-4e58-aa9e-b5844eb18752',
    paymentBalance: 199,
    updatePaymentBalance: true,
    metadata: '{"walletId":"wallet#b7a2c1ee-9a46-4e58-aa9e-b5844eb18752","deliveryId":"6a415610-3051-4a65-ab22-f9d093c89116","walletSk":"6a415610-3051-4a65-ab22-f9d093c89116"}',
    currency: 'SAR',
    amount: 90,
    vat: 0,
    oldBalance: 289,
    newBalance: 199
  }
}

2024-02-09T21:01:13.981Z 2024-02-09T21:01:13.981Z	1c534dff-46c1-53e6-a57f-13bfd21675fd	INFO	SubscriptionBalanceUpdated event published

2024-02-09T21:01:13.993Z 2024-02-09T21:01:13.993Z	1c534dff-46c1-53e6-a57f-13bfd21675fd	INFO	Processing message 9893104c-1229-4a86-89f4-dbb999d526f5

2024-02-09T21:01:14.000Z 2024-02-09T21:01:14.000Z	1c534dff-46c1-53e6-a57f-13bfd21675fd	INFO	Start syncing the balance {
  transaction: {
    id: '01HP7TS6R9EXZN3XY1NJJB76ER',
    type: 'DEBIT',
    source: 'MANUAL_DEDUCTION',
    action: 'DELIVERY_DEDUCTION',
    userId: '92856f1f-33e4-4393-b51f-a9595a27afdd',
    paymentBalance: 1170,
    updatePaymentBalance: true,
    metadata: '{"walletId":"wallet#92856f1f-33e4-4393-b51f-a9595a27afdd","deliveryId":"629aebb3-cd41-431f-b6a5-5e4c0c248675","walletSk":"629aebb3-cd41-431f-b6a5-5e4c0c248675"}',
    currency: 'SAR',
    amount: 90,
    vat: 0,
    oldBalance: 1260,
    newBalance: 1170
  }
}

2024-02-09T21:01:14.052Z 2024-02-09T21:01:14.052Z	1c534dff-46c1-53e6-a57f-13bfd21675fd	INFO	SubscriptionBalanceUpdated event published

2024-02-09T21:01:14.068Z END RequestId: 1c534dff-46c1-53e6-a57f-13bfd21675fd

2024-02-09T21:01:14.068Z REPORT RequestId: 1c534dff-46c1-53e6-a57f-13bfd21675fd	Duration: 780.12 ms	Billed Duration: 781 ms	Memory Size: 1024 MB	Max Memory Used: 117 MB	
XRAY TraceId: 1-65c69299-bd3744420c111e35bbeb53f6	SegmentId: 376ed3d14b471e12	Sampled: true	

2024-02-09T21:01:14.659Z START RequestId: dde115a6-0c2d-50a6-a608-4be698f736a4 Version: $LATEST

2024-02-09T21:01:14.688Z 2024-02-09T21:01:14.688Z	dde115a6-0c2d-50a6-a608-4be698f736a4	INFO	Processing message a546cf6d-1504-41e6-b1a8-a1fffdcb5320

2024-02-09T21:01:14.694Z 2024-02-09T21:01:14.694Z	dde115a6-0c2d-50a6-a608-4be698f736a4	INFO	Start syncing the balance {
  transaction: {
    id: '01HP7TS91Q3ND9KRD8RBB27XCM',
    type: 'DEBIT',
    source: 'MANUAL_DEDUCTION',
    action: 'DELIVERY_DEDUCTION',
    userId: '4143771f-aa88-481b-8198-0cfdef9779c7',
    paymentBalance: 540,
    updatePaymentBalance: true,
    metadata: '{"walletId":"wallet#4143771f-aa88-481b-8198-0cfdef9779c7","deliveryId":"0c8d6669-7903-49dd-b5d9-c3cec95f8d64","walletSk":"0c8d6669-7903-49dd-b5d9-c3cec95f8d64"}',
    currency: 'SAR',
    amount: 90,
    vat: 0,
    oldBalance: 630,
    newBalance: 540
  }
}

2024-02-09T21:01:14.742Z 2024-02-09T21:01:14.742Z	dde115a6-0c2d-50a6-a608-4be698f736a4	INFO	SubscriptionBalanceUpdated event published

2024-02-09T21:01:14.757Z 2024-02-09T21:01:14.757Z	dde115a6-0c2d-50a6-a608-4be698f736a4	INFO	Processing message 69c1acca-d266-4dbb-98a3-18431defa0b5

2024-02-09T21:01:14.763Z 2024-02-09T21:01:14.763Z	dde115a6-0c2d-50a6-a608-4be698f736a4	INFO	Start syncing the balance {
  transaction: {
    id: '01HP7TS910JC7K76ZKEFBBB1F5',
    type: 'DEBIT',
    source: 'MANUAL_DEDUCTION',
    action: 'DELIVERY_DEDUCTION',
    userId: 'f29c6a25-00ec-4e00-bb1d-c6602c424918',
    paymentBalance: 104,
    updatePaymentBalance: true,
    metadata: '{"walletId":"wallet#f29c6a25-00ec-4e00-bb1d-c6602c424918","deliveryId":"57a3b5c0-4839-4643-b7d2-0f45edc69efd","walletSk":"57a3b5c0-4839-4643-b7d2-0f45edc69efd"}',
    currency: 'BHD',
    amount: 8,
    vat: 0,
    oldBalance: 112,
    newBalance: 104
  }
}

2024-02-09T21:01:14.810Z 2024-02-09T21:01:14.810Z	dde115a6-0c2d-50a6-a608-4be698f736a4	INFO	SubscriptionBalanceUpdated event published

2024-02-09T21:01:14.825Z 2024-02-09T21:01:14.825Z	dde115a6-0c2d-50a6-a608-4be698f736a4	INFO	Processing message 25a0c997-ad6f-41cb-bd76-9ebeb601c23c

2024-02-09T21:01:14.830Z 2024-02-09T21:01:14.830Z	dde115a6-0c2d-50a6-a608-4be698f736a4	INFO	Start syncing the balance {
  transaction: {
    id: '01HP7TS96B8K0NHF17E20151M7',
    type: 'DEBIT',
    source: 'MANUAL_DEDUCTION',
    action: 'DELIVERY_DEDUCTION',
    userId: '91749485-15ab-4fd0-93af-e118e414ab9b',
    paymentBalance: 638.5,
    updatePaymentBalance: true,
    metadata: '{"walletId":"wallet#91749485-15ab-4fd0-93af-e118e414ab9b","deliveryId":"c3bc83be-3caf-410f-82b6-2cc45201d082","walletSk":"c3bc83be-3caf-410f-82b6-2cc45201d082"}',
    currency: 'BHD',
    amount: 8,
    vat: 0,
    oldBalance: 93,
    newBalance: 85
  }
}

2024-02-09T21:01:14.893Z 2024-02-09T21:01:14.893Z	dde115a6-0c2d-50a6-a608-4be698f736a4	INFO	SubscriptionBalanceUpdated event published

2024-02-09T21:01:14.907Z 2024-02-09T21:01:14.907Z	dde115a6-0c2d-50a6-a608-4be698f736a4	ERROR	Subscription balance and payment balance are not in sync {
  userId: '91749485-15ab-4fd0-93af-e118e414ab9b',
  subscriptionBalance: 85,
  paymentBalance: 638.5
}

2024-02-09T21:01:14.937Z 2024-02-09T21:01:14.937Z	dde115a6-0c2d-50a6-a608-4be698f736a4	INFO	Processing message 905b1cc5-fb21-45e6-beb1-85821ea40963

2024-02-09T21:01:14.943Z 2024-02-09T21:01:14.943Z	dde115a6-0c2d-50a6-a608-4be698f736a4	INFO	Start syncing the balance {
  transaction: {
    id: '01HP7TS96V1PY9Z6C09MH4Y40S',
    type: 'DEBIT',
    source: 'MANUAL_DEDUCTION',
    action: 'DELIVERY_DEDUCTION',
    userId: '92496dd0-1cd1-4e26-a2d2-ad108d5942df',
    paymentBalance: 57.5,
    updatePaymentBalance: true,
    metadata: '{"walletId":"wallet#92496dd0-1cd1-4e26-a2d2-ad108d5942df","deliveryId":"fa258b36-b666-4aec-9fa0-21852308d76f","walletSk":"fa258b36-b666-4aec-9fa0-21852308d76f"}',
    currency: 'BHD',
    amount: 3.5,
    vat: 0,
    oldBalance: 61,
    newBalance: 57.5
  }
}

2024-02-09T21:01:14.994Z 2024-02-09T21:01:14.994Z	dde115a6-0c2d-50a6-a608-4be698f736a4	INFO	SubscriptionBalanceUpdated event published

2024-02-09T21:01:15.008Z 2024-02-09T21:01:15.008Z	dde115a6-0c2d-50a6-a608-4be698f736a4	INFO	Processing message 1bfc28ca-0f39-4bde-b04d-e0da58a29762

2024-02-09T21:01:15.013Z 2024-02-09T21:01:15.013Z	dde115a6-0c2d-50a6-a608-4be698f736a4	INFO	Start syncing the balance {
  transaction: {
    id: '01HP7TS9BRSMTGW4P1BEW2FT26',
    type: 'DEBIT',
    source: 'MANUAL_DEDUCTION',
    action: 'DELIVERY_DEDUCTION',
    userId: '997c613f-2ac3-4720-b3c4-4196c51c620c',
    paymentBalance: 16,
    updatePaymentBalance: true,
    metadata: '{"walletId":"wallet#997c613f-2ac3-4720-b3c4-4196c51c620c","deliveryId":"a78b0f68-e892-4809-8939-c7cd15f45a3b","walletSk":"a78b0f68-e892-4809-8939-c7cd15f45a3b"}',
    currency: 'BHD',
    amount: 8,
    vat: 0,
    oldBalance: 24,
    newBalance: 16
  }
}

2024-02-09T21:01:15.059Z 2024-02-09T21:01:15.059Z	dde115a6-0c2d-50a6-a608-4be698f736a4	INFO	SubscriptionBalanceUpdated event published

2024-02-09T21:01:15.074Z 2024-02-09T21:01:15.074Z	dde115a6-0c2d-50a6-a608-4be698f736a4	INFO	Processing message a4652d0a-89ce-408a-9a79-57f08b272796

2024-02-09T21:01:15.081Z 2024-02-09T21:01:15.081Z	dde115a6-0c2d-50a6-a608-4be698f736a4	INFO	Start syncing the balance {
  transaction: {
    id: '01HP7TS9D617XAED1KKD5FH2M2',
    type: 'DEBIT',
    source: 'MANUAL_DEDUCTION',
    action: 'DELIVERY_DEDUCTION',
    userId: 'fcc11748-a02c-411d-83ae-03a4053b8461',
    paymentBalance: 48.5,
    updatePaymentBalance: true,
    metadata: '{"walletId":"wallet#fcc11748-a02c-411d-83ae-03a4053b8461","deliveryId":"5984af2f-678c-4252-a243-5beaccef989c","walletSk":"5984af2f-678c-4252-a243-5beaccef989c"}',
    currency: 'BHD',
    amount: 8,
    vat: 0,
    oldBalance: 56.5,
    newBalance: 48.5
  }
}

2024-02-09T21:01:15.127Z 2024-02-09T21:01:15.127Z	dde115a6-0c2d-50a6-a608-4be698f736a4	INFO	SubscriptionBalanceUpdated event published

2024-02-09T21:01:15.147Z 2024-02-09T21:01:15.147Z	dde115a6-0c2d-50a6-a608-4be698f736a4	INFO	Processing message b858c3e4-5df7-47de-9a1a-6e625c35e280

2024-02-09T21:01:15.154Z 2024-02-09T21:01:15.154Z	dde115a6-0c2d-50a6-a608-4be698f736a4	INFO	Start syncing the balance {
  transaction: {
    id: '01HP7TS99CQM70RDZ28Z0BCMN5',
    type: 'DEBIT',
    source: 'MANUAL_DEDUCTION',
    action: 'DELIVERY_DEDUCTION',
    userId: '37648072-e72e-40d2-b8a8-6ead8a86b85b',
    paymentBalance: 96,
    updatePaymentBalance: true,
    metadata: '{"walletId":"wallet#37648072-e72e-40d2-b8a8-6ead8a86b85b","deliveryId":"5c127119-f146-445b-b72e-e8bb570d2c69","walletSk":"5c127119-f146-445b-b72e-e8bb570d2c69"}',
    currency: 'BHD',
    amount: 8,
    vat: 0,
    oldBalance: 104,
    newBalance: 96
  }
}

2024-02-09T21:01:15.248Z 2024-02-09T21:01:15.248Z	dde115a6-0c2d-50a6-a608-4be698f736a4	INFO	SubscriptionBalanceUpdated event published

2024-02-09T21:01:15.262Z 2024-02-09T21:01:15.262Z	dde115a6-0c2d-50a6-a608-4be698f736a4	INFO	Processing message 892bb5cb-dc25-4e1d-ba0c-480b0e9dac5f

2024-02-09T21:01:15.268Z 2024-02-09T21:01:15.268Z	dde115a6-0c2d-50a6-a608-4be698f736a4	INFO	Start syncing the balance {
  transaction: {
    id: '01HP7TS9JP91MHAY7E8ZF53V7Z',
    type: 'DEBIT',
    source: 'MANUAL_DEDUCTION',
    action: 'DELIVERY_DEDUCTION',
    userId: 'a70fa231-9563-4656-93b8-9a38f42e0a2b',
    paymentBalance: 60,
    updatePaymentBalance: true,
    metadata: '{"walletId":"wallet#a70fa231-9563-4656-93b8-9a38f42e0a2b","deliveryId":"aa4759a9-5d39-4984-a8ab-55bfca7d6bfb","walletSk":"aa4759a9-5d39-4984-a8ab-55bfca7d6bfb"}',
    currency: 'KWD',
    amount: 7.5,
    vat: 0,
    oldBalance: 67.5,
    newBalance: 60
  }
}

2024-02-09T21:01:15.325Z 2024-02-09T21:01:15.325Z	dde115a6-0c2d-50a6-a608-4be698f736a4	INFO	SubscriptionBalanceUpdated event published

2024-02-09T21:01:15.338Z 2024-02-09T21:01:15.338Z	dde115a6-0c2d-50a6-a608-4be698f736a4	INFO	Processing message 7385e3e0-d174-40ce-9269-c78e0b28dfbf

2024-02-09T21:01:15.344Z 2024-02-09T21:01:15.344Z	dde115a6-0c2d-50a6-a608-4be698f736a4	INFO	Start syncing the balance {
  transaction: {
    id: '01HP7TS9H8ASY2KY6G1SG5CXVN',
    type: 'DEBIT',
    source: 'MANUAL_DEDUCTION',
    action: 'DELIVERY_DEDUCTION',
    userId: '0a57897f-fa4f-40ff-8aec-9c7958ce8351',
    paymentBalance: 64,
    updatePaymentBalance: true,
    metadata: '{"walletId":"wallet#0a57897f-fa4f-40ff-8aec-9c7958ce8351","deliveryId":"86b8156c-d17c-4998-baa7-16f0586b113b","walletSk":"86b8156c-d17c-4998-baa7-16f0586b113b"}',
    currency: 'BHD',
    amount: 8,
    vat: 0,
    oldBalance: 72,
    newBalance: 64
  }
}

2024-02-09T21:01:15.390Z 2024-02-09T21:01:15.390Z	dde115a6-0c2d-50a6-a608-4be698f736a4	INFO	SubscriptionBalanceUpdated event published

2024-02-09T21:01:15.405Z 2024-02-09T21:01:15.405Z	dde115a6-0c2d-50a6-a608-4be698f736a4	INFO	Processing message d67316bb-5688-480a-a59e-22837f46c3d4

2024-02-09T21:01:15.411Z 2024-02-09T21:01:15.411Z	dde115a6-0c2d-50a6-a608-4be698f736a4	INFO	Start syncing the balance {
  transaction: {
    id: '01HP7TS9R512DJ4FYDNMXCY3HN',
    type: 'DEBIT',
    source: 'MANUAL_DEDUCTION',
    action: 'DELIVERY_DEDUCTION',
    userId: 'd26a421e-61cd-4c41-8cf3-b1913931be3f',
    paymentBalance: 96,
    updatePaymentBalance: true,
    metadata: '{"walletId":"wallet#d26a421e-61cd-4c41-8cf3-b1913931be3f","deliveryId":"3f70106c-055b-4c9d-9a7f-28a86b6e914e","walletSk":"3f70106c-055b-4c9d-9a7f-28a86b6e914e"}',
    currency: 'BHD',
    amount: 8,
    vat: 0,
    oldBalance: 104,
    newBalance: 96
  }
}

2024-02-09T21:01:15.461Z 2024-02-09T21:01:15.461Z	dde115a6-0c2d-50a6-a608-4be698f736a4	INFO	SubscriptionBalanceUpdated event published

2024-02-09T21:01:15.477Z END RequestId: dde115a6-0c2d-50a6-a608-4be698f736a4

2024-02-09T21:01:15.477Z REPORT RequestId: dde115a6-0c2d-50a6-a608-4be698f736a4	Duration: 817.78 ms	Billed Duration: 818 ms	Memory Size: 1024 MB	Max Memory Used: 117 MB	

2024-02-09T21:01:15.868Z START RequestId: 21bcee18-9ced-577a-94b0-b0580836c161 Version: $LATEST

2024-02-09T21:01:15.891Z 2024-02-09T21:01:15.891Z	21bcee18-9ced-577a-94b0-b0580836c161	INFO	Processing message cd747182-38e4-4e04-a713-ac4bb2f114fc

2024-02-09T21:01:15.897Z 2024-02-09T21:01:15.897Z	21bcee18-9ced-577a-94b0-b0580836c161	INFO	Start syncing the balance {
  transaction: {
    id: '01HP7TS9PQ6ZHM06FG13FH3RCH',
    type: 'DEBIT',
    source: 'MANUAL_DEDUCTION',
    action: 'DELIVERY_DEDUCTION',
    userId: '44845afa-7d2a-4d3c-ba5b-c4c072e3cb6b',
    paymentBalance: 720,
    updatePaymentBalance: true,
    metadata: '{"walletId":"wallet#44845afa-7d2a-4d3c-ba5b-c4c072e3cb6b","deliveryId":"32e77f4c-238a-4898-bf5b-dd3b78ab5940","walletSk":"32e77f4c-238a-4898-bf5b-dd3b78ab5940"}',
    currency: 'SAR',
    amount: 90,
    vat: 0,
    oldBalance: 810,
    newBalance: 720
  }
}

2024-02-09T21:01:15.945Z 2024-02-09T21:01:15.945Z	21bcee18-9ced-577a-94b0-b0580836c161	INFO	SubscriptionBalanceUpdated event published

2024-02-09T21:01:15.957Z 2024-02-09T21:01:15.957Z	21bcee18-9ced-577a-94b0-b0580836c161	INFO	Processing message fdf8c6f7-f519-4168-867f-31a62435ba1e

2024-02-09T21:01:15.963Z 2024-02-09T21:01:15.963Z	21bcee18-9ced-577a-94b0-b0580836c161	INFO	Start syncing the balance {
  transaction: {
    id: '01HP7TS9WZ49DGJEQKH8F0PFRC',
    type: 'DEBIT',
    source: 'MANUAL_DEDUCTION',
    action: 'DELIVERY_DEDUCTION',
    userId: '52ebb322-696b-423b-bd79-2de604defbdd',
    paymentBalance: 2883.01,
    updatePaymentBalance: true,
    metadata: '{"walletId":"wallet#52ebb322-696b-423b-bd79-2de604defbdd","deliveryId":"7ef33276-fd6c-407e-a2ab-39f04404d7a6","walletSk":"7ef33276-fd6c-407e-a2ab-39f04404d7a6"}',
    currency: 'SAR',
    amount: 70,
    vat: 0,
    oldBalance: 480,
    newBalance: 410
  }
}

2024-02-09T21:01:16.013Z 2024-02-09T21:01:16.013Z	21bcee18-9ced-577a-94b0-b0580836c161	INFO	SubscriptionBalanceUpdated event published

2024-02-09T21:01:16.025Z 2024-02-09T21:01:16.025Z	21bcee18-9ced-577a-94b0-b0580836c161	ERROR	Subscription balance and payment balance are not in sync {
  userId: '52ebb322-696b-423b-bd79-2de604defbdd',
  subscriptionBalance: 410,
  paymentBalance: 2883.01
}

2024-02-09T21:01:16.047Z 2024-02-09T21:01:16.047Z	21bcee18-9ced-577a-94b0-b0580836c161	INFO	Processing message 7f4cf0da-d067-48d8-a824-fdf6b5f69655

2024-02-09T21:01:16.054Z 2024-02-09T21:01:16.054Z	21bcee18-9ced-577a-94b0-b0580836c161	INFO	Start syncing the balance {
  transaction: {
    id: '01HP7TS9VB4CJ5BFZR41GDHR3X',
    type: 'DEBIT',
    source: 'MANUAL_DEDUCTION',
    action: 'DELIVERY_DEDUCTION',
    userId: 'f434d164-8656-429c-a7c9-fc4ab238f377',
    paymentBalance: 138.909,
    updatePaymentBalance: true,
    metadata: '{"walletId":"wallet#f434d164-8656-429c-a7c9-fc4ab238f377","deliveryId":"78cebf27-8e2b-4214-8260-32613e951676","walletSk":"78cebf27-8e2b-4214-8260-32613e951676"}',
    currency: 'BHD',
    amount: 4,
    vat: 0,
    oldBalance: 142.909,
    newBalance: 138.909
  }
}

2024-02-09T21:01:16.100Z 2024-02-09T21:01:16.100Z	21bcee18-9ced-577a-94b0-b0580836c161	INFO	SubscriptionBalanceUpdated event published

2024-02-09T21:01:16.126Z 2024-02-09T21:01:16.126Z	21bcee18-9ced-577a-94b0-b0580836c161	INFO	Processing message 056e1266-0469-4909-86a9-27ebb0613aa4

2024-02-09T21:01:16.133Z 2024-02-09T21:01:16.133Z	21bcee18-9ced-577a-94b0-b0580836c161	INFO	Start syncing the balance {
  transaction: {
    id: '01HP7TSA324CFH1D1MR9CGFB30',
    type: 'DEBIT',
    source: 'MANUAL_DEDUCTION',
    action: 'DELIVERY_DEDUCTION',
    userId: 'd4fe9151-a07d-4f55-b02b-0e5197ecc4b7',
    paymentBalance: 2072.745,
    updatePaymentBalance: true,
    metadata: '{"walletId":"wallet#d4fe9151-a07d-4f55-b02b-0e5197ecc4b7","deliveryId":"d983ac1f-5324-473f-a6e0-b833b3efaf6e","walletSk":"d983ac1f-5324-473f-a6e0-b833b3efaf6e"}',
    currency: 'BHD',
    amount: 9,
    vat: 0,
    oldBalance: 2081.745,
    newBalance: 2072.745
  }
}

2024-02-09T21:01:16.189Z 2024-02-09T21:01:16.189Z	21bcee18-9ced-577a-94b0-b0580836c161	INFO	SubscriptionBalanceUpdated event published

2024-02-09T21:01:16.203Z 2024-02-09T21:01:16.203Z	21bcee18-9ced-577a-94b0-b0580836c161	INFO	Processing message f8ec33b8-3e4e-48e1-b335-117a99a35a9d

2024-02-09T21:01:16.208Z 2024-02-09T21:01:16.208Z	21bcee18-9ced-577a-94b0-b0580836c161	INFO	Start syncing the balance {
  transaction: {
    id: '01HP7TS9ZYX980MFTK4R22D9MW',
    type: 'DEBIT',
    source: 'MANUAL_DEDUCTION',
    action: 'DELIVERY_DEDUCTION',
    userId: '14f6a8f7-e2fc-4a10-9049-b5e02d490ff1',
    paymentBalance: 96,
    updatePaymentBalance: true,
    metadata: '{"walletId":"wallet#14f6a8f7-e2fc-4a10-9049-b5e02d490ff1","deliveryId":"ece9ae11-e8bc-42cd-aee2-adc4faa2189b","walletSk":"ece9ae11-e8bc-42cd-aee2-adc4faa2189b"}',
    currency: 'BHD',
    amount: 8,
    vat: 0,
    oldBalance: 104,
    newBalance: 96
  }
}

2024-02-09T21:01:16.255Z 2024-02-09T21:01:16.255Z	21bcee18-9ced-577a-94b0-b0580836c161	INFO	SubscriptionBalanceUpdated event published

2024-02-09T21:01:16.268Z 2024-02-09T21:01:16.268Z	21bcee18-9ced-577a-94b0-b0580836c161	INFO	Processing message a0ea3d20-d855-4193-951e-8e5e7b6732b8

2024-02-09T21:01:16.274Z 2024-02-09T21:01:16.274Z	21bcee18-9ced-577a-94b0-b0580836c161	INFO	Start syncing the balance {
  transaction: {
    id: '01HP7TSA26ZS8WQ6DF7FMRA1MA',
    type: 'DEBIT',
    source: 'MANUAL_DEDUCTION',
    action: 'DELIVERY_DEDUCTION',
    userId: '9985a2d5-ce61-4754-ae91-7496f4534408',
    paymentBalance: 540,
    updatePaymentBalance: true,
    metadata: '{"walletId":"wallet#9985a2d5-ce61-4754-ae91-7496f4534408","deliveryId":"e34da917-8155-4527-b314-b561c6557769","walletSk":"e34da917-8155-4527-b314-b561c6557769"}',
    currency: 'SAR',
    amount: 90,
    vat: 0,
    oldBalance: 630,
    newBalance: 540
  }
}

2024-02-09T21:01:16.322Z 2024-02-09T21:01:16.322Z	21bcee18-9ced-577a-94b0-b0580836c161	INFO	SubscriptionBalanceUpdated event published

2024-02-09T21:01:16.336Z 2024-02-09T21:01:16.336Z	21bcee18-9ced-577a-94b0-b0580836c161	INFO	Processing message 177ce6fb-3ad9-40d6-953d-66ab4c55b7f3

2024-02-09T21:01:16.341Z 2024-02-09T21:01:16.341Z	21bcee18-9ced-577a-94b0-b0580836c161	INFO	Start syncing the balance {
  transaction: {
    id: '01HP7TSA8M4QJE5X9CTDT9FRYE',
    type: 'DEBIT',
    source: 'MANUAL_DEDUCTION',
    action: 'DELIVERY_DEDUCTION',
    userId: '581ac5c9-5f0e-4349-aaf4-8a1660d860f5',
    paymentBalance: 450,
    updatePaymentBalance: true,
    metadata: '{"walletId":"wallet#581ac5c9-5f0e-4349-aaf4-8a1660d860f5","deliveryId":"dc31e39a-ce31-44cc-abfc-72a04bcfea77","walletSk":"dc31e39a-ce31-44cc-abfc-72a04bcfea77"}',
    currency: 'SAR',
    amount: 90,
    vat: 0,
    oldBalance: 540,
    newBalance: 450
  }
}

2024-02-09T21:01:16.391Z 2024-02-09T21:01:16.391Z	21bcee18-9ced-577a-94b0-b0580836c161	INFO	SubscriptionBalanceUpdated event published

2024-02-09T21:01:16.406Z 2024-02-09T21:01:16.406Z	21bcee18-9ced-577a-94b0-b0580836c161	INFO	Processing message a1e8ee8c-3e21-473d-99b7-66acc2f92dac

2024-02-09T21:01:16.413Z 2024-02-09T21:01:16.413Z	21bcee18-9ced-577a-94b0-b0580836c161	INFO	Start syncing the balance {
  transaction: {
    id: '01HP7TSA5QXYXZZQQH3XFHNHAS',
    type: 'DEBIT',
    source: 'MANUAL_DEDUCTION',
    action: 'DELIVERY_DEDUCTION',
    userId: '15469d49-7d54-4ea1-833c-708f679471d4',
    paymentBalance: 79,
    updatePaymentBalance: true,
    metadata: '{"walletId":"wallet#15469d49-7d54-4ea1-833c-708f679471d4","deliveryId":"035f78b5-9f2d-41dd-9689-59bcefc2feef","walletSk":"035f78b5-9f2d-41dd-9689-59bcefc2feef"}',
    currency: 'BHD',
    amount: 8,
    vat: 0,
    oldBalance: 87,
    newBalance: 79
  }
}

2024-02-09T21:01:16.461Z 2024-02-09T21:01:16.461Z	21bcee18-9ced-577a-94b0-b0580836c161	INFO	SubscriptionBalanceUpdated event published

2024-02-09T21:01:16.476Z 2024-02-09T21:01:16.476Z	21bcee18-9ced-577a-94b0-b0580836c161	INFO	Processing message fbb66d8d-b882-4fb9-9767-2f14f44c4094

2024-02-09T21:01:16.481Z 2024-02-09T21:01:16.481Z	21bcee18-9ced-577a-94b0-b0580836c161	INFO	Start syncing the balance {
  transaction: {
    id: '01HP7TSACXX7JJ47S2Z4SNGM3N',
    type: 'DEBIT',
    source: 'MANUAL_DEDUCTION',
    action: 'DELIVERY_DEDUCTION',
    userId: 'e5521da8-1d62-43fa-b81a-e3c9801bfe8d',
    paymentBalance: 96,
    updatePaymentBalance: true,
    metadata: '{"walletId":"wallet#e5521da8-1d62-43fa-b81a-e3c9801bfe8d","deliveryId":"1d42e3bf-098f-451c-b926-184ded45f4c7","walletSk":"1d42e3bf-098f-451c-b926-184ded45f4c7"}',
    currency: 'BHD',
    amount: 8,
    vat: 0,
    oldBalance: 104,
    newBalance: 96
  }
}

2024-02-09T21:01:16.532Z 2024-02-09T21:01:16.532Z	21bcee18-9ced-577a-94b0-b0580836c161	INFO	SubscriptionBalanceUpdated event published

2024-02-09T21:01:16.544Z 2024-02-09T21:01:16.544Z	21bcee18-9ced-577a-94b0-b0580836c161	INFO	Processing message b03b0117-f347-49ca-862f-961db6aea1eb

2024-02-09T21:01:16.550Z 2024-02-09T21:01:16.550Z	21bcee18-9ced-577a-94b0-b0580836c161	INFO	Start syncing the balance {
  transaction: {
    id: '01HP7TSA7ZHQM05ZZH8Z18VBZD',
    type: 'DEBIT',
    source: 'MANUAL_DEDUCTION',
    action: 'DELIVERY_DEDUCTION',
    userId: '789e2517-7115-46a9-a260-717333a06b69',
    paymentBalance: 21,
    updatePaymentBalance: true,
    metadata: '{"walletId":"wallet#789e2517-7115-46a9-a260-717333a06b69","deliveryId":"0ca9e853-f4ce-4bd8-8551-1584dae49e4d","walletSk":"0ca9e853-f4ce-4bd8-8551-1584dae49e4d"}',
    currency: 'BHD',
    amount: 9,
    vat: 0,
    oldBalance: 39,
    newBalance: 30
  }
}

2024-02-09T21:01:16.595Z 2024-02-09T21:01:16.595Z	21bcee18-9ced-577a-94b0-b0580836c161	INFO	SubscriptionBalanceUpdated event published

2024-02-09T21:01:16.613Z 2024-02-09T21:01:16.613Z	21bcee18-9ced-577a-94b0-b0580836c161	ERROR	Subscription balance and payment balance are not in sync {
  userId: '789e2517-7115-46a9-a260-717333a06b69',
  subscriptionBalance: 30,
  paymentBalance: 21
}

2024-02-09T21:01:16.642Z END RequestId: 21bcee18-9ced-577a-94b0-b0580836c161

2024-02-09T21:01:16.642Z REPORT RequestId: 21bcee18-9ced-577a-94b0-b0580836c161	Duration: 774.38 ms	Billed Duration: 775 ms	Memory Size: 1024 MB	Max Memory Used: 117 MB	
XRAY TraceId: 1-65c6929b-3e18b7cf770bb82e00cd712f	SegmentId: 2fceb6d503b04e0c	Sampled: true	

2024-02-09T21:01:17.039Z START RequestId: 67005805-1fa1-52ae-aa6e-06458b7cf4b5 Version: $LATEST

2024-02-09T21:01:17.064Z 2024-02-09T21:01:17.064Z	67005805-1fa1-52ae-aa6e-06458b7cf4b5	INFO	Processing message 83f28469-1c48-441e-9609-6995a3c15967

2024-02-09T21:01:17.070Z 2024-02-09T21:01:17.070Z	67005805-1fa1-52ae-aa6e-06458b7cf4b5	INFO	Start syncing the balance {
  transaction: {
    id: '01HP7TSB42R0WBC820JBC1DV5H',
    type: 'DEBIT',
    source: 'MANUAL_DEDUCTION',
    action: 'DELIVERY_DEDUCTION',
    userId: 'f50005b1-ee81-4cb6-a3b0-882b19122f35',
    paymentBalance: 99,
    updatePaymentBalance: true,
    metadata: '{"walletId":"wallet#f50005b1-ee81-4cb6-a3b0-882b19122f35","deliveryId":"2814343c-6a7b-482c-b125-98da28997b7e","walletSk":"2814343c-6a7b-482c-b125-98da28997b7e"}',
    currency: 'BHD',
    amount: 9,
    vat: 0,
    oldBalance: 108,
    newBalance: 99
  }
}

2024-02-09T21:01:17.121Z 2024-02-09T21:01:17.121Z	67005805-1fa1-52ae-aa6e-06458b7cf4b5	INFO	SubscriptionBalanceUpdated event published

2024-02-09T21:01:17.135Z 2024-02-09T21:01:17.135Z	67005805-1fa1-52ae-aa6e-06458b7cf4b5	INFO	Processing message e9327019-b2a1-4061-abe7-4fabfd0fe093

2024-02-09T21:01:17.141Z 2024-02-09T21:01:17.141Z	67005805-1fa1-52ae-aa6e-06458b7cf4b5	INFO	Start syncing the balance {
  transaction: {
    id: '01HP7TSAWYFJ46043KW6GK17F9',
    type: 'DEBIT',
    source: 'MANUAL_DEDUCTION',
    action: 'DELIVERY_DEDUCTION',
    userId: '1b3be8bc-3813-4dff-b42c-43efbdcfc5ae',
    paymentBalance: 281,
    updatePaymentBalance: true,
    metadata: '{"walletId":"wallet#1b3be8bc-3813-4dff-b42c-43efbdcfc5ae","deliveryId":"717a2de5-c1f5-44b7-9134-9a9c5a9a97e9","walletSk":"717a2de5-c1f5-44b7-9134-9a9c5a9a97e9"}',
    currency: 'BHD',
    amount: 9,
    vat: 0,
    oldBalance: 135,
    newBalance: 126
  }
}

2024-02-09T21:01:17.190Z 2024-02-09T21:01:17.190Z	67005805-1fa1-52ae-aa6e-06458b7cf4b5	INFO	SubscriptionBalanceUpdated event published

2024-02-09T21:01:17.204Z 2024-02-09T21:01:17.204Z	67005805-1fa1-52ae-aa6e-06458b7cf4b5	ERROR	Subscription balance and payment balance are not in sync {
  userId: '1b3be8bc-3813-4dff-b42c-43efbdcfc5ae',
  subscriptionBalance: 126,
  paymentBalance: 281
}

2024-02-09T21:01:17.230Z 2024-02-09T21:01:17.230Z	67005805-1fa1-52ae-aa6e-06458b7cf4b5	INFO	Processing message b5ee2a32-18e0-4995-9638-8204349fdb9b

2024-02-09T21:01:17.238Z 2024-02-09T21:01:17.238Z	67005805-1fa1-52ae-aa6e-06458b7cf4b5	INFO	Start syncing the balance {
  transaction: {
    id: '01HP7TSB7HYDJM9MGFXDBW7DB1',
    type: 'DEBIT',
    source: 'MANUAL_DEDUCTION',
    action: 'DELIVERY_DEDUCTION',
    userId: 'e635a3ea-fc8b-46c4-b091-5480637486ad',
    paymentBalance: 1610.864,
    updatePaymentBalance: true,
    metadata: '{"walletId":"wallet#e635a3ea-fc8b-46c4-b091-5480637486ad","deliveryId":"851fd08b-735a-4978-876d-4bda7dd973f0","walletSk":"851fd08b-735a-4978-876d-4bda7dd973f0"}',
    currency: 'BHD',
    amount: 18.6,
    vat: 0,
    oldBalance: 1629.4645,
    newBalance: 1610.865
  }
}

2024-02-09T21:01:17.293Z 2024-02-09T21:01:17.293Z	67005805-1fa1-52ae-aa6e-06458b7cf4b5	INFO	SubscriptionBalanceUpdated event published

2024-02-09T21:01:17.305Z 2024-02-09T21:01:17.305Z	67005805-1fa1-52ae-aa6e-06458b7cf4b5	ERROR	Subscription balance and payment balance are not in sync {
  userId: 'e635a3ea-fc8b-46c4-b091-5480637486ad',
  subscriptionBalance: 1610.865,
  paymentBalance: 1610.864
}

2024-02-09T21:01:17.327Z 2024-02-09T21:01:17.327Z	67005805-1fa1-52ae-aa6e-06458b7cf4b5	INFO	Processing message cd497909-555c-4a93-a00f-7d127a8d5345

2024-02-09T21:01:17.335Z 2024-02-09T21:01:17.335Z	67005805-1fa1-52ae-aa6e-06458b7cf4b5	INFO	Start syncing the balance {
  transaction: {
    id: '01HP7TSB91NM02PNXGG6VZGRW9',
    type: 'DEBIT',
    source: 'MANUAL_DEDUCTION',
    action: 'DELIVERY_DEDUCTION',
    userId: 'de547403-dacf-429b-bc0e-4c96c0efc7ea',
    paymentBalance: 4920,
    updatePaymentBalance: true,
    metadata: '{"walletId":"wallet#de547403-dacf-429b-bc0e-4c96c0efc7ea","deliveryId":"ef32068b-7602-431d-8c90-dffd66ca8a8c","walletSk":"ef32068b-7602-431d-8c90-dffd66ca8a8c"}',
    currency: 'BHD',
    amount: 8,
    vat: 0,
    oldBalance: 4928,
    newBalance: 4920
  }
}

2024-02-09T21:01:17.388Z 2024-02-09T21:01:17.388Z	67005805-1fa1-52ae-aa6e-06458b7cf4b5	INFO	SubscriptionBalanceUpdated event published

2024-02-09T21:01:17.402Z 2024-02-09T21:01:17.402Z	67005805-1fa1-52ae-aa6e-06458b7cf4b5	INFO	Processing message fbd09e2b-0d3d-410c-b365-fd4afad1e5da

2024-02-09T21:01:17.408Z 2024-02-09T21:01:17.408Z	67005805-1fa1-52ae-aa6e-06458b7cf4b5	INFO	Start syncing the balance {
  transaction: {
    id: '01HP7TSAYRPR1GYKZHFMWE6GNK',
    type: 'DEBIT',
    source: 'MANUAL_DEDUCTION',
    action: 'DELIVERY_DEDUCTION',
    userId: '2bdfc13c-a581-4617-9a92-cc6f3a5df669',
    paymentBalance: 136,
    updatePaymentBalance: true,
    metadata: '{"walletId":"wallet#2bdfc13c-a581-4617-9a92-cc6f3a5df669","deliveryId":"bf1d6f4d-d748-48c1-85ac-f645f2c74258","walletSk":"bf1d6f4d-d748-48c1-85ac-f645f2c74258"}',
    currency: 'BHD',
    amount: 8,
    vat: 0,
    oldBalance: 144,
    newBalance: 136
  }
}

2024-02-09T21:01:17.455Z 2024-02-09T21:01:17.455Z	67005805-1fa1-52ae-aa6e-06458b7cf4b5	INFO	SubscriptionBalanceUpdated event published

2024-02-09T21:01:17.469Z 2024-02-09T21:01:17.469Z	67005805-1fa1-52ae-aa6e-06458b7cf4b5	INFO	Processing message 6a511ddf-ca19-409c-8417-948f7683245a

2024-02-09T21:01:17.475Z 2024-02-09T21:01:17.475Z	67005805-1fa1-52ae-aa6e-06458b7cf4b5	INFO	Start syncing the balance {
  transaction: {
    id: '01HP7TSBAJPJH1VX9E6GR2BY75',
    type: 'DEBIT',
    source: 'MANUAL_DEDUCTION',
    action: 'DELIVERY_DEDUCTION',
    userId: 'ca13c1e4-d692-41eb-b914-025333c89e8a',
    paymentBalance: 96,
    updatePaymentBalance: true,
    metadata: '{"walletId":"wallet#ca13c1e4-d692-41eb-b914-025333c89e8a","deliveryId":"f8c85a66-e920-4c8a-90df-de17e074831f","walletSk":"f8c85a66-e920-4c8a-90df-de17e074831f"}',
    currency: 'BHD',
    amount: 8,
    vat: 0,
    oldBalance: 104,
    newBalance: 96
  }
}

2024-02-09T21:01:17.522Z 2024-02-09T21:01:17.522Z	67005805-1fa1-52ae-aa6e-06458b7cf4b5	INFO	SubscriptionBalanceUpdated event published

2024-02-09T21:01:17.536Z 2024-02-09T21:01:17.536Z	67005805-1fa1-52ae-aa6e-06458b7cf4b5	INFO	Processing message e89a0f7f-3428-46e6-923e-0be490341759

2024-02-09T21:01:17.545Z 2024-02-09T21:01:17.545Z	67005805-1fa1-52ae-aa6e-06458b7cf4b5	INFO	Start syncing the balance {
  transaction: {
    id: '01HP7TSB2ESG40PY9R7F491T04',
    type: 'DEBIT',
    source: 'MANUAL_DEDUCTION',
    action: 'DELIVERY_DEDUCTION',
    userId: 'c4d5b7dc-42d2-4c13-8e18-316332146553',
    paymentBalance: 88,
    updatePaymentBalance: true,
    metadata: '{"walletId":"wallet#c4d5b7dc-42d2-4c13-8e18-316332146553","deliveryId":"cd810730-dc29-4bd9-b7f1-76edd929b02d","walletSk":"cd810730-dc29-4bd9-b7f1-76edd929b02d"}',
    currency: 'BHD',
    amount: 8,
    vat: 0,
    oldBalance: 96,
    newBalance: 88
  }
}

2024-02-09T21:01:17.595Z 2024-02-09T21:01:17.595Z	67005805-1fa1-52ae-aa6e-06458b7cf4b5	INFO	SubscriptionBalanceUpdated event published

2024-02-09T21:01:17.609Z 2024-02-09T21:01:17.609Z	67005805-1fa1-52ae-aa6e-06458b7cf4b5	INFO	Processing message 80ea5b38-bfcf-41ed-9d21-64b111d4ae26

2024-02-09T21:01:17.617Z 2024-02-09T21:01:17.617Z	67005805-1fa1-52ae-aa6e-06458b7cf4b5	INFO	Start syncing the balance {
  transaction: {
    id: '01HP7TSB6MJ7RHB1V9V3BWR689',
    type: 'DEBIT',
    source: 'MANUAL_DEDUCTION',
    action: 'DELIVERY_DEDUCTION',
    userId: '2ab848b2-c376-4ca5-af1d-9df4efc55268',
    paymentBalance: 60,
    updatePaymentBalance: true,
    metadata: '{"walletId":"wallet#2ab848b2-c376-4ca5-af1d-9df4efc55268","deliveryId":"1dc8a119-27f9-42af-872c-18ebc341a035","walletSk":"1dc8a119-27f9-42af-872c-18ebc341a035"}',
    currency: 'BHD',
    amount: 5.5,
    vat: 0,
    oldBalance: 5.5,
    newBalance: 0
  }
}

2024-02-09T21:01:17.677Z 2024-02-09T21:01:17.677Z	67005805-1fa1-52ae-aa6e-06458b7cf4b5	INFO	SubscriptionBalanceUpdated event published

2024-02-09T21:01:17.694Z 2024-02-09T21:01:17.694Z	67005805-1fa1-52ae-aa6e-06458b7cf4b5	ERROR	Subscription balance and payment balance are not in sync {
  userId: '2ab848b2-c376-4ca5-af1d-9df4efc55268',
  subscriptionBalance: 0,
  paymentBalance: 60
}

2024-02-09T21:01:17.765Z 2024-02-09T21:01:17.765Z	67005805-1fa1-52ae-aa6e-06458b7cf4b5	INFO	Processing message 1928165a-493b-467b-9389-520bf3d3b23c

2024-02-09T21:01:17.771Z 2024-02-09T21:01:17.771Z	67005805-1fa1-52ae-aa6e-06458b7cf4b5	INFO	Start syncing the balance {
  transaction: {
    id: '01HP7TSBBMSPGYXE516TCSX8D7',
    type: 'DEBIT',
    source: 'MANUAL_DEDUCTION',
    action: 'DELIVERY_DEDUCTION',
    userId: 'cac838c5-a9e1-41b1-877e-2587cbea7b20',
    paymentBalance: 13112.386,
    updatePaymentBalance: true,
    metadata: '{"walletId":"wallet#cac838c5-a9e1-41b1-877e-2587cbea7b20","deliveryId":"c14581cb-40b0-45f3-a841-01133a2c1fd2","walletSk":"c14581cb-40b0-45f3-a841-01133a2c1fd2"}',
    currency: 'BHD',
    amount: 10.818,
    vat: 0,
    oldBalance: 11353.2043,
    newBalance: 11342.386
  }
}

2024-02-09T21:01:17.815Z 2024-02-09T21:01:17.815Z	67005805-1fa1-52ae-aa6e-06458b7cf4b5	INFO	SubscriptionBalanceUpdated event published

2024-02-09T21:01:17.828Z 2024-02-09T21:01:17.828Z	67005805-1fa1-52ae-aa6e-06458b7cf4b5	ERROR	Subscription balance and payment balance are not in sync {
  userId: 'cac838c5-a9e1-41b1-877e-2587cbea7b20',
  subscriptionBalance: 11342.386,
  paymentBalance: 13112.386
}

2024-02-09T21:01:17.843Z 2024-02-09T21:01:17.843Z	67005805-1fa1-52ae-aa6e-06458b7cf4b5	INFO	Processing message a0accb9c-0e15-40b9-b112-7ef25f62a000

2024-02-09T21:01:17.849Z 2024-02-09T21:01:17.849Z	67005805-1fa1-52ae-aa6e-06458b7cf4b5	INFO	Start syncing the balance {
  transaction: {
    id: '01HP7TSBEYYES57SQBC9WX3ZV6',
    type: 'DEBIT',
    source: 'MANUAL_DEDUCTION',
    action: 'DELIVERY_DEDUCTION',
    userId: 'f7870e0e-b690-4330-80e4-558986ef721f',
    paymentBalance: 96,
    updatePaymentBalance: true,
    metadata: '{"walletId":"wallet#f7870e0e-b690-4330-80e4-558986ef721f","deliveryId":"2db11ec3-5872-4a13-9707-6b2f32f6a58e","walletSk":"2db11ec3-5872-4a13-9707-6b2f32f6a58e"}',
    currency: 'BHD',
    amount: 8,
    vat: 0,
    oldBalance: 104,
    newBalance: 96
  }
}

2024-02-09T21:01:17.893Z 2024-02-09T21:01:17.893Z	67005805-1fa1-52ae-aa6e-06458b7cf4b5	INFO	SubscriptionBalanceUpdated event published

2024-02-09T21:01:17.906Z END RequestId: 67005805-1fa1-52ae-aa6e-06458b7cf4b5

2024-02-09T21:01:17.906Z REPORT RequestId: 67005805-1fa1-52ae-aa6e-06458b7cf4b5	Duration: 866.67 ms	Billed Duration: 867 ms	Memory Size: 1024 MB	Max Memory Used: 117 MB	

2024-02-09T21:01:18.281Z START RequestId: c37a5f9b-a160-5ac6-9416-01db35be7cc4 Version: $LATEST

2024-02-09T21:01:18.313Z 2024-02-09T21:01:18.313Z	c37a5f9b-a160-5ac6-9416-01db35be7cc4	INFO	Processing message fe2f04d8-5c1d-40a0-9deb-c68a5eaade59

2024-02-09T21:01:18.321Z 2024-02-09T21:01:18.321Z	c37a5f9b-a160-5ac6-9416-01db35be7cc4	INFO	Start syncing the balance {
  transaction: {
    id: '01HP7TSD31DP9NWZDEHYA6DXR5',
    type: 'DEBIT',
    source: 'MANUAL_DEDUCTION',
    action: 'DELIVERY_DEDUCTION',
    userId: '95548cdd-9c30-4a34-8e13-6b526f0426da',
    paymentBalance: 4424.005,
    updatePaymentBalance: true,
    metadata: '{"walletId":"wallet#95548cdd-9c30-4a34-8e13-6b526f0426da","deliveryId":"e700a717-58ca-4b13-bc1f-2a5f878ee410","walletSk":"e700a717-58ca-4b13-bc1f-2a5f878ee410"}',
    currency: 'BHD',
    amount: 8,
    vat: 0,
    oldBalance: 216.467,
    newBalance: 208.467
  }
}

2024-02-09T21:01:18.370Z 2024-02-09T21:01:18.370Z	c37a5f9b-a160-5ac6-9416-01db35be7cc4	INFO	SubscriptionBalanceUpdated event published

2024-02-09T21:01:18.383Z 2024-02-09T21:01:18.383Z	c37a5f9b-a160-5ac6-9416-01db35be7cc4	ERROR	Subscription balance and payment balance are not in sync {
  userId: '95548cdd-9c30-4a34-8e13-6b526f0426da',
  subscriptionBalance: 208.467,
  paymentBalance: 4424.005
}

2024-02-09T21:01:18.398Z 2024-02-09T21:01:18.398Z	c37a5f9b-a160-5ac6-9416-01db35be7cc4	INFO	Processing message 5b11a2de-b0d5-40fe-a3fe-7c484b9ad82d

2024-02-09T21:01:18.403Z 2024-02-09T21:01:18.403Z	c37a5f9b-a160-5ac6-9416-01db35be7cc4	INFO	Start syncing the balance {
  transaction: {
    id: '01HP7TSD4HAHQFR8KE5BQ0DT16',
    type: 'DEBIT',
    source: 'MANUAL_DEDUCTION',
    action: 'DELIVERY_DEDUCTION',
    userId: 'aea9e5de-6ce6-4873-8574-f8237677fe69',
    paymentBalance: 180,
    updatePaymentBalance: true,
    metadata: '{"walletId":"wallet#aea9e5de-6ce6-4873-8574-f8237677fe69","deliveryId":"b4953583-9657-47ff-b0d7-7d153b24ef86","walletSk":"b4953583-9657-47ff-b0d7-7d153b24ef86"}',
    currency: 'BHD',
    amount: 8,
    vat: 0,
    oldBalance: 188,
    newBalance: 180
  }
}

2024-02-09T21:01:18.463Z 2024-02-09T21:01:18.463Z	c37a5f9b-a160-5ac6-9416-01db35be7cc4	INFO	SubscriptionBalanceUpdated event published

2024-02-09T21:01:18.475Z 2024-02-09T21:01:18.475Z	c37a5f9b-a160-5ac6-9416-01db35be7cc4	INFO	Processing message 27808eb4-c857-431d-b8e4-49797e50dafb

2024-02-09T21:01:18.481Z 2024-02-09T21:01:18.481Z	c37a5f9b-a160-5ac6-9416-01db35be7cc4	INFO	Start syncing the balance {
  transaction: {
    id: '01HP7TSD8XPJCVGY8CNRMVZTZD',
    type: 'DEBIT',
    source: 'MANUAL_DEDUCTION',
    action: 'DELIVERY_DEDUCTION',
    userId: 'ac4cf8f1-5858-4c35-9661-829505405c51',
    paymentBalance: 1170,
    updatePaymentBalance: true,
    metadata: '{"walletId":"wallet#ac4cf8f1-5858-4c35-9661-829505405c51","deliveryId":"0cb2cccb-fe3e-4694-8b05-c192af4479d3","walletSk":"0cb2cccb-fe3e-4694-8b05-c192af4479d3"}',
    currency: 'SAR',
    amount: 90,
    vat: 0,
    oldBalance: 1260,
    newBalance: 1170
  }
}

2024-02-09T21:01:18.545Z 2024-02-09T21:01:18.545Z	c37a5f9b-a160-5ac6-9416-01db35be7cc4	INFO	SubscriptionBalanceUpdated event published

2024-02-09T21:01:18.779Z 2024-02-09T21:01:18.779Z	c37a5f9b-a160-5ac6-9416-01db35be7cc4	INFO	Processing message cbb1fc78-cfde-4999-838e-8c65402e4aae

2024-02-09T21:01:18.785Z 2024-02-09T21:01:18.785Z	c37a5f9b-a160-5ac6-9416-01db35be7cc4	INFO	Start syncing the balance {
  transaction: {
    id: '01HP7TSD93M7X4H4ZHBHFB0PSA',
    type: 'DEBIT',
    source: 'MANUAL_DEDUCTION',
    action: 'DELIVERY_DEDUCTION',
    userId: 'abf660cd-113f-4fe2-8fff-ad9e33e54df3',
    paymentBalance: 984,
    updatePaymentBalance: true,
    metadata: '{"walletId":"wallet#abf660cd-113f-4fe2-8fff-ad9e33e54df3","deliveryId":"bff6cc6d-aab8-495a-b9ee-2a55456c4466","walletSk":"bff6cc6d-aab8-495a-b9ee-2a55456c4466"}',
    currency: 'BHD',
    amount: 4,
    vat: 0,
    oldBalance: 988,
    newBalance: 984
  }
}

2024-02-09T21:01:18.828Z 2024-02-09T21:01:18.828Z	c37a5f9b-a160-5ac6-9416-01db35be7cc4	INFO	SubscriptionBalanceUpdated event published

2024-02-09T21:01:18.840Z 2024-02-09T21:01:18.840Z	c37a5f9b-a160-5ac6-9416-01db35be7cc4	INFO	Processing message 8b248367-59e0-4d82-81a7-5819cef573ce

2024-02-09T21:01:18.846Z 2024-02-09T21:01:18.846Z	c37a5f9b-a160-5ac6-9416-01db35be7cc4	INFO	Start syncing the balance {
  transaction: {
    id: '01HP7TSDDXQXYQSNB1J629K6HV',
    type: 'DEBIT',
    source: 'MANUAL_DEDUCTION',
    action: 'DELIVERY_DEDUCTION',
    userId: 'fe34a324-49e4-4375-a0a6-30db0ad725c0',
    paymentBalance: 79,
    updatePaymentBalance: true,
    metadata: '{"walletId":"wallet#fe34a324-49e4-4375-a0a6-30db0ad725c0","deliveryId":"f0a9c305-6680-4cfc-9f13-bcadfb2d9d19","walletSk":"f0a9c305-6680-4cfc-9f13-bcadfb2d9d19"}',
    currency: 'BHD',
    amount: 9,
    vat: 0,
    oldBalance: 88,
    newBalance: 79
  }
}

2024-02-09T21:01:18.891Z 2024-02-09T21:01:18.891Z	c37a5f9b-a160-5ac6-9416-01db35be7cc4	INFO	SubscriptionBalanceUpdated event published

2024-02-09T21:01:18.904Z END RequestId: c37a5f9b-a160-5ac6-9416-01db35be7cc4

2024-02-09T21:01:18.905Z REPORT RequestId: c37a5f9b-a160-5ac6-9416-01db35be7cc4	Duration: 623.94 ms	Billed Duration: 624 ms	Memory Size: 1024 MB	Max Memory Used: 117 MB	

