2024-03-13T17:51:00.694Z START RequestId: d353bcb9-939b-598e-adce-e2d27a5a1e35 Version: $LATEST

2024-03-13T17:51:00.908Z 2024-03-13T17:51:00.908Z	d353bcb9-939b-598e-adce-e2d27a5a1e35	INFO	Processing message 9e0c946c-2d4c-4cbd-9d91-b72798866f07

2024-03-13T17:51:00.908Z 2024-03-13T17:51:00.908Z	d353bcb9-939b-598e-adce-e2d27a5a1e35	INFO	Skipping the balance sync for create subscription, it will be synced from create subscription payment listener

2024-03-13T17:51:00.910Z END RequestId: d353bcb9-939b-598e-adce-e2d27a5a1e35

2024-03-13T17:51:00.910Z REPORT RequestId: d353bcb9-939b-598e-adce-e2d27a5a1e35	Duration: 216.00 ms	Billed Duration: 217 ms	Memory Size: 1024 MB	Max Memory Used: 121 MB	

2024-03-13T17:57:47.025Z START RequestId: 766a7a8a-219a-558d-908f-24e1cac97e0f Version: $LATEST

2024-03-13T17:57:47.094Z 2024-03-13T17:57:47.094Z	766a7a8a-219a-558d-908f-24e1cac97e0f	INFO	Processing message 3fede74b-a5eb-470a-98db-4bdf6359668e

2024-03-13T17:57:47.094Z 2024-03-13T17:57:47.094Z	766a7a8a-219a-558d-908f-24e1cac97e0f	INFO	Skipping the balance sync for create subscription, it will be synced from create subscription payment listener

2024-03-13T17:57:47.096Z END RequestId: 766a7a8a-219a-558d-908f-24e1cac97e0f

2024-03-13T17:57:47.096Z REPORT RequestId: 766a7a8a-219a-558d-908f-24e1cac97e0f	Duration: 70.50 ms	Billed Duration: 71 ms	Memory Size: 1024 MB	Max Memory Used: 121 MB	

2024-03-13T17:54:21.192Z START RequestId: 84fe51dd-5ee8-5d66-8a1a-0fb6b4919ccd Version: $LATEST

2024-03-13T17:54:21.305Z 2024-03-13T17:54:21.305Z	84fe51dd-5ee8-5d66-8a1a-0fb6b4919ccd	INFO	Processing message 6001459a-fe6d-49b5-a5b7-922e84a75062

2024-03-13T17:54:21.305Z 2024-03-13T17:54:21.305Z	84fe51dd-5ee8-5d66-8a1a-0fb6b4919ccd	INFO	Skipping the balance sync for create subscription, it will be synced from create subscription payment listener

2024-03-13T17:54:21.307Z END RequestId: 84fe51dd-5ee8-5d66-8a1a-0fb6b4919ccd

2024-03-13T17:54:21.307Z REPORT RequestId: 84fe51dd-5ee8-5d66-8a1a-0fb6b4919ccd	Duration: 114.33 ms	Billed Duration: 115 ms	Memory Size: 1024 MB	Max Memory Used: 121 MB	

2024-03-13T17:47:53.468Z INIT_START Runtime Version: nodejs:20.v18	Runtime Version ARN: arn:aws:lambda:us-east-1::runtime:2250774f98acc3954111984e0b9853cb801265eb866d3bef345707fcfb7af67c

2024-03-13T17:47:54.495Z START RequestId: e8a2b92f-513f-5d33-a4d8-e744b9c8ae56 Version: $LATEST

2024-03-13T17:47:54.659Z 2024-03-13T17:47:54.659Z	e8a2b92f-513f-5d33-a4d8-e744b9c8ae56	INFO	Processing message e12bf1db-a7e9-4fc5-bf27-20a8886f0c6a

2024-03-13T17:47:54.671Z 2024-03-13T17:47:54.671Z	e8a2b92f-513f-5d33-a4d8-e744b9c8ae56	INFO	Skipping the balance sync for create subscription, it will be synced from create subscription payment listener

2024-03-13T17:47:54.674Z END RequestId: e8a2b92f-513f-5d33-a4d8-e744b9c8ae56

2024-03-13T17:47:54.674Z REPORT RequestId: e8a2b92f-513f-5d33-a4d8-e744b9c8ae56	Duration: 179.59 ms	Billed Duration: 180 ms	Memory Size: 1024 MB	Max Memory Used: 111 MB	Init Duration: 1024.17 ms	

