2024-04-14T21:01:07.314Z START RequestId: e5a8de14-c507-50a6-a4a7-8082834d549f Version: $LATEST

2024-04-14T21:01:07.472Z 2024-04-14T21:01:07.472Z	e5a8de14-c507-50a6-a4a7-8082834d549f	INFO	Processing message 5796dd5f-5434-404f-ad7a-4ef3c0f3a180

2024-04-14T21:01:07.531Z 2024-04-14T21:01:07.531Z	e5a8de14-c507-50a6-a4a7-8082834d549f	INFO	Start syncing the balance {
  transaction: {
    id: '01HVF6KQFC5A7W4E41FW9X8R1T',
    type: 'DEBIT',
    source: 'MANUAL_DEDUCTION',
    action: 'DELIVERY_DEDUCTION',
    userId: '3c69deb3-2d26-4954-865d-164c08a6c20c',
    paymentBalance: 855.091,
    updatePaymentBalance: true,
    metadata: '{"walletId":"wallet#3c69deb3-2d26-4954-865d-164c08a6c20c","deliveryId":"a60bb97c-b1c6-4e4a-a26e-99f440af01de","walletSk":"a60bb97c-b1c6-4e4a-a26e-99f440af01de"}',
    currency: 'BHD',
    amount: 8,
    vat: 0,
    oldBalance: 863.091,
    newBalance: 855.091
  }
}

2024-04-14T21:01:07.632Z 2024-04-14T21:01:07.632Z	e5a8de14-c507-50a6-a4a7-8082834d549f	INFO	SubscriptionBalanceUpdated event published

2024-04-14T21:01:07.677Z END RequestId: e5a8de14-c507-50a6-a4a7-8082834d549f

2024-04-14T21:01:07.677Z REPORT RequestId: e5a8de14-c507-50a6-a4a7-8082834d549f	Duration: 363.20 ms	Billed Duration: 364 ms	Memory Size: 1024 MB	Max Memory Used: 118 MB	Init Duration: 1047.71 ms	
XRAY TraceId: 1-661c4411-e8ce10f221d3c293441c4283	SegmentId: 66d333fd33bbf668	Sampled: true	

2024-04-14T21:01:09.009Z START RequestId: 147bb97f-6957-57d6-a713-e7e92f03e3ef Version: $LATEST

2024-04-14T21:01:09.040Z 2024-04-14T21:01:09.040Z	147bb97f-6957-57d6-a713-e7e92f03e3ef	INFO	Processing message ddf06747-e4aa-407c-a12f-b82b6ce5c36c

2024-04-14T21:01:09.048Z 2024-04-14T21:01:09.048Z	147bb97f-6957-57d6-a713-e7e92f03e3ef	INFO	Start syncing the balance {
  transaction: {
    id: '01HVF6KSNAAA8X5XT8X7FP4MWB',
    type: 'DEBIT',
    source: 'MANUAL_DEDUCTION',
    action: 'DELIVERY_DEDUCTION',
    userId: '82265432-bd90-422d-8e65-9ae156f06fd7',
    paymentBalance: 136,
    updatePaymentBalance: true,
    metadata: '{"walletId":"wallet#82265432-bd90-422d-8e65-9ae156f06fd7","deliveryId":"477b9060-d537-4140-9a62-d9008f2503a3","walletSk":"477b9060-d537-4140-9a62-d9008f2503a3"}',
    currency: 'BHD',
    amount: 8,
    vat: 0,
    oldBalance: 144,
    newBalance: 136
  }
}

2024-04-14T21:01:09.100Z 2024-04-14T21:01:09.100Z	147bb97f-6957-57d6-a713-e7e92f03e3ef	INFO	SubscriptionBalanceUpdated event published

2024-04-14T21:01:09.113Z 2024-04-14T21:01:09.113Z	147bb97f-6957-57d6-a713-e7e92f03e3ef	INFO	Processing message aa5683e1-9624-480d-a3dc-6b9591658765

2024-04-14T21:01:09.122Z 2024-04-14T21:01:09.122Z	147bb97f-6957-57d6-a713-e7e92f03e3ef	INFO	Start syncing the balance {
  transaction: {
    id: '01HVF6KSR1XBA3Q6RN7NWGV0BS',
    type: 'DEBIT',
    source: 'MANUAL_DEDUCTION',
    action: 'DELIVERY_DEDUCTION',
    userId: '6f19e21c-ef6b-4f56-9d4d-9f17262be110',
    paymentBalance: 450,
    updatePaymentBalance: true,
    metadata: '{"walletId":"wallet#6f19e21c-ef6b-4f56-9d4d-9f17262be110","deliveryId":"d27f3168-2646-4059-83fc-eb309aed72a3","walletSk":"d27f3168-2646-4059-83fc-eb309aed72a3"}',
    currency: 'BHD',
    amount: 9,
    vat: 0,
    oldBalance: 207,
    newBalance: 198
  }
}

2024-04-14T21:01:09.174Z 2024-04-14T21:01:09.174Z	147bb97f-6957-57d6-a713-e7e92f03e3ef	INFO	SubscriptionBalanceUpdated event published

2024-04-14T21:01:09.188Z 2024-04-14T21:01:09.188Z	147bb97f-6957-57d6-a713-e7e92f03e3ef	ERROR	Subscription balance and payment balance are not in sync {
  userId: '6f19e21c-ef6b-4f56-9d4d-9f17262be110',
  subscriptionBalance: 198,
  paymentBalance: 450
}

2024-04-14T21:01:09.238Z 2024-04-14T21:01:09.238Z	147bb97f-6957-57d6-a713-e7e92f03e3ef	INFO	Processing message faf9387a-78fe-46bd-abc6-33bce8225d4e

2024-04-14T21:01:09.244Z 2024-04-14T21:01:09.244Z	147bb97f-6957-57d6-a713-e7e92f03e3ef	INFO	Start syncing the balance {
  transaction: {
    id: '01HVF6KSPD6N68QHCDAD6NPXN1',
    type: 'DEBIT',
    source: 'MANUAL_DEDUCTION',
    action: 'DELIVERY_DEDUCTION',
    userId: 'f380b5b2-4e39-49d3-a51a-47b9b9445222',
    paymentBalance: 136,
    updatePaymentBalance: true,
    metadata: '{"walletId":"wallet#f380b5b2-4e39-49d3-a51a-47b9b9445222","deliveryId":"9fc4797b-b7be-4006-afcf-d62871ddc6af","walletSk":"9fc4797b-b7be-4006-afcf-d62871ddc6af"}',
    currency: 'BHD',
    amount: 8,
    vat: 0,
    oldBalance: 144,
    newBalance: 136
  }
}

2024-04-14T21:01:09.291Z 2024-04-14T21:01:09.291Z	147bb97f-6957-57d6-a713-e7e92f03e3ef	INFO	SubscriptionBalanceUpdated event published

2024-04-14T21:01:09.305Z 2024-04-14T21:01:09.305Z	147bb97f-6957-57d6-a713-e7e92f03e3ef	INFO	Processing message 0c46fdfa-6f62-490d-9d37-59c9eb64df81

2024-04-14T21:01:09.312Z 2024-04-14T21:01:09.312Z	147bb97f-6957-57d6-a713-e7e92f03e3ef	INFO	Start syncing the balance {
  transaction: {
    id: '01HVF6KSW6Z85SC32P0F0NN4JF',
    type: 'DEBIT',
    source: 'MANUAL_DEDUCTION',
    action: 'DELIVERY_DEDUCTION',
    userId: 'f3d4c61b-6917-4a7c-99c0-aaa26571e99e',
    paymentBalance: 112,
    updatePaymentBalance: true,
    metadata: '{"walletId":"wallet#f3d4c61b-6917-4a7c-99c0-aaa26571e99e","deliveryId":"0886e2dc-f1b9-4a05-a17f-548eb1033ea6","walletSk":"0886e2dc-f1b9-4a05-a17f-548eb1033ea6"}',
    currency: 'BHD',
    amount: 8,
    vat: 0,
    oldBalance: 120,
    newBalance: 112
  }
}

2024-04-14T21:01:09.355Z 2024-04-14T21:01:09.355Z	147bb97f-6957-57d6-a713-e7e92f03e3ef	INFO	SubscriptionBalanceUpdated event published

2024-04-14T21:01:09.371Z 2024-04-14T21:01:09.371Z	147bb97f-6957-57d6-a713-e7e92f03e3ef	INFO	Processing message 4d85f458-9955-4aaf-97f9-1cc38bdb892e

2024-04-14T21:01:09.376Z 2024-04-14T21:01:09.376Z	147bb97f-6957-57d6-a713-e7e92f03e3ef	INFO	Start syncing the balance {
  transaction: {
    id: '01HVF6KVH6KN4G1QGSGCDD3B86',
    type: 'DEBIT',
    source: 'MANUAL_DEDUCTION',
    action: 'DELIVERY_DEDUCTION',
    userId: '61445a84-78c0-43a8-894f-77137ba2279e',
    paymentBalance: 228,
    updatePaymentBalance: true,
    metadata: '{"walletId":"wallet#61445a84-78c0-43a8-894f-77137ba2279e","deliveryId":"26a6795a-090f-4471-b61a-1d3a87106927","walletSk":"26a6795a-090f-4471-b61a-1d3a87106927"}',
    currency: 'BHD',
    amount: 8,
    vat: 0,
    oldBalance: 236,
    newBalance: 228
  }
}

2024-04-14T21:01:09.424Z 2024-04-14T21:01:09.424Z	147bb97f-6957-57d6-a713-e7e92f03e3ef	INFO	SubscriptionBalanceUpdated event published

2024-04-14T21:01:09.436Z 2024-04-14T21:01:09.436Z	147bb97f-6957-57d6-a713-e7e92f03e3ef	INFO	Processing message 71078a8b-7452-435c-80a6-ea313108dd4a

2024-04-14T21:01:09.443Z 2024-04-14T21:01:09.443Z	147bb97f-6957-57d6-a713-e7e92f03e3ef	INFO	Start syncing the balance {
  transaction: {
    id: '01HVF6KVGSBZSNQHS81VM0JSNQ',
    type: 'DEBIT',
    source: 'MANUAL_DEDUCTION',
    action: 'DELIVERY_DEDUCTION',
    userId: '1a9b77f5-4b26-410e-a367-75ecefaff3b3',
    paymentBalance: 146.5,
    updatePaymentBalance: true,
    metadata: '{"walletId":"wallet#1a9b77f5-4b26-410e-a367-75ecefaff3b3","deliveryId":"4f813ae6-5cb8-41a4-82e8-578686fed68e","walletSk":"4f813ae6-5cb8-41a4-82e8-578686fed68e"}',
    currency: 'BHD',
    amount: 4.5,
    vat: 0,
    oldBalance: 151,
    newBalance: 146.5
  }
}

2024-04-14T21:01:09.490Z 2024-04-14T21:01:09.490Z	147bb97f-6957-57d6-a713-e7e92f03e3ef	INFO	SubscriptionBalanceUpdated event published

2024-04-14T21:01:09.506Z END RequestId: 147bb97f-6957-57d6-a713-e7e92f03e3ef

2024-04-14T21:01:09.506Z REPORT RequestId: 147bb97f-6957-57d6-a713-e7e92f03e3ef	Duration: 496.62 ms	Billed Duration: 497 ms	Memory Size: 1024 MB	Max Memory Used: 122 MB	

2024-04-14T21:01:06.265Z INIT_START Runtime Version: nodejs:20.v19	Runtime Version ARN: arn:aws:lambda:us-east-1::runtime:2d68d583b872accb8815f845161e9bbabc6ac3ed4d0ab8c23e75f8788cf5444a

