2024-02-25T21:01:05.565Z START RequestId: af7b1b17-83df-54e6-95d5-45422f0e46c3 Version: $LATEST

2024-02-25T21:01:05.599Z 2024-02-25T21:01:05.599Z	af7b1b17-83df-54e6-95d5-45422f0e46c3	INFO	Processing message 7ff92b37-5a06-44ed-88f7-c8ff5cd78d88

2024-02-25T21:01:05.619Z 2024-02-25T21:01:05.619Z	af7b1b17-83df-54e6-95d5-45422f0e46c3	INFO	Start syncing the balance {
  transaction: {
    id: '01HQH14FHVCF70AM4C5X0XYTR8',
    type: 'DEBIT',
    source: 'MANUAL_DEDUCTION',
    action: 'DELIVERY_DEDUCTION',
    userId: '1b3be8bc-3813-4dff-b42c-43efbdcfc5ae',
    paymentBalance: 199,
    updatePaymentBalance: true,
    metadata: '{"walletId":"wallet#1b3be8bc-3813-4dff-b42c-43efbdcfc5ae","deliveryId":"ac168bfd-348b-4dfa-bfde-ebf27d36001f","walletSk":"ac168bfd-348b-4dfa-bfde-ebf27d36001f"}',
    currency: 'BHD',
    amount: 4.5,
    vat: 0,
    oldBalance: 48.5,
    newBalance: 44
  }
}

2024-02-25T21:01:05.679Z 2024-02-25T21:01:05.679Z	af7b1b17-83df-54e6-95d5-45422f0e46c3	INFO	SubscriptionBalanceUpdated event published

2024-02-25T21:01:05.692Z 2024-02-25T21:01:05.692Z	af7b1b17-83df-54e6-95d5-45422f0e46c3	ERROR	Subscription balance and payment balance are not in sync {
  userId: '1b3be8bc-3813-4dff-b42c-43efbdcfc5ae',
  subscriptionBalance: 44,
  paymentBalance: 199
}

2024-02-25T21:01:05.729Z 2024-02-25T21:01:05.729Z	af7b1b17-83df-54e6-95d5-45422f0e46c3	INFO	Processing message 83ff3cd6-4f64-4a73-9461-0f2b89275db6

2024-02-25T21:01:05.735Z 2024-02-25T21:01:05.735Z	af7b1b17-83df-54e6-95d5-45422f0e46c3	INFO	Start syncing the balance {
  transaction: {
    id: '01HQH14FWQ5R77VKMSZ019J2QZ',
    type: 'DEBIT',
    source: 'MANUAL_DEDUCTION',
    action: 'DELIVERY_DEDUCTION',
    userId: 'a8d6dd11-eb1d-4d7e-887e-682dac43cd97',
    paymentBalance: 152,
    updatePaymentBalance: true,
    metadata: '{"walletId":"wallet#a8d6dd11-eb1d-4d7e-887e-682dac43cd97","deliveryId":"ea2dca30-a55f-462e-ad90-af14c560e900","walletSk":"ea2dca30-a55f-462e-ad90-af14c560e900"}',
    currency: 'BHD',
    amount: 8,
    vat: 0,
    oldBalance: 160,
    newBalance: 152
  }
}

2024-02-25T21:01:05.782Z 2024-02-25T21:01:05.782Z	af7b1b17-83df-54e6-95d5-45422f0e46c3	INFO	SubscriptionBalanceUpdated event published

2024-02-25T21:01:05.798Z 2024-02-25T21:01:05.798Z	af7b1b17-83df-54e6-95d5-45422f0e46c3	INFO	Processing message d5651f32-9d7d-4969-a0df-e162eb89d64c

2024-02-25T21:01:05.805Z 2024-02-25T21:01:05.805Z	af7b1b17-83df-54e6-95d5-45422f0e46c3	INFO	Start syncing the balance {
  transaction: {
    id: '01HQH14FH4DAH8AG1WHPK9CX1Y',
    type: 'DEBIT',
    source: 'MANUAL_DEDUCTION',
    action: 'DELIVERY_DEDUCTION',
    userId: '7cbe3797-c6a1-492c-9c31-8bd1c8c38d90',
    paymentBalance: 155.133,
    updatePaymentBalance: true,
    metadata: '{"walletId":"wallet#7cbe3797-c6a1-492c-9c31-8bd1c8c38d90","deliveryId":"028833a9-cc6b-4fc1-b18a-7f6d943b5ad2","walletSk":"028833a9-cc6b-4fc1-b18a-7f6d943b5ad2"}',
    currency: 'BHD',
    amount: 11.682,
    vat: 0,
    oldBalance: 166.815,
    newBalance: 155.133
  }
}

2024-02-25T21:01:05.867Z 2024-02-25T21:01:05.867Z	af7b1b17-83df-54e6-95d5-45422f0e46c3	INFO	SubscriptionBalanceUpdated event published

2024-02-25T21:01:05.881Z 2024-02-25T21:01:05.881Z	af7b1b17-83df-54e6-95d5-45422f0e46c3	INFO	Processing message 87a04518-08aa-4c26-8360-dd3280b568ea

2024-02-25T21:01:05.887Z 2024-02-25T21:01:05.887Z	af7b1b17-83df-54e6-95d5-45422f0e46c3	INFO	Start syncing the balance {
  transaction: {
    id: '01HQH14FW9KQX87HPTD5W49Z5C',
    type: 'DEBIT',
    source: 'MANUAL_DEDUCTION',
    action: 'DELIVERY_DEDUCTION',
    userId: '3a3032d5-0841-422e-b3a8-1fe38d0a75b7',
    paymentBalance: 3910.5,
    updatePaymentBalance: true,
    metadata: '{"walletId":"wallet#3a3032d5-0841-422e-b3a8-1fe38d0a75b7","deliveryId":"d277c68f-13d3-4c8f-8f7a-525a072a3d76","walletSk":"d277c68f-13d3-4c8f-8f7a-525a072a3d76"}',
    currency: 'SAR',
    amount: 76.5,
    vat: 0,
    oldBalance: 3987,
    newBalance: 3910.5
  }
}

2024-02-25T21:01:05.934Z 2024-02-25T21:01:05.934Z	af7b1b17-83df-54e6-95d5-45422f0e46c3	INFO	SubscriptionBalanceUpdated event published

2024-02-25T21:01:05.948Z 2024-02-25T21:01:05.948Z	af7b1b17-83df-54e6-95d5-45422f0e46c3	INFO	Processing message 62f36aee-8200-4fa6-9c0a-7156f2809e66

2024-02-25T21:01:05.954Z 2024-02-25T21:01:05.954Z	af7b1b17-83df-54e6-95d5-45422f0e46c3	INFO	Start syncing the balance {
  transaction: {
    id: '01HQH14G5C8XBDKVDJ45PEAM21',
    type: 'DEBIT',
    source: 'MANUAL_DEDUCTION',
    action: 'DELIVERY_DEDUCTION',
    userId: '131df926-1e3f-45fc-98bb-0bc1f6804674',
    paymentBalance: 0,
    updatePaymentBalance: true,
    metadata: '{"walletId":"wallet#131df926-1e3f-45fc-98bb-0bc1f6804674","deliveryId":"33f88905-0e18-42d2-96cd-f0eb9bdec347","walletSk":"33f88905-0e18-42d2-96cd-f0eb9bdec347"}',
    currency: 'BHD',
    amount: 8,
    vat: 0,
    oldBalance: 8,
    newBalance: 0
  }
}

2024-02-25T21:01:06.005Z 2024-02-25T21:01:06.005Z	af7b1b17-83df-54e6-95d5-45422f0e46c3	INFO	SubscriptionBalanceUpdated event published

2024-02-25T21:01:06.018Z 2024-02-25T21:01:06.018Z	af7b1b17-83df-54e6-95d5-45422f0e46c3	INFO	Processing message 15028f6a-4288-46d4-b431-b2b1e185b219

2024-02-25T21:01:06.023Z 2024-02-25T21:01:06.023Z	af7b1b17-83df-54e6-95d5-45422f0e46c3	INFO	Start syncing the balance {
  transaction: {
    id: '01HQH14G1E297MNEG65DNM3FX5',
    type: 'DEBIT',
    source: 'MANUAL_DEDUCTION',
    action: 'DELIVERY_DEDUCTION',
    userId: 'f7870e0e-b690-4330-80e4-558986ef721f',
    paymentBalance: 8,
    updatePaymentBalance: true,
    metadata: '{"walletId":"wallet#f7870e0e-b690-4330-80e4-558986ef721f","deliveryId":"c4cc321c-b417-449e-8724-383f7f0c9974","walletSk":"c4cc321c-b417-449e-8724-383f7f0c9974"}',
    currency: 'BHD',
    amount: 8,
    vat: 0,
    oldBalance: 16,
    newBalance: 8
  }
}

2024-02-25T21:01:06.068Z 2024-02-25T21:01:06.068Z	af7b1b17-83df-54e6-95d5-45422f0e46c3	INFO	SubscriptionBalanceUpdated event published

2024-02-25T21:01:06.078Z 2024-02-25T21:01:06.078Z	af7b1b17-83df-54e6-95d5-45422f0e46c3	INFO	Processing message 28318cba-25fc-424c-9cea-9387a1aef62e

2024-02-25T21:01:06.085Z 2024-02-25T21:01:06.085Z	af7b1b17-83df-54e6-95d5-45422f0e46c3	INFO	Start syncing the balance {
  transaction: {
    id: '01HQH14G0DVS92BFRHJP69D9RG',
    type: 'DEBIT',
    source: 'MANUAL_DEDUCTION',
    action: 'DELIVERY_DEDUCTION',
    userId: '71f65d0c-bd8c-43d4-8952-16e4897bdcb7',
    paymentBalance: 270,
    updatePaymentBalance: true,
    metadata: '{"walletId":"wallet#71f65d0c-bd8c-43d4-8952-16e4897bdcb7","deliveryId":"d6ad1759-16c3-4779-963a-62c28d9417a9","walletSk":"d6ad1759-16c3-4779-963a-62c28d9417a9"}',
    currency: 'SAR',
    amount: 90,
    vat: 0,
    oldBalance: 360,
    newBalance: 270
  }
}

2024-02-25T21:01:06.133Z 2024-02-25T21:01:06.133Z	af7b1b17-83df-54e6-95d5-45422f0e46c3	INFO	SubscriptionBalanceUpdated event published

2024-02-25T21:01:06.156Z 2024-02-25T21:01:06.156Z	af7b1b17-83df-54e6-95d5-45422f0e46c3	INFO	Processing message cd364819-20b6-4e94-9ca4-238066beef7a

2024-02-25T21:01:06.163Z 2024-02-25T21:01:06.163Z	af7b1b17-83df-54e6-95d5-45422f0e46c3	INFO	Start syncing the balance {
  transaction: {
    id: '01HQH14GB767J0MSTR0FQ3CDPS',
    type: 'DEBIT',
    source: 'MANUAL_DEDUCTION',
    action: 'DELIVERY_DEDUCTION',
    userId: 'd42b9e0e-3287-4c29-88d7-4ee6bfa9920f',
    paymentBalance: 56,
    updatePaymentBalance: true,
    metadata: '{"walletId":"wallet#d42b9e0e-3287-4c29-88d7-4ee6bfa9920f","deliveryId":"cf6ddbd7-161b-42b2-acc0-004fc16842d4","walletSk":"cf6ddbd7-161b-42b2-acc0-004fc16842d4"}',
    currency: 'BHD',
    amount: 8,
    vat: 0,
    oldBalance: 64,
    newBalance: 56
  }
}

2024-02-25T21:01:06.210Z 2024-02-25T21:01:06.210Z	af7b1b17-83df-54e6-95d5-45422f0e46c3	INFO	SubscriptionBalanceUpdated event published

2024-02-25T21:01:06.223Z 2024-02-25T21:01:06.223Z	af7b1b17-83df-54e6-95d5-45422f0e46c3	INFO	Processing message c0c921fc-5156-49fe-831d-046aa636639a

2024-02-25T21:01:06.229Z 2024-02-25T21:01:06.229Z	af7b1b17-83df-54e6-95d5-45422f0e46c3	INFO	Start syncing the balance {
  transaction: {
    id: '01HQH14GAW20QYFD0F6PYAHQ2T',
    type: 'DEBIT',
    source: 'MANUAL_DEDUCTION',
    action: 'DELIVERY_DEDUCTION',
    userId: '50fbe95b-009d-4396-ab46-cf6170a827ce',
    paymentBalance: 104,
    updatePaymentBalance: true,
    metadata: '{"walletId":"wallet#50fbe95b-009d-4396-ab46-cf6170a827ce","deliveryId":"e88b3195-5f50-4a6c-92ec-00fc94af8652","walletSk":"e88b3195-5f50-4a6c-92ec-00fc94af8652"}',
    currency: 'BHD',
    amount: 8,
    vat: 0,
    oldBalance: 112,
    newBalance: 104
  }
}

2024-02-25T21:01:06.270Z 2024-02-25T21:01:06.270Z	af7b1b17-83df-54e6-95d5-45422f0e46c3	INFO	SubscriptionBalanceUpdated event published

2024-02-25T21:01:06.282Z 2024-02-25T21:01:06.282Z	af7b1b17-83df-54e6-95d5-45422f0e46c3	INFO	Processing message 47f108ba-2d8b-4cef-b8e9-ad020848d5d9

2024-02-25T21:01:06.288Z 2024-02-25T21:01:06.288Z	af7b1b17-83df-54e6-95d5-45422f0e46c3	INFO	Start syncing the balance {
  transaction: {
    id: '01HQH14G6CXAHCAX42GPF6D3TC',
    type: 'DEBIT',
    source: 'MANUAL_DEDUCTION',
    action: 'DELIVERY_DEDUCTION',
    userId: '61cde972-78f7-47a4-8432-64c1d2440ed0',
    paymentBalance: 0,
    updatePaymentBalance: true,
    metadata: '{"walletId":"wallet#61cde972-78f7-47a4-8432-64c1d2440ed0","deliveryId":"f098cccf-d73c-49ca-812c-1a8389b9cb8b","walletSk":"f098cccf-d73c-49ca-812c-1a8389b9cb8b"}',
    currency: 'BHD',
    amount: 8,
    vat: 0,
    oldBalance: 8,
    newBalance: 0
  }
}

2024-02-25T21:01:06.334Z 2024-02-25T21:01:06.334Z	af7b1b17-83df-54e6-95d5-45422f0e46c3	INFO	SubscriptionBalanceUpdated event published

2024-02-25T21:01:06.348Z END RequestId: af7b1b17-83df-54e6-95d5-45422f0e46c3

2024-02-25T21:01:06.348Z REPORT RequestId: af7b1b17-83df-54e6-95d5-45422f0e46c3	Duration: 782.60 ms	Billed Duration: 783 ms	Memory Size: 1024 MB	Max Memory Used: 127 MB	

2024-02-25T21:01:06.527Z START RequestId: d0897d31-657f-5726-9c98-2364c9ad549b Version: $LATEST

2024-02-25T21:01:06.554Z 2024-02-25T21:01:06.554Z	d0897d31-657f-5726-9c98-2364c9ad549b	INFO	Processing message a0197391-746b-4e70-9831-3b0d5c00f29a

2024-02-25T21:01:06.559Z 2024-02-25T21:01:06.559Z	d0897d31-657f-5726-9c98-2364c9ad549b	INFO	Start syncing the balance {
  transaction: {
    id: '01HQH14JMX8SGFZQ9BMEVSPYW5',
    type: 'DEBIT',
    source: 'MANUAL_DEDUCTION',
    action: 'DELIVERY_DEDUCTION',
    userId: '57e3222a-06f6-416a-83b5-fb1e967514d0',
    paymentBalance: 4104,
    updatePaymentBalance: true,
    metadata: '{"walletId":"wallet#57e3222a-06f6-416a-83b5-fb1e967514d0","deliveryId":"5a299810-213d-4713-a13d-1ce60ebc16a2","walletSk":"5a299810-213d-4713-a13d-1ce60ebc16a2"}',
    currency: 'SAR',
    amount: 76.5,
    vat: 0,
    oldBalance: 4180.5,
    newBalance: 4104
  }
}

2024-02-25T21:01:06.660Z 2024-02-25T21:01:06.660Z	d0897d31-657f-5726-9c98-2364c9ad549b	INFO	SubscriptionBalanceUpdated event published

2024-02-25T21:01:06.680Z END RequestId: d0897d31-657f-5726-9c98-2364c9ad549b

2024-02-25T21:01:06.680Z REPORT RequestId: d0897d31-657f-5726-9c98-2364c9ad549b	Duration: 153.03 ms	Billed Duration: 154 ms	Memory Size: 1024 MB	Max Memory Used: 129 MB	

2024-02-25T21:01:06.722Z START RequestId: 11dec4f3-fd7a-5fd1-ac90-9aa651a86df4 Version: $LATEST

2024-02-25T21:01:06.756Z 2024-02-25T21:01:06.756Z	11dec4f3-fd7a-5fd1-ac90-9aa651a86df4	INFO	Processing message c28833cd-21f9-4172-a1c0-43ae26e1a5f3

2024-02-25T21:01:06.762Z 2024-02-25T21:01:06.762Z	11dec4f3-fd7a-5fd1-ac90-9aa651a86df4	INFO	Start syncing the balance {
  transaction: {
    id: '01HQH14JMM1MV473121EHAGGZQ',
    type: 'DEBIT',
    source: 'MANUAL_DEDUCTION',
    action: 'DELIVERY_DEDUCTION',
    userId: 'a491e75e-48a6-411c-8c52-065b5b0f618e',
    paymentBalance: 90,
    updatePaymentBalance: true,
    metadata: '{"walletId":"wallet#a491e75e-48a6-411c-8c52-065b5b0f618e","deliveryId":"ea6a2720-f43b-407d-880e-76ca5c980499","walletSk":"ea6a2720-f43b-407d-880e-76ca5c980499"}',
    currency: 'SAR',
    amount: 90,
    vat: 0,
    oldBalance: 180,
    newBalance: 90
  }
}

2024-02-25T21:01:06.807Z 2024-02-25T21:01:06.807Z	11dec4f3-fd7a-5fd1-ac90-9aa651a86df4	INFO	SubscriptionBalanceUpdated event published

2024-02-25T21:01:06.819Z 2024-02-25T21:01:06.819Z	11dec4f3-fd7a-5fd1-ac90-9aa651a86df4	INFO	Processing message e56e8ce7-bd80-4f2d-a41a-8b29786ff9fd

2024-02-25T21:01:06.824Z 2024-02-25T21:01:06.824Z	11dec4f3-fd7a-5fd1-ac90-9aa651a86df4	INFO	Start syncing the balance {
  transaction: {
    id: '01HQH14JCSV1PMYEDTC7RMD691',
    type: 'DEBIT',
    source: 'MANUAL_DEDUCTION',
    action: 'DELIVERY_DEDUCTION',
    userId: 'b7a68e0a-4751-4684-9a73-34b2458fb2ca',
    paymentBalance: 162,
    updatePaymentBalance: true,
    metadata: '{"walletId":"wallet#b7a68e0a-4751-4684-9a73-34b2458fb2ca","deliveryId":"9f62326f-9cc1-4808-964e-4a66d9e3f52d","walletSk":"9f62326f-9cc1-4808-964e-4a66d9e3f52d"}',
    currency: 'BHD',
    amount: 9,
    vat: 0,
    oldBalance: 171,
    newBalance: 162
  }
}

2024-02-25T21:01:06.871Z 2024-02-25T21:01:06.871Z	11dec4f3-fd7a-5fd1-ac90-9aa651a86df4	INFO	SubscriptionBalanceUpdated event published

2024-02-25T21:01:06.884Z 2024-02-25T21:01:06.884Z	11dec4f3-fd7a-5fd1-ac90-9aa651a86df4	INFO	Processing message 8fc46f89-e742-409d-98d9-ba43a61a943d

2024-02-25T21:01:06.890Z 2024-02-25T21:01:06.890Z	11dec4f3-fd7a-5fd1-ac90-9aa651a86df4	INFO	Start syncing the balance {
  transaction: {
    id: '01HQH14JW6T7F4CXB7PZ6CZDQV',
    type: 'DEBIT',
    source: 'MANUAL_DEDUCTION',
    action: 'DELIVERY_DEDUCTION',
    userId: '24d0b6ba-f039-4338-8522-177746acfd2f',
    paymentBalance: 190,
    updatePaymentBalance: true,
    metadata: '{"walletId":"wallet#24d0b6ba-f039-4338-8522-177746acfd2f","deliveryId":"e08b93cb-2888-40a8-af1e-456444ea30c6","walletSk":"e08b93cb-2888-40a8-af1e-456444ea30c6"}',
    currency: 'BHD',
    amount: 8,
    vat: 0,
    oldBalance: 198,
    newBalance: 190
  }
}

2024-02-25T21:01:06.934Z 2024-02-25T21:01:06.934Z	11dec4f3-fd7a-5fd1-ac90-9aa651a86df4	INFO	SubscriptionBalanceUpdated event published

2024-02-25T21:01:06.949Z 2024-02-25T21:01:06.949Z	11dec4f3-fd7a-5fd1-ac90-9aa651a86df4	INFO	Processing message dbd8b456-df10-4692-966f-8375465cd0f0

2024-02-25T21:01:06.957Z 2024-02-25T21:01:06.957Z	11dec4f3-fd7a-5fd1-ac90-9aa651a86df4	INFO	Start syncing the balance {
  transaction: {
    id: '01HQH14JDCF7ACYNBDCXTVBPGD',
    type: 'DEBIT',
    source: 'MANUAL_DEDUCTION',
    action: 'DELIVERY_DEDUCTION',
    userId: '078a520a-b504-4794-8e9b-910d86e4e96d',
    paymentBalance: 1847.92,
    updatePaymentBalance: true,
    metadata: '{"walletId":"wallet#078a520a-b504-4794-8e9b-910d86e4e96d","deliveryId":"2a268968-920b-45e1-ac9c-8a1403bb4a92","walletSk":"2a268968-920b-45e1-ac9c-8a1403bb4a92"}',
    currency: 'SAR',
    amount: 42,
    vat: 0,
    oldBalance: 895.37,
    newBalance: 853.37
  }
}

2024-02-25T21:01:07.012Z 2024-02-25T21:01:07.012Z	11dec4f3-fd7a-5fd1-ac90-9aa651a86df4	INFO	SubscriptionBalanceUpdated event published

2024-02-25T21:01:07.025Z 2024-02-25T21:01:07.025Z	11dec4f3-fd7a-5fd1-ac90-9aa651a86df4	ERROR	Subscription balance and payment balance are not in sync {
  userId: '078a520a-b504-4794-8e9b-910d86e4e96d',
  subscriptionBalance: 853.37,
  paymentBalance: 1847.92
}

2024-02-25T21:01:07.041Z 2024-02-25T21:01:07.041Z	11dec4f3-fd7a-5fd1-ac90-9aa651a86df4	INFO	Processing message 0df5545e-c1e0-4fd0-87c4-1f9a2e412bdd

2024-02-25T21:01:07.047Z 2024-02-25T21:01:07.047Z	11dec4f3-fd7a-5fd1-ac90-9aa651a86df4	INFO	Start syncing the balance {
  transaction: {
    id: '01HQH14JWHFW4ZT2DBD61F6XWT',
    type: 'DEBIT',
    source: 'MANUAL_DEDUCTION',
    action: 'DELIVERY_DEDUCTION',
    userId: '2f4fd556-537a-4e93-ae1d-be1ed7c51547',
    paymentBalance: 5220,
    updatePaymentBalance: true,
    metadata: '{"walletId":"wallet#2f4fd556-537a-4e93-ae1d-be1ed7c51547","deliveryId":"3a93790d-255d-40be-a175-6d801b18db07","walletSk":"3a93790d-255d-40be-a175-6d801b18db07"}',
    currency: 'QAR',
    amount: 120,
    vat: 0,
    oldBalance: 540,
    newBalance: 420
  }
}

2024-02-25T21:01:07.149Z 2024-02-25T21:01:07.149Z	11dec4f3-fd7a-5fd1-ac90-9aa651a86df4	INFO	SubscriptionBalanceUpdated event published

2024-02-25T21:01:07.161Z 2024-02-25T21:01:07.161Z	11dec4f3-fd7a-5fd1-ac90-9aa651a86df4	ERROR	Subscription balance and payment balance are not in sync {
  userId: '2f4fd556-537a-4e93-ae1d-be1ed7c51547',
  subscriptionBalance: 420,
  paymentBalance: 5220
}

2024-02-25T21:01:07.176Z 2024-02-25T21:01:07.176Z	11dec4f3-fd7a-5fd1-ac90-9aa651a86df4	INFO	Processing message 5a3e501c-c2a2-40d8-b63b-30ca07c12f33

2024-02-25T21:01:07.182Z 2024-02-25T21:01:07.182Z	11dec4f3-fd7a-5fd1-ac90-9aa651a86df4	INFO	Start syncing the balance {
  transaction: {
    id: '01HQH14JFKCF7VX6WS1VY0P80S',
    type: 'DEBIT',
    source: 'MANUAL_DEDUCTION',
    action: 'DELIVERY_DEDUCTION',
    userId: '11bb6ebf-7b34-43f3-91ee-f2469568f90a',
    paymentBalance: 56,
    updatePaymentBalance: true,
    metadata: '{"walletId":"wallet#11bb6ebf-7b34-43f3-91ee-f2469568f90a","deliveryId":"1cf69b37-f895-4129-82fb-0c3899ee8d2e","walletSk":"1cf69b37-f895-4129-82fb-0c3899ee8d2e"}',
    currency: 'BHD',
    amount: 8,
    vat: 0,
    oldBalance: 64,
    newBalance: 56
  }
}

2024-02-25T21:01:07.229Z 2024-02-25T21:01:07.229Z	11dec4f3-fd7a-5fd1-ac90-9aa651a86df4	INFO	SubscriptionBalanceUpdated event published

2024-02-25T21:01:07.396Z 2024-02-25T21:01:07.396Z	11dec4f3-fd7a-5fd1-ac90-9aa651a86df4	INFO	Processing message ea6cec0a-1288-4251-8dce-478f8a144e53

2024-02-25T21:01:07.402Z 2024-02-25T21:01:07.402Z	11dec4f3-fd7a-5fd1-ac90-9aa651a86df4	INFO	Start syncing the balance {
  transaction: {
    id: '01HQH14JS60XEZE3XYJHG2W745',
    type: 'DEBIT',
    source: 'MANUAL_DEDUCTION',
    action: 'DELIVERY_DEDUCTION',
    userId: '15efa019-54d8-4936-a2f5-43fcce126bbd',
    paymentBalance: 56,
    updatePaymentBalance: true,
    metadata: '{"walletId":"wallet#15efa019-54d8-4936-a2f5-43fcce126bbd","deliveryId":"cef6647d-3470-4170-814f-a742f2b9b67a","walletSk":"cef6647d-3470-4170-814f-a742f2b9b67a"}',
    currency: 'BHD',
    amount: 8,
    vat: 0,
    oldBalance: 64,
    newBalance: 56
  }
}

2024-02-25T21:01:07.453Z 2024-02-25T21:01:07.453Z	11dec4f3-fd7a-5fd1-ac90-9aa651a86df4	INFO	SubscriptionBalanceUpdated event published

2024-02-25T21:01:07.464Z END RequestId: 11dec4f3-fd7a-5fd1-ac90-9aa651a86df4

2024-02-25T21:01:07.464Z REPORT RequestId: 11dec4f3-fd7a-5fd1-ac90-9aa651a86df4	Duration: 742.44 ms	Billed Duration: 743 ms	Memory Size: 1024 MB	Max Memory Used: 129 MB	

2024-02-25T21:01:07.623Z START RequestId: e5c88af8-f0ab-5983-9f1d-d4ad5c78ba88 Version: $LATEST

2024-02-25T21:01:07.654Z 2024-02-25T21:01:07.654Z	e5c88af8-f0ab-5983-9f1d-d4ad5c78ba88	INFO	Processing message b53e95af-cbc0-42b2-a731-1158324adc76

2024-02-25T21:01:07.660Z 2024-02-25T21:01:07.660Z	e5c88af8-f0ab-5983-9f1d-d4ad5c78ba88	INFO	Start syncing the balance {
  transaction: {
    id: '01HQH14KK381MWB1SCZ7MEGS98',
    type: 'DEBIT',
    source: 'MANUAL_DEDUCTION',
    action: 'DELIVERY_DEDUCTION',
    userId: '6a1eab48-c690-4745-b5f1-3a51242ed793',
    paymentBalance: 1059.2,
    updatePaymentBalance: true,
    metadata: '{"walletId":"wallet#6a1eab48-c690-4745-b5f1-3a51242ed793","deliveryId":"0f7b8af3-2a68-4f26-a0af-905759e52ffe","walletSk":"0f7b8af3-2a68-4f26-a0af-905759e52ffe"}',
    currency: 'BHD',
    amount: 8,
    vat: 0,
    oldBalance: 136.2,
    newBalance: 128.2
  }
}

2024-02-25T21:01:07.707Z 2024-02-25T21:01:07.707Z	e5c88af8-f0ab-5983-9f1d-d4ad5c78ba88	INFO	SubscriptionBalanceUpdated event published

2024-02-25T21:01:07.723Z 2024-02-25T21:01:07.723Z	e5c88af8-f0ab-5983-9f1d-d4ad5c78ba88	ERROR	Subscription balance and payment balance are not in sync {
  userId: '6a1eab48-c690-4745-b5f1-3a51242ed793',
  subscriptionBalance: 128.2,
  paymentBalance: 1059.2
}

2024-02-25T21:01:07.738Z 2024-02-25T21:01:07.738Z	e5c88af8-f0ab-5983-9f1d-d4ad5c78ba88	INFO	Processing message ea5e5569-9383-4ee3-b409-b02496a7ada1

2024-02-25T21:01:07.744Z 2024-02-25T21:01:07.744Z	e5c88af8-f0ab-5983-9f1d-d4ad5c78ba88	INFO	Start syncing the balance {
  transaction: {
    id: '01HQH14KKJ30KCS9SSDMZ2Z6QA',
    type: 'DEBIT',
    source: 'MANUAL_DEDUCTION',
    action: 'DELIVERY_DEDUCTION',
    userId: '1fa3cabd-5069-4aaf-bb35-54729cf5e263',
    paymentBalance: 1170,
    updatePaymentBalance: true,
    metadata: '{"walletId":"wallet#1fa3cabd-5069-4aaf-bb35-54729cf5e263","deliveryId":"06b736c4-06b1-47df-946c-d782ebdda3fd","walletSk":"06b736c4-06b1-47df-946c-d782ebdda3fd"}',
    currency: 'SAR',
    amount: 90,
    vat: 0,
    oldBalance: 1260,
    newBalance: 1170
  }
}

2024-02-25T21:01:07.813Z 2024-02-25T21:01:07.813Z	e5c88af8-f0ab-5983-9f1d-d4ad5c78ba88	INFO	SubscriptionBalanceUpdated event published

2024-02-25T21:01:07.828Z 2024-02-25T21:01:07.828Z	e5c88af8-f0ab-5983-9f1d-d4ad5c78ba88	INFO	Processing message f31952ab-e515-4782-b37e-3b92cc06b710

2024-02-25T21:01:07.834Z 2024-02-25T21:01:07.834Z	e5c88af8-f0ab-5983-9f1d-d4ad5c78ba88	INFO	Start syncing the balance {
  transaction: {
    id: '01HQH14KNMJY7PPMM7H6JT5G1K',
    type: 'DEBIT',
    source: 'MANUAL_DEDUCTION',
    action: 'DELIVERY_DEDUCTION',
    userId: '40c1fa6e-af29-4411-b419-aed2a9f4858b',
    paymentBalance: 56,
    updatePaymentBalance: true,
    metadata: '{"walletId":"wallet#40c1fa6e-af29-4411-b419-aed2a9f4858b","deliveryId":"314a5700-5c88-494c-971b-62b082522f16","walletSk":"314a5700-5c88-494c-971b-62b082522f16"}',
    currency: 'BHD',
    amount: 8,
    vat: 0,
    oldBalance: 64,
    newBalance: 56
  }
}

2024-02-25T21:01:07.879Z 2024-02-25T21:01:07.879Z	e5c88af8-f0ab-5983-9f1d-d4ad5c78ba88	INFO	SubscriptionBalanceUpdated event published

2024-02-25T21:01:07.891Z 2024-02-25T21:01:07.891Z	e5c88af8-f0ab-5983-9f1d-d4ad5c78ba88	INFO	Processing message bf359ac9-4112-4a80-930e-b576028dd6ce

2024-02-25T21:01:07.897Z 2024-02-25T21:01:07.897Z	e5c88af8-f0ab-5983-9f1d-d4ad5c78ba88	INFO	Start syncing the balance {
  transaction: {
    id: '01HQH14KP0BERA3E2YR7Q4WWKF',
    type: 'DEBIT',
    source: 'MANUAL_DEDUCTION',
    action: 'DELIVERY_DEDUCTION',
    userId: '7ea81f9e-1a24-4664-bd94-4d88dc6fd07d',
    paymentBalance: 17.5,
    updatePaymentBalance: true,
    metadata: '{"walletId":"wallet#7ea81f9e-1a24-4664-bd94-4d88dc6fd07d","deliveryId":"ea8e78a6-8023-4181-af14-4eeae33c2111","walletSk":"ea8e78a6-8023-4181-af14-4eeae33c2111"}',
    currency: 'BHD',
    amount: 8,
    vat: 0,
    oldBalance: 25.5,
    newBalance: 17.5
  }
}

2024-02-25T21:01:07.952Z 2024-02-25T21:01:07.952Z	e5c88af8-f0ab-5983-9f1d-d4ad5c78ba88	INFO	SubscriptionBalanceUpdated event published

2024-02-25T21:01:07.963Z END RequestId: e5c88af8-f0ab-5983-9f1d-d4ad5c78ba88

2024-02-25T21:01:07.963Z REPORT RequestId: e5c88af8-f0ab-5983-9f1d-d4ad5c78ba88	Duration: 340.17 ms	Billed Duration: 341 ms	Memory Size: 1024 MB	Max Memory Used: 130 MB	

2024-02-25T21:01:11.859Z START RequestId: 166b4a64-38b7-5996-b0aa-143194615a2b Version: $LATEST

2024-02-25T21:01:11.886Z 2024-02-25T21:01:11.886Z	166b4a64-38b7-5996-b0aa-143194615a2b	INFO	Processing message 332e6e88-ad42-4a6a-9b0b-33de7108e59d

2024-02-25T21:01:11.892Z 2024-02-25T21:01:11.892Z	166b4a64-38b7-5996-b0aa-143194615a2b	INFO	Start syncing the balance {
  transaction: {
    id: '01HQH14R1TSJTVKDBTVAPE3QDH',
    type: 'DEBIT',
    source: 'MANUAL_DEDUCTION',
    action: 'DELIVERY_DEDUCTION',
    userId: 'daa2bf74-cf31-4552-9e85-acb48a7c3f90',
    paymentBalance: 426.091,
    updatePaymentBalance: true,
    metadata: '{"walletId":"wallet#daa2bf74-cf31-4552-9e85-acb48a7c3f90","deliveryId":"50d53c6c-ee13-4ad2-a3ad-6a872a6448a3","walletSk":"50d53c6c-ee13-4ad2-a3ad-6a872a6448a3"}',
    currency: 'BHD',
    amount: 9,
    vat: 0,
    oldBalance: 27.091,
    newBalance: 18.091
  }
}

2024-02-25T21:01:11.938Z 2024-02-25T21:01:11.938Z	166b4a64-38b7-5996-b0aa-143194615a2b	INFO	SubscriptionBalanceUpdated event published

2024-02-25T21:01:11.952Z 2024-02-25T21:01:11.952Z	166b4a64-38b7-5996-b0aa-143194615a2b	ERROR	Subscription balance and payment balance are not in sync {
  userId: 'daa2bf74-cf31-4552-9e85-acb48a7c3f90',
  subscriptionBalance: 18.091,
  paymentBalance: 426.091
}

2024-02-25T21:01:11.968Z END RequestId: 166b4a64-38b7-5996-b0aa-143194615a2b

2024-02-25T21:01:11.968Z REPORT RequestId: 166b4a64-38b7-5996-b0aa-143194615a2b	Duration: 109.64 ms	Billed Duration: 110 ms	Memory Size: 1024 MB	Max Memory Used: 131 MB	

2024-02-25T21:01:12.028Z START RequestId: 836fa2b2-9822-502d-a285-fce734f55208 Version: $LATEST

2024-02-25T21:01:12.048Z 2024-02-25T21:01:12.048Z	836fa2b2-9822-502d-a285-fce734f55208	INFO	Processing message 88263220-0732-44dc-97ca-e313ba1180d7

2024-02-25T21:01:12.054Z 2024-02-25T21:01:12.054Z	836fa2b2-9822-502d-a285-fce734f55208	INFO	Start syncing the balance {
  transaction: {
    id: '01HQH14R25KAK1XS93FMF3YV5C',
    type: 'DEBIT',
    source: 'MANUAL_DEDUCTION',
    action: 'DELIVERY_DEDUCTION',
    userId: 'fb387231-a328-4c4d-8d82-dda7943af9e7',
    paymentBalance: 35679,
    updatePaymentBalance: true,
    metadata: '{"walletId":"wallet#fb387231-a328-4c4d-8d82-dda7943af9e7","deliveryId":"1fb65591-487f-46c7-9b7e-5caa1366c851","walletSk":"1fb65591-487f-46c7-9b7e-5caa1366c851"}',
    currency: 'SAR',
    amount: 115,
    vat: 0,
    oldBalance: 35894,
    newBalance: 35779
  }
}

2024-02-25T21:01:12.096Z 2024-02-25T21:01:12.096Z	836fa2b2-9822-502d-a285-fce734f55208	INFO	SubscriptionBalanceUpdated event published

2024-02-25T21:01:12.110Z 2024-02-25T21:01:12.110Z	836fa2b2-9822-502d-a285-fce734f55208	ERROR	Subscription balance and payment balance are not in sync {
  userId: 'fb387231-a328-4c4d-8d82-dda7943af9e7',
  subscriptionBalance: 35779,
  paymentBalance: 35679
}

2024-02-25T21:01:12.127Z END RequestId: 836fa2b2-9822-502d-a285-fce734f55208

2024-02-25T21:01:12.127Z REPORT RequestId: 836fa2b2-9822-502d-a285-fce734f55208	Duration: 98.72 ms	Billed Duration: 99 ms	Memory Size: 1024 MB	Max Memory Used: 133 MB	

2024-02-25T21:01:12.269Z START RequestId: 919ebddc-49d7-5fce-8f45-e389e50fcc73 Version: $LATEST

2024-02-25T21:01:12.296Z 2024-02-25T21:01:12.296Z	919ebddc-49d7-5fce-8f45-e389e50fcc73	INFO	Processing message f14786d8-da7a-4602-9d37-9940b0c87eaa

2024-02-25T21:01:12.301Z 2024-02-25T21:01:12.301Z	919ebddc-49d7-5fce-8f45-e389e50fcc73	INFO	Start syncing the balance {
  transaction: {
    id: '01HQH14R4P94WWH2ZH9MT4VAGS',
    type: 'DEBIT',
    source: 'MANUAL_DEDUCTION',
    action: 'DELIVERY_DEDUCTION',
    userId: '2b07bc91-66bc-497f-8e10-c073264b7329',
    paymentBalance: 4752,
    updatePaymentBalance: true,
    metadata: '{"walletId":"wallet#2b07bc91-66bc-497f-8e10-c073264b7329","deliveryId":"53f8e797-be9a-4cfb-8cb3-960b491133ec","walletSk":"53f8e797-be9a-4cfb-8cb3-960b491133ec"}',
    currency: 'SAR',
    amount: 76.5,
    vat: 0,
    oldBalance: 4828.5,
    newBalance: 4752
  }
}

2024-02-25T21:01:12.346Z 2024-02-25T21:01:12.346Z	919ebddc-49d7-5fce-8f45-e389e50fcc73	INFO	SubscriptionBalanceUpdated event published

2024-02-25T21:01:12.371Z END RequestId: 919ebddc-49d7-5fce-8f45-e389e50fcc73

2024-02-25T21:01:12.371Z REPORT RequestId: 919ebddc-49d7-5fce-8f45-e389e50fcc73	Duration: 101.31 ms	Billed Duration: 102 ms	Memory Size: 1024 MB	Max Memory Used: 134 MB	

2024-02-25T21:01:12.463Z START RequestId: 1005ca53-e21c-5f01-a24d-94064ec48d24 Version: $LATEST

2024-02-25T21:01:12.494Z 2024-02-25T21:01:12.494Z	1005ca53-e21c-5f01-a24d-94064ec48d24	INFO	Processing message bdcf74fe-396d-4eed-ba14-ec5561530a85

2024-02-25T21:01:12.500Z 2024-02-25T21:01:12.500Z	1005ca53-e21c-5f01-a24d-94064ec48d24	INFO	Start syncing the balance {
  transaction: {
    id: '01HQH14RGY9K31YT7WN30C9M1T',
    type: 'DEBIT',
    source: 'MANUAL_DEDUCTION',
    action: 'DELIVERY_DEDUCTION',
    userId: '26558ed9-8e30-4020-8875-54a87e2265fa',
    paymentBalance: 162,
    updatePaymentBalance: true,
    metadata: '{"walletId":"wallet#26558ed9-8e30-4020-8875-54a87e2265fa","deliveryId":"19fab2c4-54fb-434b-8bc5-f85ac74fe511","walletSk":"19fab2c4-54fb-434b-8bc5-f85ac74fe511"}',
    currency: 'BHD',
    amount: 9,
    vat: 0,
    oldBalance: 171,
    newBalance: 162
  }
}

2024-02-25T21:01:12.544Z 2024-02-25T21:01:12.544Z	1005ca53-e21c-5f01-a24d-94064ec48d24	INFO	SubscriptionBalanceUpdated event published

2024-02-25T21:01:12.559Z END RequestId: 1005ca53-e21c-5f01-a24d-94064ec48d24

2024-02-25T21:01:12.559Z REPORT RequestId: 1005ca53-e21c-5f01-a24d-94064ec48d24	Duration: 96.01 ms	Billed Duration: 97 ms	Memory Size: 1024 MB	Max Memory Used: 134 MB	

2024-02-25T21:01:12.579Z START RequestId: 9259f442-6b71-5521-97c0-aa17c7a9d69c Version: $LATEST

2024-02-25T21:01:12.608Z 2024-02-25T21:01:12.608Z	9259f442-6b71-5521-97c0-aa17c7a9d69c	INFO	Processing message 42e06a68-7ae1-4553-99f0-a067cddc6528

2024-02-25T21:01:12.614Z 2024-02-25T21:01:12.614Z	9259f442-6b71-5521-97c0-aa17c7a9d69c	INFO	Start syncing the balance {
  transaction: {
    id: '01HQH14RHNVKVQNJ8ER3TN550G',
    type: 'DEBIT',
    source: 'MANUAL_DEDUCTION',
    action: 'DELIVERY_DEDUCTION',
    userId: '8b293101-dfef-43ed-9095-ac05a1507d34',
    paymentBalance: 74.5,
    updatePaymentBalance: true,
    metadata: '{"walletId":"wallet#8b293101-dfef-43ed-9095-ac05a1507d34","deliveryId":"ee0f13c9-9f06-4c6c-b9a7-3ce65748b75c","walletSk":"ee0f13c9-9f06-4c6c-b9a7-3ce65748b75c"}',
    currency: 'BHD',
    amount: 9,
    vat: 0,
    oldBalance: 83.5,
    newBalance: 74.5
  }
}

2024-02-25T21:01:12.660Z 2024-02-25T21:01:12.660Z	9259f442-6b71-5521-97c0-aa17c7a9d69c	INFO	SubscriptionBalanceUpdated event published

2024-02-25T21:01:12.674Z 2024-02-25T21:01:12.674Z	9259f442-6b71-5521-97c0-aa17c7a9d69c	INFO	Processing message 455ca486-6272-40bf-b834-7b1bbc2f081e

2024-02-25T21:01:12.681Z 2024-02-25T21:01:12.681Z	9259f442-6b71-5521-97c0-aa17c7a9d69c	INFO	Start syncing the balance {
  transaction: {
    id: '01HQH14RNSBP9CFXP0W4RQH1B8',
    type: 'DEBIT',
    source: 'MANUAL_DEDUCTION',
    action: 'DELIVERY_DEDUCTION',
    userId: '2af65ba7-48fc-4433-be65-5dca7e3094a8',
    paymentBalance: 506.979,
    updatePaymentBalance: true,
    metadata: '{"walletId":"wallet#2af65ba7-48fc-4433-be65-5dca7e3094a8","deliveryId":"5cec0fd4-8b39-458b-b661-b4fad343bc84","walletSk":"5cec0fd4-8b39-458b-b661-b4fad343bc84"}',
    currency: 'BHD',
    amount: 10,
    vat: 0,
    oldBalance: 387.363,
    newBalance: 377.363
  }
}

2024-02-25T21:01:12.723Z 2024-02-25T21:01:12.723Z	9259f442-6b71-5521-97c0-aa17c7a9d69c	INFO	SubscriptionBalanceUpdated event published

2024-02-25T21:01:12.737Z 2024-02-25T21:01:12.737Z	9259f442-6b71-5521-97c0-aa17c7a9d69c	ERROR	Subscription balance and payment balance are not in sync {
  userId: '2af65ba7-48fc-4433-be65-5dca7e3094a8',
  subscriptionBalance: 377.363,
  paymentBalance: 506.979
}

2024-02-25T21:01:12.752Z 2024-02-25T21:01:12.752Z	9259f442-6b71-5521-97c0-aa17c7a9d69c	INFO	Processing message faf1d35b-fdda-49ff-9057-cde9cf281b20

2024-02-25T21:01:12.760Z 2024-02-25T21:01:12.760Z	9259f442-6b71-5521-97c0-aa17c7a9d69c	INFO	Start syncing the balance {
  transaction: {
    id: '01HQH14RPWJV80A1CG7B3ASEGB',
    type: 'DEBIT',
    source: 'MANUAL_DEDUCTION',
    action: 'DELIVERY_DEDUCTION',
    userId: 'ddbc5455-86aa-4bdc-b4ae-ea5181bc0e4c',
    paymentBalance: 4752,
    updatePaymentBalance: true,
    metadata: '{"walletId":"wallet#ddbc5455-86aa-4bdc-b4ae-ea5181bc0e4c","deliveryId":"2d861adb-178a-468d-8b44-47047db57724","walletSk":"2d861adb-178a-468d-8b44-47047db57724"}',
    currency: 'SAR',
    amount: 76.5,
    vat: 0,
    oldBalance: 4828.5,
    newBalance: 4752
  }
}

2024-02-25T21:01:12.804Z 2024-02-25T21:01:12.804Z	9259f442-6b71-5521-97c0-aa17c7a9d69c	INFO	SubscriptionBalanceUpdated event published

2024-02-25T21:01:12.818Z 2024-02-25T21:01:12.818Z	9259f442-6b71-5521-97c0-aa17c7a9d69c	INFO	Processing message 82c13f0b-bc61-4d70-87c7-71a3db2a8e6f

2024-02-25T21:01:12.839Z 2024-02-25T21:01:12.839Z	9259f442-6b71-5521-97c0-aa17c7a9d69c	INFO	Start syncing the balance {
  transaction: {
    id: '01HQH14RMGXVY6N5GESYMY9YVA',
    type: 'DEBIT',
    source: 'MANUAL_DEDUCTION',
    action: 'DELIVERY_DEDUCTION',
    userId: 'ac4cf8f1-5858-4c35-9661-829505405c51',
    paymentBalance: 180,
    updatePaymentBalance: true,
    metadata: '{"walletId":"wallet#ac4cf8f1-5858-4c35-9661-829505405c51","deliveryId":"d255f3ff-0307-4a08-b1b8-1a925b588d89","walletSk":"d255f3ff-0307-4a08-b1b8-1a925b588d89"}',
    currency: 'SAR',
    amount: 90,
    vat: 0,
    oldBalance: 270,
    newBalance: 180
  }
}

2024-02-25T21:01:12.893Z 2024-02-25T21:01:12.893Z	9259f442-6b71-5521-97c0-aa17c7a9d69c	INFO	SubscriptionBalanceUpdated event published

2024-02-25T21:01:12.907Z END RequestId: 9259f442-6b71-5521-97c0-aa17c7a9d69c

2024-02-25T21:01:12.907Z REPORT RequestId: 9259f442-6b71-5521-97c0-aa17c7a9d69c	Duration: 327.94 ms	Billed Duration: 328 ms	Memory Size: 1024 MB	Max Memory Used: 141 MB	

2024-02-25T21:01:13.006Z START RequestId: 26e9a278-f435-5fce-a8ac-fc2d58ed8deb Version: $LATEST

2024-02-25T21:01:13.035Z 2024-02-25T21:01:13.035Z	26e9a278-f435-5fce-a8ac-fc2d58ed8deb	INFO	Processing message a76f18d5-1eee-4763-903c-b864995dae21

2024-02-25T21:01:13.042Z 2024-02-25T21:01:13.042Z	26e9a278-f435-5fce-a8ac-fc2d58ed8deb	INFO	Start syncing the balance {
  transaction: {
    id: '01HQH14S80CABGWAN2C0NQV8H2',
    type: 'DEBIT',
    source: 'MANUAL_DEDUCTION',
    action: 'DELIVERY_DEDUCTION',
    userId: '2c1fafd7-42d4-48ac-a761-4b5493eec785',
    paymentBalance: 889.5,
    updatePaymentBalance: true,
    metadata: '{"walletId":"wallet#2c1fafd7-42d4-48ac-a761-4b5493eec785","deliveryId":"445ec576-ad6c-4f18-ba5b-8767e976fd67","walletSk":"445ec576-ad6c-4f18-ba5b-8767e976fd67"}',
    currency: 'BHD',
    amount: 11,
    vat: 0,
    oldBalance: 600.5,
    newBalance: 589.5
  }
}

2024-02-25T21:01:13.085Z 2024-02-25T21:01:13.085Z	26e9a278-f435-5fce-a8ac-fc2d58ed8deb	INFO	SubscriptionBalanceUpdated event published

2024-02-25T21:01:13.099Z 2024-02-25T21:01:13.099Z	26e9a278-f435-5fce-a8ac-fc2d58ed8deb	ERROR	Subscription balance and payment balance are not in sync {
  userId: '2c1fafd7-42d4-48ac-a761-4b5493eec785',
  subscriptionBalance: 589.5,
  paymentBalance: 889.5
}

2024-02-25T21:01:13.115Z END RequestId: 26e9a278-f435-5fce-a8ac-fc2d58ed8deb

2024-02-25T21:01:13.115Z REPORT RequestId: 26e9a278-f435-5fce-a8ac-fc2d58ed8deb	Duration: 109.37 ms	Billed Duration: 110 ms	Memory Size: 1024 MB	Max Memory Used: 141 MB	

2024-02-25T21:01:13.267Z START RequestId: 699437f8-6e64-58cf-aa6a-69adc2bdbaea Version: $LATEST

2024-02-25T21:01:13.293Z 2024-02-25T21:01:13.293Z	699437f8-6e64-58cf-aa6a-69adc2bdbaea	INFO	Processing message c782eb19-e764-4707-8521-036a6c67dd6b

2024-02-25T21:01:13.298Z 2024-02-25T21:01:13.298Z	699437f8-6e64-58cf-aa6a-69adc2bdbaea	INFO	Start syncing the balance {
  transaction: {
    id: '01HQH14SGHZ3965SJ8Z6RQV8A7',
    type: 'DEBIT',
    source: 'MANUAL_DEDUCTION',
    action: 'DELIVERY_DEDUCTION',
    userId: 'e3805e85-f860-44d4-8064-994d8da5f9fb',
    paymentBalance: 960,
    updatePaymentBalance: true,
    metadata: '{"walletId":"wallet#e3805e85-f860-44d4-8064-994d8da5f9fb","deliveryId":"e05c48c6-b303-4aa4-90bd-545a7806ba36","walletSk":"e05c48c6-b303-4aa4-90bd-545a7806ba36"}',
    currency: 'AED',
    amount: 60,
    vat: 0,
    oldBalance: 1020,
    newBalance: 960
  }
}

2024-02-25T21:01:13.346Z 2024-02-25T21:01:13.346Z	699437f8-6e64-58cf-aa6a-69adc2bdbaea	INFO	SubscriptionBalanceUpdated event published

2024-02-25T21:01:13.360Z END RequestId: 699437f8-6e64-58cf-aa6a-69adc2bdbaea

2024-02-25T21:01:13.360Z REPORT RequestId: 699437f8-6e64-58cf-aa6a-69adc2bdbaea	Duration: 93.03 ms	Billed Duration: 94 ms	Memory Size: 1024 MB	Max Memory Used: 141 MB	

2024-02-25T21:01:13.413Z START RequestId: 76b3efe8-ab1f-5449-9893-b1bd07c6a66c Version: $LATEST

2024-02-25T21:01:13.443Z 2024-02-25T21:01:13.443Z	76b3efe8-ab1f-5449-9893-b1bd07c6a66c	INFO	Processing message 076e6d55-e4b7-43de-bd33-e3e01cba3754

2024-02-25T21:01:13.448Z 2024-02-25T21:01:13.448Z	76b3efe8-ab1f-5449-9893-b1bd07c6a66c	INFO	Start syncing the balance {
  transaction: {
    id: '01HQH14SGFMYE9KXTFW1AR4XGP',
    type: 'DEBIT',
    source: 'MANUAL_DEDUCTION',
    action: 'DELIVERY_DEDUCTION',
    userId: '37648072-e72e-40d2-b8a8-6ead8a86b85b',
    paymentBalance: 8,
    updatePaymentBalance: true,
    metadata: '{"walletId":"wallet#37648072-e72e-40d2-b8a8-6ead8a86b85b","deliveryId":"bbcde6b3-ae77-4fc8-bad2-a55099da48fc","walletSk":"bbcde6b3-ae77-4fc8-bad2-a55099da48fc"}',
    currency: 'BHD',
    amount: 8,
    vat: 0,
    oldBalance: 16,
    newBalance: 8
  }
}

2024-02-25T21:01:13.490Z 2024-02-25T21:01:13.490Z	76b3efe8-ab1f-5449-9893-b1bd07c6a66c	INFO	SubscriptionBalanceUpdated event published

2024-02-25T21:01:13.506Z END RequestId: 76b3efe8-ab1f-5449-9893-b1bd07c6a66c

2024-02-25T21:01:13.506Z REPORT RequestId: 76b3efe8-ab1f-5449-9893-b1bd07c6a66c	Duration: 93.45 ms	Billed Duration: 94 ms	Memory Size: 1024 MB	Max Memory Used: 141 MB	

2024-02-25T21:01:13.511Z START RequestId: 42b53288-0594-5d56-b933-6cdda94dbeeb Version: $LATEST

2024-02-25T21:01:13.537Z 2024-02-25T21:01:13.537Z	42b53288-0594-5d56-b933-6cdda94dbeeb	INFO	Processing message beaf2a5d-a25d-4666-a0fc-fdaeda9cece5

2024-02-25T21:01:13.545Z 2024-02-25T21:01:13.545Z	42b53288-0594-5d56-b933-6cdda94dbeeb	INFO	Start syncing the balance {
  transaction: {
    id: '01HQH14SNY9ANGTBDJ4VQ73TJ4',
    type: 'DEBIT',
    source: 'MANUAL_DEDUCTION',
    action: 'DELIVERY_DEDUCTION',
    userId: 'af977e84-5e95-4b91-b479-453c31e2d579',
    paymentBalance: 56,
    updatePaymentBalance: true,
    metadata: '{"walletId":"wallet#af977e84-5e95-4b91-b479-453c31e2d579","deliveryId":"e688236e-e009-4b86-839d-bb96650497e0","walletSk":"e688236e-e009-4b86-839d-bb96650497e0"}',
    currency: 'BHD',
    amount: 8,
    vat: 0,
    oldBalance: 64,
    newBalance: 56
  }
}

2024-02-25T21:01:13.589Z 2024-02-25T21:01:13.589Z	42b53288-0594-5d56-b933-6cdda94dbeeb	INFO	SubscriptionBalanceUpdated event published

2024-02-25T21:01:13.604Z END RequestId: 42b53288-0594-5d56-b933-6cdda94dbeeb

2024-02-25T21:01:13.604Z REPORT RequestId: 42b53288-0594-5d56-b933-6cdda94dbeeb	Duration: 92.75 ms	Billed Duration: 93 ms	Memory Size: 1024 MB	Max Memory Used: 142 MB	

2024-02-25T21:01:13.767Z START RequestId: 3a25a434-dd54-5c00-bb70-fa61718d3e25 Version: $LATEST

2024-02-25T21:01:13.796Z 2024-02-25T21:01:13.796Z	3a25a434-dd54-5c00-bb70-fa61718d3e25	INFO	Processing message cf4f7102-431f-4e68-ad21-20e54304e6fd

2024-02-25T21:01:13.801Z 2024-02-25T21:01:13.801Z	3a25a434-dd54-5c00-bb70-fa61718d3e25	INFO	Start syncing the balance {
  transaction: {
    id: '01HQH14SJV5Y537KC08D06A0JH',
    type: 'DEBIT',
    source: 'MANUAL_DEDUCTION',
    action: 'DELIVERY_DEDUCTION',
    userId: 'a2fca693-0874-4083-b84e-1d123f19eb07',
    paymentBalance: 96.5,
    updatePaymentBalance: true,
    metadata: '{"walletId":"wallet#a2fca693-0874-4083-b84e-1d123f19eb07","deliveryId":"38c0e8f8-287d-4afd-b4b4-6f978c3cc7be","walletSk":"38c0e8f8-287d-4afd-b4b4-6f978c3cc7be"}',
    currency: 'BHD',
    amount: 9,
    vat: 0,
    oldBalance: 105.5,
    newBalance: 96.5
  }
}

2024-02-25T21:01:13.852Z 2024-02-25T21:01:13.852Z	3a25a434-dd54-5c00-bb70-fa61718d3e25	INFO	SubscriptionBalanceUpdated event published

2024-02-25T21:01:13.866Z END RequestId: 3a25a434-dd54-5c00-bb70-fa61718d3e25

2024-02-25T21:01:13.866Z REPORT RequestId: 3a25a434-dd54-5c00-bb70-fa61718d3e25	Duration: 99.30 ms	Billed Duration: 100 ms	Memory Size: 1024 MB	Max Memory Used: 142 MB	

2024-02-25T21:01:13.921Z START RequestId: b8af59a0-8afd-5908-a612-07f526247b2d Version: $LATEST

2024-02-25T21:01:13.955Z 2024-02-25T21:01:13.955Z	b8af59a0-8afd-5908-a612-07f526247b2d	INFO	Processing message dcc40539-4a12-4be0-a8ed-6e1c24d1f13b

2024-02-25T21:01:13.960Z 2024-02-25T21:01:13.960Z	b8af59a0-8afd-5908-a612-07f526247b2d	INFO	Start syncing the balance {
  transaction: {
    id: '01HQH14SKH6ARJCWGSJN7XFC5K',
    type: 'DEBIT',
    source: 'MANUAL_DEDUCTION',
    action: 'DELIVERY_DEDUCTION',
    userId: '09ab0c9d-acb3-41ef-b844-c50508c878e4',
    paymentBalance: 5990.6,
    updatePaymentBalance: true,
    metadata: '{"walletId":"wallet#09ab0c9d-acb3-41ef-b844-c50508c878e4","deliveryId":"ca84f976-170d-44b5-ba01-32b84bc38195","walletSk":"ca84f976-170d-44b5-ba01-32b84bc38195"}',
    currency: 'SAR',
    amount: 60.9,
    vat: 0,
    oldBalance: 6051.5,
    newBalance: 5990.6
  }
}

2024-02-25T21:01:14.009Z 2024-02-25T21:01:14.009Z	b8af59a0-8afd-5908-a612-07f526247b2d	INFO	SubscriptionBalanceUpdated event published

2024-02-25T21:01:14.020Z 2024-02-25T21:01:14.020Z	b8af59a0-8afd-5908-a612-07f526247b2d	INFO	Processing message 493d1253-bfe7-4a48-b787-ad378ca13303

2024-02-25T21:01:14.025Z 2024-02-25T21:01:14.025Z	b8af59a0-8afd-5908-a612-07f526247b2d	INFO	Start syncing the balance {
  transaction: {
    id: '01HQH14SSCKQTEA5VN64ZK1HHK',
    type: 'DEBIT',
    source: 'MANUAL_DEDUCTION',
    action: 'DELIVERY_DEDUCTION',
    userId: '91886874-40ec-4324-87ea-10bcee9904f5',
    paymentBalance: 83.55,
    updatePaymentBalance: true,
    metadata: '{"walletId":"wallet#91886874-40ec-4324-87ea-10bcee9904f5","deliveryId":"5ca49d92-8422-4c17-9567-310ef26a8fae","walletSk":"5ca49d92-8422-4c17-9567-310ef26a8fae"}',
    currency: 'BHD',
    amount: 3.3,
    vat: 0,
    oldBalance: 86.85,
    newBalance: 83.55
  }
}

2024-02-25T21:01:14.069Z 2024-02-25T21:01:14.069Z	b8af59a0-8afd-5908-a612-07f526247b2d	INFO	SubscriptionBalanceUpdated event published

2024-02-25T21:01:14.083Z 2024-02-25T21:01:14.083Z	b8af59a0-8afd-5908-a612-07f526247b2d	INFO	Processing message 2381ed6b-cec7-4a2b-96e0-a38e29152809

2024-02-25T21:01:14.089Z 2024-02-25T21:01:14.089Z	b8af59a0-8afd-5908-a612-07f526247b2d	INFO	Start syncing the balance {
  transaction: {
    id: '01HQH14SV6FW6T9SKFTJ41PH7F',
    type: 'DEBIT',
    source: 'MANUAL_DEDUCTION',
    action: 'DELIVERY_DEDUCTION',
    userId: 'aded40b7-1b9a-4212-ada6-a8a2d64242f8',
    paymentBalance: 180,
    updatePaymentBalance: true,
    metadata: '{"walletId":"wallet#aded40b7-1b9a-4212-ada6-a8a2d64242f8","deliveryId":"e894ab99-614c-4c32-8f36-1c243e770f9a","walletSk":"e894ab99-614c-4c32-8f36-1c243e770f9a"}',
    currency: 'SAR',
    amount: 90,
    vat: 0,
    oldBalance: 270,
    newBalance: 180
  }
}

2024-02-25T21:01:14.136Z 2024-02-25T21:01:14.136Z	b8af59a0-8afd-5908-a612-07f526247b2d	INFO	SubscriptionBalanceUpdated event published

2024-02-25T21:01:14.150Z 2024-02-25T21:01:14.150Z	b8af59a0-8afd-5908-a612-07f526247b2d	INFO	Processing message 04867de9-ebcf-4efb-beab-d767e4fe6370

2024-02-25T21:01:14.156Z 2024-02-25T21:01:14.156Z	b8af59a0-8afd-5908-a612-07f526247b2d	INFO	Start syncing the balance {
  transaction: {
    id: '01HQH14SWDZS5T0F7TZ3B2WE2W',
    type: 'DEBIT',
    source: 'MANUAL_DEDUCTION',
    action: 'DELIVERY_DEDUCTION',
    userId: '560a6990-9572-48b5-8d03-0b67f1e26359',
    paymentBalance: 0,
    updatePaymentBalance: true,
    metadata: '{"walletId":"wallet#560a6990-9572-48b5-8d03-0b67f1e26359","deliveryId":"42262ae2-200f-427a-9bc3-f39c32998862","walletSk":"42262ae2-200f-427a-9bc3-f39c32998862"}',
    currency: 'BHD',
    amount: 8,
    vat: 0,
    oldBalance: 8,
    newBalance: 0
  }
}

2024-02-25T21:01:14.237Z 2024-02-25T21:01:14.237Z	b8af59a0-8afd-5908-a612-07f526247b2d	INFO	SubscriptionBalanceUpdated event published

2024-02-25T21:01:14.252Z 2024-02-25T21:01:14.252Z	b8af59a0-8afd-5908-a612-07f526247b2d	INFO	Processing message 3a5d7402-e170-4d62-bfaa-87b45755db6b

2024-02-25T21:01:14.257Z 2024-02-25T21:01:14.257Z	b8af59a0-8afd-5908-a612-07f526247b2d	INFO	Start syncing the balance {
  transaction: {
    id: '01HQH14SRSYVWFEKJBRSYCQ64Z',
    type: 'DEBIT',
    source: 'MANUAL_DEDUCTION',
    action: 'DELIVERY_DEDUCTION',
    userId: '72b8eeff-c0f0-4665-bbbe-a1b1a6730a51',
    paymentBalance: 2978.7,
    updatePaymentBalance: true,
    metadata: '{"walletId":"wallet#72b8eeff-c0f0-4665-bbbe-a1b1a6730a51","deliveryId":"18ba40c8-9670-41f4-9f9c-1756b8fb271b","walletSk":"18ba40c8-9670-41f4-9f9c-1756b8fb271b"}',
    currency: 'AED',
    amount: 107,
    vat: 0,
    oldBalance: 3342.5,
    newBalance: 3235.5
  }
}

2024-02-25T21:01:14.323Z 2024-02-25T21:01:14.323Z	b8af59a0-8afd-5908-a612-07f526247b2d	INFO	SubscriptionBalanceUpdated event published

2024-02-25T21:01:14.514Z 2024-02-25T21:01:14.514Z	b8af59a0-8afd-5908-a612-07f526247b2d	ERROR	Subscription balance and payment balance are not in sync {
  userId: '72b8eeff-c0f0-4665-bbbe-a1b1a6730a51',
  subscriptionBalance: 3235.5,
  paymentBalance: 2978.7
}

2024-02-25T21:01:14.529Z 2024-02-25T21:01:14.529Z	b8af59a0-8afd-5908-a612-07f526247b2d	INFO	Processing message 59f059dc-37c8-4f91-a8c8-a16e309876c7

2024-02-25T21:01:14.534Z 2024-02-25T21:01:14.534Z	b8af59a0-8afd-5908-a612-07f526247b2d	INFO	Start syncing the balance {
  transaction: {
    id: '01HQH14SZ7M2G9E08ANE8XJ5GE',
    type: 'DEBIT',
    source: 'MANUAL_DEDUCTION',
    action: 'DELIVERY_DEDUCTION',
    userId: '7ca066ee-df49-42d5-b522-54f8abe08388',
    paymentBalance: 364.75,
    updatePaymentBalance: true,
    metadata: '{"walletId":"wallet#7ca066ee-df49-42d5-b522-54f8abe08388","deliveryId":"4c712308-e013-4718-9f80-fa2d6dd35499","walletSk":"4c712308-e013-4718-9f80-fa2d6dd35499"}',
    currency: 'BHD',
    amount: 7,
    vat: 0,
    oldBalance: 90.5,
    newBalance: 83.5
  }
}

2024-02-25T21:01:14.574Z 2024-02-25T21:01:14.574Z	b8af59a0-8afd-5908-a612-07f526247b2d	INFO	SubscriptionBalanceUpdated event published

2024-02-25T21:01:14.587Z 2024-02-25T21:01:14.587Z	b8af59a0-8afd-5908-a612-07f526247b2d	ERROR	Subscription balance and payment balance are not in sync {
  userId: '7ca066ee-df49-42d5-b522-54f8abe08388',
  subscriptionBalance: 83.5,
  paymentBalance: 364.75
}

2024-02-25T21:01:14.602Z END RequestId: b8af59a0-8afd-5908-a612-07f526247b2d

2024-02-25T21:01:14.603Z REPORT RequestId: b8af59a0-8afd-5908-a612-07f526247b2d	Duration: 681.17 ms	Billed Duration: 682 ms	Memory Size: 1024 MB	Max Memory Used: 142 MB	

2024-02-25T21:01:14.781Z START RequestId: ff0b3e8f-d7d0-5c49-88e8-60da7b0a43b6 Version: $LATEST

2024-02-25T21:01:14.806Z 2024-02-25T21:01:14.806Z	ff0b3e8f-d7d0-5c49-88e8-60da7b0a43b6	INFO	Processing message e900bc4b-929c-4cb8-a896-8584bb6642a3

2024-02-25T21:01:14.812Z 2024-02-25T21:01:14.812Z	ff0b3e8f-d7d0-5c49-88e8-60da7b0a43b6	INFO	Start syncing the balance {
  transaction: {
    id: '01HQH14TQTVAT1JKBVBC9JMFP2',
    type: 'DEBIT',
    source: 'MANUAL_DEDUCTION',
    action: 'DELIVERY_DEDUCTION',
    userId: 'abf660cd-113f-4fe2-8fff-ad9e33e54df3',
    paymentBalance: 1471,
    updatePaymentBalance: true,
    metadata: '{"walletId":"wallet#abf660cd-113f-4fe2-8fff-ad9e33e54df3","deliveryId":"a9180218-f1c2-4d19-9fb1-5cda64862a54","walletSk":"a9180218-f1c2-4d19-9fb1-5cda64862a54"}',
    currency: 'BHD',
    amount: 4,
    vat: 0,
    oldBalance: 1475,
    newBalance: 1471
  }
}

2024-02-25T21:01:14.853Z 2024-02-25T21:01:14.853Z	ff0b3e8f-d7d0-5c49-88e8-60da7b0a43b6	INFO	SubscriptionBalanceUpdated event published

2024-02-25T21:01:14.869Z END RequestId: ff0b3e8f-d7d0-5c49-88e8-60da7b0a43b6

2024-02-25T21:01:14.869Z REPORT RequestId: ff0b3e8f-d7d0-5c49-88e8-60da7b0a43b6	Duration: 87.82 ms	Billed Duration: 88 ms	Memory Size: 1024 MB	Max Memory Used: 142 MB	

2024-02-25T21:01:15.014Z START RequestId: 9eed8bdb-f4f1-5619-83bc-d58e582b143c Version: $LATEST

2024-02-25T21:01:15.030Z 2024-02-25T21:01:15.030Z	9eed8bdb-f4f1-5619-83bc-d58e582b143c	INFO	Processing message ee50b857-32eb-43d2-b084-d676f2b1e5cb

2024-02-25T21:01:15.035Z 2024-02-25T21:01:15.035Z	9eed8bdb-f4f1-5619-83bc-d58e582b143c	INFO	Start syncing the balance {
  transaction: {
    id: '01HQH14TT6YKAJ9BFZ2454M66G',
    type: 'DEBIT',
    source: 'MANUAL_DEDUCTION',
    action: 'DELIVERY_DEDUCTION',
    userId: '228675b8-0c9d-4d7f-9f6d-e14e090655ea',
    paymentBalance: 180,
    updatePaymentBalance: true,
    metadata: '{"walletId":"wallet#228675b8-0c9d-4d7f-9f6d-e14e090655ea","deliveryId":"d1ed162b-51f0-4c99-a4c5-8c52e47a269e","walletSk":"d1ed162b-51f0-4c99-a4c5-8c52e47a269e"}',
    currency: 'SAR',
    amount: 90,
    vat: 0,
    oldBalance: 270,
    newBalance: 180
  }
}

2024-02-25T21:01:15.080Z 2024-02-25T21:01:15.080Z	9eed8bdb-f4f1-5619-83bc-d58e582b143c	INFO	SubscriptionBalanceUpdated event published

2024-02-25T21:01:15.096Z END RequestId: 9eed8bdb-f4f1-5619-83bc-d58e582b143c

2024-02-25T21:01:15.096Z REPORT RequestId: 9eed8bdb-f4f1-5619-83bc-d58e582b143c	Duration: 82.46 ms	Billed Duration: 83 ms	Memory Size: 1024 MB	Max Memory Used: 142 MB	

2024-02-25T21:01:15.120Z START RequestId: 2349da5b-5078-5e57-a0ea-840efca31dea Version: $LATEST

2024-02-25T21:01:15.136Z 2024-02-25T21:01:15.136Z	2349da5b-5078-5e57-a0ea-840efca31dea	INFO	Processing message dabbe9f2-970b-421e-b4e3-d0838fe5e49d

2024-02-25T21:01:15.142Z 2024-02-25T21:01:15.142Z	2349da5b-5078-5e57-a0ea-840efca31dea	INFO	Start syncing the balance {
  transaction: {
    id: '01HQH14V25GFAJWBP7KKDKMF4A',
    type: 'DEBIT',
    source: 'MANUAL_DEDUCTION',
    action: 'DELIVERY_DEDUCTION',
    userId: 'aebf6030-96f7-4484-9809-974b80ff458c',
    paymentBalance: 48,
    updatePaymentBalance: true,
    metadata: '{"walletId":"wallet#aebf6030-96f7-4484-9809-974b80ff458c","deliveryId":"6546c2bd-2df5-4755-af89-aecfeb50d01a","walletSk":"6546c2bd-2df5-4755-af89-aecfeb50d01a"}',
    currency: 'BHD',
    amount: 8,
    vat: 0,
    oldBalance: 56,
    newBalance: 48
  }
}

2024-02-25T21:01:15.182Z 2024-02-25T21:01:15.182Z	2349da5b-5078-5e57-a0ea-840efca31dea	INFO	SubscriptionBalanceUpdated event published

2024-02-25T21:01:15.193Z 2024-02-25T21:01:15.193Z	2349da5b-5078-5e57-a0ea-840efca31dea	INFO	Processing message 2c4527ff-f311-4ecf-8d83-a18a3dcc8091

2024-02-25T21:01:15.199Z 2024-02-25T21:01:15.199Z	2349da5b-5078-5e57-a0ea-840efca31dea	INFO	Start syncing the balance {
  transaction: {
    id: '01HQH14V76AEVT75KD48ACXSAE',
    type: 'DEBIT',
    source: 'MANUAL_DEDUCTION',
    action: 'DELIVERY_DEDUCTION',
    userId: 'ffc1ae9d-3ae0-4160-94af-31a93bf4bcf4',
    paymentBalance: 4,
    updatePaymentBalance: true,
    metadata: '{"walletId":"wallet#ffc1ae9d-3ae0-4160-94af-31a93bf4bcf4","deliveryId":"561d6298-4076-45a3-b7d9-23cfdaa18d62","walletSk":"561d6298-4076-45a3-b7d9-23cfdaa18d62"}',
    currency: 'BHD',
    amount: 8,
    vat: 0,
    oldBalance: 12,
    newBalance: 4
  }
}

2024-02-25T21:01:15.243Z 2024-02-25T21:01:15.243Z	2349da5b-5078-5e57-a0ea-840efca31dea	INFO	SubscriptionBalanceUpdated event published

2024-02-25T21:01:15.259Z 2024-02-25T21:01:15.259Z	2349da5b-5078-5e57-a0ea-840efca31dea	INFO	Processing message 3fc2fd31-8649-4eb1-b888-b2c1693e9901

2024-02-25T21:01:15.265Z 2024-02-25T21:01:15.265Z	2349da5b-5078-5e57-a0ea-840efca31dea	INFO	Start syncing the balance {
  transaction: {
    id: '01HQH14V2J3MQ4AF15PGK03GNT',
    type: 'DEBIT',
    source: 'MANUAL_DEDUCTION',
    action: 'DELIVERY_DEDUCTION',
    userId: 'eefb84af-6a9b-435b-b589-5c9734648a74',
    paymentBalance: 3295.909,
    updatePaymentBalance: true,
    metadata: '{"walletId":"wallet#eefb84af-6a9b-435b-b589-5c9734648a74","deliveryId":"a3e2d2b2-24a4-456f-98a4-2090d140c80b","walletSk":"a3e2d2b2-24a4-456f-98a4-2090d140c80b"}',
    currency: 'BHD',
    amount: 4,
    vat: 0,
    oldBalance: 310.909,
    newBalance: 306.909
  }
}

2024-02-25T21:01:15.308Z 2024-02-25T21:01:15.308Z	2349da5b-5078-5e57-a0ea-840efca31dea	INFO	SubscriptionBalanceUpdated event published

2024-02-25T21:01:15.319Z 2024-02-25T21:01:15.319Z	2349da5b-5078-5e57-a0ea-840efca31dea	ERROR	Subscription balance and payment balance are not in sync {
  userId: 'eefb84af-6a9b-435b-b589-5c9734648a74',
  subscriptionBalance: 306.909,
  paymentBalance: 3295.909
}

2024-02-25T21:01:15.333Z 2024-02-25T21:01:15.333Z	2349da5b-5078-5e57-a0ea-840efca31dea	INFO	Processing message d8b6ebb7-bff6-4400-b42f-d67a0b51a697

2024-02-25T21:01:15.339Z 2024-02-25T21:01:15.339Z	2349da5b-5078-5e57-a0ea-840efca31dea	INFO	Start syncing the balance {
  transaction: {
    id: '01HQH14V57DRKCEYKV707PR7PW',
    type: 'DEBIT',
    source: 'MANUAL_DEDUCTION',
    action: 'DELIVERY_DEDUCTION',
    userId: 'd26a421e-61cd-4c41-8cf3-b1913931be3f',
    paymentBalance: 8,
    updatePaymentBalance: true,
    metadata: '{"walletId":"wallet#d26a421e-61cd-4c41-8cf3-b1913931be3f","deliveryId":"b6f9bbcd-6637-403f-93b5-662828721e45","walletSk":"b6f9bbcd-6637-403f-93b5-662828721e45"}',
    currency: 'BHD',
    amount: 8,
    vat: 0,
    oldBalance: 16,
    newBalance: 8
  }
}

2024-02-25T21:01:15.385Z 2024-02-25T21:01:15.385Z	2349da5b-5078-5e57-a0ea-840efca31dea	INFO	SubscriptionBalanceUpdated event published

2024-02-25T21:01:15.401Z END RequestId: 2349da5b-5078-5e57-a0ea-840efca31dea

2024-02-25T21:01:15.401Z REPORT RequestId: 2349da5b-5078-5e57-a0ea-840efca31dea	Duration: 280.32 ms	Billed Duration: 281 ms	Memory Size: 1024 MB	Max Memory Used: 145 MB	

2024-02-25T21:01:15.510Z START RequestId: 559b74c8-108c-5efd-be87-2a9dbc57cd40 Version: $LATEST

2024-02-25T21:01:15.538Z 2024-02-25T21:01:15.538Z	559b74c8-108c-5efd-be87-2a9dbc57cd40	INFO	Processing message 7b07db66-5c4f-43d9-a6ba-e71501ff3848

2024-02-25T21:01:15.543Z 2024-02-25T21:01:15.543Z	559b74c8-108c-5efd-be87-2a9dbc57cd40	INFO	Start syncing the balance {
  transaction: {
    id: '01HQH14VFG7ZNGVQKJ80479D2V',
    type: 'DEBIT',
    source: 'MANUAL_DEDUCTION',
    action: 'DELIVERY_DEDUCTION',
    userId: 'aea9e5de-6ce6-4873-8574-f8237677fe69',
    paymentBalance: 92,
    updatePaymentBalance: true,
    metadata: '{"walletId":"wallet#aea9e5de-6ce6-4873-8574-f8237677fe69","deliveryId":"a3bbc3f7-d6d9-4d18-8273-30e7638dbaf0","walletSk":"a3bbc3f7-d6d9-4d18-8273-30e7638dbaf0"}',
    currency: 'BHD',
    amount: 8,
    vat: 0,
    oldBalance: 100,
    newBalance: 92
  }
}

2024-02-25T21:01:15.589Z 2024-02-25T21:01:15.589Z	559b74c8-108c-5efd-be87-2a9dbc57cd40	INFO	SubscriptionBalanceUpdated event published

2024-02-25T21:01:15.601Z END RequestId: 559b74c8-108c-5efd-be87-2a9dbc57cd40

2024-02-25T21:01:15.601Z REPORT RequestId: 559b74c8-108c-5efd-be87-2a9dbc57cd40	Duration: 90.49 ms	Billed Duration: 91 ms	Memory Size: 1024 MB	Max Memory Used: 146 MB	

2024-02-25T21:01:15.646Z START RequestId: 1830a56e-d926-55f8-aef6-fb3b75fd5645 Version: $LATEST

2024-02-25T21:01:15.674Z 2024-02-25T21:01:15.674Z	1830a56e-d926-55f8-aef6-fb3b75fd5645	INFO	Processing message aed2fc74-cc4f-4b19-a123-70f9f2292e88

2024-02-25T21:01:15.680Z 2024-02-25T21:01:15.680Z	1830a56e-d926-55f8-aef6-fb3b75fd5645	INFO	Start syncing the balance {
  transaction: {
    id: '01HQH14VJRQHZDP72RM5HXSS87',
    type: 'DEBIT',
    source: 'MANUAL_DEDUCTION',
    action: 'DELIVERY_DEDUCTION',
    userId: '31e9a4bb-5f7f-4eed-81c3-dffcbeeb0eea',
    paymentBalance: 48,
    updatePaymentBalance: true,
    metadata: '{"walletId":"wallet#31e9a4bb-5f7f-4eed-81c3-dffcbeeb0eea","deliveryId":"5a7c1ef1-cc5e-4cad-9cc3-39063fe3ebe8","walletSk":"5a7c1ef1-cc5e-4cad-9cc3-39063fe3ebe8"}',
    currency: 'BHD',
    amount: 4,
    vat: 0,
    oldBalance: 52,
    newBalance: 48
  }
}

2024-02-25T21:01:15.724Z 2024-02-25T21:01:15.724Z	1830a56e-d926-55f8-aef6-fb3b75fd5645	INFO	SubscriptionBalanceUpdated event published

2024-02-25T21:01:15.740Z 2024-02-25T21:01:15.740Z	1830a56e-d926-55f8-aef6-fb3b75fd5645	INFO	Processing message 2093dc43-ba0c-49d9-a1bf-89389ac392c2

2024-02-25T21:01:15.745Z 2024-02-25T21:01:15.745Z	1830a56e-d926-55f8-aef6-fb3b75fd5645	INFO	Start syncing the balance {
  transaction: {
    id: '01HQH14VPB6CD017ERPGZR8CK1',
    type: 'DEBIT',
    source: 'MANUAL_DEDUCTION',
    action: 'DELIVERY_DEDUCTION',
    userId: '7d9a6dbd-fcd1-44f1-b8fe-b79afc382f5a',
    paymentBalance: 1812,
    updatePaymentBalance: true,
    metadata: '{"walletId":"wallet#7d9a6dbd-fcd1-44f1-b8fe-b79afc382f5a","deliveryId":"c5357761-38cf-4d17-8dcc-8860abd6a17d","walletSk":"c5357761-38cf-4d17-8dcc-8860abd6a17d"}',
    currency: 'AED',
    amount: 82,
    vat: 0,
    oldBalance: 1894,
    newBalance: 1812
  }
}

2024-02-25T21:01:15.801Z 2024-02-25T21:01:15.801Z	1830a56e-d926-55f8-aef6-fb3b75fd5645	INFO	SubscriptionBalanceUpdated event published

2024-02-25T21:01:15.814Z 2024-02-25T21:01:15.814Z	1830a56e-d926-55f8-aef6-fb3b75fd5645	INFO	Processing message 3ae58e35-4ab2-4f89-9889-5989bb36d957

2024-02-25T21:01:15.819Z 2024-02-25T21:01:15.819Z	1830a56e-d926-55f8-aef6-fb3b75fd5645	INFO	Start syncing the balance {
  transaction: {
    id: '01HQH14VG7VMQBBCAWAPBKQYE7',
    type: 'DEBIT',
    source: 'MANUAL_DEDUCTION',
    action: 'DELIVERY_DEDUCTION',
    userId: 'f434d164-8656-429c-a7c9-fc4ab238f377',
    paymentBalance: 94.909,
    updatePaymentBalance: true,
    metadata: '{"walletId":"wallet#f434d164-8656-429c-a7c9-fc4ab238f377","deliveryId":"6eb08d1d-0848-446b-a5dc-d206a25cff04","walletSk":"6eb08d1d-0848-446b-a5dc-d206a25cff04"}',
    currency: 'BHD',
    amount: 4,
    vat: 0,
    oldBalance: 98.909,
    newBalance: 94.909
  }
}

2024-02-25T21:01:15.862Z 2024-02-25T21:01:15.862Z	1830a56e-d926-55f8-aef6-fb3b75fd5645	INFO	SubscriptionBalanceUpdated event published

2024-02-25T21:01:15.875Z 2024-02-25T21:01:15.875Z	1830a56e-d926-55f8-aef6-fb3b75fd5645	INFO	Processing message a941619d-e4ed-4ecc-a8f7-5597a613559e

2024-02-25T21:01:15.880Z 2024-02-25T21:01:15.880Z	1830a56e-d926-55f8-aef6-fb3b75fd5645	INFO	Start syncing the balance {
  transaction: {
    id: '01HQH14VKFVMJJ6JR8PHXKQQHQ',
    type: 'DEBIT',
    source: 'MANUAL_DEDUCTION',
    action: 'DELIVERY_DEDUCTION',
    userId: '893b1a3b-9230-450c-abb3-f89895c8183e',
    paymentBalance: 767.087,
    updatePaymentBalance: true,
    metadata: '{"walletId":"wallet#893b1a3b-9230-450c-abb3-f89895c8183e","deliveryId":"0d4800f2-5ec4-420d-8d93-b6594bd4111d","walletSk":"0d4800f2-5ec4-420d-8d93-b6594bd4111d"}',
    currency: 'BHD',
    amount: 9,
    vat: 0,
    oldBalance: 776.087,
    newBalance: 767.087
  }
}

2024-02-25T21:01:15.923Z 2024-02-25T21:01:15.923Z	1830a56e-d926-55f8-aef6-fb3b75fd5645	INFO	SubscriptionBalanceUpdated event published

2024-02-25T21:01:15.937Z 2024-02-25T21:01:15.937Z	1830a56e-d926-55f8-aef6-fb3b75fd5645	INFO	Processing message a72eabdf-70f0-4a81-af2f-decfee918d33

2024-02-25T21:01:15.942Z 2024-02-25T21:01:15.942Z	1830a56e-d926-55f8-aef6-fb3b75fd5645	INFO	Start syncing the balance {
  transaction: {
    id: '01HQH14VN5PRYGMGJDBMME0A7W',
    type: 'DEBIT',
    source: 'MANUAL_DEDUCTION',
    action: 'DELIVERY_DEDUCTION',
    userId: '8a56d4a5-d3b0-47f0-a67f-01319777dee0',
    paymentBalance: 180,
    updatePaymentBalance: true,
    metadata: '{"walletId":"wallet#8a56d4a5-d3b0-47f0-a67f-01319777dee0","deliveryId":"39ecbeb6-c5a1-46c6-bb4a-99a0eb08face","walletSk":"39ecbeb6-c5a1-46c6-bb4a-99a0eb08face"}',
    currency: 'SAR',
    amount: 90,
    vat: 0,
    oldBalance: 270,
    newBalance: 180
  }
}

2024-02-25T21:01:15.983Z 2024-02-25T21:01:15.983Z	1830a56e-d926-55f8-aef6-fb3b75fd5645	INFO	SubscriptionBalanceUpdated event published

2024-02-25T21:01:15.998Z 2024-02-25T21:01:15.998Z	1830a56e-d926-55f8-aef6-fb3b75fd5645	INFO	Processing message f5cbf151-8d94-47cd-9682-5642afeab240

2024-02-25T21:01:16.004Z 2024-02-25T21:01:16.004Z	1830a56e-d926-55f8-aef6-fb3b75fd5645	INFO	Start syncing the balance {
  transaction: {
    id: '01HQH14VRGYY5PYC4QGJ0NHN1S',
    type: 'DEBIT',
    source: 'MANUAL_DEDUCTION',
    action: 'DELIVERY_DEDUCTION',
    userId: 'cac838c5-a9e1-41b1-877e-2587cbea7b20',
    paymentBalance: 12971.752,
    updatePaymentBalance: true,
    metadata: '{"walletId":"wallet#cac838c5-a9e1-41b1-877e-2587cbea7b20","deliveryId":"9fc997d8-d854-480b-ac58-305ee9866024","walletSk":"9fc997d8-d854-480b-ac58-305ee9866024"}',
    currency: 'BHD',
    amount: 10.818,
    vat: 0,
    oldBalance: 11212.5703,
    newBalance: 11201.752
  }
}

2024-02-25T21:01:16.050Z 2024-02-25T21:01:16.050Z	1830a56e-d926-55f8-aef6-fb3b75fd5645	INFO	SubscriptionBalanceUpdated event published

2024-02-25T21:01:16.064Z 2024-02-25T21:01:16.064Z	1830a56e-d926-55f8-aef6-fb3b75fd5645	ERROR	Subscription balance and payment balance are not in sync {
  userId: 'cac838c5-a9e1-41b1-877e-2587cbea7b20',
  subscriptionBalance: 11201.752,
  paymentBalance: 12971.752
}

2024-02-25T21:01:16.080Z END RequestId: 1830a56e-d926-55f8-aef6-fb3b75fd5645

2024-02-25T21:01:16.080Z REPORT RequestId: 1830a56e-d926-55f8-aef6-fb3b75fd5645	Duration: 435.45 ms	Billed Duration: 436 ms	Memory Size: 1024 MB	Max Memory Used: 150 MB	
XRAY TraceId: 1-65dbaa9b-3cd61137b910083404929745	SegmentId: 53a19f655aadb574	Sampled: true	

2024-02-25T21:01:16.382Z START RequestId: 2e09ab38-9c10-5bae-8e4e-f56d30ccf813 Version: $LATEST

2024-02-25T21:01:16.411Z 2024-02-25T21:01:16.411Z	2e09ab38-9c10-5bae-8e4e-f56d30ccf813	INFO	Processing message 3a9b3c28-b42f-40c3-9bda-807797b55cf3

2024-02-25T21:01:16.419Z 2024-02-25T21:01:16.419Z	2e09ab38-9c10-5bae-8e4e-f56d30ccf813	INFO	Start syncing the balance {
  transaction: {
    id: '01HQH14W68SW8CK8CS6ZXK5ZC3',
    type: 'DEBIT',
    source: 'MANUAL_DEDUCTION',
    action: 'DELIVERY_DEDUCTION',
    userId: '8b3fae92-5944-4c15-825b-22399235f8eb',
    paymentBalance: 5967,
    updatePaymentBalance: true,
    metadata: '{"walletId":"wallet#8b3fae92-5944-4c15-825b-22399235f8eb","deliveryId":"5be49f3d-48a5-457b-8167-01a1beb935c9","walletSk":"5be49f3d-48a5-457b-8167-01a1beb935c9"}',
    currency: 'SAR',
    amount: 76.5,
    vat: 0,
    oldBalance: 6043.5,
    newBalance: 5967
  }
}

2024-02-25T21:01:16.464Z 2024-02-25T21:01:16.464Z	2e09ab38-9c10-5bae-8e4e-f56d30ccf813	INFO	SubscriptionBalanceUpdated event published

2024-02-25T21:01:16.476Z 2024-02-25T21:01:16.476Z	2e09ab38-9c10-5bae-8e4e-f56d30ccf813	INFO	Processing message 7268059c-a57b-42bb-bae9-cdaee2e5a84f

2024-02-25T21:01:16.481Z 2024-02-25T21:01:16.481Z	2e09ab38-9c10-5bae-8e4e-f56d30ccf813	INFO	Start syncing the balance {
  transaction: {
    id: '01HQH14W3PD0X84358J1R0S87T',
    type: 'DEBIT',
    source: 'MANUAL_DEDUCTION',
    action: 'DELIVERY_DEDUCTION',
    userId: '5def4009-fdba-4a02-9555-9210152eb1f4',
    paymentBalance: 872,
    updatePaymentBalance: true,
    metadata: '{"walletId":"wallet#5def4009-fdba-4a02-9555-9210152eb1f4","deliveryId":"b33585be-ba5a-4ec1-974f-43c94e4d795b","walletSk":"b33585be-ba5a-4ec1-974f-43c94e4d795b"}',
    currency: 'BHD',
    amount: 4,
    vat: 0,
    oldBalance: 876,
    newBalance: 872
  }
}

2024-02-25T21:01:16.541Z 2024-02-25T21:01:16.541Z	2e09ab38-9c10-5bae-8e4e-f56d30ccf813	INFO	SubscriptionBalanceUpdated event published

2024-02-25T21:01:16.554Z 2024-02-25T21:01:16.554Z	2e09ab38-9c10-5bae-8e4e-f56d30ccf813	INFO	Processing message 13cd5cf7-ab0c-41da-bf67-8175b4d3f481

2024-02-25T21:01:16.559Z 2024-02-25T21:01:16.559Z	2e09ab38-9c10-5bae-8e4e-f56d30ccf813	INFO	Start syncing the balance {
  transaction: {
    id: '01HQH14W1CKVE5TYJMAEVWCHSZ',
    type: 'DEBIT',
    source: 'MANUAL_DEDUCTION',
    action: 'DELIVERY_DEDUCTION',
    userId: '7366dc6d-d047-46d5-b203-39e81633a8b4',
    paymentBalance: 4220.8,
    updatePaymentBalance: true,
    metadata: '{"walletId":"wallet#7366dc6d-d047-46d5-b203-39e81633a8b4","deliveryId":"d840afe9-df61-403d-8407-3655ca8fd3fd","walletSk":"d840afe9-df61-403d-8407-3655ca8fd3fd"}',
    currency: 'SAR',
    amount: 37.8,
    vat: 0,
    oldBalance: 4258.6,
    newBalance: 4220.8
  }
}

2024-02-25T21:01:16.605Z 2024-02-25T21:01:16.605Z	2e09ab38-9c10-5bae-8e4e-f56d30ccf813	INFO	SubscriptionBalanceUpdated event published

2024-02-25T21:01:16.617Z 2024-02-25T21:01:16.617Z	2e09ab38-9c10-5bae-8e4e-f56d30ccf813	INFO	Processing message a4ab811f-17f9-414c-aa79-8dac1d3e1c18

2024-02-25T21:01:16.623Z 2024-02-25T21:01:16.623Z	2e09ab38-9c10-5bae-8e4e-f56d30ccf813	INFO	Start syncing the balance {
  transaction: {
    id: '01HQH14W67TM6S9P8PTY7HTC1S',
    type: 'DEBIT',
    source: 'MANUAL_DEDUCTION',
    action: 'DELIVERY_DEDUCTION',
    userId: '6b33684f-ce10-4ca9-8319-cabaa76aee28',
    paymentBalance: 162,
    updatePaymentBalance: true,
    metadata: '{"walletId":"wallet#6b33684f-ce10-4ca9-8319-cabaa76aee28","deliveryId":"c02a8cf5-07c4-449a-bc34-1075e8f655cc","walletSk":"c02a8cf5-07c4-449a-bc34-1075e8f655cc"}',
    currency: 'BHD',
    amount: 9,
    vat: 0,
    oldBalance: 171,
    newBalance: 162
  }
}

2024-02-25T21:01:16.668Z 2024-02-25T21:01:16.668Z	2e09ab38-9c10-5bae-8e4e-f56d30ccf813	INFO	SubscriptionBalanceUpdated event published

2024-02-25T21:01:16.682Z 2024-02-25T21:01:16.682Z	2e09ab38-9c10-5bae-8e4e-f56d30ccf813	INFO	Processing message db42e66a-6beb-482a-9479-bb4649e5cf10

2024-02-25T21:01:16.687Z 2024-02-25T21:01:16.687Z	2e09ab38-9c10-5bae-8e4e-f56d30ccf813	INFO	Start syncing the balance {
  transaction: {
    id: '01HQH14W3S4ST2AJS66MWWWVE8',
    type: 'DEBIT',
    source: 'MANUAL_DEDUCTION',
    action: 'DELIVERY_DEDUCTION',
    userId: '0337b933-9ab8-4c7d-8c1b-80059f3164a4',
    paymentBalance: 8820,
    updatePaymentBalance: true,
    metadata: '{"walletId":"wallet#0337b933-9ab8-4c7d-8c1b-80059f3164a4","deliveryId":"e50c103e-3b97-4d9f-9032-7832baea1c43","walletSk":"e50c103e-3b97-4d9f-9032-7832baea1c43"}',
    currency: 'SAR',
    amount: 90,
    vat: 0,
    oldBalance: 270,
    newBalance: 180
  }
}

2024-02-25T21:01:16.729Z 2024-02-25T21:01:16.729Z	2e09ab38-9c10-5bae-8e4e-f56d30ccf813	INFO	SubscriptionBalanceUpdated event published

2024-02-25T21:01:16.742Z 2024-02-25T21:01:16.742Z	2e09ab38-9c10-5bae-8e4e-f56d30ccf813	ERROR	Subscription balance and payment balance are not in sync {
  userId: '0337b933-9ab8-4c7d-8c1b-80059f3164a4',
  subscriptionBalance: 180,
  paymentBalance: 8820
}

2024-02-25T21:01:16.758Z 2024-02-25T21:01:16.758Z	2e09ab38-9c10-5bae-8e4e-f56d30ccf813	INFO	Processing message 39a22812-26b8-4eac-b662-72c97724553b

2024-02-25T21:01:16.763Z 2024-02-25T21:01:16.763Z	2e09ab38-9c10-5bae-8e4e-f56d30ccf813	INFO	Start syncing the balance {
  transaction: {
    id: '01HQH14WBGF4VZQ4YK8MR0N2M1',
    type: 'DEBIT',
    source: 'MANUAL_DEDUCTION',
    action: 'DELIVERY_DEDUCTION',
    userId: 'a311a299-9f89-4f82-9b63-cf15944e4d42',
    paymentBalance: 99,
    updatePaymentBalance: true,
    metadata: '{"walletId":"wallet#a311a299-9f89-4f82-9b63-cf15944e4d42","deliveryId":"a03b26cf-0771-478b-93c4-c2fbaa1e2920","walletSk":"a03b26cf-0771-478b-93c4-c2fbaa1e2920"}',
    currency: 'BHD',
    amount: 9,
    vat: 0,
    oldBalance: 108,
    newBalance: 99
  }
}

2024-02-25T21:01:16.809Z 2024-02-25T21:01:16.809Z	2e09ab38-9c10-5bae-8e4e-f56d30ccf813	INFO	SubscriptionBalanceUpdated event published

2024-02-25T21:01:16.820Z 2024-02-25T21:01:16.820Z	2e09ab38-9c10-5bae-8e4e-f56d30ccf813	INFO	Processing message 3b66b55d-cd58-47f1-8475-70646869f40a

2024-02-25T21:01:16.825Z 2024-02-25T21:01:16.825Z	2e09ab38-9c10-5bae-8e4e-f56d30ccf813	INFO	Start syncing the balance {
  transaction: {
    id: '01HQH14W8ZJ84DS33PQ4G5W0PR',
    type: 'DEBIT',
    source: 'MANUAL_DEDUCTION',
    action: 'DELIVERY_DEDUCTION',
    userId: '6943717f-0aec-40b3-bbad-6ccf1de293e4',
    paymentBalance: 112,
    updatePaymentBalance: true,
    metadata: '{"walletId":"wallet#6943717f-0aec-40b3-bbad-6ccf1de293e4","deliveryId":"d907c048-e307-403e-bb93-8a1af8de21d0","walletSk":"d907c048-e307-403e-bb93-8a1af8de21d0"}',
    currency: 'BHD',
    amount: 8,
    vat: 0,
    oldBalance: 120,
    newBalance: 112
  }
}

2024-02-25T21:01:16.865Z 2024-02-25T21:01:16.865Z	2e09ab38-9c10-5bae-8e4e-f56d30ccf813	INFO	SubscriptionBalanceUpdated event published

2024-02-25T21:01:16.878Z 2024-02-25T21:01:16.878Z	2e09ab38-9c10-5bae-8e4e-f56d30ccf813	INFO	Processing message 9a71ed30-d48b-49fb-8ee3-33ca0a3d1106

2024-02-25T21:01:16.892Z 2024-02-25T21:01:16.892Z	2e09ab38-9c10-5bae-8e4e-f56d30ccf813	INFO	Start syncing the balance {
  transaction: {
    id: '01HQH14W91QRHFXMG8AYTEJ8A2',
    type: 'DEBIT',
    source: 'MANUAL_DEDUCTION',
    action: 'DELIVERY_DEDUCTION',
    userId: '705f6d18-f5fe-4202-beb9-bc39461813ce',
    paymentBalance: 632,
    updatePaymentBalance: true,
    metadata: '{"walletId":"wallet#705f6d18-f5fe-4202-beb9-bc39461813ce","deliveryId":"aef60e06-d30f-4181-b36e-79ff0315db6e","walletSk":"aef60e06-d30f-4181-b36e-79ff0315db6e"}',
    currency: 'BHD',
    amount: 8,
    vat: 0,
    oldBalance: 640,
    newBalance: 632
  }
}

2024-02-25T21:01:16.936Z 2024-02-25T21:01:16.936Z	2e09ab38-9c10-5bae-8e4e-f56d30ccf813	INFO	SubscriptionBalanceUpdated event published

2024-02-25T21:01:16.947Z 2024-02-25T21:01:16.947Z	2e09ab38-9c10-5bae-8e4e-f56d30ccf813	INFO	Processing message 6a2a9580-8c98-4e22-a60e-e8ce08b4903f

2024-02-25T21:01:16.952Z 2024-02-25T21:01:16.952Z	2e09ab38-9c10-5bae-8e4e-f56d30ccf813	INFO	Start syncing the balance {
  transaction: {
    id: '01HQH14WEE8110WBB7YXXHWM14',
    type: 'DEBIT',
    source: 'MANUAL_DEDUCTION',
    action: 'DELIVERY_DEDUCTION',
    userId: '92bad53a-ed04-4827-87ac-eba49d16e61e',
    paymentBalance: 180,
    updatePaymentBalance: true,
    metadata: '{"walletId":"wallet#92bad53a-ed04-4827-87ac-eba49d16e61e","deliveryId":"92d9873c-79e1-44a2-bfe7-2a28886ca4d7","walletSk":"92d9873c-79e1-44a2-bfe7-2a28886ca4d7"}',
    currency: 'SAR',
    amount: 90,
    vat: 0,
    oldBalance: 270,
    newBalance: 180
  }
}

2024-02-25T21:01:16.998Z 2024-02-25T21:01:16.998Z	2e09ab38-9c10-5bae-8e4e-f56d30ccf813	INFO	SubscriptionBalanceUpdated event published

2024-02-25T21:01:17.012Z 2024-02-25T21:01:17.012Z	2e09ab38-9c10-5bae-8e4e-f56d30ccf813	INFO	Processing message 78987295-87e1-4f3f-b601-52eabc8a4dce

2024-02-25T21:01:17.016Z 2024-02-25T21:01:17.016Z	2e09ab38-9c10-5bae-8e4e-f56d30ccf813	INFO	Start syncing the balance {
  transaction: {
    id: '01HQH14WBQBH4DE2V252EP5Y1F',
    type: 'DEBIT',
    source: 'MANUAL_DEDUCTION',
    action: 'DELIVERY_DEDUCTION',
    userId: '848c815d-39aa-4437-a5c2-4f60cbacd64d',
    paymentBalance: 1120.5,
    updatePaymentBalance: true,
    metadata: '{"walletId":"wallet#848c815d-39aa-4437-a5c2-4f60cbacd64d","deliveryId":"99ba1f5c-3a47-45de-9ab1-96cde5037581","walletSk":"99ba1f5c-3a47-45de-9ab1-96cde5037581"}',
    currency: 'SAR',
    amount: 76.5,
    vat: 0,
    oldBalance: 1197,
    newBalance: 1120.5
  }
}

2024-02-25T21:01:17.065Z 2024-02-25T21:01:17.065Z	2e09ab38-9c10-5bae-8e4e-f56d30ccf813	INFO	SubscriptionBalanceUpdated event published

2024-02-25T21:01:17.081Z END RequestId: 2e09ab38-9c10-5bae-8e4e-f56d30ccf813

2024-02-25T21:01:17.081Z REPORT RequestId: 2e09ab38-9c10-5bae-8e4e-f56d30ccf813	Duration: 698.55 ms	Billed Duration: 699 ms	Memory Size: 1024 MB	Max Memory Used: 150 MB	

2024-02-25T21:01:17.170Z START RequestId: 95689f82-5582-5d8e-b753-c1d7f95f9fab Version: $LATEST

2024-02-25T21:01:17.186Z 2024-02-25T21:01:17.186Z	95689f82-5582-5d8e-b753-c1d7f95f9fab	INFO	Processing message 338ba204-a230-43fe-a3ff-6af9103d55ec

2024-02-25T21:01:17.192Z 2024-02-25T21:01:17.192Z	95689f82-5582-5d8e-b753-c1d7f95f9fab	INFO	Start syncing the balance {
  transaction: {
    id: '01HQH14WT3RB107TSB6SKB9K17',
    type: 'DEBIT',
    source: 'MANUAL_DEDUCTION',
    action: 'DELIVERY_DEDUCTION',
    userId: '0babc299-0ddf-4149-b2fe-4d6efd5618d4',
    paymentBalance: 200,
    updatePaymentBalance: true,
    metadata: '{"walletId":"wallet#0babc299-0ddf-4149-b2fe-4d6efd5618d4","deliveryId":"a645f295-e683-459a-a972-8745bc295554","walletSk":"a645f295-e683-459a-a972-8745bc295554"}',
    currency: 'SAR',
    amount: 100,
    vat: 0,
    oldBalance: 300,
    newBalance: 200
  }
}

2024-02-25T21:01:17.236Z 2024-02-25T21:01:17.236Z	95689f82-5582-5d8e-b753-c1d7f95f9fab	INFO	SubscriptionBalanceUpdated event published

2024-02-25T21:01:17.251Z 2024-02-25T21:01:17.251Z	95689f82-5582-5d8e-b753-c1d7f95f9fab	INFO	Processing message 406e8fb9-cb89-4758-8e9e-8ecca01be9d3

2024-02-25T21:01:17.257Z 2024-02-25T21:01:17.257Z	95689f82-5582-5d8e-b753-c1d7f95f9fab	INFO	Start syncing the balance {
  transaction: {
    id: '01HQH14WWRTH3EVEWXD19MKQ6K',
    type: 'DEBIT',
    source: 'MANUAL_DEDUCTION',
    action: 'DELIVERY_DEDUCTION',
    userId: '60428780-69f1-4fec-a2ee-593bed3732c0',
    paymentBalance: 7,
    updatePaymentBalance: true,
    metadata: '{"walletId":"wallet#60428780-69f1-4fec-a2ee-593bed3732c0","deliveryId":"699d0f26-683c-41cd-a683-562c465dd4fc","walletSk":"699d0f26-683c-41cd-a683-562c465dd4fc"}',
    currency: 'KWD',
    amount: 3.5,
    vat: 0,
    oldBalance: 6,
    newBalance: 2.5
  }
}

2024-02-25T21:01:17.298Z 2024-02-25T21:01:17.298Z	95689f82-5582-5d8e-b753-c1d7f95f9fab	INFO	SubscriptionBalanceUpdated event published

2024-02-25T21:01:17.311Z 2024-02-25T21:01:17.311Z	95689f82-5582-5d8e-b753-c1d7f95f9fab	ERROR	Subscription balance and payment balance are not in sync {
  userId: '60428780-69f1-4fec-a2ee-593bed3732c0',
  subscriptionBalance: 2.5,
  paymentBalance: 7
}

2024-02-25T21:01:17.327Z 2024-02-25T21:01:17.327Z	95689f82-5582-5d8e-b753-c1d7f95f9fab	INFO	Processing message 393cf59a-4154-46ae-9b21-4fa79c17d398

2024-02-25T21:01:17.333Z 2024-02-25T21:01:17.333Z	95689f82-5582-5d8e-b753-c1d7f95f9fab	INFO	Start syncing the balance {
  transaction: {
    id: '01HQH14WZK4SSXS2HXTGE8DS9C',
    type: 'DEBIT',
    source: 'MANUAL_DEDUCTION',
    action: 'DELIVERY_DEDUCTION',
    userId: '4a12f77e-9f66-4899-823d-5eeb53c01a36',
    paymentBalance: 4000.5,
    updatePaymentBalance: true,
    metadata: '{"walletId":"wallet#4a12f77e-9f66-4899-823d-5eeb53c01a36","deliveryId":"8efae1f9-7559-4d7d-8436-746d0b6a2d4b","walletSk":"8efae1f9-7559-4d7d-8436-746d0b6a2d4b"}',
    currency: 'SAR',
    amount: 76.5,
    vat: 0,
    oldBalance: 4077,
    newBalance: 4000.5
  }
}

2024-02-25T21:01:17.371Z 2024-02-25T21:01:17.371Z	95689f82-5582-5d8e-b753-c1d7f95f9fab	INFO	SubscriptionBalanceUpdated event published

2024-02-25T21:01:17.386Z 2024-02-25T21:01:17.386Z	95689f82-5582-5d8e-b753-c1d7f95f9fab	INFO	Processing message 96b1da97-1776-4b85-98c8-867b6e4a3577

2024-02-25T21:01:17.392Z 2024-02-25T21:01:17.392Z	95689f82-5582-5d8e-b753-c1d7f95f9fab	INFO	Start syncing the balance {
  transaction: {
    id: '01HQH14WQMDTJZWQ3CR7KYPZPT',
    type: 'DEBIT',
    source: 'MANUAL_DEDUCTION',
    action: 'DELIVERY_DEDUCTION',
    userId: 'e8990a0b-9d19-439a-b2db-be43088e1e6f',
    paymentBalance: 7.637,
    updatePaymentBalance: true,
    metadata: '{"walletId":"wallet#e8990a0b-9d19-439a-b2db-be43088e1e6f","deliveryId":"e5e0181c-96bd-4d97-9d0a-472582efa517","walletSk":"e5e0181c-96bd-4d97-9d0a-472582efa517"}',
    currency: 'BHD',
    amount: 8,
    vat: 0,
    oldBalance: 15.637,
    newBalance: 7.637
  }
}

2024-02-25T21:01:17.436Z 2024-02-25T21:01:17.436Z	95689f82-5582-5d8e-b753-c1d7f95f9fab	INFO	SubscriptionBalanceUpdated event published

2024-02-25T21:01:17.449Z 2024-02-25T21:01:17.449Z	95689f82-5582-5d8e-b753-c1d7f95f9fab	INFO	Processing message 44a5f6f8-9ff9-4a21-992b-7c0b535ef33f

2024-02-25T21:01:17.462Z 2024-02-25T21:01:17.462Z	95689f82-5582-5d8e-b753-c1d7f95f9fab	INFO	Start syncing the balance {
  transaction: {
    id: '01HQH14WTBRGWTVD728MVEMTPC',
    type: 'DEBIT',
    source: 'MANUAL_DEDUCTION',
    action: 'DELIVERY_DEDUCTION',
    userId: 'f0bf58a4-d068-41e0-96e7-700a5443c998',
    paymentBalance: 0,
    updatePaymentBalance: true,
    metadata: '{"walletId":"wallet#f0bf58a4-d068-41e0-96e7-700a5443c998","deliveryId":"13dbcdda-8c8e-4903-b89d-5876dbaf4629","walletSk":"13dbcdda-8c8e-4903-b89d-5876dbaf4629"}',
    currency: 'BHD',
    amount: 8,
    vat: 0,
    oldBalance: 8,
    newBalance: 0
  }
}

2024-02-25T21:01:17.523Z 2024-02-25T21:01:17.523Z	95689f82-5582-5d8e-b753-c1d7f95f9fab	INFO	SubscriptionBalanceUpdated event published

2024-02-25T21:01:17.535Z 2024-02-25T21:01:17.535Z	95689f82-5582-5d8e-b753-c1d7f95f9fab	INFO	Processing message 7460c8e2-0b4a-4409-9dbc-e9155eb52b4e

2024-02-25T21:01:17.541Z 2024-02-25T21:01:17.541Z	95689f82-5582-5d8e-b753-c1d7f95f9fab	INFO	Start syncing the balance {
  transaction: {
    id: '01HQH14WQ3RK6G6ZKWW7TM39GJ',
    type: 'DEBIT',
    source: 'MANUAL_DEDUCTION',
    action: 'DELIVERY_DEDUCTION',
    userId: '33ca49c4-bd48-4636-a431-9b3ca10029ba',
    paymentBalance: 64,
    updatePaymentBalance: true,
    metadata: '{"walletId":"wallet#33ca49c4-bd48-4636-a431-9b3ca10029ba","deliveryId":"05d61c23-c2b6-4e79-bcee-a5b4ffe37938","walletSk":"05d61c23-c2b6-4e79-bcee-a5b4ffe37938"}',
    currency: 'BHD',
    amount: 8,
    vat: 0,
    oldBalance: 72,
    newBalance: 64
  }
}

2024-02-25T21:01:17.581Z 2024-02-25T21:01:17.581Z	95689f82-5582-5d8e-b753-c1d7f95f9fab	INFO	SubscriptionBalanceUpdated event published

2024-02-25T21:01:17.595Z 2024-02-25T21:01:17.595Z	95689f82-5582-5d8e-b753-c1d7f95f9fab	INFO	Processing message 34167828-a152-42b6-afbb-894a58b34c85

2024-02-25T21:01:17.601Z 2024-02-25T21:01:17.601Z	95689f82-5582-5d8e-b753-c1d7f95f9fab	INFO	Start syncing the balance {
  transaction: {
    id: '01HQH14WZQ7A8HNBJ2NXK6FCE3',
    type: 'DEBIT',
    source: 'MANUAL_DEDUCTION',
    action: 'DELIVERY_DEDUCTION',
    userId: '2c77a724-b701-4868-b804-c96855a3e9d8',
    paymentBalance: 1447.3,
    updatePaymentBalance: true,
    metadata: '{"walletId":"wallet#2c77a724-b701-4868-b804-c96855a3e9d8","deliveryId":"edc8412a-8610-49a3-93a5-47cef760809a","walletSk":"edc8412a-8610-49a3-93a5-47cef760809a"}',
    currency: 'BHD',
    amount: 8,
    vat: 0,
    oldBalance: 1455.3,
    newBalance: 1447.3
  }
}

2024-02-25T21:01:17.648Z 2024-02-25T21:01:17.648Z	95689f82-5582-5d8e-b753-c1d7f95f9fab	INFO	SubscriptionBalanceUpdated event published

2024-02-25T21:01:17.660Z 2024-02-25T21:01:17.660Z	95689f82-5582-5d8e-b753-c1d7f95f9fab	INFO	Processing message 52c0ae2e-a851-457c-9705-05bb0c215684

2024-02-25T21:01:17.665Z 2024-02-25T21:01:17.665Z	95689f82-5582-5d8e-b753-c1d7f95f9fab	INFO	Start syncing the balance {
  transaction: {
    id: '01HQH14WWES1EK37Z5YGBWCJSH',
    type: 'DEBIT',
    source: 'MANUAL_DEDUCTION',
    action: 'DELIVERY_DEDUCTION',
    userId: '6d56fc71-5f0c-42cd-a40d-ac25c15e5653',
    paymentBalance: 180,
    updatePaymentBalance: true,
    metadata: '{"walletId":"wallet#6d56fc71-5f0c-42cd-a40d-ac25c15e5653","deliveryId":"00d20048-3443-4c0a-a644-fe0f057114bf","walletSk":"00d20048-3443-4c0a-a644-fe0f057114bf"}',
    currency: 'SAR',
    amount: 90,
    vat: 0,
    oldBalance: 270,
    newBalance: 180
  }
}

2024-02-25T21:01:17.710Z 2024-02-25T21:01:17.710Z	95689f82-5582-5d8e-b753-c1d7f95f9fab	INFO	SubscriptionBalanceUpdated event published

2024-02-25T21:01:17.723Z 2024-02-25T21:01:17.723Z	95689f82-5582-5d8e-b753-c1d7f95f9fab	INFO	Processing message ad9b575d-1a95-47f8-a56d-008f4d92ba53

2024-02-25T21:01:17.729Z 2024-02-25T21:01:17.729Z	95689f82-5582-5d8e-b753-c1d7f95f9fab	INFO	Start syncing the balance {
  transaction: {
    id: '01HQH14X591MG9HH20A5RW529K',
    type: 'DEBIT',
    source: 'MANUAL_DEDUCTION',
    action: 'DELIVERY_DEDUCTION',
    userId: '381dc3ed-cea5-407f-aefb-3dafda667e06',
    paymentBalance: 96.75,
    updatePaymentBalance: true,
    metadata: '{"walletId":"wallet#381dc3ed-cea5-407f-aefb-3dafda667e06","deliveryId":"e81ccf6e-547a-4ddc-82a1-e08180db970c","walletSk":"e81ccf6e-547a-4ddc-82a1-e08180db970c"}',
    currency: 'BHD',
    amount: 8,
    vat: 0,
    oldBalance: 104.75,
    newBalance: 96.75
  }
}

2024-02-25T21:01:17.802Z 2024-02-25T21:01:17.802Z	95689f82-5582-5d8e-b753-c1d7f95f9fab	INFO	SubscriptionBalanceUpdated event published

2024-02-25T21:01:17.813Z 2024-02-25T21:01:17.813Z	95689f82-5582-5d8e-b753-c1d7f95f9fab	INFO	Processing message bc1e63aa-ffb5-43f6-b419-e75d7b470b26

2024-02-25T21:01:17.818Z 2024-02-25T21:01:17.818Z	95689f82-5582-5d8e-b753-c1d7f95f9fab	INFO	Start syncing the balance {
  transaction: {
    id: '01HQH14X4Y5HYMK9Q8FXC371MR',
    type: 'DEBIT',
    source: 'MANUAL_DEDUCTION',
    action: 'DELIVERY_DEDUCTION',
    userId: 'b58d3b54-8d52-4162-b7eb-44beb0254e50',
    paymentBalance: 8,
    updatePaymentBalance: true,
    metadata: '{"walletId":"wallet#b58d3b54-8d52-4162-b7eb-44beb0254e50","deliveryId":"cdb032ad-981a-4208-bd89-9d920daa5241","walletSk":"cdb032ad-981a-4208-bd89-9d920daa5241"}',
    currency: 'BHD',
    amount: 8,
    vat: 0,
    oldBalance: 16,
    newBalance: 8
  }
}

2024-02-25T21:01:17.859Z 2024-02-25T21:01:17.859Z	95689f82-5582-5d8e-b753-c1d7f95f9fab	INFO	SubscriptionBalanceUpdated event published

2024-02-25T21:01:17.871Z END RequestId: 95689f82-5582-5d8e-b753-c1d7f95f9fab

2024-02-25T21:01:17.871Z REPORT RequestId: 95689f82-5582-5d8e-b753-c1d7f95f9fab	Duration: 701.18 ms	Billed Duration: 702 ms	Memory Size: 1024 MB	Max Memory Used: 151 MB	

2024-02-25T21:01:02.918Z INIT_START Runtime Version: nodejs:20.v16	Runtime Version ARN: arn:aws:lambda:us-east-1::runtime:e06356b9cc317b394b345659ca7fe94e5360e45227db179a224757608b8effe6

2024-02-25T21:01:04.101Z START RequestId: cccf0081-6976-51d9-85c2-5ed4c5c893fc Version: $LATEST

2024-02-25T21:01:04.298Z 2024-02-25T21:01:04.298Z	cccf0081-6976-51d9-85c2-5ed4c5c893fc	INFO	Processing message fe50ff1e-7751-4da8-bd72-33669d6f6af9

2024-02-25T21:01:04.350Z 2024-02-25T21:01:04.350Z	cccf0081-6976-51d9-85c2-5ed4c5c893fc	INFO	Start syncing the balance {
  transaction: {
    id: '01HQH14DK1RC396GY0NCM3KCFQ',
    type: 'DEBIT',
    source: 'MANUAL_DEDUCTION',
    action: 'DELIVERY_DEDUCTION',
    userId: '650413b9-8bb5-4630-a004-e5b8c752334e',
    paymentBalance: 48,
    updatePaymentBalance: true,
    metadata: '{"walletId":"wallet#650413b9-8bb5-4630-a004-e5b8c752334e","deliveryId":"0f05d83c-a53f-4fbc-8c45-cc1d2b34be22","walletSk":"0f05d83c-a53f-4fbc-8c45-cc1d2b34be22"}',
    currency: 'BHD',
    amount: 8,
    vat: 0,
    oldBalance: 56,
    newBalance: 48
  }
}

2024-02-25T21:01:04.474Z 2024-02-25T21:01:04.474Z	cccf0081-6976-51d9-85c2-5ed4c5c893fc	INFO	SubscriptionBalanceUpdated event published

2024-02-25T21:01:04.524Z END RequestId: cccf0081-6976-51d9-85c2-5ed4c5c893fc

2024-02-25T21:01:04.524Z REPORT RequestId: cccf0081-6976-51d9-85c2-5ed4c5c893fc	Duration: 422.73 ms	Billed Duration: 423 ms	Memory Size: 1024 MB	Max Memory Used: 124 MB	Init Duration: 1181.60 ms	

