2024-04-21T12:24:17.954Z INIT_START Runtime Version: nodejs:20.v22	Runtime Version ARN: arn:aws:lambda:us-east-1::runtime:da57c20c4b965d5b75540f6865a35fc8030358e33ec44ecfed33e90901a27a72

2024-04-21T12:24:18.981Z START RequestId: 12b59a83-eb74-505e-bfb7-c41cecd0f042 Version: $LATEST

2024-04-21T12:24:19.125Z 2024-04-21T12:24:19.125Z	12b59a83-eb74-505e-bfb7-c41cecd0f042	INFO	Processing message a53a0b66-db4d-45df-ae5c-c2b8eb2998c4

2024-04-21T12:24:19.176Z 2024-04-21T12:24:19.176Z	12b59a83-eb74-505e-bfb7-c41cecd0f042	INFO	Start syncing the balance {
  transaction: {
    id: '01HW09TGMM42BW1G8G58YH63R4',
    type: 'DEBIT',
    source: 'MANUAL_DEDUCTION',
    action: 'CALO_TEAM_PERKS',
    userId: '80308098-8d24-4be6-96c2-f4c2c5e03699',
    paymentBalance: -131.29,
    updatePaymentBalance: true,
    metadata: '{"walletId":"wallet#80308098-8d24-4be6-96c2-f4c2c5e03699","walletSk":"4e91c62d-db3c-4482-a4ad-210bbe048161"}',
    currency: 'SAR',
    amount: 1739.13,
    vat: 0,
    oldBalance: 1607.84,
    newBalance: -131.29
  }
}

2024-04-21T12:24:19.178Z 2024-04-21T12:24:19.178Z	12b59a83-eb74-505e-bfb7-c41cecd0f042	INFO	{
  message: 'Subscriber will have a negative balance due to this action, the process will terminate.',
  data: {
    transactionId: '01HW09TGMM42BW1G8G58YH63R4',
    userId: '80308098-8d24-4be6-96c2-f4c2c5e03699',
    currentBalance: 1607.84,
    newBalance: -131.29
  }
}

2024-04-21T12:24:19.248Z END RequestId: 12b59a83-eb74-505e-bfb7-c41cecd0f042

2024-04-21T12:24:19.248Z REPORT RequestId: 12b59a83-eb74-505e-bfb7-c41cecd0f042	Duration: 266.88 ms	Billed Duration: 267 ms	Memory Size: 1024 MB	Max Memory Used: 119 MB	Init Duration: 1025.90 ms	

