2024-03-24T15:53:15.062Z INIT_START Runtime Version: nodejs:20.v19	Runtime Version ARN: arn:aws:lambda:us-east-1::runtime:2d68d583b872accb8815f845161e9bbabc6ac3ed4d0ab8c23e75f8788cf5444a

2024-03-24T15:53:16.094Z START RequestId: 16d6f6c0-187f-58cb-8069-a8ba56d8f1d2 Version: $LATEST

2024-03-24T15:53:16.230Z 2024-03-24T15:53:16.230Z	16d6f6c0-187f-58cb-8069-a8ba56d8f1d2	INFO	Processing message d4461c70-a0c8-468f-adb4-252059b4bbda

2024-03-24T15:53:16.290Z 2024-03-24T15:53:16.290Z	16d6f6c0-187f-58cb-8069-a8ba56d8f1d2	INFO	Start syncing the balance {
  transaction: {
    id: '01HSRJMZKQ6VJXEEKD6NPBCJ31',
    type: 'CREDIT',
    source: 'PAYMENT',
    action: 'RENEW_SUBSCRIPTION',
    userId: 'ec5a25e9-6a06-43fa-9eca-0e31ec111076',
    paymentBalance: 3434.878,
    updatePaymentBalance: true,
    metadata: '{"walletId":"wallet#ec5a25e9-6a06-43fa-9eca-0e31ec111076","planType":"custom","goal":"gainWeight","eventSessionId":"d5a0dde7-fbb1-46ca-b4e2-f2012c497e03","walletSk":"8e3d69a6-d292-4634-aa67-ff5b2d91f554","deliveryTime":"morning","dietType":"balanced","renewalDate":"2024-03-26","type":"userRenew","frequency":"monthly","subscriptionCost":216,"tier":"personalized","version2":true,"addonCosts":"{}","nextPlan":"{\\"id\\":\\"custom\\",\\"pricePerDay\\":9,\\"foodType\\":[\\"breakfast\\",\\"dinner\\",\\"lunch\\",\\"snack\\"],\\"frequency\\":\\"monthly\\",\\"dietType\\":\\"balanced\\",\\"type\\":\\"DATE_RANGE\\",\\"planPrice\\":216,\\"startDate\\":\\"2024-03-26\\",\\"deliveryDays\\":[0,1,2,3,4,6]}","addonSubscription":"[]"}',
    currency: 'BHD',
    amount: 237.6,
    vat: 21.6,
    oldBalance: 4.181,
    newBalance: 220.181
  }
}

2024-03-24T15:53:16.407Z 2024-03-24T15:53:16.407Z	16d6f6c0-187f-58cb-8069-a8ba56d8f1d2	INFO	SubscriptionBalanceUpdated event published

2024-03-24T15:53:16.448Z 2024-03-24T15:53:16.448Z	16d6f6c0-187f-58cb-8069-a8ba56d8f1d2	ERROR	Subscription balance and payment balance are not in sync {
  userId: 'ec5a25e9-6a06-43fa-9eca-0e31ec111076',
  subscriptionBalance: 220.181,
  paymentBalance: 3434.878
}

2024-03-24T15:53:16.478Z END RequestId: 16d6f6c0-187f-58cb-8069-a8ba56d8f1d2

2024-03-24T15:53:16.478Z REPORT RequestId: 16d6f6c0-187f-58cb-8069-a8ba56d8f1d2	Duration: 383.85 ms	Billed Duration: 384 ms	Memory Size: 1024 MB	Max Memory Used: 112 MB	Init Duration: 1030.63 ms	

