2024-04-04T10:49:39.075Z START RequestId: 296d6bcd-ae7f-5b30-ba93-35452990d500 Version: $LATEST

2024-04-04T10:49:39.206Z 2024-04-04T10:49:39.206Z	296d6bcd-ae7f-5b30-ba93-35452990d500	INFO	Processing message 1a2cf216-25ba-4fea-a5a6-54c99d8240dc

2024-04-04T10:49:39.231Z 2024-04-04T10:49:39.231Z	296d6bcd-ae7f-5b30-ba93-35452990d500	INFO	Start syncing the balance {
  transaction: {
    id: '01HTMBMHY4ZQT66YZ784YP1S80',
    type: 'CREDIT',
    source: 'PAYMENT',
    action: 'RENEW_SUBSCRIPTION',
    userId: '4ebacdb2-8ba4-43e6-8d49-838bca5247be',
    paymentBalance: 2191.452,
    updatePaymentBalance: true,
    metadata: '{"walletId":"wallet#4ebacdb2-8ba4-43e6-8d49-838bca5247be","eventSessionId":"d01066f3-9bc2-46d9-aeba-22b8c7af92cd","walletSk":"20b745d1-c24d-4f72-81ed-ebc040c6d777","deliveryTime":"\\"morning\\"","renewalDate":"2024-04-07","type":"autoRenew","frequency":"monthly","subscriptionCost":160,"deliveryDays":"[0,1,2,3,4]","addonCosts":"{}","nextPlan":"{\\"tier\\":\\"personalized\\",\\"deliveryDays\\":[0,1,2,3,4],\\"foodType\\":[\\"breakfast\\",\\"dinner\\",\\"lunch\\",\\"snack\\"],\\"dietType\\":\\"chef-picks\\",\\"id\\":\\"full\\",\\"type\\":\\"DATE_RANGE\\",\\"pricePerDay\\":8,\\"planPrice\\":160,\\"startDate\\":\\"2024-04-07\\",\\"frequency\\":\\"monthly\\"}","dayAllowance":0,"addonSubscription":"[]"}',
    currency: 'BHD',
    amount: 176,
    vat: 16,
    oldBalance: 0,
    newBalance: 160
  }
}

2024-04-04T10:49:39.298Z 2024-04-04T10:49:39.298Z	296d6bcd-ae7f-5b30-ba93-35452990d500	INFO	SubscriptionBalanceUpdated event published

2024-04-04T10:49:39.442Z 2024-04-04T10:49:39.442Z	296d6bcd-ae7f-5b30-ba93-35452990d500	ERROR	Subscription balance and payment balance are not in sync {
  userId: '4ebacdb2-8ba4-43e6-8d49-838bca5247be',
  subscriptionBalance: 160,
  paymentBalance: 2191.452
}

2024-04-04T10:49:39.460Z END RequestId: 296d6bcd-ae7f-5b30-ba93-35452990d500

2024-04-04T10:49:39.460Z REPORT RequestId: 296d6bcd-ae7f-5b30-ba93-35452990d500	Duration: 384.83 ms	Billed Duration: 385 ms	Memory Size: 1024 MB	Max Memory Used: 126 MB	

2024-04-04T10:50:01.828Z START RequestId: 55672771-1006-565e-8047-79f99811a145 Version: $LATEST

2024-04-04T10:50:01.885Z 2024-04-04T10:50:01.885Z	55672771-1006-565e-8047-79f99811a145	INFO	Processing message ec60fe50-987a-4eaa-9535-f4b82ebbac6a

2024-04-04T10:50:01.902Z 2024-04-04T10:50:01.902Z	55672771-1006-565e-8047-79f99811a145	INFO	Start syncing the balance {
  transaction: {
    id: '01HTMBNPD71CZGX2KMW5XZ642M',
    type: 'CREDIT',
    source: 'PAYMENT',
    action: 'RENEW_SUBSCRIPTION',
    userId: '4ebacdb2-8ba4-43e6-8d49-838bca5247be',
    paymentBalance: 2351.452,
    updatePaymentBalance: true,
    metadata: '{"walletId":"wallet#4ebacdb2-8ba4-43e6-8d49-838bca5247be","eventSessionId":"13a08236-f76a-4285-8f92-74f4aa3160ac","walletSk":"a0443163-9fd8-4393-9cb2-b754796522a7","deliveryTime":"\\"morning\\"","renewalDate":"2024-04-07","type":"autoRenew","frequency":"monthly","subscriptionCost":160,"deliveryDays":"[0,1,2,3,4]","addonCosts":"{}","nextPlan":"{\\"tier\\":\\"personalized\\",\\"deliveryDays\\":[0,1,2,3,4],\\"foodType\\":[\\"breakfast\\",\\"dinner\\",\\"lunch\\",\\"snack\\"],\\"dietType\\":\\"chef-picks\\",\\"id\\":\\"full\\",\\"type\\":\\"DATE_RANGE\\",\\"pricePerDay\\":8,\\"planPrice\\":160,\\"startDate\\":\\"2024-04-07\\",\\"frequency\\":\\"monthly\\"}","dayAllowance":0,"addonSubscription":"[]"}',
    currency: 'BHD',
    amount: 176,
    vat: 16,
    oldBalance: 0,
    newBalance: 160
  }
}

2024-04-04T10:50:01.997Z 2024-04-04T10:50:01.997Z	55672771-1006-565e-8047-79f99811a145	INFO	SubscriptionBalanceUpdated event published

2024-04-04T10:50:02.032Z 2024-04-04T10:50:02.032Z	55672771-1006-565e-8047-79f99811a145	ERROR	Subscription balance and payment balance are not in sync {
  userId: '4ebacdb2-8ba4-43e6-8d49-838bca5247be',
  subscriptionBalance: 160,
  paymentBalance: 2351.452
}

2024-04-04T10:50:02.051Z END RequestId: 55672771-1006-565e-8047-79f99811a145

2024-04-04T10:50:02.052Z REPORT RequestId: 55672771-1006-565e-8047-79f99811a145	Duration: 223.38 ms	Billed Duration: 224 ms	Memory Size: 1024 MB	Max Memory Used: 126 MB	

2024-04-04T10:47:15.646Z INIT_START Runtime Version: nodejs:20.v19	Runtime Version ARN: arn:aws:lambda:us-east-1::runtime:2d68d583b872accb8815f845161e9bbabc6ac3ed4d0ab8c23e75f8788cf5444a

2024-04-04T10:47:16.686Z START RequestId: 1f6fa883-d02d-5b93-9ab4-f60b574c45a3 Version: $LATEST

2024-04-04T10:47:16.843Z 2024-04-04T10:47:16.843Z	1f6fa883-d02d-5b93-9ab4-f60b574c45a3	INFO	Processing message 8d80f506-24ff-4f58-8b2f-0762914aba84

2024-04-04T10:47:16.887Z 2024-04-04T10:47:16.887Z	1f6fa883-d02d-5b93-9ab4-f60b574c45a3	INFO	Start syncing the balance {
  transaction: {
    id: '01HTMBGKF87181M46AESTV6JA7',
    type: 'CREDIT',
    source: 'PAYMENT',
    action: 'RENEW_SUBSCRIPTION',
    userId: '4ebacdb2-8ba4-43e6-8d49-838bca5247be',
    paymentBalance: 2016.452,
    updatePaymentBalance: true,
    metadata: '{"walletId":"wallet#4ebacdb2-8ba4-43e6-8d49-838bca5247be","eventSessionId":"9e500758-0dd3-4a85-a204-13e03a205d5a","walletSk":"a49e05d4-a5dc-4223-98be-7b6bf787642b","deliveryTime":"\\"morning\\"","renewalDate":"2024-04-07","type":"autoRenew","frequency":"monthly","subscriptionCost":160,"deliveryDays":"[0,1,2,3,4]","addonCosts":"{}","nextPlan":"{\\"tier\\":\\"personalized\\",\\"deliveryDays\\":[0,1,2,3,4],\\"foodType\\":[\\"breakfast\\",\\"dinner\\",\\"lunch\\",\\"snack\\"],\\"dietType\\":\\"chef-picks\\",\\"id\\":\\"full\\",\\"type\\":\\"DATE_RANGE\\",\\"pricePerDay\\":8,\\"planPrice\\":160,\\"startDate\\":\\"2024-04-07\\",\\"frequency\\":\\"monthly\\"}","dayAllowance":0,"addonSubscription":"[]"}',
    currency: 'BHD',
    amount: 159.5,
    vat: 14.5,
    oldBalance: 0,
    newBalance: 145
  }
}

2024-04-04T10:47:16.980Z 2024-04-04T10:47:16.980Z	1f6fa883-d02d-5b93-9ab4-f60b574c45a3	INFO	SubscriptionBalanceUpdated event published

2024-04-04T10:47:17.032Z 2024-04-04T10:47:17.032Z	1f6fa883-d02d-5b93-9ab4-f60b574c45a3	ERROR	Subscription balance and payment balance are not in sync {
  userId: '4ebacdb2-8ba4-43e6-8d49-838bca5247be',
  subscriptionBalance: 145,
  paymentBalance: 2016.452
}

2024-04-04T10:47:17.056Z END RequestId: 1f6fa883-d02d-5b93-9ab4-f60b574c45a3

2024-04-04T10:47:17.056Z REPORT RequestId: 1f6fa883-d02d-5b93-9ab4-f60b574c45a3	Duration: 369.83 ms	Billed Duration: 370 ms	Memory Size: 1024 MB	Max Memory Used: 116 MB	Init Duration: 1038.94 ms	

2024-04-04T10:47:20.347Z START RequestId: 63223859-172e-5337-806a-66d19049ecfe Version: $LATEST

2024-04-04T10:47:20.380Z 2024-04-04T10:47:20.380Z	63223859-172e-5337-806a-66d19049ecfe	INFO	Processing message 34281d46-48f2-4026-91b4-6727d58994d3

2024-04-04T10:47:20.387Z 2024-04-04T10:47:20.387Z	63223859-172e-5337-806a-66d19049ecfe	INFO	Start syncing the balance {
  transaction: {
    id: '01HTMBGRSF7DX5MQC12H73WTWQ',
    type: 'CREDIT',
    source: 'MANUAL_ADDITION',
    action: 'CUSTOMERS_CALO_EXPERIMENTS',
    userId: '4ebacdb2-8ba4-43e6-8d49-838bca5247be',
    paymentBalance: 2031.452,
    updatePaymentBalance: true,
    metadata: '{"walletId":"wallet#4ebacdb2-8ba4-43e6-8d49-838bca5247be","walletSk":"fb723153-986a-4713-805f-93057596e5f3"}',
    currency: 'BHD',
    amount: 15,
    vat: 0,
    oldBalance: 145,
    newBalance: 160
  }
}

2024-04-04T10:47:20.437Z 2024-04-04T10:47:20.437Z	63223859-172e-5337-806a-66d19049ecfe	INFO	SubscriptionBalanceUpdated event published

2024-04-04T10:47:20.451Z 2024-04-04T10:47:20.451Z	63223859-172e-5337-806a-66d19049ecfe	ERROR	Subscription balance and payment balance are not in sync {
  userId: '4ebacdb2-8ba4-43e6-8d49-838bca5247be',
  subscriptionBalance: 160,
  paymentBalance: 2031.452
}

2024-04-04T10:47:20.468Z END RequestId: 63223859-172e-5337-806a-66d19049ecfe

2024-04-04T10:47:20.468Z REPORT RequestId: 63223859-172e-5337-806a-66d19049ecfe	Duration: 121.27 ms	Billed Duration: 122 ms	Memory Size: 1024 MB	Max Memory Used: 116 MB	

2024-04-04T10:52:54.101Z START RequestId: 1d76575c-c853-574c-9636-09d440ea480b Version: $LATEST

2024-04-04T10:52:54.163Z 2024-04-04T10:52:54.163Z	1d76575c-c853-574c-9636-09d440ea480b	INFO	Processing message 4a360826-9176-4efa-93ef-acdbdb548ae9

2024-04-04T10:52:54.186Z 2024-04-04T10:52:54.186Z	1d76575c-c853-574c-9636-09d440ea480b	INFO	Start syncing the balance {
  transaction: {
    id: '01HTMBTYNJYQE77GY5V4FNDQR3',
    type: 'CREDIT',
    source: 'PAYMENT',
    action: 'RENEW_SUBSCRIPTION',
    userId: '4ebacdb2-8ba4-43e6-8d49-838bca5247be',
    paymentBalance: 2506.452,
    updatePaymentBalance: true,
    metadata: '{"walletId":"wallet#4ebacdb2-8ba4-43e6-8d49-838bca5247be","eventSessionId":"99002b80-3e65-45cf-bd61-79cedd904883","walletSk":"52c30096-1f84-40f2-8146-8eacce0c68f5","deliveryTime":"\\"morning\\"","renewalDate":"2024-04-07","type":"autoRenew","frequency":"monthly","subscriptionCost":160,"deliveryDays":"[0,1,2,3,4]","addonCosts":"{}","nextPlan":"{\\"tier\\":\\"personalized\\",\\"deliveryDays\\":[0,1,2,3,4],\\"foodType\\":[\\"breakfast\\",\\"dinner\\",\\"lunch\\",\\"snack\\"],\\"dietType\\":\\"chef-picks\\",\\"id\\":\\"full\\",\\"type\\":\\"DATE_RANGE\\",\\"pricePerDay\\":8,\\"planPrice\\":160,\\"startDate\\":\\"2024-04-07\\",\\"frequency\\":\\"monthly\\"}","dayAllowance":0,"addonSubscription":"[]"}',
    currency: 'BHD',
    amount: 170.5,
    vat: 15.5,
    oldBalance: 0,
    newBalance: 155
  }
}

2024-04-04T10:52:54.252Z 2024-04-04T10:52:54.252Z	1d76575c-c853-574c-9636-09d440ea480b	INFO	SubscriptionBalanceUpdated event published

2024-04-04T10:52:54.290Z 2024-04-04T10:52:54.290Z	1d76575c-c853-574c-9636-09d440ea480b	ERROR	Subscription balance and payment balance are not in sync {
  userId: '4ebacdb2-8ba4-43e6-8d49-838bca5247be',
  subscriptionBalance: 155,
  paymentBalance: 2506.452
}

2024-04-04T10:52:54.310Z END RequestId: 1d76575c-c853-574c-9636-09d440ea480b

2024-04-04T10:52:54.310Z REPORT RequestId: 1d76575c-c853-574c-9636-09d440ea480b	Duration: 208.70 ms	Billed Duration: 209 ms	Memory Size: 1024 MB	Max Memory Used: 126 MB	
XRAY TraceId: 1-660e8686-9b6f10792c4bf1ef81ec83de	SegmentId: 4b64f52a36d3056e	Sampled: true	

2024-04-04T10:52:56.935Z START RequestId: 1c815383-3441-544d-ac6d-0d0bbcfbf356 Version: $LATEST

2024-04-04T10:52:56.966Z 2024-04-04T10:52:56.966Z	1c815383-3441-544d-ac6d-0d0bbcfbf356	INFO	Processing message 9bbbc665-6e84-4656-9259-beac68ef5757

2024-04-04T10:52:56.971Z 2024-04-04T10:52:56.971Z	1c815383-3441-544d-ac6d-0d0bbcfbf356	INFO	Start syncing the balance {
  transaction: {
    id: '01HTMBV13NHTPNNSFH2FMDFYWC',
    type: 'CREDIT',
    source: 'MANUAL_ADDITION',
    action: 'CUSTOMERS_CALO_EXPERIMENTS',
    userId: '4ebacdb2-8ba4-43e6-8d49-838bca5247be',
    paymentBalance: 2511.452,
    updatePaymentBalance: true,
    metadata: '{"walletId":"wallet#4ebacdb2-8ba4-43e6-8d49-838bca5247be","walletSk":"83c96a5c-1cd4-429f-9549-7e9b6caa0d67"}',
    currency: 'BHD',
    amount: 5,
    vat: 0,
    oldBalance: 155,
    newBalance: 160
  }
}

2024-04-04T10:52:57.020Z 2024-04-04T10:52:57.020Z	1c815383-3441-544d-ac6d-0d0bbcfbf356	INFO	SubscriptionBalanceUpdated event published

2024-04-04T10:52:57.032Z 2024-04-04T10:52:57.032Z	1c815383-3441-544d-ac6d-0d0bbcfbf356	ERROR	Subscription balance and payment balance are not in sync {
  userId: '4ebacdb2-8ba4-43e6-8d49-838bca5247be',
  subscriptionBalance: 160,
  paymentBalance: 2511.452
}

2024-04-04T10:52:57.053Z END RequestId: 1c815383-3441-544d-ac6d-0d0bbcfbf356

2024-04-04T10:52:57.053Z REPORT RequestId: 1c815383-3441-544d-ac6d-0d0bbcfbf356	Duration: 117.61 ms	Billed Duration: 118 ms	Memory Size: 1024 MB	Max Memory Used: 126 MB	
XRAY TraceId: 1-660e8688-9de57bfae9aee2c0dd8eb2e7	SegmentId: 05968aee5aaf6211	Sampled: true	

