2024-04-07T19:40:06.679Z INIT_START Runtime Version: nodejs:20.v19	Runtime Version ARN: arn:aws:lambda:us-east-1::runtime:2d68d583b872accb8815f845161e9bbabc6ac3ed4d0ab8c23e75f8788cf5444a

2024-04-07T19:40:07.692Z START RequestId: 8dab7a47-0f1a-5be5-9874-24cbf7d9f4ed Version: $LATEST

2024-04-07T19:40:07.847Z 2024-04-07T19:40:07.847Z	8dab7a47-0f1a-5be5-9874-24cbf7d9f4ed	INFO	Processing message de1634a1-b890-4fae-a97f-0b6c43d26db6

2024-04-07T19:40:07.895Z 2024-04-07T19:40:07.895Z	8dab7a47-0f1a-5be5-9874-24cbf7d9f4ed	INFO	Start syncing the balance {
  transaction: {
    id: '01HTX16DRV4E9B9T96HF93MQYY',
    type: 'CREDIT',
    source: 'MANUAL_ADDITION',
    action: 'CALO_TEAM_PERKS',
    userId: 'ada642e4-bef1-4fd9-8b93-7f3f3813ae19',
    paymentBalance: 145.091,
    updatePaymentBalance: true,
    metadata: '{"walletId":"wallet#ada642e4-bef1-4fd9-8b93-7f3f3813ae19","walletSk":"51ca8a98-6788-4762-b002-5c62c7f5ed21"}',
    currency: 'BHD',
    amount: 9.091,
    vat: 0,
    oldBalance: 152,
    newBalance: 161.091
  }
}

2024-04-07T19:40:07.991Z 2024-04-07T19:40:07.991Z	8dab7a47-0f1a-5be5-9874-24cbf7d9f4ed	INFO	SubscriptionBalanceUpdated event published

2024-04-07T19:40:08.035Z 2024-04-07T19:40:08.035Z	8dab7a47-0f1a-5be5-9874-24cbf7d9f4ed	ERROR	Subscription balance and payment balance are not in sync {
  userId: 'ada642e4-bef1-4fd9-8b93-7f3f3813ae19',
  subscriptionBalance: 161.091,
  paymentBalance: 145.091
}

2024-04-07T19:40:08.068Z END RequestId: 8dab7a47-0f1a-5be5-9874-24cbf7d9f4ed

2024-04-07T19:40:08.068Z REPORT RequestId: 8dab7a47-0f1a-5be5-9874-24cbf7d9f4ed	Duration: 375.58 ms	Billed Duration: 376 ms	Memory Size: 1024 MB	Max Memory Used: 115 MB	Init Duration: 1012.23 ms	

