2024-05-16T17:58:51.823Z INIT_START Runtime Version: nodejs:20.v22	Runtime Version ARN: arn:aws:lambda:us-east-1::runtime:da57c20c4b965d5b75540f6865a35fc8030358e33ec44ecfed33e90901a27a72

2024-05-16T17:58:52.811Z START RequestId: 5771efd3-2c91-5042-a8d3-b113671ab65b Version: $LATEST

2024-05-16T17:58:52.961Z 2024-05-16T17:58:52.961Z	5771efd3-2c91-5042-a8d3-b113671ab65b	INFO	Processing message a2314d4d-5712-442b-a662-cb93b0dd470c

2024-05-16T17:58:53.010Z 2024-05-16T17:58:53.010Z	5771efd3-2c91-5042-a8d3-b113671ab65b	INFO	Start syncing the balance {
  transaction: {
    id: '01HY18X2WNVA6MXA2H0P3DRNKA',
    type: 'CREDIT',
    source: 'MANUAL_ADDITION',
    action: 'COMPENSATION',
    userId: 'e2bd0a8e-4904-4615-9c70-5c0c67a129c0',
    paymentBalance: 1532.61,
    updatePaymentBalance: true,
    metadata: '{"walletId":"wallet#e2bd0a8e-4904-4615-9c70-5c0c67a129c0","walletSk":"078530f2-5cd5-4514-a34e-af78fb5f183e"}',
    currency: 'SAR',
    amount: 2.61,
    vat: 0,
    oldBalance: 3330,
    newBalance: 3332.61
  }
}

2024-05-16T17:58:53.154Z 2024-05-16T17:58:53.154Z	5771efd3-2c91-5042-a8d3-b113671ab65b	INFO	SubscriptionBalanceUpdated event published

2024-05-16T17:58:53.195Z 2024-05-16T17:58:53.195Z	5771efd3-2c91-5042-a8d3-b113671ab65b	ERROR	Subscription balance and payment balance are not in sync {
  userId: 'e2bd0a8e-4904-4615-9c70-5c0c67a129c0',
  subscriptionBalance: 3332.61,
  paymentBalance: 1532.61
}

2024-05-16T17:58:53.231Z END RequestId: 5771efd3-2c91-5042-a8d3-b113671ab65b

2024-05-16T17:58:53.231Z REPORT RequestId: 5771efd3-2c91-5042-a8d3-b113671ab65b	Duration: 419.72 ms	Billed Duration: 420 ms	Memory Size: 1024 MB	Max Memory Used: 120 MB	Init Duration: 987.16 ms	

