2024-05-09T21:01:04.338Z INIT_START Runtime Version: nodejs:20.v22	Runtime Version ARN: arn:aws:lambda:us-east-1::runtime:da57c20c4b965d5b75540f6865a35fc8030358e33ec44ecfed33e90901a27a72

2024-05-09T21:01:05.365Z START RequestId: e73c8d80-cee7-50bf-aa15-d337f52494b9 Version: $LATEST

2024-05-09T21:01:05.536Z 2024-05-09T21:01:05.536Z	e73c8d80-cee7-50bf-aa15-d337f52494b9	INFO	Processing message b9e81700-52aa-4fa4-b0a1-716bd6601320

2024-05-09T21:01:05.604Z 2024-05-09T21:01:05.604Z	e73c8d80-cee7-50bf-aa15-d337f52494b9	INFO	Start syncing the balance {
  transaction: {
    id: '01HXFJHPD05ZE4ZKC089XZAT7A',
    type: 'DEBIT',
    source: 'MANUAL_DEDUCTION',
    action: 'DELIVERY_DEDUCTION',
    userId: '67c42c0a-38dc-4917-b323-f8e7e0a5e9cb',
    paymentBalance: 9994.317,
    updatePaymentBalance: true,
    metadata: '{"walletId":"wallet#67c42c0a-38dc-4917-b323-f8e7e0a5e9cb","deliveryId":"840fdba5-f169-41a9-a56e-6f01d9904ec6","walletSk":"840fdba5-f169-41a9-a56e-6f01d9904ec6"}',
    currency: 'BHD',
    amount: 8.25,
    vat: 0,
    oldBalance: 10002.567,
    newBalance: 9994.317
  }
}

2024-05-09T21:01:05.738Z 2024-05-09T21:01:05.738Z	e73c8d80-cee7-50bf-aa15-d337f52494b9	INFO	SubscriptionBalanceUpdated event published

2024-05-09T21:01:05.777Z END RequestId: e73c8d80-cee7-50bf-aa15-d337f52494b9

2024-05-09T21:01:05.777Z REPORT RequestId: e73c8d80-cee7-50bf-aa15-d337f52494b9	Duration: 412.50 ms	Billed Duration: 413 ms	Memory Size: 1024 MB	Max Memory Used: 119 MB	Init Duration: 1025.86 ms	

2024-05-09T21:01:07.021Z START RequestId: 9bf1824a-6a4c-5686-97cb-dcfd519fc280 Version: $LATEST

2024-05-09T21:01:07.051Z 2024-05-09T21:01:07.051Z	9bf1824a-6a4c-5686-97cb-dcfd519fc280	INFO	Processing message 433d8aca-5e72-4b5c-a92c-df5f99533fc6

2024-05-09T21:01:07.060Z 2024-05-09T21:01:07.060Z	9bf1824a-6a4c-5686-97cb-dcfd519fc280	INFO	Start syncing the balance {
  transaction: {
    id: '01HXFJHRF2D9V4TSE0TKA01VZZ',
    type: 'DEBIT',
    source: 'MANUAL_DEDUCTION',
    action: 'DELIVERY_DEDUCTION',
    userId: 'b6e8cafc-c00f-4c97-8791-1fcf03973615',
    paymentBalance: 990,
    updatePaymentBalance: true,
    metadata: '{"walletId":"wallet#b6e8cafc-c00f-4c97-8791-1fcf03973615","deliveryId":"4393a357-9898-430e-94d1-70f39726dfc0","walletSk":"4393a357-9898-430e-94d1-70f39726dfc0"}',
    currency: 'SAR',
    amount: 90,
    vat: 0,
    oldBalance: 1080,
    newBalance: 990
  }
}

2024-05-09T21:01:07.147Z 2024-05-09T21:01:07.147Z	9bf1824a-6a4c-5686-97cb-dcfd519fc280	INFO	SubscriptionBalanceUpdated event published

2024-05-09T21:01:07.161Z 2024-05-09T21:01:07.161Z	9bf1824a-6a4c-5686-97cb-dcfd519fc280	INFO	Processing message 0e94eecb-800f-481f-a025-c12d06d031ff

2024-05-09T21:01:07.169Z 2024-05-09T21:01:07.169Z	9bf1824a-6a4c-5686-97cb-dcfd519fc280	INFO	Start syncing the balance {
  transaction: {
    id: '01HXFJHRJNMVNJWBGV3MJWKQV1',
    type: 'DEBIT',
    source: 'MANUAL_DEDUCTION',
    action: 'DELIVERY_DEDUCTION',
    userId: '45d9c6e4-9f0a-4a69-bc00-e458ca88b271',
    paymentBalance: 12054.52,
    updatePaymentBalance: true,
    metadata: '{"walletId":"wallet#45d9c6e4-9f0a-4a69-bc00-e458ca88b271","deliveryId":"558601fd-a316-48e6-a20d-c7a1fe1250b9","walletSk":"558601fd-a316-48e6-a20d-c7a1fe1250b9"}',
    currency: 'SAR',
    amount: 84.91,
    vat: 0,
    oldBalance: 12139.43,
    newBalance: 12054.52
  }
}

2024-05-09T21:01:07.217Z 2024-05-09T21:01:07.217Z	9bf1824a-6a4c-5686-97cb-dcfd519fc280	INFO	SubscriptionBalanceUpdated event published

2024-05-09T21:01:07.232Z 2024-05-09T21:01:07.232Z	9bf1824a-6a4c-5686-97cb-dcfd519fc280	INFO	Processing message 1d2a04e6-dc3c-4ef6-8f93-d7e99a5769e8

2024-05-09T21:01:07.239Z 2024-05-09T21:01:07.239Z	9bf1824a-6a4c-5686-97cb-dcfd519fc280	INFO	Start syncing the balance {
  transaction: {
    id: '01HXFJHQYGPNWRR4ZRN4QH17Q6',
    type: 'DEBIT',
    source: 'MANUAL_DEDUCTION',
    action: 'DELIVERY_DEDUCTION',
    userId: 'd1dd9965-7990-42dd-9b87-0012f71f3dcd',
    paymentBalance: 900,
    updatePaymentBalance: true,
    metadata: '{"walletId":"wallet#d1dd9965-7990-42dd-9b87-0012f71f3dcd","deliveryId":"e49e6020-452d-45b8-9387-27b5204b24f1","walletSk":"e49e6020-452d-45b8-9387-27b5204b24f1"}',
    currency: 'SAR',
    amount: 90,
    vat: 0,
    oldBalance: 990,
    newBalance: 900
  }
}

2024-05-09T21:01:07.297Z 2024-05-09T21:01:07.297Z	9bf1824a-6a4c-5686-97cb-dcfd519fc280	INFO	SubscriptionBalanceUpdated event published

2024-05-09T21:01:07.312Z 2024-05-09T21:01:07.312Z	9bf1824a-6a4c-5686-97cb-dcfd519fc280	INFO	Processing message 7af1229e-0818-45ac-b304-3ca52c5d4072

2024-05-09T21:01:07.319Z 2024-05-09T21:01:07.319Z	9bf1824a-6a4c-5686-97cb-dcfd519fc280	INFO	Start syncing the balance {
  transaction: {
    id: '01HXFJHR0PQ2WSGSX9HMSHYHPF',
    type: 'DEBIT',
    source: 'MANUAL_DEDUCTION',
    action: 'DELIVERY_DEDUCTION',
    userId: 'bdb2a839-1a4c-42df-852b-aa3122496538',
    paymentBalance: 2008.7,
    updatePaymentBalance: true,
    metadata: '{"walletId":"wallet#bdb2a839-1a4c-42df-852b-aa3122496538","deliveryId":"46337519-7c1e-4964-8134-1559541b7ded","walletSk":"46337519-7c1e-4964-8134-1559541b7ded"}',
    currency: 'SAR',
    amount: 95.65,
    vat: 0,
    oldBalance: 2104.35,
    newBalance: 2008.7
  }
}

2024-05-09T21:01:07.366Z 2024-05-09T21:01:07.366Z	9bf1824a-6a4c-5686-97cb-dcfd519fc280	INFO	SubscriptionBalanceUpdated event published

2024-05-09T21:01:07.554Z 2024-05-09T21:01:07.554Z	9bf1824a-6a4c-5686-97cb-dcfd519fc280	INFO	Processing message 1a6881bf-6601-4375-ac15-471948bde0e3

2024-05-09T21:01:07.561Z 2024-05-09T21:01:07.561Z	9bf1824a-6a4c-5686-97cb-dcfd519fc280	INFO	Start syncing the balance {
  transaction: {
    id: '01HXFJHR8S2TAWADHQ71R1VG4R',
    type: 'DEBIT',
    source: 'MANUAL_DEDUCTION',
    action: 'DELIVERY_DEDUCTION',
    userId: '1963eefb-4ac2-423c-bcd2-c113600309a6',
    paymentBalance: 900,
    updatePaymentBalance: true,
    metadata: '{"walletId":"wallet#1963eefb-4ac2-423c-bcd2-c113600309a6","deliveryId":"e7c3ac2e-6bb8-42f1-b540-59e2185157d1","walletSk":"e7c3ac2e-6bb8-42f1-b540-59e2185157d1"}',
    currency: 'SAR',
    amount: 90,
    vat: 0,
    oldBalance: 990,
    newBalance: 900
  }
}

2024-05-09T21:01:07.614Z 2024-05-09T21:01:07.614Z	9bf1824a-6a4c-5686-97cb-dcfd519fc280	INFO	SubscriptionBalanceUpdated event published

2024-05-09T21:01:07.629Z 2024-05-09T21:01:07.629Z	9bf1824a-6a4c-5686-97cb-dcfd519fc280	INFO	Processing message cbfcc8e7-27ec-4f17-823c-ad8192ebfa09

2024-05-09T21:01:07.636Z 2024-05-09T21:01:07.636Z	9bf1824a-6a4c-5686-97cb-dcfd519fc280	INFO	Start syncing the balance {
  transaction: {
    id: '01HXFJHR3B6FTB0S763DHKG31J',
    type: 'DEBIT',
    source: 'MANUAL_DEDUCTION',
    action: 'DELIVERY_DEDUCTION',
    userId: 'fa868335-ad20-473c-8442-c67a9ef35b23',
    paymentBalance: 83.341,
    updatePaymentBalance: true,
    metadata: '{"walletId":"wallet#fa868335-ad20-473c-8442-c67a9ef35b23","deliveryId":"772638d6-782c-4492-b967-59667e6b76c5","walletSk":"772638d6-782c-4492-b967-59667e6b76c5"}',
    currency: 'BHD',
    amount: 9,
    vat: 0,
    oldBalance: 212.341,
    newBalance: 203.341
  }
}

2024-05-09T21:01:07.680Z 2024-05-09T21:01:07.680Z	9bf1824a-6a4c-5686-97cb-dcfd519fc280	INFO	SubscriptionBalanceUpdated event published

2024-05-09T21:01:07.695Z 2024-05-09T21:01:07.695Z	9bf1824a-6a4c-5686-97cb-dcfd519fc280	ERROR	Subscription balance and payment balance are not in sync {
  userId: 'fa868335-ad20-473c-8442-c67a9ef35b23',
  subscriptionBalance: 203.341,
  paymentBalance: 83.341
}

2024-05-09T21:01:07.716Z END RequestId: 9bf1824a-6a4c-5686-97cb-dcfd519fc280

2024-05-09T21:01:07.716Z REPORT RequestId: 9bf1824a-6a4c-5686-97cb-dcfd519fc280	Duration: 694.32 ms	Billed Duration: 695 ms	Memory Size: 1024 MB	Max Memory Used: 122 MB	

