2024-05-20T06:54:23.602Z START RequestId: eaac02dc-e394-51a4-bce6-5c18165f6eac Version: $LATEST

2024-05-20T06:54:23.629Z 2024-05-20T06:54:23.629Z	eaac02dc-e394-51a4-bce6-5c18165f6eac	INFO	Processing message 3bb7a9ee-4edb-46f0-9ef8-819a02d5101a

2024-05-20T06:54:23.635Z 2024-05-20T06:54:23.635Z	eaac02dc-e394-51a4-bce6-5c18165f6eac	INFO	Start syncing the balance {
  transaction: {
    id: '01HYACENZY1MSFYBQN944RFJJJ',
    type: 'CREDIT',
    source: 'MANUAL_ADDITION',
    action: 'ADD',
    userId: '77c9c91b-d813-4b25-95ce-b0973137e030',
    paymentBalance: 538.2,
    updatePaymentBalance: true,
    metadata: '{"walletId":"wallet#77c9c91b-d813-4b25-95ce-b0973137e030","walletSk":"61708198-3181-4ac5-8c5f-4ac03b2bb659"}',
    currency: 'BHD',
    amount: 100,
    vat: 0,
    oldBalance: 438.2,
    newBalance: 538.2
  }
}

2024-05-20T06:54:23.700Z 2024-05-20T06:54:23.700Z	eaac02dc-e394-51a4-bce6-5c18165f6eac	INFO	SubscriptionBalanceUpdated event published

2024-05-20T06:54:23.735Z END RequestId: eaac02dc-e394-51a4-bce6-5c18165f6eac

2024-05-20T06:54:23.735Z REPORT RequestId: eaac02dc-e394-51a4-bce6-5c18165f6eac	Duration: 133.05 ms	Billed Duration: 134 ms	Memory Size: 1024 MB	Max Memory Used: 127 MB	

2024-05-20T06:38:49.851Z START RequestId: 02dfe3bc-7e12-5c7f-b241-bd788c25817e Version: $LATEST

2024-05-20T06:38:50.058Z 2024-05-20T06:38:50.058Z	02dfe3bc-7e12-5c7f-b241-bd788c25817e	INFO	Processing message c41205a9-a02e-4bcf-8bb5-51e034fdc169

2024-05-20T06:38:50.087Z 2024-05-20T06:38:50.087Z	02dfe3bc-7e12-5c7f-b241-bd788c25817e	INFO	Start syncing the balance {
  transaction: {
    id: '01HYABJSHZX72VR92GMQ8H2FAZ',
    type: 'CREDIT',
    source: 'MANUAL_ADDITION',
    action: 'ADD',
    userId: '6f19e21c-ef6b-4f56-9d4d-9f17262be110',
    paymentBalance: 2835.932,
    updatePaymentBalance: true,
    metadata: '{"walletId":"wallet#6f19e21c-ef6b-4f56-9d4d-9f17262be110","walletSk":"61302f95-1d1c-4364-a67a-386f7a603906"}',
    currency: 'BHD',
    amount: 110,
    vat: 10,
    oldBalance: 352,
    newBalance: 452
  }
}

2024-05-20T06:38:50.200Z 2024-05-20T06:38:50.200Z	02dfe3bc-7e12-5c7f-b241-bd788c25817e	INFO	SubscriptionBalanceUpdated event published

2024-05-20T06:38:50.235Z 2024-05-20T06:38:50.235Z	02dfe3bc-7e12-5c7f-b241-bd788c25817e	ERROR	Subscription balance and payment balance are not in sync {
  userId: '6f19e21c-ef6b-4f56-9d4d-9f17262be110',
  subscriptionBalance: 452,
  paymentBalance: 2835.932
}

2024-05-20T06:38:50.265Z END RequestId: 02dfe3bc-7e12-5c7f-b241-bd788c25817e

2024-05-20T06:38:50.265Z REPORT RequestId: 02dfe3bc-7e12-5c7f-b241-bd788c25817e	Duration: 414.33 ms	Billed Duration: 415 ms	Memory Size: 1024 MB	Max Memory Used: 127 MB	

2024-05-20T06:38:50.516Z START RequestId: 08925842-53f4-5981-9131-0686a1cd6480 Version: $LATEST

2024-05-20T06:38:50.543Z 2024-05-20T06:38:50.543Z	08925842-53f4-5981-9131-0686a1cd6480	INFO	Processing message a01818d9-83d1-4b89-baca-90f765ae35d5

2024-05-20T06:38:50.580Z 2024-05-20T06:38:50.580Z	08925842-53f4-5981-9131-0686a1cd6480	INFO	Start syncing the balance {
  transaction: {
    id: '01HYABJSQ0PGY88N64Y7G28A5H',
    type: 'CREDIT',
    source: 'MANUAL_ADDITION',
    action: 'ADD',
    userId: 'f50d0778-fab9-47c1-bf7d-a23e9649e127',
    paymentBalance: 9473.908,
    updatePaymentBalance: true,
    metadata: '{"walletId":"wallet#f50d0778-fab9-47c1-bf7d-a23e9649e127","walletSk":"7d92715d-bc12-417b-8fff-e41b7d5a950c"}',
    currency: 'BHD',
    amount: 110,
    vat: 10,
    oldBalance: 9373.908,
    newBalance: 9473.908
  }
}

2024-05-20T06:38:50.654Z 2024-05-20T06:38:50.654Z	08925842-53f4-5981-9131-0686a1cd6480	INFO	SubscriptionBalanceUpdated event published

2024-05-20T06:38:50.666Z END RequestId: 08925842-53f4-5981-9131-0686a1cd6480

2024-05-20T06:38:50.666Z REPORT RequestId: 08925842-53f4-5981-9131-0686a1cd6480	Duration: 150.46 ms	Billed Duration: 151 ms	Memory Size: 1024 MB	Max Memory Used: 127 MB	

2024-05-20T06:38:50.721Z START RequestId: 49a3c3e6-c73a-5c4b-89aa-9d223503f14a Version: $LATEST

2024-05-20T06:38:50.752Z 2024-05-20T06:38:50.752Z	49a3c3e6-c73a-5c4b-89aa-9d223503f14a	INFO	Processing message 50b38265-161e-4f18-9d46-033c79e6a3b9

2024-05-20T06:38:50.760Z 2024-05-20T06:38:50.760Z	49a3c3e6-c73a-5c4b-89aa-9d223503f14a	INFO	Start syncing the balance {
  transaction: {
    id: '01HYABJSN00HXW4R9HBWGTQVPV',
    type: 'CREDIT',
    source: 'MANUAL_ADDITION',
    action: 'ADD',
    userId: '67c42c0a-38dc-4917-b323-f8e7e0a5e9cb',
    paymentBalance: 10320.067,
    updatePaymentBalance: true,
    metadata: '{"walletId":"wallet#67c42c0a-38dc-4917-b323-f8e7e0a5e9cb","walletSk":"a3db3bf5-dfa0-4524-abda-3c3ff0851fd3"}',
    currency: 'BHD',
    amount: 110,
    vat: 10,
    oldBalance: 10220.067,
    newBalance: 10320.067
  }
}

2024-05-20T06:38:50.804Z 2024-05-20T06:38:50.804Z	49a3c3e6-c73a-5c4b-89aa-9d223503f14a	INFO	SubscriptionBalanceUpdated event published

2024-05-20T06:38:50.818Z END RequestId: 49a3c3e6-c73a-5c4b-89aa-9d223503f14a

2024-05-20T06:38:50.818Z REPORT RequestId: 49a3c3e6-c73a-5c4b-89aa-9d223503f14a	Duration: 97.26 ms	Billed Duration: 98 ms	Memory Size: 1024 MB	Max Memory Used: 127 MB	

2024-05-20T06:44:55.609Z START RequestId: 0eab22be-7f01-54bc-b141-7c7a8ca3e23a Version: $LATEST

2024-05-20T06:44:55.660Z 2024-05-20T06:44:55.660Z	0eab22be-7f01-54bc-b141-7c7a8ca3e23a	INFO	Processing message b1f7a9d9-5294-4ba6-b358-595c084bea41

2024-05-20T06:44:55.682Z 2024-05-20T06:44:55.682Z	0eab22be-7f01-54bc-b141-7c7a8ca3e23a	INFO	Start syncing the balance {
  transaction: {
    id: '01HYABXZ0JHZQKFM7958D44W0E',
    type: 'DEBIT',
    source: 'MANUAL_DEDUCTION',
    action: 'REMOVE',
    userId: '5cf444b8-09b4-4a03-b22d-f3141a817dd8',
    paymentBalance: -8,
    updatePaymentBalance: true,
    metadata: '{"walletId":"wallet#5cf444b8-09b4-4a03-b22d-f3141a817dd8","walletSk":"b278df99-feda-4fdf-91e7-1a313753c2e6"}',
    currency: 'BHD',
    amount: 0,
    vat: 0,
    oldBalance: 0,
    newBalance: 0
  }
}

2024-05-20T06:44:55.767Z 2024-05-20T06:44:55.767Z	0eab22be-7f01-54bc-b141-7c7a8ca3e23a	INFO	SubscriptionBalanceUpdated event published

2024-05-20T06:44:56.057Z 2024-05-20T06:44:56.057Z	0eab22be-7f01-54bc-b141-7c7a8ca3e23a	ERROR	Subscription balance and payment balance are not in sync {
  userId: '5cf444b8-09b4-4a03-b22d-f3141a817dd8',
  subscriptionBalance: 0,
  paymentBalance: -8
}

2024-05-20T06:44:56.074Z END RequestId: 0eab22be-7f01-54bc-b141-7c7a8ca3e23a

2024-05-20T06:44:56.074Z REPORT RequestId: 0eab22be-7f01-54bc-b141-7c7a8ca3e23a	Duration: 465.68 ms	Billed Duration: 466 ms	Memory Size: 1024 MB	Max Memory Used: 127 MB	

2024-05-20T06:44:56.091Z START RequestId: e966f257-243f-5287-8ec9-ac93d798c401 Version: $LATEST

2024-05-20T06:44:56.117Z 2024-05-20T06:44:56.117Z	e966f257-243f-5287-8ec9-ac93d798c401	INFO	Processing message 542065a8-5709-4fe3-b534-c722ac0135d2

2024-05-20T06:44:56.122Z 2024-05-20T06:44:56.122Z	e966f257-243f-5287-8ec9-ac93d798c401	INFO	Start syncing the balance {
  transaction: {
    id: '01HYABXZ4G19YJF6B8ZT6TPD69',
    type: 'CREDIT',
    source: 'MANUAL_ADDITION',
    action: 'ADD',
    userId: '5cf444b8-09b4-4a03-b22d-f3141a817dd8',
    paymentBalance: 92,
    updatePaymentBalance: true,
    metadata: '{"walletId":"wallet#5cf444b8-09b4-4a03-b22d-f3141a817dd8","walletSk":"aa304b7f-26a5-4ba3-b4e8-174b817b690e"}',
    currency: 'BHD',
    amount: 100,
    vat: 0,
    oldBalance: 0,
    newBalance: 100
  }
}

2024-05-20T06:44:56.168Z 2024-05-20T06:44:56.168Z	e966f257-243f-5287-8ec9-ac93d798c401	INFO	SubscriptionBalanceUpdated event published

2024-05-20T06:44:56.179Z 2024-05-20T06:44:56.179Z	e966f257-243f-5287-8ec9-ac93d798c401	ERROR	Subscription balance and payment balance are not in sync {
  userId: '5cf444b8-09b4-4a03-b22d-f3141a817dd8',
  subscriptionBalance: 100,
  paymentBalance: 92
}

2024-05-20T06:44:56.196Z END RequestId: e966f257-243f-5287-8ec9-ac93d798c401

2024-05-20T06:44:56.196Z REPORT RequestId: e966f257-243f-5287-8ec9-ac93d798c401	Duration: 105.29 ms	Billed Duration: 106 ms	Memory Size: 1024 MB	Max Memory Used: 127 MB	
XRAY TraceId: 1-664af168-469c4c8c85e297dddb297969	SegmentId: 52e95cc6628a6ce4	Sampled: true	

2024-05-20T06:44:58.978Z START RequestId: f0abd0f2-1cdc-59c9-aaa4-8e36ef7b313a Version: $LATEST

2024-05-20T06:44:59.005Z 2024-05-20T06:44:59.005Z	f0abd0f2-1cdc-59c9-aaa4-8e36ef7b313a	INFO	Processing message 6a4c0385-815b-4750-b368-b6dd5760715a

2024-05-20T06:44:59.011Z 2024-05-20T06:44:59.011Z	f0abd0f2-1cdc-59c9-aaa4-8e36ef7b313a	INFO	Start syncing the balance {
  transaction: {
    id: '01HYABXZ7HDSY1ZH9M80T6YX6X',
    type: 'CREDIT',
    source: 'MANUAL_ADDITION',
    action: 'ADD',
    userId: '77c9c91b-d813-4b25-95ce-b0973137e030',
    paymentBalance: 338.2,
    updatePaymentBalance: true,
    metadata: '{"walletId":"wallet#77c9c91b-d813-4b25-95ce-b0973137e030","walletSk":"0090af27-6538-4e3e-8569-a1b1f03dd85b"}',
    currency: 'BHD',
    amount: 100,
    vat: 0,
    oldBalance: 238.2,
    newBalance: 338.2
  }
}

2024-05-20T06:44:59.054Z 2024-05-20T06:44:59.054Z	f0abd0f2-1cdc-59c9-aaa4-8e36ef7b313a	INFO	SubscriptionBalanceUpdated event published

2024-05-20T06:44:59.083Z END RequestId: f0abd0f2-1cdc-59c9-aaa4-8e36ef7b313a

2024-05-20T06:44:59.083Z REPORT RequestId: f0abd0f2-1cdc-59c9-aaa4-8e36ef7b313a	Duration: 105.21 ms	Billed Duration: 106 ms	Memory Size: 1024 MB	Max Memory Used: 127 MB	

2024-05-20T06:50:58.976Z START RequestId: 17fe4fba-c2bc-55c1-8d2e-117e37bd8be9 Version: $LATEST

2024-05-20T06:50:59.041Z 2024-05-20T06:50:59.041Z	17fe4fba-c2bc-55c1-8d2e-117e37bd8be9	INFO	Processing message 008d563e-6b9b-4321-9109-4e76dff99eaa

2024-05-20T06:50:59.068Z 2024-05-20T06:50:59.068Z	17fe4fba-c2bc-55c1-8d2e-117e37bd8be9	INFO	Start syncing the balance {
  transaction: {
    id: '01HYAC91Q16PKY00072WA56D1C',
    type: 'CREDIT',
    source: 'MANUAL_ADDITION',
    action: 'ADD',
    userId: '6f19e21c-ef6b-4f56-9d4d-9f17262be110',
    paymentBalance: 3135.932,
    updatePaymentBalance: true,
    metadata: '{"walletId":"wallet#6f19e21c-ef6b-4f56-9d4d-9f17262be110","walletSk":"6c180459-e37d-40a6-9e7c-c8455232fba8"}',
    currency: 'BHD',
    amount: 100,
    vat: 0,
    oldBalance: 652,
    newBalance: 752
  }
}

2024-05-20T06:50:59.141Z 2024-05-20T06:50:59.141Z	17fe4fba-c2bc-55c1-8d2e-117e37bd8be9	INFO	SubscriptionBalanceUpdated event published

2024-05-20T06:50:59.175Z 2024-05-20T06:50:59.175Z	17fe4fba-c2bc-55c1-8d2e-117e37bd8be9	ERROR	Subscription balance and payment balance are not in sync {
  userId: '6f19e21c-ef6b-4f56-9d4d-9f17262be110',
  subscriptionBalance: 752,
  paymentBalance: 3135.932
}

2024-05-20T06:50:59.202Z END RequestId: 17fe4fba-c2bc-55c1-8d2e-117e37bd8be9

2024-05-20T06:50:59.202Z REPORT RequestId: 17fe4fba-c2bc-55c1-8d2e-117e37bd8be9	Duration: 226.71 ms	Billed Duration: 227 ms	Memory Size: 1024 MB	Max Memory Used: 127 MB	
XRAY TraceId: 1-664af2d2-5b28ae3ccc013dd838b17347	SegmentId: 2af2e73071e27866	Sampled: true	

2024-05-20T06:54:03.552Z START RequestId: 8b9f386e-5856-5cf8-b6a0-66aaad9d83f0 Version: $LATEST

2024-05-20T06:54:03.607Z 2024-05-20T06:54:03.607Z	8b9f386e-5856-5cf8-b6a0-66aaad9d83f0	INFO	Processing message 36b06ce1-84e1-4ff6-b067-2d95ccbd0c4d

2024-05-20T06:54:03.636Z 2024-05-20T06:54:03.636Z	8b9f386e-5856-5cf8-b6a0-66aaad9d83f0	INFO	Start syncing the balance {
  transaction: {
    id: '01HYACENRWSMAGPGAG9EEEDC7W',
    type: 'CREDIT',
    source: 'MANUAL_ADDITION',
    action: 'ADD',
    userId: '2ffdc38a-1913-43eb-83f3-406f745b2831',
    paymentBalance: 772,
    updatePaymentBalance: true,
    metadata: '{"walletId":"wallet#2ffdc38a-1913-43eb-83f3-406f745b2831","walletSk":"b267b394-73e4-492a-a333-cea4a3a31fb4"}',
    currency: 'BHD',
    amount: 100,
    vat: 0,
    oldBalance: 672,
    newBalance: 772
  }
}

2024-05-20T06:54:03.719Z 2024-05-20T06:54:03.719Z	8b9f386e-5856-5cf8-b6a0-66aaad9d83f0	INFO	SubscriptionBalanceUpdated event published

2024-05-20T06:54:03.754Z END RequestId: 8b9f386e-5856-5cf8-b6a0-66aaad9d83f0

2024-05-20T06:54:03.754Z REPORT RequestId: 8b9f386e-5856-5cf8-b6a0-66aaad9d83f0	Duration: 201.06 ms	Billed Duration: 202 ms	Memory Size: 1024 MB	Max Memory Used: 127 MB	

2024-05-20T06:36:54.173Z INIT_START Runtime Version: nodejs:20.v22	Runtime Version ARN: arn:aws:lambda:us-east-1::runtime:da57c20c4b965d5b75540f6865a35fc8030358e33ec44ecfed33e90901a27a72

2024-05-20T06:48:55.888Z START RequestId: 65a50ea3-a132-5211-a844-506755b6f0fc Version: $LATEST

2024-05-20T06:48:55.939Z 2024-05-20T06:48:55.939Z	65a50ea3-a132-5211-a844-506755b6f0fc	INFO	Processing message 62d6ffb6-eca1-4230-8ef0-eb1651d044c0

2024-05-20T06:48:55.965Z 2024-05-20T06:48:55.965Z	65a50ea3-a132-5211-a844-506755b6f0fc	INFO	Start syncing the balance {
  transaction: {
    id: '01HYAC597D7TT684QTS8F22XTQ',
    type: 'DEBIT',
    source: 'MANUAL_DEDUCTION',
    action: 'REFUNDED_MANUALLY',
    userId: '5cf444b8-09b4-4a03-b22d-f3141a817dd8',
    paymentBalance: 79.092,
    updatePaymentBalance: true,
    metadata: '{"walletId":"wallet#5cf444b8-09b4-4a03-b22d-f3141a817dd8","walletSk":"079e30fa-9088-4105-89de-170fa0dcde0e"}',
    currency: 'BHD',
    amount: 12.908,
    vat: 0,
    oldBalance: 100,
    newBalance: 87.092
  }
}

2024-05-20T06:48:56.054Z 2024-05-20T06:48:56.054Z	65a50ea3-a132-5211-a844-506755b6f0fc	INFO	SubscriptionBalanceUpdated event published

2024-05-20T06:48:56.092Z 2024-05-20T06:48:56.092Z	65a50ea3-a132-5211-a844-506755b6f0fc	ERROR	Subscription balance and payment balance are not in sync {
  userId: '5cf444b8-09b4-4a03-b22d-f3141a817dd8',
  subscriptionBalance: 87.092,
  paymentBalance: 79.092
}

2024-05-20T06:48:56.117Z END RequestId: 65a50ea3-a132-5211-a844-506755b6f0fc

2024-05-20T06:48:56.117Z REPORT RequestId: 65a50ea3-a132-5211-a844-506755b6f0fc	Duration: 229.35 ms	Billed Duration: 230 ms	Memory Size: 1024 MB	Max Memory Used: 127 MB	

2024-05-20T06:36:55.129Z START RequestId: 0da2a874-80b3-55b2-95be-f6b0710825ae Version: $LATEST

2024-05-20T06:36:55.266Z 2024-05-20T06:36:55.266Z	0da2a874-80b3-55b2-95be-f6b0710825ae	INFO	Processing message ea2ff0c5-341c-4686-a41c-bcaf58f8868a

2024-05-20T06:36:55.325Z 2024-05-20T06:36:55.325Z	0da2a874-80b3-55b2-95be-f6b0710825ae	INFO	Start syncing the balance {
  transaction: {
    id: '01HYABF82FVWA0QPEAA8MMVT88',
    type: 'DEBIT',
    source: 'MANUAL_DEDUCTION',
    action: 'REMOVE',
    userId: '5cf444b8-09b4-4a03-b22d-f3141a817dd8',
    paymentBalance: -8,
    updatePaymentBalance: true,
    metadata: '{"walletId":"wallet#5cf444b8-09b4-4a03-b22d-f3141a817dd8","walletSk":"91c0fa77-c33e-4359-b56c-4eb5d13d41fa"}',
    currency: 'BHD',
    amount: 0,
    vat: 0,
    oldBalance: 0,
    newBalance: 0
  }
}

2024-05-20T06:36:55.465Z 2024-05-20T06:36:55.465Z	0da2a874-80b3-55b2-95be-f6b0710825ae	INFO	SubscriptionBalanceUpdated event published

2024-05-20T06:36:55.510Z 2024-05-20T06:36:55.510Z	0da2a874-80b3-55b2-95be-f6b0710825ae	ERROR	Subscription balance and payment balance are not in sync {
  userId: '5cf444b8-09b4-4a03-b22d-f3141a817dd8',
  subscriptionBalance: 0,
  paymentBalance: -8
}

2024-05-20T06:36:55.550Z END RequestId: 0da2a874-80b3-55b2-95be-f6b0710825ae

2024-05-20T06:36:55.550Z REPORT RequestId: 0da2a874-80b3-55b2-95be-f6b0710825ae	Duration: 420.45 ms	Billed Duration: 421 ms	Memory Size: 1024 MB	Max Memory Used: 119 MB	Init Duration: 954.59 ms	

2024-05-20T06:41:19.193Z START RequestId: 5615d400-8182-5608-bc8d-8ac47344d85c Version: $LATEST

2024-05-20T06:41:19.256Z 2024-05-20T06:41:19.256Z	5615d400-8182-5608-bc8d-8ac47344d85c	INFO	Processing message 2ea1a277-17ed-456e-b2d2-6fcacd4bbf14

2024-05-20T06:41:19.284Z 2024-05-20T06:41:19.284Z	5615d400-8182-5608-bc8d-8ac47344d85c	INFO	Start syncing the balance {
  transaction: {
    id: '01HYABQBMZY4400XVN9FCMP1QB',
    type: 'CREDIT',
    source: 'MANUAL_ADDITION',
    action: 'ADD',
    userId: '6f19e21c-ef6b-4f56-9d4d-9f17262be110',
    paymentBalance: 2935.932,
    updatePaymentBalance: true,
    metadata: '{"walletId":"wallet#6f19e21c-ef6b-4f56-9d4d-9f17262be110","walletSk":"aa94f2fe-50d2-4d9d-aeb0-1627a85141d1"}',
    currency: 'BHD',
    amount: 110,
    vat: 10,
    oldBalance: 452,
    newBalance: 552
  }
}

2024-05-20T06:41:19.362Z 2024-05-20T06:41:19.362Z	5615d400-8182-5608-bc8d-8ac47344d85c	INFO	SubscriptionBalanceUpdated event published

2024-05-20T06:41:19.398Z 2024-05-20T06:41:19.398Z	5615d400-8182-5608-bc8d-8ac47344d85c	ERROR	Subscription balance and payment balance are not in sync {
  userId: '6f19e21c-ef6b-4f56-9d4d-9f17262be110',
  subscriptionBalance: 552,
  paymentBalance: 2935.932
}

2024-05-20T06:41:19.426Z END RequestId: 5615d400-8182-5608-bc8d-8ac47344d85c

2024-05-20T06:41:19.426Z REPORT RequestId: 5615d400-8182-5608-bc8d-8ac47344d85c	Duration: 232.66 ms	Billed Duration: 233 ms	Memory Size: 1024 MB	Max Memory Used: 127 MB	

2024-05-20T06:41:19.793Z START RequestId: bfaca84d-06cc-56e8-8b1f-f689f403738b Version: $LATEST

2024-05-20T06:41:19.820Z 2024-05-20T06:41:19.820Z	bfaca84d-06cc-56e8-8b1f-f689f403738b	INFO	Processing message a925cf50-baa9-439b-84b2-eaefb8bbbea0

2024-05-20T06:41:19.825Z 2024-05-20T06:41:19.825Z	bfaca84d-06cc-56e8-8b1f-f689f403738b	INFO	Start syncing the balance {
  transaction: {
    id: '01HYABQC4QCVW3PVXCVB7TGM8H',
    type: 'CREDIT',
    source: 'MANUAL_ADDITION',
    action: 'ADD',
    userId: 'f50d0778-fab9-47c1-bf7d-a23e9649e127',
    paymentBalance: 9573.908,
    updatePaymentBalance: true,
    metadata: '{"walletId":"wallet#f50d0778-fab9-47c1-bf7d-a23e9649e127","walletSk":"de70b79f-6ac0-437a-98e5-597df23779c8"}',
    currency: 'BHD',
    amount: 110,
    vat: 10,
    oldBalance: 9473.908,
    newBalance: 9573.908
  }
}

2024-05-20T06:41:19.872Z 2024-05-20T06:41:19.872Z	bfaca84d-06cc-56e8-8b1f-f689f403738b	INFO	SubscriptionBalanceUpdated event published

2024-05-20T06:41:19.884Z 2024-05-20T06:41:19.884Z	bfaca84d-06cc-56e8-8b1f-f689f403738b	INFO	Processing message 1a9e3c88-20c7-416c-8488-b9c12201aac0

2024-05-20T06:41:19.890Z 2024-05-20T06:41:19.890Z	bfaca84d-06cc-56e8-8b1f-f689f403738b	INFO	Start syncing the balance {
  transaction: {
    id: '01HYABQBZXX2SVN0N8V05QMVXC',
    type: 'CREDIT',
    source: 'MANUAL_ADDITION',
    action: 'ADD',
    userId: '5cf444b8-09b4-4a03-b22d-f3141a817dd8',
    paymentBalance: 92,
    updatePaymentBalance: true,
    metadata: '{"walletId":"wallet#5cf444b8-09b4-4a03-b22d-f3141a817dd8","walletSk":"e699f8f2-72dd-49c0-aec7-8a7631b4ce38"}',
    currency: 'BHD',
    amount: 110,
    vat: 10,
    oldBalance: 0,
    newBalance: 100
  }
}

2024-05-20T06:41:19.932Z 2024-05-20T06:41:19.932Z	bfaca84d-06cc-56e8-8b1f-f689f403738b	INFO	SubscriptionBalanceUpdated event published

2024-05-20T06:41:19.949Z 2024-05-20T06:41:19.949Z	bfaca84d-06cc-56e8-8b1f-f689f403738b	ERROR	Subscription balance and payment balance are not in sync {
  userId: '5cf444b8-09b4-4a03-b22d-f3141a817dd8',
  subscriptionBalance: 100,
  paymentBalance: 92
}

2024-05-20T06:41:19.967Z END RequestId: bfaca84d-06cc-56e8-8b1f-f689f403738b

2024-05-20T06:41:19.967Z REPORT RequestId: bfaca84d-06cc-56e8-8b1f-f689f403738b	Duration: 173.68 ms	Billed Duration: 174 ms	Memory Size: 1024 MB	Max Memory Used: 127 MB	

