2024-03-10T21:01:06.287Z START RequestId: 39996d09-7b66-5ed0-92f8-33615ab4f6cf Version: $LATEST

2024-03-10T21:01:06.320Z 2024-03-10T21:01:06.320Z	39996d09-7b66-5ed0-92f8-33615ab4f6cf	INFO	Processing message 2090015a-7616-4910-b2b3-b38444031951

2024-03-10T21:01:06.328Z 2024-03-10T21:01:06.328Z	39996d09-7b66-5ed0-92f8-33615ab4f6cf	INFO	Start syncing the balance {
  transaction: {
    id: '01HRN2PGS326ZWDBJDX0ABNE3R',
    type: 'DEBIT',
    source: 'MANUAL_DEDUCTION',
    action: 'DELIVERY_DEDUCTION',
    userId: '67305f3f-628b-4997-83f9-1247a896127a',
    paymentBalance: 2610,
    updatePaymentBalance: true,
    metadata: '{"walletId":"wallet#67305f3f-628b-4997-83f9-1247a896127a","deliveryId":"7b860c93-97fe-445c-921b-eec240f46a56","walletSk":"7b860c93-97fe-445c-921b-eec240f46a56"}',
    currency: 'BHD',
    amount: 9,
    vat: 0,
    oldBalance: 2628,
    newBalance: 2619
  }
}

2024-03-10T21:01:06.381Z 2024-03-10T21:01:06.381Z	39996d09-7b66-5ed0-92f8-33615ab4f6cf	INFO	SubscriptionBalanceUpdated event published

2024-03-10T21:01:06.396Z 2024-03-10T21:01:06.396Z	39996d09-7b66-5ed0-92f8-33615ab4f6cf	ERROR	Subscription balance and payment balance are not in sync {
  userId: '67305f3f-628b-4997-83f9-1247a896127a',
  subscriptionBalance: 2619,
  paymentBalance: 2610
}

2024-03-10T21:01:06.414Z 2024-03-10T21:01:06.414Z	39996d09-7b66-5ed0-92f8-33615ab4f6cf	INFO	Processing message 3de823a9-516d-47d0-8253-b23c5b379b31

2024-03-10T21:01:06.421Z 2024-03-10T21:01:06.421Z	39996d09-7b66-5ed0-92f8-33615ab4f6cf	INFO	Start syncing the balance {
  transaction: {
    id: '01HRN2PHN95NKDSWJA0AKMRH9P',
    type: 'DEBIT',
    source: 'MANUAL_DEDUCTION',
    action: 'DELIVERY_DEDUCTION',
    userId: '91749485-15ab-4fd0-93af-e118e414ab9b',
    paymentBalance: 554.5,
    updatePaymentBalance: true,
    metadata: '{"walletId":"wallet#91749485-15ab-4fd0-93af-e118e414ab9b","deliveryId":"6cfaef44-6417-4767-8f04-335eaea439c0","walletSk":"6cfaef44-6417-4767-8f04-335eaea439c0"}',
    currency: 'BHD',
    amount: 4,
    vat: 0,
    oldBalance: 5,
    newBalance: 1
  }
}

2024-03-10T21:01:06.470Z 2024-03-10T21:01:06.470Z	39996d09-7b66-5ed0-92f8-33615ab4f6cf	INFO	SubscriptionBalanceUpdated event published

2024-03-10T21:01:06.486Z 2024-03-10T21:01:06.486Z	39996d09-7b66-5ed0-92f8-33615ab4f6cf	ERROR	Subscription balance and payment balance are not in sync {
  userId: '91749485-15ab-4fd0-93af-e118e414ab9b',
  subscriptionBalance: 1,
  paymentBalance: 554.5
}

2024-03-10T21:01:06.504Z 2024-03-10T21:01:06.504Z	39996d09-7b66-5ed0-92f8-33615ab4f6cf	INFO	Processing message 747db7ef-a486-42bd-a2a2-bccdb266468a

2024-03-10T21:01:06.511Z 2024-03-10T21:01:06.511Z	39996d09-7b66-5ed0-92f8-33615ab4f6cf	INFO	Start syncing the balance {
  transaction: {
    id: '01HRN2PGBJJ3Y2273WAFCPMC8D',
    type: 'DEBIT',
    source: 'MANUAL_DEDUCTION',
    action: 'DELIVERY_DEDUCTION',
    userId: '035e21a6-1dc3-4d87-bc4d-26b9dcefabbd',
    paymentBalance: 303.646,
    updatePaymentBalance: true,
    metadata: '{"walletId":"wallet#035e21a6-1dc3-4d87-bc4d-26b9dcefabbd","deliveryId":"f9d94044-c6ec-4d31-84bd-98467cef881f","walletSk":"f9d94044-c6ec-4d31-84bd-98467cef881f"}',
    currency: 'BHD',
    amount: 8,
    vat: 0,
    oldBalance: 15.646,
    newBalance: 7.646
  }
}

2024-03-10T21:01:06.555Z 2024-03-10T21:01:06.555Z	39996d09-7b66-5ed0-92f8-33615ab4f6cf	INFO	SubscriptionBalanceUpdated event published

2024-03-10T21:01:06.567Z 2024-03-10T21:01:06.567Z	39996d09-7b66-5ed0-92f8-33615ab4f6cf	ERROR	Subscription balance and payment balance are not in sync {
  userId: '035e21a6-1dc3-4d87-bc4d-26b9dcefabbd',
  subscriptionBalance: 7.646,
  paymentBalance: 303.646
}

2024-03-10T21:01:06.584Z 2024-03-10T21:01:06.584Z	39996d09-7b66-5ed0-92f8-33615ab4f6cf	INFO	Processing message b38404c3-90a4-4428-ac7a-9124aa38f8c7

2024-03-10T21:01:06.591Z 2024-03-10T21:01:06.591Z	39996d09-7b66-5ed0-92f8-33615ab4f6cf	INFO	Start syncing the balance {
  transaction: {
    id: '01HRN2PGRE7JG8G6GC447ARBPV',
    type: 'DEBIT',
    source: 'MANUAL_DEDUCTION',
    action: 'DELIVERY_DEDUCTION',
    userId: '44d262c4-560b-4825-802c-ac4df64b6177',
    paymentBalance: 96,
    updatePaymentBalance: true,
    metadata: '{"walletId":"wallet#44d262c4-560b-4825-802c-ac4df64b6177","deliveryId":"12d469d7-4564-41d3-8496-6c618b7d92bd","walletSk":"12d469d7-4564-41d3-8496-6c618b7d92bd"}',
    currency: 'BHD',
    amount: 8,
    vat: 0,
    oldBalance: 103.99999999999999,
    newBalance: 96
  }
}

2024-03-10T21:01:06.641Z 2024-03-10T21:01:06.641Z	39996d09-7b66-5ed0-92f8-33615ab4f6cf	INFO	SubscriptionBalanceUpdated event published

2024-03-10T21:01:06.654Z 2024-03-10T21:01:06.654Z	39996d09-7b66-5ed0-92f8-33615ab4f6cf	INFO	Processing message c023a8d5-ddbf-44f0-aba0-f8923ec53526

2024-03-10T21:01:06.667Z 2024-03-10T21:01:06.667Z	39996d09-7b66-5ed0-92f8-33615ab4f6cf	INFO	Start syncing the balance {
  transaction: {
    id: '01HRN2PHXG9WZ6WC5CEAEBVQYY',
    type: 'DEBIT',
    source: 'MANUAL_DEDUCTION',
    action: 'DELIVERY_DEDUCTION',
    userId: '803ab6c9-5b94-46b4-8464-62796540a4ff',
    paymentBalance: 9912,
    updatePaymentBalance: true,
    metadata: '{"walletId":"wallet#803ab6c9-5b94-46b4-8464-62796540a4ff","deliveryId":"9e2e52f9-44d8-42b4-aaca-1831c8b9f8f6","walletSk":"9e2e52f9-44d8-42b4-aaca-1831c8b9f8f6"}',
    currency: 'BHD',
    amount: 8,
    vat: 0,
    oldBalance: 9920,
    newBalance: 9912
  }
}

2024-03-10T21:01:06.713Z 2024-03-10T21:01:06.713Z	39996d09-7b66-5ed0-92f8-33615ab4f6cf	INFO	SubscriptionBalanceUpdated event published

2024-03-10T21:01:06.723Z 2024-03-10T21:01:06.723Z	39996d09-7b66-5ed0-92f8-33615ab4f6cf	INFO	Processing message 7792ebd3-c4f3-4e6f-ab98-4a2770d1db07

2024-03-10T21:01:06.730Z 2024-03-10T21:01:06.730Z	39996d09-7b66-5ed0-92f8-33615ab4f6cf	INFO	Start syncing the balance {
  transaction: {
    id: '01HRN2PJ18927R15F2M827YMGA',
    type: 'DEBIT',
    source: 'MANUAL_DEDUCTION',
    action: 'DELIVERY_DEDUCTION',
    userId: '302d4559-9277-4a80-9027-56146f681bfc',
    paymentBalance: 24,
    updatePaymentBalance: true,
    metadata: '{"walletId":"wallet#302d4559-9277-4a80-9027-56146f681bfc","deliveryId":"df4d431f-fa8e-4b43-ab78-c4c4ce5b2948","walletSk":"df4d431f-fa8e-4b43-ab78-c4c4ce5b2948"}',
    currency: 'BHD',
    amount: 9,
    vat: 0,
    oldBalance: 33,
    newBalance: 24
  }
}

2024-03-10T21:01:06.772Z 2024-03-10T21:01:06.772Z	39996d09-7b66-5ed0-92f8-33615ab4f6cf	INFO	SubscriptionBalanceUpdated event published

2024-03-10T21:01:06.786Z 2024-03-10T21:01:06.786Z	39996d09-7b66-5ed0-92f8-33615ab4f6cf	INFO	Processing message 930dff4e-9ecf-435a-a7f0-81f0ab8dcd08

2024-03-10T21:01:06.793Z 2024-03-10T21:01:06.793Z	39996d09-7b66-5ed0-92f8-33615ab4f6cf	INFO	Start syncing the balance {
  transaction: {
    id: '01HRN2PJ6VJ5C6942W62XQT5AJ',
    type: 'DEBIT',
    source: 'MANUAL_DEDUCTION',
    action: 'DELIVERY_DEDUCTION',
    userId: '15469d49-7d54-4ea1-833c-708f679471d4',
    paymentBalance: 60,
    updatePaymentBalance: true,
    metadata: '{"walletId":"wallet#15469d49-7d54-4ea1-833c-708f679471d4","deliveryId":"7dc6ae73-000f-4f2f-b2d6-b64adf11d078","walletSk":"7dc6ae73-000f-4f2f-b2d6-b64adf11d078"}',
    currency: 'BHD',
    amount: 8,
    vat: 0,
    oldBalance: 68,
    newBalance: 60
  }
}

2024-03-10T21:01:06.837Z 2024-03-10T21:01:06.837Z	39996d09-7b66-5ed0-92f8-33615ab4f6cf	INFO	SubscriptionBalanceUpdated event published

2024-03-10T21:01:06.855Z 2024-03-10T21:01:06.855Z	39996d09-7b66-5ed0-92f8-33615ab4f6cf	INFO	Processing message f0ac53cf-d55b-4ac8-b35d-04b6faafe2f0

2024-03-10T21:01:06.862Z 2024-03-10T21:01:06.862Z	39996d09-7b66-5ed0-92f8-33615ab4f6cf	INFO	Start syncing the balance {
  transaction: {
    id: '01HRN2PJ94SEJWPHY765YRTXWH',
    type: 'DEBIT',
    source: 'MANUAL_DEDUCTION',
    action: 'DELIVERY_DEDUCTION',
    userId: '9be2b7c1-a4d9-4128-bfdd-f85d8f1e0adc',
    paymentBalance: 104,
    updatePaymentBalance: true,
    metadata: '{"walletId":"wallet#9be2b7c1-a4d9-4128-bfdd-f85d8f1e0adc","deliveryId":"7f64a3f2-f641-4e53-9133-897c126f0d95","walletSk":"7f64a3f2-f641-4e53-9133-897c126f0d95"}',
    currency: 'BHD',
    amount: 8,
    vat: 0,
    oldBalance: 112,
    newBalance: 104
  }
}

2024-03-10T21:01:06.908Z 2024-03-10T21:01:06.908Z	39996d09-7b66-5ed0-92f8-33615ab4f6cf	INFO	SubscriptionBalanceUpdated event published

2024-03-10T21:01:06.922Z 2024-03-10T21:01:06.922Z	39996d09-7b66-5ed0-92f8-33615ab4f6cf	INFO	Processing message d1fc469b-cc36-4189-a5b2-3e40022d5953

2024-03-10T21:01:06.927Z 2024-03-10T21:01:06.927Z	39996d09-7b66-5ed0-92f8-33615ab4f6cf	INFO	Start syncing the balance {
  transaction: {
    id: '01HRN2PJ3JR87KQNY924N5H264',
    type: 'DEBIT',
    source: 'MANUAL_DEDUCTION',
    action: 'DELIVERY_DEDUCTION',
    userId: 'ed3dc329-d66f-4fb7-8e3b-99a0034ff60f',
    paymentBalance: 133.5,
    updatePaymentBalance: true,
    metadata: '{"walletId":"wallet#ed3dc329-d66f-4fb7-8e3b-99a0034ff60f","deliveryId":"79740b2c-6581-417f-8129-cd3a34db5bf0","walletSk":"79740b2c-6581-417f-8129-cd3a34db5bf0"}',
    currency: 'BHD',
    amount: 5,
    vat: 0,
    oldBalance: 138.5,
    newBalance: 133.5
  }
}

2024-03-10T21:01:06.970Z 2024-03-10T21:01:06.970Z	39996d09-7b66-5ed0-92f8-33615ab4f6cf	INFO	SubscriptionBalanceUpdated event published

2024-03-10T21:01:06.983Z 2024-03-10T21:01:06.983Z	39996d09-7b66-5ed0-92f8-33615ab4f6cf	INFO	Processing message c56f0130-81bc-4ac7-8d26-969421e442f7

2024-03-10T21:01:06.988Z 2024-03-10T21:01:06.988Z	39996d09-7b66-5ed0-92f8-33615ab4f6cf	INFO	Start syncing the balance {
  transaction: {
    id: '01HRN2PJBWJVZD5G9K76H733R4',
    type: 'DEBIT',
    source: 'MANUAL_DEDUCTION',
    action: 'DELIVERY_DEDUCTION',
    userId: '5c1cc792-51d1-4a86-9497-6f845dbb4319',
    paymentBalance: 109,
    updatePaymentBalance: true,
    metadata: '{"walletId":"wallet#5c1cc792-51d1-4a86-9497-6f845dbb4319","deliveryId":"eb254197-7367-42c3-9c28-1cbf6d0dacfb","walletSk":"eb254197-7367-42c3-9c28-1cbf6d0dacfb"}',
    currency: 'BHD',
    amount: 9,
    vat: 0,
    oldBalance: 118,
    newBalance: 109
  }
}

2024-03-10T21:01:07.033Z 2024-03-10T21:01:07.033Z	39996d09-7b66-5ed0-92f8-33615ab4f6cf	INFO	SubscriptionBalanceUpdated event published

2024-03-10T21:01:07.051Z END RequestId: 39996d09-7b66-5ed0-92f8-33615ab4f6cf

2024-03-10T21:01:07.051Z REPORT RequestId: 39996d09-7b66-5ed0-92f8-33615ab4f6cf	Duration: 763.64 ms	Billed Duration: 764 ms	Memory Size: 1024 MB	Max Memory Used: 117 MB	

2024-03-10T21:01:07.135Z START RequestId: 64206962-f1dc-55cb-9d70-370ad00f5dd4 Version: $LATEST

2024-03-10T21:01:07.161Z 2024-03-10T21:01:07.161Z	64206962-f1dc-55cb-9d70-370ad00f5dd4	INFO	Processing message 88bff16a-0509-47d0-ab54-e818137912b1

2024-03-10T21:01:07.167Z 2024-03-10T21:01:07.167Z	64206962-f1dc-55cb-9d70-370ad00f5dd4	INFO	Start syncing the balance {
  transaction: {
    id: '01HRN2PJVFHCP41HTRPQZ8A6VE',
    type: 'DEBIT',
    source: 'MANUAL_DEDUCTION',
    action: 'DELIVERY_DEDUCTION',
    userId: 'f434d164-8656-429c-a7c9-fc4ab238f377',
    paymentBalance: 54.909,
    updatePaymentBalance: true,
    metadata: '{"walletId":"wallet#f434d164-8656-429c-a7c9-fc4ab238f377","deliveryId":"4cf08888-ea9a-4c5e-9011-d728a45538fc","walletSk":"4cf08888-ea9a-4c5e-9011-d728a45538fc"}',
    currency: 'BHD',
    amount: 4,
    vat: 0,
    oldBalance: 58.909,
    newBalance: 54.909
  }
}

2024-03-10T21:01:07.210Z 2024-03-10T21:01:07.210Z	64206962-f1dc-55cb-9d70-370ad00f5dd4	INFO	SubscriptionBalanceUpdated event published

2024-03-10T21:01:07.337Z 2024-03-10T21:01:07.337Z	64206962-f1dc-55cb-9d70-370ad00f5dd4	INFO	Processing message 1e729212-8048-44ce-97ab-1d34e2009f46

2024-03-10T21:01:07.344Z 2024-03-10T21:01:07.344Z	64206962-f1dc-55cb-9d70-370ad00f5dd4	INFO	Start syncing the balance {
  transaction: {
    id: '01HRN2PK823XE586GP1EBPDRFN',
    type: 'DEBIT',
    source: 'MANUAL_DEDUCTION',
    action: 'DELIVERY_DEDUCTION',
    userId: '09ab0c9d-acb3-41ef-b844-c50508c878e4',
    paymentBalance: 5138,
    updatePaymentBalance: true,
    metadata: '{"walletId":"wallet#09ab0c9d-acb3-41ef-b844-c50508c878e4","deliveryId":"f0eae157-be5e-4595-9e70-f56303696df6","walletSk":"f0eae157-be5e-4595-9e70-f56303696df6"}',
    currency: 'SAR',
    amount: 60.9,
    vat: 0,
    oldBalance: 5198.9,
    newBalance: 5138
  }
}

2024-03-10T21:01:07.390Z 2024-03-10T21:01:07.390Z	64206962-f1dc-55cb-9d70-370ad00f5dd4	INFO	SubscriptionBalanceUpdated event published

2024-03-10T21:01:07.443Z 2024-03-10T21:01:07.443Z	64206962-f1dc-55cb-9d70-370ad00f5dd4	INFO	Processing message d1c37ec3-656f-4039-bac6-37c4a59d5d39

2024-03-10T21:01:07.449Z 2024-03-10T21:01:07.449Z	64206962-f1dc-55cb-9d70-370ad00f5dd4	INFO	Start syncing the balance {
  transaction: {
    id: '01HRN2PK708M282CRMCN4WGR4C',
    type: 'DEBIT',
    source: 'MANUAL_DEDUCTION',
    action: 'DELIVERY_DEDUCTION',
    userId: '26558ed9-8e30-4020-8875-54a87e2265fa',
    paymentBalance: 72,
    updatePaymentBalance: true,
    metadata: '{"walletId":"wallet#26558ed9-8e30-4020-8875-54a87e2265fa","deliveryId":"572652e3-93e3-4776-aded-25c50a34b5f6","walletSk":"572652e3-93e3-4776-aded-25c50a34b5f6"}',
    currency: 'BHD',
    amount: 9,
    vat: 0,
    oldBalance: 81,
    newBalance: 72
  }
}

2024-03-10T21:01:07.495Z 2024-03-10T21:01:07.495Z	64206962-f1dc-55cb-9d70-370ad00f5dd4	INFO	SubscriptionBalanceUpdated event published

2024-03-10T21:01:07.515Z 2024-03-10T21:01:07.515Z	64206962-f1dc-55cb-9d70-370ad00f5dd4	INFO	Processing message e6bfd30c-5f37-41d3-954d-f6f253aeba4e

2024-03-10T21:01:07.522Z 2024-03-10T21:01:07.522Z	64206962-f1dc-55cb-9d70-370ad00f5dd4	INFO	Start syncing the balance {
  transaction: {
    id: '01HRN2PK9VW9K06C5GWH049DMN',
    type: 'DEBIT',
    source: 'MANUAL_DEDUCTION',
    action: 'DELIVERY_DEDUCTION',
    userId: 'eefb84af-6a9b-435b-b589-5c9734648a74',
    paymentBalance: 3247.909,
    updatePaymentBalance: true,
    metadata: '{"walletId":"wallet#eefb84af-6a9b-435b-b589-5c9734648a74","deliveryId":"7def97e9-4e01-4632-83b3-c377d17526c3","walletSk":"7def97e9-4e01-4632-83b3-c377d17526c3"}',
    currency: 'BHD',
    amount: 4,
    vat: 0,
    oldBalance: 262.909,
    newBalance: 258.909
  }
}

2024-03-10T21:01:07.574Z 2024-03-10T21:01:07.574Z	64206962-f1dc-55cb-9d70-370ad00f5dd4	INFO	SubscriptionBalanceUpdated event published

2024-03-10T21:01:07.587Z 2024-03-10T21:01:07.587Z	64206962-f1dc-55cb-9d70-370ad00f5dd4	ERROR	Subscription balance and payment balance are not in sync {
  userId: 'eefb84af-6a9b-435b-b589-5c9734648a74',
  subscriptionBalance: 258.909,
  paymentBalance: 3247.909
}

2024-03-10T21:01:07.604Z 2024-03-10T21:01:07.604Z	64206962-f1dc-55cb-9d70-370ad00f5dd4	INFO	Processing message 46ed7dfa-8862-48fd-8c21-9f5d3652a972

2024-03-10T21:01:07.610Z 2024-03-10T21:01:07.610Z	64206962-f1dc-55cb-9d70-370ad00f5dd4	INFO	Start syncing the balance {
  transaction: {
    id: '01HRN2PK1A2R2YPM7XKDMZ5AR3',
    type: 'DEBIT',
    source: 'MANUAL_DEDUCTION',
    action: 'DELIVERY_DEDUCTION',
    userId: 'd9e426cf-4b0b-43ed-b5ca-2a5f547c0427',
    paymentBalance: 29.5,
    updatePaymentBalance: true,
    metadata: '{"walletId":"wallet#d9e426cf-4b0b-43ed-b5ca-2a5f547c0427","deliveryId":"51a123f6-c128-4647-b5cd-88d2f5ade9fc","walletSk":"51a123f6-c128-4647-b5cd-88d2f5ade9fc"}',
    currency: 'BHD',
    amount: 4.5,
    vat: 0,
    oldBalance: 34,
    newBalance: 29.5
  }
}

2024-03-10T21:01:07.653Z 2024-03-10T21:01:07.653Z	64206962-f1dc-55cb-9d70-370ad00f5dd4	INFO	SubscriptionBalanceUpdated event published

2024-03-10T21:01:07.668Z 2024-03-10T21:01:07.668Z	64206962-f1dc-55cb-9d70-370ad00f5dd4	INFO	Processing message 55475dc1-b219-4246-aa2a-40c231e289e9

2024-03-10T21:01:07.675Z 2024-03-10T21:01:07.675Z	64206962-f1dc-55cb-9d70-370ad00f5dd4	INFO	Start syncing the balance {
  transaction: {
    id: '01HRN2PK4C8YHJ4MDMRD7QBAGG',
    type: 'DEBIT',
    source: 'MANUAL_DEDUCTION',
    action: 'DELIVERY_DEDUCTION',
    userId: 'd27554f1-9cdb-42c1-9164-330927006961',
    paymentBalance: 108,
    updatePaymentBalance: true,
    metadata: '{"walletId":"wallet#d27554f1-9cdb-42c1-9164-330927006961","deliveryId":"76292177-04a9-4004-9b3d-03f8f63c95b5","walletSk":"76292177-04a9-4004-9b3d-03f8f63c95b5"}',
    currency: 'BHD',
    amount: 9,
    vat: 0,
    oldBalance: 117,
    newBalance: 108
  }
}

2024-03-10T21:01:07.716Z 2024-03-10T21:01:07.716Z	64206962-f1dc-55cb-9d70-370ad00f5dd4	INFO	SubscriptionBalanceUpdated event published

2024-03-10T21:01:07.731Z 2024-03-10T21:01:07.731Z	64206962-f1dc-55cb-9d70-370ad00f5dd4	INFO	Processing message e0913430-8268-481a-a7d9-292a295d1c4e

2024-03-10T21:01:07.737Z 2024-03-10T21:01:07.737Z	64206962-f1dc-55cb-9d70-370ad00f5dd4	INFO	Start syncing the balance {
  transaction: {
    id: '01HRN2PK5HJSAA7KBYEK5AX5N8',
    type: 'DEBIT',
    source: 'MANUAL_DEDUCTION',
    action: 'DELIVERY_DEDUCTION',
    userId: '2ce08ce4-2c63-4e7e-84aa-79b8a520bdbc',
    paymentBalance: 3162,
    updatePaymentBalance: true,
    metadata: '{"walletId":"wallet#2ce08ce4-2c63-4e7e-84aa-79b8a520bdbc","deliveryId":"7d7ffaee-a7ec-4933-a7c8-3aa006144767","walletSk":"7d7ffaee-a7ec-4933-a7c8-3aa006144767"}',
    currency: 'SAR',
    amount: 60,
    vat: 0,
    oldBalance: 3222,
    newBalance: 3162
  }
}

2024-03-10T21:01:07.785Z 2024-03-10T21:01:07.785Z	64206962-f1dc-55cb-9d70-370ad00f5dd4	INFO	SubscriptionBalanceUpdated event published

2024-03-10T21:01:07.802Z 2024-03-10T21:01:07.802Z	64206962-f1dc-55cb-9d70-370ad00f5dd4	INFO	Processing message 6c60190c-4fab-41ff-b841-7291c2cac49a

2024-03-10T21:01:07.808Z 2024-03-10T21:01:07.808Z	64206962-f1dc-55cb-9d70-370ad00f5dd4	INFO	Start syncing the balance {
  transaction: {
    id: '01HRN2PKG8WPM5G46PN3TJEAE8',
    type: 'DEBIT',
    source: 'MANUAL_DEDUCTION',
    action: 'DELIVERY_DEDUCTION',
    userId: '6a1eab48-c690-4745-b5f1-3a51242ed793',
    paymentBalance: 963.2,
    updatePaymentBalance: true,
    metadata: '{"walletId":"wallet#6a1eab48-c690-4745-b5f1-3a51242ed793","deliveryId":"8a6ab064-6f0d-495f-86a4-f2e1276d128c","walletSk":"8a6ab064-6f0d-495f-86a4-f2e1276d128c"}',
    currency: 'BHD',
    amount: 8,
    vat: 0,
    oldBalance: 40.2,
    newBalance: 32.2
  }
}

2024-03-10T21:01:07.847Z 2024-03-10T21:01:07.847Z	64206962-f1dc-55cb-9d70-370ad00f5dd4	INFO	SubscriptionBalanceUpdated event published

2024-03-10T21:01:07.862Z 2024-03-10T21:01:07.862Z	64206962-f1dc-55cb-9d70-370ad00f5dd4	ERROR	Subscription balance and payment balance are not in sync {
  userId: '6a1eab48-c690-4745-b5f1-3a51242ed793',
  subscriptionBalance: 32.2,
  paymentBalance: 963.2
}

2024-03-10T21:01:07.876Z 2024-03-10T21:01:07.876Z	64206962-f1dc-55cb-9d70-370ad00f5dd4	INFO	Processing message 7e0deb69-4200-44c1-9d18-1b16bbc136b2

2024-03-10T21:01:07.882Z 2024-03-10T21:01:07.882Z	64206962-f1dc-55cb-9d70-370ad00f5dd4	INFO	Start syncing the balance {
  transaction: {
    id: '01HRN2PKEATE1VSDVJEACDETY1',
    type: 'DEBIT',
    source: 'MANUAL_DEDUCTION',
    action: 'DELIVERY_DEDUCTION',
    userId: '1b12bae6-b4b7-47bb-b98a-f206b7d10110',
    paymentBalance: 0,
    updatePaymentBalance: true,
    metadata: '{"walletId":"wallet#1b12bae6-b4b7-47bb-b98a-f206b7d10110","deliveryId":"66f7c1c5-32a1-48b0-b09a-9f4323d41f41","walletSk":"66f7c1c5-32a1-48b0-b09a-9f4323d41f41"}',
    currency: 'QAR',
    amount: 130,
    vat: 0,
    oldBalance: 130,
    newBalance: 0
  }
}

2024-03-10T21:01:07.923Z 2024-03-10T21:01:07.923Z	64206962-f1dc-55cb-9d70-370ad00f5dd4	INFO	SubscriptionBalanceUpdated event published

2024-03-10T21:01:07.936Z 2024-03-10T21:01:07.936Z	64206962-f1dc-55cb-9d70-370ad00f5dd4	INFO	Processing message 4a0c2497-c2e5-465a-ac6f-deb1f664371c

2024-03-10T21:01:07.943Z 2024-03-10T21:01:07.943Z	64206962-f1dc-55cb-9d70-370ad00f5dd4	INFO	Start syncing the balance {
  transaction: {
    id: '01HRN2PKBHA622PSJ8DAJXFD9K',
    type: 'DEBIT',
    source: 'MANUAL_DEDUCTION',
    action: 'DELIVERY_DEDUCTION',
    userId: 'c06b6e73-2183-49c1-ba4b-78c66dab5f0d',
    paymentBalance: 130.6,
    updatePaymentBalance: true,
    metadata: '{"walletId":"wallet#c06b6e73-2183-49c1-ba4b-78c66dab5f0d","deliveryId":"477c0686-1888-463f-80e2-bce9d9021110","walletSk":"477c0686-1888-463f-80e2-bce9d9021110"}',
    currency: 'BHD',
    amount: 4,
    vat: 0,
    oldBalance: 134.6,
    newBalance: 130.6
  }
}

2024-03-10T21:01:07.988Z 2024-03-10T21:01:07.988Z	64206962-f1dc-55cb-9d70-370ad00f5dd4	INFO	SubscriptionBalanceUpdated event published

2024-03-10T21:01:08.006Z END RequestId: 64206962-f1dc-55cb-9d70-370ad00f5dd4

2024-03-10T21:01:08.006Z REPORT RequestId: 64206962-f1dc-55cb-9d70-370ad00f5dd4	Duration: 871.00 ms	Billed Duration: 872 ms	Memory Size: 1024 MB	Max Memory Used: 124 MB	
XRAY TraceId: 1-65ee1f93-f2d89801ae45025b72cf21df	SegmentId: 5ff867b36cec89ba	Sampled: true	

2024-03-10T21:01:08.070Z START RequestId: 6ac59bf4-2b73-5b93-a1d0-c59c0aa0d837 Version: $LATEST

2024-03-10T21:01:08.098Z 2024-03-10T21:01:08.098Z	6ac59bf4-2b73-5b93-a1d0-c59c0aa0d837	INFO	Processing message 67d2c38e-6cb8-4dda-996b-2c5185d63519

2024-03-10T21:01:08.108Z 2024-03-10T21:01:08.108Z	6ac59bf4-2b73-5b93-a1d0-c59c0aa0d837	INFO	Start syncing the balance {
  transaction: {
    id: '01HRN2PM877Z7KC0J46GHSRJ4A',
    type: 'DEBIT',
    source: 'MANUAL_DEDUCTION',
    action: 'DELIVERY_DEDUCTION',
    userId: '5491019d-8c4e-422c-a644-d06abb2d9d2a',
    paymentBalance: 161,
    updatePaymentBalance: true,
    metadata: '{"walletId":"wallet#5491019d-8c4e-422c-a644-d06abb2d9d2a","deliveryId":"8c30f453-ee71-4df1-9d4d-e6a7768d327d","walletSk":"8c30f453-ee71-4df1-9d4d-e6a7768d327d"}',
    currency: 'BHD',
    amount: 9.5,
    vat: 0,
    oldBalance: 170.5,
    newBalance: 161
  }
}

2024-03-10T21:01:08.152Z 2024-03-10T21:01:08.152Z	6ac59bf4-2b73-5b93-a1d0-c59c0aa0d837	INFO	SubscriptionBalanceUpdated event published

2024-03-10T21:01:08.164Z 2024-03-10T21:01:08.164Z	6ac59bf4-2b73-5b93-a1d0-c59c0aa0d837	INFO	Processing message d109b4bd-77fa-460e-b38f-e91a6e32b070

2024-03-10T21:01:08.170Z 2024-03-10T21:01:08.170Z	6ac59bf4-2b73-5b93-a1d0-c59c0aa0d837	INFO	Start syncing the balance {
  transaction: {
    id: '01HRN2PM5A7A1JCY0HJ5VDTC7T',
    type: 'DEBIT',
    source: 'MANUAL_DEDUCTION',
    action: 'DELIVERY_DEDUCTION',
    userId: 'cfee18c3-4c5c-43d6-8333-459ced998886',
    paymentBalance: 1000,
    updatePaymentBalance: true,
    metadata: '{"walletId":"wallet#cfee18c3-4c5c-43d6-8333-459ced998886","deliveryId":"4408f643-741a-4f2b-ab68-ba00ecb2c40f","walletSk":"4408f643-741a-4f2b-ab68-ba00ecb2c40f"}',
    currency: 'SAR',
    amount: 100,
    vat: 0,
    oldBalance: 1100,
    newBalance: 1000
  }
}

2024-03-10T21:01:08.219Z 2024-03-10T21:01:08.219Z	6ac59bf4-2b73-5b93-a1d0-c59c0aa0d837	INFO	SubscriptionBalanceUpdated event published

2024-03-10T21:01:08.230Z 2024-03-10T21:01:08.230Z	6ac59bf4-2b73-5b93-a1d0-c59c0aa0d837	INFO	Processing message 64c987e5-3165-4772-b5a3-63100a98be58

2024-03-10T21:01:08.235Z 2024-03-10T21:01:08.235Z	6ac59bf4-2b73-5b93-a1d0-c59c0aa0d837	INFO	Start syncing the balance {
  transaction: {
    id: '01HRN2PM7PWHF03WCXD563QZFQ',
    type: 'DEBIT',
    source: 'MANUAL_DEDUCTION',
    action: 'DELIVERY_DEDUCTION',
    userId: '7366dc6d-d047-46d5-b203-39e81633a8b4',
    paymentBalance: 3763,
    updatePaymentBalance: true,
    metadata: '{"walletId":"wallet#7366dc6d-d047-46d5-b203-39e81633a8b4","deliveryId":"e4cd821b-fb9e-4f50-ae2b-8fa1e01c302a","walletSk":"e4cd821b-fb9e-4f50-ae2b-8fa1e01c302a"}',
    currency: 'SAR',
    amount: 42,
    vat: 0,
    oldBalance: 3805,
    newBalance: 3763
  }
}

2024-03-10T21:01:08.278Z 2024-03-10T21:01:08.278Z	6ac59bf4-2b73-5b93-a1d0-c59c0aa0d837	INFO	SubscriptionBalanceUpdated event published

2024-03-10T21:01:08.291Z 2024-03-10T21:01:08.291Z	6ac59bf4-2b73-5b93-a1d0-c59c0aa0d837	INFO	Processing message 7783d383-b45f-4ec3-a753-ada07798521f

2024-03-10T21:01:08.295Z 2024-03-10T21:01:08.295Z	6ac59bf4-2b73-5b93-a1d0-c59c0aa0d837	INFO	Start syncing the balance {
  transaction: {
    id: '01HRN2PMDNF8EFHWGE31TRBGZM',
    type: 'DEBIT',
    source: 'MANUAL_DEDUCTION',
    action: 'DELIVERY_DEDUCTION',
    userId: '65413bc6-0755-451e-8e53-caf2833ea8b1',
    paymentBalance: 3042,
    updatePaymentBalance: true,
    metadata: '{"walletId":"wallet#65413bc6-0755-451e-8e53-caf2833ea8b1","deliveryId":"73eec55a-584e-473f-a7ba-cb96099137bc","walletSk":"73eec55a-584e-473f-a7ba-cb96099137bc"}',
    currency: 'SAR',
    amount: 90,
    vat: 0,
    oldBalance: 3132,
    newBalance: 3042
  }
}

2024-03-10T21:01:08.343Z 2024-03-10T21:01:08.343Z	6ac59bf4-2b73-5b93-a1d0-c59c0aa0d837	INFO	SubscriptionBalanceUpdated event published

2024-03-10T21:01:08.356Z 2024-03-10T21:01:08.356Z	6ac59bf4-2b73-5b93-a1d0-c59c0aa0d837	INFO	Processing message a54877db-a896-42ed-a0a3-11c8cd1b9fb6

2024-03-10T21:01:08.361Z 2024-03-10T21:01:08.361Z	6ac59bf4-2b73-5b93-a1d0-c59c0aa0d837	INFO	Start syncing the balance {
  transaction: {
    id: '01HRN2PMAR66HNP0V5J4W1V3RV',
    type: 'DEBIT',
    source: 'MANUAL_DEDUCTION',
    action: 'DELIVERY_DEDUCTION',
    userId: '2c1fafd7-42d4-48ac-a761-4b5493eec785',
    paymentBalance: 585.5,
    updatePaymentBalance: true,
    metadata: '{"walletId":"wallet#2c1fafd7-42d4-48ac-a761-4b5493eec785","deliveryId":"907cd1c6-f79b-4425-81ad-6ecb06d875e0","walletSk":"907cd1c6-f79b-4425-81ad-6ecb06d875e0"}',
    currency: 'BHD',
    amount: 27,
    vat: 0,
    oldBalance: 312.5,
    newBalance: 285.5
  }
}

2024-03-10T21:01:08.402Z 2024-03-10T21:01:08.402Z	6ac59bf4-2b73-5b93-a1d0-c59c0aa0d837	INFO	SubscriptionBalanceUpdated event published

2024-03-10T21:01:08.415Z 2024-03-10T21:01:08.415Z	6ac59bf4-2b73-5b93-a1d0-c59c0aa0d837	ERROR	Subscription balance and payment balance are not in sync {
  userId: '2c1fafd7-42d4-48ac-a761-4b5493eec785',
  subscriptionBalance: 285.5,
  paymentBalance: 585.5
}

2024-03-10T21:01:08.430Z 2024-03-10T21:01:08.430Z	6ac59bf4-2b73-5b93-a1d0-c59c0aa0d837	INFO	Processing message 07e3c735-db2f-4aaf-b9a5-5001db81d653

2024-03-10T21:01:08.435Z 2024-03-10T21:01:08.435Z	6ac59bf4-2b73-5b93-a1d0-c59c0aa0d837	INFO	Start syncing the balance {
  transaction: {
    id: '01HRN2PMGC3XEB3JENM46PH5FF',
    type: 'DEBIT',
    source: 'MANUAL_DEDUCTION',
    action: 'DELIVERY_DEDUCTION',
    userId: '1a65135a-58fd-4db7-aaaa-5a2a8b799470',
    paymentBalance: 152,
    updatePaymentBalance: true,
    metadata: '{"walletId":"wallet#1a65135a-58fd-4db7-aaaa-5a2a8b799470","deliveryId":"ba11ca9c-fa67-4a80-a7fa-05ca3442eeb3","walletSk":"ba11ca9c-fa67-4a80-a7fa-05ca3442eeb3"}',
    currency: 'BHD',
    amount: 8,
    vat: 0,
    oldBalance: 160,
    newBalance: 152
  }
}

2024-03-10T21:01:08.472Z 2024-03-10T21:01:08.472Z	6ac59bf4-2b73-5b93-a1d0-c59c0aa0d837	INFO	SubscriptionBalanceUpdated event published

2024-03-10T21:01:08.482Z 2024-03-10T21:01:08.482Z	6ac59bf4-2b73-5b93-a1d0-c59c0aa0d837	INFO	Processing message 9633c36d-489a-4a1d-81b3-6cf81b73b843

2024-03-10T21:01:08.487Z 2024-03-10T21:01:08.487Z	6ac59bf4-2b73-5b93-a1d0-c59c0aa0d837	INFO	Start syncing the balance {
  transaction: {
    id: '01HRN2PMAVG5Z4JNNK6X5PQEKM',
    type: 'DEBIT',
    source: 'MANUAL_DEDUCTION',
    action: 'DELIVERY_DEDUCTION',
    userId: '7a46f077-87df-49e3-b606-f37d0f061728',
    paymentBalance: 788,
    updatePaymentBalance: true,
    metadata: '{"walletId":"wallet#7a46f077-87df-49e3-b606-f37d0f061728","deliveryId":"002b93d9-6207-4ffe-8103-86601e595b5a","walletSk":"002b93d9-6207-4ffe-8103-86601e595b5a"}',
    currency: 'BHD',
    amount: 10,
    vat: 0,
    oldBalance: 798,
    newBalance: 788
  }
}

2024-03-10T21:01:08.569Z 2024-03-10T21:01:08.569Z	6ac59bf4-2b73-5b93-a1d0-c59c0aa0d837	INFO	SubscriptionBalanceUpdated event published

2024-03-10T21:01:08.587Z 2024-03-10T21:01:08.587Z	6ac59bf4-2b73-5b93-a1d0-c59c0aa0d837	INFO	Processing message 7a427080-e5c0-4884-82ce-7fa180c22fb4

2024-03-10T21:01:08.593Z 2024-03-10T21:01:08.593Z	6ac59bf4-2b73-5b93-a1d0-c59c0aa0d837	INFO	Start syncing the balance {
  transaction: {
    id: '01HRN2PMGMHSTBSQZ5WN7Z5HAZ',
    type: 'DEBIT',
    source: 'MANUAL_DEDUCTION',
    action: 'DELIVERY_DEDUCTION',
    userId: '6943717f-0aec-40b3-bbad-6ccf1de293e4',
    paymentBalance: 32,
    updatePaymentBalance: true,
    metadata: '{"walletId":"wallet#6943717f-0aec-40b3-bbad-6ccf1de293e4","deliveryId":"7b13675b-cff1-4824-acea-41689441f5c1","walletSk":"7b13675b-cff1-4824-acea-41689441f5c1"}',
    currency: 'BHD',
    amount: 8,
    vat: 0,
    oldBalance: 40,
    newBalance: 32
  }
}

2024-03-10T21:01:08.634Z 2024-03-10T21:01:08.634Z	6ac59bf4-2b73-5b93-a1d0-c59c0aa0d837	INFO	SubscriptionBalanceUpdated event published

2024-03-10T21:01:08.647Z 2024-03-10T21:01:08.647Z	6ac59bf4-2b73-5b93-a1d0-c59c0aa0d837	INFO	Processing message 4db87654-ebae-45b3-abeb-741d4eb6a58d

2024-03-10T21:01:08.652Z 2024-03-10T21:01:08.652Z	6ac59bf4-2b73-5b93-a1d0-c59c0aa0d837	INFO	Start syncing the balance {
  transaction: {
    id: '01HRN2PME4CKNSJ3FKEMJHF51V',
    type: 'DEBIT',
    source: 'MANUAL_DEDUCTION',
    action: 'DELIVERY_DEDUCTION',
    userId: '33ca49c4-bd48-4636-a431-9b3ca10029ba',
    paymentBalance: 0,
    updatePaymentBalance: true,
    metadata: '{"walletId":"wallet#33ca49c4-bd48-4636-a431-9b3ca10029ba","deliveryId":"5c3bfbcd-d7cd-4bc7-8f47-96b08f26cb2e","walletSk":"5c3bfbcd-d7cd-4bc7-8f47-96b08f26cb2e"}',
    currency: 'BHD',
    amount: 8,
    vat: 0,
    oldBalance: 8,
    newBalance: 0
  }
}

2024-03-10T21:01:08.693Z 2024-03-10T21:01:08.693Z	6ac59bf4-2b73-5b93-a1d0-c59c0aa0d837	INFO	SubscriptionBalanceUpdated event published

2024-03-10T21:01:08.706Z 2024-03-10T21:01:08.706Z	6ac59bf4-2b73-5b93-a1d0-c59c0aa0d837	INFO	Processing message dfbe9595-076d-4f6c-be87-83619495e6ea

2024-03-10T21:01:08.711Z 2024-03-10T21:01:08.711Z	6ac59bf4-2b73-5b93-a1d0-c59c0aa0d837	INFO	Start syncing the balance {
  transaction: {
    id: '01HRN2PMS559E3PGNFQ7HHGR84',
    type: 'DEBIT',
    source: 'MANUAL_DEDUCTION',
    action: 'DELIVERY_DEDUCTION',
    userId: 'cc9f78ca-ae9d-41bf-87a4-0b644222c99e',
    paymentBalance: 117,
    updatePaymentBalance: true,
    metadata: '{"walletId":"wallet#cc9f78ca-ae9d-41bf-87a4-0b644222c99e","deliveryId":"7ac7a8e7-9fd9-4cd2-bdda-56f2b37dcb3f","walletSk":"7ac7a8e7-9fd9-4cd2-bdda-56f2b37dcb3f"}',
    currency: 'BHD',
    amount: 9,
    vat: 0,
    oldBalance: 126,
    newBalance: 117
  }
}

2024-03-10T21:01:08.753Z 2024-03-10T21:01:08.753Z	6ac59bf4-2b73-5b93-a1d0-c59c0aa0d837	INFO	SubscriptionBalanceUpdated event published

2024-03-10T21:01:08.768Z END RequestId: 6ac59bf4-2b73-5b93-a1d0-c59c0aa0d837

2024-03-10T21:01:08.768Z REPORT RequestId: 6ac59bf4-2b73-5b93-a1d0-c59c0aa0d837	Duration: 697.78 ms	Billed Duration: 698 ms	Memory Size: 1024 MB	Max Memory Used: 126 MB	

2024-03-10T21:01:08.869Z START RequestId: 8048b1a6-37b8-5daf-a676-efce166c5e0b Version: $LATEST

2024-03-10T21:01:08.893Z 2024-03-10T21:01:08.893Z	8048b1a6-37b8-5daf-a676-efce166c5e0b	INFO	Processing message ec5d44d8-f647-4833-bd8a-5b0f0246c340

2024-03-10T21:01:08.897Z 2024-03-10T21:01:08.897Z	8048b1a6-37b8-5daf-a676-efce166c5e0b	INFO	Start syncing the balance {
  transaction: {
    id: '01HRN2PMKWMXTD5CZP1D13KW7B',
    type: 'DEBIT',
    source: 'MANUAL_DEDUCTION',
    action: 'DELIVERY_DEDUCTION',
    userId: '073d8401-e882-4dc0-a104-c212f6019ebd',
    paymentBalance: 4779,
    updatePaymentBalance: true,
    metadata: '{"walletId":"wallet#073d8401-e882-4dc0-a104-c212f6019ebd","deliveryId":"2942a4d4-0d46-48e5-b15e-d5018a07210d","walletSk":"2942a4d4-0d46-48e5-b15e-d5018a07210d"}',
    currency: 'SAR',
    amount: 76.5,
    vat: 0,
    oldBalance: 4855.5,
    newBalance: 4779
  }
}

2024-03-10T21:01:08.938Z 2024-03-10T21:01:08.938Z	8048b1a6-37b8-5daf-a676-efce166c5e0b	INFO	SubscriptionBalanceUpdated event published

2024-03-10T21:01:08.949Z 2024-03-10T21:01:08.949Z	8048b1a6-37b8-5daf-a676-efce166c5e0b	INFO	Processing message b9d29e63-bfb9-4e77-9f80-424a148e2991

2024-03-10T21:01:08.954Z 2024-03-10T21:01:08.954Z	8048b1a6-37b8-5daf-a676-efce166c5e0b	INFO	Start syncing the balance {
  transaction: {
    id: '01HRN2PMPF6CWMEQPNC8YVPWXF',
    type: 'DEBIT',
    source: 'MANUAL_DEDUCTION',
    action: 'DELIVERY_DEDUCTION',
    userId: '3a3032d5-0841-422e-b3a8-1fe38d0a75b7',
    paymentBalance: 3132,
    updatePaymentBalance: true,
    metadata: '{"walletId":"wallet#3a3032d5-0841-422e-b3a8-1fe38d0a75b7","deliveryId":"fefbbb98-cdf0-408e-a713-1c26948b1841","walletSk":"fefbbb98-cdf0-408e-a713-1c26948b1841"}',
    currency: 'SAR',
    amount: 90,
    vat: 0,
    oldBalance: 3222,
    newBalance: 3132
  }
}

2024-03-10T21:01:08.995Z 2024-03-10T21:01:08.995Z	8048b1a6-37b8-5daf-a676-efce166c5e0b	INFO	SubscriptionBalanceUpdated event published

2024-03-10T21:01:09.007Z 2024-03-10T21:01:09.007Z	8048b1a6-37b8-5daf-a676-efce166c5e0b	INFO	Processing message ff089e1d-4011-4386-8ade-e7f7fd9c5808

2024-03-10T21:01:09.013Z 2024-03-10T21:01:09.013Z	8048b1a6-37b8-5daf-a676-efce166c5e0b	INFO	Start syncing the balance {
  transaction: {
    id: '01HRN2PMKF3XW8KKBETP2MDQ7Z',
    type: 'DEBIT',
    source: 'MANUAL_DEDUCTION',
    action: 'DELIVERY_DEDUCTION',
    userId: '52ebb322-696b-423b-bd79-2de604defbdd',
    paymentBalance: 3373.01,
    updatePaymentBalance: true,
    metadata: '{"walletId":"wallet#52ebb322-696b-423b-bd79-2de604defbdd","deliveryId":"ca4c307b-2289-46f2-b77d-847c1ff903ed","walletSk":"ca4c307b-2289-46f2-b77d-847c1ff903ed"}',
    currency: 'SAR',
    amount: 70,
    vat: 0,
    oldBalance: 970,
    newBalance: 900
  }
}

2024-03-10T21:01:09.052Z 2024-03-10T21:01:09.052Z	8048b1a6-37b8-5daf-a676-efce166c5e0b	INFO	SubscriptionBalanceUpdated event published

2024-03-10T21:01:09.065Z 2024-03-10T21:01:09.065Z	8048b1a6-37b8-5daf-a676-efce166c5e0b	ERROR	Subscription balance and payment balance are not in sync {
  userId: '52ebb322-696b-423b-bd79-2de604defbdd',
  subscriptionBalance: 900,
  paymentBalance: 3373.01
}

2024-03-10T21:01:09.079Z 2024-03-10T21:01:09.079Z	8048b1a6-37b8-5daf-a676-efce166c5e0b	INFO	Processing message 031b7491-5f2c-41e1-973e-9b4a98e43780

2024-03-10T21:01:09.085Z 2024-03-10T21:01:09.085Z	8048b1a6-37b8-5daf-a676-efce166c5e0b	INFO	Start syncing the balance {
  transaction: {
    id: '01HRN2PMP2J48DF99KNB46C80A',
    type: 'DEBIT',
    source: 'MANUAL_DEDUCTION',
    action: 'DELIVERY_DEDUCTION',
    userId: '7b9318f9-b4c3-45e8-8ae0-c12d42adaecc',
    paymentBalance: 1200,
    updatePaymentBalance: true,
    metadata: '{"walletId":"wallet#7b9318f9-b4c3-45e8-8ae0-c12d42adaecc","deliveryId":"93a9a3aa-73ad-4302-9f66-dae9fd6aea57","walletSk":"93a9a3aa-73ad-4302-9f66-dae9fd6aea57"}',
    currency: 'SAR',
    amount: 100,
    vat: 0,
    oldBalance: 1300,
    newBalance: 1200
  }
}

2024-03-10T21:01:09.124Z 2024-03-10T21:01:09.124Z	8048b1a6-37b8-5daf-a676-efce166c5e0b	INFO	SubscriptionBalanceUpdated event published

2024-03-10T21:01:09.137Z 2024-03-10T21:01:09.137Z	8048b1a6-37b8-5daf-a676-efce166c5e0b	INFO	Processing message a81d348e-b236-4d81-b81f-4f8203fddf51

2024-03-10T21:01:09.143Z 2024-03-10T21:01:09.143Z	8048b1a6-37b8-5daf-a676-efce166c5e0b	INFO	Start syncing the balance {
  transaction: {
    id: '01HRN2PMYP2WNDD73T4AVTSBVM',
    type: 'DEBIT',
    source: 'MANUAL_DEDUCTION',
    action: 'DELIVERY_DEDUCTION',
    userId: '1b3be8bc-3813-4dff-b42c-43efbdcfc5ae',
    paymentBalance: 335,
    updatePaymentBalance: true,
    metadata: '{"walletId":"wallet#1b3be8bc-3813-4dff-b42c-43efbdcfc5ae","deliveryId":"dc5680b1-12be-4344-bd89-a52dffdade5b","walletSk":"dc5680b1-12be-4344-bd89-a52dffdade5b"}',
    currency: 'BHD',
    amount: 10,
    vat: 0,
    oldBalance: 190,
    newBalance: 180
  }
}

2024-03-10T21:01:09.182Z 2024-03-10T21:01:09.182Z	8048b1a6-37b8-5daf-a676-efce166c5e0b	INFO	SubscriptionBalanceUpdated event published

2024-03-10T21:01:09.199Z 2024-03-10T21:01:09.199Z	8048b1a6-37b8-5daf-a676-efce166c5e0b	ERROR	Subscription balance and payment balance are not in sync {
  userId: '1b3be8bc-3813-4dff-b42c-43efbdcfc5ae',
  subscriptionBalance: 180,
  paymentBalance: 335
}

2024-03-10T21:01:09.214Z 2024-03-10T21:01:09.214Z	8048b1a6-37b8-5daf-a676-efce166c5e0b	INFO	Processing message 57a0e92c-67bb-445f-8a8a-088713eba815

2024-03-10T21:01:09.222Z 2024-03-10T21:01:09.222Z	8048b1a6-37b8-5daf-a676-efce166c5e0b	INFO	Start syncing the balance {
  transaction: {
    id: '01HRN2PMZ3W0J4JAS1TP9Y5GSB',
    type: 'DEBIT',
    source: 'MANUAL_DEDUCTION',
    action: 'DELIVERY_DEDUCTION',
    userId: '95548cdd-9c30-4a34-8e13-6b526f0426da',
    paymentBalance: 14177.641,
    updatePaymentBalance: true,
    metadata: '{"walletId":"wallet#95548cdd-9c30-4a34-8e13-6b526f0426da","deliveryId":"4c3cec73-5290-4bca-8fcc-2674a77be762","walletSk":"4c3cec73-5290-4bca-8fcc-2674a77be762"}',
    currency: 'BHD',
    amount: 9,
    vat: 0,
    oldBalance: 9971.103,
    newBalance: 9962.103
  }
}

2024-03-10T21:01:09.268Z 2024-03-10T21:01:09.268Z	8048b1a6-37b8-5daf-a676-efce166c5e0b	INFO	SubscriptionBalanceUpdated event published

2024-03-10T21:01:09.282Z 2024-03-10T21:01:09.282Z	8048b1a6-37b8-5daf-a676-efce166c5e0b	ERROR	Subscription balance and payment balance are not in sync {
  userId: '95548cdd-9c30-4a34-8e13-6b526f0426da',
  subscriptionBalance: 9962.103,
  paymentBalance: 14177.641
}

2024-03-10T21:01:09.296Z 2024-03-10T21:01:09.296Z	8048b1a6-37b8-5daf-a676-efce166c5e0b	INFO	Processing message 507d1190-1d61-4fa8-984a-f9d3ecc7c8f1

2024-03-10T21:01:09.302Z 2024-03-10T21:01:09.302Z	8048b1a6-37b8-5daf-a676-efce166c5e0b	INFO	Start syncing the balance {
  transaction: {
    id: '01HRN2PMW0ARSNAS0YY4N9JJRE',
    type: 'DEBIT',
    source: 'MANUAL_DEDUCTION',
    action: 'DELIVERY_DEDUCTION',
    userId: '6a816b89-1fc6-4fe2-b33f-f7f8224f5c88',
    paymentBalance: 720,
    updatePaymentBalance: true,
    metadata: '{"walletId":"wallet#6a816b89-1fc6-4fe2-b33f-f7f8224f5c88","deliveryId":"57671062-6481-45c9-8af5-26d95eace2f5","walletSk":"57671062-6481-45c9-8af5-26d95eace2f5"}',
    currency: 'SAR',
    amount: 90,
    vat: 0,
    oldBalance: 810,
    newBalance: 720
  }
}

2024-03-10T21:01:09.342Z 2024-03-10T21:01:09.342Z	8048b1a6-37b8-5daf-a676-efce166c5e0b	INFO	SubscriptionBalanceUpdated event published

2024-03-10T21:01:09.355Z 2024-03-10T21:01:09.355Z	8048b1a6-37b8-5daf-a676-efce166c5e0b	INFO	Processing message ace478bb-00f5-47b8-b7e2-69c27a03652d

2024-03-10T21:01:09.360Z 2024-03-10T21:01:09.360Z	8048b1a6-37b8-5daf-a676-efce166c5e0b	INFO	Start syncing the balance {
  transaction: {
    id: '01HRN2PMS56A9AG1X4N21BDNRP',
    type: 'DEBIT',
    source: 'MANUAL_DEDUCTION',
    action: 'DELIVERY_DEDUCTION',
    userId: 'c5e1fca1-5f7b-4830-92d4-09fbddcec953',
    paymentBalance: 161,
    updatePaymentBalance: true,
    metadata: '{"walletId":"wallet#c5e1fca1-5f7b-4830-92d4-09fbddcec953","deliveryId":"c608755c-300a-4c71-918b-fd82accd9f84","walletSk":"c608755c-300a-4c71-918b-fd82accd9f84"}',
    currency: 'BHD',
    amount: 9.5,
    vat: 0,
    oldBalance: 170.5,
    newBalance: 161
  }
}

2024-03-10T21:01:09.398Z 2024-03-10T21:01:09.398Z	8048b1a6-37b8-5daf-a676-efce166c5e0b	INFO	SubscriptionBalanceUpdated event published

2024-03-10T21:01:09.409Z 2024-03-10T21:01:09.409Z	8048b1a6-37b8-5daf-a676-efce166c5e0b	INFO	Processing message 21a6ff1b-9ee8-42a5-a78e-4762bddc5d6f

2024-03-10T21:01:09.424Z 2024-03-10T21:01:09.424Z	8048b1a6-37b8-5daf-a676-efce166c5e0b	INFO	Start syncing the balance {
  transaction: {
    id: '01HRN2PMWKP0SKDWM0394RP6SQ',
    type: 'DEBIT',
    source: 'MANUAL_DEDUCTION',
    action: 'DELIVERY_DEDUCTION',
    userId: 'a6db30c1-5d78-471c-b1e7-007c345db06a',
    paymentBalance: 1260,
    updatePaymentBalance: true,
    metadata: '{"walletId":"wallet#a6db30c1-5d78-471c-b1e7-007c345db06a","deliveryId":"26091a0f-6b61-48c6-944d-fbd9a38fba1b","walletSk":"26091a0f-6b61-48c6-944d-fbd9a38fba1b"}',
    currency: 'SAR',
    amount: 90,
    vat: 0,
    oldBalance: 1350,
    newBalance: 1260
  }
}

2024-03-10T21:01:09.463Z 2024-03-10T21:01:09.463Z	8048b1a6-37b8-5daf-a676-efce166c5e0b	INFO	SubscriptionBalanceUpdated event published

2024-03-10T21:01:09.476Z 2024-03-10T21:01:09.476Z	8048b1a6-37b8-5daf-a676-efce166c5e0b	INFO	Processing message c2bba3f1-cdcb-4712-957d-79c89114e970

2024-03-10T21:01:09.484Z 2024-03-10T21:01:09.484Z	8048b1a6-37b8-5daf-a676-efce166c5e0b	INFO	Start syncing the balance {
  transaction: {
    id: '01HRN2PN4XZECABKX7ZN3SVWVD',
    type: 'DEBIT',
    source: 'MANUAL_DEDUCTION',
    action: 'DELIVERY_DEDUCTION',
    userId: '7f97b814-017d-430e-9779-877ec174861e',
    paymentBalance: -352.532,
    updatePaymentBalance: true,
    metadata: '{"walletId":"wallet#7f97b814-017d-430e-9779-877ec174861e","deliveryId":"b3c4e2f9-8e79-4448-943b-2bf209e8b89f","walletSk":"b3c4e2f9-8e79-4448-943b-2bf209e8b89f"}',
    currency: 'BHD',
    amount: 6,
    vat: 0,
    oldBalance: 659.0878,
    newBalance: 653.088
  }
}

2024-03-10T21:01:09.525Z 2024-03-10T21:01:09.525Z	8048b1a6-37b8-5daf-a676-efce166c5e0b	INFO	SubscriptionBalanceUpdated event published

2024-03-10T21:01:09.538Z 2024-03-10T21:01:09.538Z	8048b1a6-37b8-5daf-a676-efce166c5e0b	ERROR	Subscription balance and payment balance are not in sync {
  userId: '7f97b814-017d-430e-9779-877ec174861e',
  subscriptionBalance: 653.088,
  paymentBalance: -352.532
}

2024-03-10T21:01:09.553Z END RequestId: 8048b1a6-37b8-5daf-a676-efce166c5e0b

2024-03-10T21:01:09.553Z REPORT RequestId: 8048b1a6-37b8-5daf-a676-efce166c5e0b	Duration: 684.52 ms	Billed Duration: 685 ms	Memory Size: 1024 MB	Max Memory Used: 126 MB	

2024-03-10T21:01:09.767Z START RequestId: 37aee08b-1390-5eb4-b00e-bee33245fd10 Version: $LATEST

2024-03-10T21:01:09.796Z 2024-03-10T21:01:09.796Z	37aee08b-1390-5eb4-b00e-bee33245fd10	INFO	Processing message 02877ed4-b8e0-4527-b69a-a5f7ab4b101c

2024-03-10T21:01:09.801Z 2024-03-10T21:01:09.801Z	37aee08b-1390-5eb4-b00e-bee33245fd10	INFO	Start syncing the balance {
  transaction: {
    id: '01HRN2PP5878KHDZV9ZWVBCRFC',
    type: 'DEBIT',
    source: 'MANUAL_DEDUCTION',
    action: 'DELIVERY_DEDUCTION',
    userId: '848c815d-39aa-4437-a5c2-4f60cbacd64d',
    paymentBalance: 372,
    updatePaymentBalance: true,
    metadata: '{"walletId":"wallet#848c815d-39aa-4437-a5c2-4f60cbacd64d","deliveryId":"b983dc95-2b06-4bed-aa2f-1941ebd569f7","walletSk":"b983dc95-2b06-4bed-aa2f-1941ebd569f7"}',
    currency: 'SAR',
    amount: 60,
    vat: 0,
    oldBalance: 432,
    newBalance: 372
  }
}

2024-03-10T21:01:09.844Z 2024-03-10T21:01:09.844Z	37aee08b-1390-5eb4-b00e-bee33245fd10	INFO	SubscriptionBalanceUpdated event published

2024-03-10T21:01:09.856Z 2024-03-10T21:01:09.856Z	37aee08b-1390-5eb4-b00e-bee33245fd10	INFO	Processing message 63d00855-38e6-4177-ba9f-87af8213099f

2024-03-10T21:01:09.861Z 2024-03-10T21:01:09.861Z	37aee08b-1390-5eb4-b00e-bee33245fd10	INFO	Start syncing the balance {
  transaction: {
    id: '01HRN2PPBACB3A26A3EMT71AMV',
    type: 'DEBIT',
    source: 'MANUAL_DEDUCTION',
    action: 'DELIVERY_DEDUCTION',
    userId: '7ab363cd-2ace-4270-9e97-c4b5407c1048',
    paymentBalance: 72,
    updatePaymentBalance: true,
    metadata: '{"walletId":"wallet#7ab363cd-2ace-4270-9e97-c4b5407c1048","deliveryId":"8c4fa4d4-5b0f-4ea0-8634-f7f3b352b25f","walletSk":"8c4fa4d4-5b0f-4ea0-8634-f7f3b352b25f"}',
    currency: 'BHD',
    amount: 9,
    vat: 0,
    oldBalance: 81,
    newBalance: 72
  }
}

2024-03-10T21:01:09.908Z 2024-03-10T21:01:09.908Z	37aee08b-1390-5eb4-b00e-bee33245fd10	INFO	SubscriptionBalanceUpdated event published

2024-03-10T21:01:09.924Z 2024-03-10T21:01:09.924Z	37aee08b-1390-5eb4-b00e-bee33245fd10	INFO	Processing message 102d8678-6548-4496-8fa0-31e1cad26823

2024-03-10T21:01:09.929Z 2024-03-10T21:01:09.929Z	37aee08b-1390-5eb4-b00e-bee33245fd10	INFO	Start syncing the balance {
  transaction: {
    id: '01HRN2PPDYSW3B7FQN2Z7KH2MY',
    type: 'DEBIT',
    source: 'MANUAL_DEDUCTION',
    action: 'DELIVERY_DEDUCTION',
    userId: 'f899dcef-1bc0-479f-833d-82c3351e403b',
    paymentBalance: 1473.4,
    updatePaymentBalance: true,
    metadata: '{"walletId":"wallet#f899dcef-1bc0-479f-833d-82c3351e403b","deliveryId":"22940a9d-e7bc-4890-809c-226767f696f8","walletSk":"22940a9d-e7bc-4890-809c-226767f696f8"}',
    currency: 'SAR',
    amount: 42,
    vat: 0,
    oldBalance: 1515.4,
    newBalance: 1473.4
  }
}

2024-03-10T21:01:09.973Z 2024-03-10T21:01:09.973Z	37aee08b-1390-5eb4-b00e-bee33245fd10	INFO	SubscriptionBalanceUpdated event published

2024-03-10T21:01:09.985Z 2024-03-10T21:01:09.985Z	37aee08b-1390-5eb4-b00e-bee33245fd10	INFO	Processing message 8a58c66a-d480-4712-9d32-e8abbae36173

2024-03-10T21:01:09.990Z 2024-03-10T21:01:09.990Z	37aee08b-1390-5eb4-b00e-bee33245fd10	INFO	Start syncing the balance {
  transaction: {
    id: '01HRN2PP7YFA1MH3FTYC4GTGJF',
    type: 'DEBIT',
    source: 'MANUAL_DEDUCTION',
    action: 'DELIVERY_DEDUCTION',
    userId: '446972d3-eff3-4f7b-a94b-7c0c56e5b545',
    paymentBalance: 134,
    updatePaymentBalance: true,
    metadata: '{"walletId":"wallet#446972d3-eff3-4f7b-a94b-7c0c56e5b545","deliveryId":"958f59c1-584d-4e45-af45-2387b7899eaf","walletSk":"958f59c1-584d-4e45-af45-2387b7899eaf"}',
    currency: 'BHD',
    amount: 8,
    vat: 0,
    oldBalance: 142,
    newBalance: 134
  }
}

2024-03-10T21:01:10.029Z 2024-03-10T21:01:10.029Z	37aee08b-1390-5eb4-b00e-bee33245fd10	INFO	SubscriptionBalanceUpdated event published

2024-03-10T21:01:10.043Z 2024-03-10T21:01:10.043Z	37aee08b-1390-5eb4-b00e-bee33245fd10	INFO	Processing message 5dccb9c2-7b7d-4fdd-95b1-71ebe9241f30

2024-03-10T21:01:10.049Z 2024-03-10T21:01:10.049Z	37aee08b-1390-5eb4-b00e-bee33245fd10	INFO	Start syncing the balance {
  transaction: {
    id: '01HRN2PPBDM43EG7WD2PBB7FX0',
    type: 'DEBIT',
    source: 'MANUAL_DEDUCTION',
    action: 'DELIVERY_DEDUCTION',
    userId: '2c2a8830-b2f7-4b3e-a180-7a5654eee40c',
    paymentBalance: 35156.39,
    updatePaymentBalance: true,
    metadata: '{"walletId":"wallet#2c2a8830-b2f7-4b3e-a180-7a5654eee40c","deliveryId":"0dfb00f6-40b8-4f6e-8f5e-752c8da68bec","walletSk":"0dfb00f6-40b8-4f6e-8f5e-752c8da68bec"}',
    currency: 'SAR',
    amount: 90,
    vat: 0,
    oldBalance: 35336.39,
    newBalance: 35246.39
  }
}

2024-03-10T21:01:10.094Z 2024-03-10T21:01:10.094Z	37aee08b-1390-5eb4-b00e-bee33245fd10	INFO	SubscriptionBalanceUpdated event published

2024-03-10T21:01:10.108Z 2024-03-10T21:01:10.108Z	37aee08b-1390-5eb4-b00e-bee33245fd10	ERROR	Subscription balance and payment balance are not in sync {
  userId: '2c2a8830-b2f7-4b3e-a180-7a5654eee40c',
  subscriptionBalance: 35246.39,
  paymentBalance: 35156.39
}

2024-03-10T21:01:10.123Z 2024-03-10T21:01:10.123Z	37aee08b-1390-5eb4-b00e-bee33245fd10	INFO	Processing message b193d567-29d9-4cc8-8e9c-57e9cb5f9a53

2024-03-10T21:01:10.129Z 2024-03-10T21:01:10.129Z	37aee08b-1390-5eb4-b00e-bee33245fd10	INFO	Start syncing the balance {
  transaction: {
    id: '01HRN2PPGR3AP4JKFEH4TM4461',
    type: 'DEBIT',
    source: 'MANUAL_DEDUCTION',
    action: 'DELIVERY_DEDUCTION',
    userId: 'e8062346-faa2-400f-a070-a970fc4caab4',
    paymentBalance: 1909.376,
    updatePaymentBalance: true,
    metadata: '{"walletId":"wallet#e8062346-faa2-400f-a070-a970fc4caab4","deliveryId":"c88ae1a6-0922-4254-b590-4498b3083a07","walletSk":"c88ae1a6-0922-4254-b590-4498b3083a07"}',
    currency: 'BHD',
    amount: 10,
    vat: 0,
    oldBalance: 109.5,
    newBalance: 99.5
  }
}

2024-03-10T21:01:10.169Z 2024-03-10T21:01:10.169Z	37aee08b-1390-5eb4-b00e-bee33245fd10	INFO	SubscriptionBalanceUpdated event published

2024-03-10T21:01:10.184Z 2024-03-10T21:01:10.184Z	37aee08b-1390-5eb4-b00e-bee33245fd10	ERROR	Subscription balance and payment balance are not in sync {
  userId: 'e8062346-faa2-400f-a070-a970fc4caab4',
  subscriptionBalance: 99.5,
  paymentBalance: 1909.376
}

2024-03-10T21:01:10.198Z 2024-03-10T21:01:10.198Z	37aee08b-1390-5eb4-b00e-bee33245fd10	INFO	Processing message b5a6c89d-a842-48c0-956e-dabfb9afab5d

2024-03-10T21:01:10.204Z 2024-03-10T21:01:10.204Z	37aee08b-1390-5eb4-b00e-bee33245fd10	INFO	Start syncing the balance {
  transaction: {
    id: '01HRN2PPGB1NGFPRY8C7Y46GYK',
    type: 'DEBIT',
    source: 'MANUAL_DEDUCTION',
    action: 'DELIVERY_DEDUCTION',
    userId: 'ac78f7fc-04ca-4875-acbb-0539231751be',
    paymentBalance: 16,
    updatePaymentBalance: true,
    metadata: '{"walletId":"wallet#ac78f7fc-04ca-4875-acbb-0539231751be","deliveryId":"989015b7-1e15-4751-9b19-051feea3055f","walletSk":"989015b7-1e15-4751-9b19-051feea3055f"}',
    currency: 'BHD',
    amount: 8,
    vat: 0,
    oldBalance: 24,
    newBalance: 16
  }
}

2024-03-10T21:01:10.247Z 2024-03-10T21:01:10.247Z	37aee08b-1390-5eb4-b00e-bee33245fd10	INFO	SubscriptionBalanceUpdated event published

2024-03-10T21:01:10.262Z 2024-03-10T21:01:10.262Z	37aee08b-1390-5eb4-b00e-bee33245fd10	INFO	Processing message 4de0f9cd-c3a2-477d-bfd8-2aff3354cffc

2024-03-10T21:01:10.266Z 2024-03-10T21:01:10.266Z	37aee08b-1390-5eb4-b00e-bee33245fd10	INFO	Start syncing the balance {
  transaction: {
    id: '01HRN2PPPAKCZCJQVJT7EVPW8W',
    type: 'DEBIT',
    source: 'MANUAL_DEDUCTION',
    action: 'DELIVERY_DEDUCTION',
    userId: '4a12f77e-9f66-4899-823d-5eeb53c01a36',
    paymentBalance: 2992.5,
    updatePaymentBalance: true,
    metadata: '{"walletId":"wallet#4a12f77e-9f66-4899-823d-5eeb53c01a36","deliveryId":"e5bded9e-e223-4797-8cea-51d2e7387d33","walletSk":"e5bded9e-e223-4797-8cea-51d2e7387d33"}',
    currency: 'SAR',
    amount: 90,
    vat: 0,
    oldBalance: 3082.5,
    newBalance: 2992.5
  }
}

2024-03-10T21:01:10.308Z 2024-03-10T21:01:10.308Z	37aee08b-1390-5eb4-b00e-bee33245fd10	INFO	SubscriptionBalanceUpdated event published

2024-03-10T21:01:10.320Z 2024-03-10T21:01:10.320Z	37aee08b-1390-5eb4-b00e-bee33245fd10	INFO	Processing message c66f5c98-e63f-430a-aadd-df97b247fa11

2024-03-10T21:01:10.325Z 2024-03-10T21:01:10.325Z	37aee08b-1390-5eb4-b00e-bee33245fd10	INFO	Start syncing the balance {
  transaction: {
    id: '01HRN2PPK7YBD40M575VB0A8G0',
    type: 'DEBIT',
    source: 'MANUAL_DEDUCTION',
    action: 'DELIVERY_DEDUCTION',
    userId: '0d3743bc-7978-4902-b925-621d06ed6f28',
    paymentBalance: 450,
    updatePaymentBalance: true,
    metadata: '{"walletId":"wallet#0d3743bc-7978-4902-b925-621d06ed6f28","deliveryId":"e87416ae-a2a5-41cd-9227-a462daff3f0f","walletSk":"e87416ae-a2a5-41cd-9227-a462daff3f0f"}',
    currency: 'SAR',
    amount: 90,
    vat: 0,
    oldBalance: 540,
    newBalance: 450
  }
}

2024-03-10T21:01:10.365Z 2024-03-10T21:01:10.365Z	37aee08b-1390-5eb4-b00e-bee33245fd10	INFO	SubscriptionBalanceUpdated event published

2024-03-10T21:01:10.375Z 2024-03-10T21:01:10.375Z	37aee08b-1390-5eb4-b00e-bee33245fd10	INFO	Processing message a11b45ad-ac2b-430a-9df8-3dddb6d7674a

2024-03-10T21:01:10.379Z 2024-03-10T21:01:10.379Z	37aee08b-1390-5eb4-b00e-bee33245fd10	INFO	Start syncing the balance {
  transaction: {
    id: '01HRN2PPNRWYNBPYP82Q2A99NR',
    type: 'DEBIT',
    source: 'MANUAL_DEDUCTION',
    action: 'DELIVERY_DEDUCTION',
    userId: '76ec2533-2621-4bd0-9309-8f663ed3ada5',
    paymentBalance: 80,
    updatePaymentBalance: true,
    metadata: '{"walletId":"wallet#76ec2533-2621-4bd0-9309-8f663ed3ada5","deliveryId":"aab985bf-1294-4f9b-935d-bbe7dc1ea991","walletSk":"aab985bf-1294-4f9b-935d-bbe7dc1ea991"}',
    currency: 'BHD',
    amount: 8,
    vat: 0,
    oldBalance: 88,
    newBalance: 80
  }
}

2024-03-10T21:01:10.423Z 2024-03-10T21:01:10.423Z	37aee08b-1390-5eb4-b00e-bee33245fd10	INFO	SubscriptionBalanceUpdated event published

2024-03-10T21:01:10.439Z END RequestId: 37aee08b-1390-5eb4-b00e-bee33245fd10

2024-03-10T21:01:10.439Z REPORT RequestId: 37aee08b-1390-5eb4-b00e-bee33245fd10	Duration: 672.32 ms	Billed Duration: 673 ms	Memory Size: 1024 MB	Max Memory Used: 126 MB	

2024-03-10T21:01:10.916Z START RequestId: 74c84bff-82f5-563a-bfd1-1597a323b59e Version: $LATEST

2024-03-10T21:01:10.943Z 2024-03-10T21:01:10.943Z	74c84bff-82f5-563a-bfd1-1597a323b59e	INFO	Processing message 1cc4f37e-40c8-4045-b8c3-8341743303f4

2024-03-10T21:01:10.951Z 2024-03-10T21:01:10.951Z	74c84bff-82f5-563a-bfd1-1597a323b59e	INFO	Start syncing the balance {
  transaction: {
    id: '01HRN2PQWJP71Z7K95ZQQ7EQYH',
    type: 'DEBIT',
    source: 'MANUAL_DEDUCTION',
    action: 'DELIVERY_DEDUCTION',
    userId: '72b8eeff-c0f0-4665-bbbe-a1b1a6730a51',
    paymentBalance: 1694.7,
    updatePaymentBalance: true,
    metadata: '{"walletId":"wallet#72b8eeff-c0f0-4665-bbbe-a1b1a6730a51","deliveryId":"b619c5be-d79b-4973-a4cd-3130bccab310","walletSk":"b619c5be-d79b-4973-a4cd-3130bccab310"}',
    currency: 'AED',
    amount: 107,
    vat: 0,
    oldBalance: 2058.5,
    newBalance: 1951.5
  }
}

2024-03-10T21:01:10.991Z 2024-03-10T21:01:10.991Z	74c84bff-82f5-563a-bfd1-1597a323b59e	INFO	SubscriptionBalanceUpdated event published

2024-03-10T21:01:11.266Z 2024-03-10T21:01:11.266Z	74c84bff-82f5-563a-bfd1-1597a323b59e	ERROR	Subscription balance and payment balance are not in sync {
  userId: '72b8eeff-c0f0-4665-bbbe-a1b1a6730a51',
  subscriptionBalance: 1951.5,
  paymentBalance: 1694.7
}

2024-03-10T21:01:11.282Z 2024-03-10T21:01:11.282Z	74c84bff-82f5-563a-bfd1-1597a323b59e	INFO	Processing message 9e453c77-4592-4d10-b27b-73581bfcc335

2024-03-10T21:01:11.295Z 2024-03-10T21:01:11.295Z	74c84bff-82f5-563a-bfd1-1597a323b59e	INFO	Start syncing the balance {
  transaction: {
    id: '01HRN2PQS09FCRPN62CVAA7VX8',
    type: 'DEBIT',
    source: 'MANUAL_DEDUCTION',
    action: 'DELIVERY_DEDUCTION',
    userId: 'abf660cd-113f-4fe2-8fff-ad9e33e54df3',
    paymentBalance: 1429,
    updatePaymentBalance: true,
    metadata: '{"walletId":"wallet#abf660cd-113f-4fe2-8fff-ad9e33e54df3","deliveryId":"c9c262bc-11f9-47ed-bd1d-ceacb717e7d0","walletSk":"c9c262bc-11f9-47ed-bd1d-ceacb717e7d0"}',
    currency: 'BHD',
    amount: 6,
    vat: 0,
    oldBalance: 1435,
    newBalance: 1429
  }
}

2024-03-10T21:01:11.341Z 2024-03-10T21:01:11.341Z	74c84bff-82f5-563a-bfd1-1597a323b59e	INFO	SubscriptionBalanceUpdated event published

2024-03-10T21:01:11.352Z 2024-03-10T21:01:11.352Z	74c84bff-82f5-563a-bfd1-1597a323b59e	INFO	Processing message 8c315423-d004-48c7-9ad8-d66c66bbd3a4

2024-03-10T21:01:11.357Z 2024-03-10T21:01:11.357Z	74c84bff-82f5-563a-bfd1-1597a323b59e	INFO	Start syncing the balance {
  transaction: {
    id: '01HRN2PQSMKS76FY8VPJM040DT',
    type: 'DEBIT',
    source: 'MANUAL_DEDUCTION',
    action: 'DELIVERY_DEDUCTION',
    userId: 'cac838c5-a9e1-41b1-877e-2587cbea7b20',
    paymentBalance: 11956.936,
    updatePaymentBalance: true,
    metadata: '{"walletId":"wallet#cac838c5-a9e1-41b1-877e-2587cbea7b20","deliveryId":"aa1bb0f4-3172-43a8-a030-0c3574dc3d4f","walletSk":"aa1bb0f4-3172-43a8-a030-0c3574dc3d4f"}',
    currency: 'BHD',
    amount: 10.818,
    vat: 0,
    oldBalance: 10197.7543,
    newBalance: 10186.936
  }
}

2024-03-10T21:01:11.400Z 2024-03-10T21:01:11.400Z	74c84bff-82f5-563a-bfd1-1597a323b59e	INFO	SubscriptionBalanceUpdated event published

2024-03-10T21:01:11.412Z 2024-03-10T21:01:11.412Z	74c84bff-82f5-563a-bfd1-1597a323b59e	ERROR	Subscription balance and payment balance are not in sync {
  userId: 'cac838c5-a9e1-41b1-877e-2587cbea7b20',
  subscriptionBalance: 10186.936,
  paymentBalance: 11956.936
}

2024-03-10T21:01:11.427Z 2024-03-10T21:01:11.427Z	74c84bff-82f5-563a-bfd1-1597a323b59e	INFO	Processing message 35f5a290-786e-44b5-a3ce-8bdcf84a57f4

2024-03-10T21:01:11.433Z 2024-03-10T21:01:11.433Z	74c84bff-82f5-563a-bfd1-1597a323b59e	INFO	Start syncing the balance {
  transaction: {
    id: '01HRN2PQQ496Z1XCJYS9MXT1E4',
    type: 'DEBIT',
    source: 'MANUAL_DEDUCTION',
    action: 'DELIVERY_DEDUCTION',
    userId: 'e70febec-5cec-4e5d-adc1-c893aab5402c',
    paymentBalance: 503,
    updatePaymentBalance: true,
    metadata: '{"walletId":"wallet#e70febec-5cec-4e5d-adc1-c893aab5402c","deliveryId":"9dc106a7-6f1b-4dfb-9b97-52f5a19cf38f","walletSk":"9dc106a7-6f1b-4dfb-9b97-52f5a19cf38f"}',
    currency: 'BHD',
    amount: 8,
    vat: 0,
    oldBalance: 106.5,
    newBalance: 98.5
  }
}

2024-03-10T21:01:11.474Z 2024-03-10T21:01:11.474Z	74c84bff-82f5-563a-bfd1-1597a323b59e	INFO	SubscriptionBalanceUpdated event published

2024-03-10T21:01:11.489Z 2024-03-10T21:01:11.489Z	74c84bff-82f5-563a-bfd1-1597a323b59e	ERROR	Subscription balance and payment balance are not in sync {
  userId: 'e70febec-5cec-4e5d-adc1-c893aab5402c',
  subscriptionBalance: 98.5,
  paymentBalance: 503
}

2024-03-10T21:01:11.505Z 2024-03-10T21:01:11.505Z	74c84bff-82f5-563a-bfd1-1597a323b59e	INFO	Processing message 6d9ee2e6-531b-40e6-90ff-a2910b5a51ed

2024-03-10T21:01:11.510Z 2024-03-10T21:01:11.510Z	74c84bff-82f5-563a-bfd1-1597a323b59e	INFO	Start syncing the balance {
  transaction: {
    id: '01HRN2PQYB90GEGEKS4MWFVEA1',
    type: 'DEBIT',
    source: 'MANUAL_DEDUCTION',
    action: 'DELIVERY_DEDUCTION',
    userId: '91d43fa2-78da-464b-b348-fb35489b1397',
    paymentBalance: 108,
    updatePaymentBalance: true,
    metadata: '{"walletId":"wallet#91d43fa2-78da-464b-b348-fb35489b1397","deliveryId":"1bcce1e6-382a-4411-acd9-70d916c4060e","walletSk":"1bcce1e6-382a-4411-acd9-70d916c4060e"}',
    currency: 'BHD',
    amount: 9,
    vat: 0,
    oldBalance: 117,
    newBalance: 108
  }
}

2024-03-10T21:01:11.552Z 2024-03-10T21:01:11.552Z	74c84bff-82f5-563a-bfd1-1597a323b59e	INFO	SubscriptionBalanceUpdated event published

2024-03-10T21:01:11.565Z 2024-03-10T21:01:11.565Z	74c84bff-82f5-563a-bfd1-1597a323b59e	INFO	Processing message 12beb5c9-926c-467c-b149-5edb0d15c216

2024-03-10T21:01:11.570Z 2024-03-10T21:01:11.570Z	74c84bff-82f5-563a-bfd1-1597a323b59e	INFO	Start syncing the balance {
  transaction: {
    id: '01HRN2PQVTNV0ABTEW5W4ZK6VH',
    type: 'DEBIT',
    source: 'MANUAL_DEDUCTION',
    action: 'DELIVERY_DEDUCTION',
    userId: '8e488312-52a1-4506-a475-ee43b0811373',
    paymentBalance: 579,
    updatePaymentBalance: true,
    metadata: '{"walletId":"wallet#8e488312-52a1-4506-a475-ee43b0811373","deliveryId":"a0f2a7d2-034d-4656-aecc-28b6abb93683","walletSk":"a0f2a7d2-034d-4656-aecc-28b6abb93683"}',
    currency: 'SAR',
    amount: 60,
    vat: 0,
    oldBalance: 639,
    newBalance: 579
  }
}

2024-03-10T21:01:11.618Z 2024-03-10T21:01:11.618Z	74c84bff-82f5-563a-bfd1-1597a323b59e	INFO	SubscriptionBalanceUpdated event published

2024-03-10T21:01:11.630Z 2024-03-10T21:01:11.630Z	74c84bff-82f5-563a-bfd1-1597a323b59e	INFO	Processing message f5551df2-695a-47e3-b5cc-b3dc8414565c

2024-03-10T21:01:11.634Z 2024-03-10T21:01:11.634Z	74c84bff-82f5-563a-bfd1-1597a323b59e	INFO	Start syncing the balance {
  transaction: {
    id: '01HRN2PQZJTJ1FSHQ0F05T27KC',
    type: 'DEBIT',
    source: 'MANUAL_DEDUCTION',
    action: 'DELIVERY_DEDUCTION',
    userId: '0a6f92ca-d7a2-4381-90f8-63079880b3bc',
    paymentBalance: 112,
    updatePaymentBalance: true,
    metadata: '{"walletId":"wallet#0a6f92ca-d7a2-4381-90f8-63079880b3bc","deliveryId":"f505caf8-9522-49e1-bec7-06567e3c4faf","walletSk":"f505caf8-9522-49e1-bec7-06567e3c4faf"}',
    currency: 'BHD',
    amount: 9,
    vat: 0,
    oldBalance: 121,
    newBalance: 112
  }
}

2024-03-10T21:01:11.678Z 2024-03-10T21:01:11.678Z	74c84bff-82f5-563a-bfd1-1597a323b59e	INFO	SubscriptionBalanceUpdated event published

2024-03-10T21:01:11.690Z 2024-03-10T21:01:11.690Z	74c84bff-82f5-563a-bfd1-1597a323b59e	INFO	Processing message e5d65a73-4caf-4556-afb4-b13baf38a492

2024-03-10T21:01:11.695Z 2024-03-10T21:01:11.695Z	74c84bff-82f5-563a-bfd1-1597a323b59e	INFO	Start syncing the balance {
  transaction: {
    id: '01HRN2PR1CNA7PM07CE0M6J5H1',
    type: 'DEBIT',
    source: 'MANUAL_DEDUCTION',
    action: 'DELIVERY_DEDUCTION',
    userId: '079b35b6-fecd-41e0-aff2-b291a42880f2',
    paymentBalance: 80,
    updatePaymentBalance: true,
    metadata: '{"walletId":"wallet#079b35b6-fecd-41e0-aff2-b291a42880f2","deliveryId":"8a104b82-fac7-417c-8ea6-8eab0febd0ba","walletSk":"8a104b82-fac7-417c-8ea6-8eab0febd0ba"}',
    currency: 'BHD',
    amount: 8,
    vat: 0,
    oldBalance: 88,
    newBalance: 80
  }
}

2024-03-10T21:01:11.739Z 2024-03-10T21:01:11.739Z	74c84bff-82f5-563a-bfd1-1597a323b59e	INFO	SubscriptionBalanceUpdated event published

2024-03-10T21:01:11.751Z 2024-03-10T21:01:11.751Z	74c84bff-82f5-563a-bfd1-1597a323b59e	INFO	Processing message bbd7f3b9-d8ff-4b1a-8581-7b82a0be2534

2024-03-10T21:01:11.757Z 2024-03-10T21:01:11.757Z	74c84bff-82f5-563a-bfd1-1597a323b59e	INFO	Start syncing the balance {
  transaction: {
    id: '01HRN2PR47BEJ9X0GZETXV83FN',
    type: 'DEBIT',
    source: 'MANUAL_DEDUCTION',
    action: 'DELIVERY_DEDUCTION',
    userId: 'fe44d661-fd2f-454d-b085-b95b17778d0a',
    paymentBalance: 14,
    updatePaymentBalance: true,
    metadata: '{"walletId":"wallet#fe44d661-fd2f-454d-b085-b95b17778d0a","deliveryId":"74ed8502-5844-4889-870f-e5ab75bf878e","walletSk":"74ed8502-5844-4889-870f-e5ab75bf878e"}',
    currency: 'BHD',
    amount: 8,
    vat: 0,
    oldBalance: 22,
    newBalance: 14
  }
}

2024-03-10T21:01:11.794Z 2024-03-10T21:01:11.794Z	74c84bff-82f5-563a-bfd1-1597a323b59e	INFO	SubscriptionBalanceUpdated event published

2024-03-10T21:01:11.805Z 2024-03-10T21:01:11.805Z	74c84bff-82f5-563a-bfd1-1597a323b59e	INFO	Processing message 7c44494e-f7ce-447f-a900-0f0db12363d2

2024-03-10T21:01:11.811Z 2024-03-10T21:01:11.811Z	74c84bff-82f5-563a-bfd1-1597a323b59e	INFO	Start syncing the balance {
  transaction: {
    id: '01HRN2PR286CCWP58GF2AXB7RK',
    type: 'DEBIT',
    source: 'MANUAL_DEDUCTION',
    action: 'DELIVERY_DEDUCTION',
    userId: '133b402d-c353-4365-a759-d84e09c4533d',
    paymentBalance: 9294.1,
    updatePaymentBalance: true,
    metadata: '{"walletId":"wallet#133b402d-c353-4365-a759-d84e09c4533d","deliveryId":"86bb9f20-f5f4-4d39-9487-a28427f483fa","walletSk":"86bb9f20-f5f4-4d39-9487-a28427f483fa"}',
    currency: 'BHD',
    amount: 6.5,
    vat: 0,
    oldBalance: 9300.6,
    newBalance: 9294.1
  }
}

2024-03-10T21:01:11.849Z 2024-03-10T21:01:11.849Z	74c84bff-82f5-563a-bfd1-1597a323b59e	INFO	SubscriptionBalanceUpdated event published

2024-03-10T21:01:11.861Z END RequestId: 74c84bff-82f5-563a-bfd1-1597a323b59e

2024-03-10T21:01:11.861Z REPORT RequestId: 74c84bff-82f5-563a-bfd1-1597a323b59e	Duration: 945.49 ms	Billed Duration: 946 ms	Memory Size: 1024 MB	Max Memory Used: 126 MB	

2024-03-10T21:09:29.350Z START RequestId: e9639130-8b83-5920-a98f-cf58a83ab888 Version: $LATEST

2024-03-10T21:09:29.454Z 2024-03-10T21:09:29.454Z	e9639130-8b83-5920-a98f-cf58a83ab888	INFO	Processing message 9e86f22a-e134-45dc-9e6c-deb9176869de

2024-03-10T21:09:29.490Z 2024-03-10T21:09:29.490Z	e9639130-8b83-5920-a98f-cf58a83ab888	INFO	Start syncing the balance {
  transaction: {
    id: '01HRN35ZRYVJYPE1ZR7WWTJA8F',
    type: 'DEBIT',
    source: 'MANUAL_DEDUCTION',
    action: 'DELIVERY_DEDUCTION',
    userId: 'e6a22e0b-2fbf-4260-94f5-f86393927ddd',
    paymentBalance: 81,
    updatePaymentBalance: true,
    metadata: '{"walletId":"wallet#e6a22e0b-2fbf-4260-94f5-f86393927ddd","deliveryId":"a69cffbf-9c23-45c8-b05a-91ff39c398b4","walletSk":"a69cffbf-9c23-45c8-b05a-91ff39c398b4"}',
    currency: 'BHD',
    amount: 9,
    vat: 0,
    oldBalance: 90,
    newBalance: 81
  }
}

2024-03-10T21:09:29.553Z 2024-03-10T21:09:29.553Z	e9639130-8b83-5920-a98f-cf58a83ab888	INFO	SubscriptionBalanceUpdated event published

2024-03-10T21:09:29.585Z END RequestId: e9639130-8b83-5920-a98f-cf58a83ab888

2024-03-10T21:09:29.585Z REPORT RequestId: e9639130-8b83-5920-a98f-cf58a83ab888	Duration: 235.83 ms	Billed Duration: 236 ms	Memory Size: 1024 MB	Max Memory Used: 128 MB	

2024-03-10T21:09:30.439Z START RequestId: 80108984-66b1-5eaf-bd2b-d7ec450f4a28 Version: $LATEST

2024-03-10T21:09:30.473Z 2024-03-10T21:09:30.473Z	80108984-66b1-5eaf-bd2b-d7ec450f4a28	INFO	Processing message 95d15d16-9ff9-4a3a-abf3-fea934437ab1

2024-03-10T21:09:30.518Z 2024-03-10T21:09:30.518Z	80108984-66b1-5eaf-bd2b-d7ec450f4a28	INFO	Start syncing the balance {
  transaction: {
    id: '01HRN360ZPV02S64N34S8VNMWY',
    type: 'DEBIT',
    source: 'MANUAL_DEDUCTION',
    action: 'DELIVERY_DEDUCTION',
    userId: 'f66a41dd-6388-421c-b6cc-9c4024d43be8',
    paymentBalance: 18,
    updatePaymentBalance: true,
    metadata: '{"walletId":"wallet#f66a41dd-6388-421c-b6cc-9c4024d43be8","deliveryId":"7294abae-4bee-42e3-a0e8-daba8b6fb360","walletSk":"7294abae-4bee-42e3-a0e8-daba8b6fb360"}',
    currency: 'BHD',
    amount: 8,
    vat: 0,
    oldBalance: 26,
    newBalance: 18
  }
}

2024-03-10T21:09:30.575Z 2024-03-10T21:09:30.575Z	80108984-66b1-5eaf-bd2b-d7ec450f4a28	INFO	SubscriptionBalanceUpdated event published

2024-03-10T21:09:30.590Z END RequestId: 80108984-66b1-5eaf-bd2b-d7ec450f4a28

2024-03-10T21:09:30.590Z REPORT RequestId: 80108984-66b1-5eaf-bd2b-d7ec450f4a28	Duration: 150.82 ms	Billed Duration: 151 ms	Memory Size: 1024 MB	Max Memory Used: 128 MB	

2024-03-10T21:09:32.173Z START RequestId: 6f57d59b-e922-53b9-8c22-8bf3caeb0211 Version: $LATEST

2024-03-10T21:09:32.201Z 2024-03-10T21:09:32.201Z	6f57d59b-e922-53b9-8c22-8bf3caeb0211	INFO	Processing message 8ffe2808-6a1e-4415-9779-7e169bac5b8a

2024-03-10T21:09:32.207Z 2024-03-10T21:09:32.207Z	6f57d59b-e922-53b9-8c22-8bf3caeb0211	INFO	Start syncing the balance {
  transaction: {
    id: '01HRN3629RCJPM3XM6Z20Z93G5',
    type: 'DEBIT',
    source: 'MANUAL_DEDUCTION',
    action: 'DELIVERY_DEDUCTION',
    userId: '7cbe3797-c6a1-492c-9c31-8bd1c8c38d90',
    paymentBalance: 70.587,
    updatePaymentBalance: true,
    metadata: '{"walletId":"wallet#7cbe3797-c6a1-492c-9c31-8bd1c8c38d90","deliveryId":"9e3b36a2-4908-4ab9-aa19-1d28dde5c1d1","walletSk":"9e3b36a2-4908-4ab9-aa19-1d28dde5c1d1"}',
    currency: 'BHD',
    amount: 5.5,
    vat: 0,
    oldBalance: 76.087,
    newBalance: 70.587
  }
}

2024-03-10T21:09:32.255Z 2024-03-10T21:09:32.255Z	6f57d59b-e922-53b9-8c22-8bf3caeb0211	INFO	SubscriptionBalanceUpdated event published

2024-03-10T21:09:32.270Z END RequestId: 6f57d59b-e922-53b9-8c22-8bf3caeb0211

2024-03-10T21:09:32.270Z REPORT RequestId: 6f57d59b-e922-53b9-8c22-8bf3caeb0211	Duration: 96.39 ms	Billed Duration: 97 ms	Memory Size: 1024 MB	Max Memory Used: 128 MB	

2024-03-10T21:01:03.608Z INIT_START Runtime Version: nodejs:20.v18	Runtime Version ARN: arn:aws:lambda:us-east-1::runtime:2250774f98acc3954111984e0b9853cb801265eb866d3bef345707fcfb7af67c

2024-03-10T21:01:04.614Z START RequestId: c6fd7c33-a705-53de-a0f2-225b86c3107a Version: $LATEST

2024-03-10T21:01:04.762Z 2024-03-10T21:01:04.762Z	c6fd7c33-a705-53de-a0f2-225b86c3107a	INFO	Processing message 10c15e9f-75bd-42a8-89da-a37f64e1cb36

2024-03-10T21:01:04.809Z 2024-03-10T21:01:04.809Z	c6fd7c33-a705-53de-a0f2-225b86c3107a	INFO	Start syncing the balance {
  transaction: {
    id: '01HRN2PG49XKWBR5920E7ATXBY',
    type: 'DEBIT',
    source: 'MANUAL_DEDUCTION',
    action: 'DELIVERY_DEDUCTION',
    userId: '1306427b-7f89-48fd-8bf0-ee859c8b95d4',
    paymentBalance: 52596.5,
    updatePaymentBalance: true,
    metadata: '{"walletId":"wallet#1306427b-7f89-48fd-8bf0-ee859c8b95d4","deliveryId":"c85552ca-d2f2-487e-811b-a8b83b10d296","walletSk":"c85552ca-d2f2-487e-811b-a8b83b10d296"}',
    currency: 'SAR',
    amount: 90,
    vat: 0,
    oldBalance: 52686.5,
    newBalance: 52596.5
  }
}

2024-03-10T21:01:04.918Z 2024-03-10T21:01:04.918Z	c6fd7c33-a705-53de-a0f2-225b86c3107a	INFO	SubscriptionBalanceUpdated event published

2024-03-10T21:01:04.957Z END RequestId: c6fd7c33-a705-53de-a0f2-225b86c3107a

2024-03-10T21:01:04.957Z REPORT RequestId: c6fd7c33-a705-53de-a0f2-225b86c3107a	Duration: 343.42 ms	Billed Duration: 344 ms	Memory Size: 1024 MB	Max Memory Used: 111 MB	Init Duration: 1002.24 ms	
XRAY TraceId: 1-65ee1f8f-f9ce56cf5bb2d71b7a65a783	SegmentId: 63ba4d1f4db8d345	Sampled: true	

