2024-02-14T21:01:03.719Z INIT_START Runtime Version: nodejs:20.v15	Runtime Version ARN: arn:aws:lambda:us-east-1::runtime:379cd8c4d157c2e16f1b841486b613da2188da597609ef24d67497ad9c22a53e

2024-02-14T21:01:04.470Z START RequestId: a2f33673-7059-53ab-a98f-68345c1f4490 Version: $LATEST

2024-02-14T21:01:04.629Z 2024-02-14T21:01:04.629Z	a2f33673-7059-53ab-a98f-68345c1f4490	INFO	Processing message e4fbe919-98fc-4233-848b-2e13caffee5d

2024-02-14T21:01:04.737Z 2024-02-14T21:01:04.737Z	a2f33673-7059-53ab-a98f-68345c1f4490	INFO	Start syncing the balance {
  transaction: {
    id: '01HPMPRJ8J495BPN0JS068CZB6',
    type: 'DEBIT',
    source: 'MANUAL_DEDUCTION',
    action: 'DELIVERY_DEDUCTION',
    userId: 'c3d5a0ac-89f2-43a6-a880-640ad2538d1a',
    paymentBalance: 67,
    updatePaymentBalance: true,
    metadata: '{"walletId":"wallet#c3d5a0ac-89f2-43a6-a880-640ad2538d1a","deliveryId":"d7d48830-5d8e-4669-8c94-98b81db15c5c","walletSk":"d7d48830-5d8e-4669-8c94-98b81db15c5c"}',
    currency: 'BHD',
    amount: 9,
    vat: 0,
    oldBalance: 76,
    newBalance: 67
  }
}

2024-02-14T21:01:04.871Z 2024-02-14T21:01:04.871Z	a2f33673-7059-53ab-a98f-68345c1f4490	INFO	SubscriptionBalanceUpdated event published

2024-02-14T21:01:04.911Z END RequestId: a2f33673-7059-53ab-a98f-68345c1f4490

2024-02-14T21:01:04.911Z REPORT RequestId: a2f33673-7059-53ab-a98f-68345c1f4490	Duration: 440.95 ms	Billed Duration: 441 ms	Memory Size: 1024 MB	Max Memory Used: 103 MB	Init Duration: 749.91 ms	

2024-02-14T21:01:05.986Z START RequestId: f49b2426-4dae-570a-83e4-7a6161ff3003 Version: $LATEST

2024-02-14T21:01:06.017Z 2024-02-14T21:01:06.017Z	f49b2426-4dae-570a-83e4-7a6161ff3003	INFO	Processing message 73e5fd5f-7f67-49bd-8b2e-8450ab9a9e4b

2024-02-14T21:01:06.024Z 2024-02-14T21:01:06.024Z	f49b2426-4dae-570a-83e4-7a6161ff3003	INFO	Start syncing the balance {
  transaction: {
    id: '01HPMPRJCNQJJQ3TESVQMK3Q6C',
    type: 'DEBIT',
    source: 'MANUAL_DEDUCTION',
    action: 'DELIVERY_DEDUCTION',
    userId: '66bcce6b-da10-462a-abed-276e95661eaa',
    paymentBalance: 321,
    updatePaymentBalance: true,
    metadata: '{"walletId":"wallet#66bcce6b-da10-462a-abed-276e95661eaa","deliveryId":"8cd0cf52-6886-48a3-9427-e30d3cc855f9","walletSk":"8cd0cf52-6886-48a3-9427-e30d3cc855f9"}',
    currency: 'AED',
    amount: 107,
    vat: 0,
    oldBalance: 428,
    newBalance: 321
  }
}

2024-02-14T21:01:06.088Z 2024-02-14T21:01:06.088Z	f49b2426-4dae-570a-83e4-7a6161ff3003	INFO	SubscriptionBalanceUpdated event published

2024-02-14T21:01:06.104Z 2024-02-14T21:01:06.104Z	f49b2426-4dae-570a-83e4-7a6161ff3003	INFO	Processing message 948859a0-96f2-4747-a8dc-ae5feb6b0c00

2024-02-14T21:01:06.110Z 2024-02-14T21:01:06.110Z	f49b2426-4dae-570a-83e4-7a6161ff3003	INFO	Start syncing the balance {
  transaction: {
    id: '01HPMPRGXDYE7M0JBD21YYCNWX',
    type: 'DEBIT',
    source: 'MANUAL_DEDUCTION',
    action: 'DELIVERY_DEDUCTION',
    userId: 'a2fca693-0874-4083-b84e-1d123f19eb07',
    paymentBalance: 198.25,
    updatePaymentBalance: true,
    metadata: '{"walletId":"wallet#a2fca693-0874-4083-b84e-1d123f19eb07","deliveryId":"5537c8de-e7fd-4df9-b659-11e5299144b0","walletSk":"5537c8de-e7fd-4df9-b659-11e5299144b0"}',
    currency: 'BHD',
    amount: 9,
    vat: 0,
    oldBalance: 207.25,
    newBalance: 198.25
  }
}

2024-02-14T21:01:06.176Z 2024-02-14T21:01:06.176Z	f49b2426-4dae-570a-83e4-7a6161ff3003	INFO	SubscriptionBalanceUpdated event published

2024-02-14T21:01:06.189Z 2024-02-14T21:01:06.189Z	f49b2426-4dae-570a-83e4-7a6161ff3003	INFO	Processing message 7f6efb53-d093-4d57-a965-f32f111625b0

2024-02-14T21:01:06.196Z 2024-02-14T21:01:06.196Z	f49b2426-4dae-570a-83e4-7a6161ff3003	INFO	Start syncing the balance {
  transaction: {
    id: '01HPMPRHP51FAKP3HW2B4N3GDB',
    type: 'DEBIT',
    source: 'MANUAL_DEDUCTION',
    action: 'DELIVERY_DEDUCTION',
    userId: '15469d49-7d54-4ea1-833c-708f679471d4',
    paymentBalance: 47,
    updatePaymentBalance: true,
    metadata: '{"walletId":"wallet#15469d49-7d54-4ea1-833c-708f679471d4","deliveryId":"488db8dd-56d6-4030-a23d-10d61d814ba2","walletSk":"488db8dd-56d6-4030-a23d-10d61d814ba2"}',
    currency: 'BHD',
    amount: 8,
    vat: 0,
    oldBalance: 55,
    newBalance: 47
  }
}

2024-02-14T21:01:06.259Z 2024-02-14T21:01:06.259Z	f49b2426-4dae-570a-83e4-7a6161ff3003	INFO	SubscriptionBalanceUpdated event published

2024-02-14T21:01:06.276Z 2024-02-14T21:01:06.276Z	f49b2426-4dae-570a-83e4-7a6161ff3003	INFO	Processing message 7d34479f-9235-402e-bae7-3b8fa708ff60

2024-02-14T21:01:06.282Z 2024-02-14T21:01:06.282Z	f49b2426-4dae-570a-83e4-7a6161ff3003	INFO	Start syncing the balance {
  transaction: {
    id: '01HPMPRJ28K3PZ2TAFEZ8GGKAD',
    type: 'DEBIT',
    source: 'MANUAL_DEDUCTION',
    action: 'DELIVERY_DEDUCTION',
    userId: '39c207b4-99aa-4e4e-95f8-9fd67e3aaca7',
    paymentBalance: 546.96,
    updatePaymentBalance: true,
    metadata: '{"walletId":"wallet#39c207b4-99aa-4e4e-95f8-9fd67e3aaca7","deliveryId":"d1b7ee55-cdb8-4713-bfc8-512260ab5cfe","walletSk":"d1b7ee55-cdb8-4713-bfc8-512260ab5cfe"}',
    currency: 'SAR',
    amount: 90,
    vat: 0,
    oldBalance: 636.96,
    newBalance: 546.96
  }
}

2024-02-14T21:01:06.341Z 2024-02-14T21:01:06.341Z	f49b2426-4dae-570a-83e4-7a6161ff3003	INFO	SubscriptionBalanceUpdated event published

2024-02-14T21:01:06.371Z 2024-02-14T21:01:06.371Z	f49b2426-4dae-570a-83e4-7a6161ff3003	INFO	Processing message 5fc96536-dab5-4807-857f-47e33607d196

2024-02-14T21:01:06.377Z 2024-02-14T21:01:06.377Z	f49b2426-4dae-570a-83e4-7a6161ff3003	INFO	Start syncing the balance {
  transaction: {
    id: '01HPMPRHC37HZ2BG4SZKJAREQM',
    type: 'DEBIT',
    source: 'MANUAL_DEDUCTION',
    action: 'DELIVERY_DEDUCTION',
    userId: '72b8eeff-c0f0-4665-bbbe-a1b1a6730a51',
    paymentBalance: 3941.7,
    updatePaymentBalance: true,
    metadata: '{"walletId":"wallet#72b8eeff-c0f0-4665-bbbe-a1b1a6730a51","deliveryId":"5b4b4c9c-3d5f-4c1d-ae73-9bb45af51a34","walletSk":"5b4b4c9c-3d5f-4c1d-ae73-9bb45af51a34"}',
    currency: 'AED',
    amount: 107,
    vat: 0,
    oldBalance: 4305.5,
    newBalance: 4198.5
  }
}

2024-02-14T21:01:06.433Z 2024-02-14T21:01:06.433Z	f49b2426-4dae-570a-83e4-7a6161ff3003	INFO	SubscriptionBalanceUpdated event published

2024-02-14T21:01:06.449Z 2024-02-14T21:01:06.449Z	f49b2426-4dae-570a-83e4-7a6161ff3003	ERROR	Subscription balance and payment balance are not in sync {
  userId: '72b8eeff-c0f0-4665-bbbe-a1b1a6730a51',
  subscriptionBalance: 4198.5,
  paymentBalance: 3941.7
}

2024-02-14T21:01:06.486Z 2024-02-14T21:01:06.486Z	f49b2426-4dae-570a-83e4-7a6161ff3003	INFO	Processing message ef8cda67-dac9-4f78-a8b6-0d74c781ee63

2024-02-14T21:01:06.496Z 2024-02-14T21:01:06.496Z	f49b2426-4dae-570a-83e4-7a6161ff3003	INFO	Start syncing the balance {
  transaction: {
    id: '01HPMPRJZA58YPA8XVZV1APJY6',
    type: 'DEBIT',
    source: 'MANUAL_DEDUCTION',
    action: 'DELIVERY_DEDUCTION',
    userId: 'f5a6b9b6-e936-4af9-af4f-a713e4e3d8fc',
    paymentBalance: 75.75,
    updatePaymentBalance: true,
    metadata: '{"walletId":"wallet#f5a6b9b6-e936-4af9-af4f-a713e4e3d8fc","deliveryId":"acf8d639-f07a-4884-b68b-e4f14dd22de4","walletSk":"acf8d639-f07a-4884-b68b-e4f14dd22de4"}',
    currency: 'BHD',
    amount: 9,
    vat: 0,
    oldBalance: 84.75,
    newBalance: 75.75
  }
}

2024-02-14T21:01:06.564Z 2024-02-14T21:01:06.564Z	f49b2426-4dae-570a-83e4-7a6161ff3003	INFO	SubscriptionBalanceUpdated event published

2024-02-14T21:01:06.578Z 2024-02-14T21:01:06.578Z	f49b2426-4dae-570a-83e4-7a6161ff3003	INFO	Processing message cc7bc9b1-c118-411c-81a0-4905a73b7fb1

2024-02-14T21:01:06.584Z 2024-02-14T21:01:06.584Z	f49b2426-4dae-570a-83e4-7a6161ff3003	INFO	Start syncing the balance {
  transaction: {
    id: '01HPMPRK4Z5JGS093NA716XAT9',
    type: 'DEBIT',
    source: 'MANUAL_DEDUCTION',
    action: 'DELIVERY_DEDUCTION',
    userId: '2f893545-21a1-45ce-8cd0-c1f12e8f23e5',
    paymentBalance: 1170,
    updatePaymentBalance: true,
    metadata: '{"walletId":"wallet#2f893545-21a1-45ce-8cd0-c1f12e8f23e5","deliveryId":"1ffd505a-3bb3-4cd2-b993-8f6f00a4a01b","walletSk":"1ffd505a-3bb3-4cd2-b993-8f6f00a4a01b"}',
    currency: 'SAR',
    amount: 90,
    vat: 0,
    oldBalance: 1260,
    newBalance: 1170
  }
}

2024-02-14T21:01:06.638Z 2024-02-14T21:01:06.638Z	f49b2426-4dae-570a-83e4-7a6161ff3003	INFO	SubscriptionBalanceUpdated event published

2024-02-14T21:01:06.655Z 2024-02-14T21:01:06.655Z	f49b2426-4dae-570a-83e4-7a6161ff3003	INFO	Processing message 326a5f2c-00e1-4658-a68e-f7b4222a4ea2

2024-02-14T21:01:06.661Z 2024-02-14T21:01:06.661Z	f49b2426-4dae-570a-83e4-7a6161ff3003	INFO	Start syncing the balance {
  transaction: {
    id: '01HPMPRKF9SRABZ9N0WZ9CZ2DC',
    type: 'DEBIT',
    source: 'MANUAL_DEDUCTION',
    action: 'DELIVERY_DEDUCTION',
    userId: 'a19f1f44-2782-4e7f-8826-f3f3ef589ea8',
    paymentBalance: 1080,
    updatePaymentBalance: true,
    metadata: '{"walletId":"wallet#a19f1f44-2782-4e7f-8826-f3f3ef589ea8","deliveryId":"5f820914-621e-45cb-a12e-a5821af1eb7c","walletSk":"5f820914-621e-45cb-a12e-a5821af1eb7c"}',
    currency: 'SAR',
    amount: 90,
    vat: 0,
    oldBalance: 1170,
    newBalance: 1080
  }
}

2024-02-14T21:01:06.723Z 2024-02-14T21:01:06.723Z	f49b2426-4dae-570a-83e4-7a6161ff3003	INFO	SubscriptionBalanceUpdated event published

2024-02-14T21:01:06.738Z 2024-02-14T21:01:06.738Z	f49b2426-4dae-570a-83e4-7a6161ff3003	INFO	Processing message 17b360a2-4234-400c-b598-657219386ddd

2024-02-14T21:01:06.744Z 2024-02-14T21:01:06.744Z	f49b2426-4dae-570a-83e4-7a6161ff3003	INFO	Start syncing the balance {
  transaction: {
    id: '01HPMPRKQ0VJM4VMSJHMS4VBZ6',
    type: 'DEBIT',
    source: 'MANUAL_DEDUCTION',
    action: 'DELIVERY_DEDUCTION',
    userId: '54f55e3d-8580-4e47-b15e-c35e2d29effd',
    paymentBalance: 78.5,
    updatePaymentBalance: true,
    metadata: '{"walletId":"wallet#54f55e3d-8580-4e47-b15e-c35e2d29effd","deliveryId":"65c816c1-f33a-4286-8035-bf02b062c77a","walletSk":"65c816c1-f33a-4286-8035-bf02b062c77a"}',
    currency: 'BHD',
    amount: 9,
    vat: 0,
    oldBalance: 87.5,
    newBalance: 78.5
  }
}

2024-02-14T21:01:06.798Z 2024-02-14T21:01:06.798Z	f49b2426-4dae-570a-83e4-7a6161ff3003	INFO	SubscriptionBalanceUpdated event published

2024-02-14T21:01:06.813Z 2024-02-14T21:01:06.813Z	f49b2426-4dae-570a-83e4-7a6161ff3003	INFO	Processing message 57d98f63-e1bd-43d2-8fc0-393534e246f9

2024-02-14T21:01:06.819Z 2024-02-14T21:01:06.819Z	f49b2426-4dae-570a-83e4-7a6161ff3003	INFO	Start syncing the balance {
  transaction: {
    id: '01HPMPRMEFAAPY3TVR212KPYX6',
    type: 'DEBIT',
    source: 'MANUAL_DEDUCTION',
    action: 'DELIVERY_DEDUCTION',
    userId: '804d97c8-bf70-4f6d-ad3b-8b63bb543104',
    paymentBalance: -6,
    updatePaymentBalance: true,
    metadata: '{"walletId":"wallet#804d97c8-bf70-4f6d-ad3b-8b63bb543104","deliveryId":"cc9a6b6f-6f67-4252-8d15-d06075c193c3","walletSk":"cc9a6b6f-6f67-4252-8d15-d06075c193c3"}',
    currency: 'BHD',
    amount: 4,
    vat: 0,
    oldBalance: 7,
    newBalance: 3
  }
}

2024-02-14T21:01:06.866Z 2024-02-14T21:01:06.866Z	f49b2426-4dae-570a-83e4-7a6161ff3003	INFO	SubscriptionBalanceUpdated event published

2024-02-14T21:01:06.879Z 2024-02-14T21:01:06.879Z	f49b2426-4dae-570a-83e4-7a6161ff3003	ERROR	Subscription balance and payment balance are not in sync {
  userId: '804d97c8-bf70-4f6d-ad3b-8b63bb543104',
  subscriptionBalance: 3,
  paymentBalance: -6
}

2024-02-14T21:01:06.899Z END RequestId: f49b2426-4dae-570a-83e4-7a6161ff3003

2024-02-14T21:01:06.899Z REPORT RequestId: f49b2426-4dae-570a-83e4-7a6161ff3003	Duration: 912.79 ms	Billed Duration: 913 ms	Memory Size: 1024 MB	Max Memory Used: 108 MB	

2024-02-14T21:01:07.050Z START RequestId: e664629d-4b3c-544e-a83c-3cda676f8375 Version: $LATEST

2024-02-14T21:01:07.075Z 2024-02-14T21:01:07.075Z	e664629d-4b3c-544e-a83c-3cda676f8375	INFO	Processing message 7d7bdd68-daee-4f5b-a915-a0e96f27379f

2024-02-14T21:01:07.080Z 2024-02-14T21:01:07.080Z	e664629d-4b3c-544e-a83c-3cda676f8375	INFO	Start syncing the balance {
  transaction: {
    id: '01HPMPRNN5CRAW89J82ZRX71VM',
    type: 'DEBIT',
    source: 'MANUAL_DEDUCTION',
    action: 'DELIVERY_DEDUCTION',
    userId: 'fe44d661-fd2f-454d-b085-b95b17778d0a',
    paymentBalance: 176,
    updatePaymentBalance: true,
    metadata: '{"walletId":"wallet#fe44d661-fd2f-454d-b085-b95b17778d0a","deliveryId":"0bc669ae-f4a2-4a58-abe0-4b06927f0494","walletSk":"0bc669ae-f4a2-4a58-abe0-4b06927f0494"}',
    currency: 'BHD',
    amount: 8,
    vat: 0,
    oldBalance: 184,
    newBalance: 176
  }
}

2024-02-14T21:01:07.129Z 2024-02-14T21:01:07.129Z	e664629d-4b3c-544e-a83c-3cda676f8375	INFO	SubscriptionBalanceUpdated event published

2024-02-14T21:01:07.145Z 2024-02-14T21:01:07.145Z	e664629d-4b3c-544e-a83c-3cda676f8375	INFO	Processing message 798d2333-50dd-498f-944c-964ac2c43c8a

2024-02-14T21:01:07.151Z 2024-02-14T21:01:07.151Z	e664629d-4b3c-544e-a83c-3cda676f8375	INFO	Start syncing the balance {
  transaction: {
    id: '01HPMPRNT9383ZK5STK89VRVFE',
    type: 'DEBIT',
    source: 'MANUAL_DEDUCTION',
    action: 'DELIVERY_DEDUCTION',
    userId: 'b11a22a9-3283-4c2a-8530-5f685c1035b4',
    paymentBalance: 67,
    updatePaymentBalance: true,
    metadata: '{"walletId":"wallet#b11a22a9-3283-4c2a-8530-5f685c1035b4","deliveryId":"21393a87-53c3-4c74-9aa1-aa69c257a1f5","walletSk":"21393a87-53c3-4c74-9aa1-aa69c257a1f5"}',
    currency: 'BHD',
    amount: 9,
    vat: 0,
    oldBalance: 85,
    newBalance: 76
  }
}

2024-02-14T21:01:07.204Z 2024-02-14T21:01:07.204Z	e664629d-4b3c-544e-a83c-3cda676f8375	INFO	SubscriptionBalanceUpdated event published

2024-02-14T21:01:07.218Z 2024-02-14T21:01:07.218Z	e664629d-4b3c-544e-a83c-3cda676f8375	ERROR	Subscription balance and payment balance are not in sync {
  userId: 'b11a22a9-3283-4c2a-8530-5f685c1035b4',
  subscriptionBalance: 76,
  paymentBalance: 67
}

2024-02-14T21:01:07.236Z 2024-02-14T21:01:07.236Z	e664629d-4b3c-544e-a83c-3cda676f8375	INFO	Processing message 03b847dc-a2ef-40da-98de-3a4edf3c7a3d

2024-02-14T21:01:07.243Z 2024-02-14T21:01:07.243Z	e664629d-4b3c-544e-a83c-3cda676f8375	INFO	Start syncing the balance {
  transaction: {
    id: '01HPMPRNWZ4FECFP5VX3FGPV2F',
    type: 'DEBIT',
    source: 'MANUAL_DEDUCTION',
    action: 'DELIVERY_DEDUCTION',
    userId: 'f50005b1-ee81-4cb6-a3b0-882b19122f35',
    paymentBalance: 63,
    updatePaymentBalance: true,
    metadata: '{"walletId":"wallet#f50005b1-ee81-4cb6-a3b0-882b19122f35","deliveryId":"f99b7553-9e6d-4e7e-a600-0a16949ac4af","walletSk":"f99b7553-9e6d-4e7e-a600-0a16949ac4af"}',
    currency: 'BHD',
    amount: 9,
    vat: 0,
    oldBalance: 72,
    newBalance: 63
  }
}

2024-02-14T21:01:07.296Z 2024-02-14T21:01:07.296Z	e664629d-4b3c-544e-a83c-3cda676f8375	INFO	SubscriptionBalanceUpdated event published

2024-02-14T21:01:07.311Z 2024-02-14T21:01:07.311Z	e664629d-4b3c-544e-a83c-3cda676f8375	INFO	Processing message 231f210e-e078-41c1-bc2d-3499c15bca32

2024-02-14T21:01:07.317Z 2024-02-14T21:01:07.317Z	e664629d-4b3c-544e-a83c-3cda676f8375	INFO	Start syncing the balance {
  transaction: {
    id: '01HPMPRP4T96NCBZG6Z5RXXKVJ',
    type: 'DEBIT',
    source: 'MANUAL_DEDUCTION',
    action: 'DELIVERY_DEDUCTION',
    userId: '24be096d-7ff0-485f-938d-41f65f172e87',
    paymentBalance: 18,
    updatePaymentBalance: true,
    metadata: '{"walletId":"wallet#24be096d-7ff0-485f-938d-41f65f172e87","deliveryId":"79a39e02-6d47-4a70-8a3f-285ae473cd5e","walletSk":"79a39e02-6d47-4a70-8a3f-285ae473cd5e"}',
    currency: 'BHD',
    amount: 9,
    vat: 0,
    oldBalance: 27,
    newBalance: 18
  }
}

2024-02-14T21:01:07.374Z 2024-02-14T21:01:07.374Z	e664629d-4b3c-544e-a83c-3cda676f8375	INFO	SubscriptionBalanceUpdated event published

2024-02-14T21:01:07.391Z END RequestId: e664629d-4b3c-544e-a83c-3cda676f8375

2024-02-14T21:01:07.392Z REPORT RequestId: e664629d-4b3c-544e-a83c-3cda676f8375	Duration: 342.06 ms	Billed Duration: 343 ms	Memory Size: 1024 MB	Max Memory Used: 109 MB	

2024-02-14T21:01:08.151Z START RequestId: b1426d81-3233-5cdf-82a0-33c61e607be4 Version: $LATEST

2024-02-14T21:01:08.180Z 2024-02-14T21:01:08.180Z	b1426d81-3233-5cdf-82a0-33c61e607be4	INFO	Processing message 01f08ed5-f466-4d0d-ad10-ccae552ccdd5

2024-02-14T21:01:08.186Z 2024-02-14T21:01:08.186Z	b1426d81-3233-5cdf-82a0-33c61e607be4	INFO	Start syncing the balance {
  transaction: {
    id: '01HPMPRQC0YKXZ3J0N1M3HDS9Y',
    type: 'DEBIT',
    source: 'MANUAL_DEDUCTION',
    action: 'DELIVERY_DEDUCTION',
    userId: 'a311a299-9f89-4f82-9b63-cf15944e4d42',
    paymentBalance: 198,
    updatePaymentBalance: true,
    metadata: '{"walletId":"wallet#a311a299-9f89-4f82-9b63-cf15944e4d42","deliveryId":"c28ce654-08e1-4a76-abbb-f0fb1b841344","walletSk":"c28ce654-08e1-4a76-abbb-f0fb1b841344"}',
    currency: 'BHD',
    amount: 9,
    vat: 0,
    oldBalance: 207,
    newBalance: 198
  }
}

2024-02-14T21:01:08.238Z 2024-02-14T21:01:08.238Z	b1426d81-3233-5cdf-82a0-33c61e607be4	INFO	SubscriptionBalanceUpdated event published

2024-02-14T21:01:08.255Z END RequestId: b1426d81-3233-5cdf-82a0-33c61e607be4

2024-02-14T21:01:08.255Z REPORT RequestId: b1426d81-3233-5cdf-82a0-33c61e607be4	Duration: 103.88 ms	Billed Duration: 104 ms	Memory Size: 1024 MB	Max Memory Used: 110 MB	

2024-02-14T21:01:08.410Z START RequestId: adb45e6e-e1f7-56fb-a46a-0029cda3d1c0 Version: $LATEST

2024-02-14T21:01:08.437Z 2024-02-14T21:01:08.437Z	adb45e6e-e1f7-56fb-a46a-0029cda3d1c0	INFO	Processing message dcf4c326-6df0-48ee-be3b-3366bca05133

2024-02-14T21:01:08.444Z 2024-02-14T21:01:08.444Z	adb45e6e-e1f7-56fb-a46a-0029cda3d1c0	INFO	Start syncing the balance {
  transaction: {
    id: '01HPMPRQKRWQZDVWJ8HMRP4EVW',
    type: 'DEBIT',
    source: 'MANUAL_DEDUCTION',
    action: 'DELIVERY_DEDUCTION',
    userId: '6bdfe9ee-1503-4a6b-91de-79bffe4550be',
    paymentBalance: 33.5,
    updatePaymentBalance: true,
    metadata: '{"walletId":"wallet#6bdfe9ee-1503-4a6b-91de-79bffe4550be","deliveryId":"df5937fe-ab4a-4ee5-89db-a7a3f1cb4f2e","walletSk":"df5937fe-ab4a-4ee5-89db-a7a3f1cb4f2e"}',
    currency: 'BHD',
    amount: 9,
    vat: 0,
    oldBalance: 42.5,
    newBalance: 33.5
  }
}

2024-02-14T21:01:08.512Z 2024-02-14T21:01:08.512Z	adb45e6e-e1f7-56fb-a46a-0029cda3d1c0	INFO	SubscriptionBalanceUpdated event published

2024-02-14T21:01:08.604Z END RequestId: adb45e6e-e1f7-56fb-a46a-0029cda3d1c0

2024-02-14T21:01:08.604Z REPORT RequestId: adb45e6e-e1f7-56fb-a46a-0029cda3d1c0	Duration: 194.44 ms	Billed Duration: 195 ms	Memory Size: 1024 MB	Max Memory Used: 111 MB	

2024-02-14T21:01:08.666Z START RequestId: 1ed36710-70fe-5d75-94ee-39575caa8a7c Version: $LATEST

2024-02-14T21:01:08.691Z 2024-02-14T21:01:08.691Z	1ed36710-70fe-5d75-94ee-39575caa8a7c	INFO	Processing message 6a17240a-b824-42ed-a886-b7f5d71d1c08

2024-02-14T21:01:08.701Z 2024-02-14T21:01:08.701Z	1ed36710-70fe-5d75-94ee-39575caa8a7c	INFO	Start syncing the balance {
  transaction: {
    id: '01HPMPRQWN7PDSPZHHYTB9YQ95',
    type: 'DEBIT',
    source: 'MANUAL_DEDUCTION',
    action: 'DELIVERY_DEDUCTION',
    userId: '302335d2-712e-4d41-bee8-3046c3eafe61',
    paymentBalance: 126,
    updatePaymentBalance: true,
    metadata: '{"walletId":"wallet#302335d2-712e-4d41-bee8-3046c3eafe61","deliveryId":"76055f38-fa40-4d49-ad23-bc5d2e7357cc","walletSk":"76055f38-fa40-4d49-ad23-bc5d2e7357cc"}',
    currency: 'BHD',
    amount: 9,
    vat: 0,
    oldBalance: 135,
    newBalance: 126
  }
}

2024-02-14T21:01:08.761Z 2024-02-14T21:01:08.761Z	1ed36710-70fe-5d75-94ee-39575caa8a7c	INFO	SubscriptionBalanceUpdated event published

2024-02-14T21:01:08.776Z END RequestId: 1ed36710-70fe-5d75-94ee-39575caa8a7c

2024-02-14T21:01:08.776Z REPORT RequestId: 1ed36710-70fe-5d75-94ee-39575caa8a7c	Duration: 109.72 ms	Billed Duration: 110 ms	Memory Size: 1024 MB	Max Memory Used: 112 MB	

2024-02-14T21:01:08.895Z START RequestId: 72dd626d-cff8-5099-9661-3c2ae3ac17a2 Version: $LATEST

2024-02-14T21:01:08.920Z 2024-02-14T21:01:08.920Z	72dd626d-cff8-5099-9661-3c2ae3ac17a2	INFO	Processing message 315bdade-be48-4266-ba57-528a05ab9153

2024-02-14T21:01:08.926Z 2024-02-14T21:01:08.926Z	72dd626d-cff8-5099-9661-3c2ae3ac17a2	INFO	Start syncing the balance {
  transaction: {
    id: '01HPMPRR3R4K9MSAY4VS6A1QFG',
    type: 'DEBIT',
    source: 'MANUAL_DEDUCTION',
    action: 'DELIVERY_DEDUCTION',
    userId: '5b25fc0d-4b52-479d-a9e9-5533cece208a',
    paymentBalance: 1080,
    updatePaymentBalance: true,
    metadata: '{"walletId":"wallet#5b25fc0d-4b52-479d-a9e9-5533cece208a","deliveryId":"d75d653d-6704-45bf-b6e6-4d898fd78f30","walletSk":"d75d653d-6704-45bf-b6e6-4d898fd78f30"}',
    currency: 'SAR',
    amount: 90,
    vat: 0,
    oldBalance: 1170,
    newBalance: 1080
  }
}

2024-02-14T21:01:08.983Z 2024-02-14T21:01:08.983Z	72dd626d-cff8-5099-9661-3c2ae3ac17a2	INFO	SubscriptionBalanceUpdated event published

2024-02-14T21:01:09.000Z END RequestId: 72dd626d-cff8-5099-9661-3c2ae3ac17a2

2024-02-14T21:01:09.000Z REPORT RequestId: 72dd626d-cff8-5099-9661-3c2ae3ac17a2	Duration: 105.71 ms	Billed Duration: 106 ms	Memory Size: 1024 MB	Max Memory Used: 114 MB	

2024-02-14T21:01:09.409Z START RequestId: e688598e-0951-5438-a3e7-07c92505a303 Version: $LATEST

2024-02-14T21:01:09.426Z 2024-02-14T21:01:09.426Z	e688598e-0951-5438-a3e7-07c92505a303	INFO	Processing message abf74199-36f6-45a8-9087-ca3e657f58a1

2024-02-14T21:01:09.431Z 2024-02-14T21:01:09.431Z	e688598e-0951-5438-a3e7-07c92505a303	INFO	Start syncing the balance {
  transaction: {
    id: '01HPMPRRBMKQQAHBKDA2AV72KK',
    type: 'DEBIT',
    source: 'MANUAL_DEDUCTION',
    action: 'DELIVERY_DEDUCTION',
    userId: 'cd538e28-b272-40b3-a42b-3a25561c8773',
    paymentBalance: 98,
    updatePaymentBalance: true,
    metadata: '{"walletId":"wallet#cd538e28-b272-40b3-a42b-3a25561c8773","deliveryId":"acd53e3c-12b8-49aa-abf3-59d17fd223b5","walletSk":"acd53e3c-12b8-49aa-abf3-59d17fd223b5"}',
    currency: 'SAR',
    amount: 47,
    vat: 0,
    oldBalance: 145,
    newBalance: 98
  }
}

2024-02-14T21:01:09.479Z 2024-02-14T21:01:09.479Z	e688598e-0951-5438-a3e7-07c92505a303	INFO	SubscriptionBalanceUpdated event published

2024-02-14T21:01:09.491Z END RequestId: e688598e-0951-5438-a3e7-07c92505a303

2024-02-14T21:01:09.491Z REPORT RequestId: e688598e-0951-5438-a3e7-07c92505a303	Duration: 82.63 ms	Billed Duration: 83 ms	Memory Size: 1024 MB	Max Memory Used: 114 MB	

