2024-02-18T14:36:14.436Z START RequestId: a95f7b49-a3a3-5722-a889-2505bbafdca0 Version: $LATEST

2024-02-18T14:36:14.496Z 2024-02-18T14:36:14.496Z	a95f7b49-a3a3-5722-a889-2505bbafdca0	INFO	Processing message a5f0fd9c-d350-4e77-88a4-22b8b30727bd

2024-02-18T14:36:14.496Z 2024-02-18T14:36:14.496Z	a95f7b49-a3a3-5722-a889-2505bbafdca0	INFO	Skipping the process, Update Payment Balance Flag is set to false { transactionAction: 'DONATE_RAMADAN_MEAL' }

2024-02-18T14:36:14.498Z END RequestId: a95f7b49-a3a3-5722-a889-2505bbafdca0

2024-02-18T14:36:14.498Z REPORT RequestId: a95f7b49-a3a3-5722-a889-2505bbafdca0	Duration: 61.26 ms	Billed Duration: 62 ms	Memory Size: 1024 MB	Max Memory Used: 126 MB	

2024-02-18T14:44:46.778Z START RequestId: b7d6aa54-9d6f-5b79-9b25-f418877770ff Version: $LATEST

2024-02-18T14:44:46.833Z 2024-02-18T14:44:46.833Z	b7d6aa54-9d6f-5b79-9b25-f418877770ff	INFO	Processing message f157851e-7b39-495d-a016-c1f9f90a217d

2024-02-18T14:44:46.833Z 2024-02-18T14:44:46.833Z	b7d6aa54-9d6f-5b79-9b25-f418877770ff	INFO	Skipping the process, Update Payment Balance Flag is set to false { transactionAction: 'DONATE_RAMADAN_MEAL' }

2024-02-18T14:44:46.834Z END RequestId: b7d6aa54-9d6f-5b79-9b25-f418877770ff

2024-02-18T14:44:46.834Z REPORT RequestId: b7d6aa54-9d6f-5b79-9b25-f418877770ff	Duration: 57.00 ms	Billed Duration: 58 ms	Memory Size: 1024 MB	Max Memory Used: 126 MB	
XRAY TraceId: 1-65d217de-28ca6f06e294978359a7dbaf	SegmentId: 7dc843fc6754f5e4	Sampled: true	

2024-02-18T14:44:52.758Z START RequestId: b9adb1c9-80dc-5770-8d89-ef859ac5242d Version: $LATEST

2024-02-18T14:44:52.785Z 2024-02-18T14:44:52.785Z	b9adb1c9-80dc-5770-8d89-ef859ac5242d	INFO	Processing message 5708c71b-4355-4494-ae33-24546017a9c6

2024-02-18T14:44:52.785Z 2024-02-18T14:44:52.785Z	b9adb1c9-80dc-5770-8d89-ef859ac5242d	INFO	Skipping the process, Update Payment Balance Flag is set to false { transactionAction: 'DONATE_RAMADAN_MEAL' }

2024-02-18T14:44:52.786Z END RequestId: b9adb1c9-80dc-5770-8d89-ef859ac5242d

2024-02-18T14:44:52.786Z REPORT RequestId: b9adb1c9-80dc-5770-8d89-ef859ac5242d	Duration: 28.13 ms	Billed Duration: 29 ms	Memory Size: 1024 MB	Max Memory Used: 126 MB	

2024-02-18T14:45:45.544Z START RequestId: 0fa6d664-5026-5e65-bc98-88284a702f4c Version: $LATEST

2024-02-18T14:45:45.570Z 2024-02-18T14:45:45.570Z	0fa6d664-5026-5e65-bc98-88284a702f4c	INFO	Processing message ed938704-b0c4-405f-b7db-8d46dac55fed

2024-02-18T14:45:45.570Z 2024-02-18T14:45:45.570Z	0fa6d664-5026-5e65-bc98-88284a702f4c	INFO	Skipping the process, Update Payment Balance Flag is set to false { transactionAction: 'DONATE_RAMADAN_MEAL' }

2024-02-18T14:45:45.572Z END RequestId: 0fa6d664-5026-5e65-bc98-88284a702f4c

2024-02-18T14:45:45.572Z REPORT RequestId: 0fa6d664-5026-5e65-bc98-88284a702f4c	Duration: 27.82 ms	Billed Duration: 28 ms	Memory Size: 1024 MB	Max Memory Used: 126 MB	
XRAY TraceId: 1-65d21819-1412f194513d6014ac8893ef	SegmentId: 5ec848e60cef58d0	Sampled: true	

2024-02-18T14:47:42.188Z START RequestId: 9cf49fd4-b0f5-5b98-b561-c198aa49c600 Version: $LATEST

2024-02-18T14:47:42.246Z 2024-02-18T14:47:42.246Z	9cf49fd4-b0f5-5b98-b561-c198aa49c600	INFO	Processing message b069503c-85a1-41d6-ab7c-18ebda1a0e66

2024-02-18T14:47:42.246Z 2024-02-18T14:47:42.246Z	9cf49fd4-b0f5-5b98-b561-c198aa49c600	INFO	Skipping the process, Update Payment Balance Flag is set to false { transactionAction: 'DONATE_RAMADAN_MEAL' }

2024-02-18T14:47:42.248Z END RequestId: 9cf49fd4-b0f5-5b98-b561-c198aa49c600

2024-02-18T14:47:42.248Z REPORT RequestId: 9cf49fd4-b0f5-5b98-b561-c198aa49c600	Duration: 59.85 ms	Billed Duration: 60 ms	Memory Size: 1024 MB	Max Memory Used: 126 MB	

2024-02-18T14:21:27.477Z START RequestId: e46a5d2f-e521-50fc-ade5-0363f1b28dbf Version: $LATEST

2024-02-18T14:21:27.628Z 2024-02-18T14:21:27.628Z	e46a5d2f-e521-50fc-ade5-0363f1b28dbf	INFO	Processing message 6f745fe1-c58e-45fd-852d-8d48594c4c2a

2024-02-18T14:21:27.629Z 2024-02-18T14:21:27.629Z	e46a5d2f-e521-50fc-ade5-0363f1b28dbf	INFO	Skipping the process, Update Payment Balance Flag is set to false { transactionAction: 'DONATE_RAMADAN_MEAL' }

2024-02-18T14:21:27.630Z END RequestId: e46a5d2f-e521-50fc-ade5-0363f1b28dbf

2024-02-18T14:21:27.630Z REPORT RequestId: e46a5d2f-e521-50fc-ade5-0363f1b28dbf	Duration: 153.67 ms	Billed Duration: 154 ms	Memory Size: 1024 MB	Max Memory Used: 126 MB	

2024-02-18T14:25:12.347Z START RequestId: 92bc88e7-4866-584b-a0e5-d6ab5de539f1 Version: $LATEST

2024-02-18T14:25:12.385Z 2024-02-18T14:25:12.385Z	92bc88e7-4866-584b-a0e5-d6ab5de539f1	INFO	Processing message caba599e-ef10-4b83-86bd-22f08682e239

2024-02-18T14:25:12.385Z 2024-02-18T14:25:12.385Z	92bc88e7-4866-584b-a0e5-d6ab5de539f1	INFO	Skipping the process, Update Payment Balance Flag is set to false { transactionAction: 'DONATE_RAMADAN_MEAL' }

2024-02-18T14:25:12.387Z END RequestId: 92bc88e7-4866-584b-a0e5-d6ab5de539f1

2024-02-18T14:25:12.387Z REPORT RequestId: 92bc88e7-4866-584b-a0e5-d6ab5de539f1	Duration: 39.98 ms	Billed Duration: 40 ms	Memory Size: 1024 MB	Max Memory Used: 126 MB	

2024-02-18T14:20:13.787Z INIT_START Runtime Version: nodejs:20.v15	Runtime Version ARN: arn:aws:lambda:us-east-1::runtime:379cd8c4d157c2e16f1b841486b613da2188da597609ef24d67497ad9c22a53e

2024-02-18T14:20:14.989Z START RequestId: 5b3926a2-0978-5877-8e6b-78ee1d330ddc Version: $LATEST

2024-02-18T14:20:15.146Z 2024-02-18T14:20:15.146Z	5b3926a2-0978-5877-8e6b-78ee1d330ddc	INFO	Processing message 83ea330a-073a-4b23-9570-6948c037918d

2024-02-18T14:20:15.148Z 2024-02-18T14:20:15.148Z	5b3926a2-0978-5877-8e6b-78ee1d330ddc	INFO	Skipping the process, Update Payment Balance Flag is set to false { transactionAction: 'DONATE_RAMADAN_MEAL' }

2024-02-18T14:20:15.154Z END RequestId: 5b3926a2-0978-5877-8e6b-78ee1d330ddc

2024-02-18T14:20:15.154Z REPORT RequestId: 5b3926a2-0978-5877-8e6b-78ee1d330ddc	Duration: 164.48 ms	Billed Duration: 165 ms	Memory Size: 1024 MB	Max Memory Used: 123 MB	Init Duration: 1201.29 ms	

2024-02-18T14:22:22.152Z START RequestId: 9eaa75f9-7782-5141-a730-2bb5634d3c02 Version: $LATEST

2024-02-18T14:22:22.212Z 2024-02-18T14:22:22.212Z	9eaa75f9-7782-5141-a730-2bb5634d3c02	INFO	Processing message 83d4f1a8-4c86-4488-90a5-9b89e69aaba4

2024-02-18T14:22:22.215Z 2024-02-18T14:22:22.215Z	9eaa75f9-7782-5141-a730-2bb5634d3c02	INFO	Skipping the process, Update Payment Balance Flag is set to false { transactionAction: 'DONATE_RAMADAN_MEAL' }

2024-02-18T14:22:22.228Z END RequestId: 9eaa75f9-7782-5141-a730-2bb5634d3c02

2024-02-18T14:22:22.228Z REPORT RequestId: 9eaa75f9-7782-5141-a730-2bb5634d3c02	Duration: 76.64 ms	Billed Duration: 77 ms	Memory Size: 1024 MB	Max Memory Used: 126 MB	

2024-02-18T14:23:27.593Z START RequestId: 3c25ea66-898c-5f46-b243-b42a9c9aeaed Version: $LATEST

2024-02-18T14:23:27.624Z 2024-02-18T14:23:27.624Z	3c25ea66-898c-5f46-b243-b42a9c9aeaed	INFO	Processing message 61464e4e-9d80-4330-94c4-3dc613f8ff54

2024-02-18T14:23:27.624Z 2024-02-18T14:23:27.624Z	3c25ea66-898c-5f46-b243-b42a9c9aeaed	INFO	Skipping the process, Update Payment Balance Flag is set to false { transactionAction: 'DONATE_RAMADAN_MEAL' }

2024-02-18T14:23:27.626Z END RequestId: 3c25ea66-898c-5f46-b243-b42a9c9aeaed

2024-02-18T14:23:27.626Z REPORT RequestId: 3c25ea66-898c-5f46-b243-b42a9c9aeaed	Duration: 32.66 ms	Billed Duration: 33 ms	Memory Size: 1024 MB	Max Memory Used: 126 MB	

2024-02-18T14:36:37.274Z START RequestId: 95823c35-b078-5342-9b27-6279a85b7ad1 Version: $LATEST

2024-02-18T14:36:37.305Z 2024-02-18T14:36:37.305Z	95823c35-b078-5342-9b27-6279a85b7ad1	INFO	Processing message 56be08f1-659c-411b-9376-e975fd0372c6

2024-02-18T14:36:37.305Z 2024-02-18T14:36:37.305Z	95823c35-b078-5342-9b27-6279a85b7ad1	INFO	Skipping the process, Update Payment Balance Flag is set to false { transactionAction: 'DONATE_RAMADAN_MEAL' }

2024-02-18T14:36:37.307Z END RequestId: 95823c35-b078-5342-9b27-6279a85b7ad1

2024-02-18T14:36:37.307Z REPORT RequestId: 95823c35-b078-5342-9b27-6279a85b7ad1	Duration: 33.28 ms	Billed Duration: 34 ms	Memory Size: 1024 MB	Max Memory Used: 126 MB	

2024-02-18T14:42:00.712Z START RequestId: 983e9ec0-ff47-59b1-92be-c08ce621b1dc Version: $LATEST

2024-02-18T14:42:00.766Z 2024-02-18T14:42:00.766Z	983e9ec0-ff47-59b1-92be-c08ce621b1dc	INFO	Processing message f1ee53a8-6d78-435a-8950-3ab2250f4ef3

2024-02-18T14:42:00.766Z 2024-02-18T14:42:00.766Z	983e9ec0-ff47-59b1-92be-c08ce621b1dc	INFO	Skipping the process, Update Payment Balance Flag is set to false { transactionAction: 'DONATE_RAMADAN_MEAL' }

2024-02-18T14:42:00.768Z END RequestId: 983e9ec0-ff47-59b1-92be-c08ce621b1dc

2024-02-18T14:42:00.768Z REPORT RequestId: 983e9ec0-ff47-59b1-92be-c08ce621b1dc	Duration: 55.72 ms	Billed Duration: 56 ms	Memory Size: 1024 MB	Max Memory Used: 126 MB	

2024-02-18T14:45:24.335Z START RequestId: 60890116-6a21-533d-a305-5f5a70195060 Version: $LATEST

2024-02-18T14:45:24.362Z 2024-02-18T14:45:24.362Z	60890116-6a21-533d-a305-5f5a70195060	INFO	Processing message 8cc567ec-2e15-4ea6-938a-447d3c8f7248

2024-02-18T14:45:24.362Z 2024-02-18T14:45:24.362Z	60890116-6a21-533d-a305-5f5a70195060	INFO	Skipping the process, Update Payment Balance Flag is set to false { transactionAction: 'DONATE_RAMADAN_MEAL' }

2024-02-18T14:45:24.364Z END RequestId: 60890116-6a21-533d-a305-5f5a70195060

2024-02-18T14:45:24.364Z REPORT RequestId: 60890116-6a21-533d-a305-5f5a70195060	Duration: 29.08 ms	Billed Duration: 30 ms	Memory Size: 1024 MB	Max Memory Used: 126 MB	

2024-02-18T14:43:00.933Z START RequestId: 8ea79db0-2259-512b-9578-c3fc3bea2c95 Version: $LATEST

2024-02-18T14:43:00.961Z 2024-02-18T14:43:00.961Z	8ea79db0-2259-512b-9578-c3fc3bea2c95	INFO	Processing message 890eac64-ce09-47e3-9595-e506f3f34508

2024-02-18T14:43:00.961Z 2024-02-18T14:43:00.961Z	8ea79db0-2259-512b-9578-c3fc3bea2c95	INFO	Skipping the process, Update Payment Balance Flag is set to false { transactionAction: 'DONATE_RAMADAN_MEAL' }

2024-02-18T14:43:00.963Z END RequestId: 8ea79db0-2259-512b-9578-c3fc3bea2c95

2024-02-18T14:43:00.963Z REPORT RequestId: 8ea79db0-2259-512b-9578-c3fc3bea2c95	Duration: 29.86 ms	Billed Duration: 30 ms	Memory Size: 1024 MB	Max Memory Used: 126 MB	

2024-02-18T14:34:35.801Z START RequestId: 5d6a81c0-625c-52eb-b1dd-df8c75f22f65 Version: $LATEST

2024-02-18T14:34:35.868Z 2024-02-18T14:34:35.868Z	5d6a81c0-625c-52eb-b1dd-df8c75f22f65	INFO	Processing message f6245640-7e0f-4fa7-8821-5f354cac7143

2024-02-18T14:34:35.868Z 2024-02-18T14:34:35.868Z	5d6a81c0-625c-52eb-b1dd-df8c75f22f65	INFO	Skipping the process, Update Payment Balance Flag is set to false { transactionAction: 'DONATE_RAMADAN_MEAL' }

2024-02-18T14:34:35.870Z END RequestId: 5d6a81c0-625c-52eb-b1dd-df8c75f22f65

2024-02-18T14:34:35.870Z REPORT RequestId: 5d6a81c0-625c-52eb-b1dd-df8c75f22f65	Duration: 68.84 ms	Billed Duration: 69 ms	Memory Size: 1024 MB	Max Memory Used: 126 MB	

2024-02-18T14:34:39.255Z START RequestId: 27af39e1-558f-5732-94a5-67ad4237ceec Version: $LATEST

2024-02-18T14:34:39.289Z 2024-02-18T14:34:39.289Z	27af39e1-558f-5732-94a5-67ad4237ceec	INFO	Processing message 511dbd23-dd39-482e-9669-41d8d26797a0

2024-02-18T14:34:39.289Z 2024-02-18T14:34:39.289Z	27af39e1-558f-5732-94a5-67ad4237ceec	INFO	Skipping the process, Update Payment Balance Flag is set to false { transactionAction: 'DONATE_RAMADAN_MEAL' }

2024-02-18T14:34:39.291Z END RequestId: 27af39e1-558f-5732-94a5-67ad4237ceec

2024-02-18T14:34:39.291Z REPORT RequestId: 27af39e1-558f-5732-94a5-67ad4237ceec	Duration: 35.41 ms	Billed Duration: 36 ms	Memory Size: 1024 MB	Max Memory Used: 126 MB	

2024-02-18T14:24:08.540Z START RequestId: 6ae212dc-9065-5456-a718-4c908527f03d Version: $LATEST

2024-02-18T14:24:08.570Z 2024-02-18T14:24:08.570Z	6ae212dc-9065-5456-a718-4c908527f03d	INFO	Processing message 3bc4a85e-b50b-4b99-820b-b92101cf9b39

2024-02-18T14:24:08.570Z 2024-02-18T14:24:08.570Z	6ae212dc-9065-5456-a718-4c908527f03d	INFO	Skipping the process, Update Payment Balance Flag is set to false { transactionAction: 'DONATE_RAMADAN_MEAL' }

2024-02-18T14:24:08.572Z END RequestId: 6ae212dc-9065-5456-a718-4c908527f03d

2024-02-18T14:24:08.572Z REPORT RequestId: 6ae212dc-9065-5456-a718-4c908527f03d	Duration: 32.11 ms	Billed Duration: 33 ms	Memory Size: 1024 MB	Max Memory Used: 126 MB	

2024-02-18T14:29:21.457Z START RequestId: 3ad1e4c1-fd3b-5fe8-bf0f-ba8deb4ed0e0 Version: $LATEST

2024-02-18T14:29:21.528Z 2024-02-18T14:29:21.528Z	3ad1e4c1-fd3b-5fe8-bf0f-ba8deb4ed0e0	INFO	Processing message dd427097-ddbc-4da8-8f36-d447622d492a

2024-02-18T14:29:21.528Z 2024-02-18T14:29:21.528Z	3ad1e4c1-fd3b-5fe8-bf0f-ba8deb4ed0e0	INFO	Skipping the process, Update Payment Balance Flag is set to false { transactionAction: 'DONATE_RAMADAN_MEAL' }

2024-02-18T14:29:21.529Z END RequestId: 3ad1e4c1-fd3b-5fe8-bf0f-ba8deb4ed0e0

2024-02-18T14:29:21.529Z REPORT RequestId: 3ad1e4c1-fd3b-5fe8-bf0f-ba8deb4ed0e0	Duration: 71.92 ms	Billed Duration: 72 ms	Memory Size: 1024 MB	Max Memory Used: 126 MB	

2024-02-18T14:38:39.217Z START RequestId: 9d354415-1321-5f76-b6f3-1a590b8bc5f5 Version: $LATEST

2024-02-18T14:38:39.271Z 2024-02-18T14:38:39.271Z	9d354415-1321-5f76-b6f3-1a590b8bc5f5	INFO	Processing message ad7fc02b-a062-4e22-a64b-755dbb6ff7c9

2024-02-18T14:38:39.271Z 2024-02-18T14:38:39.271Z	9d354415-1321-5f76-b6f3-1a590b8bc5f5	INFO	Skipping the process, Update Payment Balance Flag is set to false { transactionAction: 'DONATE_RAMADAN_MEAL' }

2024-02-18T14:38:39.273Z END RequestId: 9d354415-1321-5f76-b6f3-1a590b8bc5f5

2024-02-18T14:38:39.273Z REPORT RequestId: 9d354415-1321-5f76-b6f3-1a590b8bc5f5	Duration: 55.60 ms	Billed Duration: 56 ms	Memory Size: 1024 MB	Max Memory Used: 126 MB	

2024-02-18T14:39:42.355Z START RequestId: 9a524c40-9e56-5350-88fc-120c86bfdec8 Version: $LATEST

2024-02-18T14:39:42.383Z 2024-02-18T14:39:42.383Z	9a524c40-9e56-5350-88fc-120c86bfdec8	INFO	Processing message 34827ffb-dcb0-4932-a284-9b2a3bda6363

2024-02-18T14:39:42.383Z 2024-02-18T14:39:42.383Z	9a524c40-9e56-5350-88fc-120c86bfdec8	INFO	Skipping the process, Update Payment Balance Flag is set to false { transactionAction: 'DONATE_RAMADAN_MEAL' }

2024-02-18T14:39:42.384Z END RequestId: 9a524c40-9e56-5350-88fc-120c86bfdec8

2024-02-18T14:39:42.384Z REPORT RequestId: 9a524c40-9e56-5350-88fc-120c86bfdec8	Duration: 29.80 ms	Billed Duration: 30 ms	Memory Size: 1024 MB	Max Memory Used: 126 MB	

2024-02-18T14:45:02.334Z START RequestId: d7f6a246-c762-5043-aa17-fc0add7ccbc5 Version: $LATEST

2024-02-18T14:45:02.365Z 2024-02-18T14:45:02.365Z	d7f6a246-c762-5043-aa17-fc0add7ccbc5	INFO	Processing message f1d8e889-def2-4dae-ba52-58003b68082f

2024-02-18T14:45:02.365Z 2024-02-18T14:45:02.365Z	d7f6a246-c762-5043-aa17-fc0add7ccbc5	INFO	Skipping the process, Update Payment Balance Flag is set to false { transactionAction: 'DONATE_RAMADAN_MEAL' }

2024-02-18T14:45:02.367Z END RequestId: d7f6a246-c762-5043-aa17-fc0add7ccbc5

2024-02-18T14:45:02.367Z REPORT RequestId: d7f6a246-c762-5043-aa17-fc0add7ccbc5	Duration: 32.45 ms	Billed Duration: 33 ms	Memory Size: 1024 MB	Max Memory Used: 126 MB	

