2024-02-17T12:30:26.493Z START RequestId: 8776a05a-c58d-590c-9a35-fe106c9c3560 Version: $LATEST

2024-02-17T12:30:26.645Z 2024-02-17T12:30:26.645Z	8776a05a-c58d-590c-9a35-fe106c9c3560	INFO	Processing message bed261f0-6fd9-44ef-860a-979266e0f419

2024-02-17T12:30:26.671Z 2024-02-17T12:30:26.671Z	8776a05a-c58d-590c-9a35-fe106c9c3560	INFO	Start syncing the balance {
  transaction: {
    id: '01HPVGQRWEEHJQARQ7EG3HKNPS',
    type: 'CREDIT',
    source: 'PAYMENT',
    action: 'RENEW_SUBSCRIPTION',
    userId: '4a12f77e-9f66-4899-823d-5eeb53c01a36',
    paymentBalance: 1800,
    updatePaymentBalance: true,
    metadata: '{"referralBalanceDiscount":0,"walletId":"wallet#4a12f77e-9f66-4899-823d-5eeb53c01a36","planType":"full","goal":"loseWeight","eventSessionId":"64164780-e1e7-46a4-8aff-8216a88e6f7b","walletSk":"55c5d4c7-8e5d-4d39-ab5e-3680cd56c086","deliveryTime":"evening","dietType":"balanced","renewalDate":"2024-02-19","type":"userRenew","frequency":"monthly","couponDiscount":0,"tier":"personalized","version2":true,"nextPlan":"{\\"id\\":\\"full\\",\\"frequency\\":\\"monthly\\",\\"extras\\":[],\\"foodType\\":[\\"breakfast\\",\\"dinner\\",\\"lunch\\",\\"snack\\"],\\"pricePerDay\\":90,\\"dietType\\":\\"balanced\\",\\"type\\":\\"DATE_RANGE\\",\\"startDate\\":\\"2024-02-19\\",\\"deliveryDays\\":[0,1,2,3,4]}","addonSubscription":"[]"}',
    currency: 'SAR',
    amount: 2070,
    vat: 270,
    oldBalance: 0,
    newBalance: 1800
  }
}

2024-02-17T12:30:26.759Z 2024-02-17T12:30:26.759Z	8776a05a-c58d-590c-9a35-fe106c9c3560	INFO	SubscriptionBalanceUpdated event published

2024-02-17T12:30:26.796Z END RequestId: 8776a05a-c58d-590c-9a35-fe106c9c3560

2024-02-17T12:30:26.796Z REPORT RequestId: 8776a05a-c58d-590c-9a35-fe106c9c3560	Duration: 303.00 ms	Billed Duration: 304 ms	Memory Size: 1024 MB	Max Memory Used: 125 MB	
XRAY TraceId: 1-65d0a6e2-c4ac5ad1594a5452ae0a4feb	SegmentId: 486280743a041ce3	Sampled: true	

2024-02-17T12:38:07.780Z START RequestId: 43aac5e5-8b86-509f-8d7d-9baf21674c3d Version: $LATEST

2024-02-17T12:38:07.841Z 2024-02-17T12:38:07.841Z	43aac5e5-8b86-509f-8d7d-9baf21674c3d	INFO	Processing message 5d63d02a-6389-48b8-8fae-e5bc118fa5b7

2024-02-17T12:38:07.865Z 2024-02-17T12:38:07.865Z	43aac5e5-8b86-509f-8d7d-9baf21674c3d	INFO	Start syncing the balance {
  transaction: {
    id: '01HPVH5V6TWYY3YZZ3PJGWX8FF',
    type: 'CREDIT',
    source: 'PAYMENT',
    action: 'RENEW_SUBSCRIPTION',
    userId: '4a12f77e-9f66-4899-823d-5eeb53c01a36',
    paymentBalance: 5508,
    updatePaymentBalance: true,
    metadata: '{"referralBalanceDiscount":0,"walletId":"wallet#4a12f77e-9f66-4899-823d-5eeb53c01a36","planType":"full","goal":"loseWeight","eventSessionId":"8d848e89-63a3-4671-9cdd-f50665027508","walletSk":"056fd3b7-cc8a-4a2c-95dd-5141f492a57b","deliveryTime":"evening","dietType":"balanced","renewalDate":"2024-02-19","type":"userRenew","frequency":"quarterly","couponDiscount":0,"tier":"personalized","version2":true,"nextPlan":"{\\"id\\":\\"full\\",\\"frequency\\":\\"quarterly\\",\\"extras\\":[],\\"foodType\\":[\\"breakfast\\",\\"dinner\\",\\"lunch\\",\\"snack\\"],\\"pricePerDay\\":76.5,\\"dietType\\":\\"balanced\\",\\"type\\":\\"DATE_RANGE\\",\\"startDate\\":\\"2024-02-19\\",\\"deliveryDays\\":[0,1,2,3,4,6]}","addonSubscription":"[]"}',
    currency: 'SAR',
    amount: 6334.2,
    vat: 826.2,
    oldBalance: 0,
    newBalance: 5508
  }
}

2024-02-17T12:38:07.930Z 2024-02-17T12:38:07.930Z	43aac5e5-8b86-509f-8d7d-9baf21674c3d	INFO	SubscriptionBalanceUpdated event published

2024-02-17T12:38:07.968Z END RequestId: 43aac5e5-8b86-509f-8d7d-9baf21674c3d

2024-02-17T12:38:07.968Z REPORT RequestId: 43aac5e5-8b86-509f-8d7d-9baf21674c3d	Duration: 187.21 ms	Billed Duration: 188 ms	Memory Size: 1024 MB	Max Memory Used: 125 MB	

2024-02-17T12:45:10.677Z START RequestId: 0e3d7616-ceac-50ee-96a5-285c62264b4e Version: $LATEST

2024-02-17T12:45:10.739Z 2024-02-17T12:45:10.739Z	0e3d7616-ceac-50ee-96a5-285c62264b4e	INFO	Processing message 7977e52e-ad58-466f-b4d5-f8f34e82852a

2024-02-17T12:45:10.768Z 2024-02-17T12:45:10.768Z	0e3d7616-ceac-50ee-96a5-285c62264b4e	INFO	Start syncing the balance {
  transaction: {
    id: '01HPVHJRD5HFNJH6P347KHC1TF',
    type: 'CREDIT',
    source: 'PAYMENT',
    action: 'RENEW_SUBSCRIPTION',
    userId: '4a12f77e-9f66-4899-823d-5eeb53c01a36',
    paymentBalance: 4590,
    updatePaymentBalance: true,
    metadata: '{"referralBalanceDiscount":0,"walletId":"wallet#4a12f77e-9f66-4899-823d-5eeb53c01a36","planType":"full","goal":"loseWeight","eventSessionId":"ff410a66-9514-401c-8d2e-e3355e0c6d3e","walletSk":"ddd29dbb-7086-4f9c-9ee2-0ce5cbbf0847","deliveryTime":"evening","dietType":"balanced","renewalDate":"2024-02-19","type":"userRenew","frequency":"quarterly","couponDiscount":0,"tier":"personalized","version2":true,"nextPlan":"{\\"id\\":\\"full\\",\\"frequency\\":\\"quarterly\\",\\"extras\\":[],\\"foodType\\":[\\"breakfast\\",\\"dinner\\",\\"lunch\\",\\"snack\\"],\\"pricePerDay\\":76.5,\\"dietType\\":\\"balanced\\",\\"type\\":\\"DATE_RANGE\\",\\"startDate\\":\\"2024-02-19\\",\\"deliveryDays\\":[0,1,2,3,4]}","addonSubscription":"[]"}',
    currency: 'SAR',
    amount: 5278.5,
    vat: 688.5,
    oldBalance: 0,
    newBalance: 4590
  }
}

2024-02-17T12:45:10.829Z 2024-02-17T12:45:10.829Z	0e3d7616-ceac-50ee-96a5-285c62264b4e	INFO	SubscriptionBalanceUpdated event published

2024-02-17T12:45:10.966Z END RequestId: 0e3d7616-ceac-50ee-96a5-285c62264b4e

2024-02-17T12:45:10.966Z REPORT RequestId: 0e3d7616-ceac-50ee-96a5-285c62264b4e	Duration: 288.88 ms	Billed Duration: 289 ms	Memory Size: 1024 MB	Max Memory Used: 125 MB	

2024-02-17T12:34:57.445Z START RequestId: fd5e1c06-b72b-5df4-8167-424c1d0cf4f3 Version: $LATEST

2024-02-17T12:34:57.571Z 2024-02-17T12:34:57.571Z	fd5e1c06-b72b-5df4-8167-424c1d0cf4f3	INFO	Processing message edcd44e5-6c9e-4882-977e-4b210551911a

2024-02-17T12:34:57.598Z 2024-02-17T12:34:57.598Z	fd5e1c06-b72b-5df4-8167-424c1d0cf4f3	INFO	Start syncing the balance {
  transaction: {
    id: '01HPVH01HJXAM4MGCH1G204B21',
    type: 'DEBIT',
    source: 'MANUAL_DEDUCTION',
    action: 'DOUBLE_ENTRY',
    userId: '4a12f77e-9f66-4899-823d-5eeb53c01a36',
    paymentBalance: 0,
    updatePaymentBalance: true,
    metadata: '{"walletId":"wallet#4a12f77e-9f66-4899-823d-5eeb53c01a36","walletSk":"f575f25e-2044-41b8-a243-4defbe7a975c"}',
    currency: 'SAR',
    amount: 1800,
    vat: 0,
    oldBalance: 1800,
    newBalance: 0
  }
}

2024-02-17T12:34:57.672Z 2024-02-17T12:34:57.672Z	fd5e1c06-b72b-5df4-8167-424c1d0cf4f3	INFO	SubscriptionBalanceUpdated event published

2024-02-17T12:34:57.708Z END RequestId: fd5e1c06-b72b-5df4-8167-424c1d0cf4f3

2024-02-17T12:34:57.708Z REPORT RequestId: fd5e1c06-b72b-5df4-8167-424c1d0cf4f3	Duration: 272.89 ms	Billed Duration: 273 ms	Memory Size: 1024 MB	Max Memory Used: 125 MB	

2024-02-17T12:42:07.188Z START RequestId: 83935ed4-1cb6-57d3-88f7-009eb77af9c4 Version: $LATEST

2024-02-17T12:42:07.259Z 2024-02-17T12:42:07.259Z	83935ed4-1cb6-57d3-88f7-009eb77af9c4	INFO	Processing message a5cad650-a9b7-476f-b0df-d7ddb1a111d6

2024-02-17T12:42:07.288Z 2024-02-17T12:42:07.288Z	83935ed4-1cb6-57d3-88f7-009eb77af9c4	INFO	Start syncing the balance {
  transaction: {
    id: '01HPVHD519NYWPE0S9RFP1EF9C',
    type: 'DEBIT',
    source: 'MANUAL_DEDUCTION',
    action: 'REFUNDED_MANUALLY',
    userId: '4a12f77e-9f66-4899-823d-5eeb53c01a36',
    paymentBalance: 0,
    updatePaymentBalance: true,
    metadata: '{"walletId":"wallet#4a12f77e-9f66-4899-823d-5eeb53c01a36","walletSk":"3feb29a6-e459-44b8-947f-6e35d5f7bf63"}',
    currency: 'SAR',
    amount: 5508,
    vat: 0,
    oldBalance: 5508,
    newBalance: 0
  }
}

2024-02-17T12:42:07.362Z 2024-02-17T12:42:07.362Z	83935ed4-1cb6-57d3-88f7-009eb77af9c4	INFO	SubscriptionBalanceUpdated event published

2024-02-17T12:42:07.396Z END RequestId: 83935ed4-1cb6-57d3-88f7-009eb77af9c4

2024-02-17T12:42:07.396Z REPORT RequestId: 83935ed4-1cb6-57d3-88f7-009eb77af9c4	Duration: 208.55 ms	Billed Duration: 209 ms	Memory Size: 1024 MB	Max Memory Used: 125 MB	

2024-02-17T12:28:25.692Z INIT_START Runtime Version: nodejs:20.v15	Runtime Version ARN: arn:aws:lambda:us-east-1::runtime:379cd8c4d157c2e16f1b841486b613da2188da597609ef24d67497ad9c22a53e

2024-02-17T12:28:26.887Z START RequestId: 02a3813a-4c8c-550f-8e97-df70e41a1c54 Version: $LATEST

2024-02-17T12:28:27.033Z 2024-02-17T12:28:27.033Z	02a3813a-4c8c-550f-8e97-df70e41a1c54	INFO	Processing message 690f8056-33da-4e7f-86e7-6d5e10e60470

2024-02-17T12:28:27.083Z 2024-02-17T12:28:27.083Z	02a3813a-4c8c-550f-8e97-df70e41a1c54	INFO	Start syncing the balance {
  transaction: {
    id: '01HPVGM23E4A8RH9045Z781GY5',
    type: 'DEBIT',
    source: 'MANUAL_DEDUCTION',
    action: 'DOUBLE_ENTRY',
    userId: '4a12f77e-9f66-4899-823d-5eeb53c01a36',
    paymentBalance: 0,
    updatePaymentBalance: true,
    metadata: '{"walletId":"wallet#4a12f77e-9f66-4899-823d-5eeb53c01a36","walletSk":"71441b5d-d868-47e9-ada5-d2d7e4503dbd"}',
    currency: 'SAR',
    amount: 3654,
    vat: 0,
    oldBalance: 3654,
    newBalance: 0
  }
}

2024-02-17T12:28:27.183Z 2024-02-17T12:28:27.183Z	02a3813a-4c8c-550f-8e97-df70e41a1c54	INFO	SubscriptionBalanceUpdated event published

2024-02-17T12:28:27.226Z END RequestId: 02a3813a-4c8c-550f-8e97-df70e41a1c54

2024-02-17T12:28:27.226Z REPORT RequestId: 02a3813a-4c8c-550f-8e97-df70e41a1c54	Duration: 338.40 ms	Billed Duration: 339 ms	Memory Size: 1024 MB	Max Memory Used: 123 MB	Init Duration: 1192.43 ms	

