2024-02-17T17:34:39.838Z START RequestId: 87939f14-f1e8-5bd9-9c3a-c15e0188cb25 Version: $LATEST

2024-02-17T17:34:39.910Z 2024-02-17T17:34:39.910Z	87939f14-f1e8-5bd9-9c3a-c15e0188cb25	INFO	Processing message 761178cf-e2cb-40c1-84c8-55ee6745bcf7

2024-02-17T17:34:39.910Z 2024-02-17T17:34:39.910Z	87939f14-f1e8-5bd9-9c3a-c15e0188cb25	INFO	Skipping the process, Update Payment Balance Flag is set to false { transactionAction: 'DONATE_RAMADAN_MEAL' }

2024-02-17T17:34:39.911Z END RequestId: 87939f14-f1e8-5bd9-9c3a-c15e0188cb25

2024-02-17T17:34:39.911Z REPORT RequestId: 87939f14-f1e8-5bd9-9c3a-c15e0188cb25	Duration: 73.06 ms	Billed Duration: 74 ms	Memory Size: 1024 MB	Max Memory Used: 125 MB	

2024-02-17T17:36:28.516Z START RequestId: f29b5d26-5416-5b59-a716-036ca4c40e6d Version: $LATEST

2024-02-17T17:36:28.544Z 2024-02-17T17:36:28.544Z	f29b5d26-5416-5b59-a716-036ca4c40e6d	INFO	Processing message 2a50b638-4936-4a1a-85f3-f912f82fcf4c

2024-02-17T17:36:28.544Z 2024-02-17T17:36:28.544Z	f29b5d26-5416-5b59-a716-036ca4c40e6d	INFO	Skipping the process, Update Payment Balance Flag is set to false { transactionAction: 'DONATE_RAMADAN_MEAL' }

2024-02-17T17:36:28.546Z END RequestId: f29b5d26-5416-5b59-a716-036ca4c40e6d

2024-02-17T17:36:28.546Z REPORT RequestId: f29b5d26-5416-5b59-a716-036ca4c40e6d	Duration: 29.24 ms	Billed Duration: 30 ms	Memory Size: 1024 MB	Max Memory Used: 125 MB	

2024-02-17T17:30:03.494Z START RequestId: caa107e6-5f62-595f-adb7-59acb02b1935 Version: $LATEST

2024-02-17T17:30:03.710Z 2024-02-17T17:30:03.710Z	caa107e6-5f62-595f-adb7-59acb02b1935	INFO	Processing message 0a93a393-a272-4dbc-9149-48ed022a3e83

2024-02-17T17:30:03.710Z 2024-02-17T17:30:03.710Z	caa107e6-5f62-595f-adb7-59acb02b1935	INFO	Skipping the process, Update Payment Balance Flag is set to false { transactionAction: 'DONATE_RAMADAN_MEAL' }

2024-02-17T17:30:03.712Z END RequestId: caa107e6-5f62-595f-adb7-59acb02b1935

2024-02-17T17:30:03.712Z REPORT RequestId: caa107e6-5f62-595f-adb7-59acb02b1935	Duration: 218.21 ms	Billed Duration: 219 ms	Memory Size: 1024 MB	Max Memory Used: 125 MB	

2024-02-17T17:28:10.811Z INIT_START Runtime Version: nodejs:20.v15	Runtime Version ARN: arn:aws:lambda:us-east-1::runtime:379cd8c4d157c2e16f1b841486b613da2188da597609ef24d67497ad9c22a53e

2024-02-17T17:28:12.113Z START RequestId: 4ec7c9fd-1f02-506b-bad4-97b7f1dd6b52 Version: $LATEST

2024-02-17T17:28:12.257Z 2024-02-17T17:28:12.257Z	4ec7c9fd-1f02-506b-bad4-97b7f1dd6b52	INFO	Processing message 89ede0b0-8076-4e38-bb84-e8a8c76c97f3

2024-02-17T17:28:12.258Z 2024-02-17T17:28:12.258Z	4ec7c9fd-1f02-506b-bad4-97b7f1dd6b52	INFO	Skipping the process, Update Payment Balance Flag is set to false { transactionAction: 'DONATE_RAMADAN_MEAL' }

2024-02-17T17:28:12.276Z END RequestId: 4ec7c9fd-1f02-506b-bad4-97b7f1dd6b52

2024-02-17T17:28:12.276Z REPORT RequestId: 4ec7c9fd-1f02-506b-bad4-97b7f1dd6b52	Duration: 162.75 ms	Billed Duration: 163 ms	Memory Size: 1024 MB	Max Memory Used: 121 MB	Init Duration: 1300.49 ms	

2024-02-17T17:33:25.378Z START RequestId: df684047-8b68-5096-b834-1e0d7b7dbb0c Version: $LATEST

2024-02-17T17:33:25.500Z 2024-02-17T17:33:25.500Z	df684047-8b68-5096-b834-1e0d7b7dbb0c	INFO	Processing message 59345876-667a-4d0c-9ec3-2ed9e9377637

2024-02-17T17:33:25.501Z 2024-02-17T17:33:25.501Z	df684047-8b68-5096-b834-1e0d7b7dbb0c	INFO	Skipping the process, Update Payment Balance Flag is set to false { transactionAction: 'DONATE_RAMADAN_MEAL' }

2024-02-17T17:33:25.503Z END RequestId: df684047-8b68-5096-b834-1e0d7b7dbb0c

2024-02-17T17:33:25.503Z REPORT RequestId: df684047-8b68-5096-b834-1e0d7b7dbb0c	Duration: 124.56 ms	Billed Duration: 125 ms	Memory Size: 1024 MB	Max Memory Used: 125 MB	
XRAY TraceId: 1-65d0ede5-03465a3d978084b4a1441fa3	SegmentId: 67499d82604ca794	Sampled: true	

2024-02-17T17:36:07.995Z START RequestId: 929ae619-9117-5f87-9c60-b85361d75f7b Version: $LATEST

2024-02-17T17:36:08.050Z 2024-02-17T17:36:08.050Z	929ae619-9117-5f87-9c60-b85361d75f7b	INFO	Processing message 59517201-bfbb-4be7-a3ac-fb9b2f9ada6f

2024-02-17T17:36:08.050Z 2024-02-17T17:36:08.050Z	929ae619-9117-5f87-9c60-b85361d75f7b	INFO	Skipping the process, Update Payment Balance Flag is set to false { transactionAction: 'DONATE_RAMADAN_MEAL' }

2024-02-17T17:36:08.052Z END RequestId: 929ae619-9117-5f87-9c60-b85361d75f7b

2024-02-17T17:36:08.052Z REPORT RequestId: 929ae619-9117-5f87-9c60-b85361d75f7b	Duration: 57.20 ms	Billed Duration: 58 ms	Memory Size: 1024 MB	Max Memory Used: 125 MB	

