2024-02-24T21:01:18.800Z START RequestId: 2d70dc2d-9d92-59f5-ad7a-8279c6ca212f Version: $LATEST

2024-02-24T21:01:18.822Z 2024-02-24T21:01:18.822Z	2d70dc2d-9d92-59f5-ad7a-8279c6ca212f	INFO	Processing message f27b964b-fb98-4d2a-b80a-5a759fa5f1d0

2024-02-24T21:01:18.827Z 2024-02-24T21:01:18.827Z	2d70dc2d-9d92-59f5-ad7a-8279c6ca212f	INFO	Start syncing the balance {
  transaction: {
    id: '01HQEER1TMARR4KDRQRQNMBDGV',
    type: 'DEBIT',
    source: 'MANUAL_DEDUCTION',
    action: 'DELIVERY_DEDUCTION',
    userId: '770414b6-2b25-4782-97c1-f69d6d558737',
    paymentBalance: 4030,
    updatePaymentBalance: true,
    metadata: '{"walletId":"wallet#770414b6-2b25-4782-97c1-f69d6d558737","deliveryId":"7aa45dcc-eeb2-45f7-8655-21f6da55f69f","walletSk":"7aa45dcc-eeb2-45f7-8655-21f6da55f69f"}',
    currency: 'SAR',
    amount: 100,
    vat: 0,
    oldBalance: 4130,
    newBalance: 4030
  }
}

2024-02-24T21:01:18.873Z 2024-02-24T21:01:18.873Z	2d70dc2d-9d92-59f5-ad7a-8279c6ca212f	INFO	SubscriptionBalanceUpdated event published

2024-02-24T21:01:18.888Z END RequestId: 2d70dc2d-9d92-59f5-ad7a-8279c6ca212f

2024-02-24T21:01:18.888Z REPORT RequestId: 2d70dc2d-9d92-59f5-ad7a-8279c6ca212f	Duration: 88.09 ms	Billed Duration: 89 ms	Memory Size: 1024 MB	Max Memory Used: 146 MB	

2024-02-24T21:01:03.072Z INIT_START Runtime Version: nodejs:20.v15	Runtime Version ARN: arn:aws:lambda:us-east-1::runtime:379cd8c4d157c2e16f1b841486b613da2188da597609ef24d67497ad9c22a53e

2024-02-24T21:01:04.356Z START RequestId: b54a8ad1-aedb-5dca-b4a9-d485f5e75caa Version: $LATEST

2024-02-24T21:01:04.517Z 2024-02-24T21:01:04.517Z	b54a8ad1-aedb-5dca-b4a9-d485f5e75caa	INFO	Processing message c303e43e-3e22-44e9-97d0-e6fbc2216826

2024-02-24T21:01:04.558Z 2024-02-24T21:01:04.558Z	b54a8ad1-aedb-5dca-b4a9-d485f5e75caa	INFO	Start syncing the balance {
  transaction: {
    id: '01HQEEQPX7WH372WQSFQDRB4QW',
    type: 'DEBIT',
    source: 'MANUAL_DEDUCTION',
    action: 'DELIVERY_DEDUCTION',
    userId: '70a06120-33ab-4ec5-be43-5222fd0bf140',
    paymentBalance: 0,
    updatePaymentBalance: true,
    metadata: '{"walletId":"wallet#70a06120-33ab-4ec5-be43-5222fd0bf140","deliveryId":"412f2949-e9ac-4a3e-9e75-81e9e242bb21","walletSk":"412f2949-e9ac-4a3e-9e75-81e9e242bb21"}',
    currency: 'BHD',
    amount: 8,
    vat: 0,
    oldBalance: 8,
    newBalance: 0
  }
}

2024-02-24T21:01:04.655Z 2024-02-24T21:01:04.655Z	b54a8ad1-aedb-5dca-b4a9-d485f5e75caa	INFO	SubscriptionBalanceUpdated event published

2024-02-24T21:01:04.705Z END RequestId: b54a8ad1-aedb-5dca-b4a9-d485f5e75caa

2024-02-24T21:01:04.705Z REPORT RequestId: b54a8ad1-aedb-5dca-b4a9-d485f5e75caa	Duration: 349.25 ms	Billed Duration: 350 ms	Memory Size: 1024 MB	Max Memory Used: 122 MB	Init Duration: 1283.18 ms	

2024-02-24T21:01:05.600Z START RequestId: 82254b02-020e-57c4-876a-1556595f6f1e Version: $LATEST

2024-02-24T21:01:05.627Z 2024-02-24T21:01:05.627Z	82254b02-020e-57c4-876a-1556595f6f1e	INFO	Processing message 346d983a-4363-4653-a393-f08a6e82f8da

2024-02-24T21:01:05.636Z 2024-02-24T21:01:05.636Z	82254b02-020e-57c4-876a-1556595f6f1e	INFO	Start syncing the balance {
  transaction: {
    id: '01HQEEQPEGND738JHTE90ZSGTJ',
    type: 'DEBIT',
    source: 'MANUAL_DEDUCTION',
    action: 'DELIVERY_DEDUCTION',
    userId: '92856f1f-33e4-4393-b51f-a9595a27afdd',
    paymentBalance: 270,
    updatePaymentBalance: true,
    metadata: '{"walletId":"wallet#92856f1f-33e4-4393-b51f-a9595a27afdd","deliveryId":"a548b61d-318c-4e3e-bab8-4d9d3c2b6eb5","walletSk":"a548b61d-318c-4e3e-bab8-4d9d3c2b6eb5"}',
    currency: 'SAR',
    amount: 90,
    vat: 0,
    oldBalance: 360,
    newBalance: 270
  }
}

2024-02-24T21:01:05.710Z 2024-02-24T21:01:05.710Z	82254b02-020e-57c4-876a-1556595f6f1e	INFO	SubscriptionBalanceUpdated event published

2024-02-24T21:01:05.724Z 2024-02-24T21:01:05.724Z	82254b02-020e-57c4-876a-1556595f6f1e	INFO	Processing message d3e983bb-0891-49f8-b6d6-8debe729bc88

2024-02-24T21:01:05.732Z 2024-02-24T21:01:05.732Z	82254b02-020e-57c4-876a-1556595f6f1e	INFO	Start syncing the balance {
  transaction: {
    id: '01HQEEQPGMSJQ5D9QYQB6AR802',
    type: 'DEBIT',
    source: 'MANUAL_DEDUCTION',
    action: 'DELIVERY_DEDUCTION',
    userId: '0499a55d-2f5a-42da-b5f2-e3fadb5b99ad',
    paymentBalance: 16,
    updatePaymentBalance: true,
    metadata: '{"walletId":"wallet#0499a55d-2f5a-42da-b5f2-e3fadb5b99ad","deliveryId":"db8779db-4609-478d-bb6e-4fa1ebd8df9c","walletSk":"db8779db-4609-478d-bb6e-4fa1ebd8df9c"}',
    currency: 'BHD',
    amount: 8,
    vat: 0,
    oldBalance: 24,
    newBalance: 16
  }
}

2024-02-24T21:01:05.784Z 2024-02-24T21:01:05.784Z	82254b02-020e-57c4-876a-1556595f6f1e	INFO	SubscriptionBalanceUpdated event published

2024-02-24T21:01:05.798Z 2024-02-24T21:01:05.798Z	82254b02-020e-57c4-876a-1556595f6f1e	INFO	Processing message 2cb7a0b9-eeb7-4833-a5a3-8dbbf96b4a38

2024-02-24T21:01:05.805Z 2024-02-24T21:01:05.805Z	82254b02-020e-57c4-876a-1556595f6f1e	INFO	Start syncing the balance {
  transaction: {
    id: '01HQEEQPQMY6XKY1VKET9ET6JW',
    type: 'DEBIT',
    source: 'MANUAL_DEDUCTION',
    action: 'DELIVERY_DEDUCTION',
    userId: '179ac592-11d7-4090-bc52-4657de3844dc',
    paymentBalance: 35.999,
    updatePaymentBalance: true,
    metadata: '{"walletId":"wallet#179ac592-11d7-4090-bc52-4657de3844dc","deliveryId":"12bfd889-3c30-411c-b86c-3f6abcec5789","walletSk":"12bfd889-3c30-411c-b86c-3f6abcec5789"}',
    currency: 'BHD',
    amount: 4,
    vat: 0,
    oldBalance: 39.999,
    newBalance: 35.999
  }
}

2024-02-24T21:01:05.856Z 2024-02-24T21:01:05.856Z	82254b02-020e-57c4-876a-1556595f6f1e	INFO	SubscriptionBalanceUpdated event published

2024-02-24T21:01:05.871Z 2024-02-24T21:01:05.871Z	82254b02-020e-57c4-876a-1556595f6f1e	INFO	Processing message 9228e9e8-d843-4ed7-b89d-ac8cd877ddc9

2024-02-24T21:01:05.876Z 2024-02-24T21:01:05.876Z	82254b02-020e-57c4-876a-1556595f6f1e	INFO	Start syncing the balance {
  transaction: {
    id: '01HQEEQQX25ZAESQB1YFJQWFED',
    type: 'DEBIT',
    source: 'MANUAL_DEDUCTION',
    action: 'DELIVERY_DEDUCTION',
    userId: 'b58d3b54-8d52-4162-b7eb-44beb0254e50',
    paymentBalance: 16,
    updatePaymentBalance: true,
    metadata: '{"walletId":"wallet#b58d3b54-8d52-4162-b7eb-44beb0254e50","deliveryId":"2cfbdda4-756f-4c2e-9f6a-d422c7e0199a","walletSk":"2cfbdda4-756f-4c2e-9f6a-d422c7e0199a"}',
    currency: 'BHD',
    amount: 8,
    vat: 0,
    oldBalance: 24,
    newBalance: 16
  }
}

2024-02-24T21:01:05.919Z 2024-02-24T21:01:05.919Z	82254b02-020e-57c4-876a-1556595f6f1e	INFO	SubscriptionBalanceUpdated event published

2024-02-24T21:01:05.931Z 2024-02-24T21:01:05.931Z	82254b02-020e-57c4-876a-1556595f6f1e	INFO	Processing message 62ce048d-0a9c-4ad0-9e60-205b7f10d34c

2024-02-24T21:01:05.936Z 2024-02-24T21:01:05.936Z	82254b02-020e-57c4-876a-1556595f6f1e	INFO	Start syncing the balance {
  transaction: {
    id: '01HQEEQRCKX3FD459E7NSR46BP',
    type: 'DEBIT',
    source: 'MANUAL_DEDUCTION',
    action: 'DELIVERY_DEDUCTION',
    userId: '31e9a4bb-5f7f-4eed-81c3-dffcbeeb0eea',
    paymentBalance: 52,
    updatePaymentBalance: true,
    metadata: '{"walletId":"wallet#31e9a4bb-5f7f-4eed-81c3-dffcbeeb0eea","deliveryId":"81bd5620-5d64-4e5e-aa56-8207eae9abe3","walletSk":"81bd5620-5d64-4e5e-aa56-8207eae9abe3"}',
    currency: 'BHD',
    amount: 4,
    vat: 0,
    oldBalance: 56,
    newBalance: 52
  }
}

2024-02-24T21:01:05.987Z 2024-02-24T21:01:05.987Z	82254b02-020e-57c4-876a-1556595f6f1e	INFO	SubscriptionBalanceUpdated event published

2024-02-24T21:01:05.998Z 2024-02-24T21:01:05.998Z	82254b02-020e-57c4-876a-1556595f6f1e	INFO	Processing message 190948ea-9431-4c57-9715-f16419de8dc8

2024-02-24T21:01:06.004Z 2024-02-24T21:01:06.004Z	82254b02-020e-57c4-876a-1556595f6f1e	INFO	Start syncing the balance {
  transaction: {
    id: '01HQEEQR5JEWB60CVAWQJ9ZXHG',
    type: 'DEBIT',
    source: 'MANUAL_DEDUCTION',
    action: 'DELIVERY_DEDUCTION',
    userId: '5bc3c6b5-3049-4d37-9f04-c36bcb6de4a2',
    paymentBalance: 77763.136,
    updatePaymentBalance: true,
    metadata: '{"walletId":"wallet#5bc3c6b5-3049-4d37-9f04-c36bcb6de4a2","deliveryId":"e9275742-da7c-4b96-97f1-68c8894acc95","walletSk":"e9275742-da7c-4b96-97f1-68c8894acc95"}',
    currency: 'BHD',
    amount: 53,
    vat: 0,
    oldBalance: 77869.13636363637,
    newBalance: 77816.136
  }
}

2024-02-24T21:01:06.048Z 2024-02-24T21:01:06.048Z	82254b02-020e-57c4-876a-1556595f6f1e	INFO	SubscriptionBalanceUpdated event published

2024-02-24T21:01:06.062Z 2024-02-24T21:01:06.062Z	82254b02-020e-57c4-876a-1556595f6f1e	ERROR	Subscription balance and payment balance are not in sync {
  userId: '5bc3c6b5-3049-4d37-9f04-c36bcb6de4a2',
  subscriptionBalance: 77816.136,
  paymentBalance: 77763.136
}

2024-02-24T21:01:06.114Z 2024-02-24T21:01:06.114Z	82254b02-020e-57c4-876a-1556595f6f1e	INFO	Processing message 17b060e6-7237-4a09-9c1a-3c7a212652c7

2024-02-24T21:01:06.119Z 2024-02-24T21:01:06.119Z	82254b02-020e-57c4-876a-1556595f6f1e	INFO	Start syncing the balance {
  transaction: {
    id: '01HQEEQQF0BA64VN6P5H25P436',
    type: 'DEBIT',
    source: 'MANUAL_DEDUCTION',
    action: 'DELIVERY_DEDUCTION',
    userId: 'd26a421e-61cd-4c41-8cf3-b1913931be3f',
    paymentBalance: 16,
    updatePaymentBalance: true,
    metadata: '{"walletId":"wallet#d26a421e-61cd-4c41-8cf3-b1913931be3f","deliveryId":"c2f97339-a271-470a-95a6-c1bee9bad3ea","walletSk":"c2f97339-a271-470a-95a6-c1bee9bad3ea"}',
    currency: 'BHD',
    amount: 8,
    vat: 0,
    oldBalance: 24,
    newBalance: 16
  }
}

2024-02-24T21:01:06.165Z 2024-02-24T21:01:06.165Z	82254b02-020e-57c4-876a-1556595f6f1e	INFO	SubscriptionBalanceUpdated event published

2024-02-24T21:01:06.180Z 2024-02-24T21:01:06.180Z	82254b02-020e-57c4-876a-1556595f6f1e	INFO	Processing message 3725f54d-aa4c-46ec-8892-80e49fa09dfb

2024-02-24T21:01:06.185Z 2024-02-24T21:01:06.185Z	82254b02-020e-57c4-876a-1556595f6f1e	INFO	Start syncing the balance {
  transaction: {
    id: '01HQEEQQT39W8R42PPK933DY42',
    type: 'DEBIT',
    source: 'MANUAL_DEDUCTION',
    action: 'DELIVERY_DEDUCTION',
    userId: 'a2fca693-0874-4083-b84e-1d123f19eb07',
    paymentBalance: 105.5,
    updatePaymentBalance: true,
    metadata: '{"walletId":"wallet#a2fca693-0874-4083-b84e-1d123f19eb07","deliveryId":"6a53c22b-2d64-4caf-a0de-73e813d1843f","walletSk":"6a53c22b-2d64-4caf-a0de-73e813d1843f"}',
    currency: 'BHD',
    amount: 9,
    vat: 0,
    oldBalance: 114.5,
    newBalance: 105.5
  }
}

2024-02-24T21:01:06.227Z 2024-02-24T21:01:06.227Z	82254b02-020e-57c4-876a-1556595f6f1e	INFO	SubscriptionBalanceUpdated event published

2024-02-24T21:01:06.241Z 2024-02-24T21:01:06.241Z	82254b02-020e-57c4-876a-1556595f6f1e	INFO	Processing message 5ee70d2e-381e-46a4-a742-33b7ccb9eede

2024-02-24T21:01:06.246Z 2024-02-24T21:01:06.246Z	82254b02-020e-57c4-876a-1556595f6f1e	INFO	Start syncing the balance {
  transaction: {
    id: '01HQEEQR7M9E0SYYSPEX26C058',
    type: 'DEBIT',
    source: 'MANUAL_DEDUCTION',
    action: 'DELIVERY_DEDUCTION',
    userId: 'e43c3e20-d78b-4fdc-b46a-9d72e46f393a',
    paymentBalance: 1860.2,
    updatePaymentBalance: true,
    metadata: '{"walletId":"wallet#e43c3e20-d78b-4fdc-b46a-9d72e46f393a","deliveryId":"338e330b-95f3-4f38-8234-a5ab6c77e9b9","walletSk":"338e330b-95f3-4f38-8234-a5ab6c77e9b9"}',
    currency: 'BHD',
    amount: 4,
    vat: 0,
    oldBalance: 1864.2,
    newBalance: 1860.2
  }
}

2024-02-24T21:01:06.340Z 2024-02-24T21:01:06.340Z	82254b02-020e-57c4-876a-1556595f6f1e	INFO	SubscriptionBalanceUpdated event published

2024-02-24T21:01:06.356Z 2024-02-24T21:01:06.356Z	82254b02-020e-57c4-876a-1556595f6f1e	INFO	Processing message 90329125-f7d0-457e-a848-5c258c3f62f6

2024-02-24T21:01:06.361Z 2024-02-24T21:01:06.361Z	82254b02-020e-57c4-876a-1556595f6f1e	INFO	Start syncing the balance {
  transaction: {
    id: '01HQEEQRDPSY0VCHZX2PH91JE5',
    type: 'DEBIT',
    source: 'MANUAL_DEDUCTION',
    action: 'DELIVERY_DEDUCTION',
    userId: '0337b933-9ab8-4c7d-8c1b-80059f3164a4',
    paymentBalance: 8910,
    updatePaymentBalance: true,
    metadata: '{"walletId":"wallet#0337b933-9ab8-4c7d-8c1b-80059f3164a4","deliveryId":"560d629c-2a81-4885-8a11-cdfa43558c29","walletSk":"560d629c-2a81-4885-8a11-cdfa43558c29"}',
    currency: 'SAR',
    amount: 90,
    vat: 0,
    oldBalance: 360,
    newBalance: 270
  }
}

2024-02-24T21:01:06.407Z 2024-02-24T21:01:06.407Z	82254b02-020e-57c4-876a-1556595f6f1e	INFO	SubscriptionBalanceUpdated event published

2024-02-24T21:01:06.422Z 2024-02-24T21:01:06.422Z	82254b02-020e-57c4-876a-1556595f6f1e	ERROR	Subscription balance and payment balance are not in sync {
  userId: '0337b933-9ab8-4c7d-8c1b-80059f3164a4',
  subscriptionBalance: 270,
  paymentBalance: 8910
}

2024-02-24T21:01:06.468Z END RequestId: 82254b02-020e-57c4-876a-1556595f6f1e

2024-02-24T21:01:06.468Z REPORT RequestId: 82254b02-020e-57c4-876a-1556595f6f1e	Duration: 868.72 ms	Billed Duration: 869 ms	Memory Size: 1024 MB	Max Memory Used: 125 MB	

2024-02-24T21:01:06.517Z START RequestId: 792a77d2-27e1-5774-83e1-29867cb3dfae Version: $LATEST

2024-02-24T21:01:06.598Z 2024-02-24T21:01:06.598Z	792a77d2-27e1-5774-83e1-29867cb3dfae	INFO	Processing message 15b3a8c9-2b9a-4f91-96aa-014a789480f5

2024-02-24T21:01:06.635Z 2024-02-24T21:01:06.635Z	792a77d2-27e1-5774-83e1-29867cb3dfae	INFO	Start syncing the balance {
  transaction: {
    id: '01HQEEQRXQPVQ63DPV6C512PFN',
    type: 'DEBIT',
    source: 'MANUAL_DEDUCTION',
    action: 'DELIVERY_DEDUCTION',
    userId: '67305f3f-628b-4997-83f9-1247a896127a',
    paymentBalance: 2709,
    updatePaymentBalance: true,
    metadata: '{"walletId":"wallet#67305f3f-628b-4997-83f9-1247a896127a","deliveryId":"15f6a520-0638-45cb-9dfb-2c757d89b228","walletSk":"15f6a520-0638-45cb-9dfb-2c757d89b228"}',
    currency: 'BHD',
    amount: 9,
    vat: 0,
    oldBalance: 2727,
    newBalance: 2718
  }
}

2024-02-24T21:01:06.678Z 2024-02-24T21:01:06.678Z	792a77d2-27e1-5774-83e1-29867cb3dfae	INFO	SubscriptionBalanceUpdated event published

2024-02-24T21:01:06.692Z 2024-02-24T21:01:06.692Z	792a77d2-27e1-5774-83e1-29867cb3dfae	ERROR	Subscription balance and payment balance are not in sync {
  userId: '67305f3f-628b-4997-83f9-1247a896127a',
  subscriptionBalance: 2718,
  paymentBalance: 2709
}

2024-02-24T21:01:06.711Z 2024-02-24T21:01:06.711Z	792a77d2-27e1-5774-83e1-29867cb3dfae	INFO	Processing message d071f1c6-e1fa-4247-86ee-b276ae47b22b

2024-02-24T21:01:06.716Z 2024-02-24T21:01:06.716Z	792a77d2-27e1-5774-83e1-29867cb3dfae	INFO	Start syncing the balance {
  transaction: {
    id: '01HQEEQS34K3ECJMMHBZ641017',
    type: 'DEBIT',
    source: 'MANUAL_DEDUCTION',
    action: 'DELIVERY_DEDUCTION',
    userId: 'c06b6e73-2183-49c1-ba4b-78c66dab5f0d',
    paymentBalance: 174.6,
    updatePaymentBalance: true,
    metadata: '{"walletId":"wallet#c06b6e73-2183-49c1-ba4b-78c66dab5f0d","deliveryId":"dc3ac71e-dcf3-4c1d-aaa3-8e18b6bf21cb","walletSk":"dc3ac71e-dcf3-4c1d-aaa3-8e18b6bf21cb"}',
    currency: 'BHD',
    amount: 4,
    vat: 0,
    oldBalance: 178.6,
    newBalance: 174.6
  }
}

2024-02-24T21:01:06.801Z 2024-02-24T21:01:06.801Z	792a77d2-27e1-5774-83e1-29867cb3dfae	INFO	SubscriptionBalanceUpdated event published

2024-02-24T21:01:06.812Z 2024-02-24T21:01:06.812Z	792a77d2-27e1-5774-83e1-29867cb3dfae	INFO	Processing message e948d2a6-d66a-4e13-804a-c1773e56b64e

2024-02-24T21:01:06.817Z 2024-02-24T21:01:06.817Z	792a77d2-27e1-5774-83e1-29867cb3dfae	INFO	Start syncing the balance {
  transaction: {
    id: '01HQEEQSAQRHB6YCY1RDQX862Z',
    type: 'DEBIT',
    source: 'MANUAL_DEDUCTION',
    action: 'DELIVERY_DEDUCTION',
    userId: '7a46f077-87df-49e3-b606-f37d0f061728',
    paymentBalance: 889,
    updatePaymentBalance: true,
    metadata: '{"walletId":"wallet#7a46f077-87df-49e3-b606-f37d0f061728","deliveryId":"a983d926-33bd-41d4-b47c-d63055eeba1f","walletSk":"a983d926-33bd-41d4-b47c-d63055eeba1f"}',
    currency: 'BHD',
    amount: 10,
    vat: 0,
    oldBalance: 899,
    newBalance: 889
  }
}

2024-02-24T21:01:06.865Z 2024-02-24T21:01:06.865Z	792a77d2-27e1-5774-83e1-29867cb3dfae	INFO	SubscriptionBalanceUpdated event published

2024-02-24T21:01:06.881Z 2024-02-24T21:01:06.881Z	792a77d2-27e1-5774-83e1-29867cb3dfae	INFO	Processing message 57c29346-fd04-4935-b960-49fdec6b4635

2024-02-24T21:01:06.886Z 2024-02-24T21:01:06.886Z	792a77d2-27e1-5774-83e1-29867cb3dfae	INFO	Start syncing the balance {
  transaction: {
    id: '01HQEEQSD4KGZYW64809E5CAZS',
    type: 'DEBIT',
    source: 'MANUAL_DEDUCTION',
    action: 'DELIVERY_DEDUCTION',
    userId: '302335d2-712e-4d41-bee8-3046c3eafe61',
    paymentBalance: 36,
    updatePaymentBalance: true,
    metadata: '{"walletId":"wallet#302335d2-712e-4d41-bee8-3046c3eafe61","deliveryId":"da1aa6cf-7121-42c4-8360-2a944ec2b038","walletSk":"da1aa6cf-7121-42c4-8360-2a944ec2b038"}',
    currency: 'BHD',
    amount: 9,
    vat: 0,
    oldBalance: 45,
    newBalance: 36
  }
}

2024-02-24T21:01:06.935Z 2024-02-24T21:01:06.935Z	792a77d2-27e1-5774-83e1-29867cb3dfae	INFO	SubscriptionBalanceUpdated event published

2024-02-24T21:01:06.946Z 2024-02-24T21:01:06.946Z	792a77d2-27e1-5774-83e1-29867cb3dfae	INFO	Processing message b3ad714c-696b-4af6-b5a9-925a4792df56

2024-02-24T21:01:06.951Z 2024-02-24T21:01:06.951Z	792a77d2-27e1-5774-83e1-29867cb3dfae	INFO	Start syncing the balance {
  transaction: {
    id: '01HQEEQSFTJEPW7KXJSDDDFAC6',
    type: 'DEBIT',
    source: 'MANUAL_DEDUCTION',
    action: 'DELIVERY_DEDUCTION',
    userId: 'e1bb7101-c69e-4083-9e0d-541bfecff0cd',
    paymentBalance: 122.75,
    updatePaymentBalance: true,
    metadata: '{"walletId":"wallet#e1bb7101-c69e-4083-9e0d-541bfecff0cd","deliveryId":"0ae3a50e-b062-440a-9176-a5db139b861d","walletSk":"0ae3a50e-b062-440a-9176-a5db139b861d"}',
    currency: 'BHD',
    amount: 8,
    vat: 0,
    oldBalance: 130.75,
    newBalance: 122.75
  }
}

2024-02-24T21:01:07.001Z 2024-02-24T21:01:07.001Z	792a77d2-27e1-5774-83e1-29867cb3dfae	INFO	SubscriptionBalanceUpdated event published

2024-02-24T21:01:07.015Z 2024-02-24T21:01:07.015Z	792a77d2-27e1-5774-83e1-29867cb3dfae	INFO	Processing message f282e2d3-c209-47ec-a225-6036094d554f

2024-02-24T21:01:07.021Z 2024-02-24T21:01:07.021Z	792a77d2-27e1-5774-83e1-29867cb3dfae	INFO	Start syncing the balance {
  transaction: {
    id: '01HQEEQSDY7M897TEKZW1FQHCZ',
    type: 'DEBIT',
    source: 'MANUAL_DEDUCTION',
    action: 'DELIVERY_DEDUCTION',
    userId: 'af977e84-5e95-4b91-b479-453c31e2d579',
    paymentBalance: 64,
    updatePaymentBalance: true,
    metadata: '{"walletId":"wallet#af977e84-5e95-4b91-b479-453c31e2d579","deliveryId":"eb210d2f-6eb7-4a14-bf88-a68e3b873880","walletSk":"eb210d2f-6eb7-4a14-bf88-a68e3b873880"}',
    currency: 'BHD',
    amount: 8,
    vat: 0,
    oldBalance: 72,
    newBalance: 64
  }
}

2024-02-24T21:01:07.069Z 2024-02-24T21:01:07.069Z	792a77d2-27e1-5774-83e1-29867cb3dfae	INFO	SubscriptionBalanceUpdated event published

2024-02-24T21:01:07.080Z 2024-02-24T21:01:07.080Z	792a77d2-27e1-5774-83e1-29867cb3dfae	INFO	Processing message 1f0e5d0e-60c1-4314-bd66-2af847a68d90

2024-02-24T21:01:07.085Z 2024-02-24T21:01:07.085Z	792a77d2-27e1-5774-83e1-29867cb3dfae	INFO	Start syncing the balance {
  transaction: {
    id: '01HQEEQSH5PZPPTYK4YFES9W5H',
    type: 'DEBIT',
    source: 'MANUAL_DEDUCTION',
    action: 'DELIVERY_DEDUCTION',
    userId: '92bad53a-ed04-4827-87ac-eba49d16e61e',
    paymentBalance: 270,
    updatePaymentBalance: true,
    metadata: '{"walletId":"wallet#92bad53a-ed04-4827-87ac-eba49d16e61e","deliveryId":"c37e43e3-1341-48ee-bf33-1b9c381f42fa","walletSk":"c37e43e3-1341-48ee-bf33-1b9c381f42fa"}',
    currency: 'SAR',
    amount: 90,
    vat: 0,
    oldBalance: 360,
    newBalance: 270
  }
}

2024-02-24T21:01:07.135Z 2024-02-24T21:01:07.135Z	792a77d2-27e1-5774-83e1-29867cb3dfae	INFO	SubscriptionBalanceUpdated event published

2024-02-24T21:01:07.148Z 2024-02-24T21:01:07.148Z	792a77d2-27e1-5774-83e1-29867cb3dfae	INFO	Processing message b8e38670-33d2-4e9a-97f0-f29542cdd603

2024-02-24T21:01:07.154Z 2024-02-24T21:01:07.154Z	792a77d2-27e1-5774-83e1-29867cb3dfae	INFO	Start syncing the balance {
  transaction: {
    id: '01HQEEQSJJB7MAP03Y3CCTGZC8',
    type: 'DEBIT',
    source: 'MANUAL_DEDUCTION',
    action: 'DELIVERY_DEDUCTION',
    userId: 'de547403-dacf-429b-bc0e-4c96c0efc7ea',
    paymentBalance: 4840,
    updatePaymentBalance: true,
    metadata: '{"walletId":"wallet#de547403-dacf-429b-bc0e-4c96c0efc7ea","deliveryId":"d27fdcf2-b0cf-4a44-b141-483458cbd1b9","walletSk":"d27fdcf2-b0cf-4a44-b141-483458cbd1b9"}',
    currency: 'BHD',
    amount: 8,
    vat: 0,
    oldBalance: 4848,
    newBalance: 4840
  }
}

2024-02-24T21:01:07.205Z 2024-02-24T21:01:07.205Z	792a77d2-27e1-5774-83e1-29867cb3dfae	INFO	SubscriptionBalanceUpdated event published

2024-02-24T21:01:07.218Z 2024-02-24T21:01:07.218Z	792a77d2-27e1-5774-83e1-29867cb3dfae	INFO	Processing message fcb67eea-686d-4358-94ca-6fb8ad32b2cf

2024-02-24T21:01:07.223Z 2024-02-24T21:01:07.223Z	792a77d2-27e1-5774-83e1-29867cb3dfae	INFO	Start syncing the balance {
  transaction: {
    id: '01HQEEQSKTP2RSNY1WAVJKWKSB',
    type: 'DEBIT',
    source: 'MANUAL_DEDUCTION',
    action: 'DELIVERY_DEDUCTION',
    userId: 'fe44d661-fd2f-454d-b085-b95b17778d0a',
    paymentBalance: 112,
    updatePaymentBalance: true,
    metadata: '{"walletId":"wallet#fe44d661-fd2f-454d-b085-b95b17778d0a","deliveryId":"27540d57-c9db-475c-99a5-f6171265e7a2","walletSk":"27540d57-c9db-475c-99a5-f6171265e7a2"}',
    currency: 'BHD',
    amount: 8,
    vat: 0,
    oldBalance: 120,
    newBalance: 112
  }
}

2024-02-24T21:01:07.267Z 2024-02-24T21:01:07.267Z	792a77d2-27e1-5774-83e1-29867cb3dfae	INFO	SubscriptionBalanceUpdated event published

2024-02-24T21:01:07.282Z 2024-02-24T21:01:07.282Z	792a77d2-27e1-5774-83e1-29867cb3dfae	INFO	Processing message 45a44064-6bff-4998-b489-080569e37003

2024-02-24T21:01:07.288Z 2024-02-24T21:01:07.288Z	792a77d2-27e1-5774-83e1-29867cb3dfae	INFO	Start syncing the balance {
  transaction: {
    id: '01HQEEQSNT8E19YYPMRR4459K6',
    type: 'DEBIT',
    source: 'MANUAL_DEDUCTION',
    action: 'DELIVERY_DEDUCTION',
    userId: '078a520a-b504-4794-8e9b-910d86e4e96d',
    paymentBalance: 1889.92,
    updatePaymentBalance: true,
    metadata: '{"walletId":"wallet#078a520a-b504-4794-8e9b-910d86e4e96d","deliveryId":"ede9fadf-5c17-4ac7-a264-1a22900a386b","walletSk":"ede9fadf-5c17-4ac7-a264-1a22900a386b"}',
    currency: 'SAR',
    amount: 55.36,
    vat: 0,
    oldBalance: 950.73,
    newBalance: 895.37
  }
}

2024-02-24T21:01:07.335Z 2024-02-24T21:01:07.335Z	792a77d2-27e1-5774-83e1-29867cb3dfae	INFO	SubscriptionBalanceUpdated event published

2024-02-24T21:01:07.349Z 2024-02-24T21:01:07.349Z	792a77d2-27e1-5774-83e1-29867cb3dfae	ERROR	Subscription balance and payment balance are not in sync {
  userId: '078a520a-b504-4794-8e9b-910d86e4e96d',
  subscriptionBalance: 895.37,
  paymentBalance: 1889.92
}

2024-02-24T21:01:07.367Z END RequestId: 792a77d2-27e1-5774-83e1-29867cb3dfae

2024-02-24T21:01:07.367Z REPORT RequestId: 792a77d2-27e1-5774-83e1-29867cb3dfae	Duration: 850.70 ms	Billed Duration: 851 ms	Memory Size: 1024 MB	Max Memory Used: 127 MB	

2024-02-24T21:01:07.896Z START RequestId: 75d25f91-ae6f-541e-8e1d-01c5f53c657e Version: $LATEST

2024-02-24T21:01:07.924Z 2024-02-24T21:01:07.924Z	75d25f91-ae6f-541e-8e1d-01c5f53c657e	INFO	Processing message 84287295-a41c-4f52-a9d2-6873a543f71a

2024-02-24T21:01:07.931Z 2024-02-24T21:01:07.931Z	75d25f91-ae6f-541e-8e1d-01c5f53c657e	INFO	Start syncing the balance {
  transaction: {
    id: '01HQEEQTNJHA81E355BDHY08ER',
    type: 'DEBIT',
    source: 'MANUAL_DEDUCTION',
    action: 'DELIVERY_DEDUCTION',
    userId: '774aec7f-2f19-4233-b4a2-cef8e73197ea',
    paymentBalance: 17.5,
    updatePaymentBalance: true,
    metadata: '{"walletId":"wallet#774aec7f-2f19-4233-b4a2-cef8e73197ea","deliveryId":"06d6e0dd-2efc-497a-b827-8e7e228b8ee9","walletSk":"06d6e0dd-2efc-497a-b827-8e7e228b8ee9"}',
    currency: 'BHD',
    amount: 8,
    vat: 0,
    oldBalance: 25.5,
    newBalance: 17.5
  }
}

2024-02-24T21:01:07.976Z 2024-02-24T21:01:07.976Z	75d25f91-ae6f-541e-8e1d-01c5f53c657e	INFO	SubscriptionBalanceUpdated event published

2024-02-24T21:01:07.992Z 2024-02-24T21:01:07.992Z	75d25f91-ae6f-541e-8e1d-01c5f53c657e	INFO	Processing message 653cac75-7316-4bca-8e6a-d019bc1f07ee

2024-02-24T21:01:07.999Z 2024-02-24T21:01:07.999Z	75d25f91-ae6f-541e-8e1d-01c5f53c657e	INFO	Start syncing the balance {
  transaction: {
    id: '01HQEEQTR8Q95YJJ7CFYNJMWMC',
    type: 'DEBIT',
    source: 'MANUAL_DEDUCTION',
    action: 'DELIVERY_DEDUCTION',
    userId: 'd8e22713-a177-4738-bdb6-e48b189eb487',
    paymentBalance: 142.5,
    updatePaymentBalance: true,
    metadata: '{"walletId":"wallet#d8e22713-a177-4738-bdb6-e48b189eb487","deliveryId":"39599272-6fee-4420-9d0d-85338b286c88","walletSk":"39599272-6fee-4420-9d0d-85338b286c88"}',
    currency: 'KWD',
    amount: 7.5,
    vat: 0,
    oldBalance: 150,
    newBalance: 142.5
  }
}

2024-02-24T21:01:08.050Z 2024-02-24T21:01:08.050Z	75d25f91-ae6f-541e-8e1d-01c5f53c657e	INFO	SubscriptionBalanceUpdated event published

2024-02-24T21:01:08.064Z 2024-02-24T21:01:08.064Z	75d25f91-ae6f-541e-8e1d-01c5f53c657e	INFO	Processing message 6ece676e-22ff-4fb2-a610-1010b31da0a8

2024-02-24T21:01:08.071Z 2024-02-24T21:01:08.071Z	75d25f91-ae6f-541e-8e1d-01c5f53c657e	INFO	Start syncing the balance {
  transaction: {
    id: '01HQEEQTVBFMEK9FS351TAH5Z1',
    type: 'DEBIT',
    source: 'MANUAL_DEDUCTION',
    action: 'DELIVERY_DEDUCTION',
    userId: '7d9a6dbd-fcd1-44f1-b8fe-b79afc382f5a',
    paymentBalance: 1894,
    updatePaymentBalance: true,
    metadata: '{"walletId":"wallet#7d9a6dbd-fcd1-44f1-b8fe-b79afc382f5a","deliveryId":"50cd2e54-f482-4bcd-9469-cd8df3fa4612","walletSk":"50cd2e54-f482-4bcd-9469-cd8df3fa4612"}',
    currency: 'AED',
    amount: 82,
    vat: 0,
    oldBalance: 1976,
    newBalance: 1894
  }
}

2024-02-24T21:01:08.117Z 2024-02-24T21:01:08.117Z	75d25f91-ae6f-541e-8e1d-01c5f53c657e	INFO	SubscriptionBalanceUpdated event published

2024-02-24T21:01:08.130Z 2024-02-24T21:01:08.130Z	75d25f91-ae6f-541e-8e1d-01c5f53c657e	INFO	Processing message ea581c6e-f9dc-403b-9a8e-5498aed768f8

2024-02-24T21:01:08.136Z 2024-02-24T21:01:08.136Z	75d25f91-ae6f-541e-8e1d-01c5f53c657e	INFO	Start syncing the balance {
  transaction: {
    id: '01HQEEQV3KXGRP45B6T98KQAN1',
    type: 'DEBIT',
    source: 'MANUAL_DEDUCTION',
    action: 'DELIVERY_DEDUCTION',
    userId: '2ce08ce4-2c63-4e7e-84aa-79b8a520bdbc',
    paymentBalance: 3987,
    updatePaymentBalance: true,
    metadata: '{"walletId":"wallet#2ce08ce4-2c63-4e7e-84aa-79b8a520bdbc","deliveryId":"eda33d42-6851-457c-8202-42850aff20ba","walletSk":"eda33d42-6851-457c-8202-42850aff20ba"}',
    currency: 'SAR',
    amount: 90,
    vat: 0,
    oldBalance: 4077,
    newBalance: 3987
  }
}

2024-02-24T21:01:08.182Z 2024-02-24T21:01:08.182Z	75d25f91-ae6f-541e-8e1d-01c5f53c657e	INFO	SubscriptionBalanceUpdated event published

2024-02-24T21:01:08.197Z 2024-02-24T21:01:08.197Z	75d25f91-ae6f-541e-8e1d-01c5f53c657e	INFO	Processing message 64789d36-1ed2-4e82-9d48-40147153e590

2024-02-24T21:01:08.204Z 2024-02-24T21:01:08.204Z	75d25f91-ae6f-541e-8e1d-01c5f53c657e	INFO	Start syncing the balance {
  transaction: {
    id: '01HQEEQTZ41EFXNWRCHHN9W8PY',
    type: 'DEBIT',
    source: 'MANUAL_DEDUCTION',
    action: 'DELIVERY_DEDUCTION',
    userId: '4469f5ba-f46c-4084-a782-a9233359a881',
    paymentBalance: 0,
    updatePaymentBalance: true,
    metadata: '{"walletId":"wallet#4469f5ba-f46c-4084-a782-a9233359a881","deliveryId":"e3874b68-6131-4ed7-b4fa-144aca5de31b","walletSk":"e3874b68-6131-4ed7-b4fa-144aca5de31b"}',
    currency: 'BHD',
    amount: 10,
    vat: 0,
    oldBalance: 10,
    newBalance: 0
  }
}

2024-02-24T21:01:08.249Z 2024-02-24T21:01:08.249Z	75d25f91-ae6f-541e-8e1d-01c5f53c657e	INFO	SubscriptionBalanceUpdated event published

2024-02-24T21:01:08.265Z 2024-02-24T21:01:08.265Z	75d25f91-ae6f-541e-8e1d-01c5f53c657e	INFO	Processing message 93a22490-aa91-48c5-bca0-1e0f3c333293

2024-02-24T21:01:08.271Z 2024-02-24T21:01:08.271Z	75d25f91-ae6f-541e-8e1d-01c5f53c657e	INFO	Start syncing the balance {
  transaction: {
    id: '01HQEEQTY68TNEFJNFW04FDEDM',
    type: 'DEBIT',
    source: 'MANUAL_DEDUCTION',
    action: 'DELIVERY_DEDUCTION',
    userId: 'a10d50cd-b39c-404a-8f00-255e56141a80',
    paymentBalance: 32.5,
    updatePaymentBalance: true,
    metadata: '{"walletId":"wallet#a10d50cd-b39c-404a-8f00-255e56141a80","deliveryId":"03b912ef-2d10-4ebb-bf86-ec4e58901b56","walletSk":"03b912ef-2d10-4ebb-bf86-ec4e58901b56"}',
    currency: 'BHD',
    amount: 8,
    vat: 0,
    oldBalance: 40.5,
    newBalance: 32.5
  }
}

2024-02-24T21:01:08.317Z 2024-02-24T21:01:08.317Z	75d25f91-ae6f-541e-8e1d-01c5f53c657e	INFO	SubscriptionBalanceUpdated event published

2024-02-24T21:01:08.332Z 2024-02-24T21:01:08.332Z	75d25f91-ae6f-541e-8e1d-01c5f53c657e	INFO	Processing message a8819c84-ff97-437e-ad28-de9e1f1f7184

2024-02-24T21:01:08.338Z 2024-02-24T21:01:08.338Z	75d25f91-ae6f-541e-8e1d-01c5f53c657e	INFO	Start syncing the balance {
  transaction: {
    id: '01HQEEQTVS9SJV7WMSS2XSNKMJ',
    type: 'DEBIT',
    source: 'MANUAL_DEDUCTION',
    action: 'DELIVERY_DEDUCTION',
    userId: 'f29c6a25-00ec-4e00-bb1d-c6602c424918',
    paymentBalance: 24,
    updatePaymentBalance: true,
    metadata: '{"walletId":"wallet#f29c6a25-00ec-4e00-bb1d-c6602c424918","deliveryId":"0f9e477b-47a3-4abf-a23a-dce2dd1dfd50","walletSk":"0f9e477b-47a3-4abf-a23a-dce2dd1dfd50"}',
    currency: 'BHD',
    amount: 8,
    vat: 0,
    oldBalance: 32,
    newBalance: 24
  }
}

2024-02-24T21:01:08.387Z 2024-02-24T21:01:08.387Z	75d25f91-ae6f-541e-8e1d-01c5f53c657e	INFO	SubscriptionBalanceUpdated event published

2024-02-24T21:01:08.403Z 2024-02-24T21:01:08.403Z	75d25f91-ae6f-541e-8e1d-01c5f53c657e	INFO	Processing message 7e2b57ae-948e-4af5-9b45-db426ec25485

2024-02-24T21:01:08.408Z 2024-02-24T21:01:08.408Z	75d25f91-ae6f-541e-8e1d-01c5f53c657e	INFO	Start syncing the balance {
  transaction: {
    id: '01HQEEQV0P6K342QHKV7R2TYB3',
    type: 'DEBIT',
    source: 'MANUAL_DEDUCTION',
    action: 'DELIVERY_DEDUCTION',
    userId: '26558ed9-8e30-4020-8875-54a87e2265fa',
    paymentBalance: 171,
    updatePaymentBalance: true,
    metadata: '{"walletId":"wallet#26558ed9-8e30-4020-8875-54a87e2265fa","deliveryId":"b4d44705-b6b2-4e1f-8050-eaa75bd31b59","walletSk":"b4d44705-b6b2-4e1f-8050-eaa75bd31b59"}',
    currency: 'BHD',
    amount: 9,
    vat: 0,
    oldBalance: 180,
    newBalance: 171
  }
}

2024-02-24T21:01:08.456Z 2024-02-24T21:01:08.456Z	75d25f91-ae6f-541e-8e1d-01c5f53c657e	INFO	SubscriptionBalanceUpdated event published

2024-02-24T21:01:08.471Z 2024-02-24T21:01:08.471Z	75d25f91-ae6f-541e-8e1d-01c5f53c657e	INFO	Processing message 73accb4b-356d-4af6-919f-aa64a00e1946

2024-02-24T21:01:08.477Z 2024-02-24T21:01:08.477Z	75d25f91-ae6f-541e-8e1d-01c5f53c657e	INFO	Start syncing the balance {
  transaction: {
    id: '01HQEEQV91PYHXCBGDGMJ3HPZW',
    type: 'DEBIT',
    source: 'MANUAL_DEDUCTION',
    action: 'DELIVERY_DEDUCTION',
    userId: '29ab9cca-db34-4942-8a1e-d4f472e2462f',
    paymentBalance: 728,
    updatePaymentBalance: true,
    metadata: '{"walletId":"wallet#29ab9cca-db34-4942-8a1e-d4f472e2462f","deliveryId":"c3f97db7-24fd-42b4-bdc6-fc3592a8f0d4","walletSk":"c3f97db7-24fd-42b4-bdc6-fc3592a8f0d4"}',
    currency: 'BHD',
    amount: 8,
    vat: 0,
    oldBalance: 16,
    newBalance: 8
  }
}

2024-02-24T21:01:08.522Z 2024-02-24T21:01:08.522Z	75d25f91-ae6f-541e-8e1d-01c5f53c657e	INFO	SubscriptionBalanceUpdated event published

2024-02-24T21:01:08.699Z 2024-02-24T21:01:08.699Z	75d25f91-ae6f-541e-8e1d-01c5f53c657e	ERROR	Subscription balance and payment balance are not in sync {
  userId: '29ab9cca-db34-4942-8a1e-d4f472e2462f',
  subscriptionBalance: 8,
  paymentBalance: 728
}

2024-02-24T21:01:08.720Z 2024-02-24T21:01:08.720Z	75d25f91-ae6f-541e-8e1d-01c5f53c657e	INFO	Processing message 96fdd91e-4909-4268-b35e-f4b620c05202

2024-02-24T21:01:08.726Z 2024-02-24T21:01:08.726Z	75d25f91-ae6f-541e-8e1d-01c5f53c657e	INFO	Start syncing the balance {
  transaction: {
    id: '01HQEEQV4N52HYZAFDPBGT5VTE',
    type: 'DEBIT',
    source: 'MANUAL_DEDUCTION',
    action: 'DELIVERY_DEDUCTION',
    userId: 'f0bf58a4-d068-41e0-96e7-700a5443c998',
    paymentBalance: 8,
    updatePaymentBalance: true,
    metadata: '{"walletId":"wallet#f0bf58a4-d068-41e0-96e7-700a5443c998","deliveryId":"6971010e-692e-4a7c-93a1-c865f248b022","walletSk":"6971010e-692e-4a7c-93a1-c865f248b022"}',
    currency: 'BHD',
    amount: 8,
    vat: 0,
    oldBalance: 16,
    newBalance: 8
  }
}

2024-02-24T21:01:08.773Z 2024-02-24T21:01:08.773Z	75d25f91-ae6f-541e-8e1d-01c5f53c657e	INFO	SubscriptionBalanceUpdated event published

2024-02-24T21:01:08.789Z END RequestId: 75d25f91-ae6f-541e-8e1d-01c5f53c657e

2024-02-24T21:01:08.789Z REPORT RequestId: 75d25f91-ae6f-541e-8e1d-01c5f53c657e	Duration: 893.25 ms	Billed Duration: 894 ms	Memory Size: 1024 MB	Max Memory Used: 134 MB	

2024-02-24T21:01:09.065Z START RequestId: 37eb2d1c-0286-5b9d-b3ad-734859d36347 Version: $LATEST

2024-02-24T21:01:09.096Z 2024-02-24T21:01:09.096Z	37eb2d1c-0286-5b9d-b3ad-734859d36347	INFO	Processing message 17a14cb7-656d-4df7-822f-b56ca1f56561

2024-02-24T21:01:09.103Z 2024-02-24T21:01:09.103Z	37eb2d1c-0286-5b9d-b3ad-734859d36347	INFO	Start syncing the balance {
  transaction: {
    id: '01HQEEQV630ZP8H38JZTM6DZPY',
    type: 'DEBIT',
    source: 'MANUAL_DEDUCTION',
    action: 'DELIVERY_DEDUCTION',
    userId: 'b66d065b-3a4b-4871-9d0c-99701e74c8e9',
    paymentBalance: 29190,
    updatePaymentBalance: true,
    metadata: '{"walletId":"wallet#b66d065b-3a4b-4871-9d0c-99701e74c8e9","deliveryId":"526843ee-92b8-4491-b64d-d37f52b71aa5","walletSk":"526843ee-92b8-4491-b64d-d37f52b71aa5"}',
    currency: 'SAR',
    amount: 90,
    vat: 0,
    oldBalance: 21612,
    newBalance: 21522
  }
}

2024-02-24T21:01:09.173Z 2024-02-24T21:01:09.173Z	37eb2d1c-0286-5b9d-b3ad-734859d36347	INFO	SubscriptionBalanceUpdated event published

2024-02-24T21:01:09.186Z 2024-02-24T21:01:09.186Z	37eb2d1c-0286-5b9d-b3ad-734859d36347	ERROR	Subscription balance and payment balance are not in sync {
  userId: 'b66d065b-3a4b-4871-9d0c-99701e74c8e9',
  subscriptionBalance: 21522,
  paymentBalance: 29190
}

2024-02-24T21:01:09.204Z 2024-02-24T21:01:09.204Z	37eb2d1c-0286-5b9d-b3ad-734859d36347	INFO	Processing message c42d1763-8849-4634-8397-c8ee2e599b22

2024-02-24T21:01:09.210Z 2024-02-24T21:01:09.210Z	37eb2d1c-0286-5b9d-b3ad-734859d36347	INFO	Start syncing the balance {
  transaction: {
    id: '01HQEEQV9W4WMMRXF6BWQF4MMG',
    type: 'DEBIT',
    source: 'MANUAL_DEDUCTION',
    action: 'DELIVERY_DEDUCTION',
    userId: 'd42b9e0e-3287-4c29-88d7-4ee6bfa9920f',
    paymentBalance: 64,
    updatePaymentBalance: true,
    metadata: '{"walletId":"wallet#d42b9e0e-3287-4c29-88d7-4ee6bfa9920f","deliveryId":"0eef19fe-78a4-4f1a-b7a3-533db2b6acf3","walletSk":"0eef19fe-78a4-4f1a-b7a3-533db2b6acf3"}',
    currency: 'BHD',
    amount: 8,
    vat: 0,
    oldBalance: 72,
    newBalance: 64
  }
}

2024-02-24T21:01:09.258Z 2024-02-24T21:01:09.258Z	37eb2d1c-0286-5b9d-b3ad-734859d36347	INFO	SubscriptionBalanceUpdated event published

2024-02-24T21:01:09.272Z 2024-02-24T21:01:09.272Z	37eb2d1c-0286-5b9d-b3ad-734859d36347	INFO	Processing message 558d6271-647d-4191-b1e6-74172b24a4e5

2024-02-24T21:01:09.278Z 2024-02-24T21:01:09.278Z	37eb2d1c-0286-5b9d-b3ad-734859d36347	INFO	Start syncing the balance {
  transaction: {
    id: '01HQEEQVHXPM8RCR5W5JCKHKG9',
    type: 'DEBIT',
    source: 'MANUAL_DEDUCTION',
    action: 'DELIVERY_DEDUCTION',
    userId: 'a7c8eb51-8a21-4d1a-a947-d9c711fd67e4',
    paymentBalance: 1122.323,
    updatePaymentBalance: true,
    metadata: '{"walletId":"wallet#a7c8eb51-8a21-4d1a-a947-d9c711fd67e4","deliveryId":"660ed3f3-a4da-42ac-881a-4088fb1e23fa","walletSk":"660ed3f3-a4da-42ac-881a-4088fb1e23fa"}',
    currency: 'BHD',
    amount: 18.727,
    vat: 0,
    oldBalance: 1141.05,
    newBalance: 1122.323
  }
}

2024-02-24T21:01:09.356Z 2024-02-24T21:01:09.356Z	37eb2d1c-0286-5b9d-b3ad-734859d36347	INFO	SubscriptionBalanceUpdated event published

2024-02-24T21:01:09.369Z 2024-02-24T21:01:09.369Z	37eb2d1c-0286-5b9d-b3ad-734859d36347	INFO	Processing message 99b8b3d2-62fa-40a8-b657-3e6dfe22110b

2024-02-24T21:01:09.375Z 2024-02-24T21:01:09.375Z	37eb2d1c-0286-5b9d-b3ad-734859d36347	INFO	Start syncing the balance {
  transaction: {
    id: '01HQEEQVF89GY976Y2CF6TAG3P',
    type: 'DEBIT',
    source: 'MANUAL_DEDUCTION',
    action: 'DELIVERY_DEDUCTION',
    userId: 'a311a299-9f89-4f82-9b63-cf15944e4d42',
    paymentBalance: 108,
    updatePaymentBalance: true,
    metadata: '{"walletId":"wallet#a311a299-9f89-4f82-9b63-cf15944e4d42","deliveryId":"b8d46fb5-4bba-4413-8311-c619bf0f5fa5","walletSk":"b8d46fb5-4bba-4413-8311-c619bf0f5fa5"}',
    currency: 'BHD',
    amount: 9,
    vat: 0,
    oldBalance: 117,
    newBalance: 108
  }
}

2024-02-24T21:01:09.416Z 2024-02-24T21:01:09.416Z	37eb2d1c-0286-5b9d-b3ad-734859d36347	INFO	SubscriptionBalanceUpdated event published

2024-02-24T21:01:09.498Z 2024-02-24T21:01:09.498Z	37eb2d1c-0286-5b9d-b3ad-734859d36347	INFO	Processing message cdbe1bf8-688f-489d-8aaf-5dd79f726e02

2024-02-24T21:01:09.503Z 2024-02-24T21:01:09.503Z	37eb2d1c-0286-5b9d-b3ad-734859d36347	INFO	Start syncing the balance {
  transaction: {
    id: '01HQEEQVFHVYTYJD65C81MT8SM',
    type: 'DEBIT',
    source: 'MANUAL_DEDUCTION',
    action: 'DELIVERY_DEDUCTION',
    userId: '8b3fae92-5944-4c15-825b-22399235f8eb',
    paymentBalance: 6043.5,
    updatePaymentBalance: true,
    metadata: '{"walletId":"wallet#8b3fae92-5944-4c15-825b-22399235f8eb","deliveryId":"10a340a7-dbf4-4d5a-864d-59abcd056655","walletSk":"10a340a7-dbf4-4d5a-864d-59abcd056655"}',
    currency: 'SAR',
    amount: 76.5,
    vat: 0,
    oldBalance: 6120,
    newBalance: 6043.5
  }
}

2024-02-24T21:01:09.551Z 2024-02-24T21:01:09.551Z	37eb2d1c-0286-5b9d-b3ad-734859d36347	INFO	SubscriptionBalanceUpdated event published

2024-02-24T21:01:09.564Z 2024-02-24T21:01:09.564Z	37eb2d1c-0286-5b9d-b3ad-734859d36347	INFO	Processing message 6bbf5bd0-1c05-4392-ac2f-b84eeeaf549b

2024-02-24T21:01:09.570Z 2024-02-24T21:01:09.570Z	37eb2d1c-0286-5b9d-b3ad-734859d36347	INFO	Start syncing the balance {
  transaction: {
    id: '01HQEEQVSRFVEXMWJPABWJR6JD',
    type: 'DEBIT',
    source: 'MANUAL_DEDUCTION',
    action: 'DELIVERY_DEDUCTION',
    userId: '7ea81f9e-1a24-4664-bd94-4d88dc6fd07d',
    paymentBalance: 25.5,
    updatePaymentBalance: true,
    metadata: '{"walletId":"wallet#7ea81f9e-1a24-4664-bd94-4d88dc6fd07d","deliveryId":"ca12029d-f907-494c-93ac-bd16e237748f","walletSk":"ca12029d-f907-494c-93ac-bd16e237748f"}',
    currency: 'BHD',
    amount: 8,
    vat: 0,
    oldBalance: 33.5,
    newBalance: 25.5
  }
}

2024-02-24T21:01:09.616Z 2024-02-24T21:01:09.616Z	37eb2d1c-0286-5b9d-b3ad-734859d36347	INFO	SubscriptionBalanceUpdated event published

2024-02-24T21:01:09.626Z 2024-02-24T21:01:09.626Z	37eb2d1c-0286-5b9d-b3ad-734859d36347	INFO	Processing message fffd2b93-f1ab-4b49-b0f5-ba13b43ff28d

2024-02-24T21:01:09.631Z 2024-02-24T21:01:09.631Z	37eb2d1c-0286-5b9d-b3ad-734859d36347	INFO	Start syncing the balance {
  transaction: {
    id: '01HQEEQVMF72A8ZBXHBS1WP10N',
    type: 'DEBIT',
    source: 'MANUAL_DEDUCTION',
    action: 'DELIVERY_DEDUCTION',
    userId: 'ddbc5455-86aa-4bdc-b4ae-ea5181bc0e4c',
    paymentBalance: 4828.5,
    updatePaymentBalance: true,
    metadata: '{"walletId":"wallet#ddbc5455-86aa-4bdc-b4ae-ea5181bc0e4c","deliveryId":"e6ff6ae2-aac6-469c-8d29-b0ce67b2bdaa","walletSk":"e6ff6ae2-aac6-469c-8d29-b0ce67b2bdaa"}',
    currency: 'SAR',
    amount: 90,
    vat: 0,
    oldBalance: 4918.5,
    newBalance: 4828.5
  }
}

2024-02-24T21:01:09.672Z 2024-02-24T21:01:09.672Z	37eb2d1c-0286-5b9d-b3ad-734859d36347	INFO	SubscriptionBalanceUpdated event published

2024-02-24T21:01:09.685Z 2024-02-24T21:01:09.685Z	37eb2d1c-0286-5b9d-b3ad-734859d36347	INFO	Processing message e613b8e7-8bcb-47fb-9c43-eb81757b6967

2024-02-24T21:01:09.690Z 2024-02-24T21:01:09.690Z	37eb2d1c-0286-5b9d-b3ad-734859d36347	INFO	Start syncing the balance {
  transaction: {
    id: '01HQEEQVQ98C8X61BC3N518H9W',
    type: 'DEBIT',
    source: 'MANUAL_DEDUCTION',
    action: 'DELIVERY_DEDUCTION',
    userId: '40c1fa6e-af29-4411-b419-aed2a9f4858b',
    paymentBalance: 64,
    updatePaymentBalance: true,
    metadata: '{"walletId":"wallet#40c1fa6e-af29-4411-b419-aed2a9f4858b","deliveryId":"c91f7bc3-d0fa-460e-b1af-70060c61267c","walletSk":"c91f7bc3-d0fa-460e-b1af-70060c61267c"}',
    currency: 'BHD',
    amount: 8,
    vat: 0,
    oldBalance: 72,
    newBalance: 64
  }
}

2024-02-24T21:01:09.736Z 2024-02-24T21:01:09.736Z	37eb2d1c-0286-5b9d-b3ad-734859d36347	INFO	SubscriptionBalanceUpdated event published

2024-02-24T21:01:09.749Z 2024-02-24T21:01:09.749Z	37eb2d1c-0286-5b9d-b3ad-734859d36347	INFO	Processing message 5e2566f8-828c-4073-93b7-140561276f35

2024-02-24T21:01:09.755Z 2024-02-24T21:01:09.755Z	37eb2d1c-0286-5b9d-b3ad-734859d36347	INFO	Start syncing the balance {
  transaction: {
    id: '01HQEEQVT1D31AFWCXCX38YBAK',
    type: 'DEBIT',
    source: 'MANUAL_DEDUCTION',
    action: 'DELIVERY_DEDUCTION',
    userId: '14f6a8f7-e2fc-4a10-9049-b5e02d490ff1',
    paymentBalance: 16,
    updatePaymentBalance: true,
    metadata: '{"walletId":"wallet#14f6a8f7-e2fc-4a10-9049-b5e02d490ff1","deliveryId":"fcd0dc96-b479-4756-94ae-3fa69f182c1e","walletSk":"fcd0dc96-b479-4756-94ae-3fa69f182c1e"}',
    currency: 'BHD',
    amount: 8,
    vat: 0,
    oldBalance: 24,
    newBalance: 16
  }
}

2024-02-24T21:01:09.801Z 2024-02-24T21:01:09.801Z	37eb2d1c-0286-5b9d-b3ad-734859d36347	INFO	SubscriptionBalanceUpdated event published

2024-02-24T21:01:09.814Z 2024-02-24T21:01:09.814Z	37eb2d1c-0286-5b9d-b3ad-734859d36347	INFO	Processing message f2cd078f-dd13-41b2-baf3-4eb8d8d1840f

2024-02-24T21:01:09.819Z 2024-02-24T21:01:09.819Z	37eb2d1c-0286-5b9d-b3ad-734859d36347	INFO	Start syncing the balance {
  transaction: {
    id: '01HQEEQVXA2CKGGN0XM3CYQGHD',
    type: 'DEBIT',
    source: 'MANUAL_DEDUCTION',
    action: 'DELIVERY_DEDUCTION',
    userId: 'd9e426cf-4b0b-43ed-b5ca-2a5f547c0427',
    paymentBalance: 75,
    updatePaymentBalance: true,
    metadata: '{"walletId":"wallet#d9e426cf-4b0b-43ed-b5ca-2a5f547c0427","deliveryId":"ce371af4-52b4-453f-b84c-1ad3350774bd","walletSk":"ce371af4-52b4-453f-b84c-1ad3350774bd"}',
    currency: 'BHD',
    amount: 4,
    vat: 0,
    oldBalance: 79,
    newBalance: 75
  }
}

2024-02-24T21:01:09.866Z 2024-02-24T21:01:09.866Z	37eb2d1c-0286-5b9d-b3ad-734859d36347	INFO	SubscriptionBalanceUpdated event published

2024-02-24T21:01:09.883Z END RequestId: 37eb2d1c-0286-5b9d-b3ad-734859d36347

2024-02-24T21:01:09.883Z REPORT RequestId: 37eb2d1c-0286-5b9d-b3ad-734859d36347	Duration: 819.08 ms	Billed Duration: 820 ms	Memory Size: 1024 MB	Max Memory Used: 139 MB	
XRAY TraceId: 1-65da5915-65d7e55b324f38985bf7f5a5	SegmentId: 0a4e11865761684c	Sampled: true	

2024-02-24T21:01:10.215Z START RequestId: 5eaf5fcb-7bcb-500c-8831-019f209d68d6 Version: $LATEST

2024-02-24T21:01:10.244Z 2024-02-24T21:01:10.244Z	5eaf5fcb-7bcb-500c-8831-019f209d68d6	INFO	Processing message eaecec83-bdd3-4cf5-a9a5-ffacf079d9fc

2024-02-24T21:01:10.250Z 2024-02-24T21:01:10.250Z	5eaf5fcb-7bcb-500c-8831-019f209d68d6	INFO	Start syncing the balance {
  transaction: {
    id: '01HQEEQWENA0CYQR5ZYXW7028X',
    type: 'DEBIT',
    source: 'MANUAL_DEDUCTION',
    action: 'DELIVERY_DEDUCTION',
    userId: '560a6990-9572-48b5-8d03-0b67f1e26359',
    paymentBalance: 8,
    updatePaymentBalance: true,
    metadata: '{"walletId":"wallet#560a6990-9572-48b5-8d03-0b67f1e26359","deliveryId":"955362c8-bc1c-49b8-a9c9-c5f40d6766d0","walletSk":"955362c8-bc1c-49b8-a9c9-c5f40d6766d0"}',
    currency: 'BHD',
    amount: 8,
    vat: 0,
    oldBalance: 16,
    newBalance: 8
  }
}

2024-02-24T21:01:10.295Z 2024-02-24T21:01:10.295Z	5eaf5fcb-7bcb-500c-8831-019f209d68d6	INFO	SubscriptionBalanceUpdated event published

2024-02-24T21:01:10.308Z 2024-02-24T21:01:10.308Z	5eaf5fcb-7bcb-500c-8831-019f209d68d6	INFO	Processing message b51198d4-41a9-4ab5-a199-b76f16ec198e

2024-02-24T21:01:10.314Z 2024-02-24T21:01:10.314Z	5eaf5fcb-7bcb-500c-8831-019f209d68d6	INFO	Start syncing the balance {
  transaction: {
    id: '01HQEEQWKSKJYSTQQ8N9TVPJZ2',
    type: 'DEBIT',
    source: 'MANUAL_DEDUCTION',
    action: 'DELIVERY_DEDUCTION',
    userId: '37648072-e72e-40d2-b8a8-6ead8a86b85b',
    paymentBalance: 16,
    updatePaymentBalance: true,
    metadata: '{"walletId":"wallet#37648072-e72e-40d2-b8a8-6ead8a86b85b","deliveryId":"96255c90-8249-4f82-a10e-2a5ad374bd54","walletSk":"96255c90-8249-4f82-a10e-2a5ad374bd54"}',
    currency: 'BHD',
    amount: 8,
    vat: 0,
    oldBalance: 24,
    newBalance: 16
  }
}

2024-02-24T21:01:10.376Z 2024-02-24T21:01:10.376Z	5eaf5fcb-7bcb-500c-8831-019f209d68d6	INFO	SubscriptionBalanceUpdated event published

2024-02-24T21:01:10.391Z 2024-02-24T21:01:10.391Z	5eaf5fcb-7bcb-500c-8831-019f209d68d6	INFO	Processing message ef5b9f0c-260e-4632-b947-6ca927c3dd47

2024-02-24T21:01:10.396Z 2024-02-24T21:01:10.396Z	5eaf5fcb-7bcb-500c-8831-019f209d68d6	INFO	Start syncing the balance {
  transaction: {
    id: '01HQEEQWKJS2NB7402H41K82ZG',
    type: 'DEBIT',
    source: 'MANUAL_DEDUCTION',
    action: 'DELIVERY_DEDUCTION',
    userId: '1c4069d7-2210-4fe8-8bbf-fc25fc5d2cc9',
    paymentBalance: 234,
    updatePaymentBalance: true,
    metadata: '{"walletId":"wallet#1c4069d7-2210-4fe8-8bbf-fc25fc5d2cc9","deliveryId":"942bd1cb-5a6d-48b2-b457-6bb9cf9025bd","walletSk":"942bd1cb-5a6d-48b2-b457-6bb9cf9025bd"}',
    currency: 'AED',
    amount: 117,
    vat: 0,
    oldBalance: 351,
    newBalance: 234
  }
}

2024-02-24T21:01:10.444Z 2024-02-24T21:01:10.444Z	5eaf5fcb-7bcb-500c-8831-019f209d68d6	INFO	SubscriptionBalanceUpdated event published

2024-02-24T21:01:10.456Z 2024-02-24T21:01:10.456Z	5eaf5fcb-7bcb-500c-8831-019f209d68d6	INFO	Processing message b1d54592-91b6-4241-83a4-ef0078a4c36c

2024-02-24T21:01:10.463Z 2024-02-24T21:01:10.463Z	5eaf5fcb-7bcb-500c-8831-019f209d68d6	INFO	Start syncing the balance {
  transaction: {
    id: '01HQEEQWYTE4M2WRP1HN8R9X8Y',
    type: 'DEBIT',
    source: 'MANUAL_DEDUCTION',
    action: 'DELIVERY_DEDUCTION',
    userId: 'aded40b7-1b9a-4212-ada6-a8a2d64242f8',
    paymentBalance: 270,
    updatePaymentBalance: true,
    metadata: '{"walletId":"wallet#aded40b7-1b9a-4212-ada6-a8a2d64242f8","deliveryId":"72d0a4aa-1500-4003-be60-cbdfadd7a293","walletSk":"72d0a4aa-1500-4003-be60-cbdfadd7a293"}',
    currency: 'SAR',
    amount: 90,
    vat: 0,
    oldBalance: 360,
    newBalance: 270
  }
}

2024-02-24T21:01:10.512Z 2024-02-24T21:01:10.512Z	5eaf5fcb-7bcb-500c-8831-019f209d68d6	INFO	SubscriptionBalanceUpdated event published

2024-02-24T21:01:10.524Z 2024-02-24T21:01:10.524Z	5eaf5fcb-7bcb-500c-8831-019f209d68d6	INFO	Processing message e584a7d8-960e-41f7-8725-7521a2b21a50

2024-02-24T21:01:10.528Z 2024-02-24T21:01:10.528Z	5eaf5fcb-7bcb-500c-8831-019f209d68d6	INFO	Start syncing the balance {
  transaction: {
    id: '01HQEEQWYB269DAY00V1792MQ3',
    type: 'DEBIT',
    source: 'MANUAL_DEDUCTION',
    action: 'DELIVERY_DEDUCTION',
    userId: '405ac586-00fd-4cdc-8004-56ded225f446',
    paymentBalance: 4423.5,
    updatePaymentBalance: true,
    metadata: '{"walletId":"wallet#405ac586-00fd-4cdc-8004-56ded225f446","deliveryId":"d2c45009-9bac-4a2d-90a1-8c6aea5eb36b","walletSk":"d2c45009-9bac-4a2d-90a1-8c6aea5eb36b"}',
    currency: 'SAR',
    amount: 90,
    vat: 0,
    oldBalance: 4513.5,
    newBalance: 4423.5
  }
}

2024-02-24T21:01:10.582Z 2024-02-24T21:01:10.582Z	5eaf5fcb-7bcb-500c-8831-019f209d68d6	INFO	SubscriptionBalanceUpdated event published

2024-02-24T21:01:10.598Z 2024-02-24T21:01:10.598Z	5eaf5fcb-7bcb-500c-8831-019f209d68d6	INFO	Processing message 1e45772c-3434-44f2-a171-3aecff113d0a

2024-02-24T21:01:10.604Z 2024-02-24T21:01:10.604Z	5eaf5fcb-7bcb-500c-8831-019f209d68d6	INFO	Start syncing the balance {
  transaction: {
    id: '01HQEEQX9TEQ604ZTD0RQ6M79M',
    type: 'DEBIT',
    source: 'MANUAL_DEDUCTION',
    action: 'DELIVERY_DEDUCTION',
    userId: 'f2760655-ac6c-4a19-a85e-0cba3913eb42',
    paymentBalance: 1080,
    updatePaymentBalance: true,
    metadata: '{"walletId":"wallet#f2760655-ac6c-4a19-a85e-0cba3913eb42","deliveryId":"f35b63e1-51b1-4502-bc5a-7451bd0bc886","walletSk":"f35b63e1-51b1-4502-bc5a-7451bd0bc886"}',
    currency: 'SAR',
    amount: 90,
    vat: 0,
    oldBalance: 1170,
    newBalance: 1080
  }
}

2024-02-24T21:01:10.649Z 2024-02-24T21:01:10.649Z	5eaf5fcb-7bcb-500c-8831-019f209d68d6	INFO	SubscriptionBalanceUpdated event published

2024-02-24T21:01:10.661Z 2024-02-24T21:01:10.661Z	5eaf5fcb-7bcb-500c-8831-019f209d68d6	INFO	Processing message df309d2a-8930-4d2f-964a-849971b46628

2024-02-24T21:01:10.670Z 2024-02-24T21:01:10.670Z	5eaf5fcb-7bcb-500c-8831-019f209d68d6	INFO	Start syncing the balance {
  transaction: {
    id: '01HQEEQX6HK5A8DAR3X2W43PEZ',
    type: 'DEBIT',
    source: 'MANUAL_DEDUCTION',
    action: 'DELIVERY_DEDUCTION',
    userId: '95548cdd-9c30-4a34-8e13-6b526f0426da',
    paymentBalance: 4344.005,
    updatePaymentBalance: true,
    metadata: '{"walletId":"wallet#95548cdd-9c30-4a34-8e13-6b526f0426da","deliveryId":"f041f70b-ce10-47ee-a4c6-d6c125cb7eb9","walletSk":"f041f70b-ce10-47ee-a4c6-d6c125cb7eb9"}',
    currency: 'BHD',
    amount: 8,
    vat: 0,
    oldBalance: 136.467,
    newBalance: 128.467
  }
}

2024-02-24T21:01:10.717Z 2024-02-24T21:01:10.717Z	5eaf5fcb-7bcb-500c-8831-019f209d68d6	INFO	SubscriptionBalanceUpdated event published

2024-02-24T21:01:10.730Z 2024-02-24T21:01:10.730Z	5eaf5fcb-7bcb-500c-8831-019f209d68d6	ERROR	Subscription balance and payment balance are not in sync {
  userId: '95548cdd-9c30-4a34-8e13-6b526f0426da',
  subscriptionBalance: 128.467,
  paymentBalance: 4344.005
}

2024-02-24T21:01:10.747Z 2024-02-24T21:01:10.747Z	5eaf5fcb-7bcb-500c-8831-019f209d68d6	INFO	Processing message 24a73596-9bdb-46d9-be3b-196d49647ce6

2024-02-24T21:01:10.752Z 2024-02-24T21:01:10.752Z	5eaf5fcb-7bcb-500c-8831-019f209d68d6	INFO	Start syncing the balance {
  transaction: {
    id: '01HQEEQX8ZNTV0X8EM2MWTMB6H',
    type: 'DEBIT',
    source: 'MANUAL_DEDUCTION',
    action: 'DELIVERY_DEDUCTION',
    userId: '6bbead3f-2d31-4c38-a194-f29d720108e0',
    paymentBalance: 64,
    updatePaymentBalance: true,
    metadata: '{"walletId":"wallet#6bbead3f-2d31-4c38-a194-f29d720108e0","deliveryId":"f76968b7-4cf5-4842-badb-ca4040231f53","walletSk":"f76968b7-4cf5-4842-badb-ca4040231f53"}',
    currency: 'BHD',
    amount: 8,
    vat: 0,
    oldBalance: 72,
    newBalance: 64
  }
}

2024-02-24T21:01:10.796Z 2024-02-24T21:01:10.796Z	5eaf5fcb-7bcb-500c-8831-019f209d68d6	INFO	SubscriptionBalanceUpdated event published

2024-02-24T21:01:10.810Z 2024-02-24T21:01:10.810Z	5eaf5fcb-7bcb-500c-8831-019f209d68d6	INFO	Processing message 0438b018-8058-4d8a-8fa8-2a146e34a3a4

2024-02-24T21:01:10.816Z 2024-02-24T21:01:10.816Z	5eaf5fcb-7bcb-500c-8831-019f209d68d6	INFO	Start syncing the balance {
  transaction: {
    id: '01HQEEQX6KG80E09AZ941PX51J',
    type: 'DEBIT',
    source: 'MANUAL_DEDUCTION',
    action: 'DELIVERY_DEDUCTION',
    userId: 'd2521dc0-4070-4eb2-88c7-c55b0b0cf0ad',
    paymentBalance: 1170,
    updatePaymentBalance: true,
    metadata: '{"walletId":"wallet#d2521dc0-4070-4eb2-88c7-c55b0b0cf0ad","deliveryId":"c5039742-2d10-476c-bf91-9562f89670d3","walletSk":"c5039742-2d10-476c-bf91-9562f89670d3"}',
    currency: 'SAR',
    amount: 90,
    vat: 0,
    oldBalance: 1260,
    newBalance: 1170
  }
}

2024-02-24T21:01:10.862Z 2024-02-24T21:01:10.862Z	5eaf5fcb-7bcb-500c-8831-019f209d68d6	INFO	SubscriptionBalanceUpdated event published

2024-02-24T21:01:10.901Z 2024-02-24T21:01:10.901Z	5eaf5fcb-7bcb-500c-8831-019f209d68d6	INFO	Processing message 4b1c6ba7-ca0b-43b6-9d28-0519b55a69e2

2024-02-24T21:01:10.908Z 2024-02-24T21:01:10.908Z	5eaf5fcb-7bcb-500c-8831-019f209d68d6	INFO	Start syncing the balance {
  transaction: {
    id: '01HQEEQX0VAYYJBBQ9P4KPFNW7',
    type: 'DEBIT',
    source: 'MANUAL_DEDUCTION',
    action: 'DELIVERY_DEDUCTION',
    userId: 'abf660cd-113f-4fe2-8fff-ad9e33e54df3',
    paymentBalance: 1475,
    updatePaymentBalance: true,
    metadata: '{"walletId":"wallet#abf660cd-113f-4fe2-8fff-ad9e33e54df3","deliveryId":"eeab2a09-bbc9-40ad-aafd-b39e42d96871","walletSk":"eeab2a09-bbc9-40ad-aafd-b39e42d96871"}',
    currency: 'BHD',
    amount: 6,
    vat: 0,
    oldBalance: 1481,
    newBalance: 1475
  }
}

2024-02-24T21:01:10.952Z 2024-02-24T21:01:10.952Z	5eaf5fcb-7bcb-500c-8831-019f209d68d6	INFO	SubscriptionBalanceUpdated event published

2024-02-24T21:01:10.965Z END RequestId: 5eaf5fcb-7bcb-500c-8831-019f209d68d6

2024-02-24T21:01:10.965Z REPORT RequestId: 5eaf5fcb-7bcb-500c-8831-019f209d68d6	Duration: 750.39 ms	Billed Duration: 751 ms	Memory Size: 1024 MB	Max Memory Used: 141 MB	

2024-02-24T21:01:11.476Z START RequestId: 154eddc7-2ef0-58f2-b39d-839375a7a028 Version: $LATEST

2024-02-24T21:01:11.506Z 2024-02-24T21:01:11.506Z	154eddc7-2ef0-58f2-b39d-839375a7a028	INFO	Processing message 229323b9-5fcf-4f35-b0f6-05824cb93882

2024-02-24T21:01:11.511Z 2024-02-24T21:01:11.511Z	154eddc7-2ef0-58f2-b39d-839375a7a028	INFO	Start syncing the balance {
  transaction: {
    id: '01HQEEQYPD7TD7S0NDFE63VT9Y',
    type: 'DEBIT',
    source: 'MANUAL_DEDUCTION',
    action: 'DELIVERY_DEDUCTION',
    userId: '90510344-db47-4283-9083-d44dcadb6050',
    paymentBalance: 270,
    updatePaymentBalance: true,
    metadata: '{"walletId":"wallet#90510344-db47-4283-9083-d44dcadb6050","deliveryId":"61b16e88-ca7b-49d6-8468-db36cc379a51","walletSk":"61b16e88-ca7b-49d6-8468-db36cc379a51"}',
    currency: 'SAR',
    amount: 90,
    vat: 0,
    oldBalance: 360,
    newBalance: 270
  }
}

2024-02-24T21:01:11.558Z 2024-02-24T21:01:11.558Z	154eddc7-2ef0-58f2-b39d-839375a7a028	INFO	SubscriptionBalanceUpdated event published

2024-02-24T21:01:11.569Z 2024-02-24T21:01:11.569Z	154eddc7-2ef0-58f2-b39d-839375a7a028	INFO	Processing message e053443d-3e80-490d-94d3-b4d66d51ee0e

2024-02-24T21:01:11.575Z 2024-02-24T21:01:11.575Z	154eddc7-2ef0-58f2-b39d-839375a7a028	INFO	Start syncing the balance {
  transaction: {
    id: '01HQEEQYRCDRX6H6D9361ADRN9',
    type: 'DEBIT',
    source: 'MANUAL_DEDUCTION',
    action: 'DELIVERY_DEDUCTION',
    userId: '1676ca47-7110-4f13-8173-86ed62ef215d',
    paymentBalance: 24,
    updatePaymentBalance: true,
    metadata: '{"walletId":"wallet#1676ca47-7110-4f13-8173-86ed62ef215d","deliveryId":"5480c3d9-681d-421a-b5d4-222059e82edb","walletSk":"5480c3d9-681d-421a-b5d4-222059e82edb"}',
    currency: 'BHD',
    amount: 8,
    vat: 0,
    oldBalance: 32,
    newBalance: 24
  }
}

2024-02-24T21:01:11.620Z 2024-02-24T21:01:11.620Z	154eddc7-2ef0-58f2-b39d-839375a7a028	INFO	SubscriptionBalanceUpdated event published

2024-02-24T21:01:11.635Z 2024-02-24T21:01:11.635Z	154eddc7-2ef0-58f2-b39d-839375a7a028	INFO	Processing message 91bf8a62-4cc3-4db4-a769-a871cfa893aa

2024-02-24T21:01:11.642Z 2024-02-24T21:01:11.642Z	154eddc7-2ef0-58f2-b39d-839375a7a028	INFO	Start syncing the balance {
  transaction: {
    id: '01HQEEQYVF50AGNAWRXSWEJY9J',
    type: 'DEBIT',
    source: 'MANUAL_DEDUCTION',
    action: 'DELIVERY_DEDUCTION',
    userId: '1b3be8bc-3813-4dff-b42c-43efbdcfc5ae',
    paymentBalance: 203.5,
    updatePaymentBalance: true,
    metadata: '{"walletId":"wallet#1b3be8bc-3813-4dff-b42c-43efbdcfc5ae","deliveryId":"aef1bf82-4a4d-40ce-b62c-96d1ab33e60f","walletSk":"aef1bf82-4a4d-40ce-b62c-96d1ab33e60f"}',
    currency: 'BHD',
    amount: 3,
    vat: 0,
    oldBalance: 51.5,
    newBalance: 48.5
  }
}

2024-02-24T21:01:11.687Z 2024-02-24T21:01:11.687Z	154eddc7-2ef0-58f2-b39d-839375a7a028	INFO	SubscriptionBalanceUpdated event published

2024-02-24T21:01:11.703Z 2024-02-24T21:01:11.703Z	154eddc7-2ef0-58f2-b39d-839375a7a028	ERROR	Subscription balance and payment balance are not in sync {
  userId: '1b3be8bc-3813-4dff-b42c-43efbdcfc5ae',
  subscriptionBalance: 48.5,
  paymentBalance: 203.5
}

2024-02-24T21:01:11.719Z 2024-02-24T21:01:11.719Z	154eddc7-2ef0-58f2-b39d-839375a7a028	INFO	Processing message 8eba8ff6-9799-4e0b-ae78-c28551956a53

2024-02-24T21:01:11.724Z 2024-02-24T21:01:11.724Z	154eddc7-2ef0-58f2-b39d-839375a7a028	INFO	Start syncing the balance {
  transaction: {
    id: '01HQEEQZ4RZMDCGEJH60GY1QNX',
    type: 'DEBIT',
    source: 'MANUAL_DEDUCTION',
    action: 'DELIVERY_DEDUCTION',
    userId: '50fbe95b-009d-4396-ab46-cf6170a827ce',
    paymentBalance: 112,
    updatePaymentBalance: true,
    metadata: '{"walletId":"wallet#50fbe95b-009d-4396-ab46-cf6170a827ce","deliveryId":"7245e584-8e54-4e17-9541-0454262b3ae4","walletSk":"7245e584-8e54-4e17-9541-0454262b3ae4"}',
    currency: 'BHD',
    amount: 8,
    vat: 0,
    oldBalance: 120,
    newBalance: 112
  }
}

2024-02-24T21:01:11.769Z 2024-02-24T21:01:11.769Z	154eddc7-2ef0-58f2-b39d-839375a7a028	INFO	SubscriptionBalanceUpdated event published

2024-02-24T21:01:11.782Z 2024-02-24T21:01:11.782Z	154eddc7-2ef0-58f2-b39d-839375a7a028	INFO	Processing message 85a14ee1-9139-423f-acfe-19cdbf117c7c

2024-02-24T21:01:11.787Z 2024-02-24T21:01:11.787Z	154eddc7-2ef0-58f2-b39d-839375a7a028	INFO	Start syncing the balance {
  transaction: {
    id: '01HQEEQZC966YFVCZHKM3292Y9',
    type: 'DEBIT',
    source: 'MANUAL_DEDUCTION',
    action: 'DELIVERY_DEDUCTION',
    userId: '1306427b-7f89-48fd-8bf0-ee859c8b95d4',
    paymentBalance: 53519,
    updatePaymentBalance: true,
    metadata: '{"walletId":"wallet#1306427b-7f89-48fd-8bf0-ee859c8b95d4","deliveryId":"e9124bf5-e129-4b7f-b284-5f1c9e873377","walletSk":"e9124bf5-e129-4b7f-b284-5f1c9e873377"}',
    currency: 'SAR',
    amount: 90,
    vat: 0,
    oldBalance: 53609,
    newBalance: 53519
  }
}

2024-02-24T21:01:11.832Z 2024-02-24T21:01:11.832Z	154eddc7-2ef0-58f2-b39d-839375a7a028	INFO	SubscriptionBalanceUpdated event published

2024-02-24T21:01:11.844Z 2024-02-24T21:01:11.844Z	154eddc7-2ef0-58f2-b39d-839375a7a028	INFO	Processing message e3e7d4d0-58ae-4ccf-895a-f56d90269019

2024-02-24T21:01:11.849Z 2024-02-24T21:01:11.849Z	154eddc7-2ef0-58f2-b39d-839375a7a028	INFO	Start syncing the balance {
  transaction: {
    id: '01HQEEQZCMTGMBXFRXA1X49K3T',
    type: 'DEBIT',
    source: 'MANUAL_DEDUCTION',
    action: 'DELIVERY_DEDUCTION',
    userId: 'b7737825-e6ef-4253-8cce-04e24cda2be8',
    paymentBalance: 180,
    updatePaymentBalance: true,
    metadata: '{"walletId":"wallet#b7737825-e6ef-4253-8cce-04e24cda2be8","deliveryId":"74eb0ec7-a893-4671-9b74-865bb517853e","walletSk":"74eb0ec7-a893-4671-9b74-865bb517853e"}',
    currency: 'SAR',
    amount: 90,
    vat: 0,
    oldBalance: 270,
    newBalance: 180
  }
}

2024-02-24T21:01:11.894Z 2024-02-24T21:01:11.894Z	154eddc7-2ef0-58f2-b39d-839375a7a028	INFO	SubscriptionBalanceUpdated event published

2024-02-24T21:01:11.907Z 2024-02-24T21:01:11.907Z	154eddc7-2ef0-58f2-b39d-839375a7a028	INFO	Processing message 374f79fa-157a-41be-b119-222f7c87f23a

2024-02-24T21:01:11.912Z 2024-02-24T21:01:11.912Z	154eddc7-2ef0-58f2-b39d-839375a7a028	INFO	Start syncing the balance {
  transaction: {
    id: '01HQEEQZQVF64VHV8E6YR84MXS',
    type: 'DEBIT',
    source: 'MANUAL_DEDUCTION',
    action: 'DELIVERY_DEDUCTION',
    userId: '8a56d4a5-d3b0-47f0-a67f-01319777dee0',
    paymentBalance: 270,
    updatePaymentBalance: true,
    metadata: '{"walletId":"wallet#8a56d4a5-d3b0-47f0-a67f-01319777dee0","deliveryId":"5108458b-77d6-4c82-99bf-cadbeb9e9327","walletSk":"5108458b-77d6-4c82-99bf-cadbeb9e9327"}',
    currency: 'SAR',
    amount: 90,
    vat: 0,
    oldBalance: 360,
    newBalance: 270
  }
}

2024-02-24T21:01:11.959Z 2024-02-24T21:01:11.959Z	154eddc7-2ef0-58f2-b39d-839375a7a028	INFO	SubscriptionBalanceUpdated event published

2024-02-24T21:01:11.972Z 2024-02-24T21:01:11.972Z	154eddc7-2ef0-58f2-b39d-839375a7a028	INFO	Processing message 86fe2bf5-0813-4091-a768-4afb62ce3d11

2024-02-24T21:01:11.977Z 2024-02-24T21:01:11.977Z	154eddc7-2ef0-58f2-b39d-839375a7a028	INFO	Start syncing the balance {
  transaction: {
    id: '01HQEEQZMW7ER3X6XFZHA4WNWX',
    type: 'DEBIT',
    source: 'MANUAL_DEDUCTION',
    action: 'DELIVERY_DEDUCTION',
    userId: 'e8990a0b-9d19-439a-b2db-be43088e1e6f',
    paymentBalance: 15.637,
    updatePaymentBalance: true,
    metadata: '{"walletId":"wallet#e8990a0b-9d19-439a-b2db-be43088e1e6f","deliveryId":"845bb8c5-1af5-4bf7-860e-56f00b2ea529","walletSk":"845bb8c5-1af5-4bf7-860e-56f00b2ea529"}',
    currency: 'BHD',
    amount: 8,
    vat: 0,
    oldBalance: 23.637,
    newBalance: 15.637
  }
}

2024-02-24T21:01:12.022Z 2024-02-24T21:01:12.022Z	154eddc7-2ef0-58f2-b39d-839375a7a028	INFO	SubscriptionBalanceUpdated event published

2024-02-24T21:01:12.042Z 2024-02-24T21:01:12.042Z	154eddc7-2ef0-58f2-b39d-839375a7a028	INFO	Processing message ebad86b9-7a2a-44d7-9e68-4c6628725ea7

2024-02-24T21:01:12.047Z 2024-02-24T21:01:12.047Z	154eddc7-2ef0-58f2-b39d-839375a7a028	INFO	Start syncing the balance {
  transaction: {
    id: '01HQEEQZMSQW2G6BMMB4TZKTMM',
    type: 'DEBIT',
    source: 'MANUAL_DEDUCTION',
    action: 'DELIVERY_DEDUCTION',
    userId: 'a126b5dc-9261-4852-ae5a-8f49b17944a3',
    paymentBalance: 8,
    updatePaymentBalance: true,
    metadata: '{"walletId":"wallet#a126b5dc-9261-4852-ae5a-8f49b17944a3","deliveryId":"e5bd5da7-3a2a-4fa8-8679-6878eb66beb7","walletSk":"e5bd5da7-3a2a-4fa8-8679-6878eb66beb7"}',
    currency: 'BHD',
    amount: 8,
    vat: 0,
    oldBalance: 16,
    newBalance: 8
  }
}

2024-02-24T21:01:12.089Z 2024-02-24T21:01:12.089Z	154eddc7-2ef0-58f2-b39d-839375a7a028	INFO	SubscriptionBalanceUpdated event published

2024-02-24T21:01:12.104Z 2024-02-24T21:01:12.104Z	154eddc7-2ef0-58f2-b39d-839375a7a028	INFO	Processing message 7d8629bc-dcd9-4061-a6bd-e1d73d57f0a4

2024-02-24T21:01:12.109Z 2024-02-24T21:01:12.109Z	154eddc7-2ef0-58f2-b39d-839375a7a028	INFO	Start syncing the balance {
  transaction: {
    id: '01HQEEQZTM32MKV38D6YNGXTPB',
    type: 'DEBIT',
    source: 'MANUAL_DEDUCTION',
    action: 'DELIVERY_DEDUCTION',
    userId: '7c6156e0-739f-4e3a-9b68-302219956a98',
    paymentBalance: 4738.5,
    updatePaymentBalance: true,
    metadata: '{"walletId":"wallet#7c6156e0-739f-4e3a-9b68-302219956a98","deliveryId":"f2383df8-3f45-47d5-a2fb-c10dc80493b4","walletSk":"f2383df8-3f45-47d5-a2fb-c10dc80493b4"}',
    currency: 'SAR',
    amount: 90,
    vat: 0,
    oldBalance: 4828.5,
    newBalance: 4738.5
  }
}

2024-02-24T21:01:12.151Z 2024-02-24T21:01:12.151Z	154eddc7-2ef0-58f2-b39d-839375a7a028	INFO	SubscriptionBalanceUpdated event published

2024-02-24T21:01:12.169Z END RequestId: 154eddc7-2ef0-58f2-b39d-839375a7a028

2024-02-24T21:01:12.169Z REPORT RequestId: 154eddc7-2ef0-58f2-b39d-839375a7a028	Duration: 692.35 ms	Billed Duration: 693 ms	Memory Size: 1024 MB	Max Memory Used: 146 MB	

2024-02-24T21:01:12.233Z START RequestId: 63f6674b-25f6-536b-ae43-391f7eaec20b Version: $LATEST

2024-02-24T21:01:12.259Z 2024-02-24T21:01:12.259Z	63f6674b-25f6-536b-ae43-391f7eaec20b	INFO	Processing message 3f636dbd-43c6-46a2-be78-89e0c5c46524

2024-02-24T21:01:12.265Z 2024-02-24T21:01:12.265Z	63f6674b-25f6-536b-ae43-391f7eaec20b	INFO	Start syncing the balance {
  transaction: {
    id: '01HQEER13DXQZT0KZ9EPJTWPCN',
    type: 'DEBIT',
    source: 'MANUAL_DEDUCTION',
    action: 'DELIVERY_DEDUCTION',
    userId: 'cac838c5-a9e1-41b1-877e-2587cbea7b20',
    paymentBalance: 12982.57,
    updatePaymentBalance: true,
    metadata: '{"walletId":"wallet#cac838c5-a9e1-41b1-877e-2587cbea7b20","deliveryId":"726fdc38-b0ca-4600-8397-dd375b034ddc","walletSk":"726fdc38-b0ca-4600-8397-dd375b034ddc"}',
    currency: 'BHD',
    amount: 10.818,
    vat: 0,
    oldBalance: 11223.3883,
    newBalance: 11212.57
  }
}

2024-02-24T21:01:12.316Z 2024-02-24T21:01:12.316Z	63f6674b-25f6-536b-ae43-391f7eaec20b	INFO	SubscriptionBalanceUpdated event published

2024-02-24T21:01:12.328Z 2024-02-24T21:01:12.328Z	63f6674b-25f6-536b-ae43-391f7eaec20b	ERROR	Subscription balance and payment balance are not in sync {
  userId: 'cac838c5-a9e1-41b1-877e-2587cbea7b20',
  subscriptionBalance: 11212.57,
  paymentBalance: 12982.57
}

2024-02-24T21:01:12.346Z 2024-02-24T21:01:12.346Z	63f6674b-25f6-536b-ae43-391f7eaec20b	INFO	Processing message d2b428ce-25f4-4388-b9c8-f0d136c259eb

2024-02-24T21:01:12.351Z 2024-02-24T21:01:12.351Z	63f6674b-25f6-536b-ae43-391f7eaec20b	INFO	Start syncing the balance {
  transaction: {
    id: '01HQEER0VM467W49XDB0VPH74V',
    type: 'DEBIT',
    source: 'MANUAL_DEDUCTION',
    action: 'DELIVERY_DEDUCTION',
    userId: '28089a3d-6a4a-455d-b173-8e10873a3984',
    paymentBalance: 360,
    updatePaymentBalance: true,
    metadata: '{"walletId":"wallet#28089a3d-6a4a-455d-b173-8e10873a3984","deliveryId":"68e93ec7-4734-4bab-8967-508937e08dbe","walletSk":"68e93ec7-4734-4bab-8967-508937e08dbe"}',
    currency: 'SAR',
    amount: 90,
    vat: 0,
    oldBalance: 450,
    newBalance: 360
  }
}

2024-02-24T21:01:12.390Z 2024-02-24T21:01:12.390Z	63f6674b-25f6-536b-ae43-391f7eaec20b	INFO	SubscriptionBalanceUpdated event published

2024-02-24T21:01:12.405Z 2024-02-24T21:01:12.405Z	63f6674b-25f6-536b-ae43-391f7eaec20b	INFO	Processing message dd66b42a-a2c6-4e59-a85a-c8fd602f3cf3

2024-02-24T21:01:12.410Z 2024-02-24T21:01:12.410Z	63f6674b-25f6-536b-ae43-391f7eaec20b	INFO	Start syncing the balance {
  transaction: {
    id: '01HQEER12MJMB5PPTDCJ4SFXTB',
    type: 'DEBIT',
    source: 'MANUAL_DEDUCTION',
    action: 'DELIVERY_DEDUCTION',
    userId: '52de3a45-61c0-4d76-a938-c8f32b3c6fd6',
    paymentBalance: 540,
    updatePaymentBalance: true,
    metadata: '{"walletId":"wallet#52de3a45-61c0-4d76-a938-c8f32b3c6fd6","deliveryId":"81022af1-30f9-48c2-a06a-207d0e681b6f","walletSk":"81022af1-30f9-48c2-a06a-207d0e681b6f"}',
    currency: 'SAR',
    amount: 90,
    vat: 0,
    oldBalance: 630,
    newBalance: 540
  }
}

2024-02-24T21:01:12.454Z 2024-02-24T21:01:12.454Z	63f6674b-25f6-536b-ae43-391f7eaec20b	INFO	SubscriptionBalanceUpdated event published

2024-02-24T21:01:12.466Z 2024-02-24T21:01:12.466Z	63f6674b-25f6-536b-ae43-391f7eaec20b	INFO	Processing message cfb4821f-6b30-493d-98c0-156c480ecbd0

2024-02-24T21:01:12.473Z 2024-02-24T21:01:12.473Z	63f6674b-25f6-536b-ae43-391f7eaec20b	INFO	Start syncing the balance {
  transaction: {
    id: '01HQEER152PGVA2PGDN7KB3YZN',
    type: 'DEBIT',
    source: 'MANUAL_DEDUCTION',
    action: 'DELIVERY_DEDUCTION',
    userId: '91886874-40ec-4324-87ea-10bcee9904f5',
    paymentBalance: 86.85,
    updatePaymentBalance: true,
    metadata: '{"walletId":"wallet#91886874-40ec-4324-87ea-10bcee9904f5","deliveryId":"d817b999-5f4f-4994-87b6-bc5ecdfec4ac","walletSk":"d817b999-5f4f-4994-87b6-bc5ecdfec4ac"}',
    currency: 'BHD',
    amount: 3.3,
    vat: 0,
    oldBalance: 90.15,
    newBalance: 86.85
  }
}

2024-02-24T21:01:12.522Z 2024-02-24T21:01:12.522Z	63f6674b-25f6-536b-ae43-391f7eaec20b	INFO	SubscriptionBalanceUpdated event published

2024-02-24T21:01:12.733Z 2024-02-24T21:01:12.733Z	63f6674b-25f6-536b-ae43-391f7eaec20b	INFO	Processing message 86d5c234-053c-4f10-a4d4-d1f660c38d54

2024-02-24T21:01:12.738Z 2024-02-24T21:01:12.738Z	63f6674b-25f6-536b-ae43-391f7eaec20b	INFO	Start syncing the balance {
  transaction: {
    id: '01HQEER16BJ75ZQ05W4014QH9D',
    type: 'DEBIT',
    source: 'MANUAL_DEDUCTION',
    action: 'DELIVERY_DEDUCTION',
    userId: '6447c637-23bd-4205-aca7-ac527c27ea0f',
    paymentBalance: 4388.4,
    updatePaymentBalance: true,
    metadata: '{"walletId":"wallet#6447c637-23bd-4205-aca7-ac527c27ea0f","deliveryId":"51df925b-e9b9-4281-bd9f-29aec8c54236","walletSk":"51df925b-e9b9-4281-bd9f-29aec8c54236"}',
    currency: 'SAR',
    amount: 42,
    vat: 0,
    oldBalance: 4430.4,
    newBalance: 4388.4
  }
}

2024-02-24T21:01:12.783Z 2024-02-24T21:01:12.783Z	63f6674b-25f6-536b-ae43-391f7eaec20b	INFO	SubscriptionBalanceUpdated event published

2024-02-24T21:01:12.796Z 2024-02-24T21:01:12.796Z	63f6674b-25f6-536b-ae43-391f7eaec20b	INFO	Processing message a64c8891-4b8b-4c62-93af-e4ce8a240664

2024-02-24T21:01:12.802Z 2024-02-24T21:01:12.802Z	63f6674b-25f6-536b-ae43-391f7eaec20b	INFO	Start syncing the balance {
  transaction: {
    id: '01HQEER11ERXQB4P89JA1SVBCK',
    type: 'DEBIT',
    source: 'MANUAL_DEDUCTION',
    action: 'DELIVERY_DEDUCTION',
    userId: '4ebacdb2-8ba4-43e6-8d49-838bca5247be',
    paymentBalance: 798,
    updatePaymentBalance: true,
    metadata: '{"walletId":"wallet#4ebacdb2-8ba4-43e6-8d49-838bca5247be","deliveryId":"0d646e35-07af-4e4b-b914-7910d40fb5fb","walletSk":"0d646e35-07af-4e4b-b914-7910d40fb5fb"}',
    currency: 'BHD',
    amount: 8,
    vat: 0,
    oldBalance: 806,
    newBalance: 798
  }
}

2024-02-24T21:01:12.846Z 2024-02-24T21:01:12.846Z	63f6674b-25f6-536b-ae43-391f7eaec20b	INFO	SubscriptionBalanceUpdated event published

2024-02-24T21:01:12.862Z END RequestId: 63f6674b-25f6-536b-ae43-391f7eaec20b

2024-02-24T21:01:12.862Z REPORT RequestId: 63f6674b-25f6-536b-ae43-391f7eaec20b	Duration: 628.88 ms	Billed Duration: 629 ms	Memory Size: 1024 MB	Max Memory Used: 146 MB	

2024-02-24T21:01:12.929Z START RequestId: eb640e91-264f-5c6e-a4c5-50c57d17dd0e Version: $LATEST

2024-02-24T21:01:12.957Z 2024-02-24T21:01:12.957Z	eb640e91-264f-5c6e-a4c5-50c57d17dd0e	INFO	Processing message 3e64f1ce-17f7-4a08-bdc2-6a0a49be5b7e

2024-02-24T21:01:12.962Z 2024-02-24T21:01:12.962Z	eb640e91-264f-5c6e-a4c5-50c57d17dd0e	INFO	Start syncing the balance {
  transaction: {
    id: '01HQEER22518FBZ3ZGHBMHWDB1',
    type: 'DEBIT',
    source: 'MANUAL_DEDUCTION',
    action: 'DELIVERY_DEDUCTION',
    userId: 'f66a41dd-6388-421c-b6cc-9c4024d43be8',
    paymentBalance: 106,
    updatePaymentBalance: true,
    metadata: '{"walletId":"wallet#f66a41dd-6388-421c-b6cc-9c4024d43be8","deliveryId":"1b1b7a1e-0ec9-44a9-9237-580d07404690","walletSk":"1b1b7a1e-0ec9-44a9-9237-580d07404690"}',
    currency: 'BHD',
    amount: 8,
    vat: 0,
    oldBalance: 114,
    newBalance: 106
  }
}

2024-02-24T21:01:13.010Z 2024-02-24T21:01:13.010Z	eb640e91-264f-5c6e-a4c5-50c57d17dd0e	INFO	SubscriptionBalanceUpdated event published

2024-02-24T21:01:13.025Z END RequestId: eb640e91-264f-5c6e-a4c5-50c57d17dd0e

2024-02-24T21:01:13.025Z REPORT RequestId: eb640e91-264f-5c6e-a4c5-50c57d17dd0e	Duration: 96.34 ms	Billed Duration: 97 ms	Memory Size: 1024 MB	Max Memory Used: 146 MB	

2024-02-24T21:01:13.178Z START RequestId: c50254d4-eb32-5788-bc6f-0a80b06a06e8 Version: $LATEST

2024-02-24T21:01:13.201Z 2024-02-24T21:01:13.201Z	c50254d4-eb32-5788-bc6f-0a80b06a06e8	INFO	Processing message 280a2e56-8897-4212-902f-1b63500c10a8

2024-02-24T21:01:13.206Z 2024-02-24T21:01:13.206Z	c50254d4-eb32-5788-bc6f-0a80b06a06e8	INFO	Start syncing the balance {
  transaction: {
    id: '01HQEER25FHAMPJQHFWB2HNYND',
    type: 'DEBIT',
    source: 'MANUAL_DEDUCTION',
    action: 'DELIVERY_DEDUCTION',
    userId: '6d56fc71-5f0c-42cd-a40d-ac25c15e5653',
    paymentBalance: 270,
    updatePaymentBalance: true,
    metadata: '{"walletId":"wallet#6d56fc71-5f0c-42cd-a40d-ac25c15e5653","deliveryId":"3f0efcc6-9080-44c6-a917-133d72e81375","walletSk":"3f0efcc6-9080-44c6-a917-133d72e81375"}',
    currency: 'SAR',
    amount: 90,
    vat: 0,
    oldBalance: 360,
    newBalance: 270
  }
}

2024-02-24T21:01:13.250Z 2024-02-24T21:01:13.250Z	c50254d4-eb32-5788-bc6f-0a80b06a06e8	INFO	SubscriptionBalanceUpdated event published

2024-02-24T21:01:13.262Z 2024-02-24T21:01:13.262Z	c50254d4-eb32-5788-bc6f-0a80b06a06e8	INFO	Processing message 29a2f7e0-2671-4774-b710-5a8c8b38c6f6

2024-02-24T21:01:13.266Z 2024-02-24T21:01:13.266Z	c50254d4-eb32-5788-bc6f-0a80b06a06e8	INFO	Start syncing the balance {
  transaction: {
    id: '01HQEER1Z1AVSKWQHAQ1VRWEHV',
    type: 'DEBIT',
    source: 'MANUAL_DEDUCTION',
    action: 'DELIVERY_DEDUCTION',
    userId: '7deee50d-fb63-4eba-80b2-ec541011b67e',
    paymentBalance: 128,
    updatePaymentBalance: true,
    metadata: '{"walletId":"wallet#7deee50d-fb63-4eba-80b2-ec541011b67e","deliveryId":"0f229b6b-ce95-4f6a-ae8b-2e62a81c2053","walletSk":"0f229b6b-ce95-4f6a-ae8b-2e62a81c2053"}',
    currency: 'BHD',
    amount: 8,
    vat: 0,
    oldBalance: 136,
    newBalance: 128
  }
}

2024-02-24T21:01:13.310Z 2024-02-24T21:01:13.310Z	c50254d4-eb32-5788-bc6f-0a80b06a06e8	INFO	SubscriptionBalanceUpdated event published

2024-02-24T21:01:13.324Z 2024-02-24T21:01:13.324Z	c50254d4-eb32-5788-bc6f-0a80b06a06e8	INFO	Processing message 32c72b0d-819c-4669-b27f-0cc847849a77

2024-02-24T21:01:13.330Z 2024-02-24T21:01:13.330Z	c50254d4-eb32-5788-bc6f-0a80b06a06e8	INFO	Start syncing the balance {
  transaction: {
    id: '01HQEER22SHNX63F6YAPJTC01X',
    type: 'DEBIT',
    source: 'MANUAL_DEDUCTION',
    action: 'DELIVERY_DEDUCTION',
    userId: '848c815d-39aa-4437-a5c2-4f60cbacd64d',
    paymentBalance: 1197,
    updatePaymentBalance: true,
    metadata: '{"walletId":"wallet#848c815d-39aa-4437-a5c2-4f60cbacd64d","deliveryId":"5047d219-f523-4fd2-8f29-88119644454a","walletSk":"5047d219-f523-4fd2-8f29-88119644454a"}',
    currency: 'SAR',
    amount: 90,
    vat: 0,
    oldBalance: 1287,
    newBalance: 1197
  }
}

2024-02-24T21:01:13.369Z 2024-02-24T21:01:13.369Z	c50254d4-eb32-5788-bc6f-0a80b06a06e8	INFO	SubscriptionBalanceUpdated event published

2024-02-24T21:01:13.396Z END RequestId: c50254d4-eb32-5788-bc6f-0a80b06a06e8

2024-02-24T21:01:13.396Z REPORT RequestId: c50254d4-eb32-5788-bc6f-0a80b06a06e8	Duration: 217.77 ms	Billed Duration: 218 ms	Memory Size: 1024 MB	Max Memory Used: 146 MB	

2024-02-24T21:01:13.526Z START RequestId: 6b7b290a-1287-5e20-bf58-775e49de4f40 Version: $LATEST

2024-02-24T21:01:13.540Z 2024-02-24T21:01:13.540Z	6b7b290a-1287-5e20-bf58-775e49de4f40	INFO	Processing message 7c9660b3-6386-43d2-b0d2-9deb67bb7f68

2024-02-24T21:01:13.547Z 2024-02-24T21:01:13.547Z	6b7b290a-1287-5e20-bf58-775e49de4f40	INFO	Start syncing the balance {
  transaction: {
    id: '01HQEER2DHAAJB4RBQVP6H1GEQ',
    type: 'DEBIT',
    source: 'MANUAL_DEDUCTION',
    action: 'DELIVERY_DEDUCTION',
    userId: 'daa2bf74-cf31-4552-9e85-acb48a7c3f90',
    paymentBalance: 435.091,
    updatePaymentBalance: true,
    metadata: '{"walletId":"wallet#daa2bf74-cf31-4552-9e85-acb48a7c3f90","deliveryId":"359f8d72-51a5-4b04-a055-b8003811ef79","walletSk":"359f8d72-51a5-4b04-a055-b8003811ef79"}',
    currency: 'BHD',
    amount: 9,
    vat: 0,
    oldBalance: 36.091,
    newBalance: 27.091
  }
}

2024-02-24T21:01:13.586Z 2024-02-24T21:01:13.586Z	6b7b290a-1287-5e20-bf58-775e49de4f40	INFO	SubscriptionBalanceUpdated event published

2024-02-24T21:01:13.598Z 2024-02-24T21:01:13.598Z	6b7b290a-1287-5e20-bf58-775e49de4f40	ERROR	Subscription balance and payment balance are not in sync {
  userId: 'daa2bf74-cf31-4552-9e85-acb48a7c3f90',
  subscriptionBalance: 27.091,
  paymentBalance: 435.091
}

2024-02-24T21:01:13.617Z 2024-02-24T21:01:13.617Z	6b7b290a-1287-5e20-bf58-775e49de4f40	INFO	Processing message 3c26c185-73b6-403a-bd2e-173a04022663

2024-02-24T21:01:13.622Z 2024-02-24T21:01:13.622Z	6b7b290a-1287-5e20-bf58-775e49de4f40	INFO	Start syncing the balance {
  transaction: {
    id: '01HQEER2K64XXKZA97B165QYB7',
    type: 'DEBIT',
    source: 'MANUAL_DEDUCTION',
    action: 'DELIVERY_DEDUCTION',
    userId: '2c2a8830-b2f7-4b3e-a180-7a5654eee40c',
    paymentBalance: 36326.39,
    updatePaymentBalance: true,
    metadata: '{"walletId":"wallet#2c2a8830-b2f7-4b3e-a180-7a5654eee40c","deliveryId":"b928321b-6a4e-400e-8f75-f3792f4eee20","walletSk":"b928321b-6a4e-400e-8f75-f3792f4eee20"}',
    currency: 'SAR',
    amount: 90,
    vat: 0,
    oldBalance: 36506.39,
    newBalance: 36416.39
  }
}

2024-02-24T21:01:13.685Z 2024-02-24T21:01:13.685Z	6b7b290a-1287-5e20-bf58-775e49de4f40	INFO	SubscriptionBalanceUpdated event published

2024-02-24T21:01:13.698Z 2024-02-24T21:01:13.698Z	6b7b290a-1287-5e20-bf58-775e49de4f40	ERROR	Subscription balance and payment balance are not in sync {
  userId: '2c2a8830-b2f7-4b3e-a180-7a5654eee40c',
  subscriptionBalance: 36416.39,
  paymentBalance: 36326.39
}

2024-02-24T21:01:13.714Z 2024-02-24T21:01:13.714Z	6b7b290a-1287-5e20-bf58-775e49de4f40	INFO	Processing message a68f0f15-5ccc-4fa0-8239-72929ff0b355

2024-02-24T21:01:13.720Z 2024-02-24T21:01:13.720Z	6b7b290a-1287-5e20-bf58-775e49de4f40	INFO	Start syncing the balance {
  transaction: {
    id: '01HQEER2GHM2QFWTQQDXTXHWHW',
    type: 'DEBIT',
    source: 'MANUAL_DEDUCTION',
    action: 'DELIVERY_DEDUCTION',
    userId: '2b07bc91-66bc-497f-8e10-c073264b7329',
    paymentBalance: 4828.5,
    updatePaymentBalance: true,
    metadata: '{"walletId":"wallet#2b07bc91-66bc-497f-8e10-c073264b7329","deliveryId":"46c88fa0-def5-48ee-8625-64792e1eb4c8","walletSk":"46c88fa0-def5-48ee-8625-64792e1eb4c8"}',
    currency: 'SAR',
    amount: 90,
    vat: 0,
    oldBalance: 4918.5,
    newBalance: 4828.5
  }
}

2024-02-24T21:01:13.765Z 2024-02-24T21:01:13.765Z	6b7b290a-1287-5e20-bf58-775e49de4f40	INFO	SubscriptionBalanceUpdated event published

2024-02-24T21:01:13.780Z 2024-02-24T21:01:13.780Z	6b7b290a-1287-5e20-bf58-775e49de4f40	INFO	Processing message 8364abad-304d-43cd-b4df-1096305bc985

2024-02-24T21:01:13.785Z 2024-02-24T21:01:13.785Z	6b7b290a-1287-5e20-bf58-775e49de4f40	INFO	Start syncing the balance {
  transaction: {
    id: '01HQEER2FZP9P9VK95ZB6AR5QX',
    type: 'DEBIT',
    source: 'MANUAL_DEDUCTION',
    action: 'DELIVERY_DEDUCTION',
    userId: '7ca066ee-df49-42d5-b522-54f8abe08388',
    paymentBalance: 371.75,
    updatePaymentBalance: true,
    metadata: '{"walletId":"wallet#7ca066ee-df49-42d5-b522-54f8abe08388","deliveryId":"117ec5e8-ad0f-47a1-8353-a45e0be7fe7b","walletSk":"117ec5e8-ad0f-47a1-8353-a45e0be7fe7b"}',
    currency: 'BHD',
    amount: 7,
    vat: 0,
    oldBalance: 97.5,
    newBalance: 90.5
  }
}

2024-02-24T21:01:13.827Z 2024-02-24T21:01:13.827Z	6b7b290a-1287-5e20-bf58-775e49de4f40	INFO	SubscriptionBalanceUpdated event published

2024-02-24T21:01:13.839Z 2024-02-24T21:01:13.839Z	6b7b290a-1287-5e20-bf58-775e49de4f40	ERROR	Subscription balance and payment balance are not in sync {
  userId: '7ca066ee-df49-42d5-b522-54f8abe08388',
  subscriptionBalance: 90.5,
  paymentBalance: 371.75
}

2024-02-24T21:01:13.857Z 2024-02-24T21:01:13.857Z	6b7b290a-1287-5e20-bf58-775e49de4f40	INFO	Processing message e847c4f4-ca37-4996-9888-fe661d580a8d

2024-02-24T21:01:13.862Z 2024-02-24T21:01:13.862Z	6b7b290a-1287-5e20-bf58-775e49de4f40	INFO	Start syncing the balance {
  transaction: {
    id: '01HQEER2JX9A0C4V6QWXFPP3N7',
    type: 'DEBIT',
    source: 'MANUAL_DEDUCTION',
    action: 'DELIVERY_DEDUCTION',
    userId: '228675b8-0c9d-4d7f-9f6d-e14e090655ea',
    paymentBalance: 270,
    updatePaymentBalance: true,
    metadata: '{"walletId":"wallet#228675b8-0c9d-4d7f-9f6d-e14e090655ea","deliveryId":"d2ff8482-02b2-4d15-a5aa-5a17b4ef3e4e","walletSk":"d2ff8482-02b2-4d15-a5aa-5a17b4ef3e4e"}',
    currency: 'SAR',
    amount: 90,
    vat: 0,
    oldBalance: 360,
    newBalance: 270
  }
}

2024-02-24T21:01:13.903Z 2024-02-24T21:01:13.903Z	6b7b290a-1287-5e20-bf58-775e49de4f40	INFO	SubscriptionBalanceUpdated event published

2024-02-24T21:01:13.917Z END RequestId: 6b7b290a-1287-5e20-bf58-775e49de4f40

2024-02-24T21:01:13.917Z REPORT RequestId: 6b7b290a-1287-5e20-bf58-775e49de4f40	Duration: 390.79 ms	Billed Duration: 391 ms	Memory Size: 1024 MB	Max Memory Used: 146 MB	

2024-02-24T21:01:13.947Z START RequestId: fe1cfb4a-d66f-5912-aa5c-a51e8d36fc1a Version: $LATEST

2024-02-24T21:01:13.973Z 2024-02-24T21:01:13.973Z	fe1cfb4a-d66f-5912-aa5c-a51e8d36fc1a	INFO	Processing message f636c0e2-46eb-4686-a18c-a3eb566a8fe8

2024-02-24T21:01:13.979Z 2024-02-24T21:01:13.979Z	fe1cfb4a-d66f-5912-aa5c-a51e8d36fc1a	INFO	Start syncing the balance {
  transaction: {
    id: '01HQEER30A81JS2N4NKKCDW47Y',
    type: 'DEBIT',
    source: 'MANUAL_DEDUCTION',
    action: 'DELIVERY_DEDUCTION',
    userId: 'ca13c1e4-d692-41eb-b914-025333c89e8a',
    paymentBalance: 16,
    updatePaymentBalance: true,
    metadata: '{"walletId":"wallet#ca13c1e4-d692-41eb-b914-025333c89e8a","deliveryId":"67916c6e-4b81-4e3a-bb5b-57e8b90b3936","walletSk":"67916c6e-4b81-4e3a-bb5b-57e8b90b3936"}',
    currency: 'BHD',
    amount: 8,
    vat: 0,
    oldBalance: 24,
    newBalance: 16
  }
}

2024-02-24T21:01:14.027Z 2024-02-24T21:01:14.027Z	fe1cfb4a-d66f-5912-aa5c-a51e8d36fc1a	INFO	SubscriptionBalanceUpdated event published

2024-02-24T21:01:14.041Z 2024-02-24T21:01:14.041Z	fe1cfb4a-d66f-5912-aa5c-a51e8d36fc1a	INFO	Processing message 511b75ce-ee7e-4a22-8e77-6d39c04082e9

2024-02-24T21:01:14.046Z 2024-02-24T21:01:14.046Z	fe1cfb4a-d66f-5912-aa5c-a51e8d36fc1a	INFO	Start syncing the balance {
  transaction: {
    id: '01HQEER32HPBQ0DP4ZKTKPTYWE',
    type: 'DEBIT',
    source: 'MANUAL_DEDUCTION',
    action: 'DELIVERY_DEDUCTION',
    userId: 'ffc1ae9d-3ae0-4160-94af-31a93bf4bcf4',
    paymentBalance: 12,
    updatePaymentBalance: true,
    metadata: '{"walletId":"wallet#ffc1ae9d-3ae0-4160-94af-31a93bf4bcf4","deliveryId":"0b93c2df-87ae-4247-806a-199c3a791626","walletSk":"0b93c2df-87ae-4247-806a-199c3a791626"}',
    currency: 'BHD',
    amount: 8,
    vat: 0,
    oldBalance: 20,
    newBalance: 12
  }
}

2024-02-24T21:01:14.086Z 2024-02-24T21:01:14.086Z	fe1cfb4a-d66f-5912-aa5c-a51e8d36fc1a	INFO	SubscriptionBalanceUpdated event published

2024-02-24T21:01:14.099Z 2024-02-24T21:01:14.099Z	fe1cfb4a-d66f-5912-aa5c-a51e8d36fc1a	INFO	Processing message 05c06c9c-47a5-4f55-853c-c37f01a50ad9

2024-02-24T21:01:14.105Z 2024-02-24T21:01:14.105Z	fe1cfb4a-d66f-5912-aa5c-a51e8d36fc1a	INFO	Start syncing the balance {
  transaction: {
    id: '01HQEER2ZG868WEP7EBM0JGDAC',
    type: 'DEBIT',
    source: 'MANUAL_DEDUCTION',
    action: 'DELIVERY_DEDUCTION',
    userId: '1fa3cabd-5069-4aaf-bb35-54729cf5e263',
    paymentBalance: 1260,
    updatePaymentBalance: true,
    metadata: '{"walletId":"wallet#1fa3cabd-5069-4aaf-bb35-54729cf5e263","deliveryId":"6ada1707-23d5-474c-b1a4-f75b7a5a970c","walletSk":"6ada1707-23d5-474c-b1a4-f75b7a5a970c"}',
    currency: 'SAR',
    amount: 90,
    vat: 0,
    oldBalance: 1350,
    newBalance: 1260
  }
}

2024-02-24T21:01:14.147Z 2024-02-24T21:01:14.147Z	fe1cfb4a-d66f-5912-aa5c-a51e8d36fc1a	INFO	SubscriptionBalanceUpdated event published

2024-02-24T21:01:14.159Z 2024-02-24T21:01:14.159Z	fe1cfb4a-d66f-5912-aa5c-a51e8d36fc1a	INFO	Processing message 733c3127-1226-4d8d-baa1-448dbf208e99

2024-02-24T21:01:14.164Z 2024-02-24T21:01:14.164Z	fe1cfb4a-d66f-5912-aa5c-a51e8d36fc1a	INFO	Start syncing the balance {
  transaction: {
    id: '01HQEER33JKXM4VFGFY1JDKRG5',
    type: 'DEBIT',
    source: 'MANUAL_DEDUCTION',
    action: 'DELIVERY_DEDUCTION',
    userId: '049bb6da-aa2e-4b69-93b4-8bcf19b74875',
    paymentBalance: 78,
    updatePaymentBalance: true,
    metadata: '{"walletId":"wallet#049bb6da-aa2e-4b69-93b4-8bcf19b74875","deliveryId":"c165dc48-2c12-4a75-bb05-4b386e118101","walletSk":"c165dc48-2c12-4a75-bb05-4b386e118101"}',
    currency: 'BHD',
    amount: 26.5,
    vat: 0,
    oldBalance: 104.5,
    newBalance: 78
  }
}

2024-02-24T21:01:14.204Z 2024-02-24T21:01:14.204Z	fe1cfb4a-d66f-5912-aa5c-a51e8d36fc1a	INFO	SubscriptionBalanceUpdated event published

2024-02-24T21:01:14.219Z END RequestId: fe1cfb4a-d66f-5912-aa5c-a51e8d36fc1a

2024-02-24T21:01:14.219Z REPORT RequestId: fe1cfb4a-d66f-5912-aa5c-a51e8d36fc1a	Duration: 272.25 ms	Billed Duration: 273 ms	Memory Size: 1024 MB	Max Memory Used: 146 MB	

2024-02-24T21:01:14.958Z START RequestId: 1ea0b36f-6aaa-541f-9309-ed3b31f0e57f Version: $LATEST

2024-02-24T21:01:14.983Z 2024-02-24T21:01:14.983Z	1ea0b36f-6aaa-541f-9309-ed3b31f0e57f	INFO	Processing message 982b83de-da2c-4fe2-8c68-68fc9dbb2d24

2024-02-24T21:01:14.987Z 2024-02-24T21:01:14.987Z	1ea0b36f-6aaa-541f-9309-ed3b31f0e57f	INFO	Start syncing the balance {
  transaction: {
    id: '01HQEER3SJ4M9NR2PY0MG733HR',
    type: 'DEBIT',
    source: 'MANUAL_DEDUCTION',
    action: 'DELIVERY_DEDUCTION',
    userId: 'ca4da5ef-df7d-417f-8098-80c027212092',
    paymentBalance: 1490.62,
    updatePaymentBalance: true,
    metadata: '{"walletId":"wallet#ca4da5ef-df7d-417f-8098-80c027212092","deliveryId":"37cb300f-f0fc-4a0e-bc20-458a466f58b1","walletSk":"37cb300f-f0fc-4a0e-bc20-458a466f58b1"}',
    currency: 'SAR',
    amount: 20,
    vat: 0,
    oldBalance: 40.62,
    newBalance: 20.62
  }
}

2024-02-24T21:01:15.056Z 2024-02-24T21:01:15.056Z	1ea0b36f-6aaa-541f-9309-ed3b31f0e57f	INFO	SubscriptionBalanceUpdated event published

2024-02-24T21:01:15.071Z 2024-02-24T21:01:15.071Z	1ea0b36f-6aaa-541f-9309-ed3b31f0e57f	ERROR	Subscription balance and payment balance are not in sync {
  userId: 'ca4da5ef-df7d-417f-8098-80c027212092',
  subscriptionBalance: 20.62,
  paymentBalance: 1490.62
}

2024-02-24T21:01:15.089Z 2024-02-24T21:01:15.089Z	1ea0b36f-6aaa-541f-9309-ed3b31f0e57f	INFO	Processing message f1200f3f-0fd7-4cef-b1ae-499dd736609e

2024-02-24T21:01:15.094Z 2024-02-24T21:01:15.094Z	1ea0b36f-6aaa-541f-9309-ed3b31f0e57f	INFO	Start syncing the balance {
  transaction: {
    id: '01HQEER41MW8KVWHQVVEV7227V',
    type: 'DEBIT',
    source: 'MANUAL_DEDUCTION',
    action: 'DELIVERY_DEDUCTION',
    userId: '6a18cb86-df94-4693-8e0f-0d3d9cceed57',
    paymentBalance: 16,
    updatePaymentBalance: true,
    metadata: '{"walletId":"wallet#6a18cb86-df94-4693-8e0f-0d3d9cceed57","deliveryId":"1fcb96c8-d435-4626-8a3a-3126c202eeb3","walletSk":"1fcb96c8-d435-4626-8a3a-3126c202eeb3"}',
    currency: 'BHD',
    amount: 8,
    vat: 0,
    oldBalance: 24,
    newBalance: 16
  }
}

2024-02-24T21:01:15.156Z 2024-02-24T21:01:15.156Z	1ea0b36f-6aaa-541f-9309-ed3b31f0e57f	INFO	SubscriptionBalanceUpdated event published

2024-02-24T21:01:15.169Z END RequestId: 1ea0b36f-6aaa-541f-9309-ed3b31f0e57f

2024-02-24T21:01:15.169Z REPORT RequestId: 1ea0b36f-6aaa-541f-9309-ed3b31f0e57f	Duration: 211.03 ms	Billed Duration: 212 ms	Memory Size: 1024 MB	Max Memory Used: 146 MB	

