2024-02-28T09:25:00.940Z START RequestId: 1557aef7-3a8a-50a0-9dbf-f0afc494514e Version: $LATEST

2024-02-28T09:25:01.030Z 2024-02-28T09:25:01.030Z	1557aef7-3a8a-50a0-9dbf-f0afc494514e	INFO	Processing message aec30a6b-ab8c-4003-ae6a-3f8e7c236946

2024-02-28T09:25:01.049Z 2024-02-28T09:25:01.049Z	1557aef7-3a8a-50a0-9dbf-f0afc494514e	INFO	Start syncing the balance {
  transaction: {
    id: '01HQQGG4RPZPSTPYWKZS0MB21X',
    type: 'CREDIT',
    source: 'PAYMENT',
    action: 'PAY_PENDING_AMOUNT',
    userId: '1b3be8bc-3813-4dff-b42c-43efbdcfc5ae',
    paymentBalance: 230,
    updatePaymentBalance: true,
    metadata: '{"walletId":"wallet#1b3be8bc-3813-4dff-b42c-43efbdcfc5ae","eventSessionId":"21bc8ca5-bd77-439a-a460-4f936fdb97aa","walletSk":"bcc6e800-543f-4d88-88cf-e778db721729","version2":true}',
    currency: 'BHD',
    amount: 1.1,
    vat: 0.1,
    oldBalance: 74,
    newBalance: 75
  }
}

2024-02-28T09:25:01.155Z 2024-02-28T09:25:01.155Z	1557aef7-3a8a-50a0-9dbf-f0afc494514e	INFO	SubscriptionBalanceUpdated event published

2024-02-28T09:25:01.193Z 2024-02-28T09:25:01.193Z	1557aef7-3a8a-50a0-9dbf-f0afc494514e	ERROR	Subscription balance and payment balance are not in sync {
  userId: '1b3be8bc-3813-4dff-b42c-43efbdcfc5ae',
  subscriptionBalance: 75,
  paymentBalance: 230
}

2024-02-28T09:25:01.219Z END RequestId: 1557aef7-3a8a-50a0-9dbf-f0afc494514e

2024-02-28T09:25:01.219Z REPORT RequestId: 1557aef7-3a8a-50a0-9dbf-f0afc494514e	Duration: 278.38 ms	Billed Duration: 279 ms	Memory Size: 1024 MB	Max Memory Used: 127 MB	

2024-02-28T09:26:37.713Z START RequestId: 7c7674fe-6087-5731-81a5-2aa69efdbb13 Version: $LATEST

2024-02-28T09:26:37.869Z 2024-02-28T09:26:37.869Z	7c7674fe-6087-5731-81a5-2aa69efdbb13	INFO	Processing message 01e367e5-fe26-4d83-beef-707c5420d2e2

2024-02-28T09:26:37.897Z 2024-02-28T09:26:37.897Z	7c7674fe-6087-5731-81a5-2aa69efdbb13	INFO	Start syncing the balance {
  transaction: {
    id: '01HQQGK3DPFDHKNHTNGNSDN5VW',
    type: 'CREDIT',
    source: 'PAYMENT',
    action: 'PAY_PENDING_AMOUNT',
    userId: '1b3be8bc-3813-4dff-b42c-43efbdcfc5ae',
    paymentBalance: 231,
    updatePaymentBalance: true,
    metadata: '{"walletId":"wallet#1b3be8bc-3813-4dff-b42c-43efbdcfc5ae","eventSessionId":"82914bb2-db31-4214-a880-fc97c1732f87","walletSk":"ace1cd7f-85ad-4641-9745-24e0a22e0725","version2":true}',
    currency: 'BHD',
    amount: 1.1,
    vat: 0.1,
    oldBalance: 75,
    newBalance: 76
  }
}

2024-02-28T09:26:37.972Z 2024-02-28T09:26:37.972Z	7c7674fe-6087-5731-81a5-2aa69efdbb13	INFO	SubscriptionBalanceUpdated event published

2024-02-28T09:26:38.005Z 2024-02-28T09:26:38.005Z	7c7674fe-6087-5731-81a5-2aa69efdbb13	ERROR	Subscription balance and payment balance are not in sync {
  userId: '1b3be8bc-3813-4dff-b42c-43efbdcfc5ae',
  subscriptionBalance: 76,
  paymentBalance: 231
}

2024-02-28T09:26:38.028Z END RequestId: 7c7674fe-6087-5731-81a5-2aa69efdbb13

2024-02-28T09:26:38.028Z REPORT RequestId: 7c7674fe-6087-5731-81a5-2aa69efdbb13	Duration: 315.04 ms	Billed Duration: 316 ms	Memory Size: 1024 MB	Max Memory Used: 127 MB	

2024-02-28T09:37:06.940Z START RequestId: 4c5258bc-0aa2-5e1a-95b8-06e50a5b86b9 Version: $LATEST

2024-02-28T09:37:06.969Z 2024-02-28T09:37:06.969Z	4c5258bc-0aa2-5e1a-95b8-06e50a5b86b9	INFO	Processing message 02c59972-ce54-4f5f-a564-bdb5331a9f3c

2024-02-28T09:37:06.974Z 2024-02-28T09:37:06.974Z	4c5258bc-0aa2-5e1a-95b8-06e50a5b86b9	INFO	Start syncing the balance {
  transaction: {
    id: '01HQQH6A5XQ3FAMJW6NJGA9K2T',
    type: 'CREDIT',
    source: 'PAYMENT',
    action: 'PAY_PENDING_AMOUNT',
    userId: '1b3be8bc-3813-4dff-b42c-43efbdcfc5ae',
    paymentBalance: 282,
    updatePaymentBalance: true,
    metadata: '{"walletId":"wallet#1b3be8bc-3813-4dff-b42c-43efbdcfc5ae","eventSessionId":"26d1b710-5cae-4bb7-8b7b-c70c2533daa9","walletSk":"6a539dd2-cce6-435c-a61e-21b8772c4320","version2":true}',
    currency: 'BHD',
    amount: 11,
    vat: 1,
    oldBalance: 117,
    newBalance: 127
  }
}

2024-02-28T09:37:07.039Z 2024-02-28T09:37:07.039Z	4c5258bc-0aa2-5e1a-95b8-06e50a5b86b9	INFO	SubscriptionBalanceUpdated event published

2024-02-28T09:37:07.074Z 2024-02-28T09:37:07.074Z	4c5258bc-0aa2-5e1a-95b8-06e50a5b86b9	ERROR	Subscription balance and payment balance are not in sync {
  userId: '1b3be8bc-3813-4dff-b42c-43efbdcfc5ae',
  subscriptionBalance: 127,
  paymentBalance: 282
}

2024-02-28T09:37:07.092Z END RequestId: 4c5258bc-0aa2-5e1a-95b8-06e50a5b86b9

2024-02-28T09:37:07.092Z REPORT RequestId: 4c5258bc-0aa2-5e1a-95b8-06e50a5b86b9	Duration: 152.09 ms	Billed Duration: 153 ms	Memory Size: 1024 MB	Max Memory Used: 127 MB	

2024-02-28T09:41:12.751Z START RequestId: 30ead8b5-3f39-594e-8068-86ec3ed0e574 Version: $LATEST

2024-02-28T09:41:12.779Z 2024-02-28T09:41:12.779Z	30ead8b5-3f39-594e-8068-86ec3ed0e574	INFO	Processing message 8ec81221-3bf1-48cf-9b51-23cf48efd30b

2024-02-28T09:41:12.805Z 2024-02-28T09:41:12.805Z	30ead8b5-3f39-594e-8068-86ec3ed0e574	INFO	Start syncing the balance {
  transaction: {
    id: '01HQQHDSW3SY8K6B08P0VY5F26',
    type: 'CREDIT',
    source: 'MANUAL_ADDITION',
    action: 'CUSTOMERS_CALO_EXPERIMENTS',
    userId: '97ec8d71-8106-47e4-ab01-4fc5eaf1e8b1',
    paymentBalance: 1800,
    updatePaymentBalance: true,
    metadata: '{"walletId":"wallet#97ec8d71-8106-47e4-ab01-4fc5eaf1e8b1","walletSk":"d5af1944-6b27-4019-9acd-4fa2fbaa81f2"}',
    currency: 'SAR',
    amount: 100,
    vat: 0,
    oldBalance: 1700,
    newBalance: 1800
  }
}

2024-02-28T09:41:12.873Z 2024-02-28T09:41:12.873Z	30ead8b5-3f39-594e-8068-86ec3ed0e574	INFO	SubscriptionBalanceUpdated event published

2024-02-28T09:41:12.908Z END RequestId: 30ead8b5-3f39-594e-8068-86ec3ed0e574

2024-02-28T09:41:12.908Z REPORT RequestId: 30ead8b5-3f39-594e-8068-86ec3ed0e574	Duration: 156.56 ms	Billed Duration: 157 ms	Memory Size: 1024 MB	Max Memory Used: 127 MB	

2024-02-28T09:24:44.186Z INIT_START Runtime Version: nodejs:20.v16	Runtime Version ARN: arn:aws:lambda:us-east-1::runtime:e06356b9cc317b394b345659ca7fe94e5360e45227db179a224757608b8effe6

2024-02-28T09:24:45.415Z START RequestId: ae843ad8-7f03-562d-8528-6480811627c3 Version: $LATEST

2024-02-28T09:24:45.570Z 2024-02-28T09:24:45.570Z	ae843ad8-7f03-562d-8528-6480811627c3	INFO	Processing message 46ac1379-22c8-4300-91b4-9a2d55aa2006

2024-02-28T09:24:45.610Z 2024-02-28T09:24:45.610Z	ae843ad8-7f03-562d-8528-6480811627c3	INFO	Start syncing the balance {
  transaction: {
    id: '01HQQGFGF08C807AX1EEJWSF9X',
    type: 'CREDIT',
    source: 'PAYMENT',
    action: 'PAY_PENDING_AMOUNT',
    userId: '05404993-634a-45ef-b268-693403f1dfff',
    paymentBalance: 50,
    updatePaymentBalance: true,
    metadata: '{"walletId":"wallet#05404993-634a-45ef-b268-693403f1dfff","eventSessionId":"36ba8c6f-4a0c-42e1-9dab-7bed731ffc7c","walletSk":"74fad03f-5f58-44e0-acce-2daca7ef89b1","version2":true}',
    currency: 'KWD',
    amount: 50,
    vat: 0,
    oldBalance: 0,
    newBalance: 50
  }
}

2024-02-28T09:24:45.711Z 2024-02-28T09:24:45.711Z	ae843ad8-7f03-562d-8528-6480811627c3	INFO	SubscriptionBalanceUpdated event published

2024-02-28T09:24:45.758Z END RequestId: ae843ad8-7f03-562d-8528-6480811627c3

2024-02-28T09:24:45.758Z REPORT RequestId: ae843ad8-7f03-562d-8528-6480811627c3	Duration: 342.74 ms	Billed Duration: 343 ms	Memory Size: 1024 MB	Max Memory Used: 125 MB	Init Duration: 1228.74 ms	

2024-02-28T09:43:23.038Z START RequestId: 9a539caa-d21d-5319-a10d-c2f3d0767920 Version: $LATEST

2024-02-28T09:43:23.095Z 2024-02-28T09:43:23.095Z	9a539caa-d21d-5319-a10d-c2f3d0767920	INFO	Processing message 139651ce-bdb8-4c9c-ba1d-1a7ad52e4995

2024-02-28T09:43:23.124Z 2024-02-28T09:43:23.124Z	9a539caa-d21d-5319-a10d-c2f3d0767920	INFO	Start syncing the balance {
  transaction: {
    id: '01HQQHHSF20EQ79T9C8RCVEBVG',
    type: 'CREDIT',
    source: 'MANUAL_ADDITION',
    action: 'REFERRAL_REDEEM_DAYS',
    userId: '4ebacdb2-8ba4-43e6-8d49-838bca5247be',
    paymentBalance: 1064,
    updatePaymentBalance: true,
    metadata: '{"walletId":"wallet#4ebacdb2-8ba4-43e6-8d49-838bca5247be","walletSk":"341cb82b-a792-419f-8b8a-1d34b0d60821"}',
    currency: 'BHD',
    amount: 290,
    vat: 0,
    oldBalance: 774,
    newBalance: 1064
  }
}

2024-02-28T09:43:23.190Z 2024-02-28T09:43:23.190Z	9a539caa-d21d-5319-a10d-c2f3d0767920	INFO	SubscriptionBalanceUpdated event published

2024-02-28T09:43:23.228Z END RequestId: 9a539caa-d21d-5319-a10d-c2f3d0767920

2024-02-28T09:43:23.228Z REPORT RequestId: 9a539caa-d21d-5319-a10d-c2f3d0767920	Duration: 189.66 ms	Billed Duration: 190 ms	Memory Size: 1024 MB	Max Memory Used: 127 MB	

2024-02-28T09:30:40.285Z START RequestId: 6a98b238-914b-5966-81fc-ec606e257b26 Version: $LATEST

2024-02-28T09:30:40.345Z 2024-02-28T09:30:40.345Z	6a98b238-914b-5966-81fc-ec606e257b26	INFO	Processing message 7abbf4e7-41c2-402d-971f-e8d3e009c951

2024-02-28T09:30:40.371Z 2024-02-28T09:30:40.371Z	6a98b238-914b-5966-81fc-ec606e257b26	INFO	Start syncing the balance {
  transaction: {
    id: '01HQQGTG7N7W5W17WYRKBHQYQM',
    type: 'CREDIT',
    source: 'PAYMENT',
    action: 'PAY_PENDING_AMOUNT',
    userId: '1b3be8bc-3813-4dff-b42c-43efbdcfc5ae',
    paymentBalance: 252,
    updatePaymentBalance: true,
    metadata: '{"walletId":"wallet#1b3be8bc-3813-4dff-b42c-43efbdcfc5ae","eventSessionId":"cf6af176-2e5e-4102-9e0f-642b0238861d","walletSk":"9b0e6203-524e-4b2f-99be-4a6bcf4ec6df","version2":true}',
    currency: 'BHD',
    amount: 11,
    vat: 1,
    oldBalance: 87,
    newBalance: 97
  }
}

2024-02-28T09:30:40.437Z 2024-02-28T09:30:40.437Z	6a98b238-914b-5966-81fc-ec606e257b26	INFO	SubscriptionBalanceUpdated event published

2024-02-28T09:30:40.471Z 2024-02-28T09:30:40.471Z	6a98b238-914b-5966-81fc-ec606e257b26	ERROR	Subscription balance and payment balance are not in sync {
  userId: '1b3be8bc-3813-4dff-b42c-43efbdcfc5ae',
  subscriptionBalance: 97,
  paymentBalance: 252
}

2024-02-28T09:30:40.539Z END RequestId: 6a98b238-914b-5966-81fc-ec606e257b26

2024-02-28T09:30:40.539Z REPORT RequestId: 6a98b238-914b-5966-81fc-ec606e257b26	Duration: 254.21 ms	Billed Duration: 255 ms	Memory Size: 1024 MB	Max Memory Used: 127 MB	
XRAY TraceId: 1-65defd40-58f2e3d9962d8838d14b461e	SegmentId: 0418167242a8fd0f	Sampled: true	

2024-02-28T09:40:57.467Z START RequestId: b2fe5439-53a2-531e-8fa6-0a605275a0bd Version: $LATEST

2024-02-28T09:40:57.516Z 2024-02-28T09:40:57.516Z	b2fe5439-53a2-531e-8fa6-0a605275a0bd	INFO	Processing message d371121b-f7e2-4cee-80fb-c03dc1048fda

2024-02-28T09:40:57.516Z 2024-02-28T09:40:57.516Z	b2fe5439-53a2-531e-8fa6-0a605275a0bd	INFO	Skipping the balance sync for create subscription, it will be synced from create subscription payment listener

2024-02-28T09:40:57.518Z END RequestId: b2fe5439-53a2-531e-8fa6-0a605275a0bd

2024-02-28T09:40:57.518Z REPORT RequestId: b2fe5439-53a2-531e-8fa6-0a605275a0bd	Duration: 51.17 ms	Billed Duration: 52 ms	Memory Size: 1024 MB	Max Memory Used: 127 MB	

2024-02-28T09:27:38.061Z START RequestId: 679140ae-2352-5ae3-8f3e-1ef6dde446c1 Version: $LATEST

2024-02-28T09:27:38.088Z 2024-02-28T09:27:38.088Z	679140ae-2352-5ae3-8f3e-1ef6dde446c1	INFO	Processing message a9298af9-bfcb-43dd-9fff-d8b1af09c09e

2024-02-28T09:27:38.095Z 2024-02-28T09:27:38.095Z	679140ae-2352-5ae3-8f3e-1ef6dde446c1	INFO	Start syncing the balance {
  transaction: {
    id: '01HQQGMYKM1C44H3CSY5T5EC4S',
    type: 'CREDIT',
    source: 'PAYMENT',
    action: 'PAY_PENDING_AMOUNT',
    userId: '1b3be8bc-3813-4dff-b42c-43efbdcfc5ae',
    paymentBalance: 232,
    updatePaymentBalance: true,
    metadata: '{"walletId":"wallet#1b3be8bc-3813-4dff-b42c-43efbdcfc5ae","eventSessionId":"1dbc816c-d4cf-41b2-837e-514349c42e6a","walletSk":"d213db73-3234-4aea-b548-c95980ba9924","version2":true}',
    currency: 'BHD',
    amount: 1.1,
    vat: 0.1,
    oldBalance: 76,
    newBalance: 77
  }
}

2024-02-28T09:27:38.156Z 2024-02-28T09:27:38.156Z	679140ae-2352-5ae3-8f3e-1ef6dde446c1	INFO	SubscriptionBalanceUpdated event published

2024-02-28T09:27:38.188Z 2024-02-28T09:27:38.188Z	679140ae-2352-5ae3-8f3e-1ef6dde446c1	ERROR	Subscription balance and payment balance are not in sync {
  userId: '1b3be8bc-3813-4dff-b42c-43efbdcfc5ae',
  subscriptionBalance: 77,
  paymentBalance: 232
}

2024-02-28T09:27:38.214Z END RequestId: 679140ae-2352-5ae3-8f3e-1ef6dde446c1

2024-02-28T09:27:38.214Z REPORT RequestId: 679140ae-2352-5ae3-8f3e-1ef6dde446c1	Duration: 153.59 ms	Billed Duration: 154 ms	Memory Size: 1024 MB	Max Memory Used: 127 MB	

2024-02-28T09:28:43.400Z START RequestId: fe8cea49-3ae6-5eac-933c-b411c41a00a7 Version: $LATEST

2024-02-28T09:28:43.429Z 2024-02-28T09:28:43.429Z	fe8cea49-3ae6-5eac-933c-b411c41a00a7	INFO	Processing message d9c675a3-2871-4474-a70a-b999141b8a5f

2024-02-28T09:28:43.462Z 2024-02-28T09:28:43.462Z	fe8cea49-3ae6-5eac-933c-b411c41a00a7	INFO	Start syncing the balance {
  transaction: {
    id: '01HQQGPYB50D19QP76HKYENDYC',
    type: 'CREDIT',
    source: 'PAYMENT',
    action: 'PAY_PENDING_AMOUNT',
    userId: '1b3be8bc-3813-4dff-b42c-43efbdcfc5ae',
    paymentBalance: 242,
    updatePaymentBalance: true,
    metadata: '{"walletId":"wallet#1b3be8bc-3813-4dff-b42c-43efbdcfc5ae","eventSessionId":"54debed3-ee44-45a1-9b42-d8beb0e87791","walletSk":"2466d76a-53bd-4b25-8778-6f7c711de1a8","version2":true}',
    currency: 'BHD',
    amount: 11,
    vat: 1,
    oldBalance: 77,
    newBalance: 87
  }
}

2024-02-28T09:28:43.530Z 2024-02-28T09:28:43.530Z	fe8cea49-3ae6-5eac-933c-b411c41a00a7	INFO	SubscriptionBalanceUpdated event published

2024-02-28T09:28:43.594Z 2024-02-28T09:28:43.594Z	fe8cea49-3ae6-5eac-933c-b411c41a00a7	ERROR	Subscription balance and payment balance are not in sync {
  userId: '1b3be8bc-3813-4dff-b42c-43efbdcfc5ae',
  subscriptionBalance: 87,
  paymentBalance: 242
}

2024-02-28T09:28:43.610Z END RequestId: fe8cea49-3ae6-5eac-933c-b411c41a00a7

2024-02-28T09:28:43.610Z REPORT RequestId: fe8cea49-3ae6-5eac-933c-b411c41a00a7	Duration: 209.81 ms	Billed Duration: 210 ms	Memory Size: 1024 MB	Max Memory Used: 127 MB	

2024-02-28T09:31:18.885Z START RequestId: 1dbb2755-8f07-5b38-9d49-790d70929978 Version: $LATEST

2024-02-28T09:31:18.913Z 2024-02-28T09:31:18.913Z	1dbb2755-8f07-5b38-9d49-790d70929978	INFO	Processing message 520feae0-6ba9-4b12-b6d1-3c3954aefce8

2024-02-28T09:31:18.921Z 2024-02-28T09:31:18.921Z	1dbb2755-8f07-5b38-9d49-790d70929978	INFO	Start syncing the balance {
  transaction: {
    id: '01HQQGVP5Y1FHV8YCH9G2748PX',
    type: 'CREDIT',
    source: 'PAYMENT',
    action: 'PAY_PENDING_AMOUNT',
    userId: '1b3be8bc-3813-4dff-b42c-43efbdcfc5ae',
    paymentBalance: 262,
    updatePaymentBalance: true,
    metadata: '{"walletId":"wallet#1b3be8bc-3813-4dff-b42c-43efbdcfc5ae","eventSessionId":"9920191b-1509-4c99-8735-127d6913d0dc","walletSk":"f56a4c0e-182e-4311-8fef-d5018c33305c","version2":true}',
    currency: 'BHD',
    amount: 11,
    vat: 1,
    oldBalance: 97,
    newBalance: 107
  }
}

2024-02-28T09:31:18.991Z 2024-02-28T09:31:18.991Z	1dbb2755-8f07-5b38-9d49-790d70929978	INFO	SubscriptionBalanceUpdated event published

2024-02-28T09:31:19.031Z 2024-02-28T09:31:19.031Z	1dbb2755-8f07-5b38-9d49-790d70929978	ERROR	Subscription balance and payment balance are not in sync {
  userId: '1b3be8bc-3813-4dff-b42c-43efbdcfc5ae',
  subscriptionBalance: 107,
  paymentBalance: 262
}

2024-02-28T09:31:19.049Z END RequestId: 1dbb2755-8f07-5b38-9d49-790d70929978

2024-02-28T09:31:19.049Z REPORT RequestId: 1dbb2755-8f07-5b38-9d49-790d70929978	Duration: 164.50 ms	Billed Duration: 165 ms	Memory Size: 1024 MB	Max Memory Used: 127 MB	

2024-02-28T09:36:16.170Z START RequestId: 999a3945-40c1-5de4-a38f-671c407fc547 Version: $LATEST

2024-02-28T09:36:16.223Z 2024-02-28T09:36:16.223Z	999a3945-40c1-5de4-a38f-671c407fc547	INFO	Processing message c7877dd9-aa45-443a-8083-5564f3debdb3

2024-02-28T09:36:16.244Z 2024-02-28T09:36:16.244Z	999a3945-40c1-5de4-a38f-671c407fc547	INFO	Start syncing the balance {
  transaction: {
    id: '01HQQH4RB6A228FYD9PRVJ4Y3M',
    type: 'CREDIT',
    source: 'PAYMENT',
    action: 'PAY_PENDING_AMOUNT',
    userId: '1b3be8bc-3813-4dff-b42c-43efbdcfc5ae',
    paymentBalance: 272,
    updatePaymentBalance: true,
    metadata: '{"walletId":"wallet#1b3be8bc-3813-4dff-b42c-43efbdcfc5ae","eventSessionId":"8254fc26-b23a-4069-b648-1d6b430d03ff","walletSk":"f126c85a-ddb2-461b-8353-3710a3ed22b3","version2":true}',
    currency: 'BHD',
    amount: 11,
    vat: 1,
    oldBalance: 107,
    newBalance: 117
  }
}

2024-02-28T09:36:16.310Z 2024-02-28T09:36:16.310Z	999a3945-40c1-5de4-a38f-671c407fc547	INFO	SubscriptionBalanceUpdated event published

2024-02-28T09:36:16.359Z 2024-02-28T09:36:16.359Z	999a3945-40c1-5de4-a38f-671c407fc547	ERROR	Subscription balance and payment balance are not in sync {
  userId: '1b3be8bc-3813-4dff-b42c-43efbdcfc5ae',
  subscriptionBalance: 117,
  paymentBalance: 272
}

2024-02-28T09:36:16.377Z END RequestId: 999a3945-40c1-5de4-a38f-671c407fc547

2024-02-28T09:36:16.377Z REPORT RequestId: 999a3945-40c1-5de4-a38f-671c407fc547	Duration: 207.20 ms	Billed Duration: 208 ms	Memory Size: 1024 MB	Max Memory Used: 127 MB	

