2024-03-26T21:01:08.154Z 2024-03-26T21:01:08.154Z	6960e807-9513-5df3-93ff-b67aacc05a9e	INFO	SubscriptionBalanceUpdated event published

2024-03-26T21:01:08.171Z 2024-03-26T21:01:08.171Z	6960e807-9513-5df3-93ff-b67aacc05a9e	INFO	Processing message 0a804a4c-2f2d-47ca-8dfc-cb6a8502d9de

2024-03-26T21:01:08.177Z 2024-03-26T21:01:08.177Z	6960e807-9513-5df3-93ff-b67aacc05a9e	INFO	Start syncing the balance {
  transaction: {
    id: '01HSY92283J2SM36N6QRGR6H20',
    type: 'DEBIT',
    source: 'MANUAL_DEDUCTION',
    action: 'DELIVERY_DEDUCTION',
    userId: 'a1ec0f12-9aaa-42cf-ba7a-b74b41e2710d',
    paymentBalance: 80,
    updatePaymentBalance: true,
    metadata: '{"walletId":"wallet#a1ec0f12-9aaa-42cf-ba7a-b74b41e2710d","deliveryId":"125f8f49-b15c-42da-8413-34e4906e14e4","walletSk":"125f8f49-b15c-42da-8413-34e4906e14e4"}',
    currency: 'BHD',
    amount: 8,
    vat: 0,
    oldBalance: 88,
    newBalance: 80
  }
}

2024-03-26T21:01:08.249Z 2024-03-26T21:01:08.249Z	6960e807-9513-5df3-93ff-b67aacc05a9e	INFO	SubscriptionBalanceUpdated event published

2024-03-26T21:01:08.266Z 2024-03-26T21:01:08.266Z	6960e807-9513-5df3-93ff-b67aacc05a9e	INFO	Processing message 08af98b5-a84b-4985-8bd6-6cc8007d3a9a

2024-03-26T21:01:08.273Z 2024-03-26T21:01:08.273Z	6960e807-9513-5df3-93ff-b67aacc05a9e	INFO	Start syncing the balance {
  transaction: {
    id: '01HSY922CQ092YPC9JPR18S0EP',
    type: 'DEBIT',
    source: 'MANUAL_DEDUCTION',
    action: 'DELIVERY_DEDUCTION',
    userId: 'e43c3e20-d78b-4fdc-b46a-9d72e46f393a',
    paymentBalance: 1777.109,
    updatePaymentBalance: true,
    metadata: '{"walletId":"wallet#e43c3e20-d78b-4fdc-b46a-9d72e46f393a","deliveryId":"03b27fd0-4108-45a7-9d1d-c231bda05558","walletSk":"03b27fd0-4108-45a7-9d1d-c231bda05558"}',
    currency: 'BHD',
    amount: 4,
    vat: 0,
    oldBalance: 1781.109,
    newBalance: 1777.109
  }
}

2024-03-26T21:01:08.329Z 2024-03-26T21:01:08.329Z	6960e807-9513-5df3-93ff-b67aacc05a9e	INFO	SubscriptionBalanceUpdated event published

2024-03-26T21:01:08.342Z 2024-03-26T21:01:08.342Z	6960e807-9513-5df3-93ff-b67aacc05a9e	INFO	Processing message 8698352f-2d79-4fa8-a806-b7b632311c22

2024-03-26T21:01:08.350Z 2024-03-26T21:01:08.350Z	6960e807-9513-5df3-93ff-b67aacc05a9e	INFO	Start syncing the balance {
  transaction: {
    id: '01HSY922BQ1DH33R1Q4ZKT458X',
    type: 'DEBIT',
    source: 'MANUAL_DEDUCTION',
    action: 'DELIVERY_DEDUCTION',
    userId: 'b66d065b-3a4b-4871-9d0c-99701e74c8e9',
    paymentBalance: 27300,
    updatePaymentBalance: true,
    metadata: '{"walletId":"wallet#b66d065b-3a4b-4871-9d0c-99701e74c8e9","deliveryId":"b0ffb9c8-6eac-471c-ac5f-f97e7daef1d0","walletSk":"b0ffb9c8-6eac-471c-ac5f-f97e7daef1d0"}',
    currency: 'SAR',
    amount: 90,
    vat: 0,
    oldBalance: 19722,
    newBalance: 19632
  }
}

2024-03-26T21:01:08.401Z 2024-03-26T21:01:08.401Z	6960e807-9513-5df3-93ff-b67aacc05a9e	INFO	SubscriptionBalanceUpdated event published

2024-03-26T21:01:08.420Z 2024-03-26T21:01:08.420Z	6960e807-9513-5df3-93ff-b67aacc05a9e	ERROR	Subscription balance and payment balance are not in sync {
  userId: 'b66d065b-3a4b-4871-9d0c-99701e74c8e9',
  subscriptionBalance: 19632,
  paymentBalance: 27300
}

2024-03-26T21:01:08.441Z 2024-03-26T21:01:08.441Z	6960e807-9513-5df3-93ff-b67aacc05a9e	INFO	Processing message add41731-962a-4337-acba-daeaca438cf9

2024-03-26T21:01:08.448Z 2024-03-26T21:01:08.448Z	6960e807-9513-5df3-93ff-b67aacc05a9e	INFO	Start syncing the balance {
  transaction: {
    id: '01HSY922N9WVA44QAVD8R39HGE',
    type: 'DEBIT',
    source: 'MANUAL_DEDUCTION',
    action: 'DELIVERY_DEDUCTION',
    userId: '38294265-9cd0-4d9d-a32a-d4731e4fdb98',
    paymentBalance: 80,
    updatePaymentBalance: true,
    metadata: '{"walletId":"wallet#38294265-9cd0-4d9d-a32a-d4731e4fdb98","deliveryId":"4d56c10a-2693-4c2a-9432-acb1636c847f","walletSk":"4d56c10a-2693-4c2a-9432-acb1636c847f"}',
    currency: 'BHD',
    amount: 8,
    vat: 0,
    oldBalance: 88,
    newBalance: 80
  }
}

2024-03-26T21:01:08.515Z 2024-03-26T21:01:08.515Z	6960e807-9513-5df3-93ff-b67aacc05a9e	INFO	SubscriptionBalanceUpdated event published

2024-03-26T21:01:08.531Z 2024-03-26T21:01:08.531Z	6960e807-9513-5df3-93ff-b67aacc05a9e	INFO	Processing message 94b2a362-44ed-4045-b14f-7da9eb19972b

2024-03-26T21:01:08.540Z 2024-03-26T21:01:08.540Z	6960e807-9513-5df3-93ff-b67aacc05a9e	INFO	Start syncing the balance {
  transaction: {
    id: '01HSY922FNHZ8FD6ZW18Y9R0PS',
    type: 'DEBIT',
    source: 'MANUAL_DEDUCTION',
    action: 'DELIVERY_DEDUCTION',
    userId: 'a7c8eb51-8a21-4d1a-a947-d9c711fd67e4',
    paymentBalance: 734.51,
    updatePaymentBalance: true,
    metadata: '{"walletId":"wallet#a7c8eb51-8a21-4d1a-a947-d9c711fd67e4","deliveryId":"b139b341-15f2-4761-868f-e1d3db47b7ce","walletSk":"b139b341-15f2-4761-868f-e1d3db47b7ce"}',
    currency: 'BHD',
    amount: 20.727,
    vat: 0,
    oldBalance: 755.237,
    newBalance: 734.51
  }
}

2024-03-26T21:01:08.598Z 2024-03-26T21:01:08.598Z	6960e807-9513-5df3-93ff-b67aacc05a9e	INFO	SubscriptionBalanceUpdated event published

2024-03-26T21:01:08.611Z 2024-03-26T21:01:08.611Z	6960e807-9513-5df3-93ff-b67aacc05a9e	INFO	Processing message b93aff1d-3e38-4dac-8e06-8706b38ab66b

2024-03-26T21:01:08.617Z 2024-03-26T21:01:08.617Z	6960e807-9513-5df3-93ff-b67aacc05a9e	INFO	Start syncing the balance {
  transaction: {
    id: '01HSY922H8AWSYMH6TFQJ90M8J',
    type: 'DEBIT',
    source: 'MANUAL_DEDUCTION',
    action: 'DELIVERY_DEDUCTION',
    userId: 'ebf35a94-9822-41da-9c95-656d2eedbec6',
    paymentBalance: 96,
    updatePaymentBalance: true,
    metadata: '{"walletId":"wallet#ebf35a94-9822-41da-9c95-656d2eedbec6","deliveryId":"e25664c7-7ad3-4c14-b363-b31098519718","walletSk":"e25664c7-7ad3-4c14-b363-b31098519718"}',
    currency: 'BHD',
    amount: 8,
    vat: 0,
    oldBalance: 104,
    newBalance: 96
  }
}

2024-03-26T21:01:08.668Z 2024-03-26T21:01:08.668Z	6960e807-9513-5df3-93ff-b67aacc05a9e	INFO	SubscriptionBalanceUpdated event published

2024-03-26T21:01:08.702Z END RequestId: 6960e807-9513-5df3-93ff-b67aacc05a9e

2024-03-26T21:01:08.702Z REPORT RequestId: 6960e807-9513-5df3-93ff-b67aacc05a9e	Duration: 902.47 ms	Billed Duration: 903 ms	Memory Size: 1024 MB	Max Memory Used: 130 MB	

2024-03-26T21:01:09.268Z START RequestId: 92732fc4-35a8-5d01-82c6-71b90c7d4b44 Version: $LATEST

2024-03-26T21:01:09.294Z 2024-03-26T21:01:09.294Z	92732fc4-35a8-5d01-82c6-71b90c7d4b44	INFO	Processing message d85de42a-515a-4ebd-943c-86945243c6f3

2024-03-26T21:01:09.308Z 2024-03-26T21:01:09.308Z	92732fc4-35a8-5d01-82c6-71b90c7d4b44	INFO	Start syncing the balance {
  transaction: {
    id: '01HSY9259Q904C9RSGCV9RH2H2',
    type: 'DEBIT',
    source: 'MANUAL_DEDUCTION',
    action: 'DELIVERY_DEDUCTION',
    userId: '461aee88-be38-4d36-8244-522e74ddc424',
    paymentBalance: 147,
    updatePaymentBalance: true,
    metadata: '{"walletId":"wallet#461aee88-be38-4d36-8244-522e74ddc424","deliveryId":"bd1c64c5-2f27-4da5-8f16-af595e5df4e7","walletSk":"bd1c64c5-2f27-4da5-8f16-af595e5df4e7"}',
    currency: 'BHD',
    amount: 10.5,
    vat: 0,
    oldBalance: 157.5,
    newBalance: 147
  }
}

2024-03-26T21:01:09.364Z 2024-03-26T21:01:09.364Z	92732fc4-35a8-5d01-82c6-71b90c7d4b44	INFO	SubscriptionBalanceUpdated event published

2024-03-26T21:01:09.377Z 2024-03-26T21:01:09.377Z	92732fc4-35a8-5d01-82c6-71b90c7d4b44	INFO	Processing message c4303c84-f310-4e13-b703-ad95ff9d52aa

2024-03-26T21:01:09.383Z 2024-03-26T21:01:09.383Z	92732fc4-35a8-5d01-82c6-71b90c7d4b44	INFO	Start syncing the balance {
  transaction: {
    id: '01HSY925BZ48C6GQY8FDB2BTND',
    type: 'DEBIT',
    source: 'MANUAL_DEDUCTION',
    action: 'DELIVERY_DEDUCTION',
    userId: '2c77a724-b701-4868-b804-c96855a3e9d8',
    paymentBalance: 1279.3,
    updatePaymentBalance: true,
    metadata: '{"walletId":"wallet#2c77a724-b701-4868-b804-c96855a3e9d8","deliveryId":"c393e326-f274-4091-98aa-3460d167947c","walletSk":"c393e326-f274-4091-98aa-3460d167947c"}',
    currency: 'BHD',
    amount: 8,
    vat: 0,
    oldBalance: 1287.3,
    newBalance: 1279.3
  }
}

2024-03-26T21:01:09.445Z 2024-03-26T21:01:09.445Z	92732fc4-35a8-5d01-82c6-71b90c7d4b44	INFO	SubscriptionBalanceUpdated event published

2024-03-26T21:01:09.458Z 2024-03-26T21:01:09.458Z	92732fc4-35a8-5d01-82c6-71b90c7d4b44	INFO	Processing message 5b99a4a6-d7ba-4385-903f-a46da0b7b64c

2024-03-26T21:01:09.464Z 2024-03-26T21:01:09.464Z	92732fc4-35a8-5d01-82c6-71b90c7d4b44	INFO	Start syncing the balance {
  transaction: {
    id: '01HSY925G71XP5Y7YMQNMY71AB',
    type: 'DEBIT',
    source: 'MANUAL_DEDUCTION',
    action: 'DELIVERY_DEDUCTION',
    userId: '7b9318f9-b4c3-45e8-8ae0-c12d42adaecc',
    paymentBalance: 200,
    updatePaymentBalance: true,
    metadata: '{"walletId":"wallet#7b9318f9-b4c3-45e8-8ae0-c12d42adaecc","deliveryId":"c9339f47-05e7-4dc4-a221-34e72662997a","walletSk":"c9339f47-05e7-4dc4-a221-34e72662997a"}',
    currency: 'SAR',
    amount: 100,
    vat: 0,
    oldBalance: 300,
    newBalance: 200
  }
}

2024-03-26T21:01:09.519Z 2024-03-26T21:01:09.519Z	92732fc4-35a8-5d01-82c6-71b90c7d4b44	INFO	SubscriptionBalanceUpdated event published

2024-03-26T21:01:09.533Z 2024-03-26T21:01:09.533Z	92732fc4-35a8-5d01-82c6-71b90c7d4b44	INFO	Processing message 9cf0c6bd-04a1-48f7-a155-d8d1de5a69b5

2024-03-26T21:01:09.539Z 2024-03-26T21:01:09.539Z	92732fc4-35a8-5d01-82c6-71b90c7d4b44	INFO	Start syncing the balance {
  transaction: {
    id: '01HSY925GRWZDG07SR04R9E1T2',
    type: 'DEBIT',
    source: 'MANUAL_DEDUCTION',
    action: 'DELIVERY_DEDUCTION',
    userId: '72b8eeff-c0f0-4665-bbbe-a1b1a6730a51',
    paymentBalance: 410.7,
    updatePaymentBalance: true,
    metadata: '{"walletId":"wallet#72b8eeff-c0f0-4665-bbbe-a1b1a6730a51","deliveryId":"0dbb674b-3502-491f-81cc-43378aa8e522","walletSk":"0dbb674b-3502-491f-81cc-43378aa8e522"}',
    currency: 'AED',
    amount: 107,
    vat: 0,
    oldBalance: 774.5,
    newBalance: 667.5
  }
}

2024-03-26T21:01:09.586Z 2024-03-26T21:01:09.586Z	92732fc4-35a8-5d01-82c6-71b90c7d4b44	INFO	SubscriptionBalanceUpdated event published

2024-03-26T21:01:09.604Z 2024-03-26T21:01:09.604Z	92732fc4-35a8-5d01-82c6-71b90c7d4b44	ERROR	Subscription balance and payment balance are not in sync {
  userId: '72b8eeff-c0f0-4665-bbbe-a1b1a6730a51',
  subscriptionBalance: 667.5,
  paymentBalance: 410.7
}

2024-03-26T21:01:09.627Z 2024-03-26T21:01:09.627Z	92732fc4-35a8-5d01-82c6-71b90c7d4b44	INFO	Processing message b7d44566-9f5e-4420-a5c1-2084ae3e528f

2024-03-26T21:01:09.634Z 2024-03-26T21:01:09.634Z	92732fc4-35a8-5d01-82c6-71b90c7d4b44	INFO	Start syncing the balance {
  transaction: {
    id: '01HSY925NVAY7TB7M27GFTJBTW',
    type: 'DEBIT',
    source: 'MANUAL_DEDUCTION',
    action: 'DELIVERY_DEDUCTION',
    userId: '300b456f-957b-4d9d-96fc-a30b83f0327d',
    paymentBalance: 56,
    updatePaymentBalance: true,
    metadata: '{"walletId":"wallet#300b456f-957b-4d9d-96fc-a30b83f0327d","deliveryId":"8f9a9cd6-b30d-419b-b471-1f721631f78d","walletSk":"8f9a9cd6-b30d-419b-b471-1f721631f78d"}',
    currency: 'BHD',
    amount: 8,
    vat: 0,
    oldBalance: 64,
    newBalance: 56
  }
}

2024-03-26T21:01:09.755Z 2024-03-26T21:01:09.755Z	92732fc4-35a8-5d01-82c6-71b90c7d4b44	INFO	SubscriptionBalanceUpdated event published

2024-03-26T21:01:09.767Z 2024-03-26T21:01:09.767Z	92732fc4-35a8-5d01-82c6-71b90c7d4b44	INFO	Processing message cd444d93-511c-4420-97a0-530fa0c619cd

2024-03-26T21:01:09.776Z 2024-03-26T21:01:09.776Z	92732fc4-35a8-5d01-82c6-71b90c7d4b44	INFO	Start syncing the balance {
  transaction: {
    id: '01HSY925S08N3M36KAWPCGSZS2',
    type: 'DEBIT',
    source: 'MANUAL_DEDUCTION',
    action: 'DELIVERY_DEDUCTION',
    userId: 'c06b6e73-2183-49c1-ba4b-78c66dab5f0d',
    paymentBalance: 90.6,
    updatePaymentBalance: true,
    metadata: '{"walletId":"wallet#c06b6e73-2183-49c1-ba4b-78c66dab5f0d","deliveryId":"8d55c617-55f6-46d6-b7ad-5ad287fe8937","walletSk":"8d55c617-55f6-46d6-b7ad-5ad287fe8937"}',
    currency: 'BHD',
    amount: 4,
    vat: 0,
    oldBalance: 94.6,
    newBalance: 90.6
  }
}

2024-03-26T21:01:09.874Z 2024-03-26T21:01:09.874Z	92732fc4-35a8-5d01-82c6-71b90c7d4b44	INFO	SubscriptionBalanceUpdated event published

2024-03-26T21:01:09.888Z 2024-03-26T21:01:09.888Z	92732fc4-35a8-5d01-82c6-71b90c7d4b44	INFO	Processing message 93a9a21c-1b22-4043-95ec-ef9a496fe293

2024-03-26T21:01:09.894Z 2024-03-26T21:01:09.894Z	92732fc4-35a8-5d01-82c6-71b90c7d4b44	INFO	Start syncing the balance {
  transaction: {
    id: '01HSY925TG0CEG312FE4KEGTDJ',
    type: 'DEBIT',
    source: 'MANUAL_DEDUCTION',
    action: 'DELIVERY_DEDUCTION',
    userId: 'abe9ebb8-d96b-4d3c-9b13-a3c4e22332cc',
    paymentBalance: 1080,
    updatePaymentBalance: true,
    metadata: '{"walletId":"wallet#abe9ebb8-d96b-4d3c-9b13-a3c4e22332cc","deliveryId":"18c6b039-55eb-43e4-a921-ea475753f215","walletSk":"18c6b039-55eb-43e4-a921-ea475753f215"}',
    currency: 'SAR',
    amount: 90,
    vat: 0,
    oldBalance: 1170,
    newBalance: 1080
  }
}

2024-03-26T21:01:09.951Z 2024-03-26T21:01:09.951Z	92732fc4-35a8-5d01-82c6-71b90c7d4b44	INFO	SubscriptionBalanceUpdated event published

2024-03-26T21:01:09.976Z 2024-03-26T21:01:09.976Z	92732fc4-35a8-5d01-82c6-71b90c7d4b44	INFO	Processing message 05149ba9-318f-47fb-8338-875ad53b56f1

2024-03-26T21:01:09.982Z 2024-03-26T21:01:09.982Z	92732fc4-35a8-5d01-82c6-71b90c7d4b44	INFO	Start syncing the balance {
  transaction: {
    id: '01HSY9262C4Q8BW3EYNR45NF5T',
    type: 'DEBIT',
    source: 'MANUAL_DEDUCTION',
    action: 'DELIVERY_DEDUCTION',
    userId: '5d03c516-74a1-4fec-a784-df1c63ef3294',
    paymentBalance: 80,
    updatePaymentBalance: true,
    metadata: '{"walletId":"wallet#5d03c516-74a1-4fec-a784-df1c63ef3294","deliveryId":"57156f16-29ae-49e6-854e-53e2068bbcac","walletSk":"57156f16-29ae-49e6-854e-53e2068bbcac"}',
    currency: 'BHD',
    amount: 8,
    vat: 0,
    oldBalance: 88,
    newBalance: 80
  }
}

2024-03-26T21:01:10.036Z 2024-03-26T21:01:10.036Z	92732fc4-35a8-5d01-82c6-71b90c7d4b44	INFO	SubscriptionBalanceUpdated event published

2024-03-26T21:01:10.050Z 2024-03-26T21:01:10.050Z	92732fc4-35a8-5d01-82c6-71b90c7d4b44	INFO	Processing message c62fdff0-d52a-42f2-bf86-16ae1f550b79

2024-03-26T21:01:10.058Z 2024-03-26T21:01:10.058Z	92732fc4-35a8-5d01-82c6-71b90c7d4b44	INFO	Start syncing the balance {
  transaction: {
    id: '01HSY9261FBE7Y16ZM4RVXWQQ1',
    type: 'DEBIT',
    source: 'MANUAL_DEDUCTION',
    action: 'DELIVERY_DEDUCTION',
    userId: '148aacab-07be-4a6a-8827-a02ea043df6a',
    paymentBalance: 1200,
    updatePaymentBalance: true,
    metadata: '{"walletId":"wallet#148aacab-07be-4a6a-8827-a02ea043df6a","deliveryId":"254f6535-948a-476f-8937-894ec09907c4","walletSk":"254f6535-948a-476f-8937-894ec09907c4"}',
    currency: 'SAR',
    amount: 100,
    vat: 0,
    oldBalance: 1300,
    newBalance: 1200
  }
}

2024-03-26T21:01:10.112Z 2024-03-26T21:01:10.112Z	92732fc4-35a8-5d01-82c6-71b90c7d4b44	INFO	SubscriptionBalanceUpdated event published

2024-03-26T21:01:10.124Z 2024-03-26T21:01:10.124Z	92732fc4-35a8-5d01-82c6-71b90c7d4b44	INFO	Processing message 89e14af8-4ce3-4e36-a1ef-a70a2d4aed49

2024-03-26T21:01:10.130Z 2024-03-26T21:01:10.130Z	92732fc4-35a8-5d01-82c6-71b90c7d4b44	INFO	Start syncing the balance {
  transaction: {
    id: '01HSY926A08BFH3W5S2NEJ2AC9',
    type: 'DEBIT',
    source: 'MANUAL_DEDUCTION',
    action: 'DELIVERY_DEDUCTION',
    userId: '073d8401-e882-4dc0-a104-c212f6019ebd',
    paymentBalance: 280,
    updatePaymentBalance: true,
    metadata: '{"walletId":"wallet#073d8401-e882-4dc0-a104-c212f6019ebd","deliveryId":"1ede7e1d-6243-49fd-9139-9496bda42f8b","walletSk":"1ede7e1d-6243-49fd-9139-9496bda42f8b"}',
    currency: 'SAR',
    amount: 70,
    vat: 0,
    oldBalance: 350,
    newBalance: 280
  }
}

2024-03-26T21:01:10.185Z 2024-03-26T21:01:10.185Z	92732fc4-35a8-5d01-82c6-71b90c7d4b44	INFO	SubscriptionBalanceUpdated event published

2024-03-26T21:01:10.200Z END RequestId: 92732fc4-35a8-5d01-82c6-71b90c7d4b44

2024-03-26T21:01:10.200Z REPORT RequestId: 92732fc4-35a8-5d01-82c6-71b90c7d4b44	Duration: 932.56 ms	Billed Duration: 933 ms	Memory Size: 1024 MB	Max Memory Used: 131 MB	
XRAY TraceId: 1-66033795-c54ff57be1e9511810c986e8	SegmentId: 5efc20e00dcb654e	Sampled: true	

2024-03-26T21:01:10.219Z START RequestId: fd5e40a5-bcbe-5e7e-a19f-1ed885686913 Version: $LATEST

2024-03-26T21:01:10.234Z 2024-03-26T21:01:10.234Z	fd5e40a5-bcbe-5e7e-a19f-1ed885686913	INFO	Processing message 1706b41f-5907-48c5-a234-91c46166b810

2024-03-26T21:01:10.240Z 2024-03-26T21:01:10.240Z	fd5e40a5-bcbe-5e7e-a19f-1ed885686913	INFO	Start syncing the balance {
  transaction: {
    id: '01HSY9288F0G6SBZ7RHXW048QV',
    type: 'DEBIT',
    source: 'MANUAL_DEDUCTION',
    action: 'DELIVERY_DEDUCTION',
    userId: '5afbb073-9784-45f8-ad1d-5cda26f45748',
    paymentBalance: 292,
    updatePaymentBalance: true,
    metadata: '{"walletId":"wallet#5afbb073-9784-45f8-ad1d-5cda26f45748","deliveryId":"e8effb6b-2db6-4103-b36b-e65b87cbe408","walletSk":"e8effb6b-2db6-4103-b36b-e65b87cbe408"}',
    currency: 'BHD',
    amount: 9,
    vat: 0,
    oldBalance: 171,
    newBalance: 162
  }
}

2024-03-26T21:01:10.296Z 2024-03-26T21:01:10.296Z	fd5e40a5-bcbe-5e7e-a19f-1ed885686913	INFO	SubscriptionBalanceUpdated event published

2024-03-26T21:01:10.310Z 2024-03-26T21:01:10.310Z	fd5e40a5-bcbe-5e7e-a19f-1ed885686913	ERROR	Subscription balance and payment balance are not in sync {
  userId: '5afbb073-9784-45f8-ad1d-5cda26f45748',
  subscriptionBalance: 162,
  paymentBalance: 292
}

2024-03-26T21:01:10.330Z 2024-03-26T21:01:10.330Z	fd5e40a5-bcbe-5e7e-a19f-1ed885686913	INFO	Processing message 4e1ee63f-581a-4c25-8a67-c101eb5bd98e

2024-03-26T21:01:10.335Z 2024-03-26T21:01:10.335Z	fd5e40a5-bcbe-5e7e-a19f-1ed885686913	INFO	Start syncing the balance {
  transaction: {
    id: '01HSY9285MT9ZMD6E4QPYACYXK',
    type: 'DEBIT',
    source: 'MANUAL_DEDUCTION',
    action: 'DELIVERY_DEDUCTION',
    userId: 'e35d763e-f15e-41ac-8e18-a0a58635ea99',
    paymentBalance: 96,
    updatePaymentBalance: true,
    metadata: '{"walletId":"wallet#e35d763e-f15e-41ac-8e18-a0a58635ea99","deliveryId":"9c4bbf64-9bfb-410f-844c-a3e0364dcfd9","walletSk":"9c4bbf64-9bfb-410f-844c-a3e0364dcfd9"}',
    currency: 'BHD',
    amount: 8,
    vat: 0,
    oldBalance: 104,
    newBalance: 96
  }
}

2024-03-26T21:01:10.396Z 2024-03-26T21:01:10.396Z	fd5e40a5-bcbe-5e7e-a19f-1ed885686913	INFO	SubscriptionBalanceUpdated event published

2024-03-26T21:01:10.410Z END RequestId: fd5e40a5-bcbe-5e7e-a19f-1ed885686913

2024-03-26T21:01:10.410Z REPORT RequestId: fd5e40a5-bcbe-5e7e-a19f-1ed885686913	Duration: 190.51 ms	Billed Duration: 191 ms	Memory Size: 1024 MB	Max Memory Used: 131 MB	

2024-03-26T21:01:10.532Z START RequestId: 7c0300c7-0040-506e-ac1d-5eba3995f62b Version: $LATEST

2024-03-26T21:01:10.559Z 2024-03-26T21:01:10.559Z	7c0300c7-0040-506e-ac1d-5eba3995f62b	INFO	Processing message 8b081bd6-00eb-4017-afb7-04575dcccd0f

2024-03-26T21:01:10.565Z 2024-03-26T21:01:10.565Z	7c0300c7-0040-506e-ac1d-5eba3995f62b	INFO	Start syncing the balance {
  transaction: {
    id: '01HSY927Z3FFHCN1Q5M35MAQH5',
    type: 'DEBIT',
    source: 'MANUAL_DEDUCTION',
    action: 'DELIVERY_DEDUCTION',
    userId: '770414b6-2b25-4782-97c1-f69d6d558737',
    paymentBalance: 2185,
    updatePaymentBalance: true,
    metadata: '{"walletId":"wallet#770414b6-2b25-4782-97c1-f69d6d558737","deliveryId":"ca9e9783-fb51-4186-b804-defee6df419a","walletSk":"ca9e9783-fb51-4186-b804-defee6df419a"}',
    currency: 'SAR',
    amount: 90,
    vat: 0,
    oldBalance: 2275,
    newBalance: 2185
  }
}

2024-03-26T21:01:10.610Z 2024-03-26T21:01:10.610Z	7c0300c7-0040-506e-ac1d-5eba3995f62b	INFO	SubscriptionBalanceUpdated event published

2024-03-26T21:01:10.627Z 2024-03-26T21:01:10.627Z	7c0300c7-0040-506e-ac1d-5eba3995f62b	INFO	Processing message de326c6e-270a-4a41-95f8-7f1d89a8418f

2024-03-26T21:01:10.633Z 2024-03-26T21:01:10.633Z	7c0300c7-0040-506e-ac1d-5eba3995f62b	INFO	Start syncing the balance {
  transaction: {
    id: '01HSY9283DDGP9M7RSWW2H3QRH',
    type: 'DEBIT',
    source: 'MANUAL_DEDUCTION',
    action: 'DELIVERY_DEDUCTION',
    userId: 'd2f1ae61-0b7a-4892-8bf3-774ebfa3b7ac',
    paymentBalance: 84,
    updatePaymentBalance: true,
    metadata: '{"walletId":"wallet#d2f1ae61-0b7a-4892-8bf3-774ebfa3b7ac","deliveryId":"92da706e-419e-4ea7-8803-e89dae315cc3","walletSk":"92da706e-419e-4ea7-8803-e89dae315cc3"}',
    currency: 'BHD',
    amount: 10.5,
    vat: 0,
    oldBalance: 94.5,
    newBalance: 84
  }
}

2024-03-26T21:01:10.697Z 2024-03-26T21:01:10.697Z	7c0300c7-0040-506e-ac1d-5eba3995f62b	INFO	SubscriptionBalanceUpdated event published

2024-03-26T21:01:10.716Z END RequestId: 7c0300c7-0040-506e-ac1d-5eba3995f62b

2024-03-26T21:01:10.716Z REPORT RequestId: 7c0300c7-0040-506e-ac1d-5eba3995f62b	Duration: 183.35 ms	Billed Duration: 184 ms	Memory Size: 1024 MB	Max Memory Used: 131 MB	

2024-03-26T21:01:11.994Z START RequestId: 377f3ee2-07a3-5b5e-a810-609f3e74fcdb Version: $LATEST

2024-03-26T21:01:12.026Z 2024-03-26T21:01:12.026Z	377f3ee2-07a3-5b5e-a810-609f3e74fcdb	INFO	Processing message b84f4b2b-8e2a-43db-94b9-f7cfaf80dd25

2024-03-26T21:01:12.032Z 2024-03-26T21:01:12.032Z	377f3ee2-07a3-5b5e-a810-609f3e74fcdb	INFO	Start syncing the balance {
  transaction: {
    id: '01HSY929YS6PSKFRAVRNSKQSQ4',
    type: 'DEBIT',
    source: 'MANUAL_DEDUCTION',
    action: 'DELIVERY_DEDUCTION',
    userId: '26c3588a-3771-4c4f-9b9f-7a456dc81c3c',
    paymentBalance: 56,
    updatePaymentBalance: true,
    metadata: '{"walletId":"wallet#26c3588a-3771-4c4f-9b9f-7a456dc81c3c","deliveryId":"4e19f044-8dfc-4ed9-9393-3e03978270cd","walletSk":"4e19f044-8dfc-4ed9-9393-3e03978270cd"}',
    currency: 'BHD',
    amount: 8,
    vat: 0,
    oldBalance: 64,
    newBalance: 56
  }
}

2024-03-26T21:01:12.084Z 2024-03-26T21:01:12.084Z	377f3ee2-07a3-5b5e-a810-609f3e74fcdb	INFO	SubscriptionBalanceUpdated event published

2024-03-26T21:01:12.099Z END RequestId: 377f3ee2-07a3-5b5e-a810-609f3e74fcdb

2024-03-26T21:01:12.099Z REPORT RequestId: 377f3ee2-07a3-5b5e-a810-609f3e74fcdb	Duration: 105.06 ms	Billed Duration: 106 ms	Memory Size: 1024 MB	Max Memory Used: 131 MB	

2024-03-26T21:01:12.144Z START RequestId: 5e1dd741-fb09-5ba3-b64f-893cc2d1ede6 Version: $LATEST

2024-03-26T21:01:12.166Z 2024-03-26T21:01:12.166Z	5e1dd741-fb09-5ba3-b64f-893cc2d1ede6	INFO	Processing message 8814ab46-0bca-4597-81dc-a795084e47e7

2024-03-26T21:01:12.172Z 2024-03-26T21:01:12.172Z	5e1dd741-fb09-5ba3-b64f-893cc2d1ede6	INFO	Start syncing the balance {
  transaction: {
    id: '01HSY92A14Z85R7D6RSEC9M87X',
    type: 'DEBIT',
    source: 'MANUAL_DEDUCTION',
    action: 'DELIVERY_DEDUCTION',
    userId: '78fc4995-9960-449a-b6aa-80f47ff25403',
    paymentBalance: 9,
    updatePaymentBalance: true,
    metadata: '{"walletId":"wallet#78fc4995-9960-449a-b6aa-80f47ff25403","deliveryId":"e510630b-3d2e-4144-bc03-86d701573dfe","walletSk":"e510630b-3d2e-4144-bc03-86d701573dfe"}',
    currency: 'BHD',
    amount: 9,
    vat: 0,
    oldBalance: 18,
    newBalance: 9
  }
}

2024-03-26T21:01:12.246Z 2024-03-26T21:01:12.246Z	5e1dd741-fb09-5ba3-b64f-893cc2d1ede6	INFO	SubscriptionBalanceUpdated event published

2024-03-26T21:01:12.259Z 2024-03-26T21:01:12.259Z	5e1dd741-fb09-5ba3-b64f-893cc2d1ede6	INFO	Processing message 414ac732-9f57-4a18-8cdf-14c839b0e4b0

2024-03-26T21:01:12.265Z 2024-03-26T21:01:12.265Z	5e1dd741-fb09-5ba3-b64f-893cc2d1ede6	INFO	Start syncing the balance {
  transaction: {
    id: '01HSY92A4A9FBW3XN0EDAZHDT0',
    type: 'DEBIT',
    source: 'MANUAL_DEDUCTION',
    action: 'DELIVERY_DEDUCTION',
    userId: '1fd1d3ef-382a-4cad-9a25-2bb8ccb6ab3f',
    paymentBalance: 126.636,
    updatePaymentBalance: true,
    metadata: '{"walletId":"wallet#1fd1d3ef-382a-4cad-9a25-2bb8ccb6ab3f","deliveryId":"fea80a7f-ca2d-4dca-a0eb-e52dd2a2b91c","walletSk":"fea80a7f-ca2d-4dca-a0eb-e52dd2a2b91c"}',
    currency: 'BHD',
    amount: 8,
    vat: 0,
    oldBalance: 134.636,
    newBalance: 126.636
  }
}

2024-03-26T21:01:12.339Z 2024-03-26T21:01:12.339Z	5e1dd741-fb09-5ba3-b64f-893cc2d1ede6	INFO	SubscriptionBalanceUpdated event published

2024-03-26T21:01:12.354Z END RequestId: 5e1dd741-fb09-5ba3-b64f-893cc2d1ede6

2024-03-26T21:01:12.354Z REPORT RequestId: 5e1dd741-fb09-5ba3-b64f-893cc2d1ede6	Duration: 210.33 ms	Billed Duration: 211 ms	Memory Size: 1024 MB	Max Memory Used: 131 MB	

2024-03-26T21:01:12.453Z START RequestId: 97762a9a-ab76-5471-91e5-74e792aee3f4 Version: $LATEST

2024-03-26T21:01:12.479Z 2024-03-26T21:01:12.479Z	97762a9a-ab76-5471-91e5-74e792aee3f4	INFO	Processing message cd891934-7500-4979-aa35-0ffdfb8685e0

2024-03-26T21:01:12.486Z 2024-03-26T21:01:12.486Z	97762a9a-ab76-5471-91e5-74e792aee3f4	INFO	Start syncing the balance {
  transaction: {
    id: '01HSY92AAFTD6S9V82VYYTKB4E',
    type: 'DEBIT',
    source: 'MANUAL_DEDUCTION',
    action: 'DELIVERY_DEDUCTION',
    userId: '093c272c-609b-4621-9807-b12024fe508d',
    paymentBalance: 1575,
    updatePaymentBalance: true,
    metadata: '{"walletId":"wallet#093c272c-609b-4621-9807-b12024fe508d","deliveryId":"57ffce67-111f-4599-92d9-adcf45c9f2c1","walletSk":"57ffce67-111f-4599-92d9-adcf45c9f2c1"}',
    currency: 'SAR',
    amount: 105,
    vat: 0,
    oldBalance: 1680,
    newBalance: 1575
  }
}

2024-03-26T21:01:12.534Z 2024-03-26T21:01:12.534Z	97762a9a-ab76-5471-91e5-74e792aee3f4	INFO	SubscriptionBalanceUpdated event published

2024-03-26T21:01:12.547Z 2024-03-26T21:01:12.547Z	97762a9a-ab76-5471-91e5-74e792aee3f4	INFO	Processing message f6723b32-3586-4db7-8a11-6c578ac7d308

2024-03-26T21:01:12.552Z 2024-03-26T21:01:12.552Z	97762a9a-ab76-5471-91e5-74e792aee3f4	INFO	Start syncing the balance {
  transaction: {
    id: '01HSY92ADY7BK01SS44JAK91W8',
    type: 'DEBIT',
    source: 'MANUAL_DEDUCTION',
    action: 'DELIVERY_DEDUCTION',
    userId: 'a6db30c1-5d78-471c-b1e7-007c345db06a',
    paymentBalance: 180,
    updatePaymentBalance: true,
    metadata: '{"walletId":"wallet#a6db30c1-5d78-471c-b1e7-007c345db06a","deliveryId":"0c66cc6f-4a91-4880-8ffc-442373d54d62","walletSk":"0c66cc6f-4a91-4880-8ffc-442373d54d62"}',
    currency: 'SAR',
    amount: 90,
    vat: 0,
    oldBalance: 270,
    newBalance: 180
  }
}

2024-03-26T21:01:12.601Z 2024-03-26T21:01:12.601Z	97762a9a-ab76-5471-91e5-74e792aee3f4	INFO	SubscriptionBalanceUpdated event published

2024-03-26T21:01:12.615Z END RequestId: 97762a9a-ab76-5471-91e5-74e792aee3f4

2024-03-26T21:01:12.615Z REPORT RequestId: 97762a9a-ab76-5471-91e5-74e792aee3f4	Duration: 162.81 ms	Billed Duration: 163 ms	Memory Size: 1024 MB	Max Memory Used: 131 MB	

2024-03-26T21:01:13.249Z START RequestId: e6bf2ac6-88fe-5297-aa07-74bbb127c3ac Version: $LATEST

2024-03-26T21:01:13.276Z 2024-03-26T21:01:13.276Z	e6bf2ac6-88fe-5297-aa07-74bbb127c3ac	INFO	Processing message 48595a49-e405-4017-b781-8a7652f8ad89

2024-03-26T21:01:13.282Z 2024-03-26T21:01:13.282Z	e6bf2ac6-88fe-5297-aa07-74bbb127c3ac	INFO	Start syncing the balance {
  transaction: {
    id: '01HSY92B8ZJHZBH4ZZS8J2WM42',
    type: 'DEBIT',
    source: 'MANUAL_DEDUCTION',
    action: 'DELIVERY_DEDUCTION',
    userId: 'ed3dc329-d66f-4fb7-8e3b-99a0034ff60f',
    paymentBalance: 60,
    updatePaymentBalance: true,
    metadata: '{"walletId":"wallet#ed3dc329-d66f-4fb7-8e3b-99a0034ff60f","deliveryId":"91ebc5c4-7d92-4bbc-8c6e-7a03e28b23be","walletSk":"91ebc5c4-7d92-4bbc-8c6e-7a03e28b23be"}',
    currency: 'BHD',
    amount: 5,
    vat: 0,
    oldBalance: 65,
    newBalance: 60
  }
}

2024-03-26T21:01:13.333Z 2024-03-26T21:01:13.333Z	e6bf2ac6-88fe-5297-aa07-74bbb127c3ac	INFO	SubscriptionBalanceUpdated event published

2024-03-26T21:01:13.349Z END RequestId: e6bf2ac6-88fe-5297-aa07-74bbb127c3ac

2024-03-26T21:01:13.349Z REPORT RequestId: e6bf2ac6-88fe-5297-aa07-74bbb127c3ac	Duration: 100.46 ms	Billed Duration: 101 ms	Memory Size: 1024 MB	Max Memory Used: 131 MB	
XRAY TraceId: 1-66033799-f02996e58481bf4e6a237266	SegmentId: 0a9c0ac17bc438e7	Sampled: true	

2024-03-26T21:01:13.494Z START RequestId: 3f053c70-7503-5331-b2d7-620d4cda720a Version: $LATEST

2024-03-26T21:01:13.518Z 2024-03-26T21:01:13.518Z	3f053c70-7503-5331-b2d7-620d4cda720a	INFO	Processing message ebda3e52-2d46-4adf-afd0-16a5c8d21ad9

2024-03-26T21:01:13.526Z 2024-03-26T21:01:13.526Z	3f053c70-7503-5331-b2d7-620d4cda720a	INFO	Start syncing the balance {
  transaction: {
    id: '01HSY92BP9W1VRNJWGPZJZA3X9',
    type: 'DEBIT',
    source: 'MANUAL_DEDUCTION',
    action: 'DELIVERY_DEDUCTION',
    userId: '1306427b-7f89-48fd-8bf0-ee859c8b95d4',
    paymentBalance: 51791,
    updatePaymentBalance: true,
    metadata: '{"walletId":"wallet#1306427b-7f89-48fd-8bf0-ee859c8b95d4","deliveryId":"6af7a0f9-4de7-4bb1-89ca-ad05d78f4f67","walletSk":"6af7a0f9-4de7-4bb1-89ca-ad05d78f4f67"}',
    currency: 'SAR',
    amount: 81,
    vat: 0,
    oldBalance: 51872,
    newBalance: 51791
  }
}

2024-03-26T21:01:13.586Z 2024-03-26T21:01:13.586Z	3f053c70-7503-5331-b2d7-620d4cda720a	INFO	SubscriptionBalanceUpdated event published

2024-03-26T21:01:13.603Z END RequestId: 3f053c70-7503-5331-b2d7-620d4cda720a

2024-03-26T21:01:13.603Z REPORT RequestId: 3f053c70-7503-5331-b2d7-620d4cda720a	Duration: 109.33 ms	Billed Duration: 110 ms	Memory Size: 1024 MB	Max Memory Used: 131 MB	

2024-03-26T21:01:13.757Z START RequestId: 5622d556-f65c-569e-be25-8b2bcf85d7a5 Version: $LATEST

2024-03-26T21:01:13.783Z 2024-03-26T21:01:13.783Z	5622d556-f65c-569e-be25-8b2bcf85d7a5	INFO	Processing message 6e3067f8-fc7e-4c74-8dd0-484b32e2dd4f

2024-03-26T21:01:13.789Z 2024-03-26T21:01:13.789Z	5622d556-f65c-569e-be25-8b2bcf85d7a5	INFO	Start syncing the balance {
  transaction: {
    id: '01HSY92BVNETS8WKQEAPN49DZP',
    type: 'DEBIT',
    source: 'MANUAL_DEDUCTION',
    action: 'DELIVERY_DEDUCTION',
    userId: '8e488312-52a1-4506-a475-ee43b0811373',
    paymentBalance: 40.8,
    updatePaymentBalance: true,
    metadata: '{"walletId":"wallet#8e488312-52a1-4506-a475-ee43b0811373","deliveryId":"5f84fb27-b39a-4b51-9403-1c8b0eb0ad98","walletSk":"5f84fb27-b39a-4b51-9403-1c8b0eb0ad98"}',
    currency: 'SAR',
    amount: 54,
    vat: 0,
    oldBalance: 94.8,
    newBalance: 40.8
  }
}

2024-03-26T21:01:13.839Z 2024-03-26T21:01:13.839Z	5622d556-f65c-569e-be25-8b2bcf85d7a5	INFO	SubscriptionBalanceUpdated event published

2024-03-26T21:01:13.854Z END RequestId: 5622d556-f65c-569e-be25-8b2bcf85d7a5

2024-03-26T21:01:13.854Z REPORT RequestId: 5622d556-f65c-569e-be25-8b2bcf85d7a5	Duration: 97.79 ms	Billed Duration: 98 ms	Memory Size: 1024 MB	Max Memory Used: 131 MB	

2024-03-26T21:01:13.995Z START RequestId: c1e3cdb6-45a5-5737-9cef-93cb7c7c70b2 Version: $LATEST

2024-03-26T21:01:14.010Z 2024-03-26T21:01:14.010Z	c1e3cdb6-45a5-5737-9cef-93cb7c7c70b2	INFO	Processing message 820031df-6dfa-4a01-acd1-2dbf908a726a

2024-03-26T21:01:14.016Z 2024-03-26T21:01:14.016Z	c1e3cdb6-45a5-5737-9cef-93cb7c7c70b2	INFO	Start syncing the balance {
  transaction: {
    id: '01HSY92C37BWQMM6558CQAKHVS',
    type: 'DEBIT',
    source: 'MANUAL_DEDUCTION',
    action: 'DELIVERY_DEDUCTION',
    userId: '2ce08ce4-2c63-4e7e-84aa-79b8a520bdbc',
    paymentBalance: 2356.5,
    updatePaymentBalance: true,
    metadata: '{"walletId":"wallet#2ce08ce4-2c63-4e7e-84aa-79b8a520bdbc","deliveryId":"d9166919-098a-43e9-86f6-74cfa580a2db","walletSk":"d9166919-098a-43e9-86f6-74cfa580a2db"}',
    currency: 'SAR',
    amount: 81,
    vat: 0,
    oldBalance: 2437.5,
    newBalance: 2356.5
  }
}

2024-03-26T21:01:14.065Z 2024-03-26T21:01:14.065Z	c1e3cdb6-45a5-5737-9cef-93cb7c7c70b2	INFO	SubscriptionBalanceUpdated event published

2024-03-26T21:01:14.080Z END RequestId: c1e3cdb6-45a5-5737-9cef-93cb7c7c70b2

2024-03-26T21:01:14.080Z REPORT RequestId: c1e3cdb6-45a5-5737-9cef-93cb7c7c70b2	Duration: 85.10 ms	Billed Duration: 86 ms	Memory Size: 1024 MB	Max Memory Used: 131 MB	

2024-03-26T21:01:14.230Z START RequestId: 7019b57c-c660-5692-bd88-eb01ffb967a9 Version: $LATEST

2024-03-26T21:01:14.243Z 2024-03-26T21:01:14.243Z	7019b57c-c660-5692-bd88-eb01ffb967a9	INFO	Processing message 59beeb1c-77a6-4434-905b-27d14aec885a

2024-03-26T21:01:14.252Z 2024-03-26T21:01:14.252Z	7019b57c-c660-5692-bd88-eb01ffb967a9	INFO	Start syncing the balance {
  transaction: {
    id: '01HSY92CC7XVBTS58AY2D6PAWP',
    type: 'DEBIT',
    source: 'MANUAL_DEDUCTION',
    action: 'DELIVERY_DEDUCTION',
    userId: 'eb6a1409-5026-4d2f-8124-bc37006fb11a',
    paymentBalance: 1100,
    updatePaymentBalance: true,
    metadata: '{"walletId":"wallet#eb6a1409-5026-4d2f-8124-bc37006fb11a","deliveryId":"9a0d8287-15f2-4f70-b7aa-e822699cabbd","walletSk":"9a0d8287-15f2-4f70-b7aa-e822699cabbd"}',
    currency: 'SAR',
    amount: 90,
    vat: 0,
    oldBalance: 1190,
    newBalance: 1100
  }
}

2024-03-26T21:01:14.297Z 2024-03-26T21:01:14.297Z	7019b57c-c660-5692-bd88-eb01ffb967a9	INFO	SubscriptionBalanceUpdated event published

2024-03-26T21:01:14.312Z END RequestId: 7019b57c-c660-5692-bd88-eb01ffb967a9

2024-03-26T21:01:14.312Z REPORT RequestId: 7019b57c-c660-5692-bd88-eb01ffb967a9	Duration: 82.38 ms	Billed Duration: 83 ms	Memory Size: 1024 MB	Max Memory Used: 131 MB	

2024-03-26T21:01:14.553Z START RequestId: 5c5b172d-55f9-51e8-aeb0-49506c23e0d3 Version: $LATEST

2024-03-26T21:01:14.581Z 2024-03-26T21:01:14.581Z	5c5b172d-55f9-51e8-aeb0-49506c23e0d3	INFO	Processing message 3550f569-2814-4217-a82a-c5e15bf86c90

2024-03-26T21:01:14.587Z 2024-03-26T21:01:14.587Z	5c5b172d-55f9-51e8-aeb0-49506c23e0d3	INFO	Start syncing the balance {
  transaction: {
    id: '01HSY92CQT44MYKYJNYTP5SPX4',
    type: 'DEBIT',
    source: 'MANUAL_DEDUCTION',
    action: 'DELIVERY_DEDUCTION',
    userId: 'aeef3ca4-7aa3-4769-94f9-9f50a4dc2306',
    paymentBalance: 96,
    updatePaymentBalance: true,
    metadata: '{"walletId":"wallet#aeef3ca4-7aa3-4769-94f9-9f50a4dc2306","deliveryId":"b78d371c-5e2c-4efa-8dda-981f0b2ac20e","walletSk":"b78d371c-5e2c-4efa-8dda-981f0b2ac20e"}',
    currency: 'BHD',
    amount: 8,
    vat: 0,
    oldBalance: 104,
    newBalance: 96
  }
}

2024-03-26T21:01:14.636Z 2024-03-26T21:01:14.636Z	5c5b172d-55f9-51e8-aeb0-49506c23e0d3	INFO	SubscriptionBalanceUpdated event published

2024-03-26T21:01:14.647Z 2024-03-26T21:01:14.647Z	5c5b172d-55f9-51e8-aeb0-49506c23e0d3	INFO	Processing message da6c78a2-463e-4682-987a-8f43e0cc5c14

2024-03-26T21:01:14.654Z 2024-03-26T21:01:14.654Z	5c5b172d-55f9-51e8-aeb0-49506c23e0d3	INFO	Start syncing the balance {
  transaction: {
    id: '01HSY92CMSYSSTBY7YZZSWQE6H',
    type: 'DEBIT',
    source: 'MANUAL_DEDUCTION',
    action: 'DELIVERY_DEDUCTION',
    userId: '8b198b5a-ad5d-41e8-93b8-edb79a887fc2',
    paymentBalance: 80,
    updatePaymentBalance: true,
    metadata: '{"walletId":"wallet#8b198b5a-ad5d-41e8-93b8-edb79a887fc2","deliveryId":"9bd4abb1-8511-4fa8-90a3-ea3ac2cabbda","walletSk":"9bd4abb1-8511-4fa8-90a3-ea3ac2cabbda"}',
    currency: 'BHD',
    amount: 8,
    vat: 0,
    oldBalance: 88,
    newBalance: 80
  }
}

2024-03-26T21:01:14.703Z 2024-03-26T21:01:14.703Z	5c5b172d-55f9-51e8-aeb0-49506c23e0d3	INFO	SubscriptionBalanceUpdated event published

2024-03-26T21:01:14.715Z 2024-03-26T21:01:14.715Z	5c5b172d-55f9-51e8-aeb0-49506c23e0d3	INFO	Processing message 29cc0bf8-2dba-481b-92ab-6710a26e1d9d

2024-03-26T21:01:14.722Z 2024-03-26T21:01:14.722Z	5c5b172d-55f9-51e8-aeb0-49506c23e0d3	INFO	Start syncing the balance {
  transaction: {
    id: '01HSY92CHJ7W4Z5JV4JG0GEFK8',
    type: 'DEBIT',
    source: 'MANUAL_DEDUCTION',
    action: 'DELIVERY_DEDUCTION',
    userId: '76ad5551-74d1-4b31-9432-8bc8c69d270d',
    paymentBalance: 1712,
    updatePaymentBalance: true,
    metadata: '{"walletId":"wallet#76ad5551-74d1-4b31-9432-8bc8c69d270d","deliveryId":"85e43e91-9d98-444f-a729-2195f1ad70fb","walletSk":"85e43e91-9d98-444f-a729-2195f1ad70fb"}',
    currency: 'AED',
    amount: 107,
    vat: 0,
    oldBalance: 1819,
    newBalance: 1712
  }
}

2024-03-26T21:01:14.772Z 2024-03-26T21:01:14.772Z	5c5b172d-55f9-51e8-aeb0-49506c23e0d3	INFO	SubscriptionBalanceUpdated event published

2024-03-26T21:01:14.785Z END RequestId: 5c5b172d-55f9-51e8-aeb0-49506c23e0d3

2024-03-26T21:01:14.785Z REPORT RequestId: 5c5b172d-55f9-51e8-aeb0-49506c23e0d3	Duration: 231.60 ms	Billed Duration: 232 ms	Memory Size: 1024 MB	Max Memory Used: 131 MB	

2024-03-26T21:01:15.263Z START RequestId: efb21052-dcc8-5eba-b3df-4e2fe513993f Version: $LATEST

2024-03-26T21:01:15.289Z 2024-03-26T21:01:15.289Z	efb21052-dcc8-5eba-b3df-4e2fe513993f	INFO	Processing message b2fbdb0b-6880-4f82-9e57-c3501dcefe9c

2024-03-26T21:01:15.295Z 2024-03-26T21:01:15.295Z	efb21052-dcc8-5eba-b3df-4e2fe513993f	INFO	Start syncing the balance {
  transaction: {
    id: '01HSY92DEGTNGM48NPRTCQHQCA',
    type: 'DEBIT',
    source: 'MANUAL_DEDUCTION',
    action: 'DELIVERY_DEDUCTION',
    userId: '3778b6b9-d9db-467e-9ac8-6ab537dbc2dd',
    paymentBalance: 152,
    updatePaymentBalance: true,
    metadata: '{"walletId":"wallet#3778b6b9-d9db-467e-9ac8-6ab537dbc2dd","deliveryId":"31c519a9-ec70-430e-8491-cd054bc867b0","walletSk":"31c519a9-ec70-430e-8491-cd054bc867b0"}',
    currency: 'BHD',
    amount: 8,
    vat: 0,
    oldBalance: 160,
    newBalance: 152
  }
}

2024-03-26T21:01:15.354Z 2024-03-26T21:01:15.354Z	efb21052-dcc8-5eba-b3df-4e2fe513993f	INFO	SubscriptionBalanceUpdated event published

2024-03-26T21:01:15.370Z END RequestId: efb21052-dcc8-5eba-b3df-4e2fe513993f

2024-03-26T21:01:15.370Z REPORT RequestId: efb21052-dcc8-5eba-b3df-4e2fe513993f	Duration: 106.70 ms	Billed Duration: 107 ms	Memory Size: 1024 MB	Max Memory Used: 131 MB	

2024-03-26T21:01:15.520Z START RequestId: 767a6d1b-8d3b-536e-b84f-3366b4e01255 Version: $LATEST

2024-03-26T21:01:15.545Z 2024-03-26T21:01:15.545Z	767a6d1b-8d3b-536e-b84f-3366b4e01255	INFO	Processing message 17e56fce-a12f-420a-8973-6c9d05905c50

2024-03-26T21:01:15.551Z 2024-03-26T21:01:15.551Z	767a6d1b-8d3b-536e-b84f-3366b4e01255	INFO	Start syncing the balance {
  transaction: {
    id: '01HSY92DND7FS2TMNHJGZ1EWA8',
    type: 'DEBIT',
    source: 'MANUAL_DEDUCTION',
    action: 'DELIVERY_DEDUCTION',
    userId: 'c4f83b6a-31d6-4110-95f2-3d46bc1de649',
    paymentBalance: 2446.5,
    updatePaymentBalance: true,
    metadata: '{"walletId":"wallet#c4f83b6a-31d6-4110-95f2-3d46bc1de649","deliveryId":"f68d668f-a1bb-4045-b2f0-7d69a3df8316","walletSk":"f68d668f-a1bb-4045-b2f0-7d69a3df8316"}',
    currency: 'SAR',
    amount: 81,
    vat: 0,
    oldBalance: 2527.5,
    newBalance: 2446.5
  }
}

2024-03-26T21:01:15.601Z 2024-03-26T21:01:15.601Z	767a6d1b-8d3b-536e-b84f-3366b4e01255	INFO	SubscriptionBalanceUpdated event published

2024-03-26T21:01:15.615Z END RequestId: 767a6d1b-8d3b-536e-b84f-3366b4e01255

2024-03-26T21:01:15.615Z REPORT RequestId: 767a6d1b-8d3b-536e-b84f-3366b4e01255	Duration: 95.27 ms	Billed Duration: 96 ms	Memory Size: 1024 MB	Max Memory Used: 131 MB	

2024-03-26T21:01:15.745Z START RequestId: 75161c7e-990f-5d8e-8fc8-4203a0d46a0b Version: $LATEST

2024-03-26T21:01:15.773Z 2024-03-26T21:01:15.773Z	75161c7e-990f-5d8e-8fc8-4203a0d46a0b	INFO	Processing message 61b6ea5c-4054-4c88-a543-6ba3ee78f4d0

2024-03-26T21:01:15.780Z 2024-03-26T21:01:15.780Z	75161c7e-990f-5d8e-8fc8-4203a0d46a0b	INFO	Start syncing the balance {
  transaction: {
    id: '01HSY92DRCWJRKV9KQKS8TR6GE',
    type: 'DEBIT',
    source: 'MANUAL_DEDUCTION',
    action: 'DELIVERY_DEDUCTION',
    userId: '392ab34d-0682-4c8f-90bc-e42ec930727f',
    paymentBalance: 67,
    updatePaymentBalance: true,
    metadata: '{"walletId":"wallet#392ab34d-0682-4c8f-90bc-e42ec930727f","deliveryId":"6301f909-e9d5-4c5f-8063-bd23ee1b4858","walletSk":"6301f909-e9d5-4c5f-8063-bd23ee1b4858"}',
    currency: 'BHD',
    amount: 9.5,
    vat: 0,
    oldBalance: 76.5,
    newBalance: 67
  }
}

2024-03-26T21:01:15.840Z 2024-03-26T21:01:15.840Z	75161c7e-990f-5d8e-8fc8-4203a0d46a0b	INFO	SubscriptionBalanceUpdated event published

2024-03-26T21:01:15.853Z END RequestId: 75161c7e-990f-5d8e-8fc8-4203a0d46a0b

2024-03-26T21:01:15.853Z REPORT RequestId: 75161c7e-990f-5d8e-8fc8-4203a0d46a0b	Duration: 108.02 ms	Billed Duration: 109 ms	Memory Size: 1024 MB	Max Memory Used: 131 MB	

2024-03-26T21:01:15.912Z START RequestId: 34d33631-8847-59cc-af54-684cb19cde49 Version: $LATEST

2024-03-26T21:01:15.936Z 2024-03-26T21:01:15.936Z	34d33631-8847-59cc-af54-684cb19cde49	INFO	Processing message 6f139169-224f-4e71-801b-db19808a7324

2024-03-26T21:01:15.942Z 2024-03-26T21:01:15.942Z	34d33631-8847-59cc-af54-684cb19cde49	INFO	Start syncing the balance {
  transaction: {
    id: '01HSY92DVFXKAWQHGGFNPFWBJ2',
    type: 'DEBIT',
    source: 'MANUAL_DEDUCTION',
    action: 'DELIVERY_DEDUCTION',
    userId: '893b1a3b-9230-450c-abb3-f89895c8183e',
    paymentBalance: 587.087,
    updatePaymentBalance: true,
    metadata: '{"walletId":"wallet#893b1a3b-9230-450c-abb3-f89895c8183e","deliveryId":"26d9c07c-372d-40d6-b84e-fd6667071112","walletSk":"26d9c07c-372d-40d6-b84e-fd6667071112"}',
    currency: 'BHD',
    amount: 9,
    vat: 0,
    oldBalance: 596.087,
    newBalance: 587.087
  }
}

2024-03-26T21:01:15.992Z 2024-03-26T21:01:15.992Z	34d33631-8847-59cc-af54-684cb19cde49	INFO	SubscriptionBalanceUpdated event published

2024-03-26T21:01:16.009Z END RequestId: 34d33631-8847-59cc-af54-684cb19cde49

2024-03-26T21:01:16.009Z REPORT RequestId: 34d33631-8847-59cc-af54-684cb19cde49	Duration: 97.03 ms	Billed Duration: 98 ms	Memory Size: 1024 MB	Max Memory Used: 131 MB	

2024-03-26T21:01:16.247Z START RequestId: d9b18ce1-6d78-5c82-9a00-d29c54a44db9 Version: $LATEST

2024-03-26T21:01:16.273Z 2024-03-26T21:01:16.273Z	d9b18ce1-6d78-5c82-9a00-d29c54a44db9	INFO	Processing message 66cb2cc1-9e54-4093-819d-f4e8b7ac9428

2024-03-26T21:01:16.279Z 2024-03-26T21:01:16.279Z	d9b18ce1-6d78-5c82-9a00-d29c54a44db9	INFO	Start syncing the balance {
  transaction: {
    id: '01HSY92E0CQ7ZN85CHMS5ZSEEV',
    type: 'DEBIT',
    source: 'MANUAL_DEDUCTION',
    action: 'DELIVERY_DEDUCTION',
    userId: '8b3fae92-5944-4c15-825b-22399235f8eb',
    paymentBalance: 3766.5,
    updatePaymentBalance: true,
    metadata: '{"walletId":"wallet#8b3fae92-5944-4c15-825b-22399235f8eb","deliveryId":"08237424-401d-434e-9c05-4cbe2505979c","walletSk":"08237424-401d-434e-9c05-4cbe2505979c"}',
    currency: 'SAR',
    amount: 81,
    vat: 0,
    oldBalance: 3847.5,
    newBalance: 3766.5
  }
}

2024-03-26T21:01:16.395Z 2024-03-26T21:01:16.395Z	d9b18ce1-6d78-5c82-9a00-d29c54a44db9	INFO	SubscriptionBalanceUpdated event published

2024-03-26T21:01:16.412Z END RequestId: d9b18ce1-6d78-5c82-9a00-d29c54a44db9

2024-03-26T21:01:16.412Z REPORT RequestId: d9b18ce1-6d78-5c82-9a00-d29c54a44db9	Duration: 165.17 ms	Billed Duration: 166 ms	Memory Size: 1024 MB	Max Memory Used: 131 MB	

2024-03-26T21:01:16.767Z START RequestId: 19a110f1-6cb9-5397-b17e-4e8c5565c412 Version: $LATEST

2024-03-26T21:01:16.783Z 2024-03-26T21:01:16.783Z	19a110f1-6cb9-5397-b17e-4e8c5565c412	INFO	Processing message 5ce84a49-a37c-4563-afe2-e3ad298174f3

2024-03-26T21:01:16.789Z 2024-03-26T21:01:16.789Z	19a110f1-6cb9-5397-b17e-4e8c5565c412	INFO	Start syncing the balance {
  transaction: {
    id: '01HSY92EQ38ZMFVDMNEHC82BYR',
    type: 'DEBIT',
    source: 'MANUAL_DEDUCTION',
    action: 'DELIVERY_DEDUCTION',
    userId: '2248520a-3a2a-4202-855c-5fa92d33d90b',
    paymentBalance: 120,
    updatePaymentBalance: true,
    metadata: '{"walletId":"wallet#2248520a-3a2a-4202-855c-5fa92d33d90b","deliveryId":"a4e198fc-21a7-4d56-ad01-c81411d75929","walletSk":"a4e198fc-21a7-4d56-ad01-c81411d75929"}',
    currency: 'BHD',
    amount: 8,
    vat: 0,
    oldBalance: 128,
    newBalance: 120
  }
}

2024-03-26T21:01:16.848Z 2024-03-26T21:01:16.848Z	19a110f1-6cb9-5397-b17e-4e8c5565c412	INFO	SubscriptionBalanceUpdated event published

2024-03-26T21:01:16.860Z 2024-03-26T21:01:16.860Z	19a110f1-6cb9-5397-b17e-4e8c5565c412	INFO	Processing message f91457d5-de6a-4c9e-8489-73948fe90747

2024-03-26T21:01:16.866Z 2024-03-26T21:01:16.866Z	19a110f1-6cb9-5397-b17e-4e8c5565c412	INFO	Start syncing the balance {
  transaction: {
    id: '01HSY92EE9K7TSP5NW2CEQKDFR',
    type: 'DEBIT',
    source: 'MANUAL_DEDUCTION',
    action: 'DELIVERY_DEDUCTION',
    userId: '1ee44c0f-cc07-4d36-b5ed-93d121e4f4d2',
    paymentBalance: 112,
    updatePaymentBalance: true,
    metadata: '{"walletId":"wallet#1ee44c0f-cc07-4d36-b5ed-93d121e4f4d2","deliveryId":"b33362e1-6093-411b-8e17-a16f76ad73ad","walletSk":"b33362e1-6093-411b-8e17-a16f76ad73ad"}',
    currency: 'BHD',
    amount: 8,
    vat: 0,
    oldBalance: 120,
    newBalance: 112
  }
}

2024-03-26T21:01:16.937Z 2024-03-26T21:01:16.937Z	19a110f1-6cb9-5397-b17e-4e8c5565c412	INFO	SubscriptionBalanceUpdated event published

2024-03-26T21:01:16.951Z 2024-03-26T21:01:16.951Z	19a110f1-6cb9-5397-b17e-4e8c5565c412	INFO	Processing message 89a4a9ac-12a9-4155-b8c9-79b042ec940d

2024-03-26T21:01:16.956Z 2024-03-26T21:01:16.956Z	19a110f1-6cb9-5397-b17e-4e8c5565c412	INFO	Start syncing the balance {
  transaction: {
    id: '01HSY92EWARTJTA5S46XRF0WJY',
    type: 'DEBIT',
    source: 'MANUAL_DEDUCTION',
    action: 'DELIVERY_DEDUCTION',
    userId: 'ddbc5455-86aa-4bdc-b4ae-ea5181bc0e4c',
    paymentBalance: 2883,
    updatePaymentBalance: true,
    metadata: '{"walletId":"wallet#ddbc5455-86aa-4bdc-b4ae-ea5181bc0e4c","deliveryId":"8f7aa4b0-a301-4b7d-b31a-bb323bdc6819","walletSk":"8f7aa4b0-a301-4b7d-b31a-bb323bdc6819"}',
    currency: 'SAR',
    amount: 81,
    vat: 0,
    oldBalance: 2964,
    newBalance: 2883
  }
}

2024-03-26T21:01:17.028Z 2024-03-26T21:01:17.028Z	19a110f1-6cb9-5397-b17e-4e8c5565c412	INFO	SubscriptionBalanceUpdated event published

2024-03-26T21:01:17.047Z END RequestId: 19a110f1-6cb9-5397-b17e-4e8c5565c412

2024-03-26T21:01:17.047Z REPORT RequestId: 19a110f1-6cb9-5397-b17e-4e8c5565c412	Duration: 280.18 ms	Billed Duration: 281 ms	Memory Size: 1024 MB	Max Memory Used: 131 MB	

2024-03-26T21:01:02.832Z INIT_START Runtime Version: nodejs:20.v19	Runtime Version ARN: arn:aws:lambda:us-east-1::runtime:2d68d583b872accb8815f845161e9bbabc6ac3ed4d0ab8c23e75f8788cf5444a

2024-03-26T21:01:03.866Z START RequestId: 94998444-e2ec-53a9-896c-da39db2f55ec Version: $LATEST

2024-03-26T21:01:04.004Z 2024-03-26T21:01:04.004Z	94998444-e2ec-53a9-896c-da39db2f55ec	INFO	Processing message bf025070-0e3b-414c-b6c4-4d910668297d

2024-03-26T21:01:04.081Z 2024-03-26T21:01:04.081Z	94998444-e2ec-53a9-896c-da39db2f55ec	INFO	Start syncing the balance {
  transaction: {
    id: '01HSY91ZSTD0TX8EY962KPCPJQ',
    type: 'DEBIT',
    source: 'MANUAL_DEDUCTION',
    action: 'DELIVERY_DEDUCTION',
    userId: '2c1fafd7-42d4-48ac-a761-4b5493eec785',
    paymentBalance: 343.5,
    updatePaymentBalance: true,
    metadata: '{"walletId":"wallet#2c1fafd7-42d4-48ac-a761-4b5493eec785","deliveryId":"5e6e73e6-29ef-44d7-a6b5-1cf0615f81a1","walletSk":"5e6e73e6-29ef-44d7-a6b5-1cf0615f81a1"}',
    currency: 'BHD',
    amount: 21,
    vat: 0,
    oldBalance: 64.5,
    newBalance: 43.5
  }
}

2024-03-26T21:01:04.200Z 2024-03-26T21:01:04.200Z	94998444-e2ec-53a9-896c-da39db2f55ec	INFO	SubscriptionBalanceUpdated event published

2024-03-26T21:01:04.259Z 2024-03-26T21:01:04.259Z	94998444-e2ec-53a9-896c-da39db2f55ec	ERROR	Subscription balance and payment balance are not in sync {
  userId: '2c1fafd7-42d4-48ac-a761-4b5493eec785',
  subscriptionBalance: 43.5,
  paymentBalance: 343.5
}

2024-03-26T21:01:04.298Z END RequestId: 94998444-e2ec-53a9-896c-da39db2f55ec

2024-03-26T21:01:04.298Z REPORT RequestId: 94998444-e2ec-53a9-896c-da39db2f55ec	Duration: 432.46 ms	Billed Duration: 433 ms	Memory Size: 1024 MB	Max Memory Used: 118 MB	Init Duration: 1033.22 ms	

2024-03-26T21:01:05.407Z START RequestId: c0a95068-4164-5039-97b9-0e1578b5e67c Version: $LATEST

2024-03-26T21:01:05.442Z 2024-03-26T21:01:05.442Z	c0a95068-4164-5039-97b9-0e1578b5e67c	INFO	Processing message bacfc261-3104-438e-a9f3-f3276f3ff400

2024-03-26T21:01:05.452Z 2024-03-26T21:01:05.452Z	c0a95068-4164-5039-97b9-0e1578b5e67c	INFO	Start syncing the balance {
  transaction: {
    id: '01HSY921GB3TWEFN9NA551VZN7',
    type: 'DEBIT',
    source: 'MANUAL_DEDUCTION',
    action: 'DELIVERY_DEDUCTION',
    userId: '1b3be8bc-3813-4dff-b42c-43efbdcfc5ae',
    paymentBalance: 583,
    updatePaymentBalance: true,
    metadata: '{"walletId":"wallet#1b3be8bc-3813-4dff-b42c-43efbdcfc5ae","deliveryId":"f281dd61-edb5-4e69-b639-aa57314d45c1","walletSk":"f281dd61-edb5-4e69-b639-aa57314d45c1"}',
    currency: 'BHD',
    amount: 819.318,
    vat: 0,
    oldBalance: 917.318,
    newBalance: 98
  }
}

2024-03-26T21:01:05.514Z 2024-03-26T21:01:05.514Z	c0a95068-4164-5039-97b9-0e1578b5e67c	INFO	SubscriptionBalanceUpdated event published

2024-03-26T21:01:05.533Z 2024-03-26T21:01:05.533Z	c0a95068-4164-5039-97b9-0e1578b5e67c	ERROR	Subscription balance and payment balance are not in sync {
  userId: '1b3be8bc-3813-4dff-b42c-43efbdcfc5ae',
  subscriptionBalance: 98,
  paymentBalance: 583
}

2024-03-26T21:01:05.574Z 2024-03-26T21:01:05.574Z	c0a95068-4164-5039-97b9-0e1578b5e67c	INFO	Processing message d0a3b368-0ee7-4b62-bf87-8db4821c4dfe

2024-03-26T21:01:05.582Z 2024-03-26T21:01:05.582Z	c0a95068-4164-5039-97b9-0e1578b5e67c	INFO	Start syncing the balance {
  transaction: {
    id: '01HSY921MSTXZ5D2S48W2TD97R',
    type: 'DEBIT',
    source: 'MANUAL_DEDUCTION',
    action: 'DELIVERY_DEDUCTION',
    userId: '31b1dd38-a529-4bf1-b5ab-79347415a917',
    paymentBalance: 56,
    updatePaymentBalance: true,
    metadata: '{"walletId":"wallet#31b1dd38-a529-4bf1-b5ab-79347415a917","deliveryId":"fb27a86c-b44c-4ba2-afbe-7f4af9ce0cb5","walletSk":"fb27a86c-b44c-4ba2-afbe-7f4af9ce0cb5"}',
    currency: 'BHD',
    amount: 8,
    vat: 0,
    oldBalance: 64,
    newBalance: 56
  }
}

2024-03-26T21:01:05.662Z 2024-03-26T21:01:05.662Z	c0a95068-4164-5039-97b9-0e1578b5e67c	INFO	SubscriptionBalanceUpdated event published

2024-03-26T21:01:05.678Z 2024-03-26T21:01:05.678Z	c0a95068-4164-5039-97b9-0e1578b5e67c	INFO	Processing message 24f87b71-550d-4e87-b43b-5fff9648488c

2024-03-26T21:01:05.687Z 2024-03-26T21:01:05.687Z	c0a95068-4164-5039-97b9-0e1578b5e67c	INFO	Start syncing the balance {
  transaction: {
    id: '01HSY921F3K1QGGV7FR695Q1KM',
    type: 'DEBIT',
    source: 'MANUAL_DEDUCTION',
    action: 'DELIVERY_DEDUCTION',
    userId: 'c5e1fca1-5f7b-4830-92d4-09fbddcec953',
    paymentBalance: 67.5,
    updatePaymentBalance: true,
    metadata: '{"walletId":"wallet#c5e1fca1-5f7b-4830-92d4-09fbddcec953","deliveryId":"92f6a396-ad7f-418c-85bb-b74728dc9bd7","walletSk":"92f6a396-ad7f-418c-85bb-b74728dc9bd7"}',
    currency: 'BHD',
    amount: 9.5,
    vat: 0,
    oldBalance: 77,
    newBalance: 67.5
  }
}

2024-03-26T21:01:05.739Z 2024-03-26T21:01:05.739Z	c0a95068-4164-5039-97b9-0e1578b5e67c	INFO	SubscriptionBalanceUpdated event published

2024-03-26T21:01:05.757Z 2024-03-26T21:01:05.757Z	c0a95068-4164-5039-97b9-0e1578b5e67c	INFO	Processing message e8efcabe-4ab1-48b2-9e1d-73a5e80b5e29

2024-03-26T21:01:05.765Z 2024-03-26T21:01:05.765Z	c0a95068-4164-5039-97b9-0e1578b5e67c	INFO	Start syncing the balance {
  transaction: {
    id: '01HSY921P52SPTFXE5J9CH2QH6',
    type: 'DEBIT',
    source: 'MANUAL_DEDUCTION',
    action: 'DELIVERY_DEDUCTION',
    userId: '5569c4fe-b85e-4d18-87aa-074a1197c0ec',
    paymentBalance: 963,
    updatePaymentBalance: true,
    metadata: '{"walletId":"wallet#5569c4fe-b85e-4d18-87aa-074a1197c0ec","deliveryId":"b6f867ae-d219-4534-ad3b-c1efddb6f552","walletSk":"b6f867ae-d219-4534-ad3b-c1efddb6f552"}',
    currency: 'AED',
    amount: 107,
    vat: 0,
    oldBalance: 1070,
    newBalance: 963
  }
}

2024-03-26T21:01:05.848Z 2024-03-26T21:01:05.848Z	c0a95068-4164-5039-97b9-0e1578b5e67c	INFO	SubscriptionBalanceUpdated event published

2024-03-26T21:01:05.865Z 2024-03-26T21:01:05.865Z	c0a95068-4164-5039-97b9-0e1578b5e67c	INFO	Processing message 462a6c51-818f-446d-926e-7d1af2d82999

2024-03-26T21:01:05.872Z 2024-03-26T21:01:05.872Z	c0a95068-4164-5039-97b9-0e1578b5e67c	INFO	Start syncing the balance {
  transaction: {
    id: '01HSY921K08XB8BTFAQBSFG75M',
    type: 'DEBIT',
    source: 'MANUAL_DEDUCTION',
    action: 'DELIVERY_DEDUCTION',
    userId: '30733090-6dcc-449f-80e6-af5e6f3f1e02',
    paymentBalance: 80,
    updatePaymentBalance: true,
    metadata: '{"walletId":"wallet#30733090-6dcc-449f-80e6-af5e6f3f1e02","deliveryId":"8e1593df-55c5-4b3c-8815-948c77eab594","walletSk":"8e1593df-55c5-4b3c-8815-948c77eab594"}',
    currency: 'BHD',
    amount: 8,
    vat: 0,
    oldBalance: 88,
    newBalance: 80
  }
}

2024-03-26T21:01:05.952Z 2024-03-26T21:01:05.952Z	c0a95068-4164-5039-97b9-0e1578b5e67c	INFO	SubscriptionBalanceUpdated event published

2024-03-26T21:01:05.969Z 2024-03-26T21:01:05.969Z	c0a95068-4164-5039-97b9-0e1578b5e67c	INFO	Processing message f2acc850-24f2-4a40-9548-0f5d9117e254

2024-03-26T21:01:05.975Z 2024-03-26T21:01:05.975Z	c0a95068-4164-5039-97b9-0e1578b5e67c	INFO	Start syncing the balance {
  transaction: {
    id: '01HSY921RKRXNY7X4DVHNMATWX',
    type: 'DEBIT',
    source: 'MANUAL_DEDUCTION',
    action: 'DELIVERY_DEDUCTION',
    userId: '92ac8ff5-8656-4055-89c4-8f46420df86b',
    paymentBalance: 135,
    updatePaymentBalance: true,
    metadata: '{"walletId":"wallet#92ac8ff5-8656-4055-89c4-8f46420df86b","deliveryId":"9dc1723a-a5bf-4f04-8fdf-324711bf378c","walletSk":"9dc1723a-a5bf-4f04-8fdf-324711bf378c"}',
    currency: 'BHD',
    amount: 9,
    vat: 0,
    oldBalance: 144,
    newBalance: 135
  }
}

2024-03-26T21:01:06.045Z 2024-03-26T21:01:06.045Z	c0a95068-4164-5039-97b9-0e1578b5e67c	INFO	SubscriptionBalanceUpdated event published

2024-03-26T21:01:06.061Z 2024-03-26T21:01:06.061Z	c0a95068-4164-5039-97b9-0e1578b5e67c	INFO	Processing message 55bdb007-5d67-4381-8d50-de8a5b7a500e

2024-03-26T21:01:06.083Z 2024-03-26T21:01:06.083Z	c0a95068-4164-5039-97b9-0e1578b5e67c	INFO	Start syncing the balance {
  transaction: {
    id: '01HSY921SK85HHQCHM5KT6Y5R8',
    type: 'DEBIT',
    source: 'MANUAL_DEDUCTION',
    action: 'DELIVERY_DEDUCTION',
    userId: '5bc3c6b5-3049-4d37-9f04-c36bcb6de4a2',
    paymentBalance: 76491.136,
    updatePaymentBalance: true,
    metadata: '{"walletId":"wallet#5bc3c6b5-3049-4d37-9f04-c36bcb6de4a2","deliveryId":"950d1617-7d9b-45b5-a3ec-74afd4a11ec0","walletSk":"950d1617-7d9b-45b5-a3ec-74afd4a11ec0"}',
    currency: 'BHD',
    amount: 53,
    vat: 0,
    oldBalance: 76597.13636363637,
    newBalance: 76544.136
  }
}

2024-03-26T21:01:06.147Z 2024-03-26T21:01:06.147Z	c0a95068-4164-5039-97b9-0e1578b5e67c	INFO	SubscriptionBalanceUpdated event published

2024-03-26T21:01:06.163Z 2024-03-26T21:01:06.163Z	c0a95068-4164-5039-97b9-0e1578b5e67c	ERROR	Subscription balance and payment balance are not in sync {
  userId: '5bc3c6b5-3049-4d37-9f04-c36bcb6de4a2',
  subscriptionBalance: 76544.136,
  paymentBalance: 76491.136
}

2024-03-26T21:01:06.195Z 2024-03-26T21:01:06.195Z	c0a95068-4164-5039-97b9-0e1578b5e67c	INFO	Processing message e311cdd4-035f-4da4-a166-1ba7cd70011e

2024-03-26T21:01:06.202Z 2024-03-26T21:01:06.202Z	c0a95068-4164-5039-97b9-0e1578b5e67c	INFO	Start syncing the balance {
  transaction: {
    id: '01HSY921V4TEJHH9ZZSZ7P4ANH',
    type: 'DEBIT',
    source: 'MANUAL_DEDUCTION',
    action: 'DELIVERY_DEDUCTION',
    userId: '4a12f77e-9f66-4899-823d-5eeb53c01a36',
    paymentBalance: 1863,
    updatePaymentBalance: true,
    metadata: '{"walletId":"wallet#4a12f77e-9f66-4899-823d-5eeb53c01a36","deliveryId":"a018da1b-3a7f-466c-a095-c4eb20fd7dbf","walletSk":"a018da1b-3a7f-466c-a095-c4eb20fd7dbf"}',
    currency: 'SAR',
    amount: 81,
    vat: 0,
    oldBalance: 1944,
    newBalance: 1863
  }
}

2024-03-26T21:01:06.260Z 2024-03-26T21:01:06.260Z	c0a95068-4164-5039-97b9-0e1578b5e67c	INFO	SubscriptionBalanceUpdated event published

2024-03-26T21:01:06.274Z 2024-03-26T21:01:06.274Z	c0a95068-4164-5039-97b9-0e1578b5e67c	INFO	Processing message 3c1af848-7c42-4b0c-a7ff-de00cedc3016

2024-03-26T21:01:06.282Z 2024-03-26T21:01:06.282Z	c0a95068-4164-5039-97b9-0e1578b5e67c	INFO	Start syncing the balance {
  transaction: {
    id: '01HSY921Y32ND6E6PRC3V8BSGY',
    type: 'DEBIT',
    source: 'MANUAL_DEDUCTION',
    action: 'DELIVERY_DEDUCTION',
    userId: 'eb6875d4-8663-4dc5-8838-1148a2425c13',
    paymentBalance: 11824.435,
    updatePaymentBalance: true,
    metadata: '{"walletId":"wallet#eb6875d4-8663-4dc5-8838-1148a2425c13","deliveryId":"a97515c7-c0d1-4c61-92ac-007bef8111cc","walletSk":"a97515c7-c0d1-4c61-92ac-007bef8111cc"}',
    currency: 'BHD',
    amount: 9,
    vat: 0,
    oldBalance: 143,
    newBalance: 134
  }
}

2024-03-26T21:01:06.351Z 2024-03-26T21:01:06.351Z	c0a95068-4164-5039-97b9-0e1578b5e67c	INFO	SubscriptionBalanceUpdated event published

2024-03-26T21:01:06.365Z 2024-03-26T21:01:06.365Z	c0a95068-4164-5039-97b9-0e1578b5e67c	ERROR	Subscription balance and payment balance are not in sync {
  userId: 'eb6875d4-8663-4dc5-8838-1148a2425c13',
  subscriptionBalance: 134,
  paymentBalance: 11824.435
}

2024-03-26T21:01:06.393Z 2024-03-26T21:01:06.393Z	c0a95068-4164-5039-97b9-0e1578b5e67c	INFO	Processing message 26933492-3964-4377-a93a-d1094cec32da

2024-03-26T21:01:06.400Z 2024-03-26T21:01:06.400Z	c0a95068-4164-5039-97b9-0e1578b5e67c	INFO	Start syncing the balance {
  transaction: {
    id: '01HSY921Y1NFGQTHHZX2BH7661',
    type: 'DEBIT',
    source: 'MANUAL_DEDUCTION',
    action: 'DELIVERY_DEDUCTION',
    userId: '4418bb9f-4dc0-4fb1-9b49-cc5405c1c8fd',
    paymentBalance: 630,
    updatePaymentBalance: true,
    metadata: '{"walletId":"wallet#4418bb9f-4dc0-4fb1-9b49-cc5405c1c8fd","deliveryId":"61ed0e66-848c-4cbd-9379-02edd9305a41","walletSk":"61ed0e66-848c-4cbd-9379-02edd9305a41"}',
    currency: 'SAR',
    amount: 90,
    vat: 0,
    oldBalance: 720,
    newBalance: 630
  }
}

2024-03-26T21:01:06.473Z 2024-03-26T21:01:06.473Z	c0a95068-4164-5039-97b9-0e1578b5e67c	INFO	SubscriptionBalanceUpdated event published

2024-03-26T21:01:06.489Z END RequestId: c0a95068-4164-5039-97b9-0e1578b5e67c

2024-03-26T21:01:06.489Z REPORT RequestId: c0a95068-4164-5039-97b9-0e1578b5e67c	Duration: 1082.88 ms	Billed Duration: 1083 ms	Memory Size: 1024 MB	Max Memory Used: 123 MB	
XRAY TraceId: 1-66033791-d7f0640125112d928b5585f2	SegmentId: 0285e20c56960644	Sampled: true	

2024-03-26T21:01:07.799Z START RequestId: 6960e807-9513-5df3-93ff-b67aacc05a9e Version: $LATEST

2024-03-26T21:01:07.827Z 2024-03-26T21:01:07.827Z	6960e807-9513-5df3-93ff-b67aacc05a9e	INFO	Processing message 908a737f-d33a-45e7-b9ad-1ee8e3d837b2

2024-03-26T21:01:07.833Z 2024-03-26T21:01:07.833Z	6960e807-9513-5df3-93ff-b67aacc05a9e	INFO	Start syncing the balance {
  transaction: {
    id: '01HSY92215QBCT0DMYZAW6HXY7',
    type: 'DEBIT',
    source: 'MANUAL_DEDUCTION',
    action: 'DELIVERY_DEDUCTION',
    userId: '116d602b-3853-4b09-8b31-e5ff7b7d0534',
    paymentBalance: 30,
    updatePaymentBalance: true,
    metadata: '{"walletId":"wallet#116d602b-3853-4b09-8b31-e5ff7b7d0534","deliveryId":"39af180e-ebbc-48b2-b052-6fefc6adf336","walletSk":"39af180e-ebbc-48b2-b052-6fefc6adf336"}',
    currency: 'BHD',
    amount: 9,
    vat: 0,
    oldBalance: 39,
    newBalance: 30
  }
}

2024-03-26T21:01:07.893Z 2024-03-26T21:01:07.893Z	6960e807-9513-5df3-93ff-b67aacc05a9e	INFO	SubscriptionBalanceUpdated event published

2024-03-26T21:01:07.907Z 2024-03-26T21:01:07.907Z	6960e807-9513-5df3-93ff-b67aacc05a9e	INFO	Processing message 6dd77cce-cf33-4552-8c0e-9b32a97f1d61

2024-03-26T21:01:07.915Z 2024-03-26T21:01:07.915Z	6960e807-9513-5df3-93ff-b67aacc05a9e	INFO	Start syncing the balance {
  transaction: {
    id: '01HSY92236NDATSMAYYJDS030X',
    type: 'DEBIT',
    source: 'MANUAL_DEDUCTION',
    action: 'DELIVERY_DEDUCTION',
    userId: '42df422f-7763-4677-954d-6cad41429c49',
    paymentBalance: 80,
    updatePaymentBalance: true,
    metadata: '{"walletId":"wallet#42df422f-7763-4677-954d-6cad41429c49","deliveryId":"f94104e8-0da7-4c91-aa27-4774815aeb0f","walletSk":"f94104e8-0da7-4c91-aa27-4774815aeb0f"}',
    currency: 'BHD',
    amount: 8,
    vat: 0,
    oldBalance: 88,
    newBalance: 80
  }
}

2024-03-26T21:01:07.973Z 2024-03-26T21:01:07.973Z	6960e807-9513-5df3-93ff-b67aacc05a9e	INFO	SubscriptionBalanceUpdated event published

2024-03-26T21:01:07.994Z 2024-03-26T21:01:07.994Z	6960e807-9513-5df3-93ff-b67aacc05a9e	INFO	Processing message d82372a0-7c26-43f6-bf5f-a3515599afdf

2024-03-26T21:01:08.000Z 2024-03-26T21:01:08.000Z	6960e807-9513-5df3-93ff-b67aacc05a9e	INFO	Start syncing the balance {
  transaction: {
    id: '01HSY922422GJZSTE46DNYTDPN',
    type: 'DEBIT',
    source: 'MANUAL_DEDUCTION',
    action: 'DELIVERY_DEDUCTION',
    userId: '653c01bf-3af2-4c57-87c4-afdaf8b48d59',
    paymentBalance: 992.1,
    updatePaymentBalance: true,
    metadata: '{"walletId":"wallet#653c01bf-3af2-4c57-87c4-afdaf8b48d59","deliveryId":"f18e2466-699f-4645-b737-fd0063b682c8","walletSk":"f18e2466-699f-4645-b737-fd0063b682c8"}',
    currency: 'SAR',
    amount: 39.9,
    vat: 0,
    oldBalance: 1032,
    newBalance: 992.1
  }
}

2024-03-26T21:01:08.061Z 2024-03-26T21:01:08.061Z	6960e807-9513-5df3-93ff-b67aacc05a9e	INFO	SubscriptionBalanceUpdated event published

2024-03-26T21:01:08.077Z 2024-03-26T21:01:08.077Z	6960e807-9513-5df3-93ff-b67aacc05a9e	INFO	Processing message ce069db5-c97d-4cd7-8a03-6af22759e8c6

2024-03-26T21:01:08.084Z 2024-03-26T21:01:08.084Z	6960e807-9513-5df3-93ff-b67aacc05a9e	INFO	Start syncing the balance {
  transaction: {
    id: '01HSY92277A0NYRMJF69NQVR30',
    type: 'DEBIT',
    source: 'MANUAL_DEDUCTION',
    action: 'DELIVERY_DEDUCTION',
    userId: '7adfc49c-ce37-4072-b9a9-6e987d983441',
    paymentBalance: 80,
    updatePaymentBalance: true,
    metadata: '{"walletId":"wallet#7adfc49c-ce37-4072-b9a9-6e987d983441","deliveryId":"1fce7648-b54d-471a-80ec-276305f091b9","walletSk":"1fce7648-b54d-471a-80ec-276305f091b9"}',
    currency: 'BHD',
    amount: 8,
    vat: 0,
    oldBalance: 88,
    newBalance: 80
  }
}

2024-03-26T21:01:17.249Z START RequestId: 256847e7-b6a8-5f2d-9de7-199a8f749e16 Version: $LATEST

2024-03-26T21:01:17.263Z 2024-03-26T21:01:17.263Z	256847e7-b6a8-5f2d-9de7-199a8f749e16	INFO	Processing message caedf225-6fe1-47c9-bbbb-55ec2262cae8

2024-03-26T21:01:17.270Z 2024-03-26T21:01:17.270Z	256847e7-b6a8-5f2d-9de7-199a8f749e16	INFO	Start syncing the balance {
  transaction: {
    id: '01HSY92FD8SDREGK4R43EHSP1R',
    type: 'DEBIT',
    source: 'MANUAL_DEDUCTION',
    action: 'DELIVERY_DEDUCTION',
    userId: '03cca6cd-e3af-4bff-a7e1-c0e7c2ff7e2f',
    paymentBalance: 120,
    updatePaymentBalance: true,
    metadata: '{"walletId":"wallet#03cca6cd-e3af-4bff-a7e1-c0e7c2ff7e2f","deliveryId":"0c9661f0-8d00-4232-bafb-582bdd6e0f5f","walletSk":"0c9661f0-8d00-4232-bafb-582bdd6e0f5f"}',
    currency: 'BHD',
    amount: 8,
    vat: 0,
    oldBalance: 128,
    newBalance: 120
  }
}

2024-03-26T21:01:17.324Z 2024-03-26T21:01:17.324Z	256847e7-b6a8-5f2d-9de7-199a8f749e16	INFO	SubscriptionBalanceUpdated event published

2024-03-26T21:01:17.337Z END RequestId: 256847e7-b6a8-5f2d-9de7-199a8f749e16

2024-03-26T21:01:17.337Z REPORT RequestId: 256847e7-b6a8-5f2d-9de7-199a8f749e16	Duration: 88.68 ms	Billed Duration: 89 ms	Memory Size: 1024 MB	Max Memory Used: 131 MB	

2024-03-26T21:01:17.366Z START RequestId: 72ea2ac2-db31-5132-8d40-74bfe2ece6b7 Version: $LATEST

2024-03-26T21:01:17.391Z 2024-03-26T21:01:17.391Z	72ea2ac2-db31-5132-8d40-74bfe2ece6b7	INFO	Processing message 2227bbd0-40d7-4528-aeca-8c35a95f2da8

2024-03-26T21:01:17.398Z 2024-03-26T21:01:17.398Z	72ea2ac2-db31-5132-8d40-74bfe2ece6b7	INFO	Start syncing the balance {
  transaction: {
    id: '01HSY92F0QY4V4P21V7VSQEM2J',
    type: 'DEBIT',
    source: 'MANUAL_DEDUCTION',
    action: 'DELIVERY_DEDUCTION',
    userId: 'ece6e6f5-4a6a-4dd2-8845-e1cf9c417526',
    paymentBalance: 72.909,
    updatePaymentBalance: true,
    metadata: '{"walletId":"wallet#ece6e6f5-4a6a-4dd2-8845-e1cf9c417526","deliveryId":"27742e7e-b153-441c-8f84-071819c8723a","walletSk":"27742e7e-b153-441c-8f84-071819c8723a"}',
    currency: 'BHD',
    amount: 8,
    vat: 0,
    oldBalance: 80.909,
    newBalance: 72.909
  }
}

2024-03-26T21:01:17.458Z 2024-03-26T21:01:17.458Z	72ea2ac2-db31-5132-8d40-74bfe2ece6b7	INFO	SubscriptionBalanceUpdated event published

2024-03-26T21:01:17.473Z 2024-03-26T21:01:17.473Z	72ea2ac2-db31-5132-8d40-74bfe2ece6b7	INFO	Processing message ce3bb43b-d462-4e7e-8953-37e8592e0337

2024-03-26T21:01:17.480Z 2024-03-26T21:01:17.480Z	72ea2ac2-db31-5132-8d40-74bfe2ece6b7	INFO	Start syncing the balance {
  transaction: {
    id: '01HSY92F62BHEBANE0SMAZJZW0',
    type: 'DEBIT',
    source: 'MANUAL_DEDUCTION',
    action: 'DELIVERY_DEDUCTION',
    userId: '54f55e3d-8580-4e47-b15e-c35e2d29effd',
    paymentBalance: 817.5,
    updatePaymentBalance: true,
    metadata: '{"walletId":"wallet#54f55e3d-8580-4e47-b15e-c35e2d29effd","deliveryId":"1f71bdc3-6000-4f3e-b2a4-0cb9e8e8e29c","walletSk":"1f71bdc3-6000-4f3e-b2a4-0cb9e8e8e29c"}',
    currency: 'BHD',
    amount: 9,
    vat: 0,
    oldBalance: 826.5,
    newBalance: 817.5
  }
}

2024-03-26T21:01:17.529Z 2024-03-26T21:01:17.529Z	72ea2ac2-db31-5132-8d40-74bfe2ece6b7	INFO	SubscriptionBalanceUpdated event published

2024-03-26T21:01:17.544Z END RequestId: 72ea2ac2-db31-5132-8d40-74bfe2ece6b7

2024-03-26T21:01:17.544Z REPORT RequestId: 72ea2ac2-db31-5132-8d40-74bfe2ece6b7	Duration: 177.89 ms	Billed Duration: 178 ms	Memory Size: 1024 MB	Max Memory Used: 131 MB	

2024-03-26T21:01:17.738Z START RequestId: 0006ddc8-1376-55aa-9eb2-83b52aabe22f Version: $LATEST

2024-03-26T21:01:17.754Z 2024-03-26T21:01:17.754Z	0006ddc8-1376-55aa-9eb2-83b52aabe22f	INFO	Processing message f7d07720-b16c-4c6a-a82a-8fcce294d57e

2024-03-26T21:01:17.761Z 2024-03-26T21:01:17.761Z	0006ddc8-1376-55aa-9eb2-83b52aabe22f	INFO	Start syncing the balance {
  transaction: {
    id: '01HSY92FRRJSN0N4GM5T6QQXPK',
    type: 'DEBIT',
    source: 'MANUAL_DEDUCTION',
    action: 'DELIVERY_DEDUCTION',
    userId: '358e2f25-83ab-4041-bded-d68cc94a468f',
    paymentBalance: 162,
    updatePaymentBalance: true,
    metadata: '{"walletId":"wallet#358e2f25-83ab-4041-bded-d68cc94a468f","deliveryId":"588930d0-cdc0-455b-88a5-43d2ab44fc1b","walletSk":"588930d0-cdc0-455b-88a5-43d2ab44fc1b"}',
    currency: 'BHD',
    amount: 9,
    vat: 0,
    oldBalance: 171,
    newBalance: 162
  }
}

2024-03-26T21:01:17.815Z 2024-03-26T21:01:17.815Z	0006ddc8-1376-55aa-9eb2-83b52aabe22f	INFO	SubscriptionBalanceUpdated event published

2024-03-26T21:01:17.832Z END RequestId: 0006ddc8-1376-55aa-9eb2-83b52aabe22f

2024-03-26T21:01:17.832Z REPORT RequestId: 0006ddc8-1376-55aa-9eb2-83b52aabe22f	Duration: 93.77 ms	Billed Duration: 94 ms	Memory Size: 1024 MB	Max Memory Used: 131 MB	

2024-03-26T21:01:17.999Z START RequestId: 3d040aa2-01c0-5298-a3ef-54df381df51d Version: $LATEST

2024-03-26T21:01:18.026Z 2024-03-26T21:01:18.026Z	3d040aa2-01c0-5298-a3ef-54df381df51d	INFO	Processing message d3d5c147-4f5c-4a6f-9815-1a3057d334f8

2024-03-26T21:01:18.032Z 2024-03-26T21:01:18.032Z	3d040aa2-01c0-5298-a3ef-54df381df51d	INFO	Start syncing the balance {
  transaction: {
    id: '01HSY92G1FRTJFYE9P9KF3FYM9',
    type: 'DEBIT',
    source: 'MANUAL_DEDUCTION',
    action: 'DELIVERY_DEDUCTION',
    userId: '92655ee2-ae9d-464a-af4b-7c8a09864e79',
    paymentBalance: 990,
    updatePaymentBalance: true,
    metadata: '{"walletId":"wallet#92655ee2-ae9d-464a-af4b-7c8a09864e79","deliveryId":"566dd64d-f6e9-474e-88bd-7f6f3012a519","walletSk":"566dd64d-f6e9-474e-88bd-7f6f3012a519"}',
    currency: 'SAR',
    amount: 90,
    vat: 0,
    oldBalance: 1080,
    newBalance: 990
  }
}

2024-03-26T21:01:18.078Z 2024-03-26T21:01:18.078Z	3d040aa2-01c0-5298-a3ef-54df381df51d	INFO	SubscriptionBalanceUpdated event published

2024-03-26T21:01:18.160Z END RequestId: 3d040aa2-01c0-5298-a3ef-54df381df51d

2024-03-26T21:01:18.160Z REPORT RequestId: 3d040aa2-01c0-5298-a3ef-54df381df51d	Duration: 161.23 ms	Billed Duration: 162 ms	Memory Size: 1024 MB	Max Memory Used: 131 MB	
XRAY TraceId: 1-6603379d-e1bab66d9d6f910fbcf11308	SegmentId: 1cca19e80026221e	Sampled: true	

2024-03-26T21:01:18.229Z START RequestId: 1cbbf485-7e7b-5598-9930-aaf847a543dd Version: $LATEST

2024-03-26T21:01:18.256Z 2024-03-26T21:01:18.256Z	1cbbf485-7e7b-5598-9930-aaf847a543dd	INFO	Processing message ef45f470-02e7-4966-8a9c-30c20913956a

2024-03-26T21:01:18.263Z 2024-03-26T21:01:18.263Z	1cbbf485-7e7b-5598-9930-aaf847a543dd	INFO	Start syncing the balance {
  transaction: {
    id: '01HSY92FYQ7B4P9Q4GRAWAA4FV',
    type: 'DEBIT',
    source: 'MANUAL_DEDUCTION',
    action: 'DELIVERY_DEDUCTION',
    userId: 'ce39bee1-85b2-4bb2-a149-76515fe7df8c',
    paymentBalance: 409,
    updatePaymentBalance: true,
    metadata: '{"walletId":"wallet#ce39bee1-85b2-4bb2-a149-76515fe7df8c","deliveryId":"1624eabc-2bc6-462a-83b6-2e158e42335f","walletSk":"1624eabc-2bc6-462a-83b6-2e158e42335f"}',
    currency: 'BHD',
    amount: 8,
    vat: 0,
    oldBalance: 184,
    newBalance: 176
  }
}

2024-03-26T21:01:18.358Z 2024-03-26T21:01:18.358Z	1cbbf485-7e7b-5598-9930-aaf847a543dd	INFO	SubscriptionBalanceUpdated event published

2024-03-26T21:01:18.371Z 2024-03-26T21:01:18.371Z	1cbbf485-7e7b-5598-9930-aaf847a543dd	ERROR	Subscription balance and payment balance are not in sync {
  userId: 'ce39bee1-85b2-4bb2-a149-76515fe7df8c',
  subscriptionBalance: 176,
  paymentBalance: 409
}

2024-03-26T21:01:18.402Z 2024-03-26T21:01:18.402Z	1cbbf485-7e7b-5598-9930-aaf847a543dd	INFO	Processing message c3672f0e-a624-45f6-9584-81667ae1e693

2024-03-26T21:01:18.410Z 2024-03-26T21:01:18.410Z	1cbbf485-7e7b-5598-9930-aaf847a543dd	INFO	Start syncing the balance {
  transaction: {
    id: '01HSY92FXGHXDDS3VZCFNXX5EZ',
    type: 'DEBIT',
    source: 'MANUAL_DEDUCTION',
    action: 'DELIVERY_DEDUCTION',
    userId: '402193c2-4bc7-4b72-a3ed-a4213ea8fddb',
    paymentBalance: 144,
    updatePaymentBalance: true,
    metadata: '{"walletId":"wallet#402193c2-4bc7-4b72-a3ed-a4213ea8fddb","deliveryId":"a244764e-e82b-48f2-a029-dc0d64e8efec","walletSk":"a244764e-e82b-48f2-a029-dc0d64e8efec"}',
    currency: 'BHD',
    amount: 9,
    vat: 0,
    oldBalance: 153,
    newBalance: 144
  }
}

2024-03-26T21:01:18.475Z 2024-03-26T21:01:18.475Z	1cbbf485-7e7b-5598-9930-aaf847a543dd	INFO	SubscriptionBalanceUpdated event published

2024-03-26T21:01:18.492Z 2024-03-26T21:01:18.492Z	1cbbf485-7e7b-5598-9930-aaf847a543dd	INFO	Processing message 30f9cbcd-6a8d-45fd-bccd-a01bf845b784

2024-03-26T21:01:18.501Z 2024-03-26T21:01:18.501Z	1cbbf485-7e7b-5598-9930-aaf847a543dd	INFO	Start syncing the balance {
  transaction: {
    id: '01HSY92G0S4HVZKXYRND9R1W39',
    type: 'DEBIT',
    source: 'MANUAL_DEDUCTION',
    action: 'DELIVERY_DEDUCTION',
    userId: 'b851dd0c-b4b0-41d4-814a-172752d504d9',
    paymentBalance: 108,
    updatePaymentBalance: true,
    metadata: '{"walletId":"wallet#b851dd0c-b4b0-41d4-814a-172752d504d9","deliveryId":"88d42217-3c56-49f8-bf99-dcdd83fb0142","walletSk":"88d42217-3c56-49f8-bf99-dcdd83fb0142"}',
    currency: 'BHD',
    amount: 9,
    vat: 0,
    oldBalance: 126,
    newBalance: 117
  }
}

2024-03-26T21:01:18.566Z 2024-03-26T21:01:18.566Z	1cbbf485-7e7b-5598-9930-aaf847a543dd	INFO	SubscriptionBalanceUpdated event published

2024-03-26T21:01:18.582Z 2024-03-26T21:01:18.582Z	1cbbf485-7e7b-5598-9930-aaf847a543dd	ERROR	Subscription balance and payment balance are not in sync {
  userId: 'b851dd0c-b4b0-41d4-814a-172752d504d9',
  subscriptionBalance: 117,
  paymentBalance: 108
}

2024-03-26T21:01:18.615Z 2024-03-26T21:01:18.615Z	1cbbf485-7e7b-5598-9930-aaf847a543dd	INFO	Processing message e02aa895-c75f-453f-8dfc-f293e54814b4

2024-03-26T21:01:18.622Z 2024-03-26T21:01:18.622Z	1cbbf485-7e7b-5598-9930-aaf847a543dd	INFO	Start syncing the balance {
  transaction: {
    id: '01HSY92G44XPCR81ECDKGRRRYH',
    type: 'DEBIT',
    source: 'MANUAL_DEDUCTION',
    action: 'DELIVERY_DEDUCTION',
    userId: '2ae0cc2a-a8fc-436d-aeec-0d7d0064f7b7',
    paymentBalance: 90,
    updatePaymentBalance: true,
    metadata: '{"walletId":"wallet#2ae0cc2a-a8fc-436d-aeec-0d7d0064f7b7","deliveryId":"4a84d71f-8784-4b99-9974-983448ef9a45","walletSk":"4a84d71f-8784-4b99-9974-983448ef9a45"}',
    currency: 'BHD',
    amount: 9,
    vat: 0,
    oldBalance: 99,
    newBalance: 90
  }
}

2024-03-26T21:01:18.684Z 2024-03-26T21:01:18.684Z	1cbbf485-7e7b-5598-9930-aaf847a543dd	INFO	SubscriptionBalanceUpdated event published

2024-03-26T21:01:18.700Z END RequestId: 1cbbf485-7e7b-5598-9930-aaf847a543dd

2024-03-26T21:01:18.701Z REPORT RequestId: 1cbbf485-7e7b-5598-9930-aaf847a543dd	Duration: 471.59 ms	Billed Duration: 472 ms	Memory Size: 1024 MB	Max Memory Used: 132 MB	
XRAY TraceId: 1-6603379e-7be1e4f563c0caa75cd3b0a7	SegmentId: 758f1bbc50a8e3e8	Sampled: true	

2024-03-26T21:01:19.073Z START RequestId: 309bf9de-d823-5fb0-be78-a7a3e1fcf835 Version: $LATEST

2024-03-26T21:01:19.103Z 2024-03-26T21:01:19.103Z	309bf9de-d823-5fb0-be78-a7a3e1fcf835	INFO	Processing message 8205af2a-9cd3-4a49-bd86-2d77d3a6b414

2024-03-26T21:01:19.109Z 2024-03-26T21:01:19.109Z	309bf9de-d823-5fb0-be78-a7a3e1fcf835	INFO	Start syncing the balance {
  transaction: {
    id: '01HSY92GYCP0P9DZP3WH2P0X9Y',
    type: 'DEBIT',
    source: 'MANUAL_DEDUCTION',
    action: 'DELIVERY_DEDUCTION',
    userId: '7c6156e0-739f-4e3a-9b68-302219956a98',
    paymentBalance: 2763,
    updatePaymentBalance: true,
    metadata: '{"walletId":"wallet#7c6156e0-739f-4e3a-9b68-302219956a98","deliveryId":"bdecc540-c34f-48a7-b225-5800399a3b1e","walletSk":"bdecc540-c34f-48a7-b225-5800399a3b1e"}',
    currency: 'SAR',
    amount: 81,
    vat: 0,
    oldBalance: 2844,
    newBalance: 2763
  }
}

2024-03-26T21:01:19.162Z 2024-03-26T21:01:19.162Z	309bf9de-d823-5fb0-be78-a7a3e1fcf835	INFO	SubscriptionBalanceUpdated event published

2024-03-26T21:01:19.176Z 2024-03-26T21:01:19.176Z	309bf9de-d823-5fb0-be78-a7a3e1fcf835	INFO	Processing message 49aba19e-0361-4326-8461-f1955734291f

2024-03-26T21:01:19.183Z 2024-03-26T21:01:19.183Z	309bf9de-d823-5fb0-be78-a7a3e1fcf835	INFO	Start syncing the balance {
  transaction: {
    id: '01HSY92H14AWPZH3FHYN6MQN72',
    type: 'DEBIT',
    source: 'MANUAL_DEDUCTION',
    action: 'DELIVERY_DEDUCTION',
    userId: 'f434d164-8656-429c-a7c9-fc4ab238f377',
    paymentBalance: 14.909,
    updatePaymentBalance: true,
    metadata: '{"walletId":"wallet#f434d164-8656-429c-a7c9-fc4ab238f377","deliveryId":"9951ab82-0d85-4849-bac6-8e78eae944ab","walletSk":"9951ab82-0d85-4849-bac6-8e78eae944ab"}',
    currency: 'BHD',
    amount: 4,
    vat: 0,
    oldBalance: 18.909,
    newBalance: 14.909
  }
}

2024-03-26T21:01:19.233Z 2024-03-26T21:01:19.233Z	309bf9de-d823-5fb0-be78-a7a3e1fcf835	INFO	SubscriptionBalanceUpdated event published

2024-03-26T21:01:19.248Z 2024-03-26T21:01:19.248Z	309bf9de-d823-5fb0-be78-a7a3e1fcf835	INFO	Processing message eec8ce87-de95-4b58-89d6-00f81a4660f0

2024-03-26T21:01:19.255Z 2024-03-26T21:01:19.255Z	309bf9de-d823-5fb0-be78-a7a3e1fcf835	INFO	Start syncing the balance {
  transaction: {
    id: '01HSY92GXVXJX6KDF8ZP0J2V86',
    type: 'DEBIT',
    source: 'MANUAL_DEDUCTION',
    action: 'DELIVERY_DEDUCTION',
    userId: '581ac5c9-5f0e-4349-aaf4-8a1660d860f5',
    paymentBalance: 37550,
    updatePaymentBalance: true,
    metadata: '{"walletId":"wallet#581ac5c9-5f0e-4349-aaf4-8a1660d860f5","deliveryId":"ce56c340-8212-4318-971d-4dd9b2cdf44e","walletSk":"ce56c340-8212-4318-971d-4dd9b2cdf44e"}',
    currency: 'SAR',
    amount: 90,
    vat: 0,
    oldBalance: 1540,
    newBalance: 1450
  }
}

2024-03-26T21:01:19.312Z 2024-03-26T21:01:19.312Z	309bf9de-d823-5fb0-be78-a7a3e1fcf835	INFO	SubscriptionBalanceUpdated event published

2024-03-26T21:01:19.331Z 2024-03-26T21:01:19.331Z	309bf9de-d823-5fb0-be78-a7a3e1fcf835	ERROR	Subscription balance and payment balance are not in sync {
  userId: '581ac5c9-5f0e-4349-aaf4-8a1660d860f5',
  subscriptionBalance: 1450,
  paymentBalance: 37550
}

2024-03-26T21:01:19.359Z 2024-03-26T21:01:19.359Z	309bf9de-d823-5fb0-be78-a7a3e1fcf835	INFO	Processing message 9c813479-5ba6-4995-b410-df072ef695ed

2024-03-26T21:01:19.365Z 2024-03-26T21:01:19.365Z	309bf9de-d823-5fb0-be78-a7a3e1fcf835	INFO	Start syncing the balance {
  transaction: {
    id: '01HSY92H0T41FRDF0M487DGECZ',
    type: 'DEBIT',
    source: 'MANUAL_DEDUCTION',
    action: 'DELIVERY_DEDUCTION',
    userId: '812966fa-e5bb-400f-a04f-28cb573aa328',
    paymentBalance: 135,
    updatePaymentBalance: true,
    metadata: '{"walletId":"wallet#812966fa-e5bb-400f-a04f-28cb573aa328","deliveryId":"30af3ff5-cdd8-4650-9c2d-f82f520b8480","walletSk":"30af3ff5-cdd8-4650-9c2d-f82f520b8480"}',
    currency: 'BHD',
    amount: 9,
    vat: 0,
    oldBalance: 144,
    newBalance: 135
  }
}

2024-03-26T21:01:19.427Z 2024-03-26T21:01:19.427Z	309bf9de-d823-5fb0-be78-a7a3e1fcf835	INFO	SubscriptionBalanceUpdated event published

2024-03-26T21:01:19.441Z 2024-03-26T21:01:19.441Z	309bf9de-d823-5fb0-be78-a7a3e1fcf835	INFO	Processing message d7e108ee-e43a-4ceb-982a-fe0f277a345f

2024-03-26T21:01:19.446Z 2024-03-26T21:01:19.446Z	309bf9de-d823-5fb0-be78-a7a3e1fcf835	INFO	Start syncing the balance {
  transaction: {
    id: '01HSY92H3R3DEKZTTVWBSYFDBQ',
    type: 'DEBIT',
    source: 'MANUAL_DEDUCTION',
    action: 'DELIVERY_DEDUCTION',
    userId: '85b299bd-0fd0-4ed0-8614-3332cdf067dd',
    paymentBalance: 963,
    updatePaymentBalance: true,
    metadata: '{"walletId":"wallet#85b299bd-0fd0-4ed0-8614-3332cdf067dd","deliveryId":"8cb50f74-6a69-4a10-9166-7a07ec80008c","walletSk":"8cb50f74-6a69-4a10-9166-7a07ec80008c"}',
    currency: 'AED',
    amount: 107,
    vat: 0,
    oldBalance: 1070,
    newBalance: 963
  }
}

2024-03-26T21:01:19.577Z 2024-03-26T21:01:19.577Z	309bf9de-d823-5fb0-be78-a7a3e1fcf835	INFO	SubscriptionBalanceUpdated event published

2024-03-26T21:01:19.592Z END RequestId: 309bf9de-d823-5fb0-be78-a7a3e1fcf835

2024-03-26T21:01:19.592Z REPORT RequestId: 309bf9de-d823-5fb0-be78-a7a3e1fcf835	Duration: 519.11 ms	Billed Duration: 520 ms	Memory Size: 1024 MB	Max Memory Used: 133 MB	

2024-03-26T21:01:19.675Z START RequestId: b7acb410-65d1-5265-b9ff-ea6d5c0e35e0 Version: $LATEST

2024-03-26T21:01:19.697Z 2024-03-26T21:01:19.697Z	b7acb410-65d1-5265-b9ff-ea6d5c0e35e0	INFO	Processing message 3e5713e1-8e22-4c57-87a5-8d4db15a1290

2024-03-26T21:01:19.703Z 2024-03-26T21:01:19.703Z	b7acb410-65d1-5265-b9ff-ea6d5c0e35e0	INFO	Start syncing the balance {
  transaction: {
    id: '01HSY92H9D99SW7WSWT9BZ9ATW',
    type: 'DEBIT',
    source: 'MANUAL_DEDUCTION',
    action: 'DELIVERY_DEDUCTION',
    userId: 'afdc346e-3110-4f5d-bdab-9c1ed0ac50ba',
    paymentBalance: 131,
    updatePaymentBalance: true,
    metadata: '{"walletId":"wallet#afdc346e-3110-4f5d-bdab-9c1ed0ac50ba","deliveryId":"866686c9-b989-4a69-b84a-6ad52738de6d","walletSk":"866686c9-b989-4a69-b84a-6ad52738de6d"}',
    currency: 'BHD',
    amount: 8,
    vat: 0,
    oldBalance: 139,
    newBalance: 131
  }
}

2024-03-26T21:01:19.751Z 2024-03-26T21:01:19.751Z	b7acb410-65d1-5265-b9ff-ea6d5c0e35e0	INFO	SubscriptionBalanceUpdated event published

2024-03-26T21:01:19.766Z 2024-03-26T21:01:19.766Z	b7acb410-65d1-5265-b9ff-ea6d5c0e35e0	INFO	Processing message 700a2641-f1a4-417d-b7d4-491c88901495

2024-03-26T21:01:19.771Z 2024-03-26T21:01:19.771Z	b7acb410-65d1-5265-b9ff-ea6d5c0e35e0	INFO	Start syncing the balance {
  transaction: {
    id: '01HSY92H3Y6N9T09YE6HWJF54Y',
    type: 'DEBIT',
    source: 'MANUAL_DEDUCTION',
    action: 'DELIVERY_DEDUCTION',
    userId: '9488264a-0173-4cf8-b89d-e92b2cd1d5c7',
    paymentBalance: 56,
    updatePaymentBalance: true,
    metadata: '{"walletId":"wallet#9488264a-0173-4cf8-b89d-e92b2cd1d5c7","deliveryId":"85a747d6-92b1-408c-9347-9ab96fac16f3","walletSk":"85a747d6-92b1-408c-9347-9ab96fac16f3"}',
    currency: 'BHD',
    amount: 8,
    vat: 0,
    oldBalance: 64,
    newBalance: 56
  }
}

2024-03-26T21:01:19.824Z 2024-03-26T21:01:19.824Z	b7acb410-65d1-5265-b9ff-ea6d5c0e35e0	INFO	SubscriptionBalanceUpdated event published

2024-03-26T21:01:19.841Z 2024-03-26T21:01:19.841Z	b7acb410-65d1-5265-b9ff-ea6d5c0e35e0	INFO	Processing message e08da04f-ac07-4b31-bb24-d5b96c3f2ad0

2024-03-26T21:01:19.846Z 2024-03-26T21:01:19.846Z	b7acb410-65d1-5265-b9ff-ea6d5c0e35e0	INFO	Start syncing the balance {
  transaction: {
    id: '01HSY92H646MQ859NVN5ZRACY6',
    type: 'DEBIT',
    source: 'MANUAL_DEDUCTION',
    action: 'DELIVERY_DEDUCTION',
    userId: 'e2ff5a66-fc7d-4204-b5fe-48676a2faa07',
    paymentBalance: 135,
    updatePaymentBalance: true,
    metadata: '{"walletId":"wallet#e2ff5a66-fc7d-4204-b5fe-48676a2faa07","deliveryId":"51105fe0-e6e3-42b3-8614-ea4d74cfe147","walletSk":"51105fe0-e6e3-42b3-8614-ea4d74cfe147"}',
    currency: 'BHD',
    amount: 9,
    vat: 0,
    oldBalance: 144,
    newBalance: 135
  }
}

2024-03-26T21:01:19.892Z 2024-03-26T21:01:19.892Z	b7acb410-65d1-5265-b9ff-ea6d5c0e35e0	INFO	SubscriptionBalanceUpdated event published

2024-03-26T21:01:19.906Z 2024-03-26T21:01:19.906Z	b7acb410-65d1-5265-b9ff-ea6d5c0e35e0	INFO	Processing message e377ec1e-7c01-4838-bde0-0229b7a7b5db

2024-03-26T21:01:19.912Z 2024-03-26T21:01:19.912Z	b7acb410-65d1-5265-b9ff-ea6d5c0e35e0	INFO	Start syncing the balance {
  transaction: {
    id: '01HSY92HC5634E8CSPF0AP2FS2',
    type: 'DEBIT',
    source: 'MANUAL_DEDUCTION',
    action: 'DELIVERY_DEDUCTION',
    userId: 'bfdcbdf4-59e4-4340-b37e-8fd95c61546e',
    paymentBalance: 1080,
    updatePaymentBalance: true,
    metadata: '{"walletId":"wallet#bfdcbdf4-59e4-4340-b37e-8fd95c61546e","deliveryId":"025c7ec0-8b2c-4f28-b09b-e0b065039cfc","walletSk":"025c7ec0-8b2c-4f28-b09b-e0b065039cfc"}',
    currency: 'SAR',
    amount: 90,
    vat: 0,
    oldBalance: 1170,
    newBalance: 1080
  }
}

2024-03-26T21:01:19.964Z 2024-03-26T21:01:19.964Z	b7acb410-65d1-5265-b9ff-ea6d5c0e35e0	INFO	SubscriptionBalanceUpdated event published

2024-03-26T21:01:19.979Z 2024-03-26T21:01:19.979Z	b7acb410-65d1-5265-b9ff-ea6d5c0e35e0	INFO	Processing message 8167217f-4ed8-4870-9e13-37226614232c

2024-03-26T21:01:19.985Z 2024-03-26T21:01:19.985Z	b7acb410-65d1-5265-b9ff-ea6d5c0e35e0	INFO	Start syncing the balance {
  transaction: {
    id: '01HSY92H9TFV83HA13KR2XKXYF',
    type: 'DEBIT',
    source: 'MANUAL_DEDUCTION',
    action: 'DELIVERY_DEDUCTION',
    userId: 'a244b9ad-11ff-4e89-9c17-55332367db0d',
    paymentBalance: 180,
    updatePaymentBalance: true,
    metadata: '{"walletId":"wallet#a244b9ad-11ff-4e89-9c17-55332367db0d","deliveryId":"5bc2f570-eeaf-49fc-8f96-7f4bdb17390a","walletSk":"5bc2f570-eeaf-49fc-8f96-7f4bdb17390a"}',
    currency: 'SAR',
    amount: 90,
    vat: 0,
    oldBalance: 270,
    newBalance: 180
  }
}

2024-03-26T21:01:20.036Z 2024-03-26T21:01:20.036Z	b7acb410-65d1-5265-b9ff-ea6d5c0e35e0	INFO	SubscriptionBalanceUpdated event published

2024-03-26T21:01:20.050Z 2024-03-26T21:01:20.050Z	b7acb410-65d1-5265-b9ff-ea6d5c0e35e0	INFO	Processing message c2906ca9-cdb9-4d1a-9381-c1859495df3b

2024-03-26T21:01:20.056Z 2024-03-26T21:01:20.056Z	b7acb410-65d1-5265-b9ff-ea6d5c0e35e0	INFO	Start syncing the balance {
  transaction: {
    id: '01HSY92H76XH7QB8NJT4X42PQ2',
    type: 'DEBIT',
    source: 'MANUAL_DEDUCTION',
    action: 'DELIVERY_DEDUCTION',
    userId: '57e3222a-06f6-416a-83b5-fb1e967514d0',
    paymentBalance: 2533.5,
    updatePaymentBalance: true,
    metadata: '{"walletId":"wallet#57e3222a-06f6-416a-83b5-fb1e967514d0","deliveryId":"d96f5b00-6ec4-4f29-b15b-a8cf06637ebe","walletSk":"d96f5b00-6ec4-4f29-b15b-a8cf06637ebe"}',
    currency: 'SAR',
    amount: 81,
    vat: 0,
    oldBalance: 2614.5,
    newBalance: 2533.5
  }
}

2024-03-26T21:01:20.177Z 2024-03-26T21:01:20.177Z	b7acb410-65d1-5265-b9ff-ea6d5c0e35e0	INFO	SubscriptionBalanceUpdated event published

2024-03-26T21:01:20.194Z 2024-03-26T21:01:20.194Z	b7acb410-65d1-5265-b9ff-ea6d5c0e35e0	INFO	Processing message d4942d29-29ca-49f6-94ac-840bc8ec2585

2024-03-26T21:01:20.201Z 2024-03-26T21:01:20.201Z	b7acb410-65d1-5265-b9ff-ea6d5c0e35e0	INFO	Start syncing the balance {
  transaction: {
    id: '01HSY92HHHWS0FZR4GFVK56JGY',
    type: 'DEBIT',
    source: 'MANUAL_DEDUCTION',
    action: 'DELIVERY_DEDUCTION',
    userId: '67305f3f-628b-4997-83f9-1247a896127a',
    paymentBalance: 2502,
    updatePaymentBalance: true,
    metadata: '{"walletId":"wallet#67305f3f-628b-4997-83f9-1247a896127a","deliveryId":"7d5dd493-668f-4f8c-9a65-1e9016748426","walletSk":"7d5dd493-668f-4f8c-9a65-1e9016748426"}',
    currency: 'BHD',
    amount: 9,
    vat: 0,
    oldBalance: 2520,
    newBalance: 2511
  }
}

2024-03-26T21:01:20.252Z 2024-03-26T21:01:20.252Z	b7acb410-65d1-5265-b9ff-ea6d5c0e35e0	INFO	SubscriptionBalanceUpdated event published

2024-03-26T21:01:20.265Z 2024-03-26T21:01:20.265Z	b7acb410-65d1-5265-b9ff-ea6d5c0e35e0	ERROR	Subscription balance and payment balance are not in sync {
  userId: '67305f3f-628b-4997-83f9-1247a896127a',
  subscriptionBalance: 2511,
  paymentBalance: 2502
}

2024-03-26T21:01:20.284Z 2024-03-26T21:01:20.284Z	b7acb410-65d1-5265-b9ff-ea6d5c0e35e0	INFO	Processing message d2bc184f-9eaa-437e-a328-98d59ee49208

2024-03-26T21:01:20.290Z 2024-03-26T21:01:20.290Z	b7acb410-65d1-5265-b9ff-ea6d5c0e35e0	INFO	Start syncing the balance {
  transaction: {
    id: '01HSY92HDE5D5R55Y11XV49TCZ',
    type: 'DEBIT',
    source: 'MANUAL_DEDUCTION',
    action: 'DELIVERY_DEDUCTION',
    userId: 'd028855c-dba7-4062-ab04-83c8526ee695',
    paymentBalance: 72.909,
    updatePaymentBalance: true,
    metadata: '{"walletId":"wallet#d028855c-dba7-4062-ab04-83c8526ee695","deliveryId":"e831e6a6-e937-4f71-aacb-31df62f4d95a","walletSk":"e831e6a6-e937-4f71-aacb-31df62f4d95a"}',
    currency: 'BHD',
    amount: 8,
    vat: 0,
    oldBalance: 80.909,
    newBalance: 72.909
  }
}

2024-03-26T21:01:20.339Z 2024-03-26T21:01:20.339Z	b7acb410-65d1-5265-b9ff-ea6d5c0e35e0	INFO	SubscriptionBalanceUpdated event published

2024-03-26T21:01:20.356Z 2024-03-26T21:01:20.356Z	b7acb410-65d1-5265-b9ff-ea6d5c0e35e0	INFO	Processing message ef1980ca-e7df-4b85-9f30-309fd8814449

2024-03-26T21:01:20.364Z 2024-03-26T21:01:20.364Z	b7acb410-65d1-5265-b9ff-ea6d5c0e35e0	INFO	Start syncing the balance {
  transaction: {
    id: '01HSY92HJ5DF4ADTDK8KTPQYCV',
    type: 'DEBIT',
    source: 'MANUAL_DEDUCTION',
    action: 'DELIVERY_DEDUCTION',
    userId: '7d9a6dbd-fcd1-44f1-b8fe-b79afc382f5a',
    paymentBalance: 90,
    updatePaymentBalance: true,
    metadata: '{"walletId":"wallet#7d9a6dbd-fcd1-44f1-b8fe-b79afc382f5a","deliveryId":"fbec7b0b-0ce4-46ce-b85c-e0f9be22fd18","walletSk":"fbec7b0b-0ce4-46ce-b85c-e0f9be22fd18"}',
    currency: 'AED',
    amount: 82,
    vat: 0,
    oldBalance: 172,
    newBalance: 90
  }
}

2024-03-26T21:01:20.417Z 2024-03-26T21:01:20.417Z	b7acb410-65d1-5265-b9ff-ea6d5c0e35e0	INFO	SubscriptionBalanceUpdated event published

2024-03-26T21:01:20.430Z 2024-03-26T21:01:20.430Z	b7acb410-65d1-5265-b9ff-ea6d5c0e35e0	INFO	Processing message 576fadc1-01e1-4e47-a9d0-20038582eb4d

2024-03-26T21:01:20.437Z 2024-03-26T21:01:20.437Z	b7acb410-65d1-5265-b9ff-ea6d5c0e35e0	INFO	Start syncing the balance {
  transaction: {
    id: '01HSY92HF5FN4D9SKMT6KDSF8B',
    type: 'DEBIT',
    source: 'MANUAL_DEDUCTION',
    action: 'DELIVERY_DEDUCTION',
    userId: 'cc9f78ca-ae9d-41bf-87a4-0b644222c99e',
    paymentBalance: 27,
    updatePaymentBalance: true,
    metadata: '{"walletId":"wallet#cc9f78ca-ae9d-41bf-87a4-0b644222c99e","deliveryId":"a2fc209d-f559-4c98-b8b0-2eff3ffe6629","walletSk":"a2fc209d-f559-4c98-b8b0-2eff3ffe6629"}',
    currency: 'BHD',
    amount: 9,
    vat: 0,
    oldBalance: 36,
    newBalance: 27
  }
}

2024-03-26T21:01:20.482Z 2024-03-26T21:01:20.482Z	b7acb410-65d1-5265-b9ff-ea6d5c0e35e0	INFO	SubscriptionBalanceUpdated event published

2024-03-26T21:01:20.497Z END RequestId: b7acb410-65d1-5265-b9ff-ea6d5c0e35e0

2024-03-26T21:01:20.497Z REPORT RequestId: b7acb410-65d1-5265-b9ff-ea6d5c0e35e0	Duration: 821.81 ms	Billed Duration: 822 ms	Memory Size: 1024 MB	Max Memory Used: 133 MB	

