2024-01-22T21:01:51.815Z START RequestId: 632b0ce6-ae73-5ed5-8099-52ce77879cae Version: $LATEST

2024-01-22T21:01:51.848Z 2024-01-22T21:01:51.848Z	632b0ce6-ae73-5ed5-8099-52ce77879cae	INFO	Processing message c90dcc69-d80a-4f97-ac19-0e893b677e5b

2024-01-22T21:01:51.857Z 2024-01-22T21:01:51.857Z	632b0ce6-ae73-5ed5-8099-52ce77879cae	INFO	Start syncing the balance {
  transaction: {
    id: '01HMSFNH1KHW0M1RPC9N6NA92D',
    type: 'DEBIT',
    source: 'MANUAL_DEDUCTION',
    action: 'DELIVERY_DEDUCTION',
    userId: '8cfb0a41-4446-43f9-8ace-c17b9c9a9c7e',
    paymentBalance: 17845,
    updatePaymentBalance: true,
    metadata: '{"walletId":"wallet#8cfb0a41-4446-43f9-8ace-c17b9c9a9c7e","deliveryId":"8378b088-4de8-4d24-a1c8-cbc72f51dba3","walletSk":"8378b088-4de8-4d24-a1c8-cbc72f51dba3"}',
    currency: 'SAR',
    amount: 60,
    vat: 0,
    oldBalance: 17905,
    newBalance: 17845
  }
}

2024-01-22T21:01:51.967Z 2024-01-22T21:01:51.967Z	632b0ce6-ae73-5ed5-8099-52ce77879cae	INFO	SubscriptionBalanceUpdated event published

2024-01-22T21:01:51.989Z END RequestId: 632b0ce6-ae73-5ed5-8099-52ce77879cae

2024-01-22T21:01:51.989Z REPORT RequestId: 632b0ce6-ae73-5ed5-8099-52ce77879cae	Duration: 174.33 ms	Billed Duration: 175 ms	Memory Size: 1024 MB	Max Memory Used: 117 MB	

2024-01-22T21:01:52.070Z START RequestId: 72b3653a-bb6e-50db-b030-3b126298913f Version: $LATEST

2024-01-22T21:01:52.097Z 2024-01-22T21:01:52.097Z	72b3653a-bb6e-50db-b030-3b126298913f	INFO	Processing message b4141071-4df5-43c8-a92b-c51492388e43

2024-01-22T21:01:52.103Z 2024-01-22T21:01:52.103Z	72b3653a-bb6e-50db-b030-3b126298913f	INFO	Start syncing the balance {
  transaction: {
    id: '01HMSFNH5N4M55WJDR53VNCRSS',
    type: 'DEBIT',
    source: 'MANUAL_DEDUCTION',
    action: 'DELIVERY_DEDUCTION',
    userId: '67305f3f-628b-4997-83f9-1247a896127a',
    paymentBalance: 2943,
    updatePaymentBalance: true,
    metadata: '{"walletId":"wallet#67305f3f-628b-4997-83f9-1247a896127a","deliveryId":"817a8392-3309-4a7c-a091-2bde4e532fc2","walletSk":"817a8392-3309-4a7c-a091-2bde4e532fc2"}',
    currency: 'BHD',
    amount: 9,
    vat: 0,
    oldBalance: 2961,
    newBalance: 2952
  }
}

2024-01-22T21:01:52.152Z 2024-01-22T21:01:52.152Z	72b3653a-bb6e-50db-b030-3b126298913f	INFO	SubscriptionBalanceUpdated event published

2024-01-22T21:01:52.174Z 2024-01-22T21:01:52.174Z	72b3653a-bb6e-50db-b030-3b126298913f	ERROR	Subscription balance and payment balance are not in sync {
  userId: '67305f3f-628b-4997-83f9-1247a896127a',
  subscriptionBalance: 2952,
  paymentBalance: 2943
}

2024-01-22T21:01:52.191Z END RequestId: 72b3653a-bb6e-50db-b030-3b126298913f

2024-01-22T21:01:52.191Z REPORT RequestId: 72b3653a-bb6e-50db-b030-3b126298913f	Duration: 120.30 ms	Billed Duration: 121 ms	Memory Size: 1024 MB	Max Memory Used: 117 MB	

2024-01-22T21:01:55.316Z START RequestId: 893d65c3-f6c2-55e1-803f-3beb2f346608 Version: $LATEST

2024-01-22T21:01:55.346Z 2024-01-22T21:01:55.346Z	893d65c3-f6c2-55e1-803f-3beb2f346608	INFO	Processing message 30512ffd-9f1e-49de-bb70-e8838bc58dae

2024-01-22T21:01:55.351Z 2024-01-22T21:01:55.351Z	893d65c3-f6c2-55e1-803f-3beb2f346608	INFO	Start syncing the balance {
  transaction: {
    id: '01HMSFNM7QMKVYFFDVRZ0FE8B9',
    type: 'DEBIT',
    source: 'MANUAL_DEDUCTION',
    action: 'DELIVERY_DEDUCTION',
    userId: '52ebb322-696b-423b-bd79-2de604defbdd',
    paymentBalance: 3723.01,
    updatePaymentBalance: true,
    metadata: '{"walletId":"wallet#52ebb322-696b-423b-bd79-2de604defbdd","deliveryId":"284b7b47-710d-437b-8510-bf4643de18e9","walletSk":"284b7b47-710d-437b-8510-bf4643de18e9"}',
    currency: 'SAR',
    amount: 70,
    vat: 0,
    oldBalance: 1320,
    newBalance: 1250
  }
}

2024-01-22T21:01:55.400Z 2024-01-22T21:01:55.400Z	893d65c3-f6c2-55e1-803f-3beb2f346608	INFO	SubscriptionBalanceUpdated event published

2024-01-22T21:01:55.536Z 2024-01-22T21:01:55.536Z	893d65c3-f6c2-55e1-803f-3beb2f346608	ERROR	Subscription balance and payment balance are not in sync {
  userId: '52ebb322-696b-423b-bd79-2de604defbdd',
  subscriptionBalance: 1250,
  paymentBalance: 3723.01
}

2024-01-22T21:01:55.553Z END RequestId: 893d65c3-f6c2-55e1-803f-3beb2f346608

2024-01-22T21:01:55.553Z REPORT RequestId: 893d65c3-f6c2-55e1-803f-3beb2f346608	Duration: 237.08 ms	Billed Duration: 238 ms	Memory Size: 1024 MB	Max Memory Used: 117 MB	

2024-01-22T21:01:59.322Z START RequestId: 235e651e-a25d-54f5-984c-3b367baa5629 Version: $LATEST

2024-01-22T21:01:59.353Z 2024-01-22T21:01:59.353Z	235e651e-a25d-54f5-984c-3b367baa5629	INFO	Processing message 4e2d372b-f57b-4ef8-813f-8061ff862609

2024-01-22T21:01:59.360Z 2024-01-22T21:01:59.360Z	235e651e-a25d-54f5-984c-3b367baa5629	INFO	Start syncing the balance {
  transaction: {
    id: '01HMSFNRFMPNTXXRA2TFPED27M',
    type: 'DEBIT',
    source: 'MANUAL_DEDUCTION',
    action: 'DELIVERY_DEDUCTION',
    userId: '2af65ba7-48fc-4433-be65-5dca7e3094a8',
    paymentBalance: 595.071,
    updatePaymentBalance: true,
    metadata: '{"walletId":"wallet#2af65ba7-48fc-4433-be65-5dca7e3094a8","deliveryId":"e171096d-ff02-4a89-9025-a47d3c5afd4a","walletSk":"e171096d-ff02-4a89-9025-a47d3c5afd4a"}',
    currency: 'BHD',
    amount: 13,
    vat: 0,
    oldBalance: 478.455,
    newBalance: 465.455
  }
}

2024-01-22T21:01:59.422Z 2024-01-22T21:01:59.422Z	235e651e-a25d-54f5-984c-3b367baa5629	INFO	SubscriptionBalanceUpdated event published

2024-01-22T21:01:59.437Z 2024-01-22T21:01:59.437Z	235e651e-a25d-54f5-984c-3b367baa5629	ERROR	Subscription balance and payment balance are not in sync {
  userId: '2af65ba7-48fc-4433-be65-5dca7e3094a8',
  subscriptionBalance: 465.455,
  paymentBalance: 595.071
}

2024-01-22T21:01:59.462Z END RequestId: 235e651e-a25d-54f5-984c-3b367baa5629

2024-01-22T21:01:59.462Z REPORT RequestId: 235e651e-a25d-54f5-984c-3b367baa5629	Duration: 139.65 ms	Billed Duration: 140 ms	Memory Size: 1024 MB	Max Memory Used: 117 MB	

2024-01-22T21:01:59.577Z START RequestId: 35c9c867-b307-5f60-85a5-964f6afe01de Version: $LATEST

2024-01-22T21:01:59.603Z 2024-01-22T21:01:59.603Z	35c9c867-b307-5f60-85a5-964f6afe01de	INFO	Processing message da5e2bd3-0048-402b-a2e4-afebd448fc6c

2024-01-22T21:01:59.611Z 2024-01-22T21:01:59.611Z	35c9c867-b307-5f60-85a5-964f6afe01de	INFO	Start syncing the balance {
  transaction: {
    id: '01HMSFNREPF65AQ65HEN71B0ZS',
    type: 'DEBIT',
    source: 'MANUAL_DEDUCTION',
    action: 'DELIVERY_DEDUCTION',
    userId: 'd4fe9151-a07d-4f55-b02b-0e5197ecc4b7',
    paymentBalance: 2177.745,
    updatePaymentBalance: true,
    metadata: '{"walletId":"wallet#d4fe9151-a07d-4f55-b02b-0e5197ecc4b7","deliveryId":"ddbb603f-a9a9-4e13-8f68-7388d015cb8b","walletSk":"ddbb603f-a9a9-4e13-8f68-7388d015cb8b"}',
    currency: 'BHD',
    amount: 9,
    vat: 0,
    oldBalance: 2186.745,
    newBalance: 2177.745
  }
}

2024-01-22T21:01:59.663Z 2024-01-22T21:01:59.663Z	35c9c867-b307-5f60-85a5-964f6afe01de	INFO	SubscriptionBalanceUpdated event published

2024-01-22T21:01:59.680Z END RequestId: 35c9c867-b307-5f60-85a5-964f6afe01de

2024-01-22T21:01:59.680Z REPORT RequestId: 35c9c867-b307-5f60-85a5-964f6afe01de	Duration: 102.85 ms	Billed Duration: 103 ms	Memory Size: 1024 MB	Max Memory Used: 117 MB	

2024-01-22T21:01:03.690Z INIT_START Runtime Version: nodejs:20.v14	Runtime Version ARN: arn:aws:lambda:us-east-1::runtime:d4c968f0a85420c036d732975b0317307799fc7152619b3c4fb289f5d8e34f8a

2024-01-22T21:01:04.438Z START RequestId: 83fe13ee-cdf5-507d-9a62-4dc6143f2199 Version: $LATEST

2024-01-22T21:01:04.647Z 2024-01-22T21:01:04.647Z	83fe13ee-cdf5-507d-9a62-4dc6143f2199	INFO	Processing message c1647194-b9a0-4a0d-b237-0c6d659c333a

2024-01-22T21:01:04.684Z 2024-01-22T21:01:04.684Z	83fe13ee-cdf5-507d-9a62-4dc6143f2199	INFO	Start syncing the balance {
  transaction: {
    id: '01HMSFKZDG3AZFXG4F4ASQCA6K',
    type: 'DEBIT',
    source: 'MANUAL_DEDUCTION',
    action: 'DELIVERY_DEDUCTION',
    userId: 'd3b889f1-691b-4666-9674-fec069bfeaf9',
    paymentBalance: 990,
    updatePaymentBalance: true,
    metadata: '{"walletId":"wallet#d3b889f1-691b-4666-9674-fec069bfeaf9","deliveryId":"5f317729-ef88-4083-a706-9fce7e02618e","walletSk":"5f317729-ef88-4083-a706-9fce7e02618e"}',
    currency: 'SAR',
    amount: 90,
    vat: 0,
    oldBalance: 1080,
    newBalance: 990
  }
}

2024-01-22T21:01:04.791Z 2024-01-22T21:01:04.791Z	83fe13ee-cdf5-507d-9a62-4dc6143f2199	INFO	SubscriptionBalanceUpdated event published

2024-01-22T21:01:04.897Z END RequestId: 83fe13ee-cdf5-507d-9a62-4dc6143f2199

2024-01-22T21:01:04.897Z REPORT RequestId: 83fe13ee-cdf5-507d-9a62-4dc6143f2199	Duration: 461.62 ms	Billed Duration: 462 ms	Memory Size: 1024 MB	Max Memory Used: 105 MB	Init Duration: 744.44 ms	
XRAY TraceId: 1-65aed78f-d47ef8fb9a1d35a5dc5537ed	SegmentId: 12e6629a431b8d4e	Sampled: true	

2024-01-22T21:01:30.615Z END RequestId: ce339e0d-168c-592a-9540-c025cf57b346

2024-01-22T21:01:30.615Z REPORT RequestId: ce339e0d-168c-592a-9540-c025cf57b346	Duration: 126.14 ms	Billed Duration: 127 ms	Memory Size: 1024 MB	Max Memory Used: 106 MB	

2024-01-22T21:01:40.005Z START RequestId: 3d7dbb56-883f-5e81-b919-e57e51de6cfa Version: $LATEST

2024-01-22T21:01:40.036Z 2024-01-22T21:01:40.036Z	3d7dbb56-883f-5e81-b919-e57e51de6cfa	INFO	Processing message c7e88a3e-69af-44f7-bedd-1052af57ccb6

2024-01-22T21:01:40.041Z 2024-01-22T21:01:40.041Z	3d7dbb56-883f-5e81-b919-e57e51de6cfa	INFO	Start syncing the balance {
  transaction: {
    id: '01HMSFN5H9MTC6G25SKJJZMC8G',
    type: 'DEBIT',
    source: 'MANUAL_DEDUCTION',
    action: 'DELIVERY_DEDUCTION',
    userId: '1530abbd-3732-4b47-aafa-c636be659828',
    paymentBalance: 117,
    updatePaymentBalance: true,
    metadata: '{"walletId":"wallet#1530abbd-3732-4b47-aafa-c636be659828","deliveryId":"0f74da3d-c14d-4c09-b1b3-b1a28928c0b9","walletSk":"0f74da3d-c14d-4c09-b1b3-b1a28928c0b9"}',
    currency: 'BHD',
    amount: 9,
    vat: 0,
    oldBalance: 126,
    newBalance: 117
  }
}

2024-01-22T21:01:40.144Z 2024-01-22T21:01:40.144Z	3d7dbb56-883f-5e81-b919-e57e51de6cfa	INFO	SubscriptionBalanceUpdated event published

2024-01-22T21:01:40.180Z END RequestId: 3d7dbb56-883f-5e81-b919-e57e51de6cfa

2024-01-22T21:01:40.180Z REPORT RequestId: 3d7dbb56-883f-5e81-b919-e57e51de6cfa	Duration: 174.90 ms	Billed Duration: 175 ms	Memory Size: 1024 MB	Max Memory Used: 113 MB	

2024-01-22T21:01:43.230Z START RequestId: 4a57cece-b4b5-5069-b975-90e66d5242b5 Version: $LATEST

2024-01-22T21:01:43.258Z 2024-01-22T21:01:43.258Z	4a57cece-b4b5-5069-b975-90e66d5242b5	INFO	Processing message e3fe46f5-8b36-44c0-bfda-0b251315eb36

2024-01-22T21:01:43.267Z 2024-01-22T21:01:43.267Z	4a57cece-b4b5-5069-b975-90e66d5242b5	INFO	Start syncing the balance {
  transaction: {
    id: '01HMSFN8DDGBB1B7SRPTANQ2CP',
    type: 'DEBIT',
    source: 'MANUAL_DEDUCTION',
    action: 'DELIVERY_DEDUCTION',
    userId: '2c2a8830-b2f7-4b3e-a180-7a5654eee40c',
    paymentBalance: 38756.39,
    updatePaymentBalance: true,
    metadata: '{"walletId":"wallet#2c2a8830-b2f7-4b3e-a180-7a5654eee40c","deliveryId":"97a4ed6f-54f2-4eb3-949c-4a3cbcfcdec8","walletSk":"97a4ed6f-54f2-4eb3-949c-4a3cbcfcdec8"}',
    currency: 'SAR',
    amount: 90,
    vat: 0,
    oldBalance: 38936.39,
    newBalance: 38846.39
  }
}

2024-01-22T21:01:43.316Z 2024-01-22T21:01:43.316Z	4a57cece-b4b5-5069-b975-90e66d5242b5	INFO	SubscriptionBalanceUpdated event published

2024-01-22T21:01:43.402Z 2024-01-22T21:01:43.402Z	4a57cece-b4b5-5069-b975-90e66d5242b5	ERROR	Subscription balance and payment balance are not in sync {
  userId: '2c2a8830-b2f7-4b3e-a180-7a5654eee40c',
  subscriptionBalance: 38846.39,
  paymentBalance: 38756.39
}

2024-01-22T21:01:43.421Z END RequestId: 4a57cece-b4b5-5069-b975-90e66d5242b5

2024-01-22T21:01:43.421Z REPORT RequestId: 4a57cece-b4b5-5069-b975-90e66d5242b5	Duration: 190.80 ms	Billed Duration: 191 ms	Memory Size: 1024 MB	Max Memory Used: 114 MB	

2024-01-22T21:01:45.801Z START RequestId: 5b412c58-915d-5e63-8b34-727048b76060 Version: $LATEST

2024-01-22T21:01:45.827Z 2024-01-22T21:01:45.827Z	5b412c58-915d-5e63-8b34-727048b76060	INFO	Processing message 7f27b080-ba3f-4808-9fae-be3cbcfe9b19

2024-01-22T21:01:45.833Z 2024-01-22T21:01:45.833Z	5b412c58-915d-5e63-8b34-727048b76060	INFO	Start syncing the balance {
  transaction: {
    id: '01HMSFNB44V1FYKV8RPNSSK3HN',
    type: 'DEBIT',
    source: 'MANUAL_DEDUCTION',
    action: 'DELIVERY_DEDUCTION',
    userId: 'd8e22713-a177-4738-bdb6-e48b189eb487',
    paymentBalance: 165,
    updatePaymentBalance: true,
    metadata: '{"walletId":"wallet#d8e22713-a177-4738-bdb6-e48b189eb487","deliveryId":"20f94daf-9bff-40c9-9bcd-dd429616270b","walletSk":"20f94daf-9bff-40c9-9bcd-dd429616270b"}',
    currency: 'KWD',
    amount: 7.5,
    vat: 0,
    oldBalance: 172.5,
    newBalance: 165
  }
}

2024-01-22T21:01:45.880Z 2024-01-22T21:01:45.880Z	5b412c58-915d-5e63-8b34-727048b76060	INFO	SubscriptionBalanceUpdated event published

2024-01-22T21:01:45.895Z END RequestId: 5b412c58-915d-5e63-8b34-727048b76060

2024-01-22T21:01:45.895Z REPORT RequestId: 5b412c58-915d-5e63-8b34-727048b76060	Duration: 93.79 ms	Billed Duration: 94 ms	Memory Size: 1024 MB	Max Memory Used: 114 MB	

2024-01-22T21:01:46.819Z START RequestId: a885777b-a162-5be4-8073-2953788d4c3b Version: $LATEST

2024-01-22T21:01:46.851Z 2024-01-22T21:01:46.851Z	a885777b-a162-5be4-8073-2953788d4c3b	INFO	Processing message 86afa9fc-2e46-465c-a5ec-80a8525d9363

2024-01-22T21:01:46.857Z 2024-01-22T21:01:46.857Z	a885777b-a162-5be4-8073-2953788d4c3b	INFO	Start syncing the balance {
  transaction: {
    id: '01HMSFNC39SP3YHY0W64994PY8',
    type: 'DEBIT',
    source: 'MANUAL_DEDUCTION',
    action: 'DELIVERY_DEDUCTION',
    userId: '40f6a3ff-bd0f-415a-bbb6-0ec83c17cb06',
    paymentBalance: 1350,
    updatePaymentBalance: true,
    metadata: '{"walletId":"wallet#40f6a3ff-bd0f-415a-bbb6-0ec83c17cb06","deliveryId":"3501ba0c-a144-4cbc-9a6b-bccdbb66da11","walletSk":"3501ba0c-a144-4cbc-9a6b-bccdbb66da11"}',
    currency: 'SAR',
    amount: 90,
    vat: 0,
    oldBalance: 1440,
    newBalance: 1350
  }
}

2024-01-22T21:01:46.902Z 2024-01-22T21:01:46.902Z	a885777b-a162-5be4-8073-2953788d4c3b	INFO	SubscriptionBalanceUpdated event published

2024-01-22T21:01:46.915Z END RequestId: a885777b-a162-5be4-8073-2953788d4c3b

2024-01-22T21:01:46.915Z REPORT RequestId: a885777b-a162-5be4-8073-2953788d4c3b	Duration: 95.58 ms	Billed Duration: 96 ms	Memory Size: 1024 MB	Max Memory Used: 115 MB	

2024-01-22T21:01:21.605Z START RequestId: 05b77ff6-71d2-5941-9daf-21dea80a8aa8 Version: $LATEST

2024-01-22T21:01:21.640Z 2024-01-22T21:01:21.640Z	05b77ff6-71d2-5941-9daf-21dea80a8aa8	INFO	Processing message 4cea0b8f-768d-40d3-bd91-1b54686dc8bd

2024-01-22T21:01:21.647Z 2024-01-22T21:01:21.647Z	05b77ff6-71d2-5941-9daf-21dea80a8aa8	INFO	Start syncing the balance {
  transaction: {
    id: '01HMSFMK6N6WTKJTDB4ZGB47G0',
    type: 'DEBIT',
    source: 'MANUAL_DEDUCTION',
    action: 'DELIVERY_DEDUCTION',
    userId: 'e27bcab1-50f2-409c-aa7e-e0ab8fd0f879',
    paymentBalance: 990,
    updatePaymentBalance: true,
    metadata: '{"walletId":"wallet#e27bcab1-50f2-409c-aa7e-e0ab8fd0f879","deliveryId":"a844fa61-7b1f-42ad-a1a7-004e8b4ebb2f","walletSk":"a844fa61-7b1f-42ad-a1a7-004e8b4ebb2f"}',
    currency: 'SAR',
    amount: 90,
    vat: 0,
    oldBalance: 1080,
    newBalance: 990
  }
}

2024-01-22T21:01:21.717Z 2024-01-22T21:01:21.717Z	05b77ff6-71d2-5941-9daf-21dea80a8aa8	INFO	SubscriptionBalanceUpdated event published

2024-01-22T21:01:21.751Z END RequestId: 05b77ff6-71d2-5941-9daf-21dea80a8aa8

2024-01-22T21:01:21.751Z REPORT RequestId: 05b77ff6-71d2-5941-9daf-21dea80a8aa8	Duration: 146.80 ms	Billed Duration: 147 ms	Memory Size: 1024 MB	Max Memory Used: 105 MB	

2024-01-22T21:01:21.839Z START RequestId: 31fc3c02-7cea-5bbb-bef7-622aa531e9c0 Version: $LATEST

2024-01-22T21:01:21.865Z 2024-01-22T21:01:21.865Z	31fc3c02-7cea-5bbb-bef7-622aa531e9c0	INFO	Processing message e83b891d-4ad7-44c9-8792-6f7af69e93fe

2024-01-22T21:01:21.872Z 2024-01-22T21:01:21.872Z	31fc3c02-7cea-5bbb-bef7-622aa531e9c0	INFO	Start syncing the balance {
  transaction: {
    id: '01HMSFMKJEWAXZ349TAP0FVTRP',
    type: 'DEBIT',
    source: 'MANUAL_DEDUCTION',
    action: 'DELIVERY_DEDUCTION',
    userId: '581ac5c9-5f0e-4349-aaf4-8a1660d860f5',
    paymentBalance: 1530,
    updatePaymentBalance: true,
    metadata: '{"walletId":"wallet#581ac5c9-5f0e-4349-aaf4-8a1660d860f5","deliveryId":"684ee0f3-b10d-47db-8e24-7f3a25052352","walletSk":"684ee0f3-b10d-47db-8e24-7f3a25052352"}',
    currency: 'SAR',
    amount: 90,
    vat: 0,
    oldBalance: 1620,
    newBalance: 1530
  }
}

2024-01-22T21:01:21.934Z 2024-01-22T21:01:21.934Z	31fc3c02-7cea-5bbb-bef7-622aa531e9c0	INFO	SubscriptionBalanceUpdated event published

2024-01-22T21:01:21.950Z END RequestId: 31fc3c02-7cea-5bbb-bef7-622aa531e9c0

2024-01-22T21:01:21.950Z REPORT RequestId: 31fc3c02-7cea-5bbb-bef7-622aa531e9c0	Duration: 111.26 ms	Billed Duration: 112 ms	Memory Size: 1024 MB	Max Memory Used: 105 MB	

2024-01-22T21:01:27.394Z START RequestId: f9234008-3cd8-5b81-aa7e-1e20e503795d Version: $LATEST

2024-01-22T21:01:27.427Z 2024-01-22T21:01:27.427Z	f9234008-3cd8-5b81-aa7e-1e20e503795d	INFO	Processing message efe182d3-fa87-4d02-90e6-160b23b9f72b

2024-01-22T21:01:27.435Z 2024-01-22T21:01:27.435Z	f9234008-3cd8-5b81-aa7e-1e20e503795d	INFO	Start syncing the balance {
  transaction: {
    id: '01HMSFMRZZ8ZHKC16748V8R6TE',
    type: 'DEBIT',
    source: 'MANUAL_DEDUCTION',
    action: 'DELIVERY_DEDUCTION',
    userId: '66fdf614-4615-4205-a971-69231a3ea8bc',
    paymentBalance: 1350,
    updatePaymentBalance: true,
    metadata: '{"walletId":"wallet#66fdf614-4615-4205-a971-69231a3ea8bc","deliveryId":"680b5668-f1c6-4677-93e0-8fd962e6eb82","walletSk":"680b5668-f1c6-4677-93e0-8fd962e6eb82"}',
    currency: 'SAR',
    amount: 90,
    vat: 0,
    oldBalance: 1440,
    newBalance: 1350
  }
}

2024-01-22T21:01:27.489Z 2024-01-22T21:01:27.489Z	f9234008-3cd8-5b81-aa7e-1e20e503795d	INFO	SubscriptionBalanceUpdated event published

2024-01-22T21:01:27.503Z END RequestId: f9234008-3cd8-5b81-aa7e-1e20e503795d

2024-01-22T21:01:27.503Z REPORT RequestId: f9234008-3cd8-5b81-aa7e-1e20e503795d	Duration: 109.15 ms	Billed Duration: 110 ms	Memory Size: 1024 MB	Max Memory Used: 106 MB	

2024-01-22T21:01:30.489Z START RequestId: ce339e0d-168c-592a-9540-c025cf57b346 Version: $LATEST

2024-01-22T21:01:30.524Z 2024-01-22T21:01:30.524Z	ce339e0d-168c-592a-9540-c025cf57b346	INFO	Processing message df1e4900-109c-415d-b370-9bb604eab217

2024-01-22T21:01:30.531Z 2024-01-22T21:01:30.531Z	ce339e0d-168c-592a-9540-c025cf57b346	INFO	Start syncing the balance {
  transaction: {
    id: '01HMSFMW636H2HB037M4VZBPW3',
    type: 'DEBIT',
    source: 'MANUAL_DEDUCTION',
    action: 'DELIVERY_DEDUCTION',
    userId: 'b66d065b-3a4b-4871-9d0c-99701e74c8e9',
    paymentBalance: 30810,
    updatePaymentBalance: true,
    metadata: '{"walletId":"wallet#b66d065b-3a4b-4871-9d0c-99701e74c8e9","deliveryId":"14300f49-fad5-48fd-8a08-87478b22c469","walletSk":"14300f49-fad5-48fd-8a08-87478b22c469"}',
    currency: 'SAR',
    amount: 90,
    vat: 0,
    oldBalance: 23232,
    newBalance: 23142
  }
}

2024-01-22T21:01:30.579Z 2024-01-22T21:01:30.579Z	ce339e0d-168c-592a-9540-c025cf57b346	INFO	SubscriptionBalanceUpdated event published

2024-01-22T21:01:30.595Z 2024-01-22T21:01:30.595Z	ce339e0d-168c-592a-9540-c025cf57b346	ERROR	Subscription balance and payment balance are not in sync {
  userId: 'b66d065b-3a4b-4871-9d0c-99701e74c8e9',
  subscriptionBalance: 23142,
  paymentBalance: 30810
}

2024-01-22T21:02:21.906Z START RequestId: 92d49a2c-5d32-52db-9583-c404873e10a0 Version: $LATEST

2024-01-22T21:02:21.939Z 2024-01-22T21:02:21.939Z	92d49a2c-5d32-52db-9583-c404873e10a0	INFO	Processing message c9066369-5d65-42a9-9d2e-4c44e703f4cb

2024-01-22T21:02:21.945Z 2024-01-22T21:02:21.945Z	92d49a2c-5d32-52db-9583-c404873e10a0	INFO	Start syncing the balance {
  transaction: {
    id: '01HMSFPE6GESF7A3W8XGDJ2H1D',
    type: 'DEBIT',
    source: 'MANUAL_DEDUCTION',
    action: 'DELIVERY_DEDUCTION',
    userId: '8a7f8c21-2221-472e-9be8-877a538f282e',
    paymentBalance: 9952.524,
    updatePaymentBalance: true,
    metadata: '{"walletId":"wallet#8a7f8c21-2221-472e-9be8-877a538f282e","deliveryId":"a4ab54af-279d-4020-9ae2-5ebd17ac70c9","walletSk":"a4ab54af-279d-4020-9ae2-5ebd17ac70c9"}',
    currency: 'BHD',
    amount: 9,
    vat: 0,
    oldBalance: 9961.524,
    newBalance: 9952.524
  }
}

2024-01-22T21:02:22.016Z 2024-01-22T21:02:22.016Z	92d49a2c-5d32-52db-9583-c404873e10a0	INFO	SubscriptionBalanceUpdated event published

2024-01-22T21:02:22.049Z END RequestId: 92d49a2c-5d32-52db-9583-c404873e10a0

2024-01-22T21:02:22.050Z REPORT RequestId: 92d49a2c-5d32-52db-9583-c404873e10a0	Duration: 143.39 ms	Billed Duration: 144 ms	Memory Size: 1024 MB	Max Memory Used: 117 MB	

2024-01-22T21:02:26.639Z START RequestId: 87fa931d-ebda-5da6-a897-cd3531c87c42 Version: $LATEST

2024-01-22T21:02:26.680Z 2024-01-22T21:02:26.680Z	87fa931d-ebda-5da6-a897-cd3531c87c42	INFO	Processing message 3f53d31d-a4ec-404e-995c-89a9716eb7a3

2024-01-22T21:02:26.684Z 2024-01-22T21:02:26.684Z	87fa931d-ebda-5da6-a897-cd3531c87c42	INFO	Start syncing the balance {
  transaction: {
    id: '01HMSFPJV83PVB1KZMCGZZ158Z',
    type: 'DEBIT',
    source: 'MANUAL_DEDUCTION',
    action: 'DELIVERY_DEDUCTION',
    userId: 'fe34a324-49e4-4375-a0a6-30db0ad725c0',
    paymentBalance: 187,
    updatePaymentBalance: true,
    metadata: '{"walletId":"wallet#fe34a324-49e4-4375-a0a6-30db0ad725c0","deliveryId":"3eed8a80-43e8-4b5b-8991-d9927cac0d25","walletSk":"3eed8a80-43e8-4b5b-8991-d9927cac0d25"}',
    currency: 'BHD',
    amount: 9,
    vat: 0,
    oldBalance: 196,
    newBalance: 187
  }
}

2024-01-22T21:02:26.729Z 2024-01-22T21:02:26.729Z	87fa931d-ebda-5da6-a897-cd3531c87c42	INFO	SubscriptionBalanceUpdated event published

2024-01-22T21:02:26.742Z END RequestId: 87fa931d-ebda-5da6-a897-cd3531c87c42

2024-01-22T21:02:26.742Z REPORT RequestId: 87fa931d-ebda-5da6-a897-cd3531c87c42	Duration: 102.79 ms	Billed Duration: 103 ms	Memory Size: 1024 MB	Max Memory Used: 117 MB	

2024-01-22T21:02:11.746Z START RequestId: e5ed3b9e-8675-54df-9448-65b65c76aeb3 Version: $LATEST

2024-01-22T21:02:11.781Z 2024-01-22T21:02:11.781Z	e5ed3b9e-8675-54df-9448-65b65c76aeb3	INFO	Processing message a0460ae6-58b6-4d97-878d-adb207cd8823

2024-01-22T21:02:11.787Z 2024-01-22T21:02:11.787Z	e5ed3b9e-8675-54df-9448-65b65c76aeb3	INFO	Start syncing the balance {
  transaction: {
    id: '01HMSFP4BYWMXQPMZ3CEFMTRDH',
    type: 'DEBIT',
    source: 'MANUAL_DEDUCTION',
    action: 'DELIVERY_DEDUCTION',
    userId: '65fb8468-ab23-484c-ab82-2b2cac056643',
    paymentBalance: 82.5,
    updatePaymentBalance: true,
    metadata: '{"walletId":"wallet#65fb8468-ab23-484c-ab82-2b2cac056643","deliveryId":"1f513176-38b2-48b4-bb8c-d3899e27a026","walletSk":"1f513176-38b2-48b4-bb8c-d3899e27a026"}',
    currency: 'KWD',
    amount: 7.5,
    vat: 0,
    oldBalance: 90,
    newBalance: 82.5
  }
}

2024-01-22T21:02:11.861Z 2024-01-22T21:02:11.861Z	e5ed3b9e-8675-54df-9448-65b65c76aeb3	INFO	SubscriptionBalanceUpdated event published

2024-01-22T21:02:11.899Z END RequestId: e5ed3b9e-8675-54df-9448-65b65c76aeb3

2024-01-22T21:02:11.899Z REPORT RequestId: e5ed3b9e-8675-54df-9448-65b65c76aeb3	Duration: 152.66 ms	Billed Duration: 153 ms	Memory Size: 1024 MB	Max Memory Used: 117 MB	

2024-01-22T21:02:12.858Z START RequestId: 2ef86198-b76b-5785-a5aa-3fb06d68ed2b Version: $LATEST

2024-01-22T21:02:12.889Z 2024-01-22T21:02:12.889Z	2ef86198-b76b-5785-a5aa-3fb06d68ed2b	INFO	Processing message 4df0f4e5-cc79-4c34-9f69-3d9d1adbf443

2024-01-22T21:02:12.896Z 2024-01-22T21:02:12.896Z	2ef86198-b76b-5785-a5aa-3fb06d68ed2b	INFO	Start syncing the balance {
  transaction: {
    id: '01HMSFP5BMNSYYTMCZ8Y102D26',
    type: 'DEBIT',
    source: 'MANUAL_DEDUCTION',
    action: 'DELIVERY_DEDUCTION',
    userId: '7f1aba25-1b61-46fe-b01d-d91ad61d4deb',
    paymentBalance: 990,
    updatePaymentBalance: true,
    metadata: '{"walletId":"wallet#7f1aba25-1b61-46fe-b01d-d91ad61d4deb","deliveryId":"64598cb0-9f3f-49d0-86e0-9c78b5a08ebd","walletSk":"64598cb0-9f3f-49d0-86e0-9c78b5a08ebd"}',
    currency: 'SAR',
    amount: 90,
    vat: 0,
    oldBalance: 1080,
    newBalance: 990
  }
}

2024-01-22T21:02:12.940Z 2024-01-22T21:02:12.940Z	2ef86198-b76b-5785-a5aa-3fb06d68ed2b	INFO	SubscriptionBalanceUpdated event published

2024-01-22T21:02:12.953Z END RequestId: 2ef86198-b76b-5785-a5aa-3fb06d68ed2b

2024-01-22T21:02:12.953Z REPORT RequestId: 2ef86198-b76b-5785-a5aa-3fb06d68ed2b	Duration: 95.32 ms	Billed Duration: 96 ms	Memory Size: 1024 MB	Max Memory Used: 117 MB	

2024-01-22T21:02:13.612Z START RequestId: b583d983-35d5-5c55-af9f-87abefd2ce89 Version: $LATEST

2024-01-22T21:02:13.642Z 2024-01-22T21:02:13.642Z	b583d983-35d5-5c55-af9f-87abefd2ce89	INFO	Processing message 17bbe714-04af-4445-a5e8-62ef0aa62a69

2024-01-22T21:02:13.648Z 2024-01-22T21:02:13.648Z	b583d983-35d5-5c55-af9f-87abefd2ce89	INFO	Start syncing the balance {
  transaction: {
    id: '01HMSFP6AN32YQBJHS2C9571Q4',
    type: 'DEBIT',
    source: 'MANUAL_DEDUCTION',
    action: 'DELIVERY_DEDUCTION',
    userId: 'b7a2c1ee-9a46-4e58-aa9e-b5844eb18752',
    paymentBalance: 1099,
    updatePaymentBalance: true,
    metadata: '{"walletId":"wallet#b7a2c1ee-9a46-4e58-aa9e-b5844eb18752","deliveryId":"5dd99b6e-516d-49ff-a225-54cab1a9cbbd","walletSk":"5dd99b6e-516d-49ff-a225-54cab1a9cbbd"}',
    currency: 'SAR',
    amount: 90,
    vat: 0,
    oldBalance: 1189,
    newBalance: 1099
  }
}

2024-01-22T21:02:13.698Z 2024-01-22T21:02:13.698Z	b583d983-35d5-5c55-af9f-87abefd2ce89	INFO	SubscriptionBalanceUpdated event published

2024-01-22T21:02:13.713Z END RequestId: b583d983-35d5-5c55-af9f-87abefd2ce89

2024-01-22T21:02:13.713Z REPORT RequestId: b583d983-35d5-5c55-af9f-87abefd2ce89	Duration: 100.37 ms	Billed Duration: 101 ms	Memory Size: 1024 MB	Max Memory Used: 117 MB	

